#
# There is insufficient memory for the Java Runtime Environment to continue.
# Native memory allocation (malloc) failed to allocate 52096 bytes for Chunk::new
# Possible reasons:
#   The system is out of physical RAM or swap space
#   In 32 bit mode, the process size limit was hit
# Possible solutions:
#   Reduce memory load on the system
#   Increase physical memory or swap space
#   Check if swap backing store is full
#   Use 64 bit Java on a 64 bit OS
#   Decrease Java heap size (-Xmx/-Xms)
#   Decrease number of Java threads
#   Decrease Java thread stack sizes (-Xss)
#   Set larger code cache with -XX:ReservedCodeCacheSize=
# This output file may be truncated or incomplete.
#
#  Out of Memory Error (allocation.cpp:390), pid=16404, tid=7224
#
# JRE version: Java(TM) SE Runtime Environment (8.0_73-b02) (build 1.8.0_73-b02)
# Java VM: Java HotSpot(TM) 64-Bit Server VM (25.73-b02 mixed mode windows-amd64 compressed oops)
# Failed to write core dump. Minidumps are not enabled by default on client versions of Windows
#

---------------  T H R E A D  ---------------

Current thread (0x00000000173ab000):  JavaThread "C2 CompilerThread0" daemon [_thread_in_native, id=7224, stack(0x00000000188a0000,0x00000000189a0000)]

Stack: [0x00000000188a0000,0x00000000189a0000]
[error occurred during error reporting (printing stack bounds), id 0xc0000005]

Native frames: (J=compiled Java code, j=interpreted, Vv=VM code, C=native code)


Current CompileTask:
C2:   1250  478       4       java.util.HashMap::getNode (148 bytes)


---------------  P R O C E S S  ---------------

Java Threads: ( => current thread )
  0x0000000018c39800 JavaThread "pool-2-thread-4" [_thread_blocked, id=8496, stack(0x00000000195a0000,0x00000000196a0000)]
  0x0000000018c38800 JavaThread "pool-2-thread-3" [_thread_blocked, id=9472, stack(0x00000000194a0000,0x00000000195a0000)]
  0x0000000018d10000 JavaThread "pool-2-thread-2" [_thread_blocked, id=9564, stack(0x00000000193a0000,0x00000000194a0000)]
  0x0000000018d0f000 JavaThread "pool-3-thread-1" [_thread_blocked, id=8452, stack(0x00000000192a0000,0x00000000193a0000)]
  0x0000000018d0e800 JavaThread "pool-2-thread-1" [_thread_in_vm, id=7968, stack(0x00000000191a0000,0x00000000192a0000)]
  0x0000000018a04800 JavaThread "Service Thread" daemon [_thread_blocked, id=7568, stack(0x0000000018fa0000,0x00000000190a0000)]
  0x00000000189f6800 JavaThread "C1 CompilerThread2" daemon [_thread_blocked, id=6840, stack(0x0000000018ea0000,0x0000000018fa0000)]
  0x00000000173ad800 JavaThread "C2 CompilerThread1" daemon [_thread_blocked, id=14156, stack(0x0000000018da0000,0x0000000018ea0000)]
=>0x00000000173ab000 JavaThread "C2 CompilerThread0" daemon [_thread_in_native, id=7224, stack(0x00000000188a0000,0x00000000189a0000)]
  0x000000001735e800 JavaThread "Attach Listener" daemon [_thread_blocked, id=7704, stack(0x00000000187a0000,0x00000000188a0000)]
  0x0000000017348000 JavaThread "Signal Dispatcher" daemon [_thread_blocked, id=14000, stack(0x00000000186a0000,0x00000000187a0000)]
  0x0000000002721800 JavaThread "Finalizer" daemon [_thread_blocked, id=20376, stack(0x00000000185a0000,0x00000000186a0000)]
  0x0000000017319000 JavaThread "Reference Handler" daemon [_thread_blocked, id=14624, stack(0x00000000184a0000,0x00000000185a0000)]
  0x0000000002631000 JavaThread "main" [_thread_blocked, id=756, stack(0x0000000002530000,0x0000000002630000)]

Other Threads:
  0x0000000017317800 VMThread [stack: 0x00000000183a0000,0x00000000184a0000] [id=15968]
  0x0000000018a67000 WatcherThread [stack: 0x00000000190a0000,0x00000000191a0000] [id=13844]

VM state:not at safepoint (normal execution)

VM Mutex/Monitor currently owned by a thread: None

Heap:
 PSYoungGen      total 38400K, used 665K [0x00000000d5580000, 0x00000000d8000000, 0x0000000100000000)
  eden space 33280K, 2% used [0x00000000d5580000,0x00000000d56266d0,0x00000000d7600000)
  from space 5120K, 0% used [0x00000000d7600000,0x00000000d7600000,0x00000000d7b00000)
  to   space 5120K, 0% used [0x00000000d7b00000,0x00000000d7b00000,0x00000000d8000000)
 ParOldGen       total 62976K, used 3603K [0x0000000080000000, 0x0000000083d80000, 0x00000000d5580000)
  object space 62976K, 5% used [0x0000000080000000,0x0000000080384e78,0x0000000083d80000)
 Metaspace       used 5569K, capacity 6514K, committed 6784K, reserved 1058816K
  class space    used 600K, capacity 618K, committed 640K, reserved 1048576K

Card table byte_map: [0x0000000011af0000,0x0000000011f00000] byte_map_base: 0x00000000116f0000

Marking Bits: (ParMarkBitMap*) 0x000000005dcb0600
 Begin Bits: [0x00000000125b0000, 0x00000000145b0000)
 End Bits:   [0x00000000145b0000, 0x00000000165b0000)

Polling page: 0x00000000001f0000

CodeCache: size=245760Kb used=2210Kb max_used=2211Kb free=243549Kb
 bounds [0x0000000002730000, 0x00000000029a0000, 0x0000000011730000]
 total_blobs=807 nmethods=536 adapters=184
 compilation: enabled

Compilation events (10 events):
Event: 1.224 Thread 0x00000000189f6800 nmethod 455 0x000000000293f390 code [0x000000000293f4e0, 0x000000000293f5f0]
Event: 1.224 Thread 0x00000000189f6800  473   !   3       com.android.dx.util.IntList::<init> (37 bytes)
Event: 1.224 Thread 0x00000000189f6800 nmethod 473 0x000000000293ecd0 code [0x000000000293ee60, 0x000000000293f208]
Event: 1.224 Thread 0x00000000189f6800  481       1       com.android.dx.rop.type.Type::getType (2 bytes)
Event: 1.224 Thread 0x00000000189f6800 nmethod 481 0x000000000293ea10 code [0x000000000293eb60, 0x000000000293ec70]
Event: 1.224 Thread 0x00000000189f6800  472       3       com.android.dx.util.LabeledList::indexOfLabel (22 bytes)
Event: 1.225 Thread 0x00000000189f6800 nmethod 472 0x000000000293e4d0 code [0x000000000293e640, 0x000000000293e928]
Event: 1.225 Thread 0x00000000189f6800  474       3       java.util.Vector::elementData (7 bytes)
Event: 1.225 Thread 0x00000000189f6800 nmethod 474 0x0000000002940f90 code [0x00000000029410e0, 0x0000000002941250]
Event: 1.225 Thread 0x00000000189f6800  483       3       java.util.BitSet::cardinality (32 bytes)

GC Heap History (0 events):
No events

Deoptimization events (1 events):
Event: 0.262 Thread 0x0000000002631000 Uncommon trap: reason=unstable_if action=reinterpret pc=0x00000000028885d4 method=java.lang.String.compareTo(Ljava/lang/String;)I @ 38

Internal exceptions (2 events):
Event: 0.035 Thread 0x0000000002631000 Exception <a 'java/lang/NoSuchMethodError': Method sun.misc.Unsafe.defineClass(Ljava/lang/String;[BII)Ljava/lang/Class; name or signature does not match> (0x00000000d5593090) thrown at [D:\re\puppet\workspace\8-2-build-windows-amd64-cygwin\jdk8u73\6086\hots·'i¢?
Event: 0.035 Thread 0x0000000002631000 Exception <a 'java/lang/NoSuchMethodError': Method sun.misc.Unsafe.prefetchRead(Ljava/lang/Object;J)V name or signature does not match> (0x00000000d5593378) thrown at [D:\re\puppet\workspace\8-2-build-windows-amd64-cygwin\jdk8u73\6086\hotspot\src\share\vm\

Events (10 events):
Event: 1.214 loading class java/io/PrintWriter
Event: 1.214 loading class java/io/PrintWriter done
Event: 1.214 loading class com/android/dx/dex/file/DebugInfoItem
Event: 1.214 loading class com/android/dx/dex/file/DebugInfoItem done
Event: 1.214 loading class com/android/dx/dex/file/MethodIdItem
Event: 1.214 loading class com/android/dx/dex/file/MethodIdItem done
Event: 1.222 loading class com/android/dx/cf/attrib/AttRuntimeInvisibleAnnotations
Event: 1.222 loading class com/android/dx/cf/attrib/AttRuntimeInvisibleAnnotations done
Event: 1.222 loading class com/android/dx/dex/file/MethodAnnotationStruct
Event: 1.222 loading class com/android/dx/dex/file/MethodAnnotationStruct done


Dynamic libraries:
0x00007ff64d3f0000 - 0x00007ff64d427000 	X:\Program Files\Java\jdk1.8.0_73\bin\java.exe
0x00007ffae65e0000 - 0x00007ffae67a1000 	X:\Windows\SYSTEM32\ntdll.dll
0x00007ffae39e0000 - 0x00007ffae3a8d000 	X:\Windows\system32\KERNEL32.DLL
0x00007ffae3420000 - 0x00007ffae3608000 	X:\Windows\system32\KERNELBASE.dll
0x00007ffae5290000 - 0x00007ffae5337000 	X:\Windows\system32\ADVAPI32.dll
0x00007ffae6300000 - 0x00007ffae639d000 	X:\Windows\system32\msvcrt.dll
0x00007ffae61d0000 - 0x00007ffae622b000 	X:\Windows\system32\sechost.dll
0x00007ffae5830000 - 0x00007ffae594c000 	X:\Windows\system32\RPCRT4.dll
0x00007ffae5950000 - 0x00007ffae5aa6000 	X:\Windows\system32\USER32.dll
0x00007ffae56a0000 - 0x00007ffae5826000 	X:\Windows\system32\GDI32.dll
0x00007ffada4a0000 - 0x00007ffada714000 	X:\Windows\WinSxS\amd64_microsoft.windows.common-controls_6595b64144ccf1df_6.0.10586.0_none_8c15ae12515e1c22\COMCTL32.dll
0x00007ffae5ab0000 - 0x00007ffae5d2d000 	X:\Windows\system32\combase.dll
0x00007ffae3330000 - 0x00007ffae339a000 	X:\Windows\system32\bcryptPrimitives.dll
0x00007ffae4ff0000 - 0x00007ffae502b000 	X:\Windows\system32\IMM32.DLL
0x000000005d3c0000 - 0x000000005d492000 	X:\Program Files\Java\jdk1.8.0_73\jre\bin\msvcr100.dll
0x000000005d4a0000 - 0x000000005dd30000 	X:\Program Files\Java\jdk1.8.0_73\jre\bin\server\jvm.dll
0x00007ffae65d0000 - 0x00007ffae65d8000 	X:\Windows\system32\PSAPI.DLL
0x00007ffad6220000 - 0x00007ffad6229000 	X:\Windows\SYSTEM32\WSOCK32.dll
0x00007ffae0ef0000 - 0x00007ffae0f13000 	X:\Windows\SYSTEM32\WINMM.dll
0x00007ffadf760000 - 0x00007ffadf76a000 	X:\Windows\SYSTEM32\VERSION.dll
0x00007ffae6160000 - 0x00007ffae61cb000 	X:\Windows\system32\WS2_32.dll
0x00007ffae0e80000 - 0x00007ffae0eac000 	X:\Windows\SYSTEM32\WINMMBASE.dll
0x00007ffae2c90000 - 0x00007ffae2cd3000 	X:\Windows\system32\cfgmgr32.dll
0x000000005d370000 - 0x000000005d37f000 	X:\Program Files\Java\jdk1.8.0_73\jre\bin\verify.dll
0x000000005d340000 - 0x000000005d369000 	X:\Program Files\Java\jdk1.8.0_73\jre\bin\java.dll
0x000000005d320000 - 0x000000005d336000 	X:\Program Files\Java\jdk1.8.0_73\jre\bin\zip.dll
0x00007ffae3a90000 - 0x00007ffae4fec000 	X:\Windows\system32\SHELL32.dll
0x00007ffae2ce0000 - 0x00007ffae3325000 	X:\Windows\system32\windows.storage.dll
0x00007ffae6460000 - 0x00007ffae64b2000 	X:\Windows\system32\shlwapi.dll
0x00007ffae2c80000 - 0x00007ffae2c8f000 	X:\Windows\system32\kernel.appcore.dll
0x00007ffae3750000 - 0x00007ffae3805000 	X:\Windows\system32\shcore.dll
0x00007ffae2c00000 - 0x00007ffae2c4b000 	X:\Windows\system32\powrprof.dll
0x00007ffae2c60000 - 0x00007ffae2c74000 	X:\Windows\system32\profapi.dll

VM Arguments:
jvm_args: -Djava.awt.headless=true -Xmx2g -Dfile.encoding=GBK -Duser.country=CN -Duser.language=zh -Duser.variant 
java_command: com.android.dx.command.Main --dex --num-threads=4 --multi-dex --output E:\Android\CalorieCounter\app\build\intermediates\transforms\dex\debug\folders\1000\10\com.android.support-support-v4-23.2.1_b3f86bb7eb2bf098389785e98df432783523f3ad E:\Android\CalorieCounter\app\build\intermediates\exploded-aar\com.android.support\support-v4\23.2.1\jars\classes.jar
java_class_path (initial): E:\QMDownload\SDK\build-tools\23.0.3\lib\dx.jar
Launcher Type: SUN_STANDARD

Environment Variables:
PATH=X:\ProgramData\Oracle\Java\javapath;X:\Windows\system32;X:\Windows;X:\Windows\System32\Wbem;X:\Windows\System32\WindowsPowerShell\v1.0\;X:\Program Files (x86)\ATI Technologies\ATI.ACE\Core-Static;D:\Program Files\MATLAB\R2013a\runtime\win64;D:\Program Files\MATLAB\R2013a\bin;X:\Program Files\Java\jdk1.8.0_73\bin;D:\Python27;X:\Program Files (x86)\MySQL\MySQL Fabric 1.5 & MySQL Utilities 1.5\;X:\Program Files (x86)\MySQL\MySQL Fabric 1.5 & MySQL Utilities 1.5\Doctrine extensions for PHP\
USERNAME=Õı…≠
OS=Windows_NT
PROCESSOR_IDENTIFIER=Intel64 Family 6 Model 60 Stepping 3, GenuineIntel



---------------  S Y S T E M  ---------------

OS: Windows 10.0 , 64 bit Build 10586 (10.0.10586.0)

CPU:total 4 (4 cores per cpu, 1 threads per core) family 6 model 60 stepping 3, cmov, cx8, fxsr, mmx, sse, sse2, sse3, ssse3, sse4.1, sse4.2, popcnt, avx, avx2, aes, clmul, erms, lzcnt, tsc, tscinvbit, bmi1, bmi2

Memory: 4k page, physical 8315044k(1717888k free), swap 8315044k(280496k free)

vm_info: Java HotSpot(TM) 64-Bit Server VM (25.73-b02) for windows-amd64 JRE (1.8.0_73-b02), built on Jan 29 2016 17:38:49 by "java_re" with MS VC++ 10.0 (VS2010)

time: Thu Apr 21 23:58:18 2016
elapsed time: 1 seconds (0d 0h 0m 1s)

