#
# There is insufficient memory for the Java Runtime Environment to continue.
# Native memory allocation (malloc) failed to allocate 32744 bytes for ChunkPool::allocate
# Possible reasons:
#   The system is out of physical RAM or swap space
#   In 32 bit mode, the process size limit was hit
# Possible solutions:
#   Reduce memory load on the system
#   Increase physical memory or swap space
#   Check if swap backing store is full
#   Use 64 bit Java on a 64 bit OS
#   Decrease Java heap size (-Xmx/-Xms)
#   Decrease number of Java threads
#   Decrease Java thread stack sizes (-Xss)
#   Set larger code cache with -XX:ReservedCodeCacheSize=
# This output file may be truncated or incomplete.
#
#  Out of Memory Error (allocation.cpp:273), pid=22516, tid=17308
#
# JRE version: Java(TM) SE Runtime Environment (8.0_73-b02) (build 1.8.0_73-b02)
# Java VM: Java HotSpot(TM) 64-Bit Server VM (25.73-b02 mixed mode windows-amd64 compressed oops)
# Failed to write core dump. Minidumps are not enabled by default on client versions of Windows
#

---------------  T H R E A D  ---------------

Current thread (0x000000001bded000):  JavaThread "C2 CompilerThread0" daemon [_thread_in_native, id=17308, stack(0x000000001d330000,0x000000001d430000)]

Stack: [0x000000001d330000,0x000000001d430000]
[error occurred during error reporting (printing stack bounds), id 0xc0000005]

Native frames: (J=compiled Java code, j=interpreted, Vv=VM code, C=native code)


Current CompileTask:
C2:    218  226       4       java.lang.String::compareTo (78 bytes)


---------------  P R O C E S S  ---------------

Java Threads: ( => current thread )
  0x000000001d5c4800 JavaThread "pool-2-thread-4" [_thread_blocked, id=700, stack(0x000000001e030000,0x000000001e130000)]
  0x000000001d5c4000 JavaThread "pool-2-thread-3" [_thread_blocked, id=20652, stack(0x000000001df30000,0x000000001e030000)]
  0x000000001d5c3000 JavaThread "pool-2-thread-2" [_thread_blocked, id=14788, stack(0x000000001de30000,0x000000001df30000)]
  0x000000001d5c0800 JavaThread "pool-3-thread-1" [_thread_in_vm, id=21992, stack(0x000000001dd30000,0x000000001de30000)]
  0x000000001d5bb000 JavaThread "pool-2-thread-1" [_thread_blocked, id=20920, stack(0x000000001dc30000,0x000000001dd30000)]
  0x000000001d49e000 JavaThread "Service Thread" daemon [_thread_blocked, id=21292, stack(0x000000001da30000,0x000000001db30000)]
  0x000000001d491800 JavaThread "C1 CompilerThread2" daemon [_thread_in_vm, id=21176, stack(0x000000001d930000,0x000000001da30000)]
  0x000000001be3c800 JavaThread "C2 CompilerThread1" daemon [_thread_blocked, id=15096, stack(0x000000001d830000,0x000000001d930000)]
=>0x000000001bded000 JavaThread "C2 CompilerThread0" daemon [_thread_in_native, id=17308, stack(0x000000001d330000,0x000000001d430000)]
  0x000000001bdea800 JavaThread "Attach Listener" daemon [_thread_blocked, id=4208, stack(0x000000001d230000,0x000000001d330000)]
  0x000000001be39800 JavaThread "Signal Dispatcher" daemon [_thread_blocked, id=11320, stack(0x000000001d130000,0x000000001d230000)]
  0x0000000002706000 JavaThread "Finalizer" daemon [_thread_blocked, id=23372, stack(0x000000001d030000,0x000000001d130000)]
  0x00000000026fd000 JavaThread "Reference Handler" daemon [_thread_blocked, id=13496, stack(0x000000001cf30000,0x000000001d030000)]
  0x0000000002611000 JavaThread "main" [_thread_blocked, id=19660, stack(0x0000000002510000,0x0000000002610000)]

Other Threads:
  0x000000001bda8000 VMThread [stack: 0x000000001ce30000,0x000000001cf30000] [id=13280]
  0x000000001d4dd000 WatcherThread [stack: 0x000000001db30000,0x000000001dc30000] [id=15092]

VM state:not at safepoint (normal execution)

VM Mutex/Monitor currently owned by a thread: None

Heap:
 PSYoungGen      total 38400K, used 8655K [0x000000076ab00000, 0x000000076d580000, 0x00000007c0000000)
  eden space 33280K, 26% used [0x000000076ab00000,0x000000076b373fd8,0x000000076cb80000)
  from space 5120K, 0% used [0x000000076d080000,0x000000076d080000,0x000000076d580000)
  to   space 5120K, 0% used [0x000000076cb80000,0x000000076cb80000,0x000000076d080000)
 ParOldGen       total 87552K, used 0K [0x00000006c0000000, 0x00000006c5580000, 0x000000076ab00000)
  object space 87552K, 0% used [0x00000006c0000000,0x00000006c0000000,0x00000006c5580000)
 Metaspace       used 4141K, capacity 5232K, committed 5376K, reserved 1056768K
  class space    used 464K, capacity 488K, committed 512K, reserved 1048576K

Card table byte_map: [0x0000000011ad0000,0x00000000122e0000] byte_map_base: 0x000000000e4d0000

Marking Bits: (ParMarkBitMap*) 0x0000000064400600
 Begin Bits: [0x0000000012c40000, 0x0000000016c40000)
 End Bits:   [0x0000000016c40000, 0x000000001ac40000)

Polling page: 0x00000000001f0000

CodeCache: size=245760Kb used=1542Kb max_used=1542Kb free=244217Kb
 bounds [0x0000000002710000, 0x0000000002980000, 0x0000000011710000]
 total_blobs=474 nmethods=217 adapters=170
 compilation: enabled

Compilation events (10 events):
Event: 0.214 Thread 0x000000001d491800 nmethod 211 0x0000000002881d10 code [0x0000000002881ec0, 0x0000000002882348]
Event: 0.214 Thread 0x000000001d491800  213       3       java.util.jar.Attributes$Name::hashCode (24 bytes)
Event: 0.215 Thread 0x000000001d491800 nmethod 213 0x000000000287f350 code [0x000000000287f4c0, 0x000000000287f6a8]
Event: 0.215 Thread 0x000000001d491800  216   !   3       com.android.dx.rop.cst.StdConstantPool::get (24 bytes)
Event: 0.215 Thread 0x000000001d491800 nmethod 216 0x0000000002882510 code [0x00000000028827a0, 0x0000000002883838]
Event: 0.215 Thread 0x000000001d491800  215       3       com.android.dx.rop.cst.Constant::compareTo (9 bytes)
Event: 0.215 Thread 0x000000001d491800 nmethod 215 0x0000000002884390 code [0x0000000002884560, 0x0000000002884e78]
Event: 0.215 Thread 0x000000001d491800  217   !   3       com.android.dx.cf.cst.ConstantPoolParser::parse0 (731 bytes)
Event: 0.215 Thread 0x000000001bded000  226       4       java.lang.String::compareTo (78 bytes)
Event: 0.216 Thread 0x000000001be3c800  227       4       java.lang.String::startsWith (7 bytes)

GC Heap History (0 events):
No events

Deoptimization events (0 events):
No events

Internal exceptions (2 events):
Event: 0.028 Thread 0x0000000002611000 Exception <a 'java/lang/NoSuchMethodError': Method sun.misc.Unsafe.defineClass(Ljava/lang/String;[BII)Ljava/lang/Class; name or signature does not match> (0x000000076ab12f58) thrown at [D:\re\puppet\workspace\8-2-build-windows-amd64-cygwin\jdk8u73\6086\hotÈ;aÌΩ7ù?
Event: 0.029 Thread 0x0000000002611000 Exception <a 'java/lang/NoSuchMethodError': Method sun.misc.Unsafe.prefetchRead(Ljava/lang/Object;J)V name or signature does not match> (0x000000076ab13240) thrown at [D:\re\puppet\workspace\8-2-build-windows-amd64-cygwin\jdk8u73\6086\hotspot\src\share\vm\

Events (10 events):
Event: 0.214 loading class com/android/dx/dex/file/EncodedMethod
Event: 0.214 loading class com/android/dx/dex/file/EncodedMethod done
Event: 0.214 loading class com/android/dx/dex/file/EncodedMember
Event: 0.214 loading class com/android/dx/dex/file/EncodedMember done
Event: 0.214 loading class com/android/dx/dex/file/CodeItem
Event: 0.214 loading class com/android/dx/dex/file/CodeItem done
Event: 0.215 loading class com/android/dx/rop/annotation/AnnotationsList
Event: 0.215 loading class com/android/dx/rop/annotation/AnnotationsList done
Event: 0.215 loading class com/android/dx/dex/file/MethodIdItem
Event: 0.215 loading class com/android/dx/dex/file/MethodIdItem done


Dynamic libraries:
0x00007ff79cf10000 - 0x00007ff79cf47000 	X:\Program Files\Java\jdk1.8.0_73\bin\java.exe
0x00007ffa94180000 - 0x00007ffa94341000 	X:\Windows\SYSTEM32\ntdll.dll
0x00007ffa91d90000 - 0x00007ffa91e3d000 	X:\Windows\system32\KERNEL32.DLL
0x00007ffa90ba0000 - 0x00007ffa90d88000 	X:\Windows\system32\KERNELBASE.dll
0x00007ffa91e40000 - 0x00007ffa91ee7000 	X:\Windows\system32\ADVAPI32.dll
0x00007ffa91af0000 - 0x00007ffa91b8d000 	X:\Windows\system32\msvcrt.dll
0x00007ffa91840000 - 0x00007ffa9189b000 	X:\Windows\system32\sechost.dll
0x00007ffa91580000 - 0x00007ffa9169c000 	X:\Windows\system32\RPCRT4.dll
0x00007ffa93ad0000 - 0x00007ffa93c26000 	X:\Windows\system32\USER32.dll
0x00007ffa91c00000 - 0x00007ffa91d86000 	X:\Windows\system32\GDI32.dll
0x00007ffa89e50000 - 0x00007ffa8a0c4000 	X:\Windows\WinSxS\amd64_microsoft.windows.common-controls_6595b64144ccf1df_6.0.10586.0_none_8c15ae12515e1c22\COMCTL32.dll
0x00007ffa92100000 - 0x00007ffa9237d000 	X:\Windows\system32\combase.dll
0x00007ffa90b30000 - 0x00007ffa90b9a000 	X:\Windows\system32\bcryptPrimitives.dll
0x00007ffa92380000 - 0x00007ffa923bb000 	X:\Windows\system32\IMM32.DLL
0x0000000063b10000 - 0x0000000063be2000 	X:\Program Files\Java\jdk1.8.0_73\jre\bin\msvcr100.dll
0x0000000063bf0000 - 0x0000000064480000 	X:\Program Files\Java\jdk1.8.0_73\jre\bin\server\jvm.dll
0x00007ffa918a0000 - 0x00007ffa918a8000 	X:\Windows\system32\PSAPI.DLL
0x00007ffa8b570000 - 0x00007ffa8b579000 	X:\Windows\SYSTEM32\WSOCK32.dll
0x00007ffa8e890000 - 0x00007ffa8e8b3000 	X:\Windows\SYSTEM32\WINMM.dll
0x00007ffa8d5f0000 - 0x00007ffa8d5fa000 	X:\Windows\SYSTEM32\VERSION.dll
0x00007ffa916a0000 - 0x00007ffa9170b000 	X:\Windows\system32\WS2_32.dll
0x00007ffa8e5b0000 - 0x00007ffa8e5dc000 	X:\Windows\SYSTEM32\WINMMBASE.dll
0x00007ffa90910000 - 0x00007ffa90953000 	X:\Windows\system32\cfgmgr32.dll
0x0000000064a90000 - 0x0000000064a9f000 	X:\Program Files\Java\jdk1.8.0_73\jre\bin\verify.dll
0x0000000063aa0000 - 0x0000000063ac9000 	X:\Program Files\Java\jdk1.8.0_73\jre\bin\java.dll
0x0000000063a80000 - 0x0000000063a96000 	X:\Program Files\Java\jdk1.8.0_73\jre\bin\zip.dll
0x00007ffa92570000 - 0x00007ffa93acc000 	X:\Windows\system32\SHELL32.dll
0x00007ffa90d90000 - 0x00007ffa913d5000 	X:\Windows\system32\windows.storage.dll
0x00007ffa91a70000 - 0x00007ffa91ac2000 	X:\Windows\system32\shlwapi.dll
0x00007ffa907d0000 - 0x00007ffa907df000 	X:\Windows\system32\kernel.appcore.dll
0x00007ffa90830000 - 0x00007ffa908e5000 	X:\Windows\system32\shcore.dll
0x00007ffa907e0000 - 0x00007ffa9082b000 	X:\Windows\system32\powrprof.dll
0x00007ffa907b0000 - 0x00007ffa907c4000 	X:\Windows\system32\profapi.dll

VM Arguments:
jvm_args: -Djava.awt.headless=true -Xmx4g -Dfile.encoding=GBK -Duser.country=CN -Duser.language=zh -Duser.variant 
java_command: com.android.dx.command.Main --dex --num-threads=4 --multi-dex --output E:\Android\CalorieCounter\app\build\intermediates\transforms\dex\debug\folders\1000\10\support-annotations-23.2.1_2e6423b2a1aa708300021fd06c6d392603913234 E:\QMDownload\SDK\extras\android\m2repository\com\android\support\support-annotations\23.2.1\support-annotations-23.2.1.jar
java_class_path (initial): E:\QMDownload\SDK\build-tools\23.0.3\lib\dx.jar
Launcher Type: SUN_STANDARD

Environment Variables:
PATH=X:\ProgramData\Oracle\Java\javapath;X:\Windows\system32;X:\Windows;X:\Windows\System32\Wbem;X:\Windows\System32\WindowsPowerShell\v1.0\;X:\Program Files (x86)\ATI Technologies\ATI.ACE\Core-Static;D:\Program Files\MATLAB\R2013a\runtime\win64;D:\Program Files\MATLAB\R2013a\bin;X:\Program Files\Java\jdk1.8.0_73\bin;D:\Python27;X:\Program Files (x86)\MySQL\MySQL Fabric 1.5 & MySQL Utilities 1.5\;X:\Program Files (x86)\MySQL\MySQL Fabric 1.5 & MySQL Utilities 1.5\Doctrine extensions for PHP\
USERNAME=Õı…≠
OS=Windows_NT
PROCESSOR_IDENTIFIER=Intel64 Family 6 Model 60 Stepping 3, GenuineIntel



---------------  S Y S T E M  ---------------

OS: Windows 10.0 , 64 bit Build 10586 (10.0.10586.0)

CPU:total 4 (4 cores per cpu, 1 threads per core) family 6 model 60 stepping 3, cmov, cx8, fxsr, mmx, sse, sse2, sse3, ssse3, sse4.1, sse4.2, popcnt, avx, avx2, aes, clmul, erms, lzcnt, tsc, tscinvbit, bmi1, bmi2

Memory: 4k page, physical 8315044k(2146904k free), swap 8315044k(5136k free)

vm_info: Java HotSpot(TM) 64-Bit Server VM (25.73-b02) for windows-amd64 JRE (1.8.0_73-b02), built on Jan 29 2016 17:38:49 by "java_re" with MS VC++ 10.0 (VS2010)

time: Thu Apr 21 21:11:40 2016
elapsed time: 0 seconds (0d 0h 0m 0s)

