#
# There is insufficient memory for the Java Runtime Environment to continue.
# Native memory allocation (malloc) failed to allocate 97792 bytes for Chunk::new
# Possible reasons:
#   The system is out of physical RAM or swap space
#   In 32 bit mode, the process size limit was hit
# Possible solutions:
#   Reduce memory load on the system
#   Increase physical memory or swap space
#   Check if swap backing store is full
#   Use 64 bit Java on a 64 bit OS
#   Decrease Java heap size (-Xmx/-Xms)
#   Decrease number of Java threads
#   Decrease Java thread stack sizes (-Xss)
#   Set larger code cache with -XX:ReservedCodeCacheSize=
# This output file may be truncated or incomplete.
#
#  Out of Memory Error (allocation.cpp:390), pid=11140, tid=8952
#
# JRE version: Java(TM) SE Runtime Environment (8.0_73-b02) (build 1.8.0_73-b02)
# Java VM: Java HotSpot(TM) 64-Bit Server VM (25.73-b02 mixed mode windows-amd64 compressed oops)
# Failed to write core dump. Minidumps are not enabled by default on client versions of Windows
#

---------------  T H R E A D  ---------------

Current thread (0x000000001733a000):  JavaThread "C2 CompilerThread0" daemon [_thread_in_native, id=8952, stack(0x0000000018840000,0x0000000018940000)]

Stack: [0x0000000018840000,0x0000000018940000]
[error occurred during error reporting (printing stack bounds), id 0xc0000005]

Native frames: (J=compiled Java code, j=interpreted, Vv=VM code, C=native code)


Current CompileTask:
C2:   1595 1732       4       com.android.dx.rop.code.LocalVariableExtractor::processBlock (327 bytes)


---------------  P R O C E S S  ---------------

Java Threads: ( => current thread )
  0x0000000018bf2000 JavaThread "pool-1-thread-1" [_thread_new, id=948, stack(0x0000000000000000,0x0000000000000000)]
  0x00000000189aa800 JavaThread "Service Thread" daemon [_thread_blocked, id=5352, stack(0x0000000018f40000,0x0000000019040000)]
  0x000000001899a000 JavaThread "C1 CompilerThread2" daemon [_thread_blocked, id=6468, stack(0x0000000018e40000,0x0000000018f40000)]
  0x000000001733d000 JavaThread "C2 CompilerThread1" daemon [_thread_in_native, id=6840, stack(0x0000000018d40000,0x0000000018e40000)]
=>0x000000001733a000 JavaThread "C2 CompilerThread0" daemon [_thread_in_native, id=8952, stack(0x0000000018840000,0x0000000018940000)]
  0x00000000172ee800 JavaThread "Attach Listener" daemon [_thread_blocked, id=3980, stack(0x0000000018740000,0x0000000018840000)]
  0x00000000172d8800 JavaThread "Signal Dispatcher" daemon [_thread_blocked, id=7876, stack(0x0000000018640000,0x0000000018740000)]
  0x00000000026b7800 JavaThread "Finalizer" daemon [_thread_blocked, id=1364, stack(0x0000000018540000,0x0000000018640000)]
  0x00000000026af800 JavaThread "Reference Handler" daemon [_thread_blocked, id=4596, stack(0x0000000018440000,0x0000000018540000)]
  0x00000000025c0800 JavaThread "main" [_thread_blocked, id=10468, stack(0x0000000002470000,0x0000000002570000)]

Other Threads:
  0x00000000172a7800 VMThread [stack: 0x0000000018340000,0x0000000018440000] [id=8732]
  0x0000000018a16000 WatcherThread [stack: 0x0000000019040000,0x0000000019140000] [id=600]

VM state:not at safepoint (normal execution)

VM Mutex/Monitor currently owned by a thread: None

Heap:
 PSYoungGen      total 71680K, used 18402K [0x00000000d5580000, 0x00000000da080000, 0x0000000100000000)
  eden space 66560K, 19% used [0x00000000d5580000,0x00000000d627e980,0x00000000d9680000)
  from space 5120K, 99% used [0x00000000d9680000,0x00000000d9b7a060,0x00000000d9b80000)
  to   space 5120K, 0% used [0x00000000d9b80000,0x00000000d9b80000,0x00000000da080000)
 ParOldGen       total 87552K, used 15617K [0x0000000080000000, 0x0000000085580000, 0x00000000d5580000)
  object space 87552K, 17% used [0x0000000080000000,0x0000000080f40568,0x0000000085580000)
 Metaspace       used 6322K, capacity 7158K, committed 7296K, reserved 1056768K
  class space    used 609K, capacity 622K, committed 640K, reserved 1048576K

Card table byte_map: [0x0000000011a80000,0x0000000011e90000] byte_map_base: 0x0000000011680000

Marking Bits: (ParMarkBitMap*) 0x00000000649e0600
 Begin Bits: [0x0000000012540000, 0x0000000014540000)
 End Bits:   [0x0000000014540000, 0x0000000016540000)

Polling page: 0x00000000001f0000

CodeCache: size=245760Kb used=6875Kb max_used=6875Kb free=238884Kb
 bounds [0x00000000026c0000, 0x0000000002d80000, 0x00000000116c0000]
 total_blobs=1988 nmethods=1717 adapters=184
 compilation: enabled

Compilation events (10 events):
Event: 1.576 Thread 0x000000001899a000 1747       3       com.android.dx.ssa.LocalVariableExtractor::processBlock (383 bytes)
Event: 1.579 Thread 0x000000001899a000 nmethod 1747 0x0000000002d74e50 code [0x0000000002d75340, 0x0000000002d78b18]
Event: 1.579 Thread 0x000000001899a000 1748       2       java.util.concurrent.locks.LockSupport::park (23 bytes)
Event: 1.579 Thread 0x000000001899a000 nmethod 1748 0x0000000002d68e10 code [0x0000000002d68f80, 0x0000000002d69168]
Event: 1.579 Thread 0x000000001899a000 1750       2       java.util.concurrent.locks.LockSupport::unpark (12 bytes)
Event: 1.579 Thread 0x000000001899a000 nmethod 1750 0x0000000002d68a90 code [0x0000000002d68c00, 0x0000000002d68d68]
Event: 1.579 Thread 0x000000001899a000 1751       2       java.util.concurrent.FutureTask::get (23 bytes)
Event: 1.579 Thread 0x000000001899a000 nmethod 1751 0x0000000002d7b750 code [0x0000000002d7b8c0, 0x0000000002d7ba78]
Event: 1.579 Thread 0x000000001899a000 1752       2       java.util.concurrent.FutureTask::report (37 bytes)
Event: 1.579 Thread 0x000000001899a000 nmethod 1752 0x0000000002d7bb50 code [0x0000000002d7bce0, 0x0000000002d7bf98]

GC Heap History (6 events):
Event: 0.568 GC heap before
{Heap before GC invocations=1 (full 0):
 PSYoungGen      total 38400K, used 33280K [0x00000000d5580000, 0x00000000d8000000, 0x0000000100000000)
  eden space 33280K, 100% used [0x00000000d5580000,0x00000000d7600000,0x00000000d7600000)
  from space 5120K, 0% used [0x00000000d7b00000,0x00000000d7b00000,0x00000000d8000000)
  to   space 5120K, 0% used [0x00000000d7600000,0x00000000d7600000,0x00000000d7b00000)
 ParOldGen       total 87552K, used 0K [0x0000000080000000, 0x0000000085580000, 0x00000000d5580000)
  object space 87552K, 0% used [0x0000000080000000,0x0000000080000000,0x0000000085580000)
 Metaspace       used 5984K, capacity 6900K, committed 7040K, reserved 1056768K
  class space    used 604K, capacity 620K, committed 640K, reserved 1048576K
Event: 0.722 GC heap after
Heap after GC invocations=1 (full 0):
 PSYoungGen      total 38400K, used 5088K [0x00000000d5580000, 0x00000000da080000, 0x0000000100000000)
  eden space 33280K, 0% used [0x00000000d5580000,0x00000000d5580000,0x00000000d7600000)
  from space 5120K, 99% used [0x00000000d7600000,0x00000000d7af80e8,0x00000000d7b00000)
  to   space 5120K, 0% used [0x00000000d9b80000,0x00000000d9b80000,0x00000000da080000)
 ParOldGen       total 87552K, used 1393K [0x0000000080000000, 0x0000000085580000, 0x00000000d5580000)
  object space 87552K, 1% used [0x0000000080000000,0x000000008015c738,0x0000000085580000)
 Metaspace       used 5984K, capacity 6900K, committed 7040K, reserved 1056768K
  class space    used 604K, capacity 620K, committed 640K, reserved 1048576K
}
Event: 1.135 GC heap before
{Heap before GC invocations=2 (full 0):
 PSYoungGen      total 38400K, used 38368K [0x00000000d5580000, 0x00000000da080000, 0x0000000100000000)
  eden space 33280K, 100% used [0x00000000d5580000,0x00000000d7600000,0x00000000d7600000)
  from space 5120K, 99% used [0x00000000d7600000,0x00000000d7af80e8,0x00000000d7b00000)
  to   space 5120K, 0% used [0x00000000d9b80000,0x00000000d9b80000,0x00000000da080000)
 ParOldGen       total 87552K, used 1393K [0x0000000080000000, 0x0000000085580000, 0x00000000d5580000)
  object space 87552K, 1% used [0x0000000080000000,0x000000008015c738,0x0000000085580000)
 Metaspace       used 6180K, capacity 7028K, committed 7296K, reserved 1056768K
  class space    used 606K, capacity 620K, committed 640K, reserved 1048576K
Event: 1.144 GC heap after
Heap after GC invocations=2 (full 0):
 PSYoungGen      total 71680K, used 5102K [0x00000000d5580000, 0x00000000da080000, 0x0000000100000000)
  eden space 66560K, 0% used [0x00000000d5580000,0x00000000d5580000,0x00000000d9680000)
  from space 5120K, 99% used [0x00000000d9b80000,0x00000000da07b900,0x00000000da080000)
  to   space 5120K, 0% used [0x00000000d9680000,0x00000000d9680000,0x00000000d9b80000)
 ParOldGen       total 87552K, used 5809K [0x0000000080000000, 0x0000000085580000, 0x00000000d5580000)
  object space 87552K, 6% used [0x0000000080000000,0x00000000805ac5c8,0x0000000085580000)
 Metaspace       used 6180K, capacity 7028K, committed 7296K, reserved 1056768K
  class space    used 606K, capacity 620K, committed 640K, reserved 1048576K
}
Event: 1.514 GC heap before
{Heap before GC invocations=3 (full 0):
 PSYoungGen      total 71680K, used 71662K [0x00000000d5580000, 0x00000000da080000, 0x0000000100000000)
  eden space 66560K, 100% used [0x00000000d5580000,0x00000000d9680000,0x00000000d9680000)
  from space 5120K, 99% used [0x00000000d9b80000,0x00000000da07b900,0x00000000da080000)
  to   space 5120K, 0% used [0x00000000d9680000,0x00000000d9680000,0x00000000d9b80000)
 ParOldGen       total 87552K, used 5809K [0x0000000080000000, 0x0000000085580000, 0x00000000d5580000)
  object space 87552K, 6% used [0x0000000080000000,0x00000000805ac5c8,0x0000000085580000)
 Metaspace       used 6304K, capacity 7156K, committed 7296K, reserved 1056768K
  class space    used 607K, capacity 620K, committed 640K, reserved 1048576K
Event: 1.542 GC heap after
Heap after GC invocations=3 (full 0):
 PSYoungGen      total 71680K, used 5096K [0x00000000d5580000, 0x00000000da080000, 0x0000000100000000)
  eden space 66560K, 0% used [0x00000000d5580000,0x00000000d5580000,0x00000000d9680000)
  from space 5120K, 99% used [0x00000000d9680000,0x00000000d9b7a060,0x00000000d9b80000)
  to   space 5120K, 0% used [0x00000000d9b80000,0x00000000d9b80000,0x00000000da080000)
 ParOldGen       total 87552K, used 15617K [0x0000000080000000, 0x0000000085580000, 0x00000000d5580000)
  object space 87552K, 17% used [0x0000000080000000,0x0000000080f40568,0x0000000085580000)
 Metaspace       used 6304K, capacity 7156K, committed 7296K, reserved 1056768K
  class space    used 607K, capacity 620K, committed 640K, reserved 1048576K
}

Deoptimization events (10 events):
Event: 0.867 Thread 0x0000000018bfa800 Uncommon trap: reason=bimorphic action=maybe_recompile pc=0x0000000002c3455c method=java.util.HashMap.getNode(ILjava/lang/Object;)Ljava/util/HashMap$Node; @ 126
Event: 0.867 Thread 0x0000000018bfa800 Uncommon trap: reason=class_check action=maybe_recompile pc=0x0000000002b07740 method=java.util.HashMap.putVal(ILjava/lang/Object;Ljava/lang/Object;ZZ)Ljava/lang/Object; @ 203
Event: 0.867 Thread 0x0000000018bfa800 Uncommon trap: reason=bimorphic action=maybe_recompile pc=0x0000000002c3455c method=java.util.HashMap.getNode(ILjava/lang/Object;)Ljava/util/HashMap$Node; @ 126
Event: 0.883 Thread 0x0000000018c24800 Uncommon trap: reason=bimorphic action=maybe_recompile pc=0x0000000002c508d8 method=com.android.dx.cf.code.BytecodeArray.parseInstruction(ILcom/android/dx/cf/code/BytecodeArray$Visitor;)I @ 939
Event: 0.883 Thread 0x0000000018c24800 Uncommon trap: reason=bimorphic action=maybe_recompile pc=0x0000000002c508d8 method=com.android.dx.cf.code.BytecodeArray.parseInstruction(ILcom/android/dx/cf/code/BytecodeArray$Visitor;)I @ 939
Event: 0.899 Thread 0x0000000018c24800 Uncommon trap: reason=unstable_if action=reinterpret pc=0x0000000002c53240 method=com.android.dx.cf.code.ByteCatchList.listFor(I)Lcom/android/dx/cf/code/ByteCatchList; @ 19
Event: 1.212 Thread 0x0000000018bfa800 Uncommon trap: reason=null_check action=make_not_entrant pc=0x000000000296f2a8 method=com.android.dx.ssa.SsaRenamer.getLocalForNewReg(I)Lcom/android/dx/rop/code/LocalItem; @ 19
Event: 1.226 Thread 0x0000000018bfa800 Uncommon trap: reason=unstable_if action=reinterpret pc=0x0000000002c2226c method=com.android.dx.ssa.SCCP.simulateStmt(Lcom/android/dx/ssa/SsaInsn;)V @ 59
Event: 1.231 Thread 0x0000000018bfa800 Uncommon trap: reason=class_check action=maybe_recompile pc=0x0000000002b0c864 method=java.util.HashMap.putVal(ILjava/lang/Object;Ljava/lang/Object;ZZ)Ljava/lang/Object; @ 203
Event: 1.312 Thread 0x0000000018bfa800 Uncommon trap: reason=unstable_if action=reinterpret pc=0x0000000002d07508 method=com.android.dx.rop.code.LocalItem.compareHandlesNulls(Lcom/android/dx/rop/cst/CstString;Lcom/android/dx/rop/cst/CstString;)I @ 14

Internal exceptions (6 events):
Event: 0.031 Thread 0x00000000025c0800 Exception <a 'java/lang/NoSuchMethodError': Method sun.misc.Unsafe.defineClass(Ljava/lang/String;[BII)Ljava/lang/Class; name or signature does not match> (0x00000000d5593090) thrown at [D:\re\puppet\workspace\8-2-build-windows-amd64-cygwin\jdk8u73\6086\hot~K¨4—ü?
Event: 0.031 Thread 0x00000000025c0800 Exception <a 'java/lang/NoSuchMethodError': Method sun.misc.Unsafe.prefetchRead(Ljava/lang/Object;J)V name or signature does not match> (0x00000000d5593378) thrown at [D:\re\puppet\workspace\8-2-build-windows-amd64-cygwin\jdk8u73\6086\hotspot\src\share\vm\ûDÈ “‚?
Event: 0.563 Thread 0x0000000018bf9800 Implicit null exception at 0x0000000002ae90a2 to 0x0000000002ae919a
Event: 0.807 Thread 0x0000000018bfa800 Implicit null exception at 0x00000000029afa28 to 0x00000000029b1c9d
Event: 1.212 Thread 0x0000000018bfa800 Implicit null exception at 0x000000000296da2d to 0x000000000296f289
Event: 1.312 Thread 0x0000000018bfa800 Implicit null exception at 0x0000000002d05977 to 0x0000000002d074c9

Events (10 events):
Event: 1.577 loading class java/util/HashMap$KeyIterator
Event: 1.577 loading class java/util/HashMap$KeyIterator done
Event: 1.578 Thread 0x0000000018bfe800 Thread exited: 0x0000000018bfe800
Event: 1.579 Thread 0x0000000018bf9800 Thread exited: 0x0000000018bf9800
Event: 1.579 Thread 0x0000000018bfa800 Thread exited: 0x0000000018bfa800
Event: 1.579 Thread 0x0000000018c24800 Thread exited: 0x0000000018c24800
Event: 1.579 Thread 0x0000000018bf2000 Thread exited: 0x0000000018bf2000
Event: 1.579 loading class com/android/dx/command/dexer/Main$DexWriter
Event: 1.579 loading class com/android/dx/command/dexer/Main$DexWriter done
Event: 1.579 Thread 0x0000000018bf2000 Thread added: 0x0000000018bf2000


Dynamic libraries:
0x00007ff6ce000000 - 0x00007ff6ce037000 	X:\Program Files\Java\jdk1.8.0_73\bin\java.exe
0x00007ff8b34b0000 - 0x00007ff8b3671000 	X:\Windows\SYSTEM32\ntdll.dll
0x00007ff8b2f30000 - 0x00007ff8b2fdd000 	X:\Windows\system32\KERNEL32.DLL
0x00007ff8b0330000 - 0x00007ff8b0518000 	X:\Windows\system32\KERNELBASE.dll
0x00007ff8b0920000 - 0x00007ff8b09c7000 	X:\Windows\system32\ADVAPI32.dll
0x00007ff8b3040000 - 0x00007ff8b30dd000 	X:\Windows\system32\msvcrt.dll
0x00007ff8b2fe0000 - 0x00007ff8b303b000 	X:\Windows\system32\sechost.dll
0x00007ff8b2280000 - 0x00007ff8b239c000 	X:\Windows\system32\RPCRT4.dll
0x00007ff8b25d0000 - 0x00007ff8b2726000 	X:\Windows\system32\USER32.dll
0x00007ff8b20f0000 - 0x00007ff8b2276000 	X:\Windows\system32\GDI32.dll
0x00007ff8a8b30000 - 0x00007ff8a8da4000 	X:\Windows\WinSxS\amd64_microsoft.windows.common-controls_6595b64144ccf1df_6.0.10586.0_none_8c15ae12515e1c22\COMCTL32.dll
0x00007ff8b3230000 - 0x00007ff8b34ad000 	X:\Windows\system32\combase.dll
0x00007ff8afbc0000 - 0x00007ff8afc2a000 	X:\Windows\system32\bcryptPrimitives.dll
0x00007ff8b30e0000 - 0x00007ff8b311b000 	X:\Windows\system32\IMM32.DLL
0x0000000063c70000 - 0x0000000063d42000 	X:\Program Files\Java\jdk1.8.0_73\jre\bin\msvcr100.dll
0x00000000641d0000 - 0x0000000064a60000 	X:\Program Files\Java\jdk1.8.0_73\jre\bin\server\jvm.dll
0x00007ff8b2f10000 - 0x00007ff8b2f18000 	X:\Windows\system32\PSAPI.DLL
0x00007ff8adb70000 - 0x00007ff8adb93000 	X:\Windows\SYSTEM32\WINMM.dll
0x00007ff8ac5f0000 - 0x00007ff8ac5f9000 	X:\Windows\SYSTEM32\WSOCK32.dll
0x00007ff8ac380000 - 0x00007ff8ac38a000 	X:\Windows\SYSTEM32\VERSION.dll
0x00007ff8b2a70000 - 0x00007ff8b2adb000 	X:\Windows\system32\WS2_32.dll
0x00007ff8ada60000 - 0x00007ff8ada8c000 	X:\Windows\SYSTEM32\WINMMBASE.dll
0x00007ff8b0520000 - 0x00007ff8b0563000 	X:\Windows\system32\cfgmgr32.dll
0x00000000640e0000 - 0x00000000640ef000 	X:\Program Files\Java\jdk1.8.0_73\jre\bin\verify.dll
0x00000000640b0000 - 0x00000000640d9000 	X:\Program Files\Java\jdk1.8.0_73\jre\bin\java.dll
0x0000000064090000 - 0x00000000640a6000 	X:\Program Files\Java\jdk1.8.0_73\jre\bin\zip.dll
0x00007ff8b0b90000 - 0x00007ff8b20ec000 	X:\Windows\system32\SHELL32.dll
0x00007ff8afc30000 - 0x00007ff8b0275000 	X:\Windows\system32\windows.storage.dll
0x00007ff8b2930000 - 0x00007ff8b2982000 	X:\Windows\system32\shlwapi.dll
0x00007ff8afb00000 - 0x00007ff8afb0f000 	X:\Windows\system32\kernel.appcore.dll
0x00007ff8b07f0000 - 0x00007ff8b08a5000 	X:\Windows\system32\shcore.dll
0x00007ff8afb10000 - 0x00007ff8afb5b000 	X:\Windows\system32\powrprof.dll
0x00007ff8afad0000 - 0x00007ff8afae4000 	X:\Windows\system32\profapi.dll

VM Arguments:
jvm_args: -Djava.awt.headless=true -Xmx2g -Dfile.encoding=GBK -Duser.country=CN -Duser.language=zh -Duser.variant 
java_command: com.android.dx.command.Main --dex --num-threads=4 --multi-dex --output E:\Android\CalorieCounter\app\build\intermediates\transforms\dex\debug\folders\1000\10\com.android.support-design-23.2.1_2a94e4507ec2bfa02df0223d8ec37cf5629c4adb E:\Android\CalorieCounter\app\build\intermediates\exploded-aar\com.android.support\design\23.2.1\jars\classes.jar
java_class_path (initial): E:\QMDownload\SDK\build-tools\23.0.3\lib\dx.jar
Launcher Type: SUN_STANDARD

Environment Variables:
PATH=X:\ProgramData\Oracle\Java\javapath;X:\Windows\system32;X:\Windows;X:\Windows\System32\Wbem;X:\Windows\System32\WindowsPowerShell\v1.0\;X:\Program Files (x86)\ATI Technologies\ATI.ACE\Core-Static;D:\Program Files\MATLAB\R2013a\runtime\win64;D:\Program Files\MATLAB\R2013a\bin;X:\Program Files\Java\jdk1.8.0_73\bin;D:\Python27;X:\Program Files (x86)\MySQL\MySQL Fabric 1.5 & MySQL Utilities 1.5\;X:\Program Files (x86)\MySQL\MySQL Fabric 1.5 & MySQL Utilities 1.5\Doctrine extensions for PHP\;E:\QMDownload\SDK\platform-tools
USERNAME=Õı…≠
OS=Windows_NT
PROCESSOR_IDENTIFIER=Intel64 Family 6 Model 60 Stepping 3, GenuineIntel



---------------  S Y S T E M  ---------------

OS: Windows 10.0 , 64 bit Build 10586 (10.0.10586.0)

CPU:total 4 (4 cores per cpu, 1 threads per core) family 6 model 60 stepping 3, cmov, cx8, fxsr, mmx, sse, sse2, sse3, ssse3, sse4.1, sse4.2, popcnt, avx, avx2, aes, clmul, erms, lzcnt, tsc, tscinvbit, bmi1, bmi2

Memory: 4k page, physical 8315044k(2121884k free), swap 8315044k(4180k free)

vm_info: Java HotSpot(TM) 64-Bit Server VM (25.73-b02) for windows-amd64 JRE (1.8.0_73-b02), built on Jan 29 2016 17:38:49 by "java_re" with MS VC++ 10.0 (VS2010)

time: Sat Apr 23 10:58:00 2016
elapsed time: 1 seconds (0d 0h 0m 1s)

