#
# There is insufficient memory for the Java Runtime Environment to continue.
# Native memory allocation (malloc) failed to allocate 492096 bytes for Chunk::new
# Possible reasons:
#   The system is out of physical RAM or swap space
#   In 32 bit mode, the process size limit was hit
# Possible solutions:
#   Reduce memory load on the system
#   Increase physical memory or swap space
#   Check if swap backing store is full
#   Use 64 bit Java on a 64 bit OS
#   Decrease Java heap size (-Xmx/-Xms)
#   Decrease number of Java threads
#   Decrease Java thread stack sizes (-Xss)
#   Set larger code cache with -XX:ReservedCodeCacheSize=
# This output file may be truncated or incomplete.
#
#  Out of Memory Error (allocation.cpp:390), pid=3176, tid=3344
#
# JRE version: Java(TM) SE Runtime Environment (8.0_73-b02) (build 1.8.0_73-b02)
# Java VM: Java HotSpot(TM) 64-Bit Server VM (25.73-b02 mixed mode windows-amd64 compressed oops)
# Failed to write core dump. Minidumps are not enabled by default on client versions of Windows
#

---------------  T H R E A D  ---------------

Current thread (0x000000001741e800):  JavaThread "C2 CompilerThread0" daemon [_thread_in_native, id=3344, stack(0x0000000018980000,0x0000000018a80000)]

Stack: [0x0000000018980000,0x0000000018a80000]
[error occurred during error reporting (printing stack bounds), id 0xc0000005]

Native frames: (J=compiled Java code, j=interpreted, Vv=VM code, C=native code)


Current CompileTask:
C2:    786 1059       4       com.android.dx.ssa.SCCP::simulateStmt (481 bytes)


---------------  P R O C E S S  ---------------

Java Threads: ( => current thread )
  0x0000000018d46800 JavaThread "pool-2-thread-4" [_thread_blocked, id=8160, stack(0x0000000019680000,0x0000000019780000)]
  0x0000000018d45800 JavaThread "pool-2-thread-3" [_thread_blocked, id=4640, stack(0x0000000019580000,0x0000000019680000)]
  0x0000000018c1f800 JavaThread "pool-2-thread-2" [_thread_blocked, id=2384, stack(0x0000000019480000,0x0000000019580000)]
  0x0000000018c1d000 JavaThread "pool-3-thread-1" [_thread_blocked, id=7484, stack(0x0000000019380000,0x0000000019480000)]
  0x0000000018c1c000 JavaThread "pool-2-thread-1" [_thread_in_vm, id=2336, stack(0x0000000019280000,0x0000000019380000)]
  0x0000000018b0a000 JavaThread "Service Thread" daemon [_thread_blocked, id=5040, stack(0x0000000019080000,0x0000000019180000)]
  0x0000000018a87800 JavaThread "C1 CompilerThread2" daemon [_thread_blocked, id=9044, stack(0x0000000018f80000,0x0000000019080000)]
  0x000000001746d800 JavaThread "C2 CompilerThread1" daemon [_thread_in_native, id=6664, stack(0x0000000018e80000,0x0000000018f80000)]
=>0x000000001741e800 JavaThread "C2 CompilerThread0" daemon [_thread_in_native, id=3344, stack(0x0000000018980000,0x0000000018a80000)]
  0x0000000017407800 JavaThread "Attach Listener" daemon [_thread_blocked, id=8024, stack(0x0000000018880000,0x0000000018980000)]
  0x0000000017469000 JavaThread "Signal Dispatcher" daemon [_thread_blocked, id=5172, stack(0x0000000018780000,0x0000000018880000)]
  0x00000000027e6000 JavaThread "Finalizer" daemon [_thread_blocked, id=9664, stack(0x0000000018680000,0x0000000018780000)]
  0x00000000027dd000 JavaThread "Reference Handler" daemon [_thread_blocked, id=5996, stack(0x0000000018580000,0x0000000018680000)]
  0x00000000026f0800 JavaThread "main" [_thread_blocked, id=8952, stack(0x0000000002500000,0x0000000002600000)]

Other Threads:
  0x00000000173d8000 VMThread [stack: 0x0000000018480000,0x0000000018580000] [id=9092]
  0x0000000018b44800 WatcherThread [stack: 0x0000000019180000,0x0000000019280000] [id=8012]

VM state:not at safepoint (normal execution)

VM Mutex/Monitor currently owned by a thread: None

Heap:
 PSYoungGen      total 38400K, used 10998K [0x00000000d5580000, 0x00000000d8000000, 0x0000000100000000)
  eden space 33280K, 17% used [0x00000000d5580000,0x00000000d5b40858,0x00000000d7600000)
  from space 5120K, 99% used [0x00000000d7600000,0x00000000d7afd320,0x00000000d7b00000)
  to   space 5120K, 0% used [0x00000000d7b00000,0x00000000d7b00000,0x00000000d8000000)
 ParOldGen       total 87552K, used 2679K [0x0000000080000000, 0x0000000085580000, 0x00000000d5580000)
  object space 87552K, 3% used [0x0000000080000000,0x000000008029dd80,0x0000000085580000)
 Metaspace       used 5958K, capacity 6836K, committed 7040K, reserved 1056768K
  class space    used 601K, capacity 620K, committed 640K, reserved 1048576K

Card table byte_map: [0x0000000011bb0000,0x0000000011fc0000] byte_map_base: 0x00000000117b0000

Marking Bits: (ParMarkBitMap*) 0x00000000530a0600
 Begin Bits: [0x0000000012670000, 0x0000000014670000)
 End Bits:   [0x0000000014670000, 0x0000000016670000)

Polling page: 0x00000000001f0000

CodeCache: size=245760Kb used=4446Kb max_used=4458Kb free=241313Kb
 bounds [0x00000000027f0000, 0x0000000002c50000, 0x00000000117f0000]
 total_blobs=1384 nmethods=1113 adapters=184
 compilation: enabled

Compilation events (10 events):
Event: 0.727 Thread 0x000000001746d800 nmethod 1076 0x0000000002c375d0 code [0x0000000002c37780, 0x0000000002c38098]
Event: 0.727 Thread 0x000000001746d800 1125       4       com.android.dx.ssa.back.LivenessAnalyzer::run (231 bytes)
Event: 0.728 Thread 0x0000000018a87800 nmethod 1120 0x0000000002c43bd0 code [0x0000000002c43e60, 0x0000000002c451e8]
Event: 0.728 Thread 0x0000000018a87800 1113       3       com.android.dx.rop.code.DexTranslationAdvice::totalRopWidth (36 bytes)
Event: 0.728 Thread 0x0000000018a87800 nmethod 1113 0x0000000002c39210 code [0x0000000002c393c0, 0x0000000002c39ba8]
Event: 0.728 Thread 0x0000000018a87800 1108       3       com.android.dx.ssa.SsaMethod::buildUseList (112 bytes)
Event: 0.752 Thread 0x000000001746d800 nmethod 1125 0x0000000002c48850 code [0x0000000002c48ae0, 0x0000000002c49cd0]
Event: 0.752 Thread 0x000000001746d800 1116       4       com.android.dx.ssa.SsaMethod::deleteInsns (239 bytes)
Event: 0.767 Thread 0x000000001746d800 nmethod 1116 0x0000000002c4b950 code [0x0000000002c4bb20, 0x0000000002c4c838]
Event: 0.767 Thread 0x000000001746d800 1084       4       com.android.dx.ssa.SsaInsn::mapRegisters (35 bytes)

GC Heap History (2 events):
Event: 0.695 GC heap before
{Heap before GC invocations=1 (full 0):
 PSYoungGen      total 38400K, used 33280K [0x00000000d5580000, 0x00000000d8000000, 0x0000000100000000)
  eden space 33280K, 100% used [0x00000000d5580000,0x00000000d7600000,0x00000000d7600000)
  from space 5120K, 0% used [0x00000000d7b00000,0x00000000d7b00000,0x00000000d8000000)
  to   space 5120K, 0% used [0x00000000d7600000,0x00000000d7600000,0x00000000d7b00000)
 ParOldGen       total 87552K, used 0K [0x0000000080000000, 0x0000000085580000, 0x00000000d5580000)
  object space 87552K, 0% used [0x0000000080000000,0x0000000080000000,0x0000000085580000)
 Metaspace       used 5954K, capacity 6836K, committed 7040K, reserved 1056768K
  class space    used 601K, capacity 620K, committed 640K, reserved 1048576K
Event: 0.720 GC heap after
Heap after GC invocations=1 (full 0):
 PSYoungGen      total 38400K, used 5108K [0x00000000d5580000, 0x00000000d8000000, 0x0000000100000000)
  eden space 33280K, 0% used [0x00000000d5580000,0x00000000d5580000,0x00000000d7600000)
  from space 5120K, 99% used [0x00000000d7600000,0x00000000d7afd320,0x00000000d7b00000)
  to   space 5120K, 0% used [0x00000000d7b00000,0x00000000d7b00000,0x00000000d8000000)
 ParOldGen       total 87552K, used 2679K [0x0000000080000000, 0x0000000085580000, 0x00000000d5580000)
  object space 87552K, 3% used [0x0000000080000000,0x000000008029dd80,0x0000000085580000)
 Metaspace       used 5954K, capacity 6836K, committed 7040K, reserved 1056768K
  class space    used 601K, capacity 620K, committed 640K, reserved 1048576K
}

Deoptimization events (7 events):
Event: 0.442 Thread 0x00000000026f0800 Uncommon trap: reason=null_check action=make_not_entrant pc=0x0000000002aab134 method=com.android.dx.ssa.SsaRenamer.getLocalForNewReg(I)Lcom/android/dx/rop/code/LocalItem; @ 19
Event: 0.444 Thread 0x00000000026f0800 Uncommon trap: reason=class_check action=maybe_recompile pc=0x0000000002a1d130 method=com.android.dx.ssa.NormalSsaInsn.accept(Lcom/android/dx/ssa/SsaInsn$Visitor;)V @ 9
Event: 0.444 Thread 0x00000000026f0800 Uncommon trap: reason=class_check action=maybe_recompile pc=0x0000000002a1d130 method=com.android.dx.ssa.NormalSsaInsn.accept(Lcom/android/dx/ssa/SsaInsn$Visitor;)V @ 9
Event: 0.444 Thread 0x00000000026f0800 Uncommon trap: reason=class_check action=maybe_recompile pc=0x0000000002a1d130 method=com.android.dx.ssa.NormalSsaInsn.accept(Lcom/android/dx/ssa/SsaInsn$Visitor;)V @ 9
Event: 0.444 Thread 0x00000000026f0800 Uncommon trap: reason=class_check action=maybe_recompile pc=0x0000000002a1d130 method=com.android.dx.ssa.NormalSsaInsn.accept(Lcom/android/dx/ssa/SsaInsn$Visitor;)V @ 9
Event: 0.465 Thread 0x00000000026f0800 Uncommon trap: reason=class_check action=maybe_recompile pc=0x0000000002b5cb94 method=com.android.dx.ssa.NormalSsaInsn.accept(Lcom/android/dx/ssa/SsaInsn$Visitor;)V @ 9
Event: 0.486 Thread 0x00000000026f0800 Uncommon trap: reason=unstable_if action=reinterpret pc=0x0000000002b50c04 method=com.android.dx.ssa.SsaRenamer$BlockRenamer.addMapping(ILcom/android/dx/rop/code/RegisterSpec;)V @ 120

Internal exceptions (3 events):
Event: 0.031 Thread 0x00000000026f0800 Exception <a 'java/lang/NoSuchMethodError': Method sun.misc.Unsafe.defineClass(Ljava/lang/String;[BII)Ljava/lang/Class; name or signature does not match> (0x00000000d5593090) thrown at [D:\re\puppet\workspace\8-2-build-windows-amd64-cygwin\jdk8u73\6086\hot‚Lè¶nü?
Event: 0.031 Thread 0x00000000026f0800 Exception <a 'java/lang/NoSuchMethodError': Method sun.misc.Unsafe.prefetchRead(Ljava/lang/Object;J)V name or signature does not match> (0x00000000d5593378) thrown at [D:\re\puppet\workspace\8-2-build-windows-amd64-cygwin\jdk8u73\6086\hotspot\src\share\vm\Bﬁ‚»“F‹?
Event: 0.442 Thread 0x00000000026f0800 Implicit null exception at 0x0000000002aa93ea to 0x0000000002aab0e9

Events (10 events):
Event: 0.570 Thread 0x0000000018d46800 DEOPT PACKING pc=0x0000000002b6b8ca sp=0x000000001977e910
Event: 0.570 Thread 0x0000000018d46800 DEOPT UNPACKING pc=0x000000000283787f sp=0x000000001977e658 mode 0
Event: 0.572 Thread 0x0000000018d46800 DEOPT PACKING pc=0x0000000002b49a65 sp=0x000000001977eaf0
Event: 0.572 Thread 0x0000000018d46800 DEOPT UNPACKING pc=0x000000000283787f sp=0x000000001977e8d0 mode 0
Event: 0.577 Executing VM operation: ParallelGCFailedAllocation
Event: 0.720 Executing VM operation: ParallelGCFailedAllocation done
Event: 0.723 Thread 0x00000000026f0800 DEOPT PACKING pc=0x0000000002b49a65 sp=0x00000000025fe050
Event: 0.723 Thread 0x00000000026f0800 DEOPT UNPACKING pc=0x000000000283787f sp=0x00000000025fde40 mode 0
Event: 0.729 Thread 0x0000000018d45800 DEOPT PACKING pc=0x0000000002b49a65 sp=0x000000001967e870
Event: 0.729 Thread 0x0000000018d45800 DEOPT UNPACKING pc=0x000000000283787f sp=0x000000001967e650 mode 0


Dynamic libraries:
0x00007ff6fb7a0000 - 0x00007ff6fb7d7000 	X:\Program Files\Java\jdk1.8.0_73\bin\java.exe
0x00007ffec5b10000 - 0x00007ffec5cd1000 	X:\Windows\SYSTEM32\ntdll.dll
0x00007ffec35e0000 - 0x00007ffec368d000 	X:\Windows\system32\KERNEL32.DLL
0x00007ffec2930000 - 0x00007ffec2b18000 	X:\Windows\system32\KERNELBASE.dll
0x00007ffec34c0000 - 0x00007ffec3567000 	X:\Windows\system32\ADVAPI32.dll
0x00007ffec50c0000 - 0x00007ffec515d000 	X:\Windows\system32\msvcrt.dll
0x00007ffec59a0000 - 0x00007ffec59fb000 	X:\Windows\system32\sechost.dll
0x00007ffec2f10000 - 0x00007ffec302c000 	X:\Windows\system32\RPCRT4.dll
0x00007ffec32f0000 - 0x00007ffec3446000 	X:\Windows\system32\USER32.dll
0x00007ffec3030000 - 0x00007ffec31b6000 	X:\Windows\system32\GDI32.dll
0x00007ffeb89d0000 - 0x00007ffeb8c44000 	X:\Windows\WinSxS\amd64_microsoft.windows.common-controls_6595b64144ccf1df_6.0.10586.0_none_8c15ae12515e1c22\COMCTL32.dll
0x00007ffec4e20000 - 0x00007ffec509d000 	X:\Windows\system32\combase.dll
0x00007ffec2ea0000 - 0x00007ffec2f0a000 	X:\Windows\system32\bcryptPrimitives.dll
0x00007ffec56f0000 - 0x00007ffec572b000 	X:\Windows\system32\IMM32.DLL
0x0000000052330000 - 0x0000000052402000 	X:\Program Files\Java\jdk1.8.0_73\jre\bin\msvcr100.dll
0x0000000052890000 - 0x0000000053120000 	X:\Program Files\Java\jdk1.8.0_73\jre\bin\server\jvm.dll
0x00007ffec4c50000 - 0x00007ffec4c58000 	X:\Windows\system32\PSAPI.DLL
0x00007ffebded0000 - 0x00007ffebded9000 	X:\Windows\SYSTEM32\WSOCK32.dll
0x00007ffebe7e0000 - 0x00007ffebe7ea000 	X:\Windows\SYSTEM32\VERSION.dll
0x00007ffec0720000 - 0x00007ffec0743000 	X:\Windows\SYSTEM32\WINMM.dll
0x00007ffec3570000 - 0x00007ffec35db000 	X:\Windows\system32\WS2_32.dll
0x0000000000510000 - 0x000000000053c000 	X:\Windows\SYSTEM32\WINMMBASE.dll
0x00007ffec2bd0000 - 0x00007ffec2c13000 	X:\Windows\system32\cfgmgr32.dll
0x00000000527a0000 - 0x00000000527af000 	X:\Program Files\Java\jdk1.8.0_73\jre\bin\verify.dll
0x0000000052770000 - 0x0000000052799000 	X:\Program Files\Java\jdk1.8.0_73\jre\bin\java.dll
0x0000000052750000 - 0x0000000052766000 	X:\Program Files\Java\jdk1.8.0_73\jre\bin\zip.dll
0x00007ffec36f0000 - 0x00007ffec4c4c000 	X:\Windows\system32\SHELL32.dll
0x00007ffec2220000 - 0x00007ffec2865000 	X:\Windows\system32\windows.storage.dll
0x00007ffec3690000 - 0x00007ffec36e2000 	X:\Windows\system32\shlwapi.dll
0x00007ffec2130000 - 0x00007ffec213f000 	X:\Windows\system32\kernel.appcore.dll
0x00007ffec2870000 - 0x00007ffec2925000 	X:\Windows\system32\shcore.dll
0x00007ffec2140000 - 0x00007ffec218b000 	X:\Windows\system32\powrprof.dll
0x00007ffec2190000 - 0x00007ffec21a4000 	X:\Windows\system32\profapi.dll

VM Arguments:
jvm_args: -Djava.awt.headless=true -Xmx2g -Dfile.encoding=GBK -Duser.country=CN -Duser.language=zh -Duser.variant 
java_command: com.android.dx.command.Main --dex --num-threads=4 --multi-dex --output E:\Android\CalorieCounter\app\build\intermediates\transforms\dex\debug\folders\1000\10\com.jjoe64-graphview-4.0.1_5c98871c1429e34119e08e70e6ba8a6f45ba17c5 E:\Android\CalorieCounter\app\build\intermediates\exploded-aar\com.jjoe64\graphview\4.0.1\jars\classes.jar
java_class_path (initial): E:\QMDownload\SDK\build-tools\23.0.3\lib\dx.jar
Launcher Type: SUN_STANDARD

Environment Variables:
PATH=X:\ProgramData\Oracle\Java\javapath;X:\Windows\system32;X:\Windows;X:\Windows\System32\Wbem;X:\Windows\System32\WindowsPowerShell\v1.0\;X:\Program Files (x86)\ATI Technologies\ATI.ACE\Core-Static;D:\Program Files\MATLAB\R2013a\runtime\win64;D:\Program Files\MATLAB\R2013a\bin;X:\Program Files\Java\jdk1.8.0_73\bin;D:\Python27;X:\Program Files (x86)\MySQL\MySQL Fabric 1.5 & MySQL Utilities 1.5\;X:\Program Files (x86)\MySQL\MySQL Fabric 1.5 & MySQL Utilities 1.5\Doctrine extensions for PHP\;E:\QMDownload\SDK\platform-tools
USERNAME=Õı…≠
OS=Windows_NT
PROCESSOR_IDENTIFIER=Intel64 Family 6 Model 60 Stepping 3, GenuineIntel



---------------  S Y S T E M  ---------------

OS: Windows 10.0 , 64 bit Build 10586 (10.0.10586.0)

CPU:total 4 (4 cores per cpu, 1 threads per core) family 6 model 60 stepping 3, cmov, cx8, fxsr, mmx, sse, sse2, sse3, ssse3, sse4.1, sse4.2, popcnt, avx, avx2, aes, clmul, erms, lzcnt, tsc, tscinvbit, bmi1, bmi2

Memory: 4k page, physical 8315044k(1446196k free), swap 8315044k(11464k free)

vm_info: Java HotSpot(TM) 64-Bit Server VM (25.73-b02) for windows-amd64 JRE (1.8.0_73-b02), built on Jan 29 2016 17:38:49 by "java_re" with MS VC++ 10.0 (VS2010)

time: Tue Apr 26 14:09:14 2016
elapsed time: 0 seconds (0d 0h 0m 0s)

