#
# There is insufficient memory for the Java Runtime Environment to continue.
# Native memory allocation (malloc) failed to allocate 39056 bytes for Chunk::new
# Possible reasons:
#   The system is out of physical RAM or swap space
#   In 32 bit mode, the process size limit was hit
# Possible solutions:
#   Reduce memory load on the system
#   Increase physical memory or swap space
#   Check if swap backing store is full
#   Use 64 bit Java on a 64 bit OS
#   Decrease Java heap size (-Xmx/-Xms)
#   Decrease number of Java threads
#   Decrease Java thread stack sizes (-Xss)
#   Set larger code cache with -XX:ReservedCodeCacheSize=
# This output file may be truncated or incomplete.
#
#  Out of Memory Error (allocation.cpp:390), pid=14760, tid=17260
#
# JRE version: Java(TM) SE Runtime Environment (8.0_73-b02) (build 1.8.0_73-b02)
# Java VM: Java HotSpot(TM) 64-Bit Server VM (25.73-b02 mixed mode windows-amd64 compressed oops)
# Failed to write core dump. Minidumps are not enabled by default on client versions of Windows
#

---------------  T H R E A D  ---------------

Current thread (0x000000001728c800):  JavaThread "C2 CompilerThread1" daemon [_thread_in_native, id=17260, stack(0x0000000018cf0000,0x0000000018df0000)]

Stack: [0x0000000018cf0000,0x0000000018df0000]
[error occurred during error reporting (printing stack bounds), id 0xc0000005]

Native frames: (J=compiled Java code, j=interpreted, Vv=VM code, C=native code)


Current CompileTask:
C2:   1956 1268       4       com.android.dx.ssa.SsaMethod$2::visitNonMoveInsn (6 bytes)


---------------  P R O C E S S  ---------------

Java Threads: ( => current thread )
  0x0000000019140000 JavaThread "pool-2-thread-4" [_thread_in_Java, id=18168, stack(0x0000000019cf0000,0x0000000019df0000)]
  0x0000000018b6f800 JavaThread "pool-2-thread-3" [_thread_in_Java, id=18184, stack(0x0000000019bf0000,0x0000000019cf0000)]
  0x0000000018b6f000 JavaThread "pool-2-thread-2" [_thread_in_Java, id=18176, stack(0x0000000019af0000,0x0000000019bf0000)]
  0x0000000018b94800 JavaThread "pool-3-thread-1" [_thread_blocked, id=18024, stack(0x00000000199f0000,0x0000000019af0000)]
  0x0000000018b92800 JavaThread "pool-2-thread-1" [_thread_blocked, id=17860, stack(0x00000000198f0000,0x00000000199f0000)]
  0x0000000018987800 JavaThread "Service Thread" daemon [_thread_blocked, id=17120, stack(0x0000000018ef0000,0x0000000018ff0000)]
  0x00000000188f4000 JavaThread "C1 CompilerThread2" daemon [_thread_blocked, id=16844, stack(0x0000000018df0000,0x0000000018ef0000)]
=>0x000000001728c800 JavaThread "C2 CompilerThread1" daemon [_thread_in_native, id=17260, stack(0x0000000018cf0000,0x0000000018df0000)]
  0x0000000017289000 JavaThread "C2 CompilerThread0" daemon [_thread_in_native, id=18756, stack(0x00000000187f0000,0x00000000188f0000)]
  0x000000001723d800 JavaThread "Attach Listener" daemon [_thread_blocked, id=17256, stack(0x00000000186f0000,0x00000000187f0000)]
  0x0000000017227800 JavaThread "Signal Dispatcher" daemon [_thread_blocked, id=17248, stack(0x00000000185f0000,0x00000000186f0000)]
  0x0000000002290800 JavaThread "Finalizer" daemon [_thread_blocked, id=17740, stack(0x0000000018490000,0x0000000018590000)]
  0x000000000228d000 JavaThread "Reference Handler" daemon [_thread_blocked, id=13600, stack(0x0000000018390000,0x0000000018490000)]
  0x00000000021a0800 JavaThread "main" [_thread_in_Java, id=13136, stack(0x0000000000970000,0x0000000000a70000)]

Other Threads:
  0x00000000171f7800 VMThread [stack: 0x0000000018290000,0x0000000018390000] [id=13564]
  0x00000000189b4000 WatcherThread [stack: 0x0000000018ff0000,0x00000000190f0000] [id=17128]

VM state:not at safepoint (normal execution)

VM Mutex/Monitor currently owned by a thread: None

Heap:
 PSYoungGen      total 38400K, used 26834K [0x00000000d5580000, 0x00000000da080000, 0x0000000100000000)
  eden space 33280K, 65% used [0x00000000d5580000,0x00000000d6ab6228,0x00000000d7600000)
  from space 5120K, 99% used [0x00000000d7600000,0x00000000d7afe808,0x00000000d7b00000)
  to   space 5120K, 0% used [0x00000000d9b80000,0x00000000d9b80000,0x00000000da080000)
 ParOldGen       total 87552K, used 109K [0x0000000080000000, 0x0000000085580000, 0x00000000d5580000)
  object space 87552K, 0% used [0x0000000080000000,0x000000008001b4c8,0x0000000085580000)
 Metaspace       used 6120K, capacity 6966K, committed 7040K, reserved 1056768K
  class space    used 606K, capacity 622K, committed 640K, reserved 1048576K

Card table byte_map: [0x00000000119d0000,0x0000000011de0000] byte_map_base: 0x00000000115d0000

Marking Bits: (ParMarkBitMap*) 0x000000005dcb0600
 Begin Bits: [0x0000000012490000, 0x0000000014490000)
 End Bits:   [0x0000000014490000, 0x0000000016490000)

Polling page: 0x00000000001f0000

CodeCache: size=245760Kb used=4982Kb max_used=4982Kb free=240778Kb
 bounds [0x0000000002610000, 0x0000000002b00000, 0x0000000011610000]
 total_blobs=1530 nmethods=1259 adapters=184
 compilation: enabled

Compilation events (10 events):
Event: 1.844 Thread 0x000000001728c800 nmethod 1257 0x0000000002ae5090 code [0x0000000002ae51e0, 0x0000000002ae5518]
Event: 1.867 Thread 0x0000000017289000 nmethod 1263 0x0000000002af0d10 code [0x0000000002af0f60, 0x0000000002af2348]
Event: 1.951 Thread 0x000000001728c800 1266   !   4       com.android.dx.ssa.LocalVariableInfo::setStarts (40 bytes)
Event: 1.952 Thread 0x0000000017289000 1267       4       com.android.dx.ssa.SsaRenamer$BlockRenamer$RenamingMapper::map (28 bytes)
Event: 1.952 Thread 0x000000001728c800 nmethod 1266 0x0000000002ab7090 code [0x0000000002ab71e0, 0x0000000002ab72d8]
Event: 1.952 Thread 0x000000001728c800 1268       4       com.android.dx.ssa.SsaMethod$2::visitNonMoveInsn (6 bytes)
Event: 1.952 Thread 0x0000000017289000 nmethod 1267 0x0000000002ab6c90 code [0x0000000002ab6de0, 0x0000000002ab6ee8]
Event: 1.952 Thread 0x0000000017289000 1271       4       com.android.dx.ssa.SCCP::simulateBranch (666 bytes)
Event: 1.953 Thread 0x00000000188f4000 1274       3       com.android.dx.dex.code.RopTranslator::pickOrder (400 bytes)
Event: 1.954 Thread 0x00000000188f4000 nmethod 1274 0x0000000002aed5d0 code [0x0000000002aed900, 0x0000000002aefa18]

GC Heap History (2 events):
Event: 1.553 GC heap before
{Heap before GC invocations=1 (full 0):
 PSYoungGen      total 38400K, used 33280K [0x00000000d5580000, 0x00000000d8000000, 0x0000000100000000)
  eden space 33280K, 100% used [0x00000000d5580000,0x00000000d7600000,0x00000000d7600000)
  from space 5120K, 0% used [0x00000000d7b00000,0x00000000d7b00000,0x00000000d8000000)
  to   space 5120K, 0% used [0x00000000d7600000,0x00000000d7600000,0x00000000d7b00000)
 ParOldGen       total 87552K, used 0K [0x0000000080000000, 0x0000000085580000, 0x00000000d5580000)
  object space 87552K, 0% used [0x0000000080000000,0x0000000080000000,0x0000000085580000)
 Metaspace       used 5930K, capacity 6836K, committed 7040K, reserved 1056768K
  class space    used 604K, capacity 620K, committed 640K, reserved 1048576K
Event: 1.661 GC heap after
Heap after GC invocations=1 (full 0):
 PSYoungGen      total 38400K, used 5114K [0x00000000d5580000, 0x00000000da080000, 0x0000000100000000)
  eden space 33280K, 0% used [0x00000000d5580000,0x00000000d5580000,0x00000000d7600000)
  from space 5120K, 99% used [0x00000000d7600000,0x00000000d7afe808,0x00000000d7b00000)
  to   space 5120K, 0% used [0x00000000d9b80000,0x00000000d9b80000,0x00000000da080000)
 ParOldGen       total 87552K, used 109K [0x0000000080000000, 0x0000000085580000, 0x00000000d5580000)
  object space 87552K, 0% used [0x0000000080000000,0x000000008001b4c8,0x0000000085580000)
 Metaspace       used 5930K, capacity 6836K, committed 7040K, reserved 1056768K
  class space    used 604K, capacity 620K, committed 640K, reserved 1048576K
}

Deoptimization events (8 events):
Event: 0.189 Thread 0x00000000021a0800 Uncommon trap: reason=unstable_if action=reinterpret pc=0x000000000276c4d4 method=java.lang.String.compareTo(Ljava/lang/String;)I @ 38
Event: 1.090 Thread 0x0000000018b92800 Uncommon trap: reason=unstable_if action=reinterpret pc=0x000000000283ec04 method=java.util.HashMap.getNode(ILjava/lang/Object;)Ljava/util/HashMap$Node; @ 62
Event: 1.667 Thread 0x0000000018b6f800 Uncommon trap: reason=class_check action=maybe_recompile pc=0x0000000002947c68 method=com.android.dx.rop.type.Type.equals(Ljava/lang/Object;)Z @ 8
Event: 1.667 Thread 0x0000000018b6f800 Uncommon trap: reason=null_check action=make_not_entrant pc=0x0000000002947c78 method=com.android.dx.rop.type.Type.equals(Ljava/lang/Object;)Z @ 8
Event: 1.668 Thread 0x0000000018b6f800 Uncommon trap: reason=unstable_if action=reinterpret pc=0x000000000288cef0 method=java.util.BitSet.nextSetBit(I)I @ 87
Event: 1.714 Thread 0x0000000018b6f800 Uncommon trap: reason=class_check action=maybe_recompile pc=0x00000000029a24a8 method=com.android.dx.rop.type.Type.equals(Ljava/lang/Object;)Z @ 8
Event: 1.714 Thread 0x0000000018b6f800 Uncommon trap: reason=class_check action=maybe_recompile pc=0x00000000029a24a8 method=com.android.dx.rop.type.Type.equals(Ljava/lang/Object;)Z @ 8
Event: 1.714 Thread 0x0000000018b6f800 Uncommon trap: reason=class_check action=maybe_recompile pc=0x00000000029a24a8 method=com.android.dx.rop.type.Type.equals(Ljava/lang/Object;)Z @ 8

Internal exceptions (3 events):
Event: 0.048 Thread 0x00000000021a0800 Exception <a 'java/lang/NoSuchMethodError': Method sun.misc.Unsafe.defineClass(Ljava/lang/String;[BII)Ljava/lang/Class; name or signature does not match> (0x00000000d5592ef0) thrown at [D:\re\puppet\workspace\8-2-build-windows-amd64-cygwin\jdk8u73\6086\hotÐ—0 &Ž¨?
Event: 0.048 Thread 0x00000000021a0800 Exception <a 'java/lang/NoSuchMethodError': Method sun.misc.Unsafe.prefetchRead(Ljava/lang/Object;J)V name or signature does not match> (0x00000000d55931d8) thrown at [D:\re\puppet\workspace\8-2-build-windows-amd64-cygwin\jdk8u73\6086\hotspot\src\share\vm\ñ.¾…£­ú?
Event: 1.667 Thread 0x0000000018b6f800 Implicit null exception at 0x0000000002947b62 to 0x0000000002947c69

Events (10 events):
Event: 1.714 loading class java/util/HashMap$ValueIterator done
Event: 1.714 Thread 0x0000000018b6f800 Uncommon trap: trap_request=0xffffffde fr.pc=0x00000000029a24a8
Event: 1.714 Thread 0x0000000018b6f800 DEOPT PACKING pc=0x00000000029a24a8 sp=0x0000000019cee890
Event: 1.714 Thread 0x0000000018b6f800 DEOPT UNPACKING pc=0x000000000265582a sp=0x0000000019cee7c8 mode 2
Event: 1.714 Thread 0x0000000018b6f800 Uncommon trap: trap_request=0xffffffde fr.pc=0x00000000029a24a8
Event: 1.714 Thread 0x0000000018b6f800 DEOPT PACKING pc=0x00000000029a24a8 sp=0x0000000019cee890
Event: 1.714 Thread 0x0000000018b6f800 DEOPT UNPACKING pc=0x000000000265582a sp=0x0000000019cee7c8 mode 2
Event: 1.714 Thread 0x0000000018b6f800 Uncommon trap: trap_request=0xffffffde fr.pc=0x00000000029a24a8
Event: 1.714 Thread 0x0000000018b6f800 DEOPT PACKING pc=0x00000000029a24a8 sp=0x0000000019cee890
Event: 1.714 Thread 0x0000000018b6f800 DEOPT UNPACKING pc=0x000000000265582a sp=0x0000000019cee7c8 mode 2


Dynamic libraries:
0x00007ff64d3f0000 - 0x00007ff64d427000 	X:\Program Files\Java\jdk1.8.0_73\bin\java.exe
0x00007ffae65e0000 - 0x00007ffae67a1000 	X:\Windows\SYSTEM32\ntdll.dll
0x00007ffae39e0000 - 0x00007ffae3a8d000 	X:\Windows\system32\KERNEL32.DLL
0x00007ffae3420000 - 0x00007ffae3608000 	X:\Windows\system32\KERNELBASE.dll
0x00007ffae5290000 - 0x00007ffae5337000 	X:\Windows\system32\ADVAPI32.dll
0x00007ffae6300000 - 0x00007ffae639d000 	X:\Windows\system32\msvcrt.dll
0x00007ffae61d0000 - 0x00007ffae622b000 	X:\Windows\system32\sechost.dll
0x00007ffae5830000 - 0x00007ffae594c000 	X:\Windows\system32\RPCRT4.dll
0x00007ffae5950000 - 0x00007ffae5aa6000 	X:\Windows\system32\USER32.dll
0x00007ffae56a0000 - 0x00007ffae5826000 	X:\Windows\system32\GDI32.dll
0x00007ffada4a0000 - 0x00007ffada714000 	X:\Windows\WinSxS\amd64_microsoft.windows.common-controls_6595b64144ccf1df_6.0.10586.0_none_8c15ae12515e1c22\COMCTL32.dll
0x00007ffae5ab0000 - 0x00007ffae5d2d000 	X:\Windows\system32\combase.dll
0x00007ffae3330000 - 0x00007ffae339a000 	X:\Windows\system32\bcryptPrimitives.dll
0x00007ffae4ff0000 - 0x00007ffae502b000 	X:\Windows\system32\IMM32.DLL
0x000000005d3c0000 - 0x000000005d492000 	X:\Program Files\Java\jdk1.8.0_73\jre\bin\msvcr100.dll
0x000000005d4a0000 - 0x000000005dd30000 	X:\Program Files\Java\jdk1.8.0_73\jre\bin\server\jvm.dll
0x00007ffae65d0000 - 0x00007ffae65d8000 	X:\Windows\system32\PSAPI.DLL
0x00007ffad6220000 - 0x00007ffad6229000 	X:\Windows\SYSTEM32\WSOCK32.dll
0x00007ffae6160000 - 0x00007ffae61cb000 	X:\Windows\system32\WS2_32.dll
0x00007ffae0ef0000 - 0x00007ffae0f13000 	X:\Windows\SYSTEM32\WINMM.dll
0x00007ffadf760000 - 0x00007ffadf76a000 	X:\Windows\SYSTEM32\VERSION.dll
0x00007ffae0e80000 - 0x00007ffae0eac000 	X:\Windows\SYSTEM32\WINMMBASE.dll
0x00007ffae2c90000 - 0x00007ffae2cd3000 	X:\Windows\system32\cfgmgr32.dll
0x000000005d370000 - 0x000000005d37f000 	X:\Program Files\Java\jdk1.8.0_73\jre\bin\verify.dll
0x000000005d340000 - 0x000000005d369000 	X:\Program Files\Java\jdk1.8.0_73\jre\bin\java.dll
0x000000005d320000 - 0x000000005d336000 	X:\Program Files\Java\jdk1.8.0_73\jre\bin\zip.dll
0x00007ffae3a90000 - 0x00007ffae4fec000 	X:\Windows\system32\SHELL32.dll
0x00007ffae2ce0000 - 0x00007ffae3325000 	X:\Windows\system32\windows.storage.dll
0x00007ffae6460000 - 0x00007ffae64b2000 	X:\Windows\system32\shlwapi.dll
0x00007ffae2c80000 - 0x00007ffae2c8f000 	X:\Windows\system32\kernel.appcore.dll
0x00007ffae3750000 - 0x00007ffae3805000 	X:\Windows\system32\shcore.dll
0x00007ffae2c00000 - 0x00007ffae2c4b000 	X:\Windows\system32\powrprof.dll
0x00007ffae2c60000 - 0x00007ffae2c74000 	X:\Windows\system32\profapi.dll

VM Arguments:
jvm_args: -Djava.awt.headless=true -Xmx2g -Dfile.encoding=GBK -Duser.country=CN -Duser.language=zh -Duser.variant 
java_command: com.android.dx.command.Main --dex --num-threads=4 --multi-dex --output E:\Android\CalorieCounter\app\build\intermediates\transforms\dex\debug\folders\1000\10\com.android.support-support-v4-23.2.1_b3f86bb7eb2bf098389785e98df432783523f3ad E:\Android\CalorieCounter\app\build\intermediates\exploded-aar\com.android.support\support-v4\23.2.1\jars\classes.jar
java_class_path (initial): E:\QMDownload\SDK\build-tools\23.0.3\lib\dx.jar
Launcher Type: SUN_STANDARD

Environment Variables:
PATH=X:\ProgramData\Oracle\Java\javapath;X:\Windows\system32;X:\Windows;X:\Windows\System32\Wbem;X:\Windows\System32\WindowsPowerShell\v1.0\;X:\Program Files (x86)\ATI Technologies\ATI.ACE\Core-Static;D:\Program Files\MATLAB\R2013a\runtime\win64;D:\Program Files\MATLAB\R2013a\bin;X:\Program Files\Java\jdk1.8.0_73\bin;D:\Python27;X:\Program Files (x86)\MySQL\MySQL Fabric 1.5 & MySQL Utilities 1.5\;X:\Program Files (x86)\MySQL\MySQL Fabric 1.5 & MySQL Utilities 1.5\Doctrine extensions for PHP\;E:\QMDownload\SDK\platform-tools
USERNAME=ÍõÉ­
OS=Windows_NT
PROCESSOR_IDENTIFIER=Intel64 Family 6 Model 60 Stepping 3, GenuineIntel



---------------  S Y S T E M  ---------------

OS: Windows 10.0 , 64 bit Build 10586 (10.0.10586.0)

CPU:total 4 (4 cores per cpu, 1 threads per core) family 6 model 60 stepping 3, cmov, cx8, fxsr, mmx, sse, sse2, sse3, ssse3, sse4.1, sse4.2, popcnt, avx, avx2, aes, clmul, erms, lzcnt, tsc, tscinvbit, bmi1, bmi2

Memory: 4k page, physical 8315044k(1771932k free), swap 8315044k(4104k free)

vm_info: Java HotSpot(TM) 64-Bit Server VM (25.73-b02) for windows-amd64 JRE (1.8.0_73-b02), built on Jan 29 2016 17:38:49 by "java_re" with MS VC++ 10.0 (VS2010)

time: Fri Apr 22 00:08:57 2016
elapsed time: 1 seconds (0d 0h 0m 1s)

