#
# There is insufficient memory for the Java Runtime Environment to continue.
# Native memory allocation (malloc) failed to allocate 852656 bytes for Chunk::new
# Possible reasons:
#   The system is out of physical RAM or swap space
#   In 32 bit mode, the process size limit was hit
# Possible solutions:
#   Reduce memory load on the system
#   Increase physical memory or swap space
#   Check if swap backing store is full
#   Use 64 bit Java on a 64 bit OS
#   Decrease Java heap size (-Xmx/-Xms)
#   Decrease number of Java threads
#   Decrease Java thread stack sizes (-Xss)
#   Set larger code cache with -XX:ReservedCodeCacheSize=
# This output file may be truncated or incomplete.
#
#  Out of Memory Error (allocation.cpp:390), pid=7396, tid=10492
#
# JRE version: Java(TM) SE Runtime Environment (8.0_73-b02) (build 1.8.0_73-b02)
# Java VM: Java HotSpot(TM) 64-Bit Server VM (25.73-b02 mixed mode windows-amd64 compressed oops)
# Failed to write core dump. Minidumps are not enabled by default on client versions of Windows
#

---------------  T H R E A D  ---------------

Current thread (0x000000001729d000):  JavaThread "C2 CompilerThread1" daemon [_thread_in_native, id=10492, stack(0x0000000018d00000,0x0000000018e00000)]

Stack: [0x0000000018d00000,0x0000000018e00000]
[error occurred during error reporting (printing stack bounds), id 0xc0000005]

Native frames: (J=compiled Java code, j=interpreted, Vv=VM code, C=native code)


Current CompileTask:
C2:   1788 1442       4       com.android.dx.ssa.SCCP::simulateBlock (54 bytes)


---------------  P R O C E S S  ---------------

Java Threads: ( => current thread )
  0x00000000198a8800 JavaThread "pool-1-thread-1" [_thread_new, id=15872, stack(0x0000000000000000,0x0000000000000000)]
  0x0000000018971800 JavaThread "Service Thread" daemon [_thread_blocked, id=10564, stack(0x0000000018f00000,0x0000000019000000)]
  0x0000000018962800 JavaThread "C1 CompilerThread2" daemon [_thread_blocked, id=10356, stack(0x0000000018e00000,0x0000000018f00000)]
=>0x000000001729d000 JavaThread "C2 CompilerThread1" daemon [_thread_in_native, id=10492, stack(0x0000000018d00000,0x0000000018e00000)]
  0x000000001729a800 JavaThread "C2 CompilerThread0" daemon [_thread_in_native, id=17652, stack(0x0000000018800000,0x0000000018900000)]
  0x000000001724d800 JavaThread "Attach Listener" daemon [_thread_blocked, id=192, stack(0x0000000018700000,0x0000000018800000)]
  0x0000000017237800 JavaThread "Signal Dispatcher" daemon [_thread_blocked, id=8684, stack(0x0000000018600000,0x0000000018700000)]
  0x0000000002610800 JavaThread "Finalizer" daemon [_thread_blocked, id=13348, stack(0x00000000184a0000,0x00000000185a0000)]
  0x000000000260d000 JavaThread "Reference Handler" daemon [_thread_blocked, id=14320, stack(0x00000000183a0000,0x00000000184a0000)]
  0x0000000002520800 JavaThread "main" [_thread_blocked, id=11028, stack(0x00000000023c0000,0x00000000024c0000)]

Other Threads:
  0x0000000017208000 VMThread [stack: 0x00000000182a0000,0x00000000183a0000] [id=16148]
  0x00000000189ad000 WatcherThread [stack: 0x0000000019000000,0x0000000019100000] [id=20444]

VM state:not at safepoint (normal execution)

VM Mutex/Monitor currently owned by a thread: None

Heap:
 PSYoungGen      total 38400K, used 38386K [0x00000000d5580000, 0x00000000da080000, 0x0000000100000000)
  eden space 33280K, 100% used [0x00000000d5580000,0x00000000d7600000,0x00000000d7600000)
  from space 5120K, 99% used [0x00000000d7600000,0x00000000d7afcad8,0x00000000d7b00000)
  to   space 5120K, 0% used [0x00000000d9b80000,0x00000000d9b80000,0x00000000da080000)
 ParOldGen       total 87552K, used 1758K [0x0000000080000000, 0x0000000085580000, 0x00000000d5580000)
  object space 87552K, 2% used [0x0000000080000000,0x00000000801b7a50,0x0000000085580000)
 Metaspace       used 6152K, capacity 7030K, committed 7296K, reserved 1056768K
  class space    used 605K, capacity 622K, committed 640K, reserved 1048576K

Card table byte_map: [0x00000000119e0000,0x0000000011df0000] byte_map_base: 0x00000000115e0000

Marking Bits: (ParMarkBitMap*) 0x000000005df00600
 Begin Bits: [0x00000000124a0000, 0x00000000144a0000)
 End Bits:   [0x00000000144a0000, 0x00000000164a0000)

Polling page: 0x0000000000510000

CodeCache: size=245760Kb used=5685Kb max_used=5685Kb free=240074Kb
 bounds [0x0000000002620000, 0x0000000002bc0000, 0x0000000011620000]
 total_blobs=1728 nmethods=1457 adapters=184
 compilation: enabled

Compilation events (10 events):
Event: 1.666 Thread 0x0000000018962800 1472       2       com.android.dx.rop.code.RegisterSpec::withType (13 bytes)
Event: 1.666 Thread 0x0000000018962800 nmethod 1472 0x0000000002bae190 code [0x0000000002bae300, 0x0000000002bae488]
Event: 1.669 Thread 0x0000000018962800 1473       2       com.android.dx.ssa.SCCP::simulateBranch (666 bytes)
Event: 1.671 Thread 0x0000000018962800 nmethod 1473 0x0000000002bae550 code [0x0000000002bae860, 0x0000000002baf858]
Event: 1.671 Thread 0x0000000018962800 1474       1       com.android.dx.cf.direct.DirectClassFile$DcfTypeList::size (5 bytes)
Event: 1.671 Thread 0x0000000018962800 nmethod 1474 0x0000000002b9f7d0 code [0x0000000002b9f920, 0x0000000002b9fa30]
Event: 1.672 Thread 0x0000000018962800 1475       2       java.util.HashMap$EntryIterator::next (5 bytes)
Event: 1.672 Thread 0x0000000018962800 nmethod 1475 0x0000000002bb0f90 code [0x0000000002bb1100, 0x0000000002bb1268]
Event: 1.674 Thread 0x0000000018962800 1476       2       com.android.dx.rop.code.InsnList::contentEquals (54 bytes)
Event: 1.675 Thread 0x0000000018962800 nmethod 1476 0x0000000002bb1310 code [0x0000000002bb14a0, 0x0000000002bb17c8]

GC Heap History (2 events):
Event: 1.109 GC heap before
{Heap before GC invocations=1 (full 0):
 PSYoungGen      total 38400K, used 33280K [0x00000000d5580000, 0x00000000d8000000, 0x0000000100000000)
  eden space 33280K, 100% used [0x00000000d5580000,0x00000000d7600000,0x00000000d7600000)
  from space 5120K, 0% used [0x00000000d7b00000,0x00000000d7b00000,0x00000000d8000000)
  to   space 5120K, 0% used [0x00000000d7600000,0x00000000d7600000,0x00000000d7b00000)
 ParOldGen       total 87552K, used 0K [0x0000000080000000, 0x0000000085580000, 0x00000000d5580000)
  object space 87552K, 0% used [0x0000000080000000,0x0000000080000000,0x0000000085580000)
 Metaspace       used 5951K, capacity 6836K, committed 7040K, reserved 1056768K
  class space    used 602K, capacity 620K, committed 640K, reserved 1048576K
Event: 1.187 GC heap after
Heap after GC invocations=1 (full 0):
 PSYoungGen      total 38400K, used 5106K [0x00000000d5580000, 0x00000000da080000, 0x0000000100000000)
  eden space 33280K, 0% used [0x00000000d5580000,0x00000000d5580000,0x00000000d7600000)
  from space 5120K, 99% used [0x00000000d7600000,0x00000000d7afcad8,0x00000000d7b00000)
  to   space 5120K, 0% used [0x00000000d9b80000,0x00000000d9b80000,0x00000000da080000)
 ParOldGen       total 87552K, used 1758K [0x0000000080000000, 0x0000000085580000, 0x00000000d5580000)
  object space 87552K, 2% used [0x0000000080000000,0x00000000801b7a50,0x0000000085580000)
 Metaspace       used 5951K, capacity 6836K, committed 7040K, reserved 1056768K
  class space    used 602K, capacity 620K, committed 640K, reserved 1048576K
}

Deoptimization events (10 events):
Event: 0.932 Thread 0x0000000002520800 Uncommon trap: reason=class_check action=maybe_recompile pc=0x00000000028bf130 method=com.android.dx.ssa.NormalSsaInsn.accept(Lcom/android/dx/ssa/SsaInsn$Visitor;)V @ 9
Event: 0.932 Thread 0x0000000002520800 Uncommon trap: reason=class_check action=maybe_recompile pc=0x00000000028bf130 method=com.android.dx.ssa.NormalSsaInsn.accept(Lcom/android/dx/ssa/SsaInsn$Visitor;)V @ 9
Event: 0.932 Thread 0x0000000002520800 Uncommon trap: reason=class_check action=maybe_recompile pc=0x00000000028bf130 method=com.android.dx.ssa.NormalSsaInsn.accept(Lcom/android/dx/ssa/SsaInsn$Visitor;)V @ 9
Event: 0.933 Thread 0x0000000002520800 Uncommon trap: reason=class_check action=maybe_recompile pc=0x00000000028ef394 method=com.android.dx.ssa.NormalSsaInsn.accept(Lcom/android/dx/ssa/SsaInsn$Visitor;)V @ 9
Event: 0.944 Thread 0x0000000018aa6800 Uncommon trap: reason=unstable_if action=reinterpret pc=0x0000000002847ef0 method=java.util.BitSet.nextSetBit(I)I @ 87
Event: 0.944 Thread 0x0000000018aa8800 Uncommon trap: reason=null_check action=make_not_entrant pc=0x000000000292a1a8 method=com.android.dx.rop.type.Type.equals(Ljava/lang/Object;)Z @ 8
Event: 1.209 Thread 0x0000000002520800 Uncommon trap: reason=unstable_if action=reinterpret pc=0x0000000002879cb0 method=java.util.HashMap.getNode(ILjava/lang/Object;)Ljava/util/HashMap$Node; @ 62
Event: 1.393 Thread 0x0000000018aa8800 Uncommon trap: reason=unstable_if action=reinterpret pc=0x0000000002b5f2c4 method=com.android.dx.ssa.SCCP.simulateStmt(Lcom/android/dx/ssa/SsaInsn;)V @ 53
Event: 1.669 Thread 0x0000000018aa6800 Uncommon trap: reason=unstable_if action=reinterpret pc=0x0000000002b79a8c method=com.android.dx.ssa.SCCP.simulateBranch(Lcom/android/dx/ssa/SsaInsn;)V @ 64
Event: 1.670 Thread 0x0000000018aa6800 Uncommon trap: reason=bimorphic action=maybe_recompile pc=0x000000000294f828 method=java.util.HashMap.getNode(ILjava/lang/Object;)Ljava/util/HashMap$Node; @ 126

Internal exceptions (3 events):
Event: 0.043 Thread 0x0000000002520800 Exception <a 'java/lang/NoSuchMethodError': Method sun.misc.Unsafe.defineClass(Ljava/lang/String;[BII)Ljava/lang/Class; name or signature does not match> (0x00000000d5593090) thrown at [D:\re\puppet\workspace\8-2-build-windows-amd64-cygwin\jdk8u73\6086\hot›a‰¨¹I¦?
Event: 0.044 Thread 0x0000000002520800 Exception <a 'java/lang/NoSuchMethodError': Method sun.misc.Unsafe.prefetchRead(Ljava/lang/Object;J)V name or signature does not match> (0x00000000d5593378) thrown at [D:\re\puppet\workspace\8-2-build-windows-amd64-cygwin\jdk8u73\6086\hotspot\src\share\vm\Óç;¶ù6î?
Event: 0.944 Thread 0x0000000018aa8800 Implicit null exception at 0x000000000292a0a2 to 0x000000000292a19a

Events (10 events):
Event: 1.669 Thread 0x0000000018aa6800 DEOPT PACKING pc=0x0000000002b79a8c sp=0x00000000193fe650
Event: 1.669 Thread 0x0000000018aa6800 DEOPT UNPACKING pc=0x000000000266582a sp=0x00000000193fe650 mode 2
Event: 1.670 Thread 0x0000000018aa6800 Uncommon trap: trap_request=0xffffffc6 fr.pc=0x000000000294f828
Event: 1.670 Thread 0x0000000018aa6800 DEOPT PACKING pc=0x000000000294f828 sp=0x00000000193fe6f0
Event: 1.670 Thread 0x0000000018aa6800 DEOPT UNPACKING pc=0x000000000266582a sp=0x00000000193fe670 mode 2
Event: 1.676 Thread 0x0000000018aa6800 Thread exited: 0x0000000018aa6800
Event: 1.676 Thread 0x0000000018aa3800 Thread exited: 0x0000000018aa3800
Event: 1.676 loading class com/android/dx/command/dexer/Main$DexWriter
Event: 1.676 loading class com/android/dx/command/dexer/Main$DexWriter done
Event: 1.677 Thread 0x00000000198a8800 Thread added: 0x00000000198a8800


Dynamic libraries:
0x00007ff7f8750000 - 0x00007ff7f8787000 	X:\Program Files\Java\jdk1.8.0_73\bin\java.exe
0x00007ffae65e0000 - 0x00007ffae67a1000 	X:\Windows\SYSTEM32\ntdll.dll
0x00007ffae39e0000 - 0x00007ffae3a8d000 	X:\Windows\system32\KERNEL32.DLL
0x00007ffae3420000 - 0x00007ffae3608000 	X:\Windows\system32\KERNELBASE.dll
0x00007ffae5290000 - 0x00007ffae5337000 	X:\Windows\system32\ADVAPI32.dll
0x00007ffae6300000 - 0x00007ffae639d000 	X:\Windows\system32\msvcrt.dll
0x00007ffae61d0000 - 0x00007ffae622b000 	X:\Windows\system32\sechost.dll
0x00007ffae5830000 - 0x00007ffae594c000 	X:\Windows\system32\RPCRT4.dll
0x00007ffae5950000 - 0x00007ffae5aa6000 	X:\Windows\system32\USER32.dll
0x00007ffae56a0000 - 0x00007ffae5826000 	X:\Windows\system32\GDI32.dll
0x00007ffadd050000 - 0x00007ffadd2c4000 	X:\Windows\WinSxS\amd64_microsoft.windows.common-controls_6595b64144ccf1df_6.0.10586.0_none_8c15ae12515e1c22\COMCTL32.dll
0x00007ffae5ab0000 - 0x00007ffae5d2d000 	X:\Windows\system32\combase.dll
0x00007ffae3330000 - 0x00007ffae339a000 	X:\Windows\system32\bcryptPrimitives.dll
0x00007ffae4ff0000 - 0x00007ffae502b000 	X:\Windows\system32\IMM32.DLL
0x000000005d270000 - 0x000000005d342000 	X:\Program Files\Java\jdk1.8.0_73\jre\bin\msvcr100.dll
0x000000005d6f0000 - 0x000000005df80000 	X:\Program Files\Java\jdk1.8.0_73\jre\bin\server\jvm.dll
0x00007ffae65d0000 - 0x00007ffae65d8000 	X:\Windows\system32\PSAPI.DLL
0x00007ffae0cb0000 - 0x00007ffae0cb9000 	X:\Windows\SYSTEM32\WSOCK32.dll
0x00007ffae6160000 - 0x00007ffae61cb000 	X:\Windows\system32\WS2_32.dll
0x00007ffae0ef0000 - 0x00007ffae0f13000 	X:\Windows\SYSTEM32\WINMM.dll
0x00007ffadf760000 - 0x00007ffadf76a000 	X:\Windows\SYSTEM32\VERSION.dll
0x00007ffae0e80000 - 0x00007ffae0eac000 	X:\Windows\SYSTEM32\WINMMBASE.dll
0x00007ffae2c90000 - 0x00007ffae2cd3000 	X:\Windows\system32\cfgmgr32.dll
0x000000005d6e0000 - 0x000000005d6ef000 	X:\Program Files\Java\jdk1.8.0_73\jre\bin\verify.dll
0x000000005d6b0000 - 0x000000005d6d9000 	X:\Program Files\Java\jdk1.8.0_73\jre\bin\java.dll
0x000000005d690000 - 0x000000005d6a6000 	X:\Program Files\Java\jdk1.8.0_73\jre\bin\zip.dll
0x00007ffae3a90000 - 0x00007ffae4fec000 	X:\Windows\system32\SHELL32.dll
0x00007ffae2ce0000 - 0x00007ffae3325000 	X:\Windows\system32\windows.storage.dll
0x00007ffae6460000 - 0x00007ffae64b2000 	X:\Windows\system32\shlwapi.dll
0x00007ffae2c80000 - 0x00007ffae2c8f000 	X:\Windows\system32\kernel.appcore.dll
0x00007ffae3750000 - 0x00007ffae3805000 	X:\Windows\system32\shcore.dll
0x00007ffae2c00000 - 0x00007ffae2c4b000 	X:\Windows\system32\powrprof.dll
0x00007ffae2c60000 - 0x00007ffae2c74000 	X:\Windows\system32\profapi.dll

VM Arguments:
jvm_args: -Djava.awt.headless=true -Xmx2g -Dfile.encoding=GBK -Duser.country=CN -Duser.language=zh -Duser.variant 
java_command: com.android.dx.command.Main --dex --num-threads=4 --multi-dex --output E:\Android\CalorieCounter\app\build\intermediates\transforms\dex\debug\folders\1000\2\picasso-2.5.2_f19bc8512a460ac7df759013986e530956aa1cfe E:\Android\CalorieCounter\app\libs\picasso-2.5.2.jar
java_class_path (initial): E:\QMDownload\SDK\build-tools\23.0.3\lib\dx.jar
Launcher Type: SUN_STANDARD

Environment Variables:
PATH=X:\ProgramData\Oracle\Java\javapath;X:\Windows\system32;X:\Windows;X:\Windows\System32\Wbem;X:\Windows\System32\WindowsPowerShell\v1.0\;X:\Program Files (x86)\ATI Technologies\ATI.ACE\Core-Static;D:\Program Files\MATLAB\R2013a\runtime\win64;D:\Program Files\MATLAB\R2013a\bin;X:\Program Files\Java\jdk1.8.0_73\bin;D:\Python27;X:\Program Files (x86)\MySQL\MySQL Fabric 1.5 & MySQL Utilities 1.5\;X:\Program Files (x86)\MySQL\MySQL Fabric 1.5 & MySQL Utilities 1.5\Doctrine extensions for PHP\;E:\QMDownload\SDK\platform-tools
USERNAME=ÍõÉ­
OS=Windows_NT
PROCESSOR_IDENTIFIER=Intel64 Family 6 Model 60 Stepping 3, GenuineIntel



---------------  S Y S T E M  ---------------

OS: Windows 10.0 , 64 bit Build 10586 (10.0.10586.0)

CPU:total 4 (4 cores per cpu, 1 threads per core) family 6 model 60 stepping 3, cmov, cx8, fxsr, mmx, sse, sse2, sse3, ssse3, sse4.1, sse4.2, popcnt, avx, avx2, aes, clmul, erms, lzcnt, tsc, tscinvbit, bmi1, bmi2

Memory: 4k page, physical 8315044k(2073472k free), swap 8315044k(5576k free)

vm_info: Java HotSpot(TM) 64-Bit Server VM (25.73-b02) for windows-amd64 JRE (1.8.0_73-b02), built on Jan 29 2016 17:38:49 by "java_re" with MS VC++ 10.0 (VS2010)

time: Fri Apr 22 16:42:28 2016
elapsed time: 1 seconds (0d 0h 0m 1s)

