#
# There is insufficient memory for the Java Runtime Environment to continue.
# Native memory allocation (malloc) failed to allocate 1318352 bytes for Chunk::new
# Possible reasons:
#   The system is out of physical RAM or swap space
#   In 32 bit mode, the process size limit was hit
# Possible solutions:
#   Reduce memory load on the system
#   Increase physical memory or swap space
#   Check if swap backing store is full
#   Use 64 bit Java on a 64 bit OS
#   Decrease Java heap size (-Xmx/-Xms)
#   Decrease number of Java threads
#   Decrease Java thread stack sizes (-Xss)
#   Set larger code cache with -XX:ReservedCodeCacheSize=
# This output file may be truncated or incomplete.
#
#  Out of Memory Error (allocation.cpp:390), pid=11268, tid=10212
#
# JRE version: Java(TM) SE Runtime Environment (8.0_73-b02) (build 1.8.0_73-b02)
# Java VM: Java HotSpot(TM) 64-Bit Server VM (25.73-b02 mixed mode windows-amd64 compressed oops)
# Failed to write core dump. Minidumps are not enabled by default on client versions of Windows
#

---------------  T H R E A D  ---------------

Current thread (0x0000000018877800):  JavaThread "C2 CompilerThread1" daemon [_thread_in_native, id=10212, stack(0x0000000018c20000,0x0000000018d20000)]

Stack: [0x0000000018c20000,0x0000000018d20000]
[error occurred during error reporting (printing stack bounds), id 0xc0000005]

Native frames: (J=compiled Java code, j=interpreted, Vv=VM code, C=native code)


Current CompileTask:
C2:   1923 1670   !   4       com.android.dx.cf.code.BytecodeArray::parseInstruction (2764 bytes)


---------------  P R O C E S S  ---------------

Java Threads: ( => current thread )
  0x0000000018b0d800 JavaThread "pool-2-thread-4" [_thread_blocked, id=8352, stack(0x0000000019420000,0x0000000019520000)]
  0x0000000018ada800 JavaThread "pool-2-thread-3" [_thread_blocked, id=9348, stack(0x0000000019320000,0x0000000019420000)]
  0x0000000018b07800 JavaThread "pool-2-thread-2" [_thread_blocked, id=15172, stack(0x0000000019220000,0x0000000019320000)]
  0x0000000018a77000 JavaThread "pool-3-thread-1" [_thread_blocked, id=9244, stack(0x0000000019120000,0x0000000019220000)]
  0x0000000018a76800 JavaThread "pool-2-thread-1" [_thread_in_Java, id=10660, stack(0x0000000019020000,0x0000000019120000)]
  0x000000001887d800 JavaThread "Service Thread" daemon [_thread_blocked, id=12648, stack(0x0000000018e20000,0x0000000018f20000)]
  0x000000001887a800 JavaThread "C1 CompilerThread2" daemon [_thread_blocked, id=12924, stack(0x0000000018d20000,0x0000000018e20000)]
=>0x0000000018877800 JavaThread "C2 CompilerThread1" daemon [_thread_in_native, id=10212, stack(0x0000000018c20000,0x0000000018d20000)]
  0x000000001722a000 JavaThread "C2 CompilerThread0" daemon [_thread_in_native, id=5952, stack(0x0000000018720000,0x0000000018820000)]
  0x00000000171de000 JavaThread "Attach Listener" daemon [_thread_blocked, id=15024, stack(0x0000000018620000,0x0000000018720000)]
  0x00000000171c7000 JavaThread "Signal Dispatcher" daemon [_thread_blocked, id=10612, stack(0x0000000018520000,0x0000000018620000)]
  0x00000000025a6000 JavaThread "Finalizer" daemon [_thread_blocked, id=3568, stack(0x0000000018420000,0x0000000018520000)]
  0x000000000259d000 JavaThread "Reference Handler" daemon [_thread_blocked, id=14340, stack(0x0000000018320000,0x0000000018420000)]
  0x00000000024b0800 JavaThread "main" [_thread_blocked, id=11284, stack(0x00000000023b0000,0x00000000024b0000)]

Other Threads:
  0x0000000017198000 VMThread [stack: 0x0000000018220000,0x0000000018320000] [id=10460]
  0x00000000188cd000 WatcherThread [stack: 0x0000000018f20000,0x0000000019020000] [id=11728]

VM state:not at safepoint (normal execution)

VM Mutex/Monitor currently owned by a thread:  ([mutex/lock_event])
[0x00000000023ac230] Heap_lock - owner thread: 0x0000000018ada800

Heap:
 PSYoungGen      total 38400K, used 5373K [0x00000000d5580000, 0x00000000d8000000, 0x0000000100000000)
  eden space 33280K, 0% used [0x00000000d5580000,0x00000000d55c5de8,0x00000000d7600000)
  from space 5120K, 99% used [0x00000000d7600000,0x00000000d7af9888,0x00000000d7b00000)
  to   space 5120K, 0% used [0x00000000d7b00000,0x00000000d7b00000,0x00000000d8000000)
 ParOldGen       total 87552K, used 10906K [0x0000000080000000, 0x0000000085580000, 0x00000000d5580000)
  object space 87552K, 12% used [0x0000000080000000,0x0000000080aa68b0,0x0000000085580000)
 Metaspace       used 6269K, capacity 7092K, committed 7296K, reserved 1056768K
  class space    used 605K, capacity 620K, committed 640K, reserved 1048576K

Card table byte_map: [0x0000000011970000,0x0000000011d80000] byte_map_base: 0x0000000011570000

Marking Bits: (ParMarkBitMap*) 0x00000000530a0600
 Begin Bits: [0x0000000012430000, 0x0000000014430000)
 End Bits:   [0x0000000014430000, 0x0000000016430000)

Polling page: 0x00000000001f0000

CodeCache: size=245760Kb used=7126Kb max_used=7126Kb free=238633Kb
 bounds [0x00000000025b0000, 0x0000000002cb0000, 0x00000000115b0000]
 total_blobs=1935 nmethods=1663 adapters=184
 compilation: enabled

Compilation events (10 events):
Event: 1.893 Thread 0x000000001887a800 1694       2       java.util.TreeMap$EntrySet::iterator (19 bytes)
Event: 1.893 Thread 0x000000001887a800 nmethod 1694 0x0000000002ca9990 code [0x0000000002ca9b00, 0x0000000002ca9d70]
Event: 1.896 Thread 0x000000001887a800 1695       2       java.util.concurrent.locks.AbstractQueuedSynchronizer::acquire (27 bytes)
Event: 1.896 Thread 0x000000001887a800 nmethod 1695 0x0000000002ca9ed0 code [0x0000000002caa060, 0x0000000002caa278]
Event: 1.902 Thread 0x000000001887a800 1696       2       com.android.dx.ssa.SCCP::simulateStmt (481 bytes)
Event: 1.903 Thread 0x000000001887a800 nmethod 1696 0x0000000002caa390 code [0x0000000002caa600, 0x0000000002caaed8]
Event: 1.903 Thread 0x000000001887a800 1697       2       com.android.dx.ssa.SsaInsn::setResult (20 bytes)
Event: 1.903 Thread 0x000000001887a800 nmethod 1697 0x0000000002cabd10 code [0x0000000002cabe80, 0x0000000002cac088]
Event: 1.906 Thread 0x000000001887a800 1698       1       com.android.dx.dex.file.OffsettedItem::getAlignment (5 bytes)
Event: 1.906 Thread 0x000000001887a800 nmethod 1698 0x0000000002cac150 code [0x0000000002cac2a0, 0x0000000002cac3b0]

GC Heap History (6 events):
Event: 0.976 GC heap before
{Heap before GC invocations=1 (full 0):
 PSYoungGen      total 38400K, used 33280K [0x00000000d5580000, 0x00000000d8000000, 0x0000000100000000)
  eden space 33280K, 100% used [0x00000000d5580000,0x00000000d7600000,0x00000000d7600000)
  from space 5120K, 0% used [0x00000000d7b00000,0x00000000d7b00000,0x00000000d8000000)
  to   space 5120K, 0% used [0x00000000d7600000,0x00000000d7600000,0x00000000d7b00000)
 ParOldGen       total 87552K, used 0K [0x0000000080000000, 0x0000000085580000, 0x00000000d5580000)
  object space 87552K, 0% used [0x0000000080000000,0x0000000080000000,0x0000000085580000)
 Metaspace       used 6050K, capacity 6964K, committed 7040K, reserved 1056768K
  class space    used 603K, capacity 620K, committed 640K, reserved 1048576K
Event: 0.982 GC heap after
Heap after GC invocations=1 (full 0):
 PSYoungGen      total 38400K, used 5092K [0x00000000d5580000, 0x00000000d8000000, 0x0000000100000000)
  eden space 33280K, 0% used [0x00000000d5580000,0x00000000d5580000,0x00000000d7600000)
  from space 5120K, 99% used [0x00000000d7600000,0x00000000d7af92c8,0x00000000d7b00000)
  to   space 5120K, 0% used [0x00000000d7b00000,0x00000000d7b00000,0x00000000d8000000)
 ParOldGen       total 87552K, used 1302K [0x0000000080000000, 0x0000000085580000, 0x00000000d5580000)
  object space 87552K, 1% used [0x0000000080000000,0x0000000080145950,0x0000000085580000)
 Metaspace       used 6050K, capacity 6964K, committed 7040K, reserved 1056768K
  class space    used 603K, capacity 620K, committed 640K, reserved 1048576K
}
Event: 1.640 GC heap before
{Heap before GC invocations=2 (full 0):
 PSYoungGen      total 38400K, used 38372K [0x00000000d5580000, 0x00000000d8000000, 0x0000000100000000)
  eden space 33280K, 100% used [0x00000000d5580000,0x00000000d7600000,0x00000000d7600000)
  from space 5120K, 99% used [0x00000000d7600000,0x00000000d7af92c8,0x00000000d7b00000)
  to   space 5120K, 0% used [0x00000000d7b00000,0x00000000d7b00000,0x00000000d8000000)
 ParOldGen       total 87552K, used 1302K [0x0000000080000000, 0x0000000085580000, 0x00000000d5580000)
  object space 87552K, 1% used [0x0000000080000000,0x0000000080145950,0x0000000085580000)
 Metaspace       used 6230K, capacity 7092K, committed 7296K, reserved 1056768K
  class space    used 605K, capacity 620K, committed 640K, reserved 1048576K
Event: 1.651 GC heap after
Heap after GC invocations=2 (full 0):
 PSYoungGen      total 38400K, used 5095K [0x00000000d5580000, 0x00000000d8000000, 0x0000000100000000)
  eden space 33280K, 0% used [0x00000000d5580000,0x00000000d5580000,0x00000000d7600000)
  from space 5120K, 99% used [0x00000000d7b00000,0x00000000d7ff9f48,0x00000000d8000000)
  to   space 5120K, 0% used [0x00000000d7600000,0x00000000d7600000,0x00000000d7b00000)
 ParOldGen       total 87552K, used 5994K [0x0000000080000000, 0x0000000085580000, 0x00000000d5580000)
  object space 87552K, 6% used [0x0000000080000000,0x00000000805daaa0,0x0000000085580000)
 Metaspace       used 6230K, capacity 7092K, committed 7296K, reserved 1056768K
  class space    used 605K, capacity 620K, committed 640K, reserved 1048576K
}
Event: 1.906 GC heap before
{Heap before GC invocations=3 (full 0):
 PSYoungGen      total 38400K, used 38375K [0x00000000d5580000, 0x00000000d8000000, 0x0000000100000000)
  eden space 33280K, 100% used [0x00000000d5580000,0x00000000d7600000,0x00000000d7600000)
  from space 5120K, 99% used [0x00000000d7b00000,0x00000000d7ff9f48,0x00000000d8000000)
  to   space 5120K, 0% used [0x00000000d7600000,0x00000000d7600000,0x00000000d7b00000)
 ParOldGen       total 87552K, used 5994K [0x0000000080000000, 0x0000000085580000, 0x00000000d5580000)
  object space 87552K, 6% used [0x0000000080000000,0x00000000805daaa0,0x0000000085580000)
 Metaspace       used 6269K, capacity 7092K, committed 7296K, reserved 1056768K
  class space    used 605K, capacity 620K, committed 640K, reserved 1048576K
Event: 1.917 GC heap after
Heap after GC invocations=3 (full 0):
 PSYoungGen      total 38400K, used 5094K [0x00000000d5580000, 0x00000000d8000000, 0x0000000100000000)
  eden space 33280K, 0% used [0x00000000d5580000,0x00000000d5580000,0x00000000d7600000)
  from space 5120K, 99% used [0x00000000d7600000,0x00000000d7af9888,0x00000000d7b00000)
  to   space 5120K, 0% used [0x00000000d7b00000,0x00000000d7b00000,0x00000000d8000000)
 ParOldGen       total 87552K, used 10906K [0x0000000080000000, 0x0000000085580000, 0x00000000d5580000)
  object space 87552K, 12% used [0x0000000080000000,0x0000000080aa68b0,0x0000000085580000)
 Metaspace       used 6269K, capacity 7092K, committed 7296K, reserved 1056768K
  class space    used 605K, capacity 620K, committed 640K, reserved 1048576K
}

Deoptimization events (10 events):
Event: 1.657 Thread 0x0000000018ada800 Uncommon trap: reason=bimorphic action=maybe_recompile pc=0x00000000027e7ae4 method=java.util.HashMap.getNode(ILjava/lang/Object;)Ljava/util/HashMap$Node; @ 126
Event: 1.687 Thread 0x0000000018b0d800 Uncommon trap: reason=unstable_if action=reinterpret pc=0x0000000002c29944 method=com.android.dx.rop.code.LocalVariableInfo.mergeStarts(ILcom/android/dx/rop/code/RegisterSpecSet;)Z @ 31
Event: 1.690 Thread 0x00000000024b0800 Uncommon trap: reason=unloaded action=reinterpret pc=0x0000000002b06f14 method=com.android.dx.cf.cst.ConstantPoolParser.parse0(ILjava/util/BitSet;)Lcom/android/dx/rop/cst/Constant; @ 198
Event: 1.697 Thread 0x0000000018a76800 Uncommon trap: reason=class_check action=maybe_recompile pc=0x0000000002bd7b60 method=com.android.dx.cf.code.BytecodeArray.parseInstruction(ILcom/android/dx/cf/code/BytecodeArray$Visitor;)I @ 1672
Event: 1.697 Thread 0x0000000018a76800 Uncommon trap: reason=class_check action=maybe_recompile pc=0x0000000002bd7b60 method=com.android.dx.cf.code.BytecodeArray.parseInstruction(ILcom/android/dx/cf/code/BytecodeArray$Visitor;)I @ 1672
Event: 1.697 Thread 0x0000000018a76800 Uncommon trap: reason=class_check action=maybe_recompile pc=0x0000000002bd7b60 method=com.android.dx.cf.code.BytecodeArray.parseInstruction(ILcom/android/dx/cf/code/BytecodeArray$Visitor;)I @ 1672
Event: 1.697 Thread 0x0000000018a76800 Uncommon trap: reason=class_check action=maybe_recompile pc=0x0000000002bd7b60 method=com.android.dx.cf.code.BytecodeArray.parseInstruction(ILcom/android/dx/cf/code/BytecodeArray$Visitor;)I @ 1672
Event: 1.871 Thread 0x0000000018ada800 Uncommon trap: reason=unstable_if action=reinterpret pc=0x0000000002c7221c method=com.android.dx.cf.code.RopperMachine.run(Lcom/android/dx/cf/code/Frame;II)V @ 1500
Event: 1.887 Thread 0x0000000018ada800 Uncommon trap: reason=null_check action=make_not_entrant pc=0x00000000029ed834 method=com.android.dx.ssa.SsaRenamer.getLocalForNewReg(I)Lcom/android/dx/rop/code/LocalItem; @ 19
Event: 1.902 Thread 0x0000000018b0d800 Uncommon trap: reason=unstable_if action=reinterpret pc=0x0000000002b52358 method=com.android.dx.ssa.SCCP.simulateStmt(Lcom/android/dx/ssa/SsaInsn;)V @ 59

Internal exceptions (4 events):
Event: 0.029 Thread 0x00000000024b0800 Exception <a 'java/lang/NoSuchMethodError': Method sun.misc.Unsafe.defineClass(Ljava/lang/String;[BII)Ljava/lang/Class; name or signature does not match> (0x00000000d5592f58) thrown at [D:\re\puppet\workspace\8-2-build-windows-amd64-cygwin\jdk8u73\6086\hotbT⁄;=5û?
Event: 0.029 Thread 0x00000000024b0800 Exception <a 'java/lang/NoSuchMethodError': Method sun.misc.Unsafe.prefetchRead(Ljava/lang/Object;J)V name or signature does not match> (0x00000000d5593240) thrown at [D:\re\puppet\workspace\8-2-build-windows-amd64-cygwin\jdk8u73\6086\hotspot\src\share\vm\VÂùnçÁ?
Event: 1.057 Thread 0x0000000018b07800 Implicit null exception at 0x00000000029bd0ca to 0x00000000029bf1c1
Event: 1.887 Thread 0x0000000018ada800 Implicit null exception at 0x00000000029eb618 to 0x00000000029ed819

Events (10 events):
Event: 1.871 Thread 0x0000000018ada800 DEOPT PACKING pc=0x0000000002c7221c sp=0x000000001941def0
Event: 1.871 Thread 0x0000000018ada800 DEOPT UNPACKING pc=0x00000000025f582a sp=0x000000001941dec8 mode 2
Event: 1.887 Thread 0x0000000018ada800 Uncommon trap: trap_request=0xfffffff4 fr.pc=0x00000000029ed834
Event: 1.887 Thread 0x0000000018ada800 DEOPT PACKING pc=0x00000000029ed834 sp=0x000000001941e4c0
Event: 1.887 Thread 0x0000000018ada800 DEOPT UNPACKING pc=0x00000000025f582a sp=0x000000001941e378 mode 2
Event: 1.902 Thread 0x0000000018b0d800 Uncommon trap: trap_request=0xffffff65 fr.pc=0x0000000002b52358
Event: 1.902 Thread 0x0000000018b0d800 DEOPT PACKING pc=0x0000000002b52358 sp=0x000000001951e8d0
Event: 1.902 Thread 0x0000000018b0d800 DEOPT UNPACKING pc=0x00000000025f582a sp=0x000000001951e8c8 mode 2
Event: 1.906 Executing VM operation: ParallelGCFailedAllocation
Event: 1.917 Executing VM operation: ParallelGCFailedAllocation done


Dynamic libraries:
0x00007ff6fb7a0000 - 0x00007ff6fb7d7000 	X:\Program Files\Java\jdk1.8.0_73\bin\java.exe
0x00007ffec5b10000 - 0x00007ffec5cd1000 	X:\Windows\SYSTEM32\ntdll.dll
0x00007ffec35e0000 - 0x00007ffec368d000 	X:\Windows\system32\KERNEL32.DLL
0x00007ffec2930000 - 0x00007ffec2b18000 	X:\Windows\system32\KERNELBASE.dll
0x00007ffec34c0000 - 0x00007ffec3567000 	X:\Windows\system32\ADVAPI32.dll
0x00007ffec50c0000 - 0x00007ffec515d000 	X:\Windows\system32\msvcrt.dll
0x00007ffec59a0000 - 0x00007ffec59fb000 	X:\Windows\system32\sechost.dll
0x00007ffec2f10000 - 0x00007ffec302c000 	X:\Windows\system32\RPCRT4.dll
0x00007ffec32f0000 - 0x00007ffec3446000 	X:\Windows\system32\USER32.dll
0x00007ffec3030000 - 0x00007ffec31b6000 	X:\Windows\system32\GDI32.dll
0x00007ffeb89d0000 - 0x00007ffeb8c44000 	X:\Windows\WinSxS\amd64_microsoft.windows.common-controls_6595b64144ccf1df_6.0.10586.0_none_8c15ae12515e1c22\COMCTL32.dll
0x00007ffec4e20000 - 0x00007ffec509d000 	X:\Windows\system32\combase.dll
0x00007ffec2ea0000 - 0x00007ffec2f0a000 	X:\Windows\system32\bcryptPrimitives.dll
0x00007ffec56f0000 - 0x00007ffec572b000 	X:\Windows\system32\IMM32.DLL
0x0000000052330000 - 0x0000000052402000 	X:\Program Files\Java\jdk1.8.0_73\jre\bin\msvcr100.dll
0x0000000052890000 - 0x0000000053120000 	X:\Program Files\Java\jdk1.8.0_73\jre\bin\server\jvm.dll
0x00007ffec4c50000 - 0x00007ffec4c58000 	X:\Windows\system32\PSAPI.DLL
0x00007ffebded0000 - 0x00007ffebded9000 	X:\Windows\SYSTEM32\WSOCK32.dll
0x00007ffec3570000 - 0x00007ffec35db000 	X:\Windows\system32\WS2_32.dll
0x00007ffec0720000 - 0x00007ffec0743000 	X:\Windows\SYSTEM32\WINMM.dll
0x00007ffebe7e0000 - 0x00007ffebe7ea000 	X:\Windows\SYSTEM32\VERSION.dll
0x00007ffec0660000 - 0x00007ffec068c000 	X:\Windows\SYSTEM32\WINMMBASE.dll
0x00007ffec2bd0000 - 0x00007ffec2c13000 	X:\Windows\system32\cfgmgr32.dll
0x00000000527a0000 - 0x00000000527af000 	X:\Program Files\Java\jdk1.8.0_73\jre\bin\verify.dll
0x0000000052770000 - 0x0000000052799000 	X:\Program Files\Java\jdk1.8.0_73\jre\bin\java.dll
0x0000000052750000 - 0x0000000052766000 	X:\Program Files\Java\jdk1.8.0_73\jre\bin\zip.dll
0x00007ffec36f0000 - 0x00007ffec4c4c000 	X:\Windows\system32\SHELL32.dll
0x00007ffec2220000 - 0x00007ffec2865000 	X:\Windows\system32\windows.storage.dll
0x00007ffec3690000 - 0x00007ffec36e2000 	X:\Windows\system32\shlwapi.dll
0x00007ffec2130000 - 0x00007ffec213f000 	X:\Windows\system32\kernel.appcore.dll
0x00007ffec2870000 - 0x00007ffec2925000 	X:\Windows\system32\shcore.dll
0x00007ffec2140000 - 0x00007ffec218b000 	X:\Windows\system32\powrprof.dll
0x00007ffec2190000 - 0x00007ffec21a4000 	X:\Windows\system32\profapi.dll

VM Arguments:
jvm_args: -Djava.awt.headless=true -Xmx2g -Dfile.encoding=GBK -Duser.country=CN -Duser.language=zh -Duser.variant 
java_command: com.android.dx.command.Main --dex --num-threads=4 --multi-dex --output E:\Android\CalorieCounter\app\build\intermediates\transforms\dex\debug\folders\1000\10\com.android.support-design-23.2.1_2a94e4507ec2bfa02df0223d8ec37cf5629c4adb E:\Android\CalorieCounter\app\build\intermediates\exploded-aar\com.android.support\design\23.2.1\jars\classes.jar
java_class_path (initial): E:\QMDownload\SDK\build-tools\23.0.3\lib\dx.jar
Launcher Type: SUN_STANDARD

Environment Variables:
PATH=X:\ProgramData\Oracle\Java\javapath;X:\Windows\system32;X:\Windows;X:\Windows\System32\Wbem;X:\Windows\System32\WindowsPowerShell\v1.0\;X:\Program Files (x86)\ATI Technologies\ATI.ACE\Core-Static;D:\Program Files\MATLAB\R2013a\runtime\win64;D:\Program Files\MATLAB\R2013a\bin;X:\Program Files\Java\jdk1.8.0_73\bin;D:\Python27;X:\Program Files (x86)\MySQL\MySQL Fabric 1.5 & MySQL Utilities 1.5\;X:\Program Files (x86)\MySQL\MySQL Fabric 1.5 & MySQL Utilities 1.5\Doctrine extensions for PHP\;E:\QMDownload\SDK\platform-tools
USERNAME=Õı…≠
OS=Windows_NT
PROCESSOR_IDENTIFIER=Intel64 Family 6 Model 60 Stepping 3, GenuineIntel



---------------  S Y S T E M  ---------------

OS: Windows 10.0 , 64 bit Build 10586 (10.0.10586.0)

CPU:total 4 (4 cores per cpu, 1 threads per core) family 6 model 60 stepping 3, cmov, cx8, fxsr, mmx, sse, sse2, sse3, ssse3, sse4.1, sse4.2, popcnt, avx, avx2, aes, clmul, erms, lzcnt, tsc, tscinvbit, bmi1, bmi2

Memory: 4k page, physical 8315044k(1757356k free), swap 8315044k(10576k free)

vm_info: Java HotSpot(TM) 64-Bit Server VM (25.73-b02) for windows-amd64 JRE (1.8.0_73-b02), built on Jan 29 2016 17:38:49 by "java_re" with MS VC++ 10.0 (VS2010)

time: Tue Apr 26 20:43:08 2016
elapsed time: 1 seconds (0d 0h 0m 1s)

