#
# There is insufficient memory for the Java Runtime Environment to continue.
# Native memory allocation (malloc) failed to allocate 1711456 bytes for Chunk::new
# Possible reasons:
#   The system is out of physical RAM or swap space
#   In 32 bit mode, the process size limit was hit
# Possible solutions:
#   Reduce memory load on the system
#   Increase physical memory or swap space
#   Check if swap backing store is full
#   Use 64 bit Java on a 64 bit OS
#   Decrease Java heap size (-Xmx/-Xms)
#   Decrease number of Java threads
#   Decrease Java thread stack sizes (-Xss)
#   Set larger code cache with -XX:ReservedCodeCacheSize=
# This output file may be truncated or incomplete.
#
#  Out of Memory Error (allocation.cpp:390), pid=9816, tid=7676
#
# JRE version: Java(TM) SE Runtime Environment (8.0_73-b02) (build 1.8.0_73-b02)
# Java VM: Java HotSpot(TM) 64-Bit Server VM (25.73-b02 mixed mode windows-amd64 compressed oops)
# Failed to write core dump. Minidumps are not enabled by default on client versions of Windows
#

---------------  T H R E A D  ---------------

Current thread (0x0000000014d4e000):  JavaThread "C2 CompilerThread1" daemon [_thread_in_native, id=7676, stack(0x0000000016770000,0x0000000016870000)]

Stack: [0x0000000016770000,0x0000000016870000]
[error occurred during error reporting (printing stack bounds), id 0xc0000005]

Native frames: (J=compiled Java code, j=interpreted, Vv=VM code, C=native code)


Current CompileTask:
C2:   1328 1419   !   4       com.android.dx.cf.code.BytecodeArray::parseInstruction (2764 bytes)


---------------  P R O C E S S  ---------------

Java Threads: ( => current thread )
  0x0000000016601000 JavaThread "pool-1-thread-4" [_thread_in_Java, id=8396, stack(0x0000000016f70000,0x0000000017070000)]
  0x0000000016600800 JavaThread "pool-1-thread-3" [_thread_in_Java, id=3836, stack(0x0000000016e70000,0x0000000016f70000)]
  0x0000000016673000 JavaThread "pool-1-thread-2" [_thread_in_Java, id=2172, stack(0x0000000016d70000,0x0000000016e70000)]
  0x0000000016670800 JavaThread "pool-2-thread-1" [_thread_blocked, id=10220, stack(0x0000000016c70000,0x0000000016d70000)]
  0x0000000016638000 JavaThread "pool-1-thread-1" [_thread_in_Java, id=4656, stack(0x0000000016b70000,0x0000000016c70000)]
  0x00000000163d1800 JavaThread "Service Thread" daemon [_thread_blocked, id=4112, stack(0x0000000016970000,0x0000000016a70000)]
  0x00000000163cb000 JavaThread "C1 CompilerThread2" daemon [_thread_blocked, id=9176, stack(0x0000000016870000,0x0000000016970000)]
=>0x0000000014d4e000 JavaThread "C2 CompilerThread1" daemon [_thread_in_native, id=7676, stack(0x0000000016770000,0x0000000016870000)]
  0x0000000014d4b000 JavaThread "C2 CompilerThread0" daemon [_thread_in_native, id=10136, stack(0x0000000016270000,0x0000000016370000)]
  0x0000000014cfe800 JavaThread "Attach Listener" daemon [_thread_blocked, id=8076, stack(0x0000000016170000,0x0000000016270000)]
  0x0000000014ce8000 JavaThread "Signal Dispatcher" daemon [_thread_blocked, id=6152, stack(0x0000000016070000,0x0000000016170000)]
  0x0000000002610800 JavaThread "Finalizer" daemon [_thread_blocked, id=2412, stack(0x0000000015f70000,0x0000000016070000)]
  0x000000000260d000 JavaThread "Reference Handler" daemon [_thread_blocked, id=5572, stack(0x0000000015e70000,0x0000000015f70000)]
  0x0000000002520800 JavaThread "main" [_thread_in_Java, id=6156, stack(0x0000000002020000,0x0000000002120000)]

Other Threads:
  0x0000000014cb7800 VMThread [stack: 0x0000000015d70000,0x0000000015e70000] [id=6972]
  0x0000000016423000 WatcherThread [stack: 0x0000000016a70000,0x0000000016b70000] [id=5608]

VM state:not at safepoint (normal execution)

VM Mutex/Monitor currently owned by a thread: None

Heap:
 PSYoungGen      total 38400K, used 34431K [0x00000000eab00000, 0x00000000ed580000, 0x0000000100000000)
  eden space 33280K, 88% used [0x00000000eab00000,0x00000000ec7a5b28,0x00000000ecb80000)
  from space 5120K, 99% used [0x00000000ecb80000,0x00000000ed07a388,0x00000000ed080000)
  to   space 5120K, 0% used [0x00000000ed080000,0x00000000ed080000,0x00000000ed580000)
 ParOldGen       total 87552K, used 929K [0x00000000c0000000, 0x00000000c5580000, 0x00000000eab00000)
  object space 87552K, 1% used [0x00000000c0000000,0x00000000c00e8568,0x00000000c5580000)
 Metaspace       used 6234K, capacity 7092K, committed 7296K, reserved 1056768K
  class space    used 605K, capacity 620K, committed 640K, reserved 1048576K

Card table byte_map: [0x00000000119e0000,0x0000000011bf0000] byte_map_base: 0x00000000113e0000

Marking Bits: (ParMarkBitMap*) 0x00000000540e0600
 Begin Bits: [0x0000000012150000, 0x0000000013150000)
 End Bits:   [0x0000000013150000, 0x0000000014150000)

Polling page: 0x00000000001f0000

CodeCache: size=245760Kb used=6045Kb max_used=6064Kb free=239714Kb
 bounds [0x0000000002620000, 0x0000000002c20000, 0x0000000011620000]
 total_blobs=1750 nmethods=1479 adapters=184
 compilation: enabled

Compilation events (10 events):
Event: 1.225 Thread 0x00000000163cb000 1484       1       com.android.dx.cf.direct.FieldListParser::getAttributeContext (2 bytes)
Event: 1.225 Thread 0x00000000163cb000 nmethod 1484 0x0000000002c020d0 code [0x0000000002c02220, 0x0000000002c02330]
Event: 1.225 Thread 0x00000000163cb000 1485       1       com.android.dx.cf.direct.MethodListParser::getAttributeContext (2 bytes)
Event: 1.225 Thread 0x00000000163cb000 nmethod 1485 0x0000000002c02390 code [0x0000000002c024e0, 0x0000000002c025f0]
Event: 1.236 Thread 0x0000000014d4e000 nmethod 1406 0x0000000002c08390 code [0x0000000002c087c0, 0x0000000002c0b7c0]
Event: 1.236 Thread 0x0000000014d4e000 1431   !   4       com.android.dx.rop.code.BasicBlock::<init> (273 bytes)
Event: 1.241 Thread 0x0000000014d4e000 nmethod 1431 0x0000000002c04190 code [0x0000000002c04300, 0x0000000002c04958]
Event: 1.241 Thread 0x0000000014d4e000 1456       4       com.android.dx.ssa.SsaInsn::<init> (29 bytes)
Event: 1.242 Thread 0x0000000014d4e000 nmethod 1456 0x0000000002a74610 code [0x0000000002a74740, 0x0000000002a747d8]
Event: 1.242 Thread 0x0000000014d4e000 1419   !   4       com.android.dx.cf.code.BytecodeArray::parseInstruction (2764 bytes)

GC Heap History (2 events):
Event: 1.023 GC heap before
{Heap before GC invocations=1 (full 0):
 PSYoungGen      total 38400K, used 33280K [0x00000000eab00000, 0x00000000ed580000, 0x0000000100000000)
  eden space 33280K, 100% used [0x00000000eab00000,0x00000000ecb80000,0x00000000ecb80000)
  from space 5120K, 0% used [0x00000000ed080000,0x00000000ed080000,0x00000000ed580000)
  to   space 5120K, 0% used [0x00000000ecb80000,0x00000000ecb80000,0x00000000ed080000)
 ParOldGen       total 87552K, used 0K [0x00000000c0000000, 0x00000000c5580000, 0x00000000eab00000)
  object space 87552K, 0% used [0x00000000c0000000,0x00000000c0000000,0x00000000c5580000)
 Metaspace       used 5928K, capacity 6836K, committed 7040K, reserved 1056768K
  class space    used 599K, capacity 620K, committed 640K, reserved 1048576K
Event: 1.029 GC heap after
Heap after GC invocations=1 (full 0):
 PSYoungGen      total 38400K, used 5096K [0x00000000eab00000, 0x00000000ed580000, 0x0000000100000000)
  eden space 33280K, 0% used [0x00000000eab00000,0x00000000eab00000,0x00000000ecb80000)
  from space 5120K, 99% used [0x00000000ecb80000,0x00000000ed07a388,0x00000000ed080000)
  to   space 5120K, 0% used [0x00000000ed080000,0x00000000ed080000,0x00000000ed580000)
 ParOldGen       total 87552K, used 929K [0x00000000c0000000, 0x00000000c5580000, 0x00000000eab00000)
  object space 87552K, 1% used [0x00000000c0000000,0x00000000c00e8568,0x00000000c5580000)
 Metaspace       used 5928K, capacity 6836K, committed 7040K, reserved 1056768K
  class space    used 599K, capacity 620K, committed 640K, reserved 1048576K
}

Deoptimization events (3 events):
Event: 0.212 Thread 0x0000000002520800 Uncommon trap: reason=unstable_if action=reinterpret pc=0x0000000002781194 method=java.lang.String.compareTo(Ljava/lang/String;)I @ 38
Event: 0.880 Thread 0x0000000016673000 Uncommon trap: reason=unstable_if action=reinterpret pc=0x00000000028e2d5c method=com.android.dx.rop.cst.Constant.compareTo(Lcom/android/dx/rop/cst/Constant;)I @ 12
Event: 1.201 Thread 0x0000000016673000 Uncommon trap: reason=unstable_if action=reinterpret pc=0x0000000002b72ae4 method=com.android.dx.ssa.SCCP.simulateStmt(Lcom/android/dx/ssa/SsaInsn;)V @ 53

Internal exceptions (2 events):
Event: 0.043 Thread 0x0000000002520800 Exception <a 'java/lang/NoSuchMethodError': Method sun.misc.Unsafe.defineClass(Ljava/lang/String;[BII)Ljava/lang/Class; name or signature does not match> (0x00000000eab13090) thrown at [D:\re\puppet\workspace\8-2-build-windows-amd64-cygwin\jdk8u73\6086\hot7/€ôœ•?
Event: 0.043 Thread 0x0000000002520800 Exception <a 'java/lang/NoSuchMethodError': Method sun.misc.Unsafe.prefetchRead(Ljava/lang/Object;J)V name or signature does not match> (0x00000000eab13378) thrown at [D:\re\puppet\workspace\8-2-build-windows-amd64-cygwin\jdk8u73\6086\hotspot\src\share\vm\

Events (10 events):
Event: 1.141 loading class com/android/dx/cf/attrib/AttExceptions done
Event: 1.159 loading class com/android/dx/cf/attrib/AttRuntimeInvisibleAnnotations
Event: 1.159 loading class com/android/dx/cf/attrib/AttRuntimeInvisibleAnnotations done
Event: 1.160 loading class com/android/dx/cf/attrib/BaseAnnotations
Event: 1.160 loading class com/android/dx/cf/attrib/BaseAnnotations done
Event: 1.201 Thread 0x0000000016673000 Uncommon trap: trap_request=0xffffff65 fr.pc=0x0000000002b72ae4
Event: 1.201 Thread 0x0000000016673000 DEOPT PACKING pc=0x0000000002b72ae4 sp=0x0000000016e6ecc0
Event: 1.201 Thread 0x0000000016673000 DEOPT UNPACKING pc=0x000000000266582a sp=0x0000000016e6eca8 mode 2
Event: 1.212 loading class com/android/dx/cf/code/SwitchList
Event: 1.212 loading class com/android/dx/cf/code/SwitchList done


Dynamic libraries:
0x00007ff6dbe30000 - 0x00007ff6dbe67000 	X:\Program Files\Java\jdk1.8.0_73\bin\java.exe
0x00007ff876650000 - 0x00007ff876811000 	X:\Windows\SYSTEM32\ntdll.dll
0x00007ff8762a0000 - 0x00007ff87634d000 	X:\Windows\system32\KERNEL32.DLL
0x00007ff873400000 - 0x00007ff8735e8000 	X:\Windows\system32\KERNELBASE.dll
0x00007ff875900000 - 0x00007ff8759a7000 	X:\Windows\system32\ADVAPI32.dll
0x00007ff875860000 - 0x00007ff8758fd000 	X:\Windows\system32\msvcrt.dll
0x00007ff876020000 - 0x00007ff87607b000 	X:\Windows\system32\sechost.dll
0x00007ff874050000 - 0x00007ff87416c000 	X:\Windows\system32\RPCRT4.dll
0x00007ff873ee0000 - 0x00007ff874036000 	X:\Windows\system32\USER32.dll
0x00007ff8756d0000 - 0x00007ff875856000 	X:\Windows\system32\GDI32.dll
0x00007ff86b170000 - 0x00007ff86b3e4000 	X:\Windows\WinSxS\amd64_microsoft.windows.common-controls_6595b64144ccf1df_6.0.10586.0_none_8c15ae12515e1c22\COMCTL32.dll
0x00007ff875d20000 - 0x00007ff875f9d000 	X:\Windows\system32\combase.dll
0x00007ff873740000 - 0x00007ff8737aa000 	X:\Windows\system32\bcryptPrimitives.dll
0x00007ff873a50000 - 0x00007ff873a8b000 	X:\Windows\system32\IMM32.DLL
0x0000000053340000 - 0x0000000053412000 	X:\Program Files\Java\jdk1.8.0_73\jre\bin\msvcr100.dll
0x00000000538d0000 - 0x0000000054160000 	X:\Program Files\Java\jdk1.8.0_73\jre\bin\server\jvm.dll
0x00007ff874040000 - 0x00007ff874048000 	X:\Windows\system32\PSAPI.DLL
0x00007ff86b4c0000 - 0x00007ff86b4c9000 	X:\Windows\SYSTEM32\WSOCK32.dll
0x00007ff875fa0000 - 0x00007ff87600b000 	X:\Windows\system32\WS2_32.dll
0x00007ff870f20000 - 0x00007ff870f43000 	X:\Windows\SYSTEM32\WINMM.dll
0x00007ff86f250000 - 0x00007ff86f25a000 	X:\Windows\SYSTEM32\VERSION.dll
0x00007ff870dd0000 - 0x00007ff870dfc000 	X:\Windows\SYSTEM32\WINMMBASE.dll
0x00007ff872d60000 - 0x00007ff872da3000 	X:\Windows\system32\cfgmgr32.dll
0x00000000537e0000 - 0x00000000537ef000 	X:\Program Files\Java\jdk1.8.0_73\jre\bin\verify.dll
0x00000000537b0000 - 0x00000000537d9000 	X:\Program Files\Java\jdk1.8.0_73\jre\bin\java.dll
0x0000000053790000 - 0x00000000537a6000 	X:\Program Files\Java\jdk1.8.0_73\jre\bin\zip.dll
0x00007ff874170000 - 0x00007ff8756cc000 	X:\Windows\system32\SHELL32.dll
0x00007ff872db0000 - 0x00007ff8733f5000 	X:\Windows\system32\windows.storage.dll
0x00007ff876240000 - 0x00007ff876292000 	X:\Windows\system32\shlwapi.dll
0x00007ff872ce0000 - 0x00007ff872cef000 	X:\Windows\system32\kernel.appcore.dll
0x00007ff873680000 - 0x00007ff873735000 	X:\Windows\system32\shcore.dll
0x00007ff872c90000 - 0x00007ff872cdb000 	X:\Windows\system32\powrprof.dll
0x00007ff872c70000 - 0x00007ff872c84000 	X:\Windows\system32\profapi.dll

VM Arguments:
jvm_args: -Djava.awt.headless=true -Xmx1024M -Dfile.encoding=GBK -Duser.country=CN -Duser.language=zh -Duser.variant 
java_command: com.android.dx.command.Main --dex --num-threads=4 --output E:\Android\CalorieCounter\app\build\intermediates\pre-dexed\debug\internal_impl-23.2.1_49064801473cbca27248b55bf399760905628d45.jar E:\Android\CalorieCounter\app\build\intermediates\exploded-aar\com.android.support\support-v4\23.2.1\jars\libs\internal_impl-23.2.1.jar
java_class_path (initial): E:\QMDownload\SDK\build-tools\23.0.3\lib\dx.jar
Launcher Type: SUN_STANDARD

Environment Variables:
PATH=X:\ProgramData\Oracle\Java\javapath;X:\Windows\system32;X:\Windows;X:\Windows\System32\Wbem;X:\Windows\System32\WindowsPowerShell\v1.0\;X:\Program Files (x86)\ATI Technologies\ATI.ACE\Core-Static;D:\Program Files\MATLAB\R2013a\runtime\win64;D:\Program Files\MATLAB\R2013a\bin;X:\Program Files\Java\jdk1.8.0_73\bin;D:\Python27;X:\Program Files (x86)\MySQL\MySQL Fabric 1.5 & MySQL Utilities 1.5\;X:\Program Files (x86)\MySQL\MySQL Fabric 1.5 & MySQL Utilities 1.5\Doctrine extensions for PHP\
USERNAME=Õı…≠
OS=Windows_NT
PROCESSOR_IDENTIFIER=Intel64 Family 6 Model 60 Stepping 3, GenuineIntel



---------------  S Y S T E M  ---------------

OS: Windows 10.0 , 64 bit Build 10586 (10.0.10586.0)

CPU:total 4 (4 cores per cpu, 1 threads per core) family 6 model 60 stepping 3, cmov, cx8, fxsr, mmx, sse, sse2, sse3, ssse3, sse4.1, sse4.2, popcnt, avx, avx2, aes, clmul, erms, lzcnt, tsc, tscinvbit, bmi1, bmi2

Memory: 4k page, physical 8315044k(1889636k free), swap 8315044k(5256k free)

vm_info: Java HotSpot(TM) 64-Bit Server VM (25.73-b02) for windows-amd64 JRE (1.8.0_73-b02), built on Jan 29 2016 17:38:49 by "java_re" with MS VC++ 10.0 (VS2010)

time: Sat Apr 16 13:42:18 2016
elapsed time: 1 seconds (0d 0h 0m 1s)

