#
# There is insufficient memory for the Java Runtime Environment to continue.
# Native memory allocation (malloc) failed to allocate 32744 bytes for ChunkPool::allocate
# Possible reasons:
#   The system is out of physical RAM or swap space
#   In 32 bit mode, the process size limit was hit
# Possible solutions:
#   Reduce memory load on the system
#   Increase physical memory or swap space
#   Check if swap backing store is full
#   Use 64 bit Java on a 64 bit OS
#   Decrease Java heap size (-Xmx/-Xms)
#   Decrease number of Java threads
#   Decrease Java thread stack sizes (-Xss)
#   Set larger code cache with -XX:ReservedCodeCacheSize=
# This output file may be truncated or incomplete.
#
#  Out of Memory Error (allocation.cpp:273), pid=11452, tid=7332
#
# JRE version: Java(TM) SE Runtime Environment (8.0_73-b02) (build 1.8.0_73-b02)
# Java VM: Java HotSpot(TM) 64-Bit Server VM (25.73-b02 mixed mode windows-amd64 compressed oops)
# Failed to write core dump. Minidumps are not enabled by default on client versions of Windows
#

---------------  T H R E A D  ---------------

Current thread (0x00000000189b5000):  JavaThread "C1 CompilerThread2" daemon [_thread_in_native, id=7332, stack(0x0000000018eb0000,0x0000000018fb0000)]

Stack: [0x0000000018eb0000,0x0000000018fb0000]
[error occurred during error reporting (printing stack bounds), id 0xc0000005]

Native frames: (J=compiled Java code, j=interpreted, Vv=VM code, C=native code)


Current CompileTask:
C1:    384  509   !   3       com.android.dx.cf.code.BytecodeArray::parseInstruction (2764 bytes)


---------------  P R O C E S S  ---------------

Java Threads: ( => current thread )
  0x0000000018c93800 JavaThread "pool-3-thread-1" [_thread_blocked, id=6364, stack(0x00000000192b0000,0x00000000193b0000)]
  0x0000000018c90800 JavaThread "pool-2-thread-1" [_thread_in_Java, id=11800, stack(0x00000000191b0000,0x00000000192b0000)]
  0x0000000018a38800 JavaThread "Service Thread" daemon [_thread_blocked, id=4672, stack(0x0000000018fb0000,0x00000000190b0000)]
=>0x00000000189b5000 JavaThread "C1 CompilerThread2" daemon [_thread_in_native, id=7332, stack(0x0000000018eb0000,0x0000000018fb0000)]
  0x00000000173ac800 JavaThread "C2 CompilerThread1" daemon [_thread_blocked, id=9052, stack(0x0000000018db0000,0x0000000018eb0000)]
  0x00000000173a9000 JavaThread "C2 CompilerThread0" daemon [_thread_blocked, id=11632, stack(0x00000000188b0000,0x00000000189b0000)]
  0x000000001735d800 JavaThread "Attach Listener" daemon [_thread_blocked, id=5184, stack(0x00000000187b0000,0x00000000188b0000)]
  0x0000000017347800 JavaThread "Signal Dispatcher" daemon [_thread_blocked, id=5544, stack(0x00000000186b0000,0x00000000187b0000)]
  0x0000000002636000 JavaThread "Finalizer" daemon [_thread_blocked, id=8852, stack(0x00000000185b0000,0x00000000186b0000)]
  0x000000000262d000 JavaThread "Reference Handler" daemon [_thread_blocked, id=5048, stack(0x00000000184b0000,0x00000000185b0000)]
  0x0000000002540800 JavaThread "main" [_thread_blocked, id=8324, stack(0x00000000020b0000,0x00000000021b0000)]

Other Threads:
  0x0000000017318000 VMThread [stack: 0x00000000183b0000,0x00000000184b0000] [id=11752]
  0x0000000018a74000 WatcherThread [stack: 0x00000000190b0000,0x00000000191b0000] [id=6032]

VM state:not at safepoint (normal execution)

VM Mutex/Monitor currently owned by a thread: None

Heap:
 PSYoungGen      total 38400K, used 13600K [0x00000000d5580000, 0x00000000d8000000, 0x0000000100000000)
  eden space 33280K, 40% used [0x00000000d5580000,0x00000000d62c8208,0x00000000d7600000)
  from space 5120K, 0% used [0x00000000d7b00000,0x00000000d7b00000,0x00000000d8000000)
  to   space 5120K, 0% used [0x00000000d7600000,0x00000000d7600000,0x00000000d7b00000)
 ParOldGen       total 87552K, used 0K [0x0000000080000000, 0x0000000085580000, 0x00000000d5580000)
  object space 87552K, 0% used [0x0000000080000000,0x0000000080000000,0x0000000085580000)
 Metaspace       used 5521K, capacity 6516K, committed 6784K, reserved 1056768K
  class space    used 602K, capacity 620K, committed 640K, reserved 1048576K

Card table byte_map: [0x0000000011af0000,0x0000000011f00000] byte_map_base: 0x00000000116f0000

Marking Bits: (ParMarkBitMap*) 0x0000000075d70600
 Begin Bits: [0x00000000125b0000, 0x00000000145b0000)
 End Bits:   [0x00000000145b0000, 0x00000000165b0000)

Polling page: 0x00000000001f0000

CodeCache: size=245760Kb used=2040Kb max_used=2051Kb free=243719Kb
 bounds [0x0000000002730000, 0x00000000029a0000, 0x0000000011730000]
 total_blobs=780 nmethods=509 adapters=184
 compilation: enabled

Compilation events (10 events):
Event: 0.379 Thread 0x00000000189b5000  504       3       com.android.dx.rop.code.ThrowingCstInsn::accept (8 bytes)
Event: 0.379 Thread 0x00000000189b5000 nmethod 504 0x0000000002929bd0 code [0x0000000002929d40, 0x0000000002929f68]
Event: 0.379 Thread 0x00000000189b5000  513       3       com.android.dx.ssa.back.LivenessAnalyzer::handleTailRecursion (94 bytes)
Event: 0.380 Thread 0x00000000189b5000 nmethod 513 0x0000000002929290 code [0x0000000002929460, 0x00000000029299a8]
Event: 0.380 Thread 0x00000000189b5000  507       3       java.util.Collections$UnmodifiableCollection$1::next (10 bytes)
Event: 0.380 Thread 0x00000000189b5000 nmethod 507 0x0000000002928e50 code [0x0000000002928fc0, 0x00000000029291e8]
Event: 0.380 Thread 0x00000000189b5000  509   !   3       com.android.dx.cf.code.BytecodeArray::parseInstruction (2764 bytes)
Event: 0.380 Thread 0x00000000173a9000 nmethod 502 0x0000000002931ed0 code [0x0000000002932020, 0x0000000002932278]
Event: 0.381 Thread 0x00000000173ac800  520       4       com.android.dx.util.Bits::set (19 bytes)
Event: 0.381 Thread 0x00000000173ac800 nmethod 520 0x0000000002905190 code [0x00000000029052c0, 0x0000000002905358]

GC Heap History (0 events):
No events

Deoptimization events (1 events):
Event: 0.383 Thread 0x0000000018c90800 Uncommon trap: reason=unstable_if action=reinterpret pc=0x00000000029145c0 method=java.util.HashMap.getNode(ILjava/lang/Object;)Ljava/util/HashMap$Node; @ 62

Internal exceptions (2 events):
Event: 0.028 Thread 0x0000000002540800 Exception <a 'java/lang/NoSuchMethodError': Method sun.misc.Unsafe.defineClass(Ljava/lang/String;[BII)Ljava/lang/Class; name or signature does not match> (0x00000000d5593020) thrown at [D:\re\puppet\workspace\8-2-build-windows-amd64-cygwin\jdk8u73\6086\hot«²˜}cmœ?
Event: 0.028 Thread 0x0000000002540800 Exception <a 'java/lang/NoSuchMethodError': Method sun.misc.Unsafe.prefetchRead(Ljava/lang/Object;J)V name or signature does not match> (0x00000000d5593308) thrown at [D:\re\puppet\workspace\8-2-build-windows-amd64-cygwin\jdk8u73\6086\hotspot\src\share\vm\

Events (10 events):
Event: 0.372 loading class com/android/dx/dex/file/AnnotationSetRefItem
Event: 0.372 loading class com/android/dx/dex/file/AnnotationSetRefItem done
Event: 0.375 Thread 0x0000000018c9a000 Thread exited: 0x0000000018c9a000
Event: 0.375 Thread 0x0000000018ca1000 Thread exited: 0x0000000018ca1000
Event: 0.382 Thread 0x0000000018c9a800 Thread exited: 0x0000000018c9a800
Event: 0.382 loading class com/android/dx/cf/code/Ropper$ExceptionHandlerSetup
Event: 0.382 loading class com/android/dx/cf/code/Ropper$ExceptionHandlerSetup done
Event: 0.383 Thread 0x0000000018c90800 Uncommon trap: trap_request=0xffffff65 fr.pc=0x00000000029145c0
Event: 0.383 Thread 0x0000000018c90800 DEOPT PACKING pc=0x00000000029145c0 sp=0x00000000192aea70
Event: 0.383 Thread 0x0000000018c90800 DEOPT UNPACKING pc=0x000000000277582a sp=0x00000000192ae9e8 mode 2


Dynamic libraries:
0x00007ff7961a0000 - 0x00007ff7961d7000 	X:\Program Files\Java\jdk1.8.0_73\bin\java.exe
0x00007ffb03230000 - 0x00007ffb033f1000 	X:\Windows\SYSTEM32\ntdll.dll
0x00007ffb02fd0000 - 0x00007ffb0307d000 	X:\Windows\system32\KERNEL32.DLL
0x00007ffb00440000 - 0x00007ffb00628000 	X:\Windows\system32\KERNELBASE.dll
0x00007ffb02360000 - 0x00007ffb02407000 	X:\Windows\system32\ADVAPI32.dll
0x00007ffb01e90000 - 0x00007ffb01f2d000 	X:\Windows\system32\msvcrt.dll
0x00007ffb02570000 - 0x00007ffb025cb000 	X:\Windows\system32\sechost.dll
0x00007ffb02c10000 - 0x00007ffb02d2c000 	X:\Windows\system32\RPCRT4.dll
0x00007ffb02410000 - 0x00007ffb02566000 	X:\Windows\system32\USER32.dll
0x00007ffb02d30000 - 0x00007ffb02eb6000 	X:\Windows\system32\GDI32.dll
0x00007ffaf8a50000 - 0x00007ffaf8cc4000 	X:\Windows\WinSxS\amd64_microsoft.windows.common-controls_6595b64144ccf1df_6.0.10586.0_none_8c15ae12515e1c22\COMCTL32.dll
0x00007ffb02880000 - 0x00007ffb02afd000 	X:\Windows\system32\combase.dll
0x00007ffb003d0000 - 0x00007ffb0043a000 	X:\Windows\system32\bcryptPrimitives.dll
0x00007ffb02f90000 - 0x00007ffb02fcb000 	X:\Windows\system32\IMM32.DLL
0x0000000075070000 - 0x0000000075142000 	X:\Program Files\Java\jdk1.8.0_73\jre\bin\msvcr100.dll
0x0000000075560000 - 0x0000000075df0000 	X:\Program Files\Java\jdk1.8.0_73\jre\bin\server\jvm.dll
0x00007ffb02870000 - 0x00007ffb02878000 	X:\Windows\system32\PSAPI.DLL
0x00007ffafd8e0000 - 0x00007ffafd903000 	X:\Windows\SYSTEM32\WINMM.dll
0x00007ffafa8c0000 - 0x00007ffafa8c9000 	X:\Windows\SYSTEM32\WSOCK32.dll
0x00007ffafb880000 - 0x00007ffafb88a000 	X:\Windows\SYSTEM32\VERSION.dll
0x00007ffb03160000 - 0x00007ffb031cb000 	X:\Windows\system32\WS2_32.dll
0x00007ffafd8b0000 - 0x00007ffafd8dc000 	X:\Windows\SYSTEM32\WINMMBASE.dll
0x00007ffaffd30000 - 0x00007ffaffd73000 	X:\Windows\system32\cfgmgr32.dll
0x00000000765d0000 - 0x00000000765df000 	X:\Program Files\Java\jdk1.8.0_73\jre\bin\verify.dll
0x00000000765a0000 - 0x00000000765c9000 	X:\Program Files\Java\jdk1.8.0_73\jre\bin\java.dll
0x0000000076580000 - 0x0000000076596000 	X:\Program Files\Java\jdk1.8.0_73\jre\bin\zip.dll
0x00007ffb00930000 - 0x00007ffb01e8c000 	X:\Windows\system32\SHELL32.dll
0x00007ffaffd80000 - 0x00007ffb003c5000 	X:\Windows\system32\windows.storage.dll
0x00007ffb030e0000 - 0x00007ffb03132000 	X:\Windows\system32\shlwapi.dll
0x00007ffaff8c0000 - 0x00007ffaff8cf000 	X:\Windows\system32\kernel.appcore.dll
0x00007ffaffb10000 - 0x00007ffaffbc5000 	X:\Windows\system32\shcore.dll
0x00007ffaff870000 - 0x00007ffaff8bb000 	X:\Windows\system32\powrprof.dll
0x00007ffaff850000 - 0x00007ffaff864000 	X:\Windows\system32\profapi.dll

VM Arguments:
jvm_args: -Djava.awt.headless=true -Xmx2g -Dfile.encoding=GBK -Duser.country=CN -Duser.language=zh -Duser.variant 
java_command: com.android.dx.command.Main --dex --num-threads=4 --multi-dex --output E:\Android\CalorieCounter\app\build\intermediates\transforms\dex\debug\folders\1000\10\com.android.support-animated-vector-drawable-23.2.1_9d8a522756db05b620f3f4646540bf28eaccbeaa E:\Android\CalorieCounter\app\build\intermediates\exploded-aar\com.android.support\animated-vector-drawable\23.2.1\jars\classes.jar
java_class_path (initial): E:\QMDownload\SDK\build-tools\23.0.3\lib\dx.jar
Launcher Type: SUN_STANDARD

Environment Variables:
PATH=X:\ProgramData\Oracle\Java\javapath;X:\Windows\system32;X:\Windows;X:\Windows\System32\Wbem;X:\Windows\System32\WindowsPowerShell\v1.0\;X:\Program Files (x86)\ATI Technologies\ATI.ACE\Core-Static;D:\Program Files\MATLAB\R2013a\runtime\win64;D:\Program Files\MATLAB\R2013a\bin;X:\Program Files\Java\jdk1.8.0_73\bin;D:\Python27;X:\Program Files (x86)\MySQL\MySQL Fabric 1.5 & MySQL Utilities 1.5\;X:\Program Files (x86)\MySQL\MySQL Fabric 1.5 & MySQL Utilities 1.5\Doctrine extensions for PHP\;E:\QMDownload\SDK\platform-tools
USERNAME=ÍõÉ­
OS=Windows_NT
PROCESSOR_IDENTIFIER=Intel64 Family 6 Model 60 Stepping 3, GenuineIntel



---------------  S Y S T E M  ---------------

OS: Windows 10.0 , 64 bit Build 10586 (10.0.10586.0)

CPU:total 4 (4 cores per cpu, 1 threads per core) family 6 model 60 stepping 3, cmov, cx8, fxsr, mmx, sse, sse2, sse3, ssse3, sse4.1, sse4.2, popcnt, avx, avx2, aes, clmul, erms, lzcnt, tsc, tscinvbit, bmi1, bmi2

Memory: 4k page, physical 8315044k(1184992k free), swap 8315044k(4120k free)

vm_info: Java HotSpot(TM) 64-Bit Server VM (25.73-b02) for windows-amd64 JRE (1.8.0_73-b02), built on Jan 29 2016 17:38:49 by "java_re" with MS VC++ 10.0 (VS2010)

time: Wed Apr 27 16:06:32 2016
elapsed time: 0 seconds (0d 0h 0m 0s)

