#
# There is insufficient memory for the Java Runtime Environment to continue.
# Native memory allocation (malloc) failed to allocate 1304656 bytes for Chunk::new
# Possible reasons:
#   The system is out of physical RAM or swap space
#   In 32 bit mode, the process size limit was hit
# Possible solutions:
#   Reduce memory load on the system
#   Increase physical memory or swap space
#   Check if swap backing store is full
#   Use 64 bit Java on a 64 bit OS
#   Decrease Java heap size (-Xmx/-Xms)
#   Decrease number of Java threads
#   Decrease Java thread stack sizes (-Xss)
#   Set larger code cache with -XX:ReservedCodeCacheSize=
# This output file may be truncated or incomplete.
#
#  Out of Memory Error (allocation.cpp:390), pid=7724, tid=4308
#
# JRE version: Java(TM) SE Runtime Environment (8.0_73-b02) (build 1.8.0_73-b02)
# Java VM: Java HotSpot(TM) 64-Bit Server VM (25.73-b02 mixed mode windows-amd64 compressed oops)
# Failed to write core dump. Minidumps are not enabled by default on client versions of Windows
#

---------------  T H R E A D  ---------------

Current thread (0x00000000172c5800):  JavaThread "C2 CompilerThread1" daemon [_thread_in_native, id=4308, stack(0x0000000018cd0000,0x0000000018dd0000)]

Stack: [0x0000000018cd0000,0x0000000018dd0000]
[error occurred during error reporting (printing stack bounds), id 0xc0000005]

Native frames: (J=compiled Java code, j=interpreted, Vv=VM code, C=native code)


Current CompileTask:
C2:   1585 1574       4       com.android.dx.ssa.SsaRenamer$BlockRenamer::process (191 bytes)


---------------  P R O C E S S  ---------------

Java Threads: ( => current thread )
  0x0000000018944800 JavaThread "pool-2-thread-4" [_thread_blocked, id=2180, stack(0x0000000019cd0000,0x0000000019dd0000)]
  0x0000000018944000 JavaThread "pool-2-thread-3" [_thread_blocked, id=6372, stack(0x0000000019bd0000,0x0000000019cd0000)]
  0x0000000018957800 JavaThread "pool-2-thread-2" [_thread_in_Java, id=1788, stack(0x0000000019ad0000,0x0000000019bd0000)]
  0x0000000018955000 JavaThread "pool-3-thread-1" [_thread_blocked, id=10336, stack(0x00000000199d0000,0x0000000019ad0000)]
  0x0000000019286800 JavaThread "pool-2-thread-1" [_thread_in_Java, id=3232, stack(0x00000000198d0000,0x00000000199d0000)]
  0x0000000018638000 JavaThread "Service Thread" daemon [_thread_blocked, id=3116, stack(0x0000000018ed0000,0x0000000018fd0000)]
  0x0000000018619000 JavaThread "C1 CompilerThread2" daemon [_thread_blocked, id=2324, stack(0x0000000018dd0000,0x0000000018ed0000)]
=>0x00000000172c5800 JavaThread "C2 CompilerThread1" daemon [_thread_in_native, id=4308, stack(0x0000000018cd0000,0x0000000018dd0000)]
  0x000000001727f800 JavaThread "C2 CompilerThread0" daemon [_thread_in_native, id=6364, stack(0x0000000018bd0000,0x0000000018cd0000)]
  0x0000000017267800 JavaThread "Attach Listener" daemon [_thread_blocked, id=5588, stack(0x0000000018ad0000,0x0000000018bd0000)]
  0x00000000185d8800 JavaThread "Signal Dispatcher" daemon [_thread_blocked, id=4516, stack(0x00000000189d0000,0x0000000018ad0000)]
  0x0000000002646000 JavaThread "Finalizer" daemon [_thread_blocked, id=5700, stack(0x00000000184d0000,0x00000000185d0000)]
  0x000000000263d000 JavaThread "Reference Handler" daemon [_thread_blocked, id=6980, stack(0x00000000183d0000,0x00000000184d0000)]
  0x0000000002550800 JavaThread "main" [_thread_blocked, id=11864, stack(0x0000000002370000,0x0000000002470000)]

Other Threads:
  0x0000000017238000 VMThread [stack: 0x00000000182d0000,0x00000000183d0000] [id=3208]
  0x000000001863f000 WatcherThread [stack: 0x0000000018fd0000,0x00000000190d0000] [id=7896]

VM state:not at safepoint (normal execution)

VM Mutex/Monitor currently owned by a thread: None

Heap:
 PSYoungGen      total 38400K, used 6596K [0x00000000d5580000, 0x00000000d8000000, 0x0000000100000000)
  eden space 33280K, 4% used [0x00000000d5580000,0x00000000d56f3288,0x00000000d7600000)
  from space 5120K, 99% used [0x00000000d7600000,0x00000000d7afe028,0x00000000d7b00000)
  to   space 5120K, 0% used [0x00000000d7b00000,0x00000000d7b00000,0x00000000d8000000)
 ParOldGen       total 87552K, used 10071K [0x0000000080000000, 0x0000000085580000, 0x00000000d5580000)
  object space 87552K, 11% used [0x0000000080000000,0x00000000809d5e70,0x0000000085580000)
 Metaspace       used 6370K, capacity 7158K, committed 7296K, reserved 1056768K
  class space    used 606K, capacity 622K, committed 640K, reserved 1048576K

Card table byte_map: [0x0000000011a10000,0x0000000011e20000] byte_map_base: 0x0000000011610000

Marking Bits: (ParMarkBitMap*) 0x00000000649e0600
 Begin Bits: [0x00000000124d0000, 0x00000000144d0000)
 End Bits:   [0x00000000144d0000, 0x00000000164d0000)

Polling page: 0x0000000000500000

CodeCache: size=245760Kb used=6506Kb max_used=6506Kb free=239253Kb
 bounds [0x0000000002650000, 0x0000000002cc0000, 0x0000000011650000]
 total_blobs=2011 nmethods=1739 adapters=184
 compilation: enabled

Compilation events (10 events):
Event: 1.582 Thread 0x0000000018619000 1757   !   2       java.lang.ref.Finalizer::runFinalizer (62 bytes)
Event: 1.582 Thread 0x0000000018619000 nmethod 1757 0x0000000002caeb50 code [0x0000000002caece0, 0x0000000002caf138]
Event: 1.582 Thread 0x0000000018619000 1758       2       java.lang.ref.Finalizer::hasBeenFinalized (14 bytes)
Event: 1.582 Thread 0x0000000018619000 nmethod 1758 0x0000000002caf310 code [0x0000000002caf460, 0x0000000002caf5d0]
Event: 1.582 Thread 0x0000000018619000 1759   !   2       java.lang.ref.Finalizer::remove (94 bytes)
Event: 1.582 Thread 0x0000000018619000 nmethod 1759 0x0000000002caf650 code [0x0000000002caf7c0, 0x0000000002cafbb0]
Event: 1.582 Thread 0x0000000018619000 1760       2       java.lang.System$2::invokeFinalize (5 bytes)
Event: 1.583 Thread 0x0000000018619000 nmethod 1760 0x0000000002cafd10 code [0x0000000002cafe80, 0x0000000002cb0008]
Event: 1.583 Thread 0x0000000018619000 1761       2       java.lang.ref.Reference::clear (6 bytes)
Event: 1.583 Thread 0x0000000018619000 nmethod 1761 0x0000000002cb0090 code [0x0000000002cb01e0, 0x0000000002cb0350]

GC Heap History (6 events):
Event: 0.915 GC heap before
{Heap before GC invocations=1 (full 0):
 PSYoungGen      total 38400K, used 33280K [0x00000000d5580000, 0x00000000d8000000, 0x0000000100000000)
  eden space 33280K, 100% used [0x00000000d5580000,0x00000000d7600000,0x00000000d7600000)
  from space 5120K, 0% used [0x00000000d7b00000,0x00000000d7b00000,0x00000000d8000000)
  to   space 5120K, 0% used [0x00000000d7600000,0x00000000d7600000,0x00000000d7b00000)
 ParOldGen       total 87552K, used 0K [0x0000000080000000, 0x0000000085580000, 0x00000000d5580000)
  object space 87552K, 0% used [0x0000000080000000,0x0000000080000000,0x0000000085580000)
 Metaspace       used 5922K, capacity 6774K, committed 7040K, reserved 1056768K
  class space    used 600K, capacity 622K, committed 640K, reserved 1048576K
Event: 0.920 GC heap after
Heap after GC invocations=1 (full 0):
 PSYoungGen      total 38400K, used 5090K [0x00000000d5580000, 0x00000000d8000000, 0x0000000100000000)
  eden space 33280K, 0% used [0x00000000d5580000,0x00000000d5580000,0x00000000d7600000)
  from space 5120K, 99% used [0x00000000d7600000,0x00000000d7af8ac8,0x00000000d7b00000)
  to   space 5120K, 0% used [0x00000000d7b00000,0x00000000d7b00000,0x00000000d8000000)
 ParOldGen       total 87552K, used 1108K [0x0000000080000000, 0x0000000085580000, 0x00000000d5580000)
  object space 87552K, 1% used [0x0000000080000000,0x0000000080115150,0x0000000085580000)
 Metaspace       used 5922K, capacity 6774K, committed 7040K, reserved 1056768K
  class space    used 600K, capacity 622K, committed 640K, reserved 1048576K
}
Event: 1.253 GC heap before
{Heap before GC invocations=2 (full 0):
 PSYoungGen      total 38400K, used 38370K [0x00000000d5580000, 0x00000000d8000000, 0x0000000100000000)
  eden space 33280K, 100% used [0x00000000d5580000,0x00000000d7600000,0x00000000d7600000)
  from space 5120K, 99% used [0x00000000d7600000,0x00000000d7af8ac8,0x00000000d7b00000)
  to   space 5120K, 0% used [0x00000000d7b00000,0x00000000d7b00000,0x00000000d8000000)
 ParOldGen       total 87552K, used 1108K [0x0000000080000000, 0x0000000085580000, 0x00000000d5580000)
  object space 87552K, 1% used [0x0000000080000000,0x0000000080115150,0x0000000085580000)
 Metaspace       used 6248K, capacity 7094K, committed 7296K, reserved 1056768K
  class space    used 605K, capacity 622K, committed 640K, reserved 1048576K
Event: 1.356 GC heap after
Heap after GC invocations=2 (full 0):
 PSYoungGen      total 38400K, used 5119K [0x00000000d5580000, 0x00000000d8000000, 0x0000000100000000)
  eden space 33280K, 0% used [0x00000000d5580000,0x00000000d5580000,0x00000000d7600000)
  from space 5120K, 99% used [0x00000000d7b00000,0x00000000d7fffc88,0x00000000d8000000)
  to   space 5120K, 0% used [0x00000000d7600000,0x00000000d7600000,0x00000000d7b00000)
 ParOldGen       total 87552K, used 5212K [0x0000000080000000, 0x0000000085580000, 0x00000000d5580000)
  object space 87552K, 5% used [0x0000000080000000,0x00000000805171f8,0x0000000085580000)
 Metaspace       used 6248K, capacity 7094K, committed 7296K, reserved 1056768K
  class space    used 605K, capacity 622K, committed 640K, reserved 1048576K
}
Event: 1.530 GC heap before
{Heap before GC invocations=3 (full 0):
 PSYoungGen      total 38400K, used 38399K [0x00000000d5580000, 0x00000000d8000000, 0x0000000100000000)
  eden space 33280K, 100% used [0x00000000d5580000,0x00000000d7600000,0x00000000d7600000)
  from space 5120K, 99% used [0x00000000d7b00000,0x00000000d7fffc88,0x00000000d8000000)
  to   space 5120K, 0% used [0x00000000d7600000,0x00000000d7600000,0x00000000d7b00000)
 ParOldGen       total 87552K, used 5212K [0x0000000080000000, 0x0000000085580000, 0x00000000d5580000)
  object space 87552K, 5% used [0x0000000080000000,0x00000000805171f8,0x0000000085580000)
 Metaspace       used 6370K, capacity 7158K, committed 7296K, reserved 1056768K
  class space    used 606K, capacity 622K, committed 640K, reserved 1048576K
Event: 1.581 GC heap after
Heap after GC invocations=3 (full 0):
 PSYoungGen      total 38400K, used 5112K [0x00000000d5580000, 0x00000000d8000000, 0x0000000100000000)
  eden space 33280K, 0% used [0x00000000d5580000,0x00000000d5580000,0x00000000d7600000)
  from space 5120K, 99% used [0x00000000d7600000,0x00000000d7afe028,0x00000000d7b00000)
  to   space 5120K, 0% used [0x00000000d7b00000,0x00000000d7b00000,0x00000000d8000000)
 ParOldGen       total 87552K, used 10071K [0x0000000080000000, 0x0000000085580000, 0x00000000d5580000)
  object space 87552K, 11% used [0x0000000080000000,0x00000000809d5e70,0x0000000085580000)
 Metaspace       used 6370K, capacity 7158K, committed 7296K, reserved 1056768K
  class space    used 606K, capacity 622K, committed 640K, reserved 1048576K
}

Deoptimization events (9 events):
Event: 0.644 Thread 0x0000000018944800 Uncommon trap: reason=unstable_if action=reinterpret pc=0x0000000002954a1c method=com.android.dx.rop.cst.Constant.compareTo(Lcom/android/dx/rop/cst/Constant;)I @ 12
Event: 1.132 Thread 0x0000000018944800 Uncommon trap: reason=bimorphic action=maybe_recompile pc=0x0000000002b0f71c method=com.android.dx.cf.code.BytecodeArray.parseInstruction(ILcom/android/dx/cf/code/BytecodeArray$Visitor;)I @ 1051
Event: 1.132 Thread 0x0000000018944800 Uncommon trap: reason=class_check action=maybe_recompile pc=0x0000000002b0f69c method=com.android.dx.cf.code.BytecodeArray.parseInstruction(ILcom/android/dx/cf/code/BytecodeArray$Visitor;)I @ 1035
Event: 1.132 Thread 0x0000000018944800 Uncommon trap: reason=class_check action=maybe_recompile pc=0x0000000002b0f69c method=com.android.dx.cf.code.BytecodeArray.parseInstruction(ILcom/android/dx/cf/code/BytecodeArray$Visitor;)I @ 1035
Event: 1.357 Thread 0x0000000018944000 Uncommon trap: reason=class_check action=maybe_recompile pc=0x0000000002b0f69c method=com.android.dx.cf.code.BytecodeArray.parseInstruction(ILcom/android/dx/cf/code/BytecodeArray$Visitor;)I @ 1035
Event: 1.392 Thread 0x0000000018944000 Uncommon trap: reason=class_check action=maybe_recompile pc=0x0000000002b0f69c method=com.android.dx.cf.code.BytecodeArray.parseInstruction(ILcom/android/dx/cf/code/BytecodeArray$Visitor;)I @ 1035
Event: 1.417 Thread 0x0000000002550800 Uncommon trap: reason=unstable_if action=reinterpret pc=0x0000000002aa5238 method=com.android.dx.rop.cst.StdConstantPool.set(ILcom/android/dx/rop/cst/Constant;)V @ 12
Event: 1.440 Thread 0x0000000018944000 Uncommon trap: reason=unstable_if action=reinterpret pc=0x00000000029cfc74 method=com.android.dx.rop.code.RegisterSpecSet.<init>(I)V @ 2
Event: 1.449 Thread 0x0000000018957800 Uncommon trap: reason=unstable_if action=reinterpret pc=0x0000000002a73f9c method=com.android.dx.ssa.SsaMethod.updateOneDefinition(Lcom/android/dx/ssa/SsaInsn;Lcom/android/dx/rop/code/RegisterSpec;)V @ 4

Internal exceptions (2 events):
Event: 0.031 Thread 0x0000000002550800 Exception <a 'java/lang/NoSuchMethodError': Method sun.misc.Unsafe.defineClass(Ljava/lang/String;[BII)Ljava/lang/Class; name or signature does not match> (0x00000000d5593090) thrown at [D:\re\puppet\workspace\8-2-build-windows-amd64-cygwin\jdk8u73\6086\hot¹L¨ÞØŸ?
Event: 0.031 Thread 0x0000000002550800 Exception <a 'java/lang/NoSuchMethodError': Method sun.misc.Unsafe.prefetchRead(Ljava/lang/Object;J)V name or signature does not match> (0x00000000d5593378) thrown at [D:\re\puppet\workspace\8-2-build-windows-amd64-cygwin\jdk8u73\6086\hotspot\src\share\vm\

Events (10 events):
Event: 1.440 Thread 0x0000000018944000 Uncommon trap: trap_request=0xffffff65 fr.pc=0x00000000029cfc74
Event: 1.440 Thread 0x0000000018944000 DEOPT PACKING pc=0x00000000029cfc74 sp=0x0000000019cce9f0
Event: 1.440 Thread 0x0000000018944000 DEOPT UNPACKING pc=0x000000000269582a sp=0x0000000019cce920 mode 2
Event: 1.448 loading class com/android/dx/rop/code/RegOps
Event: 1.448 loading class com/android/dx/rop/code/RegOps done
Event: 1.449 Thread 0x0000000018957800 Uncommon trap: trap_request=0xffffff65 fr.pc=0x0000000002a73f9c
Event: 1.449 Thread 0x0000000018957800 DEOPT PACKING pc=0x0000000002a73f9c sp=0x0000000019bce720
Event: 1.449 Thread 0x0000000018957800 DEOPT UNPACKING pc=0x000000000269582a sp=0x0000000019bce6c8 mode 2
Event: 1.502 Executing VM operation: ParallelGCFailedAllocation
Event: 1.581 Executing VM operation: ParallelGCFailedAllocation done


Dynamic libraries:
0x00007ff6ce000000 - 0x00007ff6ce037000 	X:\Program Files\Java\jdk1.8.0_73\bin\java.exe
0x00007ff8b34b0000 - 0x00007ff8b3671000 	X:\Windows\SYSTEM32\ntdll.dll
0x00007ff8b2f30000 - 0x00007ff8b2fdd000 	X:\Windows\system32\KERNEL32.DLL
0x00007ff8b0330000 - 0x00007ff8b0518000 	X:\Windows\system32\KERNELBASE.dll
0x00007ff8b0920000 - 0x00007ff8b09c7000 	X:\Windows\system32\ADVAPI32.dll
0x00007ff8b3040000 - 0x00007ff8b30dd000 	X:\Windows\system32\msvcrt.dll
0x00007ff8b2fe0000 - 0x00007ff8b303b000 	X:\Windows\system32\sechost.dll
0x00007ff8b2280000 - 0x00007ff8b239c000 	X:\Windows\system32\RPCRT4.dll
0x00007ff8b25d0000 - 0x00007ff8b2726000 	X:\Windows\system32\USER32.dll
0x00007ff8b20f0000 - 0x00007ff8b2276000 	X:\Windows\system32\GDI32.dll
0x00007ff8a8b30000 - 0x00007ff8a8da4000 	X:\Windows\WinSxS\amd64_microsoft.windows.common-controls_6595b64144ccf1df_6.0.10586.0_none_8c15ae12515e1c22\COMCTL32.dll
0x00007ff8b3230000 - 0x00007ff8b34ad000 	X:\Windows\system32\combase.dll
0x00007ff8afbc0000 - 0x00007ff8afc2a000 	X:\Windows\system32\bcryptPrimitives.dll
0x00007ff8b30e0000 - 0x00007ff8b311b000 	X:\Windows\system32\IMM32.DLL
0x0000000063c70000 - 0x0000000063d42000 	X:\Program Files\Java\jdk1.8.0_73\jre\bin\msvcr100.dll
0x00000000641d0000 - 0x0000000064a60000 	X:\Program Files\Java\jdk1.8.0_73\jre\bin\server\jvm.dll
0x00007ff8b2f10000 - 0x00007ff8b2f18000 	X:\Windows\system32\PSAPI.DLL
0x00007ff8ac5f0000 - 0x00007ff8ac5f9000 	X:\Windows\SYSTEM32\WSOCK32.dll
0x00007ff8b2a70000 - 0x00007ff8b2adb000 	X:\Windows\system32\WS2_32.dll
0x00007ff8adb70000 - 0x00007ff8adb93000 	X:\Windows\SYSTEM32\WINMM.dll
0x00007ff8ac380000 - 0x00007ff8ac38a000 	X:\Windows\SYSTEM32\VERSION.dll
0x00007ff8ada60000 - 0x00007ff8ada8c000 	X:\Windows\SYSTEM32\WINMMBASE.dll
0x00007ff8b0520000 - 0x00007ff8b0563000 	X:\Windows\system32\cfgmgr32.dll
0x00000000640e0000 - 0x00000000640ef000 	X:\Program Files\Java\jdk1.8.0_73\jre\bin\verify.dll
0x00000000640b0000 - 0x00000000640d9000 	X:\Program Files\Java\jdk1.8.0_73\jre\bin\java.dll
0x0000000064090000 - 0x00000000640a6000 	X:\Program Files\Java\jdk1.8.0_73\jre\bin\zip.dll
0x00007ff8b0b90000 - 0x00007ff8b20ec000 	X:\Windows\system32\SHELL32.dll
0x00007ff8afc30000 - 0x00007ff8b0275000 	X:\Windows\system32\windows.storage.dll
0x00007ff8b2930000 - 0x00007ff8b2982000 	X:\Windows\system32\shlwapi.dll
0x00007ff8afb00000 - 0x00007ff8afb0f000 	X:\Windows\system32\kernel.appcore.dll
0x00007ff8b07f0000 - 0x00007ff8b08a5000 	X:\Windows\system32\shcore.dll
0x00007ff8afb10000 - 0x00007ff8afb5b000 	X:\Windows\system32\powrprof.dll
0x00007ff8afad0000 - 0x00007ff8afae4000 	X:\Windows\system32\profapi.dll

VM Arguments:
jvm_args: -Djava.awt.headless=true -Xmx2g -Dfile.encoding=GBK -Duser.country=CN -Duser.language=zh -Duser.variant 
java_command: com.android.dx.command.Main --dex --num-threads=4 --multi-dex --output E:\Android\CalorieCounter\app\build\intermediates\transforms\dex\debug\folders\1000\10\internal_impl-23.2.1_49064801473cbca27248b55bf399760905628d45 E:\Android\CalorieCounter\app\build\intermediates\exploded-aar\com.android.support\support-v4\23.2.1\jars\libs\internal_impl-23.2.1.jar
java_class_path (initial): E:\QMDownload\SDK\build-tools\23.0.3\lib\dx.jar
Launcher Type: SUN_STANDARD

Environment Variables:
PATH=X:\ProgramData\Oracle\Java\javapath;X:\Windows\system32;X:\Windows;X:\Windows\System32\Wbem;X:\Windows\System32\WindowsPowerShell\v1.0\;X:\Program Files (x86)\ATI Technologies\ATI.ACE\Core-Static;D:\Program Files\MATLAB\R2013a\runtime\win64;D:\Program Files\MATLAB\R2013a\bin;X:\Program Files\Java\jdk1.8.0_73\bin;D:\Python27;X:\Program Files (x86)\MySQL\MySQL Fabric 1.5 & MySQL Utilities 1.5\;X:\Program Files (x86)\MySQL\MySQL Fabric 1.5 & MySQL Utilities 1.5\Doctrine extensions for PHP\;E:\QMDownload\SDK\platform-tools
USERNAME=ÍõÉ­
OS=Windows_NT
PROCESSOR_IDENTIFIER=Intel64 Family 6 Model 60 Stepping 3, GenuineIntel



---------------  S Y S T E M  ---------------

OS: Windows 10.0 , 64 bit Build 10586 (10.0.10586.0)

CPU:total 4 (4 cores per cpu, 1 threads per core) family 6 model 60 stepping 3, cmov, cx8, fxsr, mmx, sse, sse2, sse3, ssse3, sse4.1, sse4.2, popcnt, avx, avx2, aes, clmul, erms, lzcnt, tsc, tscinvbit, bmi1, bmi2

Memory: 4k page, physical 8315044k(2122936k free), swap 8315044k(5176k free)

vm_info: Java HotSpot(TM) 64-Bit Server VM (25.73-b02) for windows-amd64 JRE (1.8.0_73-b02), built on Jan 29 2016 17:38:49 by "java_re" with MS VC++ 10.0 (VS2010)

time: Sat Apr 23 10:58:00 2016
elapsed time: 1 seconds (0d 0h 0m 1s)

