#
# There is insufficient memory for the Java Runtime Environment to continue.
# Native memory allocation (malloc) failed to allocate 362448 bytes for Chunk::new
# Possible reasons:
#   The system is out of physical RAM or swap space
#   In 32 bit mode, the process size limit was hit
# Possible solutions:
#   Reduce memory load on the system
#   Increase physical memory or swap space
#   Check if swap backing store is full
#   Use 64 bit Java on a 64 bit OS
#   Decrease Java heap size (-Xmx/-Xms)
#   Decrease number of Java threads
#   Decrease Java thread stack sizes (-Xss)
#   Set larger code cache with -XX:ReservedCodeCacheSize=
# This output file may be truncated or incomplete.
#
#  Out of Memory Error (allocation.cpp:390), pid=15680, tid=16556
#
# JRE version: Java(TM) SE Runtime Environment (8.0_73-b02) (build 1.8.0_73-b02)
# Java VM: Java HotSpot(TM) 64-Bit Server VM (25.73-b02 mixed mode windows-amd64 compressed oops)
# Failed to write core dump. Minidumps are not enabled by default on client versions of Windows
#

---------------  T H R E A D  ---------------

Current thread (0x0000000018980000):  JavaThread "C2 CompilerThread1" daemon [_thread_in_native, id=16556, stack(0x0000000018d30000,0x0000000018e30000)]

Stack: [0x0000000018d30000,0x0000000018e30000]
[error occurred during error reporting (printing stack bounds), id 0xc0000005]

Native frames: (J=compiled Java code, j=interpreted, Vv=VM code, C=native code)


Current CompileTask:
C2:   2239 1025       4       com.android.dx.ssa.SsaMethod::forEachInsn (36 bytes)


---------------  P R O C E S S  ---------------

Java Threads: ( => current thread )
  0x0000000018bac000 JavaThread "pool-2-thread-4" [_thread_blocked, id=16736, stack(0x0000000019530000,0x0000000019630000)]
  0x0000000018c06000 JavaThread "pool-2-thread-3" [_thread_blocked, id=16588, stack(0x0000000019430000,0x0000000019530000)]
  0x0000000018c05800 JavaThread "pool-2-thread-2" [_thread_blocked, id=16576, stack(0x0000000019330000,0x0000000019430000)]
  0x0000000018c04800 JavaThread "pool-3-thread-1" [_thread_blocked, id=16732, stack(0x0000000019230000,0x0000000019330000)]
  0x0000000018c04000 JavaThread "pool-2-thread-1" [_thread_blocked, id=16740, stack(0x0000000019130000,0x0000000019230000)]
  0x000000001898f800 JavaThread "Service Thread" daemon [_thread_blocked, id=16828, stack(0x0000000018f30000,0x0000000019030000)]
  0x000000001898a800 JavaThread "C1 CompilerThread2" daemon [_thread_in_native, id=16440, stack(0x0000000018e30000,0x0000000018f30000)]
=>0x0000000018980000 JavaThread "C2 CompilerThread1" daemon [_thread_in_native, id=16556, stack(0x0000000018d30000,0x0000000018e30000)]
  0x00000000172c9000 JavaThread "C2 CompilerThread0" daemon [_thread_in_native, id=16460, stack(0x0000000018830000,0x0000000018930000)]
  0x000000001727d800 JavaThread "Attach Listener" daemon [_thread_blocked, id=16584, stack(0x0000000018730000,0x0000000018830000)]
  0x000000001727c800 JavaThread "Signal Dispatcher" daemon [_thread_blocked, id=16712, stack(0x0000000018630000,0x0000000018730000)]
  0x0000000002640800 JavaThread "Finalizer" daemon [_thread_blocked, id=16432, stack(0x00000000184d0000,0x00000000185d0000)]
  0x000000000263d000 JavaThread "Reference Handler" daemon [_thread_blocked, id=16412, stack(0x00000000183d0000,0x00000000184d0000)]
  0x0000000002550800 JavaThread "main" [_thread_in_Java, id=16276, stack(0x0000000002450000,0x0000000002550000)]

Other Threads:
  0x0000000017237800 VMThread [stack: 0x00000000182d0000,0x00000000183d0000] [id=16272]
  0x0000000018994800 WatcherThread [stack: 0x0000000019030000,0x0000000019130000] [id=16744]

VM state:not at safepoint (normal execution)

VM Mutex/Monitor currently owned by a thread: None

Heap:
 PSYoungGen      total 38400K, used 28213K [0x00000000d5580000, 0x00000000d8000000, 0x0000000100000000)
  eden space 33280K, 84% used [0x00000000d5580000,0x00000000d710d4b8,0x00000000d7600000)
  from space 5120K, 0% used [0x00000000d7b00000,0x00000000d7b00000,0x00000000d8000000)
  to   space 5120K, 0% used [0x00000000d7600000,0x00000000d7600000,0x00000000d7b00000)
 ParOldGen       total 87552K, used 0K [0x0000000080000000, 0x0000000085580000, 0x00000000d5580000)
  object space 87552K, 0% used [0x0000000080000000,0x0000000080000000,0x0000000085580000)
 Metaspace       used 5914K, capacity 6772K, committed 7040K, reserved 1056768K
  class space    used 599K, capacity 620K, committed 640K, reserved 1048576K

Card table byte_map: [0x0000000011a10000,0x0000000011e20000] byte_map_base: 0x0000000011610000

Marking Bits: (ParMarkBitMap*) 0x000000005dcb0600
 Begin Bits: [0x00000000124d0000, 0x00000000144d0000)
 End Bits:   [0x00000000144d0000, 0x00000000164d0000)

Polling page: 0x0000000000530000

CodeCache: size=245760Kb used=4124Kb max_used=4133Kb free=241635Kb
 bounds [0x0000000002650000, 0x0000000002a60000, 0x0000000011650000]
 total_blobs=1302 nmethods=1031 adapters=184
 compilation: enabled

Compilation events (10 events):
Event: 2.223 Thread 0x000000001898a800 1022       3       com.android.dx.cf.code.Ropper::getMinimumUnreservedLabel (19 bytes)
Event: 2.223 Thread 0x000000001898a800 nmethod 1022 0x0000000002a46b90 code [0x0000000002a46d00, 0x0000000002a470d0]
Event: 2.224 Thread 0x00000000172c9000 1026       4       com.android.dx.ssa.RegisterMapper::map (63 bytes)
Event: 2.227 Thread 0x00000000172c9000 nmethod 1026 0x0000000002a54010 code [0x0000000002a541a0, 0x0000000002a545a8]
Event: 2.228 Thread 0x000000001898a800 1027       3       com.android.dx.ssa.back.SsaToRop::removePhiFunctions (83 bytes)
Event: 2.229 Thread 0x000000001898a800 nmethod 1027 0x0000000002a51ed0 code [0x0000000002a521a0, 0x0000000002a53528]
Event: 2.229 Thread 0x00000000172c9000 1028       4       com.android.dx.ssa.NormalSsaInsn::mapSourceRegisters (48 bytes)
Event: 2.236 Thread 0x00000000172c9000 nmethod 1028 0x0000000002a57f10 code [0x0000000002a580c0, 0x0000000002a58868]
Event: 2.238 Thread 0x000000001898a800 1029       3       com.android.dx.ssa.SsaMethod::getCountReachableBlocks (44 bytes)
Event: 2.238 Thread 0x00000000172c9000 1031       4       com.android.dx.util.IntList::binarysearch (124 bytes)

GC Heap History (0 events):
No events

Deoptimization events (1 events):
Event: 1.886 Thread 0x0000000018c06000 Uncommon trap: reason=unstable_if action=reinterpret pc=0x00000000029d529c method=com.android.dx.rop.cst.Constant.compareTo(Lcom/android/dx/rop/cst/Constant;)I @ 12

Internal exceptions (2 events):
Event: 0.036 Thread 0x0000000002550800 Exception <a 'java/lang/NoSuchMethodError': Method sun.misc.Unsafe.defineClass(Ljava/lang/String;[BII)Ljava/lang/Class; name or signature does not match> (0x00000000d5593090) thrown at [D:\re\puppet\workspace\8-2-build-windows-amd64-cygwin\jdk8u73\6086\hot
¯Rm«p¢?
Event: 0.036 Thread 0x0000000002550800 Exception <a 'java/lang/NoSuchMethodError': Method sun.misc.Unsafe.prefetchRead(Ljava/lang/Object;J)V name or signature does not match> (0x00000000d5593378) thrown at [D:\re\puppet\workspace\8-2-build-windows-amd64-cygwin\jdk8u73\6086\hotspot\src\share\vm\

Events (10 events):
Event: 1.858 loading class java/util/ArrayList$1 done
Event: 1.885 loading class java/util/DualPivotQuicksort
Event: 1.885 loading class java/util/DualPivotQuicksort done
Event: 1.886 loading class java/util/TreeMap$EntrySet
Event: 1.886 loading class java/util/TreeMap$EntrySet done
Event: 1.886 loading class java/util/TreeMap$EntryIterator
Event: 1.886 loading class java/util/TreeMap$EntryIterator done
Event: 1.886 Thread 0x0000000018c06000 Uncommon trap: trap_request=0xffffff65 fr.pc=0x00000000029d529c
Event: 1.886 Thread 0x0000000018c06000 DEOPT PACKING pc=0x00000000029d529c sp=0x000000001952e520
Event: 1.886 Thread 0x0000000018c06000 DEOPT UNPACKING pc=0x000000000269582a sp=0x000000001952e4c0 mode 2


Dynamic libraries:
0x00007ff64d3f0000 - 0x00007ff64d427000 	X:\Program Files\Java\jdk1.8.0_73\bin\java.exe
0x00007ffae65e0000 - 0x00007ffae67a1000 	X:\Windows\SYSTEM32\ntdll.dll
0x00007ffae39e0000 - 0x00007ffae3a8d000 	X:\Windows\system32\KERNEL32.DLL
0x00007ffae3420000 - 0x00007ffae3608000 	X:\Windows\system32\KERNELBASE.dll
0x00007ffae5290000 - 0x00007ffae5337000 	X:\Windows\system32\ADVAPI32.dll
0x00007ffae6300000 - 0x00007ffae639d000 	X:\Windows\system32\msvcrt.dll
0x00007ffae61d0000 - 0x00007ffae622b000 	X:\Windows\system32\sechost.dll
0x00007ffae5830000 - 0x00007ffae594c000 	X:\Windows\system32\RPCRT4.dll
0x00007ffae5950000 - 0x00007ffae5aa6000 	X:\Windows\system32\USER32.dll
0x00007ffae56a0000 - 0x00007ffae5826000 	X:\Windows\system32\GDI32.dll
0x00007ffada4a0000 - 0x00007ffada714000 	X:\Windows\WinSxS\amd64_microsoft.windows.common-controls_6595b64144ccf1df_6.0.10586.0_none_8c15ae12515e1c22\COMCTL32.dll
0x00007ffae5ab0000 - 0x00007ffae5d2d000 	X:\Windows\system32\combase.dll
0x00007ffae3330000 - 0x00007ffae339a000 	X:\Windows\system32\bcryptPrimitives.dll
0x00007ffae4ff0000 - 0x00007ffae502b000 	X:\Windows\system32\IMM32.DLL
0x000000005d3c0000 - 0x000000005d492000 	X:\Program Files\Java\jdk1.8.0_73\jre\bin\msvcr100.dll
0x000000005d4a0000 - 0x000000005dd30000 	X:\Program Files\Java\jdk1.8.0_73\jre\bin\server\jvm.dll
0x00007ffae65d0000 - 0x00007ffae65d8000 	X:\Windows\system32\PSAPI.DLL
0x00007ffad6220000 - 0x00007ffad6229000 	X:\Windows\SYSTEM32\WSOCK32.dll
0x00007ffae0ef0000 - 0x00007ffae0f13000 	X:\Windows\SYSTEM32\WINMM.dll
0x00007ffae6160000 - 0x00007ffae61cb000 	X:\Windows\system32\WS2_32.dll
0x00000000004e0000 - 0x000000000050c000 	X:\Windows\SYSTEM32\WINMMBASE.dll
0x00007ffae2c90000 - 0x00007ffae2cd3000 	X:\Windows\system32\cfgmgr32.dll
0x00007ffadf760000 - 0x00007ffadf76a000 	X:\Windows\SYSTEM32\VERSION.dll
0x000000005d370000 - 0x000000005d37f000 	X:\Program Files\Java\jdk1.8.0_73\jre\bin\verify.dll
0x000000005d340000 - 0x000000005d369000 	X:\Program Files\Java\jdk1.8.0_73\jre\bin\java.dll
0x000000005d320000 - 0x000000005d336000 	X:\Program Files\Java\jdk1.8.0_73\jre\bin\zip.dll
0x00007ffae3a90000 - 0x00007ffae4fec000 	X:\Windows\system32\SHELL32.dll
0x00007ffae2ce0000 - 0x00007ffae3325000 	X:\Windows\system32\windows.storage.dll
0x00007ffae6460000 - 0x00007ffae64b2000 	X:\Windows\system32\shlwapi.dll
0x00007ffae2c80000 - 0x00007ffae2c8f000 	X:\Windows\system32\kernel.appcore.dll
0x00007ffae3750000 - 0x00007ffae3805000 	X:\Windows\system32\shcore.dll
0x00007ffae2c00000 - 0x00007ffae2c4b000 	X:\Windows\system32\powrprof.dll
0x00007ffae2c60000 - 0x00007ffae2c74000 	X:\Windows\system32\profapi.dll

VM Arguments:
jvm_args: -Djava.awt.headless=true -Xmx2g -Dfile.encoding=GBK -Duser.country=CN -Duser.language=zh -Duser.variant 
java_command: com.android.dx.command.Main --dex --num-threads=4 --multi-dex --output E:\Android\CalorieCounter\app\build\intermediates\transforms\dex\debug\folders\1000\10\internal_impl-23.2.1_49064801473cbca27248b55bf399760905628d45 E:\Android\CalorieCounter\app\build\intermediates\exploded-aar\com.android.support\support-v4\23.2.1\jars\libs\internal_impl-23.2.1.jar
java_class_path (initial): E:\QMDownload\SDK\build-tools\23.0.3\lib\dx.jar
Launcher Type: SUN_STANDARD

Environment Variables:
PATH=X:\ProgramData\Oracle\Java\javapath;X:\Windows\system32;X:\Windows;X:\Windows\System32\Wbem;X:\Windows\System32\WindowsPowerShell\v1.0\;X:\Program Files (x86)\ATI Technologies\ATI.ACE\Core-Static;D:\Program Files\MATLAB\R2013a\runtime\win64;D:\Program Files\MATLAB\R2013a\bin;X:\Program Files\Java\jdk1.8.0_73\bin;D:\Python27;X:\Program Files (x86)\MySQL\MySQL Fabric 1.5 & MySQL Utilities 1.5\;X:\Program Files (x86)\MySQL\MySQL Fabric 1.5 & MySQL Utilities 1.5\Doctrine extensions for PHP\;E:\QMDownload\SDK\platform-tools
USERNAME=Õı…≠
OS=Windows_NT
PROCESSOR_IDENTIFIER=Intel64 Family 6 Model 60 Stepping 3, GenuineIntel



---------------  S Y S T E M  ---------------

OS: Windows 10.0 , 64 bit Build 10586 (10.0.10586.0)

CPU:total 4 (4 cores per cpu, 1 threads per core) family 6 model 60 stepping 3, cmov, cx8, fxsr, mmx, sse, sse2, sse3, ssse3, sse4.1, sse4.2, popcnt, avx, avx2, aes, clmul, erms, lzcnt, tsc, tscinvbit, bmi1, bmi2

Memory: 4k page, physical 8315044k(1809916k free), swap 8315044k(4760k free)

vm_info: Java HotSpot(TM) 64-Bit Server VM (25.73-b02) for windows-amd64 JRE (1.8.0_73-b02), built on Jan 29 2016 17:38:49 by "java_re" with MS VC++ 10.0 (VS2010)

time: Fri Apr 22 00:09:00 2016
elapsed time: 2 seconds (0d 0h 0m 2s)

