#
# There is insufficient memory for the Java Runtime Environment to continue.
# Native memory allocation (malloc) failed to allocate 120816 bytes for Chunk::new
# Possible reasons:
#   The system is out of physical RAM or swap space
#   In 32 bit mode, the process size limit was hit
# Possible solutions:
#   Reduce memory load on the system
#   Increase physical memory or swap space
#   Check if swap backing store is full
#   Use 64 bit Java on a 64 bit OS
#   Decrease Java heap size (-Xmx/-Xms)
#   Decrease number of Java threads
#   Decrease Java thread stack sizes (-Xss)
#   Set larger code cache with -XX:ReservedCodeCacheSize=
# This output file may be truncated or incomplete.
#
#  Out of Memory Error (allocation.cpp:390), pid=18580, tid=8392
#
# JRE version: Java(TM) SE Runtime Environment (8.0_73-b02) (build 1.8.0_73-b02)
# Java VM: Java HotSpot(TM) 64-Bit Server VM (25.73-b02 mixed mode windows-amd64 compressed oops)
# Failed to write core dump. Minidumps are not enabled by default on client versions of Windows
#

---------------  T H R E A D  ---------------

Current thread (0x000000001719b000):  JavaThread "C2 CompilerThread0" daemon [_thread_in_native, id=8392, stack(0x00000000186f0000,0x00000000187f0000)]

Stack: [0x00000000186f0000,0x00000000187f0000]
[error occurred during error reporting (printing stack bounds), id 0xc0000005]

Native frames: (J=compiled Java code, j=interpreted, Vv=VM code, C=native code)


Current CompileTask:
C2:    438  634       4       java.util.HashSet::contains (9 bytes)


---------------  P R O C E S S  ---------------

Java Threads: ( => current thread )
  0x00000000189e6000 JavaThread "pool-2-thread-4" [_thread_in_vm, id=12092, stack(0x00000000193f0000,0x00000000194f0000)]
  0x00000000189bd800 JavaThread "pool-2-thread-3" [_thread_in_Java, id=10168, stack(0x00000000192f0000,0x00000000193f0000)]
  0x00000000189bd000 JavaThread "pool-2-thread-2" [_thread_in_Java, id=10560, stack(0x00000000191f0000,0x00000000192f0000)]
  0x00000000189b9800 JavaThread "pool-3-thread-1" [_thread_blocked, id=18508, stack(0x00000000190f0000,0x00000000191f0000)]
  0x00000000189b9000 JavaThread "pool-2-thread-1" [_thread_in_Java, id=20008, stack(0x0000000018ff0000,0x00000000190f0000)]
  0x0000000018850800 JavaThread "Service Thread" daemon [_thread_blocked, id=13612, stack(0x0000000018df0000,0x0000000018ef0000)]
  0x000000001884b800 JavaThread "C1 CompilerThread2" daemon [_thread_in_native, id=12632, stack(0x0000000018cf0000,0x0000000018df0000)]
  0x00000000187f3800 JavaThread "C2 CompilerThread1" daemon [_thread_in_vm, id=6104, stack(0x0000000018bf0000,0x0000000018cf0000)]
=>0x000000001719b000 JavaThread "C2 CompilerThread0" daemon [_thread_in_native, id=8392, stack(0x00000000186f0000,0x00000000187f0000)]
  0x000000001714e800 JavaThread "Attach Listener" daemon [_thread_blocked, id=14008, stack(0x00000000185f0000,0x00000000186f0000)]
  0x0000000017138000 JavaThread "Signal Dispatcher" daemon [_thread_blocked, id=9140, stack(0x00000000184f0000,0x00000000185f0000)]
  0x0000000002511800 JavaThread "Finalizer" daemon [_thread_blocked, id=18328, stack(0x0000000018390000,0x0000000018490000)]
  0x000000000250e800 JavaThread "Reference Handler" daemon [_thread_blocked, id=6884, stack(0x0000000018290000,0x0000000018390000)]
  0x0000000002420800 JavaThread "main" [_thread_in_Java, id=16428, stack(0x0000000002280000,0x0000000002380000)]

Other Threads:
  0x0000000017107000 VMThread [stack: 0x0000000018190000,0x0000000018290000] [id=6748]
  0x00000000188b2800 WatcherThread [stack: 0x0000000018ef0000,0x0000000018ff0000] [id=15812]

VM state:not at safepoint (normal execution)

VM Mutex/Monitor currently owned by a thread: None

Heap:
 PSYoungGen      total 38400K, used 17601K [0x00000000d5580000, 0x00000000d8000000, 0x0000000100000000)
  eden space 33280K, 52% used [0x00000000d5580000,0x00000000d66b05f0,0x00000000d7600000)
  from space 5120K, 0% used [0x00000000d7b00000,0x00000000d7b00000,0x00000000d8000000)
  to   space 5120K, 0% used [0x00000000d7600000,0x00000000d7600000,0x00000000d7b00000)
 ParOldGen       total 87552K, used 0K [0x0000000080000000, 0x0000000085580000, 0x00000000d5580000)
  object space 87552K, 0% used [0x0000000080000000,0x0000000080000000,0x0000000085580000)
 Metaspace       used 5693K, capacity 6642K, committed 6784K, reserved 1056768K
  class space    used 595K, capacity 618K, committed 640K, reserved 1048576K

Card table byte_map: [0x00000000118e0000,0x0000000011cf0000] byte_map_base: 0x00000000114e0000

Marking Bits: (ParMarkBitMap*) 0x000000005df00600
 Begin Bits: [0x00000000123a0000, 0x00000000143a0000)
 End Bits:   [0x00000000143a0000, 0x00000000163a0000)

Polling page: 0x00000000001f0000

CodeCache: size=245760Kb used=2213Kb max_used=2224Kb free=243546Kb
 bounds [0x0000000002520000, 0x0000000002790000, 0x0000000011520000]
 total_blobs=881 nmethods=610 adapters=184
 compilation: enabled

Compilation events (10 events):
Event: 0.395 Thread 0x000000001719b000 nmethod 625 0x0000000002711dd0 code [0x0000000002711f00, 0x0000000002711f78]
Event: 0.395 Thread 0x000000001719b000  621       4       java.util.ArrayList$Itr::<init> (6 bytes)
Event: 0.395 Thread 0x000000001719b000 nmethod 621 0x0000000002747250 code [0x0000000002747380, 0x0000000002747418]
Event: 0.395 Thread 0x000000001719b000  630       4       com.android.dx.rop.code.RegisterSpec::getCategory (13 bytes)
Event: 0.396 Thread 0x000000001719b000 nmethod 630 0x0000000002749650 code [0x00000000027497a0, 0x0000000002749878]
Event: 0.396 Thread 0x000000001719b000  631   !   4       com.android.dx.util.FixedSizeList::<init> (36 bytes)
Event: 0.396 Thread 0x00000000187f3800  632       4       com.android.dx.rop.code.BasicBlockList::get (9 bytes)
Event: 0.397 Thread 0x000000001719b000 nmethod 631 0x0000000002749310 code [0x0000000002749460, 0x0000000002749598]
Event: 0.397 Thread 0x00000000187f3800 nmethod 632 0x0000000002748f90 code [0x00000000027490e0, 0x00000000027491b8]
Event: 0.397 Thread 0x000000001719b000  634       4       java.util.HashSet::contains (9 bytes)

GC Heap History (0 events):
No events

Deoptimization events (2 events):
Event: 0.379 Thread 0x00000000189bd800 Uncommon trap: reason=unstable_if action=reinterpret pc=0x00000000027046e0 method=java.util.HashMap.getNode(ILjava/lang/Object;)Ljava/util/HashMap$Node; @ 129
Event: 0.394 Thread 0x0000000002420800 Uncommon trap: reason=unstable_if action=reinterpret pc=0x000000000271f330 method=java.util.BitSet.nextSetBit(I)I @ 87

Internal exceptions (2 events):
Event: 0.047 Thread 0x0000000002420800 Exception <a 'java/lang/NoSuchMethodError': Method sun.misc.Unsafe.defineClass(Ljava/lang/String;[BII)Ljava/lang/Class; name or signature does not match> (0x00000000d5593090) thrown at [D:\re\puppet\workspace\8-2-build-windows-amd64-cygwin\jdk8u73\6086\hotðNlã§?
Event: 0.047 Thread 0x0000000002420800 Exception <a 'java/lang/NoSuchMethodError': Method sun.misc.Unsafe.prefetchRead(Ljava/lang/Object;J)V name or signature does not match> (0x00000000d5593378) thrown at [D:\re\puppet\workspace\8-2-build-windows-amd64-cygwin\jdk8u73\6086\hotspot\src\share\vm\

Events (10 events):
Event: 0.368 loading class java/util/HashMap$ValueIterator
Event: 0.368 loading class java/util/HashMap$ValueIterator done
Event: 0.379 Thread 0x00000000189bd800 Uncommon trap: trap_request=0xffffff65 fr.pc=0x00000000027046e0
Event: 0.379 Thread 0x00000000189bd800 DEOPT PACKING pc=0x00000000027046e0 sp=0x00000000193ee9d0
Event: 0.380 Thread 0x00000000189bd800 DEOPT UNPACKING pc=0x000000000256582a sp=0x00000000193ee948 mode 2
Event: 0.393 loading class java/util/ArrayList$1
Event: 0.393 loading class java/util/ArrayList$1 done
Event: 0.394 Thread 0x0000000002420800 Uncommon trap: trap_request=0xffffff65 fr.pc=0x000000000271f330
Event: 0.394 Thread 0x0000000002420800 DEOPT PACKING pc=0x000000000271f330 sp=0x000000000237e8e0
Event: 0.394 Thread 0x0000000002420800 DEOPT UNPACKING pc=0x000000000256582a sp=0x000000000237e878 mode 2


Dynamic libraries:
0x00007ff7f8750000 - 0x00007ff7f8787000 	X:\Program Files\Java\jdk1.8.0_73\bin\java.exe
0x00007ffae65e0000 - 0x00007ffae67a1000 	X:\Windows\SYSTEM32\ntdll.dll
0x00007ffae39e0000 - 0x00007ffae3a8d000 	X:\Windows\system32\KERNEL32.DLL
0x00007ffae3420000 - 0x00007ffae3608000 	X:\Windows\system32\KERNELBASE.dll
0x00007ffae5290000 - 0x00007ffae5337000 	X:\Windows\system32\ADVAPI32.dll
0x00007ffae6300000 - 0x00007ffae639d000 	X:\Windows\system32\msvcrt.dll
0x00007ffae61d0000 - 0x00007ffae622b000 	X:\Windows\system32\sechost.dll
0x00007ffae5830000 - 0x00007ffae594c000 	X:\Windows\system32\RPCRT4.dll
0x00007ffae5950000 - 0x00007ffae5aa6000 	X:\Windows\system32\USER32.dll
0x00007ffae56a0000 - 0x00007ffae5826000 	X:\Windows\system32\GDI32.dll
0x00007ffadd050000 - 0x00007ffadd2c4000 	X:\Windows\WinSxS\amd64_microsoft.windows.common-controls_6595b64144ccf1df_6.0.10586.0_none_8c15ae12515e1c22\COMCTL32.dll
0x00007ffae5ab0000 - 0x00007ffae5d2d000 	X:\Windows\system32\combase.dll
0x00007ffae3330000 - 0x00007ffae339a000 	X:\Windows\system32\bcryptPrimitives.dll
0x00007ffae4ff0000 - 0x00007ffae502b000 	X:\Windows\system32\IMM32.DLL
0x000000005d270000 - 0x000000005d342000 	X:\Program Files\Java\jdk1.8.0_73\jre\bin\msvcr100.dll
0x000000005d6f0000 - 0x000000005df80000 	X:\Program Files\Java\jdk1.8.0_73\jre\bin\server\jvm.dll
0x00007ffae65d0000 - 0x00007ffae65d8000 	X:\Windows\system32\PSAPI.DLL
0x00007ffae0cb0000 - 0x00007ffae0cb9000 	X:\Windows\SYSTEM32\WSOCK32.dll
0x00007ffae6160000 - 0x00007ffae61cb000 	X:\Windows\system32\WS2_32.dll
0x00007ffae0ef0000 - 0x00007ffae0f13000 	X:\Windows\SYSTEM32\WINMM.dll
0x00007ffadf760000 - 0x00007ffadf76a000 	X:\Windows\SYSTEM32\VERSION.dll
0x00007ffae0e80000 - 0x00007ffae0eac000 	X:\Windows\SYSTEM32\WINMMBASE.dll
0x00007ffae2c90000 - 0x00007ffae2cd3000 	X:\Windows\system32\cfgmgr32.dll
0x000000005d6e0000 - 0x000000005d6ef000 	X:\Program Files\Java\jdk1.8.0_73\jre\bin\verify.dll
0x000000005d6b0000 - 0x000000005d6d9000 	X:\Program Files\Java\jdk1.8.0_73\jre\bin\java.dll
0x000000005d690000 - 0x000000005d6a6000 	X:\Program Files\Java\jdk1.8.0_73\jre\bin\zip.dll
0x00007ffae3a90000 - 0x00007ffae4fec000 	X:\Windows\system32\SHELL32.dll
0x00007ffae2ce0000 - 0x00007ffae3325000 	X:\Windows\system32\windows.storage.dll
0x00007ffae6460000 - 0x00007ffae64b2000 	X:\Windows\system32\shlwapi.dll
0x00007ffae2c80000 - 0x00007ffae2c8f000 	X:\Windows\system32\kernel.appcore.dll
0x00007ffae3750000 - 0x00007ffae3805000 	X:\Windows\system32\shcore.dll
0x00007ffae2c00000 - 0x00007ffae2c4b000 	X:\Windows\system32\powrprof.dll
0x00007ffae2c60000 - 0x00007ffae2c74000 	X:\Windows\system32\profapi.dll

VM Arguments:
jvm_args: -Djava.awt.headless=true -Xmx2g -Dfile.encoding=GBK -Duser.country=CN -Duser.language=zh -Duser.variant 
java_command: com.android.dx.command.Main --dex --num-threads=4 --multi-dex --output E:\Android\CalorieCounter\app\build\intermediates\transforms\dex\debug\folders\1000\2\Base64_644748da9f2587c04bd6c2a7f7f2f5832370bc2f E:\Android\CalorieCounter\app\libs\Base64.jar
java_class_path (initial): E:\QMDownload\SDK\build-tools\23.0.3\lib\dx.jar
Launcher Type: SUN_STANDARD

Environment Variables:
PATH=X:\ProgramData\Oracle\Java\javapath;X:\Windows\system32;X:\Windows;X:\Windows\System32\Wbem;X:\Windows\System32\WindowsPowerShell\v1.0\;X:\Program Files (x86)\ATI Technologies\ATI.ACE\Core-Static;D:\Program Files\MATLAB\R2013a\runtime\win64;D:\Program Files\MATLAB\R2013a\bin;X:\Program Files\Java\jdk1.8.0_73\bin;D:\Python27;X:\Program Files (x86)\MySQL\MySQL Fabric 1.5 & MySQL Utilities 1.5\;X:\Program Files (x86)\MySQL\MySQL Fabric 1.5 & MySQL Utilities 1.5\Doctrine extensions for PHP\;E:\QMDownload\SDK\platform-tools
USERNAME=ÍõÉ­
OS=Windows_NT
PROCESSOR_IDENTIFIER=Intel64 Family 6 Model 60 Stepping 3, GenuineIntel



---------------  S Y S T E M  ---------------

OS: Windows 10.0 , 64 bit Build 10586 (10.0.10586.0)

CPU:total 4 (4 cores per cpu, 1 threads per core) family 6 model 60 stepping 3, cmov, cx8, fxsr, mmx, sse, sse2, sse3, ssse3, sse4.1, sse4.2, popcnt, avx, avx2, aes, clmul, erms, lzcnt, tsc, tscinvbit, bmi1, bmi2

Memory: 4k page, physical 8315044k(2034748k free), swap 8315044k(2500k free)

vm_info: Java HotSpot(TM) 64-Bit Server VM (25.73-b02) for windows-amd64 JRE (1.8.0_73-b02), built on Jan 29 2016 17:38:49 by "java_re" with MS VC++ 10.0 (VS2010)

time: Fri Apr 22 16:45:51 2016
elapsed time: 0 seconds (0d 0h 0m 0s)

