#
# There is insufficient memory for the Java Runtime Environment to continue.
# Native memory allocation (malloc) failed to allocate 841936 bytes for Chunk::new
# Possible reasons:
#   The system is out of physical RAM or swap space
#   In 32 bit mode, the process size limit was hit
# Possible solutions:
#   Reduce memory load on the system
#   Increase physical memory or swap space
#   Check if swap backing store is full
#   Use 64 bit Java on a 64 bit OS
#   Decrease Java heap size (-Xmx/-Xms)
#   Decrease number of Java threads
#   Decrease Java thread stack sizes (-Xss)
#   Set larger code cache with -XX:ReservedCodeCacheSize=
# This output file may be truncated or incomplete.
#
#  Out of Memory Error (allocation.cpp:390), pid=14156, tid=2896
#
# JRE version: Java(TM) SE Runtime Environment (8.0_73-b02) (build 1.8.0_73-b02)
# Java VM: Java HotSpot(TM) 64-Bit Server VM (25.73-b02 mixed mode windows-amd64 compressed oops)
# Failed to write core dump. Minidumps are not enabled by default on client versions of Windows
#

---------------  T H R E A D  ---------------

Current thread (0x00000000189a0000):  JavaThread "C2 CompilerThread1" daemon [_thread_in_native, id=2896, stack(0x0000000018d50000,0x0000000018e50000)]

Stack: [0x0000000018d50000,0x0000000018e50000]
[error occurred during error reporting (printing stack bounds), id 0xc0000005]

Native frames: (J=compiled Java code, j=interpreted, Vv=VM code, C=native code)


Current CompileTask:
C2:   3213 1244       4       com.android.dx.ssa.SCCP::simulateBranch (666 bytes)


---------------  P R O C E S S  ---------------

Java Threads: ( => current thread )
  0x0000000018b14800 JavaThread "pool-2-thread-4" [_thread_blocked, id=10144, stack(0x0000000019550000,0x0000000019650000)]
  0x0000000018b13800 JavaThread "pool-2-thread-3" [_thread_blocked, id=12296, stack(0x0000000019450000,0x0000000019550000)]
  0x0000000018b0e800 JavaThread "pool-2-thread-2" [_thread_blocked, id=12764, stack(0x0000000019350000,0x0000000019450000)]
  0x0000000018b0c000 JavaThread "pool-3-thread-1" [_thread_blocked, id=10632, stack(0x0000000019250000,0x0000000019350000)]
  0x0000000018b0b000 JavaThread "pool-2-thread-1" [_thread_blocked, id=13728, stack(0x0000000019150000,0x0000000019250000)]
  0x00000000189c1000 JavaThread "Service Thread" daemon [_thread_blocked, id=13384, stack(0x0000000018f50000,0x0000000019050000)]
  0x00000000189a2800 JavaThread "C1 CompilerThread2" daemon [_thread_blocked, id=13880, stack(0x0000000018e50000,0x0000000018f50000)]
=>0x00000000189a0000 JavaThread "C2 CompilerThread1" daemon [_thread_in_native, id=2896, stack(0x0000000018d50000,0x0000000018e50000)]
  0x000000001734a800 JavaThread "C2 CompilerThread0" daemon [_thread_in_native, id=9852, stack(0x0000000018850000,0x0000000018950000)]
  0x00000000172fd800 JavaThread "Attach Listener" daemon [_thread_blocked, id=12000, stack(0x0000000018750000,0x0000000018850000)]
  0x00000000172e7800 JavaThread "Signal Dispatcher" daemon [_thread_blocked, id=13056, stack(0x0000000018650000,0x0000000018750000)]
  0x00000000026c0800 JavaThread "Finalizer" daemon [_thread_blocked, id=10016, stack(0x0000000018550000,0x0000000018650000)]
  0x00000000026bd000 JavaThread "Reference Handler" daemon [_thread_blocked, id=14072, stack(0x0000000018450000,0x0000000018550000)]
  0x00000000025d0800 JavaThread "main" [_thread_blocked, id=5472, stack(0x00000000024d0000,0x00000000025d0000)]

Other Threads:
  0x00000000172b8000 VMThread [stack: 0x0000000018350000,0x0000000018450000] [id=13436]
  0x0000000018a0b000 WatcherThread [stack: 0x0000000019050000,0x0000000019150000] [id=14768]

VM state:not at safepoint (normal execution)

VM Mutex/Monitor currently owned by a thread: None

Heap:
 PSYoungGen      total 38400K, used 18162K [0x00000000d5580000, 0x00000000da080000, 0x0000000100000000)
  eden space 33280K, 39% used [0x00000000d5580000,0x00000000d623ee60,0x00000000d7600000)
  from space 5120K, 99% used [0x00000000d7600000,0x00000000d7afda28,0x00000000d7b00000)
  to   space 5120K, 0% used [0x00000000d9b80000,0x00000000d9b80000,0x00000000da080000)
 ParOldGen       total 87552K, used 1273K [0x0000000080000000, 0x0000000085580000, 0x00000000d5580000)
  object space 87552K, 1% used [0x0000000080000000,0x000000008013e5d8,0x0000000085580000)
 Metaspace       used 6097K, capacity 6966K, committed 7040K, reserved 1056768K
  class space    used 596K, capacity 622K, committed 640K, reserved 1048576K

Card table byte_map: [0x0000000011a90000,0x0000000011ea0000] byte_map_base: 0x0000000011690000

Marking Bits: (ParMarkBitMap*) 0x00000000530a0600
 Begin Bits: [0x0000000012550000, 0x0000000014550000)
 End Bits:   [0x0000000014550000, 0x0000000016550000)

Polling page: 0x00000000001f0000

CodeCache: size=245760Kb used=5511Kb max_used=5511Kb free=240248Kb
 bounds [0x00000000026d0000, 0x0000000002c40000, 0x00000000116d0000]
 total_blobs=1624 nmethods=1354 adapters=183
 compilation: enabled

Compilation events (10 events):
Event: 3.201 Thread 0x00000000189a2800 1365   !   2       java.util.zip.ZipFile::getInflater (56 bytes)
Event: 3.202 Thread 0x00000000189a2800 nmethod 1365 0x0000000002c33810 code [0x0000000002c339c0, 0x0000000002c34118]
Event: 3.202 Thread 0x00000000189a2800 1366       2       java.util.zip.InflaterInputStream::<init> (79 bytes)
Event: 3.202 Thread 0x00000000189a2800 nmethod 1366 0x0000000002c34550 code [0x0000000002c346e0, 0x0000000002c34bd8]
Event: 3.204 Thread 0x00000000189a2800 1367       1       sun.util.calendar.CalendarDate::getMonth (5 bytes)
Event: 3.204 Thread 0x00000000189a2800 nmethod 1367 0x0000000002c34dd0 code [0x0000000002c34f20, 0x0000000002c35030]
Event: 3.204 Thread 0x00000000189a2800 1368       2       com.android.dx.cf.attrib.AttConstantValue::<init> (71 bytes)
Event: 3.204 Thread 0x00000000189a2800 nmethod 1368 0x0000000002c35090 code [0x0000000002c35220, 0x0000000002c35658]
Event: 3.205 Thread 0x00000000189a2800 1369       2       com.android.dx.rop.code.Rops::opMoveParam (69 bytes)
Event: 3.206 Thread 0x00000000189a2800 nmethod 1369 0x0000000002c35790 code [0x0000000002c35960, 0x0000000002c35e38]

GC Heap History (2 events):
Event: 2.756 GC heap before
{Heap before GC invocations=1 (full 0):
 PSYoungGen      total 38400K, used 33280K [0x00000000d5580000, 0x00000000d8000000, 0x0000000100000000)
  eden space 33280K, 100% used [0x00000000d5580000,0x00000000d7600000,0x00000000d7600000)
  from space 5120K, 0% used [0x00000000d7b00000,0x00000000d7b00000,0x00000000d8000000)
  to   space 5120K, 0% used [0x00000000d7600000,0x00000000d7600000,0x00000000d7b00000)
 ParOldGen       total 87552K, used 0K [0x0000000080000000, 0x0000000085580000, 0x00000000d5580000)
  object space 87552K, 0% used [0x0000000080000000,0x0000000080000000,0x0000000085580000)
 Metaspace       used 5947K, capacity 6836K, committed 7040K, reserved 1056768K
  class space    used 594K, capacity 620K, committed 640K, reserved 1048576K
Event: 2.881 GC heap after
Heap after GC invocations=1 (full 0):
 PSYoungGen      total 38400K, used 5110K [0x00000000d5580000, 0x00000000da080000, 0x0000000100000000)
  eden space 33280K, 0% used [0x00000000d5580000,0x00000000d5580000,0x00000000d7600000)
  from space 5120K, 99% used [0x00000000d7600000,0x00000000d7afda28,0x00000000d7b00000)
  to   space 5120K, 0% used [0x00000000d9b80000,0x00000000d9b80000,0x00000000da080000)
 ParOldGen       total 87552K, used 1273K [0x0000000080000000, 0x0000000085580000, 0x00000000d5580000)
  object space 87552K, 1% used [0x0000000080000000,0x000000008013e5d8,0x0000000085580000)
 Metaspace       used 5947K, capacity 6836K, committed 7040K, reserved 1056768K
  class space    used 594K, capacity 620K, committed 640K, reserved 1048576K
}

Deoptimization events (7 events):
Event: 1.154 Thread 0x0000000018b0e800 Uncommon trap: reason=unstable_if action=reinterpret pc=0x0000000002921510 method=java.util.HashMap.getNode(ILjava/lang/Object;)Ljava/util/HashMap$Node; @ 129
Event: 1.906 Thread 0x0000000018b0e800 Uncommon trap: reason=unstable_if action=reinterpret pc=0x0000000002abe85c method=com.android.dx.ssa.SsaMethod.updateOneDefinition(Lcom/android/dx/ssa/SsaInsn;Lcom/android/dx/rop/code/RegisterSpec;)V @ 4
Event: 1.941 Thread 0x0000000018b0e800 Uncommon trap: reason=unstable_if action=reinterpret pc=0x0000000002adf368 method=com.android.dx.util.IntList.binarysearch(I)I @ 105
Event: 3.017 Thread 0x0000000018b13800 Uncommon trap: reason=class_check action=maybe_recompile pc=0x00000000029a0ce0 method=com.android.dx.ssa.NormalSsaInsn.accept(Lcom/android/dx/ssa/SsaInsn$Visitor;)V @ 9
Event: 3.017 Thread 0x0000000018b13800 Uncommon trap: reason=class_check action=maybe_recompile pc=0x00000000029a0ce0 method=com.android.dx.ssa.NormalSsaInsn.accept(Lcom/android/dx/ssa/SsaInsn$Visitor;)V @ 9
Event: 3.017 Thread 0x0000000018b13800 Uncommon trap: reason=class_check action=maybe_recompile pc=0x00000000029a0ce0 method=com.android.dx.ssa.NormalSsaInsn.accept(Lcom/android/dx/ssa/SsaInsn$Visitor;)V @ 9
Event: 3.017 Thread 0x0000000018b13800 Uncommon trap: reason=class_check action=maybe_recompile pc=0x00000000029a0ce0 method=com.android.dx.ssa.NormalSsaInsn.accept(Lcom/android/dx/ssa/SsaInsn$Visitor;)V @ 9

Internal exceptions (2 events):
Event: 0.041 Thread 0x00000000025d0800 Exception <a 'java/lang/NoSuchMethodError': Method sun.misc.Unsafe.defineClass(Ljava/lang/String;[BII)Ljava/lang/Class; name or signature does not match> (0x00000000d5593090) thrown at [D:\re\puppet\workspace\8-2-build-windows-amd64-cygwin\jdk8u73\6086\hot9ùQeºÅ¤?
Event: 0.041 Thread 0x00000000025d0800 Exception <a 'java/lang/NoSuchMethodError': Method sun.misc.Unsafe.prefetchRead(Ljava/lang/Object;J)V name or signature does not match> (0x00000000d5593378) thrown at [D:\re\puppet\workspace\8-2-build-windows-amd64-cygwin\jdk8u73\6086\hotspot\src\share\vm\

Events (10 events):
Event: 3.019 Thread 0x0000000018b13800 DEOPT PACKING pc=0x0000000002a3b52d sp=0x000000001954e610
Event: 3.019 Thread 0x0000000018b13800 DEOPT UNPACKING pc=0x000000000271787f sp=0x000000001954e3a8 mode 0
Event: 3.029 Thread 0x0000000018b13800 DEOPT PACKING pc=0x00000000029d4a65 sp=0x000000001954e600
Event: 3.029 Thread 0x0000000018b13800 DEOPT UNPACKING pc=0x000000000271787f sp=0x000000001954e3f0 mode 0
Event: 3.054 Thread 0x0000000018b13800 DEOPT PACKING pc=0x0000000002a05c21 sp=0x000000001954e6a0
Event: 3.054 Thread 0x0000000018b13800 DEOPT UNPACKING pc=0x000000000271787f sp=0x000000001954e420 mode 0
Event: 3.064 Thread 0x0000000018b13800 DEOPT PACKING pc=0x0000000002a3b52d sp=0x000000001954e510
Event: 3.064 Thread 0x0000000018b13800 DEOPT UNPACKING pc=0x000000000271787f sp=0x000000001954e2a8 mode 0
Event: 3.161 loading class com/android/dx/cf/attrib/AttConstantValue
Event: 3.161 loading class com/android/dx/cf/attrib/AttConstantValue done


Dynamic libraries:
0x00007ff6fb7a0000 - 0x00007ff6fb7d7000 	X:\Program Files\Java\jdk1.8.0_73\bin\java.exe
0x00007ffec5b10000 - 0x00007ffec5cd1000 	X:\Windows\SYSTEM32\ntdll.dll
0x00007ffec35e0000 - 0x00007ffec368d000 	X:\Windows\system32\KERNEL32.DLL
0x00007ffec2930000 - 0x00007ffec2b18000 	X:\Windows\system32\KERNELBASE.dll
0x00007ffec34c0000 - 0x00007ffec3567000 	X:\Windows\system32\ADVAPI32.dll
0x00007ffec50c0000 - 0x00007ffec515d000 	X:\Windows\system32\msvcrt.dll
0x00007ffec59a0000 - 0x00007ffec59fb000 	X:\Windows\system32\sechost.dll
0x00007ffec2f10000 - 0x00007ffec302c000 	X:\Windows\system32\RPCRT4.dll
0x00007ffec32f0000 - 0x00007ffec3446000 	X:\Windows\system32\USER32.dll
0x00007ffec3030000 - 0x00007ffec31b6000 	X:\Windows\system32\GDI32.dll
0x00007ffeb89d0000 - 0x00007ffeb8c44000 	X:\Windows\WinSxS\amd64_microsoft.windows.common-controls_6595b64144ccf1df_6.0.10586.0_none_8c15ae12515e1c22\COMCTL32.dll
0x00007ffec4e20000 - 0x00007ffec509d000 	X:\Windows\system32\combase.dll
0x00007ffec2ea0000 - 0x00007ffec2f0a000 	X:\Windows\system32\bcryptPrimitives.dll
0x00007ffec56f0000 - 0x00007ffec572b000 	X:\Windows\system32\IMM32.DLL
0x0000000052330000 - 0x0000000052402000 	X:\Program Files\Java\jdk1.8.0_73\jre\bin\msvcr100.dll
0x0000000052890000 - 0x0000000053120000 	X:\Program Files\Java\jdk1.8.0_73\jre\bin\server\jvm.dll
0x00007ffec4c50000 - 0x00007ffec4c58000 	X:\Windows\system32\PSAPI.DLL
0x00007ffebded0000 - 0x00007ffebded9000 	X:\Windows\SYSTEM32\WSOCK32.dll
0x00007ffec3570000 - 0x00007ffec35db000 	X:\Windows\system32\WS2_32.dll
0x00007ffec0720000 - 0x00007ffec0743000 	X:\Windows\SYSTEM32\WINMM.dll
0x00007ffebe7e0000 - 0x00007ffebe7ea000 	X:\Windows\SYSTEM32\VERSION.dll
0x00007ffec0660000 - 0x00007ffec068c000 	X:\Windows\SYSTEM32\WINMMBASE.dll
0x00007ffec2bd0000 - 0x00007ffec2c13000 	X:\Windows\system32\cfgmgr32.dll
0x00000000527a0000 - 0x00000000527af000 	X:\Program Files\Java\jdk1.8.0_73\jre\bin\verify.dll
0x0000000052770000 - 0x0000000052799000 	X:\Program Files\Java\jdk1.8.0_73\jre\bin\java.dll
0x0000000052750000 - 0x0000000052766000 	X:\Program Files\Java\jdk1.8.0_73\jre\bin\zip.dll
0x00007ffec36f0000 - 0x00007ffec4c4c000 	X:\Windows\system32\SHELL32.dll
0x00007ffec2220000 - 0x00007ffec2865000 	X:\Windows\system32\windows.storage.dll
0x00007ffec3690000 - 0x00007ffec36e2000 	X:\Windows\system32\shlwapi.dll
0x00007ffec2130000 - 0x00007ffec213f000 	X:\Windows\system32\kernel.appcore.dll
0x00007ffec2870000 - 0x00007ffec2925000 	X:\Windows\system32\shcore.dll
0x00007ffec2140000 - 0x00007ffec218b000 	X:\Windows\system32\powrprof.dll
0x00007ffec2190000 - 0x00007ffec21a4000 	X:\Windows\system32\profapi.dll

VM Arguments:
jvm_args: -Djava.awt.headless=true -Xmx2g -Dfile.encoding=GBK -Duser.country=CN -Duser.language=zh -Duser.variant 
java_command: com.android.dx.command.Main --dex --num-threads=4 --multi-dex --output E:\Android\CalorieCounter\app\build\intermediates\transforms\dex\debug\folders\1000\2\baidumapapi_base_v3_7_3_ed63c4db217029e2b91a8eae4bf41ca54dcaac9d E:\Android\CalorieCounter\app\libs\baidumapapi_base_v3_7_3.jar
java_class_path (initial): E:\QMDownload\SDK\build-tools\23.0.3\lib\dx.jar
Launcher Type: SUN_STANDARD

Environment Variables:
PATH=X:\ProgramData\Oracle\Java\javapath;X:\Windows\system32;X:\Windows;X:\Windows\System32\Wbem;X:\Windows\System32\WindowsPowerShell\v1.0\;X:\Program Files (x86)\ATI Technologies\ATI.ACE\Core-Static;D:\Program Files\MATLAB\R2013a\runtime\win64;D:\Program Files\MATLAB\R2013a\bin;X:\Program Files\Java\jdk1.8.0_73\bin;D:\Python27;X:\Program Files (x86)\MySQL\MySQL Fabric 1.5 & MySQL Utilities 1.5\;X:\Program Files (x86)\MySQL\MySQL Fabric 1.5 & MySQL Utilities 1.5\Doctrine extensions for PHP\;E:\QMDownload\SDK\platform-tools
USERNAME=ÍõÉ­
OS=Windows_NT
PROCESSOR_IDENTIFIER=Intel64 Family 6 Model 60 Stepping 3, GenuineIntel



---------------  S Y S T E M  ---------------

OS: Windows 10.0 , 64 bit Build 10586 (10.0.10586.0)

CPU:total 4 (4 cores per cpu, 1 threads per core) family 6 model 60 stepping 3, cmov, cx8, fxsr, mmx, sse, sse2, sse3, ssse3, sse4.1, sse4.2, popcnt, avx, avx2, aes, clmul, erms, lzcnt, tsc, tscinvbit, bmi1, bmi2

Memory: 4k page, physical 8315044k(1916724k free), swap 8315044k(5764k free)

vm_info: Java HotSpot(TM) 64-Bit Server VM (25.73-b02) for windows-amd64 JRE (1.8.0_73-b02), built on Jan 29 2016 17:38:49 by "java_re" with MS VC++ 10.0 (VS2010)

time: Tue Apr 26 20:48:36 2016
elapsed time: 3 seconds (0d 0h 0m 3s)

