#
# There is insufficient memory for the Java Runtime Environment to continue.
# Native memory allocation (malloc) failed to allocate 1655056 bytes for Chunk::new
# Possible reasons:
#   The system is out of physical RAM or swap space
#   In 32 bit mode, the process size limit was hit
# Possible solutions:
#   Reduce memory load on the system
#   Increase physical memory or swap space
#   Check if swap backing store is full
#   Use 64 bit Java on a 64 bit OS
#   Decrease Java heap size (-Xmx/-Xms)
#   Decrease number of Java threads
#   Decrease Java thread stack sizes (-Xss)
#   Set larger code cache with -XX:ReservedCodeCacheSize=
# This output file may be truncated or incomplete.
#
#  Out of Memory Error (allocation.cpp:390), pid=7504, tid=8956
#
# JRE version: Java(TM) SE Runtime Environment (8.0_73-b02) (build 1.8.0_73-b02)
# Java VM: Java HotSpot(TM) 64-Bit Server VM (25.73-b02 mixed mode windows-amd64 compressed oops)
# Failed to write core dump. Minidumps are not enabled by default on client versions of Windows
#

---------------  T H R E A D  ---------------

Current thread (0x000000001730d000):  JavaThread "C2 CompilerThread1" daemon [_thread_in_native, id=8956, stack(0x0000000018d10000,0x0000000018e10000)]

Stack: [0x0000000018d10000,0x0000000018e10000]
[error occurred during error reporting (printing stack bounds), id 0xc0000005]

Native frames: (J=compiled Java code, j=interpreted, Vv=VM code, C=native code)


Current CompileTask:
C2:    873 1318   !   4       com.android.dx.cf.code.BytecodeArray::parseInstruction (2764 bytes)


---------------  P R O C E S S  ---------------

Java Threads: ( => current thread )
  0x0000000018b30000 JavaThread "pool-2-thread-4" [_thread_in_Java, id=7208, stack(0x0000000019510000,0x0000000019610000)]
  0x0000000018ae7000 JavaThread "pool-2-thread-3" [_thread_in_Java, id=7920, stack(0x0000000019410000,0x0000000019510000)]
  0x0000000018abf000 JavaThread "pool-2-thread-2" [_thread_in_Java, id=7984, stack(0x0000000019310000,0x0000000019410000)]
  0x0000000018aaa000 JavaThread "pool-3-thread-1" [_thread_blocked, id=1124, stack(0x0000000019210000,0x0000000019310000)]
  0x0000000018aa9000 JavaThread "pool-2-thread-1" [_thread_in_Java, id=7216, stack(0x0000000019110000,0x0000000019210000)]
  0x0000000018978000 JavaThread "Service Thread" daemon [_thread_blocked, id=8812, stack(0x0000000018f10000,0x0000000019010000)]
  0x0000000018917000 JavaThread "C1 CompilerThread2" daemon [_thread_in_native, id=6692, stack(0x0000000018e10000,0x0000000018f10000)]
=>0x000000001730d000 JavaThread "C2 CompilerThread1" daemon [_thread_in_native, id=8956, stack(0x0000000018d10000,0x0000000018e10000)]
  0x00000000172be800 JavaThread "C2 CompilerThread0" daemon [_thread_in_native, id=2640, stack(0x0000000018810000,0x0000000018910000)]
  0x00000000172a7800 JavaThread "Attach Listener" daemon [_thread_blocked, id=9856, stack(0x0000000018710000,0x0000000018810000)]
  0x0000000017309000 JavaThread "Signal Dispatcher" daemon [_thread_blocked, id=6052, stack(0x0000000018610000,0x0000000018710000)]
  0x0000000002686000 JavaThread "Finalizer" daemon [_thread_blocked, id=3636, stack(0x0000000018510000,0x0000000018610000)]
  0x000000000267d000 JavaThread "Reference Handler" daemon [_thread_blocked, id=9396, stack(0x0000000018410000,0x0000000018510000)]
  0x0000000002590800 JavaThread "main" [_thread_blocked, id=6456, stack(0x00000000023e0000,0x00000000024e0000)]

Other Threads:
  0x0000000017278000 VMThread [stack: 0x0000000018310000,0x0000000018410000] [id=8180]
  0x000000001897e000 WatcherThread [stack: 0x0000000019010000,0x0000000019110000] [id=7600]

VM state:not at safepoint (normal execution)

VM Mutex/Monitor currently owned by a thread: None

Heap:
 PSYoungGen      total 38400K, used 26725K [0x00000000d5580000, 0x00000000d8000000, 0x0000000100000000)
  eden space 33280K, 65% used [0x00000000d5580000,0x00000000d6aa09f8,0x00000000d7600000)
  from space 5120K, 99% used [0x00000000d7600000,0x00000000d7af8e00,0x00000000d7b00000)
  to   space 5120K, 0% used [0x00000000d7b00000,0x00000000d7b00000,0x00000000d8000000)
 ParOldGen       total 87552K, used 2151K [0x0000000080000000, 0x0000000085580000, 0x00000000d5580000)
  object space 87552K, 2% used [0x0000000080000000,0x0000000080219dc0,0x0000000085580000)
 Metaspace       used 5937K, capacity 6960K, committed 7040K, reserved 1056768K
  class space    used 585K, capacity 616K, committed 640K, reserved 1048576K

Card table byte_map: [0x0000000011a50000,0x0000000011e60000] byte_map_base: 0x0000000011650000

Marking Bits: (ParMarkBitMap*) 0x00000000530a0600
 Begin Bits: [0x0000000012510000, 0x0000000014510000)
 End Bits:   [0x0000000014510000, 0x0000000016510000)

Polling page: 0x0000000000440000

CodeCache: size=245760Kb used=5481Kb max_used=5481Kb free=240278Kb
 bounds [0x0000000002690000, 0x0000000002bf0000, 0x0000000011690000]
 total_blobs=1634 nmethods=1370 adapters=177
 compilation: enabled

Compilation events (10 events):
Event: 0.869 Thread 0x0000000018917000 1374       3       com.android.dx.util.Hex::u2 (44 bytes)
Event: 0.869 Thread 0x0000000018917000 nmethod 1374 0x0000000002be3110 code [0x0000000002be32c0, 0x0000000002be3938]
Event: 0.869 Thread 0x0000000018917000 1376       3       com.android.dx.command.dexer.Main::access$1700 (4 bytes)
Event: 0.869 Thread 0x0000000018917000 nmethod 1376 0x0000000002be2e10 code [0x0000000002be2f60, 0x0000000002be30b0]
Event: 0.871 Thread 0x0000000018917000 1377       3       com.android.dx.ssa.ConstCollector$2::map (28 bytes)
Event: 0.871 Thread 0x0000000018917000 nmethod 1377 0x0000000002be2750 code [0x0000000002be28c0, 0x0000000002be2ce8]
Event: 0.871 Thread 0x0000000018917000 1378       3       com.android.dx.rop.cst.CstFloat::getType (4 bytes)
Event: 0.871 Thread 0x0000000018917000 nmethod 1378 0x0000000002be2410 code [0x0000000002be2560, 0x0000000002be26b0]
Event: 0.872 Thread 0x0000000018917000 1379   !   3       com.android.dx.rop.cst.CstType::intern (48 bytes)
Event: 0.872 Thread 0x0000000018917000 nmethod 1379 0x0000000002beb110 code [0x0000000002beb320, 0x0000000002bebf48]

GC Heap History (2 events):
Event: 0.707 GC heap before
{Heap before GC invocations=1 (full 0):
 PSYoungGen      total 38400K, used 33280K [0x00000000d5580000, 0x00000000d8000000, 0x0000000100000000)
  eden space 33280K, 100% used [0x00000000d5580000,0x00000000d7600000,0x00000000d7600000)
  from space 5120K, 0% used [0x00000000d7b00000,0x00000000d7b00000,0x00000000d8000000)
  to   space 5120K, 0% used [0x00000000d7600000,0x00000000d7600000,0x00000000d7b00000)
 ParOldGen       total 87552K, used 0K [0x0000000080000000, 0x0000000085580000, 0x00000000d5580000)
  object space 87552K, 0% used [0x0000000080000000,0x0000000080000000,0x0000000085580000)
 Metaspace       used 5785K, capacity 6896K, committed 7040K, reserved 1056768K
  class space    used 584K, capacity 616K, committed 640K, reserved 1048576K
Event: 0.714 GC heap after
Heap after GC invocations=1 (full 0):
 PSYoungGen      total 38400K, used 5091K [0x00000000d5580000, 0x00000000d8000000, 0x0000000100000000)
  eden space 33280K, 0% used [0x00000000d5580000,0x00000000d5580000,0x00000000d7600000)
  from space 5120K, 99% used [0x00000000d7600000,0x00000000d7af8e00,0x00000000d7b00000)
  to   space 5120K, 0% used [0x00000000d7b00000,0x00000000d7b00000,0x00000000d8000000)
 ParOldGen       total 87552K, used 2151K [0x0000000080000000, 0x0000000085580000, 0x00000000d5580000)
  object space 87552K, 2% used [0x0000000080000000,0x0000000080219dc0,0x0000000085580000)
 Metaspace       used 5785K, capacity 6896K, committed 7040K, reserved 1056768K
  class space    used 584K, capacity 616K, committed 640K, reserved 1048576K
}

Deoptimization events (10 events):
Event: 0.592 Thread 0x0000000018ae7000 Uncommon trap: reason=class_check action=maybe_recompile pc=0x00000000029a64c8 method=com.android.dx.ssa.SsaBasicBlock.forEachInsn(Lcom/android/dx/ssa/SsaInsn$Visitor;)V @ 23
Event: 0.593 Thread 0x0000000018ae7000 Uncommon trap: reason=class_check action=maybe_recompile pc=0x00000000029a64c8 method=com.android.dx.ssa.SsaBasicBlock.forEachInsn(Lcom/android/dx/ssa/SsaInsn$Visitor;)V @ 23
Event: 0.593 Thread 0x0000000018ae7000 Uncommon trap: reason=class_check action=maybe_recompile pc=0x00000000029a64c8 method=com.android.dx.ssa.SsaBasicBlock.forEachInsn(Lcom/android/dx/ssa/SsaInsn$Visitor;)V @ 23
Event: 0.593 Thread 0x0000000018ae7000 Uncommon trap: reason=class_check action=maybe_recompile pc=0x00000000029a64c8 method=com.android.dx.ssa.SsaBasicBlock.forEachInsn(Lcom/android/dx/ssa/SsaInsn$Visitor;)V @ 23
Event: 0.599 Thread 0x0000000018b30000 Uncommon trap: reason=unstable_if action=reinterpret pc=0x000000000284fd5c method=com.android.dx.rop.cst.Constant.compareTo(Lcom/android/dx/rop/cst/Constant;)I @ 12
Event: 0.601 Thread 0x0000000002590800 Uncommon trap: reason=unstable_if action=reinterpret pc=0x0000000002945638 method=com.android.dx.rop.cst.StdConstantPool.set(ILcom/android/dx/rop/cst/Constant;)V @ 12
Event: 0.661 Thread 0x0000000018abf000 Uncommon trap: reason=class_check action=maybe_recompile pc=0x00000000029f8914 method=com.android.dx.ssa.NormalSsaInsn.accept(Lcom/android/dx/ssa/SsaInsn$Visitor;)V @ 9
Event: 0.830 Thread 0x0000000018ae7000 Uncommon trap: reason=bimorphic action=maybe_recompile pc=0x0000000002b11550 method=com.android.dx.ssa.SCCP.simulatePhi(Lcom/android/dx/ssa/PhiInsn;)V @ 124
Event: 0.838 Thread 0x0000000018b30000 Uncommon trap: reason=unstable_if action=reinterpret pc=0x0000000002a71244 method=com.android.dx.ssa.SsaRenamer$BlockRenamer.addMapping(ILcom/android/dx/rop/code/RegisterSpec;)V @ 120
Event: 0.845 Thread 0x0000000018aa9000 Uncommon trap: reason=unstable_if action=reinterpret pc=0x0000000002b055e4 method=com.android.dx.ssa.SCCP.simulateStmt(Lcom/android/dx/ssa/SsaInsn;)V @ 53

Internal exceptions (3 events):
Event: 0.029 Thread 0x0000000002590800 Exception <a 'java/lang/NoSuchMethodError': Method sun.misc.Unsafe.defineClass(Ljava/lang/String;[BII)Ljava/lang/Class; name or signature does not match> (0x00000000d5593090) thrown at [D:\re\puppet\workspace\8-2-build-windows-amd64-cygwin\jdk8u73\6086\hot5êç’†#û?
Event: 0.029 Thread 0x0000000002590800 Exception <a 'java/lang/NoSuchMethodError': Method sun.misc.Unsafe.prefetchRead(Ljava/lang/Object;J)V name or signature does not match> (0x00000000d5593378) thrown at [D:\re\puppet\workspace\8-2-build-windows-amd64-cygwin\jdk8u73\6086\hotspot\src\share\vm\Ejeˇã€‚?
Event: 0.589 Thread 0x0000000018ae7000 Implicit null exception at 0x00000000029b7ca2 to 0x00000000029b7da9

Events (10 events):
Event: 0.836 Thread 0x0000000018b30000 DEOPT PACKING pc=0x0000000002a1a9fa sp=0x000000001960e9b0
Event: 0.836 Thread 0x0000000018b30000 DEOPT UNPACKING pc=0x00000000026d787f sp=0x000000001960e718 mode 0
Event: 0.838 Thread 0x0000000018b30000 Uncommon trap: trap_request=0xffffff65 fr.pc=0x0000000002a71244
Event: 0.838 Thread 0x0000000018b30000 DEOPT PACKING pc=0x0000000002a71244 sp=0x000000001960e870
Event: 0.838 Thread 0x0000000018b30000 DEOPT UNPACKING pc=0x00000000026d582a sp=0x000000001960e800 mode 2
Event: 0.845 Thread 0x0000000018b30000 DEOPT PACKING pc=0x00000000029375ed sp=0x000000001960e910
Event: 0.845 Thread 0x0000000018b30000 DEOPT UNPACKING pc=0x00000000026d787f sp=0x000000001960e6f0 mode 0
Event: 0.845 Thread 0x0000000018aa9000 Uncommon trap: trap_request=0xffffff65 fr.pc=0x0000000002b055e4
Event: 0.845 Thread 0x0000000018aa9000 DEOPT PACKING pc=0x0000000002b055e4 sp=0x000000001920e830
Event: 0.845 Thread 0x0000000018aa9000 DEOPT UNPACKING pc=0x00000000026d582a sp=0x000000001920e7f8 mode 2


Dynamic libraries:
0x00007ff6fb7a0000 - 0x00007ff6fb7d7000 	X:\Program Files\Java\jdk1.8.0_73\bin\java.exe
0x00007ffec5b10000 - 0x00007ffec5cd1000 	X:\Windows\SYSTEM32\ntdll.dll
0x00007ffec35e0000 - 0x00007ffec368d000 	X:\Windows\system32\KERNEL32.DLL
0x00007ffec2930000 - 0x00007ffec2b18000 	X:\Windows\system32\KERNELBASE.dll
0x00007ffec34c0000 - 0x00007ffec3567000 	X:\Windows\system32\ADVAPI32.dll
0x00007ffec50c0000 - 0x00007ffec515d000 	X:\Windows\system32\msvcrt.dll
0x00007ffec59a0000 - 0x00007ffec59fb000 	X:\Windows\system32\sechost.dll
0x00007ffec2f10000 - 0x00007ffec302c000 	X:\Windows\system32\RPCRT4.dll
0x00007ffec32f0000 - 0x00007ffec3446000 	X:\Windows\system32\USER32.dll
0x00007ffec3030000 - 0x00007ffec31b6000 	X:\Windows\system32\GDI32.dll
0x00007ffeb89d0000 - 0x00007ffeb8c44000 	X:\Windows\WinSxS\amd64_microsoft.windows.common-controls_6595b64144ccf1df_6.0.10586.0_none_8c15ae12515e1c22\COMCTL32.dll
0x00007ffec4e20000 - 0x00007ffec509d000 	X:\Windows\system32\combase.dll
0x00007ffec2ea0000 - 0x00007ffec2f0a000 	X:\Windows\system32\bcryptPrimitives.dll
0x00007ffec56f0000 - 0x00007ffec572b000 	X:\Windows\system32\IMM32.DLL
0x0000000052330000 - 0x0000000052402000 	X:\Program Files\Java\jdk1.8.0_73\jre\bin\msvcr100.dll
0x0000000052890000 - 0x0000000053120000 	X:\Program Files\Java\jdk1.8.0_73\jre\bin\server\jvm.dll
0x00007ffec4c50000 - 0x00007ffec4c58000 	X:\Windows\system32\PSAPI.DLL
0x00007ffebded0000 - 0x00007ffebded9000 	X:\Windows\SYSTEM32\WSOCK32.dll
0x00007ffec0720000 - 0x00007ffec0743000 	X:\Windows\SYSTEM32\WINMM.dll
0x00007ffebe7e0000 - 0x00007ffebe7ea000 	X:\Windows\SYSTEM32\VERSION.dll
0x00007ffec3570000 - 0x00007ffec35db000 	X:\Windows\system32\WS2_32.dll
0x00000000023b0000 - 0x00000000023dc000 	X:\Windows\SYSTEM32\WINMMBASE.dll
0x00007ffec2bd0000 - 0x00007ffec2c13000 	X:\Windows\system32\cfgmgr32.dll
0x00000000527a0000 - 0x00000000527af000 	X:\Program Files\Java\jdk1.8.0_73\jre\bin\verify.dll
0x0000000052770000 - 0x0000000052799000 	X:\Program Files\Java\jdk1.8.0_73\jre\bin\java.dll
0x0000000052750000 - 0x0000000052766000 	X:\Program Files\Java\jdk1.8.0_73\jre\bin\zip.dll
0x00007ffec36f0000 - 0x00007ffec4c4c000 	X:\Windows\system32\SHELL32.dll
0x00007ffec2220000 - 0x00007ffec2865000 	X:\Windows\system32\windows.storage.dll
0x00007ffec3690000 - 0x00007ffec36e2000 	X:\Windows\system32\shlwapi.dll
0x00007ffec2130000 - 0x00007ffec213f000 	X:\Windows\system32\kernel.appcore.dll
0x00007ffec2870000 - 0x00007ffec2925000 	X:\Windows\system32\shcore.dll
0x00007ffec2140000 - 0x00007ffec218b000 	X:\Windows\system32\powrprof.dll
0x00007ffec2190000 - 0x00007ffec21a4000 	X:\Windows\system32\profapi.dll

VM Arguments:
jvm_args: -Djava.awt.headless=true -Xmx2g -Dfile.encoding=GBK -Duser.country=CN -Duser.language=zh -Duser.variant 
java_command: com.android.dx.command.Main --dex --num-threads=4 --multi-dex --output E:\Android\CalorieCounter\app\build\intermediates\transforms\dex\debug\folders\1000\1\debug_c12e9ece3e3c2bd2b03ef862e6ab9486fb6796ba E:\Android\CalorieCounter\app\build\intermediates\classes\debug
java_class_path (initial): E:\QMDownload\SDK\build-tools\23.0.3\lib\dx.jar
Launcher Type: SUN_STANDARD

Environment Variables:
PATH=X:\ProgramData\Oracle\Java\javapath;X:\Windows\system32;X:\Windows;X:\Windows\System32\Wbem;X:\Windows\System32\WindowsPowerShell\v1.0\;X:\Program Files (x86)\ATI Technologies\ATI.ACE\Core-Static;D:\Program Files\MATLAB\R2013a\runtime\win64;D:\Program Files\MATLAB\R2013a\bin;X:\Program Files\Java\jdk1.8.0_73\bin;D:\Python27;X:\Program Files (x86)\MySQL\MySQL Fabric 1.5 & MySQL Utilities 1.5\;X:\Program Files (x86)\MySQL\MySQL Fabric 1.5 & MySQL Utilities 1.5\Doctrine extensions for PHP\;E:\QMDownload\SDK\platform-tools
USERNAME=Õı…≠
OS=Windows_NT
PROCESSOR_IDENTIFIER=Intel64 Family 6 Model 60 Stepping 3, GenuineIntel



---------------  S Y S T E M  ---------------

OS: Windows 10.0 , 64 bit Build 10586 (10.0.10586.0)

CPU:total 4 (4 cores per cpu, 1 threads per core) family 6 model 60 stepping 3, cmov, cx8, fxsr, mmx, sse, sse2, sse3, ssse3, sse4.1, sse4.2, popcnt, avx, avx2, aes, clmul, erms, lzcnt, tsc, tscinvbit, bmi1, bmi2

Memory: 4k page, physical 8315044k(1441620k free), swap 8315044k(5292k free)

vm_info: Java HotSpot(TM) 64-Bit Server VM (25.73-b02) for windows-amd64 JRE (1.8.0_73-b02), built on Jan 29 2016 17:38:49 by "java_re" with MS VC++ 10.0 (VS2010)

time: Tue Apr 26 14:09:14 2016
elapsed time: 0 seconds (0d 0h 0m 0s)

