#
# There is insufficient memory for the Java Runtime Environment to continue.
# Native memory allocation (malloc) failed to allocate 65552 bytes for Chunk::new
# Possible reasons:
#   The system is out of physical RAM or swap space
#   In 32 bit mode, the process size limit was hit
# Possible solutions:
#   Reduce memory load on the system
#   Increase physical memory or swap space
#   Check if swap backing store is full
#   Use 64 bit Java on a 64 bit OS
#   Decrease Java heap size (-Xmx/-Xms)
#   Decrease number of Java threads
#   Decrease Java thread stack sizes (-Xss)
#   Set larger code cache with -XX:ReservedCodeCacheSize=
# This output file may be truncated or incomplete.
#
#  Out of Memory Error (allocation.cpp:390), pid=15420, tid=16256
#
# JRE version: Java(TM) SE Runtime Environment (8.0_73-b02) (build 1.8.0_73-b02)
# Java VM: Java HotSpot(TM) 64-Bit Server VM (25.73-b02 mixed mode windows-amd64 compressed oops)
# Failed to write core dump. Minidumps are not enabled by default on client versions of Windows
#

---------------  T H R E A D  ---------------

Current thread (0x000000001723d000):  JavaThread "C2 CompilerThread1" daemon [_thread_in_native, id=16256, stack(0x0000000018c30000,0x0000000018d30000)]

Stack: [0x0000000018c30000,0x0000000018d30000]
[error occurred during error reporting (printing stack bounds), id 0xc0000005]

Native frames: (J=compiled Java code, j=interpreted, Vv=VM code, C=native code)


Current CompileTask:
C2:   2365 1910       4       com.android.dx.dex.file.DexFile::internIfAppropriate (128 bytes)


---------------  P R O C E S S  ---------------

Java Threads: ( => current thread )
  0x0000000018b1f000 JavaThread "pool-1-thread-1" [_thread_in_vm, id=16984, stack(0x000000001c320000,0x000000001c420000)]
  0x00000000188bf800 JavaThread "Service Thread" daemon [_thread_blocked, id=16292, stack(0x0000000018e30000,0x0000000018f30000)]
  0x000000001887f000 JavaThread "C1 CompilerThread2" daemon [_thread_blocked, id=16280, stack(0x0000000018d30000,0x0000000018e30000)]
=>0x000000001723d000 JavaThread "C2 CompilerThread1" daemon [_thread_in_native, id=16256, stack(0x0000000018c30000,0x0000000018d30000)]
  0x0000000017239000 JavaThread "C2 CompilerThread0" daemon [_thread_in_native, id=16120, stack(0x0000000018730000,0x0000000018830000)]
  0x00000000171ed800 JavaThread "Attach Listener" daemon [_thread_blocked, id=16000, stack(0x0000000018630000,0x0000000018730000)]
  0x00000000171ec800 JavaThread "Signal Dispatcher" daemon [_thread_blocked, id=15980, stack(0x0000000018530000,0x0000000018630000)]
  0x00000000025b0800 JavaThread "Finalizer" daemon [_thread_blocked, id=15840, stack(0x0000000018430000,0x0000000018530000)]
  0x00000000025ad000 JavaThread "Reference Handler" daemon [_thread_blocked, id=15848, stack(0x0000000018330000,0x0000000018430000)]
  0x00000000024c0800 JavaThread "main" [_thread_blocked, id=15816, stack(0x00000000022c0000,0x00000000023c0000)]

Other Threads:
  0x00000000171a7800 VMThread [stack: 0x0000000018230000,0x0000000018330000] [id=15868]
  0x00000000188e4000 WatcherThread [stack: 0x0000000018f30000,0x0000000019030000] [id=16244]

VM state:not at safepoint (normal execution)

VM Mutex/Monitor currently owned by a thread: None

Heap:
 PSYoungGen      total 71680K, used 19858K [0x00000000d5580000, 0x00000000de180000, 0x0000000100000000)
  eden space 66560K, 22% used [0x00000000d5580000,0x00000000d63e7e10,0x00000000d9680000)
  from space 5120K, 99% used [0x00000000d9680000,0x00000000d9b7cab8,0x00000000d9b80000)
  to   space 5120K, 0% used [0x00000000ddc80000,0x00000000ddc80000,0x00000000de180000)
 ParOldGen       total 87552K, used 15952K [0x0000000080000000, 0x0000000085580000, 0x00000000d5580000)
  object space 87552K, 18% used [0x0000000080000000,0x0000000080f94258,0x0000000085580000)
 Metaspace       used 6412K, capacity 7192K, committed 7424K, reserved 1056768K
  class space    used 614K, capacity 656K, committed 768K, reserved 1048576K

Card table byte_map: [0x0000000011980000,0x0000000011d90000] byte_map_base: 0x0000000011580000

Marking Bits: (ParMarkBitMap*) 0x000000005dcb0600
 Begin Bits: [0x0000000012440000, 0x0000000014440000)
 End Bits:   [0x0000000014440000, 0x0000000016440000)

Polling page: 0x00000000001f0000

CodeCache: size=245760Kb used=7552Kb max_used=7565Kb free=238207Kb
 bounds [0x00000000025c0000, 0x0000000002d30000, 0x00000000115c0000]
 total_blobs=2158 nmethods=1886 adapters=184
 compilation: enabled

Compilation events (10 events):
Event: 2.151 Thread 0x000000001723d000 nmethod 1901 0x0000000002d24d50 code [0x0000000002d24f00, 0x0000000002d25e18]
Event: 2.151 Thread 0x000000001723d000 1905 %     4       com.android.dx.dex.code.OutputFinisher::getAllConstants @ 18 (47 bytes)
Event: 2.176 Thread 0x000000001723d000 nmethod 1905% 0x0000000002d26950 code [0x0000000002d26b40, 0x0000000002d27750]
Event: 2.176 Thread 0x000000001723d000 1892   !   4       com.android.dx.rop.cst.CstType::intern (48 bytes)
Event: 2.192 Thread 0x000000001723d000 nmethod 1892 0x0000000002d28590 code [0x0000000002d28780, 0x0000000002d29918]
Event: 2.192 Thread 0x000000001723d000 1902       4       java.util.HashMap$KeyIterator::next (8 bytes)
Event: 2.194 Thread 0x000000001723d000 nmethod 1902 0x0000000002d1a550 code [0x0000000002d1a6a0, 0x0000000002d1a898]
Event: 2.358 Thread 0x000000001887f000 1909       1       com.android.dx.dex.file.DebugInfoItem::addContents (1 bytes)
Event: 2.358 Thread 0x000000001887f000 nmethod 1909 0x0000000002d0c7d0 code [0x0000000002d0c920, 0x0000000002d0ca30]
Event: 2.359 Thread 0x000000001723d000 1910       4       com.android.dx.dex.file.DexFile::internIfAppropriate (128 bytes)

GC Heap History (6 events):
Event: 0.619 GC heap before
{Heap before GC invocations=1 (full 0):
 PSYoungGen      total 38400K, used 33280K [0x00000000d5580000, 0x00000000d8000000, 0x0000000100000000)
  eden space 33280K, 100% used [0x00000000d5580000,0x00000000d7600000,0x00000000d7600000)
  from space 5120K, 0% used [0x00000000d7b00000,0x00000000d7b00000,0x00000000d8000000)
  to   space 5120K, 0% used [0x00000000d7600000,0x00000000d7600000,0x00000000d7b00000)
 ParOldGen       total 87552K, used 0K [0x0000000080000000, 0x0000000085580000, 0x00000000d5580000)
  object space 87552K, 0% used [0x0000000080000000,0x0000000080000000,0x0000000085580000)
 Metaspace       used 5996K, capacity 6900K, committed 7040K, reserved 1056768K
  class space    used 604K, capacity 620K, committed 640K, reserved 1048576K
Event: 0.638 GC heap after
Heap after GC invocations=1 (full 0):
 PSYoungGen      total 38400K, used 5090K [0x00000000d5580000, 0x00000000da080000, 0x0000000100000000)
  eden space 33280K, 0% used [0x00000000d5580000,0x00000000d5580000,0x00000000d7600000)
  from space 5120K, 99% used [0x00000000d7600000,0x00000000d7af8ac8,0x00000000d7b00000)
  to   space 5120K, 0% used [0x00000000d9b80000,0x00000000d9b80000,0x00000000da080000)
 ParOldGen       total 87552K, used 1754K [0x0000000080000000, 0x0000000085580000, 0x00000000d5580000)
  object space 87552K, 2% used [0x0000000080000000,0x00000000801b6be8,0x0000000085580000)
 Metaspace       used 5996K, capacity 6900K, committed 7040K, reserved 1056768K
  class space    used 604K, capacity 620K, committed 640K, reserved 1048576K
}
Event: 0.852 GC heap before
{Heap before GC invocations=2 (full 0):
 PSYoungGen      total 38400K, used 38370K [0x00000000d5580000, 0x00000000da080000, 0x0000000100000000)
  eden space 33280K, 100% used [0x00000000d5580000,0x00000000d7600000,0x00000000d7600000)
  from space 5120K, 99% used [0x00000000d7600000,0x00000000d7af8ac8,0x00000000d7b00000)
  to   space 5120K, 0% used [0x00000000d9b80000,0x00000000d9b80000,0x00000000da080000)
 ParOldGen       total 87552K, used 1754K [0x0000000080000000, 0x0000000085580000, 0x00000000d5580000)
  object space 87552K, 2% used [0x0000000080000000,0x00000000801b6be8,0x0000000085580000)
 Metaspace       used 6173K, capacity 7028K, committed 7296K, reserved 1056768K
  class space    used 606K, capacity 620K, committed 640K, reserved 1048576K
Event: 0.862 GC heap after
Heap after GC invocations=2 (full 0):
 PSYoungGen      total 71680K, used 5108K [0x00000000d5580000, 0x00000000da080000, 0x0000000100000000)
  eden space 66560K, 0% used [0x00000000d5580000,0x00000000d5580000,0x00000000d9680000)
  from space 5120K, 99% used [0x00000000d9b80000,0x00000000da07d118,0x00000000da080000)
  to   space 5120K, 0% used [0x00000000d9680000,0x00000000d9680000,0x00000000d9b80000)
 ParOldGen       total 87552K, used 5880K [0x0000000080000000, 0x0000000085580000, 0x00000000d5580000)
  object space 87552K, 6% used [0x0000000080000000,0x00000000805be0c0,0x0000000085580000)
 Metaspace       used 6173K, capacity 7028K, committed 7296K, reserved 1056768K
  class space    used 606K, capacity 620K, committed 640K, reserved 1048576K
}
Event: 1.595 GC heap before
{Heap before GC invocations=3 (full 0):
 PSYoungGen      total 71680K, used 71668K [0x00000000d5580000, 0x00000000da080000, 0x0000000100000000)
  eden space 66560K, 100% used [0x00000000d5580000,0x00000000d9680000,0x00000000d9680000)
  from space 5120K, 99% used [0x00000000d9b80000,0x00000000da07d118,0x00000000da080000)
  to   space 5120K, 0% used [0x00000000d9680000,0x00000000d9680000,0x00000000d9b80000)
 ParOldGen       total 87552K, used 5880K [0x0000000080000000, 0x0000000085580000, 0x00000000d5580000)
  object space 87552K, 6% used [0x0000000080000000,0x00000000805be0c0,0x0000000085580000)
 Metaspace       used 6324K, capacity 7156K, committed 7296K, reserved 1056768K
  class space    used 606K, capacity 620K, committed 640K, reserved 1048576K
Event: 1.629 GC heap after
Heap after GC invocations=3 (full 0):
 PSYoungGen      total 71680K, used 5106K [0x00000000d5580000, 0x00000000de180000, 0x0000000100000000)
  eden space 66560K, 0% used [0x00000000d5580000,0x00000000d5580000,0x00000000d9680000)
  from space 5120K, 99% used [0x00000000d9680000,0x00000000d9b7cab8,0x00000000d9b80000)
  to   space 5120K, 0% used [0x00000000ddc80000,0x00000000ddc80000,0x00000000de180000)
 ParOldGen       total 87552K, used 15952K [0x0000000080000000, 0x0000000085580000, 0x00000000d5580000)
  object space 87552K, 18% used [0x0000000080000000,0x0000000080f94258,0x0000000085580000)
 Metaspace       used 6324K, capacity 7156K, committed 7296K, reserved 1056768K
  class space    used 606K, capacity 620K, committed 640K, reserved 1048576K
}

Deoptimization events (10 events):
Event: 1.247 Thread 0x0000000018b48800 Uncommon trap: reason=null_check action=make_not_entrant pc=0x0000000002998518 method=com.android.dx.ssa.SsaRenamer.getLocalForNewReg(I)Lcom/android/dx/rop/code/LocalItem; @ 19
Event: 1.489 Thread 0x0000000018b48800 Uncommon trap: reason=unstable_if action=reinterpret pc=0x0000000002acf81c method=com.android.dx.ssa.SCCP.simulateStmt(Lcom/android/dx/ssa/SsaInsn;)V @ 59
Event: 1.546 Thread 0x0000000018b48800 Uncommon trap: reason=unstable_if action=reinterpret pc=0x0000000002b8fc94 method=com.android.dx.rop.code.LocalItem.compareHandlesNulls(Lcom/android/dx/rop/cst/CstString;Lcom/android/dx/rop/cst/CstString;)I @ 14
Event: 1.547 Thread 0x0000000018b48800 Uncommon trap: reason=unstable_if action=reinterpret pc=0x0000000002ba6428 method=com.android.dx.rop.code.LocalItem.compareHandlesNulls(Lcom/android/dx/rop/cst/CstString;Lcom/android/dx/rop/cst/CstString;)I @ 14
Event: 1.547 Thread 0x0000000018b48800 Uncommon trap: reason=unstable_if action=reinterpret pc=0x0000000002a38ef8 method=com.android.dx.rop.code.LocalItem.compareHandlesNulls(Lcom/android/dx/rop/cst/CstString;Lcom/android/dx/rop/cst/CstString;)I @ 14
Event: 1.975 Thread 0x0000000018b1f000 Uncommon trap: reason=class_check action=maybe_recompile pc=0x0000000002a6de48 method=java.util.Arrays.hashCode([Ljava/lang/Object;)I @ 43
Event: 1.975 Thread 0x0000000018b1f000 Uncommon trap: reason=class_check action=maybe_recompile pc=0x0000000002a6de48 method=java.util.Arrays.hashCode([Ljava/lang/Object;)I @ 43
Event: 1.976 Thread 0x0000000018b1f000 Uncommon trap: reason=class_check action=maybe_recompile pc=0x0000000002a6de48 method=java.util.Arrays.hashCode([Ljava/lang/Object;)I @ 43
Event: 1.976 Thread 0x0000000018b1f000 Uncommon trap: reason=class_check action=maybe_recompile pc=0x0000000002a6de48 method=java.util.Arrays.hashCode([Ljava/lang/Object;)I @ 43
Event: 1.976 Thread 0x0000000018b1f000 Uncommon trap: reason=class_check action=maybe_recompile pc=0x0000000002a460f4 method=java.util.Arrays.hashCode([Ljava/lang/Object;)I @ 43

Internal exceptions (8 events):
Event: 0.099 Thread 0x00000000024c0800 Exception <a 'java/lang/NoSuchMethodError': Method sun.misc.Unsafe.defineClass(Ljava/lang/String;[BII)Ljava/lang/Class; name or signature does not match> (0x00000000d5593090) thrown at [D:\re\puppet\workspace\8-2-build-windows-amd64-cygwin\jdk8u73\6086\hotw%‹ÅÜNπ?
Event: 0.099 Thread 0x00000000024c0800 Exception <a 'java/lang/NoSuchMethodError': Method sun.misc.Unsafe.prefetchRead(Ljava/lang/Object;J)V name or signature does not match> (0x00000000d5593378) thrown at [D:\re\puppet\workspace\8-2-build-windows-amd64-cygwin\jdk8u73\6086\hotspot\src\share\vm\V∑Âå!‹·?
Event: 0.558 Thread 0x0000000018b18000 Implicit null exception at 0x0000000002992b62 to 0x0000000002992c5a
Event: 0.656 Thread 0x0000000018b1f000 Implicit null exception at 0x00000000029a3be0 to 0x00000000029a4d39
Event: 1.247 Thread 0x0000000018b48800 Implicit null exception at 0x00000000029975c4 to 0x00000000029984e5
Event: 1.546 Thread 0x0000000018b48800 Implicit null exception at 0x0000000002b8da8f to 0x0000000002b8fc2d
Event: 1.547 Thread 0x0000000018b48800 Implicit null exception at 0x0000000002ba4a4f to 0x0000000002ba63fd
Event: 1.547 Thread 0x0000000018b48800 Implicit null exception at 0x0000000002a38d22 to 0x0000000002a38ee5

Events (10 events):
Event: 1.976 Thread 0x0000000018b1f000 DEOPT UNPACKING pc=0x000000000260582a sp=0x000000001c41e650 mode 2
Event: 1.976 Thread 0x0000000018b1f000 Uncommon trap: trap_request=0xffffffde fr.pc=0x0000000002a460f4
Event: 1.976 Thread 0x0000000018b1f000 DEOPT PACKING pc=0x0000000002a460f4 sp=0x000000001c41e710
Event: 1.976 Thread 0x0000000018b1f000 DEOPT UNPACKING pc=0x000000000260582a sp=0x000000001c41e698 mode 2
Event: 2.034 loading class com/android/dx/rop/cst/Zeroes
Event: 2.034 loading class com/android/dx/rop/cst/Zeroes done
Event: 2.088 loading class com/android/dx/dex/file/CatchStructs
Event: 2.088 loading class com/android/dx/dex/file/CatchStructs done
Event: 2.105 Thread 0x0000000018b1f000 DEOPT PACKING pc=0x00000000027a3fc8 sp=0x000000001c41e670
Event: 2.105 Thread 0x0000000018b1f000 DEOPT UNPACKING pc=0x000000000260787f sp=0x000000001c41e3c8 mode 0


Dynamic libraries:
0x00007ff64d3f0000 - 0x00007ff64d427000 	X:\Program Files\Java\jdk1.8.0_73\bin\java.exe
0x00007ffae65e0000 - 0x00007ffae67a1000 	X:\Windows\SYSTEM32\ntdll.dll
0x00007ffae39e0000 - 0x00007ffae3a8d000 	X:\Windows\system32\KERNEL32.DLL
0x00007ffae3420000 - 0x00007ffae3608000 	X:\Windows\system32\KERNELBASE.dll
0x00007ffae5290000 - 0x00007ffae5337000 	X:\Windows\system32\ADVAPI32.dll
0x00007ffae6300000 - 0x00007ffae639d000 	X:\Windows\system32\msvcrt.dll
0x00007ffae61d0000 - 0x00007ffae622b000 	X:\Windows\system32\sechost.dll
0x00007ffae5830000 - 0x00007ffae594c000 	X:\Windows\system32\RPCRT4.dll
0x00007ffae5950000 - 0x00007ffae5aa6000 	X:\Windows\system32\USER32.dll
0x00007ffae56a0000 - 0x00007ffae5826000 	X:\Windows\system32\GDI32.dll
0x00007ffada4a0000 - 0x00007ffada714000 	X:\Windows\WinSxS\amd64_microsoft.windows.common-controls_6595b64144ccf1df_6.0.10586.0_none_8c15ae12515e1c22\COMCTL32.dll
0x00007ffae5ab0000 - 0x00007ffae5d2d000 	X:\Windows\system32\combase.dll
0x00007ffae3330000 - 0x00007ffae339a000 	X:\Windows\system32\bcryptPrimitives.dll
0x00007ffae4ff0000 - 0x00007ffae502b000 	X:\Windows\system32\IMM32.DLL
0x000000005d3c0000 - 0x000000005d492000 	X:\Program Files\Java\jdk1.8.0_73\jre\bin\msvcr100.dll
0x000000005d4a0000 - 0x000000005dd30000 	X:\Program Files\Java\jdk1.8.0_73\jre\bin\server\jvm.dll
0x00007ffae65d0000 - 0x00007ffae65d8000 	X:\Windows\system32\PSAPI.DLL
0x00007ffad6220000 - 0x00007ffad6229000 	X:\Windows\SYSTEM32\WSOCK32.dll
0x00007ffae6160000 - 0x00007ffae61cb000 	X:\Windows\system32\WS2_32.dll
0x00007ffae0ef0000 - 0x00007ffae0f13000 	X:\Windows\SYSTEM32\WINMM.dll
0x00007ffadf760000 - 0x00007ffadf76a000 	X:\Windows\SYSTEM32\VERSION.dll
0x00007ffae0e80000 - 0x00007ffae0eac000 	X:\Windows\SYSTEM32\WINMMBASE.dll
0x00007ffae2c90000 - 0x00007ffae2cd3000 	X:\Windows\system32\cfgmgr32.dll
0x000000005d370000 - 0x000000005d37f000 	X:\Program Files\Java\jdk1.8.0_73\jre\bin\verify.dll
0x000000005d340000 - 0x000000005d369000 	X:\Program Files\Java\jdk1.8.0_73\jre\bin\java.dll
0x000000005d320000 - 0x000000005d336000 	X:\Program Files\Java\jdk1.8.0_73\jre\bin\zip.dll
0x00007ffae3a90000 - 0x00007ffae4fec000 	X:\Windows\system32\SHELL32.dll
0x00007ffae2ce0000 - 0x00007ffae3325000 	X:\Windows\system32\windows.storage.dll
0x00007ffae6460000 - 0x00007ffae64b2000 	X:\Windows\system32\shlwapi.dll
0x00007ffae2c80000 - 0x00007ffae2c8f000 	X:\Windows\system32\kernel.appcore.dll
0x00007ffae3750000 - 0x00007ffae3805000 	X:\Windows\system32\shcore.dll
0x00007ffae2c00000 - 0x00007ffae2c4b000 	X:\Windows\system32\powrprof.dll
0x00007ffae2c60000 - 0x00007ffae2c74000 	X:\Windows\system32\profapi.dll

VM Arguments:
jvm_args: -Djava.awt.headless=true -Xmx2g -Dfile.encoding=GBK -Duser.country=CN -Duser.language=zh -Duser.variant 
java_command: com.android.dx.command.Main --dex --num-threads=4 --multi-dex --output E:\Android\CalorieCounter\app\build\intermediates\transforms\dex\debug\folders\1000\10\com.android.support-design-23.2.1_2a94e4507ec2bfa02df0223d8ec37cf5629c4adb E:\Android\CalorieCounter\app\build\intermediates\exploded-aar\com.android.support\design\23.2.1\jars\classes.jar
java_class_path (initial): E:\QMDownload\SDK\build-tools\23.0.3\lib\dx.jar
Launcher Type: SUN_STANDARD

Environment Variables:
PATH=X:\ProgramData\Oracle\Java\javapath;X:\Windows\system32;X:\Windows;X:\Windows\System32\Wbem;X:\Windows\System32\WindowsPowerShell\v1.0\;X:\Program Files (x86)\ATI Technologies\ATI.ACE\Core-Static;D:\Program Files\MATLAB\R2013a\runtime\win64;D:\Program Files\MATLAB\R2013a\bin;X:\Program Files\Java\jdk1.8.0_73\bin;D:\Python27;X:\Program Files (x86)\MySQL\MySQL Fabric 1.5 & MySQL Utilities 1.5\;X:\Program Files (x86)\MySQL\MySQL Fabric 1.5 & MySQL Utilities 1.5\Doctrine extensions for PHP\;E:\QMDownload\SDK\platform-tools
USERNAME=Õı…≠
OS=Windows_NT
PROCESSOR_IDENTIFIER=Intel64 Family 6 Model 60 Stepping 3, GenuineIntel



---------------  S Y S T E M  ---------------

OS: Windows 10.0 , 64 bit Build 10586 (10.0.10586.0)

CPU:total 4 (4 cores per cpu, 1 threads per core) family 6 model 60 stepping 3, cmov, cx8, fxsr, mmx, sse, sse2, sse3, ssse3, sse4.1, sse4.2, popcnt, avx, avx2, aes, clmul, erms, lzcnt, tsc, tscinvbit, bmi1, bmi2

Memory: 4k page, physical 8315044k(1810148k free), swap 8315044k(5184k free)

vm_info: Java HotSpot(TM) 64-Bit Server VM (25.73-b02) for windows-amd64 JRE (1.8.0_73-b02), built on Jan 29 2016 17:38:49 by "java_re" with MS VC++ 10.0 (VS2010)

time: Fri Apr 22 00:09:00 2016
elapsed time: 2 seconds (0d 0h 0m 2s)

