#
# There is insufficient memory for the Java Runtime Environment to continue.
# Native memory allocation (malloc) failed to allocate 32784 bytes for Chunk::new
# Possible reasons:
#   The system is out of physical RAM or swap space
#   In 32 bit mode, the process size limit was hit
# Possible solutions:
#   Reduce memory load on the system
#   Increase physical memory or swap space
#   Check if swap backing store is full
#   Use 64 bit Java on a 64 bit OS
#   Decrease Java heap size (-Xmx/-Xms)
#   Decrease number of Java threads
#   Decrease Java thread stack sizes (-Xss)
#   Set larger code cache with -XX:ReservedCodeCacheSize=
# This output file may be truncated or incomplete.
#
#  Out of Memory Error (allocation.cpp:390), pid=4676, tid=12956
#
# JRE version: Java(TM) SE Runtime Environment (8.0_73-b02) (build 1.8.0_73-b02)
# Java VM: Java HotSpot(TM) 64-Bit Server VM (25.73-b02 mixed mode windows-amd64 compressed oops)
# Failed to write core dump. Minidumps are not enabled by default on client versions of Windows
#

---------------  T H R E A D  ---------------

Current thread (0x000000001715b000):  JavaThread "C2 CompilerThread0" daemon [_thread_in_native, id=12956, stack(0x00000000186d0000,0x00000000187d0000)]

Stack: [0x00000000186d0000,0x00000000187d0000]
[error occurred during error reporting (printing stack bounds), id 0xc0000005]

Native frames: (J=compiled Java code, j=interpreted, Vv=VM code, C=native code)


Current CompileTask:
C2:   1573 1218       4       com.android.dx.ssa.SCCP::simulateStmt (481 bytes)


---------------  P R O C E S S  ---------------

Java Threads: ( => current thread )
  0x0000000018a83000 JavaThread "pool-2-thread-4" [_thread_blocked, id=1300, stack(0x00000000193d0000,0x00000000194d0000)]
  0x0000000018a82800 JavaThread "pool-2-thread-3" [_thread_blocked, id=3504, stack(0x00000000192d0000,0x00000000193d0000)]
  0x0000000018a81800 JavaThread "pool-2-thread-2" [_thread_blocked, id=9728, stack(0x00000000191d0000,0x00000000192d0000)]
  0x0000000018a7f000 JavaThread "pool-3-thread-1" [_thread_blocked, id=8752, stack(0x00000000190d0000,0x00000000191d0000)]
  0x0000000018a7e000 JavaThread "pool-2-thread-1" [_thread_blocked, id=5708, stack(0x0000000018fd0000,0x00000000190d0000)]
  0x0000000018835000 JavaThread "Service Thread" daemon [_thread_blocked, id=15328, stack(0x0000000018dd0000,0x0000000018ed0000)]
  0x000000001882a800 JavaThread "C1 CompilerThread2" daemon [_thread_blocked, id=14348, stack(0x0000000018cd0000,0x0000000018dd0000)]
  0x000000001715d800 JavaThread "C2 CompilerThread1" daemon [_thread_in_native, id=6592, stack(0x0000000018bd0000,0x0000000018cd0000)]
=>0x000000001715b000 JavaThread "C2 CompilerThread0" daemon [_thread_in_native, id=12956, stack(0x00000000186d0000,0x00000000187d0000)]
  0x000000001710e800 JavaThread "Attach Listener" daemon [_thread_blocked, id=948, stack(0x00000000185d0000,0x00000000186d0000)]
  0x00000000170f8000 JavaThread "Signal Dispatcher" daemon [_thread_blocked, id=14596, stack(0x00000000184d0000,0x00000000185d0000)]
  0x0000000002491800 JavaThread "Finalizer" daemon [_thread_blocked, id=9412, stack(0x0000000018360000,0x0000000018460000)]
  0x00000000170c9000 JavaThread "Reference Handler" daemon [_thread_blocked, id=14944, stack(0x0000000018260000,0x0000000018360000)]
  0x00000000023a0800 JavaThread "main" [_thread_in_Java, id=15304, stack(0x00000000022a0000,0x00000000023a0000)]

Other Threads:
  0x00000000170c8000 VMThread [stack: 0x0000000018160000,0x0000000018260000] [id=10704]
  0x000000001887f800 WatcherThread [stack: 0x0000000018ed0000,0x0000000018fd0000] [id=10056]

VM state:not at safepoint (normal execution)

VM Mutex/Monitor currently owned by a thread: None

Heap:
 PSYoungGen      total 38400K, used 20088K [0x00000000d5580000, 0x00000000d8000000, 0x0000000100000000)
  eden space 33280K, 44% used [0x00000000d5580000,0x00000000d641e830,0x00000000d7600000)
  from space 5120K, 99% used [0x00000000d7600000,0x00000000d7aff920,0x00000000d7b00000)
  to   space 5120K, 0% used [0x00000000d7b00000,0x00000000d7b00000,0x00000000d8000000)
 ParOldGen       total 87552K, used 1325K [0x0000000080000000, 0x0000000085580000, 0x00000000d5580000)
  object space 87552K, 1% used [0x0000000080000000,0x000000008014b608,0x0000000085580000)
 Metaspace       used 6100K, capacity 6966K, committed 7040K, reserved 1056768K
  class space    used 607K, capacity 622K, committed 640K, reserved 1048576K

Card table byte_map: [0x0000000011870000,0x0000000011c80000] byte_map_base: 0x0000000011470000

Marking Bits: (ParMarkBitMap*) 0x00000000530a0600
 Begin Bits: [0x0000000012330000, 0x0000000014330000)
 End Bits:   [0x0000000014330000, 0x0000000016330000)

Polling page: 0x00000000004f0000

CodeCache: size=245760Kb used=4738Kb max_used=4749Kb free=241022Kb
 bounds [0x00000000024b0000, 0x0000000002960000, 0x00000000114b0000]
 total_blobs=1489 nmethods=1218 adapters=184
 compilation: enabled

Compilation events (10 events):
Event: 1.540 Thread 0x000000001882a800 1215       3       java.util.HashMap::<init> (8 bytes)
Event: 1.540 Thread 0x000000001882a800 nmethod 1215 0x00000000029509d0 code [0x0000000002950b60, 0x0000000002950ce8]
Event: 1.540 Thread 0x000000001882a800 1216       3       java.util.HashMap::<init> (98 bytes)
Event: 1.540 Thread 0x000000001882a800 nmethod 1216 0x0000000002950d90 code [0x0000000002951020, 0x0000000002952208]
Event: 1.543 Thread 0x000000001715b000 nmethod 1219 0x0000000002955f10 code [0x00000000029560a0, 0x0000000002956978]
Event: 1.543 Thread 0x000000001715b000 1186       4       com.android.dx.rop.code.InsnList::set (7 bytes)
Event: 1.543 Thread 0x000000001715b000 nmethod 1186 0x0000000002952e50 code [0x0000000002952fa0, 0x00000000029530b8]
Event: 1.543 Thread 0x000000001715b000 1176       4       com.android.dx.util.FixedSizeList::hashCode (8 bytes)
Event: 1.546 Thread 0x000000001715b000 nmethod 1176 0x0000000002954410 code [0x0000000002954560, 0x00000000029547b8]
Event: 1.546 Thread 0x000000001715b000 1218       4       com.android.dx.ssa.SCCP::simulateStmt (481 bytes)

GC Heap History (2 events):
Event: 1.345 GC heap before
{Heap before GC invocations=1 (full 0):
 PSYoungGen      total 38400K, used 33280K [0x00000000d5580000, 0x00000000d8000000, 0x0000000100000000)
  eden space 33280K, 100% used [0x00000000d5580000,0x00000000d7600000,0x00000000d7600000)
  from space 5120K, 0% used [0x00000000d7b00000,0x00000000d7b00000,0x00000000d8000000)
  to   space 5120K, 0% used [0x00000000d7600000,0x00000000d7600000,0x00000000d7b00000)
 ParOldGen       total 87552K, used 0K [0x0000000080000000, 0x0000000085580000, 0x00000000d5580000)
  object space 87552K, 0% used [0x0000000080000000,0x0000000080000000,0x0000000085580000)
 Metaspace       used 6007K, capacity 6838K, committed 7040K, reserved 1056768K
  class space    used 607K, capacity 622K, committed 640K, reserved 1048576K
Event: 1.439 GC heap after
Heap after GC invocations=1 (full 0):
 PSYoungGen      total 38400K, used 5118K [0x00000000d5580000, 0x00000000d8000000, 0x0000000100000000)
  eden space 33280K, 0% used [0x00000000d5580000,0x00000000d5580000,0x00000000d7600000)
  from space 5120K, 99% used [0x00000000d7600000,0x00000000d7aff920,0x00000000d7b00000)
  to   space 5120K, 0% used [0x00000000d7b00000,0x00000000d7b00000,0x00000000d8000000)
 ParOldGen       total 87552K, used 1325K [0x0000000080000000, 0x0000000085580000, 0x00000000d5580000)
  object space 87552K, 1% used [0x0000000080000000,0x000000008014b608,0x0000000085580000)
 Metaspace       used 6007K, capacity 6838K, committed 7040K, reserved 1056768K
  class space    used 607K, capacity 622K, committed 640K, reserved 1048576K
}

Deoptimization events (10 events):
Event: 1.162 Thread 0x0000000018a83000 Uncommon trap: reason=class_check action=maybe_recompile pc=0x00000000026e5330 method=com.android.dx.ssa.NormalSsaInsn.accept(Lcom/android/dx/ssa/SsaInsn$Visitor;)V @ 9
Event: 1.163 Thread 0x0000000018a83000 Uncommon trap: reason=class_check action=maybe_recompile pc=0x00000000026e5330 method=com.android.dx.ssa.NormalSsaInsn.accept(Lcom/android/dx/ssa/SsaInsn$Visitor;)V @ 9
Event: 1.163 Thread 0x0000000018a83000 Uncommon trap: reason=class_check action=maybe_recompile pc=0x00000000026e5330 method=com.android.dx.ssa.NormalSsaInsn.accept(Lcom/android/dx/ssa/SsaInsn$Visitor;)V @ 9
Event: 1.167 Thread 0x0000000018a81800 Uncommon trap: reason=unstable_if action=reinterpret pc=0x00000000026e5e74 method=java.util.BitSet.ensureCapacity(I)V @ 6
Event: 1.167 Thread 0x0000000018a81800 Uncommon trap: reason=unstable_if action=reinterpret pc=0x00000000026e61f0 method=java.util.BitSet.nextSetBit(I)I @ 87
Event: 1.265 Thread 0x0000000018a81800 Uncommon trap: reason=null_check action=make_not_entrant pc=0x0000000002780c78 method=com.android.dx.ssa.SsaRenamer.getLocalForNewReg(I)Lcom/android/dx/rop/code/LocalItem; @ 19
Event: 1.283 Thread 0x0000000018a81800 Uncommon trap: reason=unstable_if action=reinterpret pc=0x000000000281856c method=com.android.dx.rop.code.RegisterSpecSet.put(Lcom/android/dx/rop/code/RegisterSpec;)V @ 77
Event: 1.283 Thread 0x0000000018a81800 Uncommon trap: reason=unstable_if action=reinterpret pc=0x0000000002811ba4 method=com.android.dx.rop.code.RegisterSpecSet.put(Lcom/android/dx/rop/code/RegisterSpec;)V @ 77
Event: 1.288 Thread 0x0000000018a7e000 Uncommon trap: reason=unstable_if action=reinterpret pc=0x00000000027a0f44 method=com.android.dx.rop.code.RegisterSpec.equals(ILcom/android/dx/rop/type/TypeBearer;Lcom/android/dx/rop/code/LocalItem;)Z @ 42
Event: 1.494 Thread 0x00000000023a0800 Uncommon trap: reason=unstable_if action=reinterpret pc=0x00000000028104dc method=com.android.dx.rop.cst.Constant.compareTo(Lcom/android/dx/rop/cst/Constant;)I @ 12

Internal exceptions (3 events):
Event: 0.075 Thread 0x00000000023a0800 Exception <a 'java/lang/NoSuchMethodError': Method sun.misc.Unsafe.defineClass(Ljava/lang/String;[BII)Ljava/lang/Class; name or signature does not match> (0x00000000d5593090) thrown at [D:\re\puppet\workspace\8-2-build-windows-amd64-cygwin\jdk8u73\6086\hot·Á”&M≥?
Event: 0.075 Thread 0x00000000023a0800 Exception <a 'java/lang/NoSuchMethodError': Method sun.misc.Unsafe.prefetchRead(Ljava/lang/Object;J)V name or signature does not match> (0x00000000d5593378) thrown at [D:\re\puppet\workspace\8-2-build-windows-amd64-cygwin\jdk8u73\6086\hotspot\src\share\vm\È5«F=Ù?
Event: 1.265 Thread 0x0000000018a81800 Implicit null exception at 0x000000000277eac2 to 0x0000000002780c35

Events (10 events):
Event: 1.288 Thread 0x0000000018a7e000 Uncommon trap: trap_request=0xffffff65 fr.pc=0x00000000027a0f44
Event: 1.288 Thread 0x0000000018a7e000 DEOPT PACKING pc=0x00000000027a0f44 sp=0x00000000190ce8c0
Event: 1.288 Thread 0x0000000018a7e000 DEOPT UNPACKING pc=0x00000000024f582a sp=0x00000000190ce848 mode 2
Event: 1.312 loading class com/android/dx/dex/file/FieldAnnotationStruct
Event: 1.312 loading class com/android/dx/dex/file/FieldAnnotationStruct done
Event: 1.336 Executing VM operation: ParallelGCFailedAllocation
Event: 1.439 Executing VM operation: ParallelGCFailedAllocation done
Event: 1.494 Thread 0x00000000023a0800 Uncommon trap: trap_request=0xffffff65 fr.pc=0x00000000028104dc
Event: 1.494 Thread 0x00000000023a0800 DEOPT PACKING pc=0x00000000028104dc sp=0x000000000239dd90
Event: 1.494 Thread 0x00000000023a0800 DEOPT UNPACKING pc=0x00000000024f582a sp=0x000000000239dd30 mode 2


Dynamic libraries:
0x00007ff6fb7a0000 - 0x00007ff6fb7d7000 	X:\Program Files\Java\jdk1.8.0_73\bin\java.exe
0x00007ffec5b10000 - 0x00007ffec5cd1000 	X:\Windows\SYSTEM32\ntdll.dll
0x00007ffec35e0000 - 0x00007ffec368d000 	X:\Windows\system32\KERNEL32.DLL
0x00007ffec2930000 - 0x00007ffec2b18000 	X:\Windows\system32\KERNELBASE.dll
0x00007ffec34c0000 - 0x00007ffec3567000 	X:\Windows\system32\ADVAPI32.dll
0x00007ffec50c0000 - 0x00007ffec515d000 	X:\Windows\system32\msvcrt.dll
0x00007ffec59a0000 - 0x00007ffec59fb000 	X:\Windows\system32\sechost.dll
0x00007ffec2f10000 - 0x00007ffec302c000 	X:\Windows\system32\RPCRT4.dll
0x00007ffec32f0000 - 0x00007ffec3446000 	X:\Windows\system32\USER32.dll
0x00007ffec3030000 - 0x00007ffec31b6000 	X:\Windows\system32\GDI32.dll
0x00007ffeb89d0000 - 0x00007ffeb8c44000 	X:\Windows\WinSxS\amd64_microsoft.windows.common-controls_6595b64144ccf1df_6.0.10586.0_none_8c15ae12515e1c22\COMCTL32.dll
0x00007ffec4e20000 - 0x00007ffec509d000 	X:\Windows\system32\combase.dll
0x00007ffec2ea0000 - 0x00007ffec2f0a000 	X:\Windows\system32\bcryptPrimitives.dll
0x00007ffec56f0000 - 0x00007ffec572b000 	X:\Windows\system32\IMM32.DLL
0x0000000052330000 - 0x0000000052402000 	X:\Program Files\Java\jdk1.8.0_73\jre\bin\msvcr100.dll
0x0000000052890000 - 0x0000000053120000 	X:\Program Files\Java\jdk1.8.0_73\jre\bin\server\jvm.dll
0x00007ffec4c50000 - 0x00007ffec4c58000 	X:\Windows\system32\PSAPI.DLL
0x00007ffebded0000 - 0x00007ffebded9000 	X:\Windows\SYSTEM32\WSOCK32.dll
0x00007ffec3570000 - 0x00007ffec35db000 	X:\Windows\system32\WS2_32.dll
0x00007ffec0720000 - 0x00007ffec0743000 	X:\Windows\SYSTEM32\WINMM.dll
0x00007ffebe7e0000 - 0x00007ffebe7ea000 	X:\Windows\SYSTEM32\VERSION.dll
0x00007ffec0660000 - 0x00007ffec068c000 	X:\Windows\SYSTEM32\WINMMBASE.dll
0x00007ffec2bd0000 - 0x00007ffec2c13000 	X:\Windows\system32\cfgmgr32.dll
0x00000000527a0000 - 0x00000000527af000 	X:\Program Files\Java\jdk1.8.0_73\jre\bin\verify.dll
0x0000000052770000 - 0x0000000052799000 	X:\Program Files\Java\jdk1.8.0_73\jre\bin\java.dll
0x0000000052750000 - 0x0000000052766000 	X:\Program Files\Java\jdk1.8.0_73\jre\bin\zip.dll
0x00007ffec36f0000 - 0x00007ffec4c4c000 	X:\Windows\system32\SHELL32.dll
0x00007ffec2220000 - 0x00007ffec2865000 	X:\Windows\system32\windows.storage.dll
0x00007ffec3690000 - 0x00007ffec36e2000 	X:\Windows\system32\shlwapi.dll
0x00007ffec2130000 - 0x00007ffec213f000 	X:\Windows\system32\kernel.appcore.dll
0x00007ffec2870000 - 0x00007ffec2925000 	X:\Windows\system32\shcore.dll
0x00007ffec2140000 - 0x00007ffec218b000 	X:\Windows\system32\powrprof.dll
0x00007ffec2190000 - 0x00007ffec21a4000 	X:\Windows\system32\profapi.dll

VM Arguments:
jvm_args: -Djava.awt.headless=true -Xmx2g -Dfile.encoding=GBK -Duser.country=CN -Duser.language=zh -Duser.variant 
java_command: com.android.dx.command.Main --dex --num-threads=4 --multi-dex --output E:\Android\CalorieCounter\app\build\intermediates\transforms\dex\debug\folders\1000\10\com.android.support-appcompat-v7-23.2.1_14a456de78e3d3b230e6c027cdbf92653362251b E:\Android\CalorieCounter\app\build\intermediates\exploded-aar\com.android.support\appcompat-v7\23.2.1\jars\classes.jar
java_class_path (initial): E:\QMDownload\SDK\build-tools\23.0.3\lib\dx.jar
Launcher Type: SUN_STANDARD

Environment Variables:
PATH=X:\ProgramData\Oracle\Java\javapath;X:\Windows\system32;X:\Windows;X:\Windows\System32\Wbem;X:\Windows\System32\WindowsPowerShell\v1.0\;X:\Program Files (x86)\ATI Technologies\ATI.ACE\Core-Static;D:\Program Files\MATLAB\R2013a\runtime\win64;D:\Program Files\MATLAB\R2013a\bin;X:\Program Files\Java\jdk1.8.0_73\bin;D:\Python27;X:\Program Files (x86)\MySQL\MySQL Fabric 1.5 & MySQL Utilities 1.5\;X:\Program Files (x86)\MySQL\MySQL Fabric 1.5 & MySQL Utilities 1.5\Doctrine extensions for PHP\;E:\QMDownload\SDK\platform-tools
USERNAME=Õı…≠
OS=Windows_NT
PROCESSOR_IDENTIFIER=Intel64 Family 6 Model 60 Stepping 3, GenuineIntel



---------------  S Y S T E M  ---------------

OS: Windows 10.0 , 64 bit Build 10586 (10.0.10586.0)

CPU:total 4 (4 cores per cpu, 1 threads per core) family 6 model 60 stepping 3, cmov, cx8, fxsr, mmx, sse, sse2, sse3, ssse3, sse4.1, sse4.2, popcnt, avx, avx2, aes, clmul, erms, lzcnt, tsc, tscinvbit, bmi1, bmi2

Memory: 4k page, physical 8315044k(1779116k free), swap 8315044k(4092k free)

vm_info: Java HotSpot(TM) 64-Bit Server VM (25.73-b02) for windows-amd64 JRE (1.8.0_73-b02), built on Jan 29 2016 17:38:49 by "java_re" with MS VC++ 10.0 (VS2010)

time: Tue Apr 26 20:43:10 2016
elapsed time: 1 seconds (0d 0h 0m 1s)

