#
# There is insufficient memory for the Java Runtime Environment to continue.
# Native memory allocation (malloc) failed to allocate 839056 bytes for Chunk::new
# Possible reasons:
#   The system is out of physical RAM or swap space
#   In 32 bit mode, the process size limit was hit
# Possible solutions:
#   Reduce memory load on the system
#   Increase physical memory or swap space
#   Check if swap backing store is full
#   Use 64 bit Java on a 64 bit OS
#   Decrease Java heap size (-Xmx/-Xms)
#   Decrease number of Java threads
#   Decrease Java thread stack sizes (-Xss)
#   Set larger code cache with -XX:ReservedCodeCacheSize=
# This output file may be truncated or incomplete.
#
#  Out of Memory Error (allocation.cpp:390), pid=5508, tid=7048
#
# JRE version: Java(TM) SE Runtime Environment (8.0_73-b02) (build 1.8.0_73-b02)
# Java VM: Java HotSpot(TM) 64-Bit Server VM (25.73-b02 mixed mode windows-amd64 compressed oops)
# Failed to write core dump. Minidumps are not enabled by default on client versions of Windows
#

---------------  T H R E A D  ---------------

Current thread (0x0000000016400800):  JavaThread "C2 CompilerThread1" daemon [_thread_in_native, id=7048, stack(0x00000000167b0000,0x00000000168b0000)]

Stack: [0x00000000167b0000,0x00000000168b0000]
[error occurred during error reporting (printing stack bounds), id 0xc0000005]

Native frames: (J=compiled Java code, j=interpreted, Vv=VM code, C=native code)


Current CompileTask:
C2:   2242 1599       4       com.android.dx.ssa.LocalVariableExtractor::processBlock (383 bytes)


---------------  P R O C E S S  ---------------

Java Threads: ( => current thread )
  0x000000001668c800 JavaThread "pool-1-thread-4" [_thread_in_vm_trans, id=8568, stack(0x0000000016fb0000,0x00000000170b0000)]
  0x000000001668c000 JavaThread "pool-1-thread-3" [_thread_blocked, id=6384, stack(0x0000000016eb0000,0x0000000016fb0000)]
  0x000000001667b000 JavaThread "pool-1-thread-2" [_thread_blocked, id=6496, stack(0x0000000016db0000,0x0000000016eb0000)]
  0x000000001667a800 JavaThread "pool-2-thread-1" [_thread_blocked, id=6024, stack(0x0000000016cb0000,0x0000000016db0000)]
  0x0000000016662800 JavaThread "pool-1-thread-1" [_thread_blocked, id=9420, stack(0x0000000016bb0000,0x0000000016cb0000)]
  0x0000000016419800 JavaThread "Service Thread" daemon [_thread_blocked, id=3956, stack(0x00000000169b0000,0x0000000016ab0000)]
  0x0000000016413800 JavaThread "C1 CompilerThread2" daemon [_thread_blocked, id=4604, stack(0x00000000168b0000,0x00000000169b0000)]
=>0x0000000016400800 JavaThread "C2 CompilerThread1" daemon [_thread_in_native, id=7048, stack(0x00000000167b0000,0x00000000168b0000)]
  0x0000000014dab000 JavaThread "C2 CompilerThread0" daemon [_thread_in_native, id=8092, stack(0x00000000162b0000,0x00000000163b0000)]
  0x0000000014d5f800 JavaThread "Attach Listener" daemon [_thread_blocked, id=1284, stack(0x00000000161b0000,0x00000000162b0000)]
  0x0000000014d49800 JavaThread "Signal Dispatcher" daemon [_thread_blocked, id=9944, stack(0x00000000160b0000,0x00000000161b0000)]
  0x0000000002676800 JavaThread "Finalizer" daemon [_thread_blocked, id=4880, stack(0x0000000015fb0000,0x00000000160b0000)]
  0x0000000014d18800 JavaThread "Reference Handler" daemon [_thread_blocked, id=9840, stack(0x0000000015eb0000,0x0000000015fb0000)]
  0x0000000002580800 JavaThread "main" [_thread_blocked, id=5492, stack(0x0000000002480000,0x0000000002580000)]

Other Threads:
  0x0000000014d16800 VMThread [stack: 0x0000000015db0000,0x0000000015eb0000] [id=5760]
  0x0000000016465800 WatcherThread [stack: 0x0000000016ab0000,0x0000000016bb0000] [id=9680]

VM state:not at safepoint (normal execution)

VM Mutex/Monitor currently owned by a thread:  ([mutex/lock_event])
[0x000000000247c5f0] Heap_lock - owner thread: 0x0000000016662800

Heap:
 PSYoungGen      total 38400K, used 5106K [0x00000000eab00000, 0x00000000ed580000, 0x0000000100000000)
  eden space 33280K, 0% used [0x00000000eab00000,0x00000000eab00020,0x00000000ecb80000)
  from space 5120K, 99% used [0x00000000ed080000,0x00000000ed57cab8,0x00000000ed580000)
  to   space 5120K, 0% used [0x00000000ecb80000,0x00000000ecb80000,0x00000000ed080000)
 ParOldGen       total 87552K, used 4852K [0x00000000c0000000, 0x00000000c5580000, 0x00000000eab00000)
  object space 87552K, 5% used [0x00000000c0000000,0x00000000c04bd2e8,0x00000000c5580000)
 Metaspace       used 6310K, capacity 7092K, committed 7296K, reserved 1056768K
  class space    used 605K, capacity 620K, committed 640K, reserved 1048576K

Card table byte_map: [0x0000000011a40000,0x0000000011c50000] byte_map_base: 0x0000000011440000

Marking Bits: (ParMarkBitMap*) 0x00000000540e0600
 Begin Bits: [0x00000000121b0000, 0x00000000131b0000)
 End Bits:   [0x00000000131b0000, 0x00000000141b0000)

Polling page: 0x00000000001f0000

CodeCache: size=245760Kb used=6637Kb max_used=6642Kb free=239122Kb
 bounds [0x0000000002680000, 0x0000000002d10000, 0x0000000011680000]
 total_blobs=1871 nmethods=1600 adapters=184
 compilation: enabled

Compilation events (10 events):
Event: 2.205 Thread 0x0000000016413800 1604       3       com.android.dx.ssa.back.FirstFitLocalCombiningAllocator::processPhiInsn (255 bytes)
Event: 2.206 Thread 0x0000000016413800 nmethod 1604 0x0000000002cec750 code [0x0000000002cecb40, 0x0000000002ceeff8]
Event: 2.207 Thread 0x0000000016400800 nmethod 1597 0x0000000002d01010 code [0x0000000002d01200, 0x0000000002d01ad0]
Event: 2.207 Thread 0x0000000016400800 1599       4       com.android.dx.ssa.LocalVariableExtractor::processBlock (383 bytes)
Event: 2.212 Thread 0x0000000016413800 1606       3       java.util.concurrent.locks.AbstractQueuedSynchronizer::unparkSuccessor (84 bytes)
Event: 2.212 Thread 0x0000000016413800 nmethod 1606 0x0000000002d00710 code [0x0000000002d008a0, 0x0000000002d00de8]
Event: 2.213 Thread 0x0000000016413800 1608   !   3       java.util.zip.Inflater::setInput (74 bytes)
Event: 2.213 Thread 0x0000000016413800 nmethod 1608 0x0000000002cffa10 code [0x0000000002cffba0, 0x0000000002d00118]
Event: 2.215 Thread 0x0000000016413800 1610       3       com.android.dx.cf.code.OneLocalsArray::makeInitialized (55 bytes)
Event: 2.216 Thread 0x0000000016413800 nmethod 1610 0x0000000002cebbd0 code [0x0000000002cebd80, 0x0000000002cec438]

GC Heap History (4 events):
Event: 1.558 GC heap before
{Heap before GC invocations=1 (full 0):
 PSYoungGen      total 38400K, used 33280K [0x00000000eab00000, 0x00000000ed580000, 0x0000000100000000)
  eden space 33280K, 100% used [0x00000000eab00000,0x00000000ecb80000,0x00000000ecb80000)
  from space 5120K, 0% used [0x00000000ed080000,0x00000000ed080000,0x00000000ed580000)
  to   space 5120K, 0% used [0x00000000ecb80000,0x00000000ecb80000,0x00000000ed080000)
 ParOldGen       total 87552K, used 0K [0x00000000c0000000, 0x00000000c5580000, 0x00000000eab00000)
  object space 87552K, 0% used [0x00000000c0000000,0x00000000c0000000,0x00000000c5580000)
 Metaspace       used 6019K, capacity 6836K, committed 7040K, reserved 1056768K
  class space    used 599K, capacity 620K, committed 640K, reserved 1048576K
Event: 1.566 GC heap after
Heap after GC invocations=1 (full 0):
 PSYoungGen      total 38400K, used 5100K [0x00000000eab00000, 0x00000000ed580000, 0x0000000100000000)
  eden space 33280K, 0% used [0x00000000eab00000,0x00000000eab00000,0x00000000ecb80000)
  from space 5120K, 99% used [0x00000000ecb80000,0x00000000ed07b2b8,0x00000000ed080000)
  to   space 5120K, 0% used [0x00000000ed080000,0x00000000ed080000,0x00000000ed580000)
 ParOldGen       total 87552K, used 928K [0x00000000c0000000, 0x00000000c5580000, 0x00000000eab00000)
  object space 87552K, 1% used [0x00000000c0000000,0x00000000c00e81f0,0x00000000c5580000)
 Metaspace       used 6019K, capacity 6836K, committed 7040K, reserved 1056768K
  class space    used 599K, capacity 620K, committed 640K, reserved 1048576K
}
Event: 2.217 GC heap before
{Heap before GC invocations=2 (full 0):
 PSYoungGen      total 38400K, used 38380K [0x00000000eab00000, 0x00000000ed580000, 0x0000000100000000)
  eden space 33280K, 100% used [0x00000000eab00000,0x00000000ecb80000,0x00000000ecb80000)
  from space 5120K, 99% used [0x00000000ecb80000,0x00000000ed07b2b8,0x00000000ed080000)
  to   space 5120K, 0% used [0x00000000ed080000,0x00000000ed080000,0x00000000ed580000)
 ParOldGen       total 87552K, used 928K [0x00000000c0000000, 0x00000000c5580000, 0x00000000eab00000)
  object space 87552K, 1% used [0x00000000c0000000,0x00000000c00e81f0,0x00000000c5580000)
 Metaspace       used 6310K, capacity 7092K, committed 7296K, reserved 1056768K
  class space    used 605K, capacity 620K, committed 640K, reserved 1048576K
Event: 2.233 GC heap after
Heap after GC invocations=2 (full 0):
 PSYoungGen      total 38400K, used 5106K [0x00000000eab00000, 0x00000000ed580000, 0x0000000100000000)
  eden space 33280K, 0% used [0x00000000eab00000,0x00000000eab00000,0x00000000ecb80000)
  from space 5120K, 99% used [0x00000000ed080000,0x00000000ed57cab8,0x00000000ed580000)
  to   space 5120K, 0% used [0x00000000ecb80000,0x00000000ecb80000,0x00000000ed080000)
 ParOldGen       total 87552K, used 4852K [0x00000000c0000000, 0x00000000c5580000, 0x00000000eab00000)
  object space 87552K, 5% used [0x00000000c0000000,0x00000000c04bd2e8,0x00000000c5580000)
 Metaspace       used 6310K, capacity 7092K, committed 7296K, reserved 1056768K
  class space    used 605K, capacity 620K, committed 640K, reserved 1048576K
}

Deoptimization events (3 events):
Event: 0.167 Thread 0x0000000002580800 Uncommon trap: reason=unstable_if action=reinterpret pc=0x00000000027d8e54 method=java.lang.String.compareTo(Ljava/lang/String;)I @ 38
Event: 1.447 Thread 0x000000001668c800 Uncommon trap: reason=unstable_if action=reinterpret pc=0x0000000002a5c29c method=com.android.dx.rop.cst.Constant.compareTo(Lcom/android/dx/rop/cst/Constant;)I @ 12
Event: 1.973 Thread 0x000000001668c800 Uncommon trap: reason=unstable_if action=reinterpret pc=0x0000000002b88ebc method=com.android.dx.ssa.SCCP.simulateStmt(Lcom/android/dx/ssa/SsaInsn;)V @ 53

Internal exceptions (2 events):
Event: 0.031 Thread 0x0000000002580800 Exception <a 'java/lang/NoSuchMethodError': Method sun.misc.Unsafe.defineClass(Ljava/lang/String;[BII)Ljava/lang/Class; name or signature does not match> (0x00000000eab12e88) thrown at [D:\re\puppet\workspace\8-2-build-windows-amd64-cygwin\jdk8u73\6086\hot°[õì™¥Ÿ?
Event: 0.031 Thread 0x0000000002580800 Exception <a 'java/lang/NoSuchMethodError': Method sun.misc.Unsafe.prefetchRead(Ljava/lang/Object;J)V name or signature does not match> (0x00000000eab13170) thrown at [D:\re\puppet\workspace\8-2-build-windows-amd64-cygwin\jdk8u73\6086\hotspot\src\share\vm\

Events (10 events):
Event: 1.942 loading class com/android/dx/cf/attrib/BaseAnnotations done
Event: 1.955 Thread 0x000000001668c000 DEOPT PACKING pc=0x00000000029fe2a7 sp=0x0000000016fae990
Event: 1.955 Thread 0x000000001668c000 DEOPT UNPACKING pc=0x00000000026c787f sp=0x0000000016fae728 mode 0
Event: 1.973 Thread 0x000000001668c800 Uncommon trap: trap_request=0xffffff65 fr.pc=0x0000000002b88ebc
Event: 1.973 Thread 0x000000001668c800 DEOPT PACKING pc=0x0000000002b88ebc sp=0x00000000170ae780
Event: 1.973 Thread 0x000000001668c800 DEOPT UNPACKING pc=0x00000000026c582a sp=0x00000000170ae7a8 mode 2
Event: 1.986 loading class com/android/dx/cf/code/SwitchList
Event: 1.986 loading class com/android/dx/cf/code/SwitchList done
Event: 2.216 Executing VM operation: ParallelGCFailedAllocation
Event: 2.233 Executing VM operation: ParallelGCFailedAllocation done


Dynamic libraries:
0x00007ff6dbe30000 - 0x00007ff6dbe67000 	X:\Program Files\Java\jdk1.8.0_73\bin\java.exe
0x00007ff876650000 - 0x00007ff876811000 	X:\Windows\SYSTEM32\ntdll.dll
0x00007ff8762a0000 - 0x00007ff87634d000 	X:\Windows\system32\KERNEL32.DLL
0x00007ff873400000 - 0x00007ff8735e8000 	X:\Windows\system32\KERNELBASE.dll
0x00007ff875900000 - 0x00007ff8759a7000 	X:\Windows\system32\ADVAPI32.dll
0x00007ff875860000 - 0x00007ff8758fd000 	X:\Windows\system32\msvcrt.dll
0x00007ff876020000 - 0x00007ff87607b000 	X:\Windows\system32\sechost.dll
0x00007ff874050000 - 0x00007ff87416c000 	X:\Windows\system32\RPCRT4.dll
0x00007ff873ee0000 - 0x00007ff874036000 	X:\Windows\system32\USER32.dll
0x00007ff8756d0000 - 0x00007ff875856000 	X:\Windows\system32\GDI32.dll
0x00007ff86b170000 - 0x00007ff86b3e4000 	X:\Windows\WinSxS\amd64_microsoft.windows.common-controls_6595b64144ccf1df_6.0.10586.0_none_8c15ae12515e1c22\COMCTL32.dll
0x00007ff875d20000 - 0x00007ff875f9d000 	X:\Windows\system32\combase.dll
0x00007ff873740000 - 0x00007ff8737aa000 	X:\Windows\system32\bcryptPrimitives.dll
0x00007ff873a50000 - 0x00007ff873a8b000 	X:\Windows\system32\IMM32.DLL
0x0000000053340000 - 0x0000000053412000 	X:\Program Files\Java\jdk1.8.0_73\jre\bin\msvcr100.dll
0x00000000538d0000 - 0x0000000054160000 	X:\Program Files\Java\jdk1.8.0_73\jre\bin\server\jvm.dll
0x00007ff874040000 - 0x00007ff874048000 	X:\Windows\system32\PSAPI.DLL
0x00007ff86b4c0000 - 0x00007ff86b4c9000 	X:\Windows\SYSTEM32\WSOCK32.dll
0x00007ff875fa0000 - 0x00007ff87600b000 	X:\Windows\system32\WS2_32.dll
0x00007ff870f20000 - 0x00007ff870f43000 	X:\Windows\SYSTEM32\WINMM.dll
0x00007ff86f250000 - 0x00007ff86f25a000 	X:\Windows\SYSTEM32\VERSION.dll
0x00007ff870dd0000 - 0x00007ff870dfc000 	X:\Windows\SYSTEM32\WINMMBASE.dll
0x00007ff872d60000 - 0x00007ff872da3000 	X:\Windows\system32\cfgmgr32.dll
0x00000000537e0000 - 0x00000000537ef000 	X:\Program Files\Java\jdk1.8.0_73\jre\bin\verify.dll
0x00000000537b0000 - 0x00000000537d9000 	X:\Program Files\Java\jdk1.8.0_73\jre\bin\java.dll
0x0000000053790000 - 0x00000000537a6000 	X:\Program Files\Java\jdk1.8.0_73\jre\bin\zip.dll
0x00007ff874170000 - 0x00007ff8756cc000 	X:\Windows\system32\SHELL32.dll
0x00007ff872db0000 - 0x00007ff8733f5000 	X:\Windows\system32\windows.storage.dll
0x00007ff876240000 - 0x00007ff876292000 	X:\Windows\system32\shlwapi.dll
0x00007ff872ce0000 - 0x00007ff872cef000 	X:\Windows\system32\kernel.appcore.dll
0x00007ff873680000 - 0x00007ff873735000 	X:\Windows\system32\shcore.dll
0x00007ff872c90000 - 0x00007ff872cdb000 	X:\Windows\system32\powrprof.dll
0x00007ff872c70000 - 0x00007ff872c84000 	X:\Windows\system32\profapi.dll

VM Arguments:
jvm_args: -Djava.awt.headless=true -Xmx1024M -Dfile.encoding=GBK -Duser.country=CN -Duser.language=zh -Duser.variant 
java_command: com.android.dx.command.Main --dex --num-threads=4 --output E:\Android\CalorieCounter\app\build\intermediates\pre-dexed\debug\internal_impl-23.2.1_49064801473cbca27248b55bf399760905628d45.jar E:\Android\CalorieCounter\app\build\intermediates\exploded-aar\com.android.support\support-v4\23.2.1\jars\libs\internal_impl-23.2.1.jar
java_class_path (initial): E:\QMDownload\SDK\build-tools\23.0.3\lib\dx.jar
Launcher Type: SUN_STANDARD

Environment Variables:
PATH=X:\ProgramData\Oracle\Java\javapath;X:\Windows\system32;X:\Windows;X:\Windows\System32\Wbem;X:\Windows\System32\WindowsPowerShell\v1.0\;X:\Program Files (x86)\ATI Technologies\ATI.ACE\Core-Static;D:\Program Files\MATLAB\R2013a\runtime\win64;D:\Program Files\MATLAB\R2013a\bin;X:\Program Files\Java\jdk1.8.0_73\bin;D:\Python27;X:\Program Files (x86)\MySQL\MySQL Fabric 1.5 & MySQL Utilities 1.5\;X:\Program Files (x86)\MySQL\MySQL Fabric 1.5 & MySQL Utilities 1.5\Doctrine extensions for PHP\
USERNAME=ÍõÉ­
OS=Windows_NT
PROCESSOR_IDENTIFIER=Intel64 Family 6 Model 60 Stepping 3, GenuineIntel



---------------  S Y S T E M  ---------------

OS: Windows 10.0 , 64 bit Build 10586 (10.0.10586.0)

CPU:total 4 (4 cores per cpu, 1 threads per core) family 6 model 60 stepping 3, cmov, cx8, fxsr, mmx, sse, sse2, sse3, ssse3, sse4.1, sse4.2, popcnt, avx, avx2, aes, clmul, erms, lzcnt, tsc, tscinvbit, bmi1, bmi2

Memory: 4k page, physical 8315044k(1658148k free), swap 8315044k(5224k free)

vm_info: Java HotSpot(TM) 64-Bit Server VM (25.73-b02) for windows-amd64 JRE (1.8.0_73-b02), built on Jan 29 2016 17:38:49 by "java_re" with MS VC++ 10.0 (VS2010)

time: Sat Apr 16 13:38:54 2016
elapsed time: 2 seconds (0d 0h 0m 2s)

