#
# There is insufficient memory for the Java Runtime Environment to continue.
# Native memory allocation (malloc) failed to allocate 131088 bytes for Chunk::new
# Possible reasons:
#   The system is out of physical RAM or swap space
#   In 32 bit mode, the process size limit was hit
# Possible solutions:
#   Reduce memory load on the system
#   Increase physical memory or swap space
#   Check if swap backing store is full
#   Use 64 bit Java on a 64 bit OS
#   Decrease Java heap size (-Xmx/-Xms)
#   Decrease number of Java threads
#   Decrease Java thread stack sizes (-Xss)
#   Set larger code cache with -XX:ReservedCodeCacheSize=
# This output file may be truncated or incomplete.
#
#  Out of Memory Error (allocation.cpp:390), pid=6796, tid=14428
#
# JRE version: Java(TM) SE Runtime Environment (8.0_73-b02) (build 1.8.0_73-b02)
# Java VM: Java HotSpot(TM) 64-Bit Server VM (25.73-b02 mixed mode windows-amd64 compressed oops)
# Failed to write core dump. Minidumps are not enabled by default on client versions of Windows
#

---------------  T H R E A D  ---------------

Current thread (0x000000001732a000):  JavaThread "C2 CompilerThread0" daemon [_thread_in_native, id=14428, stack(0x0000000018820000,0x0000000018920000)]

Stack: [0x0000000018820000,0x0000000018920000]
[error occurred during error reporting (printing stack bounds), id 0xc0000005]

Native frames: (J=compiled Java code, j=interpreted, Vv=VM code, C=native code)


Current CompileTask:
C2:   1216 1328       4       com.android.dx.dex.code.OutputFinisher::addConstants (93 bytes)


---------------  P R O C E S S  ---------------

Java Threads: ( => current thread )
  0x0000000018ab9800 JavaThread "pool-1-thread-1" [_thread_in_Java, id=8044, stack(0x000000001adf0000,0x000000001aef0000)]
  0x0000000018990800 JavaThread "Service Thread" daemon [_thread_blocked, id=7496, stack(0x0000000018f20000,0x0000000019020000)]
  0x000000001896f000 JavaThread "C1 CompilerThread2" daemon [_thread_blocked, id=9528, stack(0x0000000018e20000,0x0000000018f20000)]
  0x000000001732d000 JavaThread "C2 CompilerThread1" daemon [_thread_in_native, id=10244, stack(0x0000000018d20000,0x0000000018e20000)]
=>0x000000001732a000 JavaThread "C2 CompilerThread0" daemon [_thread_in_native, id=14428, stack(0x0000000018820000,0x0000000018920000)]
  0x00000000172de000 JavaThread "Attach Listener" daemon [_thread_blocked, id=14464, stack(0x0000000018720000,0x0000000018820000)]
  0x00000000172c8000 JavaThread "Signal Dispatcher" daemon [_thread_blocked, id=14436, stack(0x0000000018620000,0x0000000018720000)]
  0x00000000026a6000 JavaThread "Finalizer" daemon [_thread_blocked, id=20336, stack(0x0000000018520000,0x0000000018620000)]
  0x000000000269d000 JavaThread "Reference Handler" daemon [_thread_blocked, id=8856, stack(0x0000000018420000,0x0000000018520000)]
  0x00000000025b1000 JavaThread "main" [_thread_blocked, id=1328, stack(0x00000000024b0000,0x00000000025b0000)]

Other Threads:
  0x0000000017298000 VMThread [stack: 0x0000000018320000,0x0000000018420000] [id=14516]
  0x00000000189e5800 WatcherThread [stack: 0x0000000019020000,0x0000000019120000] [id=7392]

VM state:not at safepoint (normal execution)

VM Mutex/Monitor currently owned by a thread: None

Heap:
 PSYoungGen      total 38400K, used 13483K [0x00000000d5580000, 0x00000000d8000000, 0x0000000100000000)
  eden space 33280K, 25% used [0x00000000d5580000,0x00000000d5db2a88,0x00000000d7600000)
  from space 5120K, 99% used [0x00000000d7600000,0x00000000d7af8400,0x00000000d7b00000)
  to   space 5120K, 0% used [0x00000000d7b00000,0x00000000d7b00000,0x00000000d8000000)
 ParOldGen       total 87552K, used 1211K [0x0000000080000000, 0x0000000085580000, 0x00000000d5580000)
  object space 87552K, 1% used [0x0000000080000000,0x000000008012ed38,0x0000000085580000)
 Metaspace       used 6190K, capacity 7064K, committed 7424K, reserved 1056768K
  class space    used 617K, capacity 656K, committed 768K, reserved 1048576K

Card table byte_map: [0x0000000011a70000,0x0000000011e80000] byte_map_base: 0x0000000011670000

Marking Bits: (ParMarkBitMap*) 0x000000005dcb0600
 Begin Bits: [0x0000000012530000, 0x0000000014530000)
 End Bits:   [0x0000000014530000, 0x0000000016530000)

Polling page: 0x00000000001f0000

CodeCache: size=245760Kb used=5509Kb max_used=5517Kb free=240250Kb
 bounds [0x00000000026b0000, 0x0000000002c20000, 0x00000000116b0000]
 total_blobs=1634 nmethods=1363 adapters=184
 compilation: enabled

Compilation events (10 events):
Event: 1.212 Thread 0x000000001896f000 1362       3       com.android.dx.dex.file.StringDataItem::writeSize (17 bytes)
Event: 1.212 Thread 0x000000001896f000 nmethod 1362 0x0000000002c12650 code [0x0000000002c127e0, 0x0000000002c12d70]
Event: 1.212 Thread 0x000000001896f000 1363       3       com.android.dx.rop.cst.CstString::getUtf16Size (8 bytes)
Event: 1.212 Thread 0x000000001896f000 nmethod 1363 0x0000000002c12fd0 code [0x0000000002c13140, 0x0000000002c13390]
Event: 1.212 Thread 0x000000001896f000 1366       3       com.android.dx.dex.file.CodeItem::itemType (4 bytes)
Event: 1.212 Thread 0x000000001896f000 nmethod 1366 0x0000000002c13490 code [0x0000000002c135e0, 0x0000000002c13730]
Event: 1.212 Thread 0x000000001896f000 1365       3       java.util.zip.InflaterInputStream::<init> (79 bytes)
Event: 1.213 Thread 0x000000001896f000 nmethod 1365 0x0000000002c14cd0 code [0x0000000002c14e80, 0x0000000002c15558]
Event: 1.213 Thread 0x000000001732d000 nmethod 1311 0x0000000002c175d0 code [0x0000000002c17780, 0x0000000002c17e08]
Event: 1.213 Thread 0x000000001732d000 1347       4       java.util.TreeMap::getEntry (84 bytes)

GC Heap History (2 events):
Event: 0.886 GC heap before
{Heap before GC invocations=1 (full 0):
 PSYoungGen      total 38400K, used 33280K [0x00000000d5580000, 0x00000000d8000000, 0x0000000100000000)
  eden space 33280K, 100% used [0x00000000d5580000,0x00000000d7600000,0x00000000d7600000)
  from space 5120K, 0% used [0x00000000d7b00000,0x00000000d7b00000,0x00000000d8000000)
  to   space 5120K, 0% used [0x00000000d7600000,0x00000000d7600000,0x00000000d7b00000)
 ParOldGen       total 87552K, used 0K [0x0000000080000000, 0x0000000085580000, 0x00000000d5580000)
  object space 87552K, 0% used [0x0000000080000000,0x0000000080000000,0x0000000085580000)
 Metaspace       used 6001K, capacity 6902K, committed 7040K, reserved 1056768K
  class space    used 600K, capacity 622K, committed 640K, reserved 1048576K
Event: 1.089 GC heap after
Heap after GC invocations=1 (full 0):
 PSYoungGen      total 38400K, used 5089K [0x00000000d5580000, 0x00000000d8000000, 0x0000000100000000)
  eden space 33280K, 0% used [0x00000000d5580000,0x00000000d5580000,0x00000000d7600000)
  from space 5120K, 99% used [0x00000000d7600000,0x00000000d7af8400,0x00000000d7b00000)
  to   space 5120K, 0% used [0x00000000d7b00000,0x00000000d7b00000,0x00000000d8000000)
 ParOldGen       total 87552K, used 1211K [0x0000000080000000, 0x0000000085580000, 0x00000000d5580000)
  object space 87552K, 1% used [0x0000000080000000,0x000000008012ed38,0x0000000085580000)
 Metaspace       used 6001K, capacity 6902K, committed 7040K, reserved 1056768K
  class space    used 600K, capacity 622K, committed 640K, reserved 1048576K
}

Deoptimization events (10 events):
Event: 0.853 Thread 0x0000000018ad2000 Uncommon trap: reason=unstable_if action=reinterpret pc=0x0000000002a7d90c method=com.android.dx.ssa.back.InterferenceGraph.ensureCapacity(I)V @ 20
Event: 1.093 Thread 0x0000000018ad2000 Uncommon trap: reason=class_check action=maybe_recompile pc=0x0000000002b6859c method=com.android.dx.cf.code.BytecodeArray.parseInstruction(ILcom/android/dx/cf/code/BytecodeArray$Visitor;)I @ 987
Event: 1.094 Thread 0x0000000018ad2000 Uncommon trap: reason=class_check action=maybe_recompile pc=0x0000000002b6859c method=com.android.dx.cf.code.BytecodeArray.parseInstruction(ILcom/android/dx/cf/code/BytecodeArray$Visitor;)I @ 987
Event: 1.100 Thread 0x0000000018ad2000 Uncommon trap: reason=class_check action=maybe_recompile pc=0x0000000002b6859c method=com.android.dx.cf.code.BytecodeArray.parseInstruction(ILcom/android/dx/cf/code/BytecodeArray$Visitor;)I @ 987
Event: 1.100 Thread 0x0000000018ad2000 Uncommon trap: reason=class_check action=maybe_recompile pc=0x0000000002b6859c method=com.android.dx.cf.code.BytecodeArray.parseInstruction(ILcom/android/dx/cf/code/BytecodeArray$Visitor;)I @ 987
Event: 1.198 Thread 0x0000000018ab9800 Uncommon trap: reason=class_check action=maybe_recompile pc=0x0000000002a65884 method=java.util.HashMap.putVal(ILjava/lang/Object;Ljava/lang/Object;ZZ)Ljava/lang/Object; @ 203
Event: 1.198 Thread 0x0000000018ab9800 Uncommon trap: reason=class_check action=maybe_recompile pc=0x0000000002a65884 method=java.util.HashMap.putVal(ILjava/lang/Object;Ljava/lang/Object;ZZ)Ljava/lang/Object; @ 203
Event: 1.198 Thread 0x0000000018ab9800 Uncommon trap: reason=class_check action=maybe_recompile pc=0x0000000002a65884 method=java.util.HashMap.putVal(ILjava/lang/Object;Ljava/lang/Object;ZZ)Ljava/lang/Object; @ 203
Event: 1.198 Thread 0x0000000018ab9800 Uncommon trap: reason=class_check action=maybe_recompile pc=0x0000000002a65884 method=java.util.HashMap.putVal(ILjava/lang/Object;Ljava/lang/Object;ZZ)Ljava/lang/Object; @ 203
Event: 1.198 Thread 0x0000000018ab9800 Uncommon trap: reason=class_check action=maybe_recompile pc=0x0000000002a67e9c method=java.util.HashMap.putVal(ILjava/lang/Object;Ljava/lang/Object;ZZ)Ljava/lang/Object; @ 203

Internal exceptions (3 events):
Event: 0.031 Thread 0x00000000025b1000 Exception <a 'java/lang/NoSuchMethodError': Method sun.misc.Unsafe.defineClass(Ljava/lang/String;[BII)Ljava/lang/Class; name or signature does not match> (0x00000000d5593090) thrown at [D:\re\puppet\workspace\8-2-build-windows-amd64-cygwin\jdk8u73\6086\hot©®2ï Ÿ?
Event: 0.031 Thread 0x00000000025b1000 Exception <a 'java/lang/NoSuchMethodError': Method sun.misc.Unsafe.prefetchRead(Ljava/lang/Object;J)V name or signature does not match> (0x00000000d5593378) thrown at [D:\re\puppet\workspace\8-2-build-windows-amd64-cygwin\jdk8u73\6086\hotspot\src\share\vm\)^÷Ð£â?
Event: 0.582 Thread 0x00000000025b1000 Implicit null exception at 0x0000000002985fda to 0x0000000002988405

Events (10 events):
Event: 1.214 loading class com/android/dx/dex/code/LocalList
Event: 1.214 loading class com/android/dx/dex/code/LocalList done
Event: 1.214 loading class com/android/dx/dex/code/LocalList$MakeState
Event: 1.214 loading class com/android/dx/dex/code/LocalList$MakeState done
Event: 1.215 loading class com/android/dx/dex/code/LocalList$Disposition
Event: 1.215 loading class com/android/dx/dex/code/LocalList$Disposition done
Event: 1.215 loading class com/android/dx/dex/code/LocalList$Entry
Event: 1.215 loading class com/android/dx/dex/code/LocalList$Entry done
Event: 1.215 loading class com/android/dx/dex/code/CatchHandlerList
Event: 1.215 loading class com/android/dx/dex/code/CatchHandlerList done


Dynamic libraries:
0x00007ff64d3f0000 - 0x00007ff64d427000 	X:\Program Files\Java\jdk1.8.0_73\bin\java.exe
0x00007ffae65e0000 - 0x00007ffae67a1000 	X:\Windows\SYSTEM32\ntdll.dll
0x00007ffae39e0000 - 0x00007ffae3a8d000 	X:\Windows\system32\KERNEL32.DLL
0x00007ffae3420000 - 0x00007ffae3608000 	X:\Windows\system32\KERNELBASE.dll
0x00007ffae5290000 - 0x00007ffae5337000 	X:\Windows\system32\ADVAPI32.dll
0x00007ffae6300000 - 0x00007ffae639d000 	X:\Windows\system32\msvcrt.dll
0x00007ffae61d0000 - 0x00007ffae622b000 	X:\Windows\system32\sechost.dll
0x00007ffae5830000 - 0x00007ffae594c000 	X:\Windows\system32\RPCRT4.dll
0x00007ffae5950000 - 0x00007ffae5aa6000 	X:\Windows\system32\USER32.dll
0x00007ffae56a0000 - 0x00007ffae5826000 	X:\Windows\system32\GDI32.dll
0x00007ffada4a0000 - 0x00007ffada714000 	X:\Windows\WinSxS\amd64_microsoft.windows.common-controls_6595b64144ccf1df_6.0.10586.0_none_8c15ae12515e1c22\COMCTL32.dll
0x00007ffae5ab0000 - 0x00007ffae5d2d000 	X:\Windows\system32\combase.dll
0x00007ffae3330000 - 0x00007ffae339a000 	X:\Windows\system32\bcryptPrimitives.dll
0x00007ffae4ff0000 - 0x00007ffae502b000 	X:\Windows\system32\IMM32.DLL
0x000000005d3c0000 - 0x000000005d492000 	X:\Program Files\Java\jdk1.8.0_73\jre\bin\msvcr100.dll
0x000000005d4a0000 - 0x000000005dd30000 	X:\Program Files\Java\jdk1.8.0_73\jre\bin\server\jvm.dll
0x00007ffae65d0000 - 0x00007ffae65d8000 	X:\Windows\system32\PSAPI.DLL
0x00007ffad6220000 - 0x00007ffad6229000 	X:\Windows\SYSTEM32\WSOCK32.dll
0x00007ffae6160000 - 0x00007ffae61cb000 	X:\Windows\system32\WS2_32.dll
0x00007ffae0ef0000 - 0x00007ffae0f13000 	X:\Windows\SYSTEM32\WINMM.dll
0x00007ffadf760000 - 0x00007ffadf76a000 	X:\Windows\SYSTEM32\VERSION.dll
0x00007ffae0e80000 - 0x00007ffae0eac000 	X:\Windows\SYSTEM32\WINMMBASE.dll
0x00007ffae2c90000 - 0x00007ffae2cd3000 	X:\Windows\system32\cfgmgr32.dll
0x000000005d370000 - 0x000000005d37f000 	X:\Program Files\Java\jdk1.8.0_73\jre\bin\verify.dll
0x000000005d340000 - 0x000000005d369000 	X:\Program Files\Java\jdk1.8.0_73\jre\bin\java.dll
0x000000005d320000 - 0x000000005d336000 	X:\Program Files\Java\jdk1.8.0_73\jre\bin\zip.dll
0x00007ffae3a90000 - 0x00007ffae4fec000 	X:\Windows\system32\SHELL32.dll
0x00007ffae2ce0000 - 0x00007ffae3325000 	X:\Windows\system32\windows.storage.dll
0x00007ffae6460000 - 0x00007ffae64b2000 	X:\Windows\system32\shlwapi.dll
0x00007ffae2c80000 - 0x00007ffae2c8f000 	X:\Windows\system32\kernel.appcore.dll
0x00007ffae3750000 - 0x00007ffae3805000 	X:\Windows\system32\shcore.dll
0x00007ffae2c00000 - 0x00007ffae2c4b000 	X:\Windows\system32\powrprof.dll
0x00007ffae2c60000 - 0x00007ffae2c74000 	X:\Windows\system32\profapi.dll

VM Arguments:
jvm_args: -Djava.awt.headless=true -Xmx2g -Dfile.encoding=GBK -Duser.country=CN -Duser.language=zh -Duser.variant 
java_command: com.android.dx.command.Main --dex --num-threads=4 --multi-dex --output E:\Android\CalorieCounter\app\build\intermediates\transforms\dex\debug\folders\1000\2\Base64_644748da9f2587c04bd6c2a7f7f2f5832370bc2f E:\Android\CalorieCounter\app\libs\Base64.jar
java_class_path (initial): E:\QMDownload\SDK\build-tools\23.0.3\lib\dx.jar
Launcher Type: SUN_STANDARD

Environment Variables:
PATH=X:\ProgramData\Oracle\Java\javapath;X:\Windows\system32;X:\Windows;X:\Windows\System32\Wbem;X:\Windows\System32\WindowsPowerShell\v1.0\;X:\Program Files (x86)\ATI Technologies\ATI.ACE\Core-Static;D:\Program Files\MATLAB\R2013a\runtime\win64;D:\Program Files\MATLAB\R2013a\bin;X:\Program Files\Java\jdk1.8.0_73\bin;D:\Python27;X:\Program Files (x86)\MySQL\MySQL Fabric 1.5 & MySQL Utilities 1.5\;X:\Program Files (x86)\MySQL\MySQL Fabric 1.5 & MySQL Utilities 1.5\Doctrine extensions for PHP\
USERNAME=ÍõÉ­
OS=Windows_NT
PROCESSOR_IDENTIFIER=Intel64 Family 6 Model 60 Stepping 3, GenuineIntel



---------------  S Y S T E M  ---------------

OS: Windows 10.0 , 64 bit Build 10586 (10.0.10586.0)

CPU:total 4 (4 cores per cpu, 1 threads per core) family 6 model 60 stepping 3, cmov, cx8, fxsr, mmx, sse, sse2, sse3, ssse3, sse4.1, sse4.2, popcnt, avx, avx2, aes, clmul, erms, lzcnt, tsc, tscinvbit, bmi1, bmi2

Memory: 4k page, physical 8315044k(1655528k free), swap 8315044k(4096k free)

vm_info: Java HotSpot(TM) 64-Bit Server VM (25.73-b02) for windows-amd64 JRE (1.8.0_73-b02), built on Jan 29 2016 17:38:49 by "java_re" with MS VC++ 10.0 (VS2010)

time: Thu Apr 21 23:58:18 2016
elapsed time: 1 seconds (0d 0h 0m 1s)

