#
# There is insufficient memory for the Java Runtime Environment to continue.
# Native memory allocation (malloc) failed to allocate 32744 bytes for ChunkPool::allocate
# Possible reasons:
#   The system is out of physical RAM or swap space
#   In 32 bit mode, the process size limit was hit
# Possible solutions:
#   Reduce memory load on the system
#   Increase physical memory or swap space
#   Check if swap backing store is full
#   Use 64 bit Java on a 64 bit OS
#   Decrease Java heap size (-Xmx/-Xms)
#   Decrease number of Java threads
#   Decrease Java thread stack sizes (-Xss)
#   Set larger code cache with -XX:ReservedCodeCacheSize=
# This output file may be truncated or incomplete.
#
#  Out of Memory Error (allocation.cpp:273), pid=4668, tid=8144
#
# JRE version: Java(TM) SE Runtime Environment (8.0_73-b02) (build 1.8.0_73-b02)
# Java VM: Java HotSpot(TM) 64-Bit Server VM (25.73-b02 mixed mode windows-amd64 compressed oops)
# Failed to write core dump. Minidumps are not enabled by default on client versions of Windows
#

---------------  T H R E A D  ---------------

Current thread (0x0000000014e09000):  JavaThread "C2 CompilerThread0" daemon [_thread_in_vm, id=8144, stack(0x0000000016300000,0x0000000016400000)]

Stack: [0x0000000016300000,0x0000000016400000]
[error occurred during error reporting (printing stack bounds), id 0xc0000005]

Native frames: (J=compiled Java code, j=interpreted, Vv=VM code, C=native code)


Current CompileTask:
C2:    830  681       4       com.android.dx.util.Bits::clear (21 bytes)


---------------  P R O C E S S  ---------------

Java Threads: ( => current thread )
  0x000000001667b000 JavaThread "pool-1-thread-4" [_thread_new, id=3088, stack(0x0000000000000000,0x0000000000000000)]
  0x0000000016676800 JavaThread "pool-1-thread-3" [_thread_in_Java, id=2608, stack(0x0000000016f00000,0x0000000017000000)]
  0x0000000016676000 JavaThread "pool-1-thread-2" [_thread_in_Java, id=1984, stack(0x0000000016e00000,0x0000000016f00000)]
  0x0000000016774000 JavaThread "pool-2-thread-1" [_thread_blocked, id=1008, stack(0x0000000016d00000,0x0000000016e00000)]
  0x0000000016773800 JavaThread "pool-1-thread-1" [_thread_in_Java, id=5864, stack(0x0000000016c00000,0x0000000016d00000)]
  0x0000000016461800 JavaThread "Service Thread" daemon [_thread_blocked, id=9680, stack(0x0000000016a00000,0x0000000016b00000)]
  0x000000001645b800 JavaThread "C1 CompilerThread2" daemon [_thread_in_native, id=4864, stack(0x0000000016900000,0x0000000016a00000)]
  0x0000000016457000 JavaThread "C2 CompilerThread1" daemon [_thread_in_native, id=7692, stack(0x0000000016800000,0x0000000016900000)]
=>0x0000000014e09000 JavaThread "C2 CompilerThread0" daemon [_thread_in_vm, id=8144, stack(0x0000000016300000,0x0000000016400000)]
  0x0000000014dbd000 JavaThread "Attach Listener" daemon [_thread_blocked, id=3404, stack(0x0000000016200000,0x0000000016300000)]
  0x0000000014da7000 JavaThread "Signal Dispatcher" daemon [_thread_blocked, id=5524, stack(0x0000000016100000,0x0000000016200000)]
  0x00000000026d7000 JavaThread "Finalizer" daemon [_thread_blocked, id=3956, stack(0x0000000016000000,0x0000000016100000)]
  0x00000000026ce800 JavaThread "Reference Handler" daemon [_thread_blocked, id=4604, stack(0x0000000015f00000,0x0000000016000000)]
  0x00000000025e0800 JavaThread "main" [_thread_in_Java, id=9944, stack(0x00000000023e0000,0x00000000024e0000)]

Other Threads:
  0x0000000014d76800 VMThread [stack: 0x0000000015e00000,0x0000000015f00000] [id=7048]
  0x0000000016473800 WatcherThread [stack: 0x0000000016b00000,0x0000000016c00000] [id=1436]

VM state:not at safepoint (normal execution)

VM Mutex/Monitor currently owned by a thread: None

Heap:
 PSYoungGen      total 38400K, used 29323K [0x00000000eab00000, 0x00000000ed580000, 0x0000000100000000)
  eden space 33280K, 88% used [0x00000000eab00000,0x00000000ec7a2e20,0x00000000ecb80000)
  from space 5120K, 0% used [0x00000000ed080000,0x00000000ed080000,0x00000000ed580000)
  to   space 5120K, 0% used [0x00000000ecb80000,0x00000000ecb80000,0x00000000ed080000)
 ParOldGen       total 87552K, used 0K [0x00000000c0000000, 0x00000000c5580000, 0x00000000eab00000)
  object space 87552K, 0% used [0x00000000c0000000,0x00000000c0000000,0x00000000c5580000)
 Metaspace       used 5764K, capacity 6642K, committed 6784K, reserved 1056768K
  class space    used 602K, capacity 618K, committed 640K, reserved 1048576K

Card table byte_map: [0x0000000011aa0000,0x0000000011cb0000] byte_map_base: 0x00000000114a0000

Marking Bits: (ParMarkBitMap*) 0x00000000540e0600
 Begin Bits: [0x0000000012210000, 0x0000000013210000)
 End Bits:   [0x0000000013210000, 0x0000000014210000)

Polling page: 0x00000000001f0000

CodeCache: size=245760Kb used=2530Kb max_used=2541Kb free=243229Kb
 bounds [0x00000000026e0000, 0x0000000002970000, 0x00000000116e0000]
 total_blobs=934 nmethods=663 adapters=184
 compilation: enabled

Compilation events (10 events):
Event: 0.783 Thread 0x0000000016457000 nmethod 662 0x0000000002958e90 code [0x0000000002959000, 0x0000000002959428]
Event: 0.784 Thread 0x0000000016457000  673       4       java.util.ArrayList::ensureCapacityInternal (23 bytes)
Event: 0.784 Thread 0x0000000014e09000 nmethod 671 0x00000000029589d0 code [0x0000000002958b20, 0x0000000002958d78]
Event: 0.784 Thread 0x0000000014e09000  674       4       com.android.dx.ssa.NormalSsaInsn::accept (25 bytes)
Event: 0.785 Thread 0x0000000014e09000 nmethod 674 0x000000000295cc50 code [0x000000000295cda0, 0x000000000295cea8]
Event: 0.785 Thread 0x0000000016457000 nmethod 673 0x000000000295c6d0 code [0x000000000295c820, 0x000000000295ca98]
Event: 0.787 Thread 0x0000000014e09000  678       4       java.util.BitSet::set (58 bytes)
Event: 0.788 Thread 0x0000000014e09000 nmethod 678 0x000000000295c290 code [0x000000000295c3e0, 0x000000000295c568]
Event: 0.789 Thread 0x0000000016457000  679       4       java.lang.Long::bitCount (61 bytes)
Event: 0.790 Thread 0x0000000014e09000  681       4       com.android.dx.util.Bits::clear (21 bytes)

GC Heap History (0 events):
No events

Deoptimization events (2 events):
Event: 0.524 Thread 0x00000000025e0800 Uncommon trap: reason=unstable_if action=reinterpret pc=0x0000000002840354 method=java.lang.String.compareTo(Ljava/lang/String;)I @ 38
Event: 0.778 Thread 0x0000000016773800 Uncommon trap: reason=unstable_if action=reinterpret pc=0x0000000002913f64 method=java.util.HashMap.getNode(ILjava/lang/Object;)Ljava/util/HashMap$Node; @ 129

Internal exceptions (2 events):
Event: 0.036 Thread 0x00000000025e0800 Exception <a 'java/lang/NoSuchMethodError': Method sun.misc.Unsafe.defineClass(Ljava/lang/String;[BII)Ljava/lang/Class; name or signature does not match> (0x00000000eab13090) thrown at [D:\re\puppet\workspace\8-2-build-windows-amd64-cygwin\jdk8u73\6086\hotøm¶Ç∏5¢?
Event: 0.036 Thread 0x00000000025e0800 Exception <a 'java/lang/NoSuchMethodError': Method sun.misc.Unsafe.prefetchRead(Ljava/lang/Object;J)V name or signature does not match> (0x00000000eab13378) thrown at [D:\re\puppet\workspace\8-2-build-windows-amd64-cygwin\jdk8u73\6086\hotspot\src\share\vm\

Events (10 events):
Event: 0.769 loading class java/util/TreeMap$EntrySet done
Event: 0.769 loading class java/util/TreeMap$EntryIterator
Event: 0.769 loading class java/util/TreeMap$EntryIterator done
Event: 0.778 loading class java/util/concurrent/locks/LockSupport
Event: 0.778 loading class java/util/concurrent/locks/LockSupport done
Event: 0.778 loading class sun/nio/ch/Interruptible
Event: 0.778 loading class sun/nio/ch/Interruptible done
Event: 0.778 Thread 0x0000000016773800 Uncommon trap: trap_request=0xffffff65 fr.pc=0x0000000002913f64
Event: 0.778 Thread 0x0000000016773800 DEOPT PACKING pc=0x0000000002913f64 sp=0x0000000016cfeab0
Event: 0.778 Thread 0x0000000016773800 DEOPT UNPACKING pc=0x000000000272582a sp=0x0000000016cfea28 mode 2


Dynamic libraries:
0x00007ff6dbe30000 - 0x00007ff6dbe67000 	X:\Program Files\Java\jdk1.8.0_73\bin\java.exe
0x00007ff876650000 - 0x00007ff876811000 	X:\Windows\SYSTEM32\ntdll.dll
0x00007ff8762a0000 - 0x00007ff87634d000 	X:\Windows\system32\KERNEL32.DLL
0x00007ff873400000 - 0x00007ff8735e8000 	X:\Windows\system32\KERNELBASE.dll
0x00007ff875900000 - 0x00007ff8759a7000 	X:\Windows\system32\ADVAPI32.dll
0x00007ff875860000 - 0x00007ff8758fd000 	X:\Windows\system32\msvcrt.dll
0x00007ff876020000 - 0x00007ff87607b000 	X:\Windows\system32\sechost.dll
0x00007ff874050000 - 0x00007ff87416c000 	X:\Windows\system32\RPCRT4.dll
0x00007ff873ee0000 - 0x00007ff874036000 	X:\Windows\system32\USER32.dll
0x00007ff8756d0000 - 0x00007ff875856000 	X:\Windows\system32\GDI32.dll
0x00007ff86b170000 - 0x00007ff86b3e4000 	X:\Windows\WinSxS\amd64_microsoft.windows.common-controls_6595b64144ccf1df_6.0.10586.0_none_8c15ae12515e1c22\COMCTL32.dll
0x00007ff875d20000 - 0x00007ff875f9d000 	X:\Windows\system32\combase.dll
0x00007ff873740000 - 0x00007ff8737aa000 	X:\Windows\system32\bcryptPrimitives.dll
0x00007ff873a50000 - 0x00007ff873a8b000 	X:\Windows\system32\IMM32.DLL
0x0000000053340000 - 0x0000000053412000 	X:\Program Files\Java\jdk1.8.0_73\jre\bin\msvcr100.dll
0x00000000538d0000 - 0x0000000054160000 	X:\Program Files\Java\jdk1.8.0_73\jre\bin\server\jvm.dll
0x00007ff874040000 - 0x00007ff874048000 	X:\Windows\system32\PSAPI.DLL
0x00007ff86b4c0000 - 0x00007ff86b4c9000 	X:\Windows\SYSTEM32\WSOCK32.dll
0x00007ff875fa0000 - 0x00007ff87600b000 	X:\Windows\system32\WS2_32.dll
0x00007ff870f20000 - 0x00007ff870f43000 	X:\Windows\SYSTEM32\WINMM.dll
0x00007ff870dd0000 - 0x00007ff870dfc000 	X:\Windows\SYSTEM32\WINMMBASE.dll
0x00007ff872d60000 - 0x00007ff872da3000 	X:\Windows\system32\cfgmgr32.dll
0x00007ff86f250000 - 0x00007ff86f25a000 	X:\Windows\SYSTEM32\VERSION.dll
0x00000000537e0000 - 0x00000000537ef000 	X:\Program Files\Java\jdk1.8.0_73\jre\bin\verify.dll
0x00000000537b0000 - 0x00000000537d9000 	X:\Program Files\Java\jdk1.8.0_73\jre\bin\java.dll
0x0000000053790000 - 0x00000000537a6000 	X:\Program Files\Java\jdk1.8.0_73\jre\bin\zip.dll
0x00007ff874170000 - 0x00007ff8756cc000 	X:\Windows\system32\SHELL32.dll
0x00007ff872db0000 - 0x00007ff8733f5000 	X:\Windows\system32\windows.storage.dll
0x00007ff876240000 - 0x00007ff876292000 	X:\Windows\system32\shlwapi.dll
0x00007ff872ce0000 - 0x00007ff872cef000 	X:\Windows\system32\kernel.appcore.dll
0x00007ff873680000 - 0x00007ff873735000 	X:\Windows\system32\shcore.dll
0x00007ff872c90000 - 0x00007ff872cdb000 	X:\Windows\system32\powrprof.dll
0x00007ff872c70000 - 0x00007ff872c84000 	X:\Windows\system32\profapi.dll

VM Arguments:
jvm_args: -Djava.awt.headless=true -Xmx1024M -Dfile.encoding=GBK -Duser.country=CN -Duser.language=zh -Duser.variant 
java_command: com.android.dx.command.Main --dex --num-threads=4 --output E:\Android\CalorieCounter\app\build\intermediates\pre-dexed\debug\com.android.support-support-v4-23.2.1_b3f86bb7eb2bf098389785e98df432783523f3ad.jar E:\Android\CalorieCounter\app\build\intermediates\exploded-aar\com.android.support\support-v4\23.2.1\jars\classes.jar
java_class_path (initial): E:\QMDownload\SDK\build-tools\23.0.3\lib\dx.jar
Launcher Type: SUN_STANDARD

Environment Variables:
PATH=X:\ProgramData\Oracle\Java\javapath;X:\Windows\system32;X:\Windows;X:\Windows\System32\Wbem;X:\Windows\System32\WindowsPowerShell\v1.0\;X:\Program Files (x86)\ATI Technologies\ATI.ACE\Core-Static;D:\Program Files\MATLAB\R2013a\runtime\win64;D:\Program Files\MATLAB\R2013a\bin;X:\Program Files\Java\jdk1.8.0_73\bin;D:\Python27;X:\Program Files (x86)\MySQL\MySQL Fabric 1.5 & MySQL Utilities 1.5\;X:\Program Files (x86)\MySQL\MySQL Fabric 1.5 & MySQL Utilities 1.5\Doctrine extensions for PHP\
USERNAME=Õı…≠
OS=Windows_NT
PROCESSOR_IDENTIFIER=Intel64 Family 6 Model 60 Stepping 3, GenuineIntel



---------------  S Y S T E M  ---------------

OS: Windows 10.0 , 64 bit Build 10586 (10.0.10586.0)

CPU:total 4 (4 cores per cpu, 1 threads per core) family 6 model 60 stepping 3, cmov, cx8, fxsr, mmx, sse, sse2, sse3, ssse3, sse4.1, sse4.2, popcnt, avx, avx2, aes, clmul, erms, lzcnt, tsc, tscinvbit, bmi1, bmi2

Memory: 4k page, physical 8315044k(1684552k free), swap 8315044k(1428k free)

vm_info: Java HotSpot(TM) 64-Bit Server VM (25.73-b02) for windows-amd64 JRE (1.8.0_73-b02), built on Jan 29 2016 17:38:49 by "java_re" with MS VC++ 10.0 (VS2010)

time: Sat Apr 16 13:38:52 2016
elapsed time: 0 seconds (0d 0h 0m 0s)

