#
# There is insufficient memory for the Java Runtime Environment to continue.
# Native memory allocation (malloc) failed to allocate 300976 bytes for Chunk::new
# Possible reasons:
#   The system is out of physical RAM or swap space
#   In 32 bit mode, the process size limit was hit
# Possible solutions:
#   Reduce memory load on the system
#   Increase physical memory or swap space
#   Check if swap backing store is full
#   Use 64 bit Java on a 64 bit OS
#   Decrease Java heap size (-Xmx/-Xms)
#   Decrease number of Java threads
#   Decrease Java thread stack sizes (-Xss)
#   Set larger code cache with -XX:ReservedCodeCacheSize=
# This output file may be truncated or incomplete.
#
#  Out of Memory Error (allocation.cpp:390), pid=14608, tid=20264
#
# JRE version: Java(TM) SE Runtime Environment (8.0_73-b02) (build 1.8.0_73-b02)
# Java VM: Java HotSpot(TM) 64-Bit Server VM (25.73-b02 mixed mode windows-amd64 compressed oops)
# Failed to write core dump. Minidumps are not enabled by default on client versions of Windows
#

---------------  T H R E A D  ---------------

Current thread (0x0000000018837000):  JavaThread "C2 CompilerThread1" daemon [_thread_in_native, id=20264, stack(0x0000000018be0000,0x0000000018ce0000)]

Stack: [0x0000000018be0000,0x0000000018ce0000]
[error occurred during error reporting (printing stack bounds), id 0xc0000005]

Native frames: (J=compiled Java code, j=interpreted, Vv=VM code, C=native code)


Current CompileTask:
C2:    823 1110   !   4       com.android.dx.cf.code.BytecodeArray::parseInstruction (2764 bytes)


---------------  P R O C E S S  ---------------

Java Threads: ( => current thread )
  0x0000000018a46800 JavaThread "pool-2-thread-4" [_thread_in_Java, id=15128, stack(0x00000000193e0000,0x00000000194e0000)]
  0x00000000189b0800 JavaThread "pool-3-thread-1" [_thread_blocked, id=20096, stack(0x00000000190e0000,0x00000000191e0000)]
  0x0000000018841000 JavaThread "Service Thread" daemon [_thread_blocked, id=5316, stack(0x0000000018de0000,0x0000000018ee0000)]
  0x0000000018839800 JavaThread "C1 CompilerThread2" daemon [_thread_blocked, id=20228, stack(0x0000000018ce0000,0x0000000018de0000)]
=>0x0000000018837000 JavaThread "C2 CompilerThread1" daemon [_thread_in_native, id=20264, stack(0x0000000018be0000,0x0000000018ce0000)]
  0x000000001710d000 JavaThread "C2 CompilerThread0" daemon [_thread_blocked, id=19112, stack(0x00000000186e0000,0x00000000187e0000)]
  0x000000001710a800 JavaThread "Attach Listener" daemon [_thread_blocked, id=2912, stack(0x00000000185e0000,0x00000000186e0000)]
  0x0000000017159800 JavaThread "Signal Dispatcher" daemon [_thread_blocked, id=8408, stack(0x00000000184e0000,0x00000000185e0000)]
  0x00000000024d0000 JavaThread "Finalizer" daemon [_thread_blocked, id=4396, stack(0x0000000018370000,0x0000000018470000)]
  0x00000000024cd000 JavaThread "Reference Handler" daemon [_thread_blocked, id=3524, stack(0x0000000018270000,0x0000000018370000)]
  0x00000000023e1000 JavaThread "main" [_thread_blocked, id=12732, stack(0x00000000022e0000,0x00000000023e0000)]

Other Threads:
  0x00000000170c8000 VMThread [stack: 0x0000000018170000,0x0000000018270000] [id=8628]
  0x00000000188a3800 WatcherThread [stack: 0x0000000018ee0000,0x0000000018fe0000] [id=14424]

VM state:not at safepoint (normal execution)

VM Mutex/Monitor currently owned by a thread: None

Heap:
 PSYoungGen      total 38400K, used 11445K [0x00000000d5580000, 0x00000000d8000000, 0x0000000100000000)
  eden space 33280K, 19% used [0x00000000d5580000,0x00000000d5baf650,0x00000000d7600000)
  from space 5120K, 99% used [0x00000000d7600000,0x00000000d7afe058,0x00000000d7b00000)
  to   space 5120K, 0% used [0x00000000d7b00000,0x00000000d7b00000,0x00000000d8000000)
 ParOldGen       total 87552K, used 2041K [0x0000000080000000, 0x0000000085580000, 0x00000000d5580000)
  object space 87552K, 2% used [0x0000000080000000,0x00000000801fe550,0x0000000085580000)
 Metaspace       used 5973K, capacity 6902K, committed 7040K, reserved 1056768K
  class space    used 607K, capacity 622K, committed 640K, reserved 1048576K

Card table byte_map: [0x00000000118a0000,0x0000000011cb0000] byte_map_base: 0x00000000114a0000

Marking Bits: (ParMarkBitMap*) 0x000000005dcb0600
 Begin Bits: [0x0000000012360000, 0x0000000014360000)
 End Bits:   [0x0000000014360000, 0x0000000016360000)

Polling page: 0x00000000001f0000

CodeCache: size=245760Kb used=4458Kb max_used=4469Kb free=241301Kb
 bounds [0x00000000024e0000, 0x0000000002950000, 0x00000000114e0000]
 total_blobs=1398 nmethods=1127 adapters=184
 compilation: enabled

Compilation events (10 events):
Event: 0.778 Thread 0x0000000018839800 nmethod 1127 0x0000000002938510 code [0x0000000002938660, 0x0000000002938770]
Event: 0.778 Thread 0x0000000018839800 1118       1       com.android.dx.dex.code.RopTranslator::access$100 (5 bytes)
Event: 0.778 Thread 0x0000000018839800 nmethod 1118 0x0000000002938250 code [0x00000000029383a0, 0x0000000002938490]
Event: 0.778 Thread 0x0000000018839800 1107       1       com.android.dx.rop.annotation.Annotation::getType (5 bytes)
Event: 0.778 Thread 0x0000000018839800 nmethod 1107 0x0000000002937f90 code [0x00000000029380e0, 0x00000000029381f0]
Event: 0.782 Thread 0x000000001710d000 nmethod 1116 0x00000000029370d0 code [0x0000000002937260, 0x00000000029378e8]
Event: 0.782 Thread 0x000000001710d000 1108       4       com.android.dx.ssa.SsaMethod$2::visitNonMoveInsn (6 bytes)
Event: 0.783 Thread 0x000000001710d000 nmethod 1108 0x000000000293e1d0 code [0x000000000293e320, 0x000000000293e3a8]
Event: 0.783 Thread 0x000000001710d000 1016       4       com.android.dx.rop.code.Rop::isCommutative (60 bytes)
Event: 0.783 Thread 0x000000001710d000 nmethod 1016 0x000000000293df90 code [0x000000000293e0c0, 0x000000000293e158]

GC Heap History (2 events):
Event: 0.750 GC heap before
{Heap before GC invocations=1 (full 0):
 PSYoungGen      total 38400K, used 33280K [0x00000000d5580000, 0x00000000d8000000, 0x0000000100000000)
  eden space 33280K, 100% used [0x00000000d5580000,0x00000000d7600000,0x00000000d7600000)
  from space 5120K, 0% used [0x00000000d7b00000,0x00000000d7b00000,0x00000000d8000000)
  to   space 5120K, 0% used [0x00000000d7600000,0x00000000d7600000,0x00000000d7b00000)
 ParOldGen       total 87552K, used 0K [0x0000000080000000, 0x0000000085580000, 0x00000000d5580000)
  object space 87552K, 0% used [0x0000000080000000,0x0000000080000000,0x0000000085580000)
 Metaspace       used 5958K, capacity 6902K, committed 7040K, reserved 1056768K
  class space    used 607K, capacity 622K, committed 640K, reserved 1048576K
Event: 0.756 GC heap after
Heap after GC invocations=1 (full 0):
 PSYoungGen      total 38400K, used 5112K [0x00000000d5580000, 0x00000000d8000000, 0x0000000100000000)
  eden space 33280K, 0% used [0x00000000d5580000,0x00000000d5580000,0x00000000d7600000)
  from space 5120K, 99% used [0x00000000d7600000,0x00000000d7afe058,0x00000000d7b00000)
  to   space 5120K, 0% used [0x00000000d7b00000,0x00000000d7b00000,0x00000000d8000000)
 ParOldGen       total 87552K, used 2041K [0x0000000080000000, 0x0000000085580000, 0x00000000d5580000)
  object space 87552K, 2% used [0x0000000080000000,0x00000000801fe550,0x0000000085580000)
 Metaspace       used 5958K, capacity 6902K, committed 7040K, reserved 1056768K
  class space    used 607K, capacity 622K, committed 640K, reserved 1048576K
}

Deoptimization events (10 events):
Event: 0.720 Thread 0x0000000018a46800 Uncommon trap: reason=unstable_if action=reinterpret pc=0x00000000028bc63c method=com.android.dx.util.IntList.binarysearch(I)I @ 105
Event: 0.723 Thread 0x0000000018a45800 Uncommon trap: reason=null_check action=make_not_entrant pc=0x00000000027c83a8 method=com.android.dx.rop.type.Type.equals(Ljava/lang/Object;)Z @ 8
Event: 0.728 Thread 0x0000000018a45800 Uncommon trap: reason=unstable_if action=reinterpret pc=0x00000000028a52e4 method=com.android.dx.rop.code.RegisterSpec.equals(ILcom/android/dx/rop/type/TypeBearer;Lcom/android/dx/rop/code/LocalItem;)Z @ 42
Event: 0.728 Thread 0x0000000018a45800 Uncommon trap: reason=unstable_if action=reinterpret pc=0x00000000027a9844 method=com.android.dx.rop.code.RegisterSpec.equals(ILcom/android/dx/rop/type/TypeBearer;Lcom/android/dx/rop/code/LocalItem;)Z @ 42
Event: 0.729 Thread 0x0000000018a46800 Uncommon trap: reason=bimorphic action=maybe_recompile pc=0x0000000002810d04 method=java.util.HashMap.getNode(ILjava/lang/Object;)Ljava/util/HashMap$Node; @ 126
Event: 0.729 Thread 0x0000000018a46800 Uncommon trap: reason=class_check action=maybe_recompile pc=0x00000000028c4394 method=java.util.HashMap.putVal(ILjava/lang/Object;Ljava/lang/Object;ZZ)Ljava/lang/Object; @ 203
Event: 0.749 Thread 0x0000000018a46800 Uncommon trap: reason=unstable_if action=reinterpret pc=0x00000000027ef0ac method=com.android.dx.rop.code.RegisterSpecSet.put(Lcom/android/dx/rop/code/RegisterSpec;)V @ 77
Event: 0.749 Thread 0x0000000018a46800 Uncommon trap: reason=unstable_if action=reinterpret pc=0x0000000002819464 method=com.android.dx.rop.code.RegisterSpecSet.put(Lcom/android/dx/rop/code/RegisterSpec;)V @ 77
Event: 0.763 Thread 0x00000000189b1000 Uncommon trap: reason=bimorphic action=maybe_recompile pc=0x0000000002810d04 method=java.util.HashMap.getNode(ILjava/lang/Object;)Ljava/util/HashMap$Node; @ 126
Event: 0.763 Thread 0x00000000189b1000 Uncommon trap: reason=class_check action=maybe_recompile pc=0x00000000028c4394 method=java.util.HashMap.putVal(ILjava/lang/Object;Ljava/lang/Object;ZZ)Ljava/lang/Object; @ 203

Internal exceptions (3 events):
Event: 0.141 Thread 0x00000000023e1000 Exception <a 'java/lang/NoSuchMethodError': Method sun.misc.Unsafe.defineClass(Ljava/lang/String;[BII)Ljava/lang/Class; name or signature does not match> (0x00000000d5593090) thrown at [D:\re\puppet\workspace\8-2-build-windows-amd64-cygwin\jdk8u73\6086\hotæsìÁÔÂ?
Event: 0.141 Thread 0x00000000023e1000 Exception <a 'java/lang/NoSuchMethodError': Method sun.misc.Unsafe.prefetchRead(Ljava/lang/Object;J)V name or signature does not match> (0x00000000d5593378) thrown at [D:\re\puppet\workspace\8-2-build-windows-amd64-cygwin\jdk8u73\6086\hotspot\src\share\vm\;âv±%ç?
Event: 0.723 Thread 0x0000000018a45800 Implicit null exception at 0x00000000027c82a2 to 0x00000000027c839a

Events (10 events):
Event: 0.756 Executing VM operation: ParallelGCFailedAllocation done
Event: 0.763 Thread 0x00000000189b1000 Uncommon trap: trap_request=0xffffffc6 fr.pc=0x0000000002810d04
Event: 0.763 Thread 0x00000000189b1000 DEOPT PACKING pc=0x0000000002810d04 sp=0x00000000192de800
Event: 0.763 Thread 0x00000000189b1000 DEOPT UNPACKING pc=0x000000000252582a sp=0x00000000192de780 mode 2
Event: 0.763 Thread 0x00000000189b1000 Uncommon trap: trap_request=0xffffffde fr.pc=0x00000000028c4394
Event: 0.763 Thread 0x00000000189b1000 DEOPT PACKING pc=0x00000000028c4394 sp=0x00000000192de7e0
Event: 0.763 Thread 0x00000000189b1000 DEOPT UNPACKING pc=0x000000000252582a sp=0x00000000192de758 mode 2
Event: 0.764 Thread 0x00000000189ad800 Thread exited: 0x00000000189ad800
Event: 0.771 Thread 0x00000000189b1000 Thread exited: 0x00000000189b1000
Event: 0.772 Thread 0x0000000018a45800 Thread exited: 0x0000000018a45800


Dynamic libraries:
0x00007ff64d3f0000 - 0x00007ff64d427000 	X:\Program Files\Java\jdk1.8.0_73\bin\java.exe
0x00007ffae65e0000 - 0x00007ffae67a1000 	X:\Windows\SYSTEM32\ntdll.dll
0x00007ffae39e0000 - 0x00007ffae3a8d000 	X:\Windows\system32\KERNEL32.DLL
0x00007ffae3420000 - 0x00007ffae3608000 	X:\Windows\system32\KERNELBASE.dll
0x00007ffae5290000 - 0x00007ffae5337000 	X:\Windows\system32\ADVAPI32.dll
0x00007ffae6300000 - 0x00007ffae639d000 	X:\Windows\system32\msvcrt.dll
0x00007ffae61d0000 - 0x00007ffae622b000 	X:\Windows\system32\sechost.dll
0x00007ffae5830000 - 0x00007ffae594c000 	X:\Windows\system32\RPCRT4.dll
0x00007ffae5950000 - 0x00007ffae5aa6000 	X:\Windows\system32\USER32.dll
0x00007ffae56a0000 - 0x00007ffae5826000 	X:\Windows\system32\GDI32.dll
0x00007ffada4a0000 - 0x00007ffada714000 	X:\Windows\WinSxS\amd64_microsoft.windows.common-controls_6595b64144ccf1df_6.0.10586.0_none_8c15ae12515e1c22\COMCTL32.dll
0x00007ffae5ab0000 - 0x00007ffae5d2d000 	X:\Windows\system32\combase.dll
0x00007ffae3330000 - 0x00007ffae339a000 	X:\Windows\system32\bcryptPrimitives.dll
0x00007ffae4ff0000 - 0x00007ffae502b000 	X:\Windows\system32\IMM32.DLL
0x000000005d3c0000 - 0x000000005d492000 	X:\Program Files\Java\jdk1.8.0_73\jre\bin\msvcr100.dll
0x000000005d4a0000 - 0x000000005dd30000 	X:\Program Files\Java\jdk1.8.0_73\jre\bin\server\jvm.dll
0x00007ffae65d0000 - 0x00007ffae65d8000 	X:\Windows\system32\PSAPI.DLL
0x00007ffad6220000 - 0x00007ffad6229000 	X:\Windows\SYSTEM32\WSOCK32.dll
0x00007ffae6160000 - 0x00007ffae61cb000 	X:\Windows\system32\WS2_32.dll
0x00007ffae0ef0000 - 0x00007ffae0f13000 	X:\Windows\SYSTEM32\WINMM.dll
0x00007ffadf760000 - 0x00007ffadf76a000 	X:\Windows\SYSTEM32\VERSION.dll
0x00007ffae0e80000 - 0x00007ffae0eac000 	X:\Windows\SYSTEM32\WINMMBASE.dll
0x00007ffae2c90000 - 0x00007ffae2cd3000 	X:\Windows\system32\cfgmgr32.dll
0x000000005d370000 - 0x000000005d37f000 	X:\Program Files\Java\jdk1.8.0_73\jre\bin\verify.dll
0x000000005d340000 - 0x000000005d369000 	X:\Program Files\Java\jdk1.8.0_73\jre\bin\java.dll
0x000000005d320000 - 0x000000005d336000 	X:\Program Files\Java\jdk1.8.0_73\jre\bin\zip.dll
0x00007ffae3a90000 - 0x00007ffae4fec000 	X:\Windows\system32\SHELL32.dll
0x00007ffae2ce0000 - 0x00007ffae3325000 	X:\Windows\system32\windows.storage.dll
0x00007ffae6460000 - 0x00007ffae64b2000 	X:\Windows\system32\shlwapi.dll
0x00007ffae2c80000 - 0x00007ffae2c8f000 	X:\Windows\system32\kernel.appcore.dll
0x00007ffae3750000 - 0x00007ffae3805000 	X:\Windows\system32\shcore.dll
0x00007ffae2c00000 - 0x00007ffae2c4b000 	X:\Windows\system32\powrprof.dll
0x00007ffae2c60000 - 0x00007ffae2c74000 	X:\Windows\system32\profapi.dll

VM Arguments:
jvm_args: -Djava.awt.headless=true -Xmx2g -Dfile.encoding=GBK -Duser.country=CN -Duser.language=zh -Duser.variant 
java_command: com.android.dx.command.Main --dex --num-threads=4 --multi-dex --output E:\Android\CalorieCounter\app\build\intermediates\transforms\dex\debug\folders\1000\10\com.android.support-support-vector-drawable-23.2.1_1a3f9e49dc1869e607465cca88919c38fde5a3fa E:\Android\CalorieCounter\app\build\intermediates\exploded-aar\com.android.support\support-vector-drawable\23.2.1\jars\classes.jar
java_class_path (initial): E:\QMDownload\SDK\build-tools\23.0.3\lib\dx.jar
Launcher Type: SUN_STANDARD

Environment Variables:
PATH=X:\ProgramData\Oracle\Java\javapath;X:\Windows\system32;X:\Windows;X:\Windows\System32\Wbem;X:\Windows\System32\WindowsPowerShell\v1.0\;X:\Program Files (x86)\ATI Technologies\ATI.ACE\Core-Static;D:\Program Files\MATLAB\R2013a\runtime\win64;D:\Program Files\MATLAB\R2013a\bin;X:\Program Files\Java\jdk1.8.0_73\bin;D:\Python27;X:\Program Files (x86)\MySQL\MySQL Fabric 1.5 & MySQL Utilities 1.5\;X:\Program Files (x86)\MySQL\MySQL Fabric 1.5 & MySQL Utilities 1.5\Doctrine extensions for PHP\
USERNAME=ÍõÉ­
OS=Windows_NT
PROCESSOR_IDENTIFIER=Intel64 Family 6 Model 60 Stepping 3, GenuineIntel



---------------  S Y S T E M  ---------------

OS: Windows 10.0 , 64 bit Build 10586 (10.0.10586.0)

CPU:total 4 (4 cores per cpu, 1 threads per core) family 6 model 60 stepping 3, cmov, cx8, fxsr, mmx, sse, sse2, sse3, ssse3, sse4.1, sse4.2, popcnt, avx, avx2, aes, clmul, erms, lzcnt, tsc, tscinvbit, bmi1, bmi2

Memory: 4k page, physical 8315044k(1729552k free), swap 8315044k(5344k free)

vm_info: Java HotSpot(TM) 64-Bit Server VM (25.73-b02) for windows-amd64 JRE (1.8.0_73-b02), built on Jan 29 2016 17:38:49 by "java_re" with MS VC++ 10.0 (VS2010)

time: Thu Apr 21 23:58:19 2016
elapsed time: 0 seconds (0d 0h 0m 0s)

