#
# There is insufficient memory for the Java Runtime Environment to continue.
# Native memory allocation (malloc) failed to allocate 1108496 bytes for Chunk::new
# Possible reasons:
#   The system is out of physical RAM or swap space
#   In 32 bit mode, the process size limit was hit
# Possible solutions:
#   Reduce memory load on the system
#   Increase physical memory or swap space
#   Check if swap backing store is full
#   Use 64 bit Java on a 64 bit OS
#   Decrease Java heap size (-Xmx/-Xms)
#   Decrease number of Java threads
#   Decrease Java thread stack sizes (-Xss)
#   Set larger code cache with -XX:ReservedCodeCacheSize=
# This output file may be truncated or incomplete.
#
#  Out of Memory Error (allocation.cpp:390), pid=7912, tid=11324
#
# JRE version: Java(TM) SE Runtime Environment (8.0_73-b02) (build 1.8.0_73-b02)
# Java VM: Java HotSpot(TM) 64-Bit Server VM (25.73-b02 mixed mode windows-amd64 compressed oops)
# Failed to write core dump. Minidumps are not enabled by default on client versions of Windows
#

---------------  T H R E A D  ---------------

Current thread (0x0000000018867800):  JavaThread "C2 CompilerThread1" daemon [_thread_in_native, id=11324, stack(0x0000000018c10000,0x0000000018d10000)]

Stack: [0x0000000018c10000,0x0000000018d10000]
[error occurred during error reporting (printing stack bounds), id 0xc0000005]

Native frames: (J=compiled Java code, j=interpreted, Vv=VM code, C=native code)


Current CompileTask:
C2:   1249 1133       4       com.android.dx.ssa.SCCP::simulateBranch (666 bytes)


---------------  P R O C E S S  ---------------

Java Threads: ( => current thread )
  0x0000000018b0b000 JavaThread "pool-2-thread-4" [_thread_in_Java, id=10016, stack(0x0000000019c10000,0x0000000019d10000)]
  0x0000000018b07000 JavaThread "pool-2-thread-3" [_thread_in_vm, id=10496, stack(0x0000000019b10000,0x0000000019c10000)]
  0x0000000018acd800 JavaThread "pool-2-thread-2" [_thread_in_Java, id=10092, stack(0x0000000019a10000,0x0000000019b10000)]
  0x0000000018af5800 JavaThread "pool-3-thread-1" [_thread_blocked, id=8800, stack(0x0000000019910000,0x0000000019a10000)]
  0x0000000018af4800 JavaThread "pool-2-thread-1" [_thread_in_Java, id=11524, stack(0x0000000019810000,0x0000000019910000)]
  0x0000000018870800 JavaThread "Service Thread" daemon [_thread_blocked, id=6280, stack(0x0000000018e10000,0x0000000018f10000)]
  0x000000001886a800 JavaThread "C1 CompilerThread2" daemon [_thread_blocked, id=13056, stack(0x0000000018d10000,0x0000000018e10000)]
=>0x0000000018867800 JavaThread "C2 CompilerThread1" daemon [_thread_in_native, id=11324, stack(0x0000000018c10000,0x0000000018d10000)]
  0x00000000171ba000 JavaThread "C2 CompilerThread0" daemon [_thread_in_native, id=12908, stack(0x0000000018710000,0x0000000018810000)]
  0x000000001716e000 JavaThread "Attach Listener" daemon [_thread_blocked, id=8396, stack(0x0000000018610000,0x0000000018710000)]
  0x0000000017157000 JavaThread "Signal Dispatcher" daemon [_thread_blocked, id=1632, stack(0x0000000018510000,0x0000000018610000)]
  0x0000000002530800 JavaThread "Finalizer" daemon [_thread_blocked, id=4540, stack(0x00000000183b0000,0x00000000184b0000)]
  0x000000000252d000 JavaThread "Reference Handler" daemon [_thread_blocked, id=9392, stack(0x00000000182b0000,0x00000000183b0000)]
  0x0000000002440800 JavaThread "main" [_thread_in_Java, id=7964, stack(0x00000000007b0000,0x00000000008b0000)]

Other Threads:
  0x0000000017128000 VMThread [stack: 0x00000000181b0000,0x00000000182b0000] [id=3696]
  0x0000000018884000 WatcherThread [stack: 0x0000000018f10000,0x0000000019010000] [id=580]

VM state:not at safepoint (normal execution)

VM Mutex/Monitor currently owned by a thread: None

Heap:
 PSYoungGen      total 38400K, used 26348K [0x00000000d5580000, 0x00000000d8000000, 0x0000000100000000)
  eden space 33280K, 63% used [0x00000000d5580000,0x00000000d6a3f638,0x00000000d7600000)
  from space 5120K, 99% used [0x00000000d7600000,0x00000000d7afbc58,0x00000000d7b00000)
  to   space 5120K, 0% used [0x00000000d7b00000,0x00000000d7b00000,0x00000000d8000000)
 ParOldGen       total 87552K, used 212K [0x0000000080000000, 0x0000000085580000, 0x00000000d5580000)
  object space 87552K, 0% used [0x0000000080000000,0x00000000800352e8,0x0000000085580000)
 Metaspace       used 6107K, capacity 6966K, committed 7040K, reserved 1056768K
  class space    used 606K, capacity 622K, committed 640K, reserved 1048576K

Card table byte_map: [0x0000000011900000,0x0000000011d10000] byte_map_base: 0x0000000011500000

Marking Bits: (ParMarkBitMap*) 0x00000000530a0600
 Begin Bits: [0x00000000123c0000, 0x00000000143c0000)
 End Bits:   [0x00000000143c0000, 0x00000000163c0000)

Polling page: 0x00000000001f0000

CodeCache: size=245760Kb used=4914Kb max_used=4914Kb free=240845Kb
 bounds [0x0000000002540000, 0x0000000002a10000, 0x0000000011540000]
 total_blobs=1537 nmethods=1266 adapters=184
 compilation: enabled

Compilation events (10 events):
Event: 1.225 Thread 0x000000001886a800 1276       2       com.android.dx.rop.code.AccessFlags::isPrivate (12 bytes)
Event: 1.225 Thread 0x000000001886a800 nmethod 1276 0x0000000002a0c310 code [0x0000000002a0c460, 0x0000000002a0c5b0]
Event: 1.225 Thread 0x000000001886a800 1277       2       com.android.dx.cf.direct.DirectClassFile::getSourceFile (31 bytes)
Event: 1.225 Thread 0x000000001886a800 nmethod 1277 0x0000000002a0c650 code [0x0000000002a0c7c0, 0x0000000002a0ca18]
Event: 1.225 Thread 0x000000001886a800 1278       2       com.android.dx.cf.code.Simulator$SimVisitor::checkReturnType (64 bytes)
Event: 1.226 Thread 0x000000001886a800 nmethod 1278 0x0000000002a0cb90 code [0x0000000002a0cd80, 0x0000000002a0d288]
Event: 1.226 Thread 0x000000001886a800 1279       2       com.android.dx.ssa.SsaConverter::edgeSplitMoveExceptionsAndResults (157 bytes)
Event: 1.226 Thread 0x000000001886a800 nmethod 1279 0x0000000002a0d6d0 code [0x0000000002a0d980, 0x0000000002a0e3c8]
Event: 1.226 Thread 0x000000001886a800 1280       2       com.android.dx.rop.code.RegisterSpecList::make (17 bytes)
Event: 1.226 Thread 0x000000001886a800 nmethod 1280 0x0000000002a0f510 code [0x0000000002a0f6a0, 0x0000000002a0faa8]

GC Heap History (2 events):
Event: 1.075 GC heap before
{Heap before GC invocations=1 (full 0):
 PSYoungGen      total 38400K, used 33280K [0x00000000d5580000, 0x00000000d8000000, 0x0000000100000000)
  eden space 33280K, 100% used [0x00000000d5580000,0x00000000d7600000,0x00000000d7600000)
  from space 5120K, 0% used [0x00000000d7b00000,0x00000000d7b00000,0x00000000d8000000)
  to   space 5120K, 0% used [0x00000000d7600000,0x00000000d7600000,0x00000000d7b00000)
 ParOldGen       total 87552K, used 0K [0x0000000080000000, 0x0000000085580000, 0x00000000d5580000)
  object space 87552K, 0% used [0x0000000080000000,0x0000000080000000,0x0000000085580000)
 Metaspace       used 5879K, capacity 6772K, committed 7040K, reserved 1056768K
  class space    used 604K, capacity 620K, committed 640K, reserved 1048576K
Event: 1.080 GC heap after
Heap after GC invocations=1 (full 0):
 PSYoungGen      total 38400K, used 5103K [0x00000000d5580000, 0x00000000d8000000, 0x0000000100000000)
  eden space 33280K, 0% used [0x00000000d5580000,0x00000000d5580000,0x00000000d7600000)
  from space 5120K, 99% used [0x00000000d7600000,0x00000000d7afbc58,0x00000000d7b00000)
  to   space 5120K, 0% used [0x00000000d7b00000,0x00000000d7b00000,0x00000000d8000000)
 ParOldGen       total 87552K, used 212K [0x0000000080000000, 0x0000000085580000, 0x00000000d5580000)
  object space 87552K, 0% used [0x0000000080000000,0x00000000800352e8,0x0000000085580000)
 Metaspace       used 5879K, capacity 6772K, committed 7040K, reserved 1056768K
  class space    used 604K, capacity 620K, committed 640K, reserved 1048576K
}

Deoptimization events (10 events):
Event: 1.080 Thread 0x0000000018acd800 Uncommon trap: reason=unstable_if action=reinterpret pc=0x0000000002771470 method=java.util.BitSet.nextSetBit(I)I @ 87
Event: 1.100 Thread 0x0000000018b07000 Uncommon trap: reason=unstable_if action=reinterpret pc=0x0000000002816648 method=com.android.dx.rop.code.LocalItem.hashCode()I @ 25
Event: 1.105 Thread 0x0000000018acd800 Uncommon trap: reason=class_check action=maybe_recompile pc=0x0000000002808724 method=com.android.dx.rop.type.Type.equals(Ljava/lang/Object;)Z @ 8
Event: 1.105 Thread 0x0000000018acd800 Uncommon trap: reason=class_check action=maybe_recompile pc=0x0000000002808724 method=com.android.dx.rop.type.Type.equals(Ljava/lang/Object;)Z @ 8
Event: 1.105 Thread 0x0000000018acd800 Uncommon trap: reason=class_check action=maybe_recompile pc=0x0000000002808724 method=com.android.dx.rop.type.Type.equals(Ljava/lang/Object;)Z @ 8
Event: 1.106 Thread 0x0000000018acd800 Uncommon trap: reason=class_check action=maybe_recompile pc=0x0000000002808724 method=com.android.dx.rop.type.Type.equals(Ljava/lang/Object;)Z @ 8
Event: 1.150 Thread 0x0000000002440800 Uncommon trap: reason=class_check action=maybe_recompile pc=0x000000000287668c method=com.android.dx.rop.type.Type.equals(Ljava/lang/Object;)Z @ 8
Event: 1.151 Thread 0x0000000002440800 Uncommon trap: reason=class_check action=maybe_recompile pc=0x000000000286d6d0 method=com.android.dx.rop.type.Type.equals(Ljava/lang/Object;)Z @ 8
Event: 1.152 Thread 0x0000000002440800 Uncommon trap: reason=unstable_if action=reinterpret pc=0x0000000002812e9c method=com.android.dx.rop.cst.Constant.compareTo(Lcom/android/dx/rop/cst/Constant;)I @ 12
Event: 1.173 Thread 0x0000000018acd800 Uncommon trap: reason=unstable_if action=reinterpret pc=0x000000000298f7b8 method=com.android.dx.cf.code.Ropper.labelToResultIndex(I)I @ 34

Internal exceptions (2 events):
Event: 0.080 Thread 0x0000000002440800 Exception <a 'java/lang/NoSuchMethodError': Method sun.misc.Unsafe.defineClass(Ljava/lang/String;[BII)Ljava/lang/Class; name or signature does not match> (0x00000000d5593090) thrown at [D:\re\puppet\workspace\8-2-build-windows-amd64-cygwin\jdk8u73\6086\hot¢Ÿ|s|¥?
Event: 0.080 Thread 0x0000000002440800 Exception <a 'java/lang/NoSuchMethodError': Method sun.misc.Unsafe.prefetchRead(Ljava/lang/Object;J)V name or signature does not match> (0x00000000d5593378) thrown at [D:\re\puppet\workspace\8-2-build-windows-amd64-cygwin\jdk8u73\6086\hotspot\src\share\vm\

Events (10 events):
Event: 1.152 Thread 0x0000000002440800 Uncommon trap: trap_request=0xffffff65 fr.pc=0x0000000002812e9c
Event: 1.152 Thread 0x0000000002440800 DEOPT PACKING pc=0x0000000002812e9c sp=0x00000000008ae030
Event: 1.152 Thread 0x0000000002440800 DEOPT UNPACKING pc=0x000000000258582a sp=0x00000000008adfd0 mode 2
Event: 1.172 Thread 0x0000000018af4800 DEOPT PACKING pc=0x000000000287d135 sp=0x000000001990e9f0
Event: 1.172 Thread 0x0000000018af4800 DEOPT UNPACKING pc=0x000000000258787f sp=0x000000001990e758 mode 0
Event: 1.173 Thread 0x0000000018acd800 Uncommon trap: trap_request=0xffffff65 fr.pc=0x000000000298f7b8
Event: 1.173 Thread 0x0000000018acd800 DEOPT PACKING pc=0x000000000298f7b8 sp=0x0000000019b0eaf0
Event: 1.173 Thread 0x0000000018acd800 DEOPT UNPACKING pc=0x000000000258582a sp=0x0000000019b0ea98 mode 2
Event: 1.189 Thread 0x0000000018acd800 DEOPT PACKING pc=0x0000000002994682 sp=0x0000000019b0e7c0
Event: 1.189 Thread 0x0000000018acd800 DEOPT UNPACKING pc=0x000000000258787f sp=0x0000000019b0e528 mode 0


Dynamic libraries:
0x00007ff6fb7a0000 - 0x00007ff6fb7d7000 	X:\Program Files\Java\jdk1.8.0_73\bin\java.exe
0x00007ffec5b10000 - 0x00007ffec5cd1000 	X:\Windows\SYSTEM32\ntdll.dll
0x00007ffec35e0000 - 0x00007ffec368d000 	X:\Windows\system32\KERNEL32.DLL
0x00007ffec2930000 - 0x00007ffec2b18000 	X:\Windows\system32\KERNELBASE.dll
0x00007ffec34c0000 - 0x00007ffec3567000 	X:\Windows\system32\ADVAPI32.dll
0x00007ffec50c0000 - 0x00007ffec515d000 	X:\Windows\system32\msvcrt.dll
0x00007ffec59a0000 - 0x00007ffec59fb000 	X:\Windows\system32\sechost.dll
0x00007ffec2f10000 - 0x00007ffec302c000 	X:\Windows\system32\RPCRT4.dll
0x00007ffec32f0000 - 0x00007ffec3446000 	X:\Windows\system32\USER32.dll
0x00007ffec3030000 - 0x00007ffec31b6000 	X:\Windows\system32\GDI32.dll
0x00007ffeb89d0000 - 0x00007ffeb8c44000 	X:\Windows\WinSxS\amd64_microsoft.windows.common-controls_6595b64144ccf1df_6.0.10586.0_none_8c15ae12515e1c22\COMCTL32.dll
0x00007ffec4e20000 - 0x00007ffec509d000 	X:\Windows\system32\combase.dll
0x00007ffec2ea0000 - 0x00007ffec2f0a000 	X:\Windows\system32\bcryptPrimitives.dll
0x00007ffec56f0000 - 0x00007ffec572b000 	X:\Windows\system32\IMM32.DLL
0x0000000052330000 - 0x0000000052402000 	X:\Program Files\Java\jdk1.8.0_73\jre\bin\msvcr100.dll
0x0000000052890000 - 0x0000000053120000 	X:\Program Files\Java\jdk1.8.0_73\jre\bin\server\jvm.dll
0x00007ffec4c50000 - 0x00007ffec4c58000 	X:\Windows\system32\PSAPI.DLL
0x00007ffebded0000 - 0x00007ffebded9000 	X:\Windows\SYSTEM32\WSOCK32.dll
0x00007ffec3570000 - 0x00007ffec35db000 	X:\Windows\system32\WS2_32.dll
0x00007ffec0720000 - 0x00007ffec0743000 	X:\Windows\SYSTEM32\WINMM.dll
0x00007ffebe7e0000 - 0x00007ffebe7ea000 	X:\Windows\SYSTEM32\VERSION.dll
0x00007ffec0660000 - 0x00007ffec068c000 	X:\Windows\SYSTEM32\WINMMBASE.dll
0x00007ffec2bd0000 - 0x00007ffec2c13000 	X:\Windows\system32\cfgmgr32.dll
0x00000000527a0000 - 0x00000000527af000 	X:\Program Files\Java\jdk1.8.0_73\jre\bin\verify.dll
0x0000000052770000 - 0x0000000052799000 	X:\Program Files\Java\jdk1.8.0_73\jre\bin\java.dll
0x0000000052750000 - 0x0000000052766000 	X:\Program Files\Java\jdk1.8.0_73\jre\bin\zip.dll
0x00007ffec36f0000 - 0x00007ffec4c4c000 	X:\Windows\system32\SHELL32.dll
0x00007ffec2220000 - 0x00007ffec2865000 	X:\Windows\system32\windows.storage.dll
0x00007ffec3690000 - 0x00007ffec36e2000 	X:\Windows\system32\shlwapi.dll
0x00007ffec2130000 - 0x00007ffec213f000 	X:\Windows\system32\kernel.appcore.dll
0x00007ffec2870000 - 0x00007ffec2925000 	X:\Windows\system32\shcore.dll
0x00007ffec2140000 - 0x00007ffec218b000 	X:\Windows\system32\powrprof.dll
0x00007ffec2190000 - 0x00007ffec21a4000 	X:\Windows\system32\profapi.dll

VM Arguments:
jvm_args: -Djava.awt.headless=true -Xmx2g -Dfile.encoding=GBK -Duser.country=CN -Duser.language=zh -Duser.variant 
java_command: com.android.dx.command.Main --dex --num-threads=4 --multi-dex --output E:\Android\CalorieCounter\app\build\intermediates\transforms\dex\debug\folders\1000\10\com.android.support-support-v4-23.2.1_b3f86bb7eb2bf098389785e98df432783523f3ad E:\Android\CalorieCounter\app\build\intermediates\exploded-aar\com.android.support\support-v4\23.2.1\jars\classes.jar
java_class_path (initial): E:\QMDownload\SDK\build-tools\23.0.3\lib\dx.jar
Launcher Type: SUN_STANDARD

Environment Variables:
PATH=X:\ProgramData\Oracle\Java\javapath;X:\Windows\system32;X:\Windows;X:\Windows\System32\Wbem;X:\Windows\System32\WindowsPowerShell\v1.0\;X:\Program Files (x86)\ATI Technologies\ATI.ACE\Core-Static;D:\Program Files\MATLAB\R2013a\runtime\win64;D:\Program Files\MATLAB\R2013a\bin;X:\Program Files\Java\jdk1.8.0_73\bin;D:\Python27;X:\Program Files (x86)\MySQL\MySQL Fabric 1.5 & MySQL Utilities 1.5\;X:\Program Files (x86)\MySQL\MySQL Fabric 1.5 & MySQL Utilities 1.5\Doctrine extensions for PHP\;E:\QMDownload\SDK\platform-tools
USERNAME=Õı…≠
OS=Windows_NT
PROCESSOR_IDENTIFIER=Intel64 Family 6 Model 60 Stepping 3, GenuineIntel



---------------  S Y S T E M  ---------------

OS: Windows 10.0 , 64 bit Build 10586 (10.0.10586.0)

CPU:total 4 (4 cores per cpu, 1 threads per core) family 6 model 60 stepping 3, cmov, cx8, fxsr, mmx, sse, sse2, sse3, ssse3, sse4.1, sse4.2, popcnt, avx, avx2, aes, clmul, erms, lzcnt, tsc, tscinvbit, bmi1, bmi2

Memory: 4k page, physical 8315044k(1729192k free), swap 8315044k(5956k free)

vm_info: Java HotSpot(TM) 64-Bit Server VM (25.73-b02) for windows-amd64 JRE (1.8.0_73-b02), built on Jan 29 2016 17:38:49 by "java_re" with MS VC++ 10.0 (VS2010)

time: Tue Apr 26 16:40:31 2016
elapsed time: 1 seconds (0d 0h 0m 1s)

