#
# There is insufficient memory for the Java Runtime Environment to continue.
# Native memory allocation (malloc) failed to allocate 1578816 bytes for Chunk::new
# Possible reasons:
#   The system is out of physical RAM or swap space
#   In 32 bit mode, the process size limit was hit
# Possible solutions:
#   Reduce memory load on the system
#   Increase physical memory or swap space
#   Check if swap backing store is full
#   Use 64 bit Java on a 64 bit OS
#   Decrease Java heap size (-Xmx/-Xms)
#   Decrease number of Java threads
#   Decrease Java thread stack sizes (-Xss)
#   Set larger code cache with -XX:ReservedCodeCacheSize=
# This output file may be truncated or incomplete.
#
#  Out of Memory Error (allocation.cpp:390), pid=15828, tid=16596
#
# JRE version: Java(TM) SE Runtime Environment (8.0_73-b02) (build 1.8.0_73-b02)
# Java VM: Java HotSpot(TM) 64-Bit Server VM (25.73-b02 mixed mode windows-amd64 compressed oops)
# Failed to write core dump. Minidumps are not enabled by default on client versions of Windows
#

---------------  T H R E A D  ---------------

Current thread (0x0000000017269000):  JavaThread "C2 CompilerThread0" daemon [_thread_in_native, id=16596, stack(0x0000000018780000,0x0000000018880000)]

Stack: [0x0000000018780000,0x0000000018880000]
[error occurred during error reporting (printing stack bounds), id 0xc0000005]

Native frames: (J=compiled Java code, j=interpreted, Vv=VM code, C=native code)


Current CompileTask:
C2:   2199 1370   !   4       com.android.dx.cf.cst.ConstantPoolParser::parse0 (731 bytes)


---------------  P R O C E S S  ---------------

Java Threads: ( => current thread )
  0x0000000018ae1800 JavaThread "pool-2-thread-4" [_thread_in_vm, id=16748, stack(0x0000000019c80000,0x0000000019d80000)]
  0x0000000018b0c800 JavaThread "pool-2-thread-3" [_thread_in_Java, id=16708, stack(0x0000000019b80000,0x0000000019c80000)]
  0x0000000018b0c000 JavaThread "pool-2-thread-2" [_thread_blocked, id=16716, stack(0x0000000019a80000,0x0000000019b80000)]
  0x0000000018b0b000 JavaThread "pool-3-thread-1" [_thread_blocked, id=16720, stack(0x0000000019980000,0x0000000019a80000)]
  0x0000000018b06800 JavaThread "pool-2-thread-1" [_thread_in_Java, id=16568, stack(0x0000000019880000,0x0000000019980000)]
  0x00000000188e0000 JavaThread "Service Thread" daemon [_thread_blocked, id=16752, stack(0x0000000018e80000,0x0000000018f80000)]
  0x00000000188da000 JavaThread "C1 CompilerThread2" daemon [_thread_in_vm, id=16564, stack(0x0000000018d80000,0x0000000018e80000)]
  0x00000000188d7000 JavaThread "C2 CompilerThread1" daemon [_thread_in_native, id=16572, stack(0x0000000018c80000,0x0000000018d80000)]
=>0x0000000017269000 JavaThread "C2 CompilerThread0" daemon [_thread_in_native, id=16596, stack(0x0000000018780000,0x0000000018880000)]
  0x000000001721c800 JavaThread "Attach Listener" daemon [_thread_blocked, id=16560, stack(0x0000000018680000,0x0000000018780000)]
  0x0000000017206800 JavaThread "Signal Dispatcher" daemon [_thread_blocked, id=16416, stack(0x0000000018580000,0x0000000018680000)]
  0x00000000025e0800 JavaThread "Finalizer" daemon [_thread_blocked, id=16268, stack(0x0000000018480000,0x0000000018580000)]
  0x00000000025dd000 JavaThread "Reference Handler" daemon [_thread_blocked, id=16264, stack(0x0000000018380000,0x0000000018480000)]
  0x00000000024f0800 JavaThread "main" [_thread_blocked, id=16108, stack(0x00000000023f0000,0x00000000024f0000)]

Other Threads:
  0x00000000171d7800 VMThread [stack: 0x0000000018280000,0x0000000018380000] [id=16296]
  0x0000000018942000 WatcherThread [stack: 0x0000000018f80000,0x0000000019080000] [id=16756]

VM state:not at safepoint (normal execution)

VM Mutex/Monitor currently owned by a thread: None

Heap:
 PSYoungGen      total 38400K, used 27479K [0x00000000d5580000, 0x00000000d8000000, 0x0000000100000000)
  eden space 33280K, 67% used [0x00000000d5580000,0x00000000d6b56140,0x00000000d7600000)
  from space 5120K, 99% used [0x00000000d7600000,0x00000000d7affc50,0x00000000d7b00000)
  to   space 5120K, 0% used [0x00000000d7b00000,0x00000000d7b00000,0x00000000d8000000)
 ParOldGen       total 87552K, used 1132K [0x0000000080000000, 0x0000000085580000, 0x00000000d5580000)
  object space 87552K, 1% used [0x0000000080000000,0x000000008011b2e8,0x0000000085580000)
 Metaspace       used 6221K, capacity 7092K, committed 7296K, reserved 1056768K
  class space    used 606K, capacity 620K, committed 640K, reserved 1048576K

Card table byte_map: [0x00000000119b0000,0x0000000011dc0000] byte_map_base: 0x00000000115b0000

Marking Bits: (ParMarkBitMap*) 0x000000005dcb0600
 Begin Bits: [0x0000000012470000, 0x0000000014470000)
 End Bits:   [0x0000000014470000, 0x0000000016470000)

Polling page: 0x00000000001f0000

CodeCache: size=245760Kb used=6117Kb max_used=6117Kb free=239642Kb
 bounds [0x00000000025f0000, 0x0000000002bf0000, 0x00000000115f0000]
 total_blobs=1737 nmethods=1466 adapters=184
 compilation: enabled

Compilation events (10 events):
Event: 2.182 Thread 0x00000000188da000 1445       3       com.android.dx.dex.code.OutputCollector::<init> (34 bytes)
Event: 2.182 Thread 0x00000000188da000 nmethod 1445 0x0000000002bc55d0 code [0x0000000002bc5760, 0x0000000002bc5a98]
Event: 2.182 Thread 0x00000000188da000 1446       3       com.android.dx.dex.code.RopTranslator$LocalVariableAwareTranslationVisitor::<init> (17 bytes)
Event: 2.182 Thread 0x00000000188da000 nmethod 1446 0x0000000002bc5c10 code [0x0000000002bc5d80, 0x0000000002bc5fd0]
Event: 2.182 Thread 0x00000000188da000 1447       3       com.android.dx.dex.code.StdCatchBuilder::<init> (62 bytes)
Event: 2.182 Thread 0x00000000188da000 nmethod 1447 0x0000000002bc60d0 code [0x0000000002bc6280, 0x0000000002bc6748]
Event: 2.182 Thread 0x00000000188da000 1448       3       com.android.dx.dex.code.OutputCollector::getFinisher (26 bytes)
Event: 2.182 Thread 0x00000000188da000 nmethod 1448 0x0000000002bc6910 code [0x0000000002bc6aa0, 0x0000000002bc6d38]
Event: 2.182 Thread 0x00000000188da000 1449       3       com.android.dx.dex.code.DalvCode::<init> (68 bytes)
Event: 2.182 Thread 0x00000000188da000 nmethod 1449 0x0000000002bc6e50 code [0x0000000002bc6fe0, 0x0000000002bc73f8]

GC Heap History (2 events):
Event: 1.821 GC heap before
{Heap before GC invocations=1 (full 0):
 PSYoungGen      total 38400K, used 33280K [0x00000000d5580000, 0x00000000d8000000, 0x0000000100000000)
  eden space 33280K, 100% used [0x00000000d5580000,0x00000000d7600000,0x00000000d7600000)
  from space 5120K, 0% used [0x00000000d7b00000,0x00000000d7b00000,0x00000000d8000000)
  to   space 5120K, 0% used [0x00000000d7600000,0x00000000d7600000,0x00000000d7b00000)
 ParOldGen       total 87552K, used 0K [0x0000000080000000, 0x0000000085580000, 0x00000000d5580000)
  object space 87552K, 0% used [0x0000000080000000,0x0000000080000000,0x0000000085580000)
 Metaspace       used 6053K, capacity 6900K, committed 7040K, reserved 1056768K
  class space    used 606K, capacity 620K, committed 640K, reserved 1048576K
Event: 1.915 GC heap after
Heap after GC invocations=1 (full 0):
 PSYoungGen      total 38400K, used 5119K [0x00000000d5580000, 0x00000000d8000000, 0x0000000100000000)
  eden space 33280K, 0% used [0x00000000d5580000,0x00000000d5580000,0x00000000d7600000)
  from space 5120K, 99% used [0x00000000d7600000,0x00000000d7affc50,0x00000000d7b00000)
  to   space 5120K, 0% used [0x00000000d7b00000,0x00000000d7b00000,0x00000000d8000000)
 ParOldGen       total 87552K, used 1132K [0x0000000080000000, 0x0000000085580000, 0x00000000d5580000)
  object space 87552K, 1% used [0x0000000080000000,0x000000008011b2e8,0x0000000085580000)
 Metaspace       used 6053K, capacity 6900K, committed 7040K, reserved 1056768K
  class space    used 606K, capacity 620K, committed 640K, reserved 1048576K
}

Deoptimization events (9 events):
Event: 0.370 Thread 0x00000000024f0800 Uncommon trap: reason=unstable_if action=reinterpret pc=0x0000000002750054 method=java.lang.String.compareTo(Ljava/lang/String;)I @ 38
Event: 0.811 Thread 0x0000000018b06800 Uncommon trap: reason=unstable_if action=reinterpret pc=0x0000000002848cb0 method=java.util.BitSet.nextSetBit(I)I @ 87
Event: 1.602 Thread 0x0000000018b0c800 Uncommon trap: reason=null_check action=make_not_entrant pc=0x000000000295673c method=com.android.dx.ssa.SsaRenamer.getLocalForNewReg(I)Lcom/android/dx/rop/code/LocalItem; @ 19
Event: 1.609 Thread 0x0000000018b0c800 Uncommon trap: reason=unstable_if action=reinterpret pc=0x00000000029daeec method=com.android.dx.rop.code.RegisterSpecSet.put(Lcom/android/dx/rop/code/RegisterSpec;)V @ 77
Event: 1.799 Thread 0x0000000018b06800 Uncommon trap: reason=unstable_if action=reinterpret pc=0x00000000029d8104 method=com.android.dx.rop.code.RegisterSpec.equals(ILcom/android/dx/rop/type/TypeBearer;Lcom/android/dx/rop/code/LocalItem;)Z @ 42
Event: 2.094 Thread 0x0000000018b06800 Uncommon trap: reason=bimorphic action=maybe_recompile pc=0x0000000002ae5848 method=com.android.dx.cf.code.BytecodeArray.parseInstruction(ILcom/android/dx/cf/code/BytecodeArray$Visitor;)I @ 2484
Event: 2.094 Thread 0x0000000018b06800 Uncommon trap: reason=bimorphic action=maybe_recompile pc=0x0000000002ae5848 method=com.android.dx.cf.code.BytecodeArray.parseInstruction(ILcom/android/dx/cf/code/BytecodeArray$Visitor;)I @ 2484
Event: 2.112 Thread 0x0000000018b0c800 Uncommon trap: reason=unstable_if action=reinterpret pc=0x0000000002b16380 method=com.android.dx.ssa.SCCP.simulateBranch(Lcom/android/dx/ssa/SsaInsn;)V @ 107
Event: 2.155 Thread 0x0000000018ae1800 Uncommon trap: reason=unstable_if action=reinterpret pc=0x000000000294eb9c method=com.android.dx.rop.cst.Constant.compareTo(Lcom/android/dx/rop/cst/Constant;)I @ 12

Internal exceptions (3 events):
Event: 0.028 Thread 0x00000000024f0800 Exception <a 'java/lang/NoSuchMethodError': Method sun.misc.Unsafe.defineClass(Ljava/lang/String;[BII)Ljava/lang/Class; name or signature does not match> (0x00000000d5593090) thrown at [D:\re\puppet\workspace\8-2-build-windows-amd64-cygwin\jdk8u73\6086\hot˙}iOpåú?
Event: 0.028 Thread 0x00000000024f0800 Exception <a 'java/lang/NoSuchMethodError': Method sun.misc.Unsafe.prefetchRead(Ljava/lang/Object;J)V name or signature does not match> (0x00000000d5593378) thrown at [D:\re\puppet\workspace\8-2-build-windows-amd64-cygwin\jdk8u73\6086\hotspot\src\share\vm\Wç˜¢˘?
Event: 1.602 Thread 0x0000000018b0c800 Implicit null exception at 0x0000000002954582 to 0x00000000029566f9

Events (10 events):
Event: 2.094 Thread 0x0000000018b06800 DEOPT UNPACKING pc=0x000000000263582a sp=0x000000001997e5d8 mode 2
Event: 2.094 Thread 0x0000000018b06800 Uncommon trap: trap_request=0xffffffc6 fr.pc=0x0000000002ae5848
Event: 2.094 Thread 0x0000000018b06800 DEOPT PACKING pc=0x0000000002ae5848 sp=0x000000001997e410
Event: 2.094 Thread 0x0000000018b06800 DEOPT UNPACKING pc=0x000000000263582a sp=0x000000001997e398 mode 2
Event: 2.112 Thread 0x0000000018b0c800 Uncommon trap: trap_request=0xffffff65 fr.pc=0x0000000002b16380
Event: 2.112 Thread 0x0000000018b0c800 DEOPT PACKING pc=0x0000000002b16380 sp=0x0000000019c7eac0
Event: 2.112 Thread 0x0000000018b0c800 DEOPT UNPACKING pc=0x000000000263582a sp=0x0000000019c7ea98 mode 2
Event: 2.155 Thread 0x0000000018ae1800 Uncommon trap: trap_request=0xffffff65 fr.pc=0x000000000294eb9c
Event: 2.155 Thread 0x0000000018ae1800 DEOPT PACKING pc=0x000000000294eb9c sp=0x0000000019d7e590
Event: 2.155 Thread 0x0000000018ae1800 DEOPT UNPACKING pc=0x000000000263582a sp=0x0000000019d7e530 mode 2


Dynamic libraries:
0x00007ff64d3f0000 - 0x00007ff64d427000 	X:\Program Files\Java\jdk1.8.0_73\bin\java.exe
0x00007ffae65e0000 - 0x00007ffae67a1000 	X:\Windows\SYSTEM32\ntdll.dll
0x00007ffae39e0000 - 0x00007ffae3a8d000 	X:\Windows\system32\KERNEL32.DLL
0x00007ffae3420000 - 0x00007ffae3608000 	X:\Windows\system32\KERNELBASE.dll
0x00007ffae5290000 - 0x00007ffae5337000 	X:\Windows\system32\ADVAPI32.dll
0x00007ffae6300000 - 0x00007ffae639d000 	X:\Windows\system32\msvcrt.dll
0x00007ffae61d0000 - 0x00007ffae622b000 	X:\Windows\system32\sechost.dll
0x00007ffae5830000 - 0x00007ffae594c000 	X:\Windows\system32\RPCRT4.dll
0x00007ffae5950000 - 0x00007ffae5aa6000 	X:\Windows\system32\USER32.dll
0x00007ffae56a0000 - 0x00007ffae5826000 	X:\Windows\system32\GDI32.dll
0x00007ffada4a0000 - 0x00007ffada714000 	X:\Windows\WinSxS\amd64_microsoft.windows.common-controls_6595b64144ccf1df_6.0.10586.0_none_8c15ae12515e1c22\COMCTL32.dll
0x00007ffae5ab0000 - 0x00007ffae5d2d000 	X:\Windows\system32\combase.dll
0x00007ffae3330000 - 0x00007ffae339a000 	X:\Windows\system32\bcryptPrimitives.dll
0x00007ffae4ff0000 - 0x00007ffae502b000 	X:\Windows\system32\IMM32.DLL
0x000000005d3c0000 - 0x000000005d492000 	X:\Program Files\Java\jdk1.8.0_73\jre\bin\msvcr100.dll
0x000000005d4a0000 - 0x000000005dd30000 	X:\Program Files\Java\jdk1.8.0_73\jre\bin\server\jvm.dll
0x00007ffae65d0000 - 0x00007ffae65d8000 	X:\Windows\system32\PSAPI.DLL
0x00007ffad6220000 - 0x00007ffad6229000 	X:\Windows\SYSTEM32\WSOCK32.dll
0x00007ffae6160000 - 0x00007ffae61cb000 	X:\Windows\system32\WS2_32.dll
0x00007ffae0ef0000 - 0x00007ffae0f13000 	X:\Windows\SYSTEM32\WINMM.dll
0x00007ffadf760000 - 0x00007ffadf76a000 	X:\Windows\SYSTEM32\VERSION.dll
0x0000000002210000 - 0x000000000223c000 	X:\Windows\SYSTEM32\WINMMBASE.dll
0x00007ffae2c90000 - 0x00007ffae2cd3000 	X:\Windows\system32\cfgmgr32.dll
0x000000005d370000 - 0x000000005d37f000 	X:\Program Files\Java\jdk1.8.0_73\jre\bin\verify.dll
0x000000005d340000 - 0x000000005d369000 	X:\Program Files\Java\jdk1.8.0_73\jre\bin\java.dll
0x000000005d320000 - 0x000000005d336000 	X:\Program Files\Java\jdk1.8.0_73\jre\bin\zip.dll
0x00007ffae3a90000 - 0x00007ffae4fec000 	X:\Windows\system32\SHELL32.dll
0x00007ffae2ce0000 - 0x00007ffae3325000 	X:\Windows\system32\windows.storage.dll
0x00007ffae6460000 - 0x00007ffae64b2000 	X:\Windows\system32\shlwapi.dll
0x00007ffae2c80000 - 0x00007ffae2c8f000 	X:\Windows\system32\kernel.appcore.dll
0x00007ffae3750000 - 0x00007ffae3805000 	X:\Windows\system32\shcore.dll
0x00007ffae2c00000 - 0x00007ffae2c4b000 	X:\Windows\system32\powrprof.dll
0x00007ffae2c60000 - 0x00007ffae2c74000 	X:\Windows\system32\profapi.dll

VM Arguments:
jvm_args: -Djava.awt.headless=true -Xmx2g -Dfile.encoding=GBK -Duser.country=CN -Duser.language=zh -Duser.variant 
java_command: com.android.dx.command.Main --dex --num-threads=4 --multi-dex --output E:\Android\CalorieCounter\app\build\intermediates\transforms\dex\debug\folders\1000\10\com.android.support-appcompat-v7-23.2.1_14a456de78e3d3b230e6c027cdbf92653362251b E:\Android\CalorieCounter\app\build\intermediates\exploded-aar\com.android.support\appcompat-v7\23.2.1\jars\classes.jar
java_class_path (initial): E:\QMDownload\SDK\build-tools\23.0.3\lib\dx.jar
Launcher Type: SUN_STANDARD

Environment Variables:
PATH=X:\ProgramData\Oracle\Java\javapath;X:\Windows\system32;X:\Windows;X:\Windows\System32\Wbem;X:\Windows\System32\WindowsPowerShell\v1.0\;X:\Program Files (x86)\ATI Technologies\ATI.ACE\Core-Static;D:\Program Files\MATLAB\R2013a\runtime\win64;D:\Program Files\MATLAB\R2013a\bin;X:\Program Files\Java\jdk1.8.0_73\bin;D:\Python27;X:\Program Files (x86)\MySQL\MySQL Fabric 1.5 & MySQL Utilities 1.5\;X:\Program Files (x86)\MySQL\MySQL Fabric 1.5 & MySQL Utilities 1.5\Doctrine extensions for PHP\;E:\QMDownload\SDK\platform-tools
USERNAME=Õı…≠
OS=Windows_NT
PROCESSOR_IDENTIFIER=Intel64 Family 6 Model 60 Stepping 3, GenuineIntel



---------------  S Y S T E M  ---------------

OS: Windows 10.0 , 64 bit Build 10586 (10.0.10586.0)

CPU:total 4 (4 cores per cpu, 1 threads per core) family 6 model 60 stepping 3, cmov, cx8, fxsr, mmx, sse, sse2, sse3, ssse3, sse4.1, sse4.2, popcnt, avx, avx2, aes, clmul, erms, lzcnt, tsc, tscinvbit, bmi1, bmi2

Memory: 4k page, physical 8315044k(1812196k free), swap 8315044k(5324k free)

vm_info: Java HotSpot(TM) 64-Bit Server VM (25.73-b02) for windows-amd64 JRE (1.8.0_73-b02), built on Jan 29 2016 17:38:49 by "java_re" with MS VC++ 10.0 (VS2010)

time: Fri Apr 22 00:09:00 2016
elapsed time: 2 seconds (0d 0h 0m 2s)

