#
# There is insufficient memory for the Java Runtime Environment to continue.
# Native memory allocation (malloc) failed to allocate 329136 bytes for Chunk::new
# Possible reasons:
#   The system is out of physical RAM or swap space
#   In 32 bit mode, the process size limit was hit
# Possible solutions:
#   Reduce memory load on the system
#   Increase physical memory or swap space
#   Check if swap backing store is full
#   Use 64 bit Java on a 64 bit OS
#   Decrease Java heap size (-Xmx/-Xms)
#   Decrease number of Java threads
#   Decrease Java thread stack sizes (-Xss)
#   Set larger code cache with -XX:ReservedCodeCacheSize=
# This output file may be truncated or incomplete.
#
#  Out of Memory Error (allocation.cpp:390), pid=3772, tid=6976
#
# JRE version: Java(TM) SE Runtime Environment (8.0_73-b02) (build 1.8.0_73-b02)
# Java VM: Java HotSpot(TM) 64-Bit Server VM (25.73-b02 mixed mode windows-amd64 compressed oops)
# Failed to write core dump. Minidumps are not enabled by default on client versions of Windows
#

---------------  T H R E A D  ---------------

Current thread (0x0000000018a17000):  JavaThread "C2 CompilerThread1" daemon [_thread_in_native, id=6976, stack(0x0000000018dc0000,0x0000000018ec0000)]

Stack: [0x0000000018dc0000,0x0000000018ec0000]
[error occurred during error reporting (printing stack bounds), id 0xc0000005]

Native frames: (J=compiled Java code, j=interpreted, Vv=VM code, C=native code)


Current CompileTask:
C2:   2341 1471       4       com.android.dx.ssa.LocalVariableExtractor::processBlock (383 bytes)


---------------  P R O C E S S  ---------------

Java Threads: ( => current thread )
  0x0000000018b34000 JavaThread "pool-2-thread-4" [_thread_blocked, id=3988, stack(0x00000000195c0000,0x00000000196c0000)]
  0x0000000018bf6800 JavaThread "pool-2-thread-3" [_thread_blocked, id=10620, stack(0x00000000194c0000,0x00000000195c0000)]
  0x0000000018b1a800 JavaThread "pool-2-thread-2" [_thread_blocked, id=4824, stack(0x00000000193c0000,0x00000000194c0000)]
  0x0000000018b11800 JavaThread "pool-3-thread-1" [_thread_blocked, id=5840, stack(0x00000000192c0000,0x00000000193c0000)]
  0x0000000018b0c800 JavaThread "pool-2-thread-1" [_thread_blocked, id=7632, stack(0x00000000191c0000,0x00000000192c0000)]
  0x0000000018a20000 JavaThread "Service Thread" daemon [_thread_blocked, id=3860, stack(0x0000000018fc0000,0x00000000190c0000)]
  0x0000000018a19800 JavaThread "C1 CompilerThread2" daemon [_thread_blocked, id=9500, stack(0x0000000018ec0000,0x0000000018fc0000)]
=>0x0000000018a17000 JavaThread "C2 CompilerThread1" daemon [_thread_in_native, id=6976, stack(0x0000000018dc0000,0x0000000018ec0000)]
  0x000000001735d000 JavaThread "C2 CompilerThread0" daemon [_thread_blocked, id=4220, stack(0x00000000188c0000,0x00000000189c0000)]
  0x000000001735b000 JavaThread "Attach Listener" daemon [_thread_blocked, id=6280, stack(0x00000000187c0000,0x00000000188c0000)]
  0x00000000173a9800 JavaThread "Signal Dispatcher" daemon [_thread_blocked, id=10712, stack(0x00000000186c0000,0x00000000187c0000)]
  0x0000000002726000 JavaThread "Finalizer" daemon [_thread_blocked, id=11180, stack(0x00000000185c0000,0x00000000186c0000)]
  0x000000000271d000 JavaThread "Reference Handler" daemon [_thread_blocked, id=344, stack(0x00000000184c0000,0x00000000185c0000)]
  0x0000000002630800 JavaThread "main" [_thread_in_native, id=12068, stack(0x00000000020f0000,0x00000000021f0000)]

Other Threads:
  0x0000000017318000 VMThread [stack: 0x00000000183c0000,0x00000000184c0000] [id=1976]
  0x0000000018a6b000 WatcherThread [stack: 0x00000000190c0000,0x00000000191c0000] [id=1372]

VM state:not at safepoint (normal execution)

VM Mutex/Monitor currently owned by a thread: None

Heap:
 PSYoungGen      total 38400K, used 24070K [0x00000000d5580000, 0x00000000da080000, 0x0000000100000000)
  eden space 33280K, 56% used [0x00000000d5580000,0x00000000d68020f0,0x00000000d7600000)
  from space 5120K, 99% used [0x00000000d7600000,0x00000000d7aff778,0x00000000d7b00000)
  to   space 5120K, 0% used [0x00000000d9b80000,0x00000000d9b80000,0x00000000da080000)
 ParOldGen       total 87552K, used 2418K [0x0000000080000000, 0x0000000085580000, 0x00000000d5580000)
  object space 87552K, 2% used [0x0000000080000000,0x000000008025c960,0x0000000085580000)
 Metaspace       used 5949K, capacity 7024K, committed 7296K, reserved 1056768K
  class space    used 586K, capacity 616K, committed 640K, reserved 1048576K

Card table byte_map: [0x0000000011af0000,0x0000000011f00000] byte_map_base: 0x00000000116f0000

Marking Bits: (ParMarkBitMap*) 0x00000000649e0600
 Begin Bits: [0x00000000125b0000, 0x00000000145b0000)
 End Bits:   [0x00000000145b0000, 0x00000000165b0000)

Polling page: 0x00000000001f0000

CodeCache: size=245760Kb used=6123Kb max_used=6142Kb free=239636Kb
 bounds [0x0000000002730000, 0x0000000002d40000, 0x0000000011730000]
 total_blobs=1733 nmethods=1469 adapters=177
 compilation: enabled

Compilation events (10 events):
Event: 2.313 Thread 0x0000000018a17000 nmethod 1454 0x0000000002d2fa50 code [0x0000000002d2fd60, 0x0000000002d32b00]
Event: 2.316 Thread 0x0000000018a19800 1467       1       com.android.dx.rop.code.ThrowingInsn::getCatches (5 bytes)
Event: 2.317 Thread 0x0000000018a19800 nmethod 1467 0x0000000002d02a90 code [0x0000000002d02be0, 0x0000000002d02cf0]
Event: 2.317 Thread 0x000000001735d000 1468       4       com.android.dx.ssa.SsaRenamer$BlockRenamer$RenamingMapper::map (28 bytes)
Event: 2.318 Thread 0x000000001735d000 nmethod 1468 0x0000000002d13350 code [0x0000000002d134a0, 0x0000000002d135a8]
Event: 2.318 Thread 0x0000000018a19800 1469       3       com.android.dx.cf.iface.StdMethodList::get (9 bytes)
Event: 2.319 Thread 0x0000000018a19800 nmethod 1469 0x0000000002d20590 code [0x0000000002d20700, 0x0000000002d20a08]
Event: 2.319 Thread 0x0000000018a19800 1470       3       com.android.dx.rop.code.AccessFlags::isPrivate (12 bytes)
Event: 2.319 Thread 0x0000000018a19800 nmethod 1470 0x0000000002d0f610 code [0x0000000002d0f760, 0x0000000002d0f8f0]
Event: 2.319 Thread 0x0000000018a17000 1471       4       com.android.dx.ssa.LocalVariableExtractor::processBlock (383 bytes)

GC Heap History (2 events):
Event: 1.691 GC heap before
{Heap before GC invocations=1 (full 0):
 PSYoungGen      total 38400K, used 33280K [0x00000000d5580000, 0x00000000d8000000, 0x0000000100000000)
  eden space 33280K, 100% used [0x00000000d5580000,0x00000000d7600000,0x00000000d7600000)
  from space 5120K, 0% used [0x00000000d7b00000,0x00000000d7b00000,0x00000000d8000000)
  to   space 5120K, 0% used [0x00000000d7600000,0x00000000d7600000,0x00000000d7b00000)
 ParOldGen       total 87552K, used 0K [0x0000000080000000, 0x0000000085580000, 0x00000000d5580000)
  object space 87552K, 0% used [0x0000000080000000,0x0000000080000000,0x0000000085580000)
 Metaspace       used 5858K, capacity 6960K, committed 7040K, reserved 1056768K
  class space    used 584K, capacity 616K, committed 640K, reserved 1048576K
Event: 1.778 GC heap after
Heap after GC invocations=1 (full 0):
 PSYoungGen      total 38400K, used 5117K [0x00000000d5580000, 0x00000000da080000, 0x0000000100000000)
  eden space 33280K, 0% used [0x00000000d5580000,0x00000000d5580000,0x00000000d7600000)
  from space 5120K, 99% used [0x00000000d7600000,0x00000000d7aff778,0x00000000d7b00000)
  to   space 5120K, 0% used [0x00000000d9b80000,0x00000000d9b80000,0x00000000da080000)
 ParOldGen       total 87552K, used 2418K [0x0000000080000000, 0x0000000085580000, 0x00000000d5580000)
  object space 87552K, 2% used [0x0000000080000000,0x000000008025c960,0x0000000085580000)
 Metaspace       used 5858K, capacity 6960K, committed 7040K, reserved 1056768K
  class space    used 584K, capacity 616K, committed 640K, reserved 1048576K
}

Deoptimization events (10 events):
Event: 1.043 Thread 0x0000000018b1a800 Uncommon trap: reason=class_check action=maybe_recompile pc=0x0000000002a52988 method=com.android.dx.ssa.SsaBasicBlock.forEachInsn(Lcom/android/dx/ssa/SsaInsn$Visitor;)V @ 23
Event: 1.044 Thread 0x0000000018b1a800 Uncommon trap: reason=class_check action=maybe_recompile pc=0x0000000002a52988 method=com.android.dx.ssa.SsaBasicBlock.forEachInsn(Lcom/android/dx/ssa/SsaInsn$Visitor;)V @ 23
Event: 1.067 Thread 0x0000000018bf6800 Uncommon trap: reason=unstable_if action=reinterpret pc=0x000000000290bedc method=com.android.dx.rop.cst.Constant.compareTo(Lcom/android/dx/rop/cst/Constant;)I @ 12
Event: 1.172 Thread 0x0000000018b0c800 Uncommon trap: reason=class_check action=maybe_recompile pc=0x0000000002aa4840 method=com.android.dx.ssa.NormalSsaInsn.accept(Lcom/android/dx/ssa/SsaInsn$Visitor;)V @ 9
Event: 1.889 Thread 0x0000000002630800 Uncommon trap: reason=unstable_if action=reinterpret pc=0x0000000002c1b7e8 method=com.android.dx.rop.cst.StdConstantPool.set(ILcom/android/dx/rop/cst/Constant;)V @ 12
Event: 1.897 Thread 0x0000000018bf6800 Uncommon trap: reason=unstable_if action=reinterpret pc=0x0000000002bbd8e0 method=com.android.dx.ssa.SCCP.simulateStmt(Lcom/android/dx/ssa/SsaInsn;)V @ 53
Event: 1.899 Thread 0x0000000018bf6800 Uncommon trap: reason=unstable_if action=reinterpret pc=0x0000000002c5de8c method=com.android.dx.ssa.SsaRenamer$BlockRenamer.addMapping(ILcom/android/dx/rop/code/RegisterSpec;)V @ 120
Event: 1.902 Thread 0x0000000018bf6800 Uncommon trap: reason=class_check action=maybe_recompile pc=0x0000000002c3bfa0 method=com.android.dx.cf.code.Merger.mergeType(Lcom/android/dx/rop/type/TypeBearer;Lcom/android/dx/rop/type/TypeBearer;)Lcom/android/dx/rop/type/TypeBearer; @ 28
Event: 1.903 Thread 0x0000000018bf6800 Uncommon trap: reason=class_check action=maybe_recompile pc=0x0000000002c3bfa0 method=com.android.dx.cf.code.Merger.mergeType(Lcom/android/dx/rop/type/TypeBearer;Lcom/android/dx/rop/type/TypeBearer;)Lcom/android/dx/rop/type/TypeBearer; @ 28
Event: 1.944 Thread 0x0000000018b1a800 Uncommon trap: reason=bimorphic action=maybe_recompile pc=0x0000000002c3bf78 method=com.android.dx.cf.code.Merger.mergeType(Lcom/android/dx/rop/type/TypeBearer;Lcom/android/dx/rop/type/TypeBearer;)Lcom/android/dx/rop/type/TypeBearer; @ 6

Internal exceptions (2 events):
Event: 0.034 Thread 0x0000000002630800 Exception <a 'java/lang/NoSuchMethodError': Method sun.misc.Unsafe.defineClass(Ljava/lang/String;[BII)Ljava/lang/Class; name or signature does not match> (0x00000000d5593090) thrown at [D:\re\puppet\workspace\8-2-build-windows-amd64-cygwin\jdk8u73\6086\hotø‚y6‡N¡?
Event: 0.034 Thread 0x0000000002630800 Exception <a 'java/lang/NoSuchMethodError': Method sun.misc.Unsafe.prefetchRead(Ljava/lang/Object;J)V name or signature does not match> (0x00000000d5593378) thrown at [D:\re\puppet\workspace\8-2-build-windows-amd64-cygwin\jdk8u73\6086\hotspot\src\share\vm\

Events (10 events):
Event: 1.968 loading class com/android/dx/cf/direct/AnnotationParser
Event: 1.968 loading class com/android/dx/cf/direct/AnnotationParser done
Event: 1.973 loading class com/android/dx/cf/attrib/AttRuntimeInvisibleAnnotations
Event: 1.973 loading class com/android/dx/cf/attrib/AttRuntimeInvisibleAnnotations done
Event: 1.973 loading class com/android/dx/cf/attrib/BaseAnnotations
Event: 1.973 loading class com/android/dx/cf/attrib/BaseAnnotations done
Event: 2.095 loading class com/android/dx/rop/code/RegisterSpec$1
Event: 2.095 loading class com/android/dx/rop/code/RegisterSpec$1 done
Event: 2.187 Thread 0x0000000018b0c800 DEOPT PACKING pc=0x0000000002a38413 sp=0x00000000192bed70
Event: 2.187 Thread 0x0000000018b0c800 DEOPT UNPACKING pc=0x000000000277787f sp=0x00000000192beb38 mode 0


Dynamic libraries:
0x00007ff6ce000000 - 0x00007ff6ce037000 	X:\Program Files\Java\jdk1.8.0_73\bin\java.exe
0x00007ff8b34b0000 - 0x00007ff8b3671000 	X:\Windows\SYSTEM32\ntdll.dll
0x00007ff8b2f30000 - 0x00007ff8b2fdd000 	X:\Windows\system32\KERNEL32.DLL
0x00007ff8b0330000 - 0x00007ff8b0518000 	X:\Windows\system32\KERNELBASE.dll
0x00007ff8b0920000 - 0x00007ff8b09c7000 	X:\Windows\system32\ADVAPI32.dll
0x00007ff8b3040000 - 0x00007ff8b30dd000 	X:\Windows\system32\msvcrt.dll
0x00007ff8b2fe0000 - 0x00007ff8b303b000 	X:\Windows\system32\sechost.dll
0x00007ff8b2280000 - 0x00007ff8b239c000 	X:\Windows\system32\RPCRT4.dll
0x00007ff8b25d0000 - 0x00007ff8b2726000 	X:\Windows\system32\USER32.dll
0x00007ff8b20f0000 - 0x00007ff8b2276000 	X:\Windows\system32\GDI32.dll
0x00007ff8a8b30000 - 0x00007ff8a8da4000 	X:\Windows\WinSxS\amd64_microsoft.windows.common-controls_6595b64144ccf1df_6.0.10586.0_none_8c15ae12515e1c22\COMCTL32.dll
0x00007ff8b3230000 - 0x00007ff8b34ad000 	X:\Windows\system32\combase.dll
0x00007ff8afbc0000 - 0x00007ff8afc2a000 	X:\Windows\system32\bcryptPrimitives.dll
0x00007ff8b30e0000 - 0x00007ff8b311b000 	X:\Windows\system32\IMM32.DLL
0x0000000063c70000 - 0x0000000063d42000 	X:\Program Files\Java\jdk1.8.0_73\jre\bin\msvcr100.dll
0x00000000641d0000 - 0x0000000064a60000 	X:\Program Files\Java\jdk1.8.0_73\jre\bin\server\jvm.dll
0x00007ff8b2f10000 - 0x00007ff8b2f18000 	X:\Windows\system32\PSAPI.DLL
0x00007ff8ac5f0000 - 0x00007ff8ac5f9000 	X:\Windows\SYSTEM32\WSOCK32.dll
0x00007ff8adb70000 - 0x00007ff8adb93000 	X:\Windows\SYSTEM32\WINMM.dll
0x00007ff8ac380000 - 0x00007ff8ac38a000 	X:\Windows\SYSTEM32\VERSION.dll
0x00007ff8ada60000 - 0x00007ff8ada8c000 	X:\Windows\SYSTEM32\WINMMBASE.dll
0x00007ff8b2a70000 - 0x00007ff8b2adb000 	X:\Windows\system32\WS2_32.dll
0x00007ff8b0520000 - 0x00007ff8b0563000 	X:\Windows\system32\cfgmgr32.dll
0x00000000640e0000 - 0x00000000640ef000 	X:\Program Files\Java\jdk1.8.0_73\jre\bin\verify.dll
0x00000000640b0000 - 0x00000000640d9000 	X:\Program Files\Java\jdk1.8.0_73\jre\bin\java.dll
0x0000000064090000 - 0x00000000640a6000 	X:\Program Files\Java\jdk1.8.0_73\jre\bin\zip.dll
0x00007ff8b0b90000 - 0x00007ff8b20ec000 	X:\Windows\system32\SHELL32.dll
0x00007ff8afc30000 - 0x00007ff8b0275000 	X:\Windows\system32\windows.storage.dll
0x00007ff8b2930000 - 0x00007ff8b2982000 	X:\Windows\system32\shlwapi.dll
0x00007ff8afb00000 - 0x00007ff8afb0f000 	X:\Windows\system32\kernel.appcore.dll
0x00007ff8b07f0000 - 0x00007ff8b08a5000 	X:\Windows\system32\shcore.dll
0x00007ff8afb10000 - 0x00007ff8afb5b000 	X:\Windows\system32\powrprof.dll
0x00007ff8afad0000 - 0x00007ff8afae4000 	X:\Windows\system32\profapi.dll

VM Arguments:
jvm_args: -Djava.awt.headless=true -Xmx2g -Dfile.encoding=GBK -Duser.country=CN -Duser.language=zh -Duser.variant 
java_command: com.android.dx.command.Main --dex --num-threads=4 --multi-dex --output E:\Android\CalorieCounter\app\build\intermediates\transforms\dex\debug\folders\1000\1\debug_c12e9ece3e3c2bd2b03ef862e6ab9486fb6796ba E:\Android\CalorieCounter\app\build\intermediates\classes\debug
java_class_path (initial): E:\QMDownload\SDK\build-tools\23.0.3\lib\dx.jar
Launcher Type: SUN_STANDARD

Environment Variables:
PATH=X:\ProgramData\Oracle\Java\javapath;X:\Windows\system32;X:\Windows;X:\Windows\System32\Wbem;X:\Windows\System32\WindowsPowerShell\v1.0\;X:\Program Files (x86)\ATI Technologies\ATI.ACE\Core-Static;D:\Program Files\MATLAB\R2013a\runtime\win64;D:\Program Files\MATLAB\R2013a\bin;X:\Program Files\Java\jdk1.8.0_73\bin;D:\Python27;X:\Program Files (x86)\MySQL\MySQL Fabric 1.5 & MySQL Utilities 1.5\;X:\Program Files (x86)\MySQL\MySQL Fabric 1.5 & MySQL Utilities 1.5\Doctrine extensions for PHP\;E:\QMDownload\SDK\platform-tools
USERNAME=ÍõÉ­
OS=Windows_NT
PROCESSOR_IDENTIFIER=Intel64 Family 6 Model 60 Stepping 3, GenuineIntel



---------------  S Y S T E M  ---------------

OS: Windows 10.0 , 64 bit Build 10586 (10.0.10586.0)

CPU:total 4 (4 cores per cpu, 1 threads per core) family 6 model 60 stepping 3, cmov, cx8, fxsr, mmx, sse, sse2, sse3, ssse3, sse4.1, sse4.2, popcnt, avx, avx2, aes, clmul, erms, lzcnt, tsc, tscinvbit, bmi1, bmi2

Memory: 4k page, physical 8315044k(2154288k free), swap 8315044k(6004k free)

vm_info: Java HotSpot(TM) 64-Bit Server VM (25.73-b02) for windows-amd64 JRE (1.8.0_73-b02), built on Jan 29 2016 17:38:49 by "java_re" with MS VC++ 10.0 (VS2010)

time: Sat Apr 23 10:57:58 2016
elapsed time: 2 seconds (0d 0h 0m 2s)

