#
# There is insufficient memory for the Java Runtime Environment to continue.
# Native memory allocation (malloc) failed to allocate 32744 bytes for ChunkPool::allocate
# Possible reasons:
#   The system is out of physical RAM or swap space
#   In 32 bit mode, the process size limit was hit
# Possible solutions:
#   Reduce memory load on the system
#   Increase physical memory or swap space
#   Check if swap backing store is full
#   Use 64 bit Java on a 64 bit OS
#   Decrease Java heap size (-Xmx/-Xms)
#   Decrease number of Java threads
#   Decrease Java thread stack sizes (-Xss)
#   Set larger code cache with -XX:ReservedCodeCacheSize=
# This output file may be truncated or incomplete.
#
#  Out of Memory Error (allocation.cpp:273), pid=15140, tid=16728
#
# JRE version: Java(TM) SE Runtime Environment (8.0_73-b02) (build 1.8.0_73-b02)
# Java VM: Java HotSpot(TM) 64-Bit Server VM (25.73-b02 mixed mode windows-amd64 compressed oops)
# Failed to write core dump. Minidumps are not enabled by default on client versions of Windows
#

---------------  T H R E A D  ---------------

Current thread (0x000000001885b000):  JavaThread "C1 CompilerThread2" daemon [_thread_in_native, id=16728, stack(0x0000000018d00000,0x0000000018e00000)]

Stack: [0x0000000018d00000,0x0000000018e00000]
[error occurred during error reporting (printing stack bounds), id 0xc0000005]

Native frames: (J=compiled Java code, j=interpreted, Vv=VM code, C=native code)


Current CompileTask:
C1:   2363  424   !   3       com.android.dx.cf.code.BytecodeArray::parseInstruction (2764 bytes)


---------------  P R O C E S S  ---------------

Java Threads: ( => current thread )
  0x0000000018ac6800 JavaThread "pool-2-thread-4" [_thread_in_Java, id=16764, stack(0x0000000019400000,0x0000000019500000)]
  0x0000000018ac5800 JavaThread "pool-2-thread-3" [_thread_in_Java, id=16992, stack(0x0000000019300000,0x0000000019400000)]
  0x0000000018ac3800 JavaThread "pool-3-thread-1" [_thread_blocked, id=17004, stack(0x0000000019100000,0x0000000019200000)]
  0x0000000018ac1000 JavaThread "pool-2-thread-1" [_thread_in_Java, id=17000, stack(0x0000000019000000,0x0000000019100000)]
  0x0000000018865800 JavaThread "Service Thread" daemon [_thread_blocked, id=16760, stack(0x0000000018e00000,0x0000000018f00000)]
=>0x000000001885b000 JavaThread "C1 CompilerThread2" daemon [_thread_in_native, id=16728, stack(0x0000000018d00000,0x0000000018e00000)]
  0x0000000018850000 JavaThread "C2 CompilerThread1" daemon [_thread_blocked, id=16448, stack(0x0000000018c00000,0x0000000018d00000)]
  0x0000000017209800 JavaThread "C2 CompilerThread0" daemon [_thread_blocked, id=16580, stack(0x0000000018700000,0x0000000018800000)]
  0x0000000017208000 JavaThread "Attach Listener" daemon [_thread_blocked, id=16592, stack(0x0000000018600000,0x0000000018700000)]
  0x00000000171bd000 JavaThread "Signal Dispatcher" daemon [_thread_blocked, id=16468, stack(0x0000000018500000,0x0000000018600000)]
  0x0000000002580000 JavaThread "Finalizer" daemon [_thread_blocked, id=16088, stack(0x0000000018400000,0x0000000018500000)]
  0x000000000257d000 JavaThread "Reference Handler" daemon [_thread_blocked, id=16076, stack(0x0000000018300000,0x0000000018400000)]
  0x0000000002490800 JavaThread "main" [_thread_blocked, id=15392, stack(0x0000000002390000,0x0000000002490000)]

Other Threads:
  0x0000000017177800 VMThread [stack: 0x0000000018200000,0x0000000018300000] [id=16024]
  0x00000000188b4800 WatcherThread [stack: 0x0000000018f00000,0x0000000019000000] [id=16724]

VM state:not at safepoint (normal execution)

VM Mutex/Monitor currently owned by a thread:  ([mutex/lock_event])
[0x0000000001fdebc0] MethodData_lock - owner thread: 0x0000000000000000

Heap:
 PSYoungGen      total 38400K, used 12269K [0x00000000d5580000, 0x00000000d8000000, 0x0000000100000000)
  eden space 33280K, 36% used [0x00000000d5580000,0x00000000d617b770,0x00000000d7600000)
  from space 5120K, 0% used [0x00000000d7b00000,0x00000000d7b00000,0x00000000d8000000)
  to   space 5120K, 0% used [0x00000000d7600000,0x00000000d7600000,0x00000000d7b00000)
 ParOldGen       total 87552K, used 0K [0x0000000080000000, 0x0000000085580000, 0x00000000d5580000)
  object space 87552K, 0% used [0x0000000080000000,0x0000000080000000,0x0000000085580000)
 Metaspace       used 5482K, capacity 6450K, committed 6528K, reserved 1056768K
  class space    used 600K, capacity 618K, committed 640K, reserved 1048576K

Card table byte_map: [0x0000000011950000,0x0000000011d60000] byte_map_base: 0x0000000011550000

Marking Bits: (ParMarkBitMap*) 0x000000005dcb0600
 Begin Bits: [0x0000000012410000, 0x0000000014410000)
 End Bits:   [0x0000000014410000, 0x0000000016410000)

Polling page: 0x00000000001f0000

CodeCache: size=245760Kb used=1906Kb max_used=1917Kb free=243853Kb
 bounds [0x0000000002590000, 0x0000000002800000, 0x0000000011590000]
 total_blobs=695 nmethods=424 adapters=184
 compilation: enabled

Compilation events (10 events):
Event: 2.355 Thread 0x000000001885b000  420       3       com.android.dx.dex.code.OutputCollector::add (9 bytes)
Event: 2.356 Thread 0x000000001885b000 nmethod 420 0x000000000276c210 code [0x000000000276c3c0, 0x000000000276c9d8]
Event: 2.356 Thread 0x000000001885b000  422       3       com.android.dx.util.Bits::get (25 bytes)
Event: 2.356 Thread 0x000000001885b000 nmethod 422 0x000000000276cd50 code [0x000000000276cec0, 0x000000000276d090]
Event: 2.356 Thread 0x000000001885b000  423       1       com.android.dx.cf.attrib.BaseAttribute::getName (5 bytes)
Event: 2.357 Thread 0x000000001885b000 nmethod 423 0x0000000002760dd0 code [0x0000000002760f20, 0x0000000002761030]
Event: 2.357 Thread 0x000000001885b000  424   !   3       com.android.dx.cf.code.BytecodeArray::parseInstruction (2764 bytes)
Event: 2.357 Thread 0x0000000017209800 nmethod 421 0x0000000002770150 code [0x00000000027702c0, 0x0000000002770668]
Event: 2.359 Thread 0x0000000017209800  443       4       java.util.Arrays::copyOfRange (63 bytes)
Event: 2.361 Thread 0x0000000017209800 nmethod 443 0x00000000027709d0 code [0x0000000002770b20, 0x0000000002770d38]

GC Heap History (0 events):
No events

Deoptimization events (0 events):
No events

Internal exceptions (2 events):
Event: 0.045 Thread 0x0000000002490800 Exception <a 'java/lang/NoSuchMethodError': Method sun.misc.Unsafe.defineClass(Ljava/lang/String;[BII)Ljava/lang/Class; name or signature does not match> (0x00000000d5593090) thrown at [D:\re\puppet\workspace\8-2-build-windows-amd64-cygwin\jdk8u73\6086\hotfçrËß?
Event: 0.045 Thread 0x0000000002490800 Exception <a 'java/lang/NoSuchMethodError': Method sun.misc.Unsafe.prefetchRead(Ljava/lang/Object;J)V name or signature does not match> (0x00000000d5593378) thrown at [D:\re\puppet\workspace\8-2-build-windows-amd64-cygwin\jdk8u73\6086\hotspot\src\share\vm\

Events (10 events):
Event: 2.356 loading class com/android/dx/dex/file/DebugInfoItem
Event: 2.356 loading class com/android/dx/dex/file/DebugInfoItem done
Event: 2.356 loading class com/android/dx/dex/file/MethodIdItem
Event: 2.356 loading class com/android/dx/dex/file/MethodIdItem done
Event: 2.358 loading class com/android/dx/dex/file/ParameterAnnotationStruct
Event: 2.358 loading class com/android/dx/dex/file/ParameterAnnotationStruct done
Event: 2.358 loading class com/android/dx/dex/file/UniformListItem
Event: 2.358 loading class com/android/dx/dex/file/UniformListItem done
Event: 2.359 loading class com/android/dx/dex/file/AnnotationSetRefItem
Event: 2.359 loading class com/android/dx/dex/file/AnnotationSetRefItem done


Dynamic libraries:
0x00007ff64d3f0000 - 0x00007ff64d427000 	X:\Program Files\Java\jdk1.8.0_73\bin\java.exe
0x00007ffae65e0000 - 0x00007ffae67a1000 	X:\Windows\SYSTEM32\ntdll.dll
0x00007ffae39e0000 - 0x00007ffae3a8d000 	X:\Windows\system32\KERNEL32.DLL
0x00007ffae3420000 - 0x00007ffae3608000 	X:\Windows\system32\KERNELBASE.dll
0x00007ffae5290000 - 0x00007ffae5337000 	X:\Windows\system32\ADVAPI32.dll
0x00007ffae6300000 - 0x00007ffae639d000 	X:\Windows\system32\msvcrt.dll
0x00007ffae61d0000 - 0x00007ffae622b000 	X:\Windows\system32\sechost.dll
0x00007ffae5830000 - 0x00007ffae594c000 	X:\Windows\system32\RPCRT4.dll
0x00007ffae5950000 - 0x00007ffae5aa6000 	X:\Windows\system32\USER32.dll
0x00007ffae56a0000 - 0x00007ffae5826000 	X:\Windows\system32\GDI32.dll
0x00007ffada4a0000 - 0x00007ffada714000 	X:\Windows\WinSxS\amd64_microsoft.windows.common-controls_6595b64144ccf1df_6.0.10586.0_none_8c15ae12515e1c22\COMCTL32.dll
0x00007ffae5ab0000 - 0x00007ffae5d2d000 	X:\Windows\system32\combase.dll
0x00007ffae3330000 - 0x00007ffae339a000 	X:\Windows\system32\bcryptPrimitives.dll
0x00007ffae4ff0000 - 0x00007ffae502b000 	X:\Windows\system32\IMM32.DLL
0x000000005d3c0000 - 0x000000005d492000 	X:\Program Files\Java\jdk1.8.0_73\jre\bin\msvcr100.dll
0x000000005d4a0000 - 0x000000005dd30000 	X:\Program Files\Java\jdk1.8.0_73\jre\bin\server\jvm.dll
0x00007ffae65d0000 - 0x00007ffae65d8000 	X:\Windows\system32\PSAPI.DLL
0x00007ffad6220000 - 0x00007ffad6229000 	X:\Windows\SYSTEM32\WSOCK32.dll
0x00007ffae6160000 - 0x00007ffae61cb000 	X:\Windows\system32\WS2_32.dll
0x00007ffae0ef0000 - 0x00007ffae0f13000 	X:\Windows\SYSTEM32\WINMM.dll
0x00007ffadf760000 - 0x00007ffadf76a000 	X:\Windows\SYSTEM32\VERSION.dll
0x00007ffae0e80000 - 0x00007ffae0eac000 	X:\Windows\SYSTEM32\WINMMBASE.dll
0x00007ffae2c90000 - 0x00007ffae2cd3000 	X:\Windows\system32\cfgmgr32.dll
0x000000005d370000 - 0x000000005d37f000 	X:\Program Files\Java\jdk1.8.0_73\jre\bin\verify.dll
0x000000005d340000 - 0x000000005d369000 	X:\Program Files\Java\jdk1.8.0_73\jre\bin\java.dll
0x000000005d320000 - 0x000000005d336000 	X:\Program Files\Java\jdk1.8.0_73\jre\bin\zip.dll
0x00007ffae3a90000 - 0x00007ffae4fec000 	X:\Windows\system32\SHELL32.dll
0x00007ffae2ce0000 - 0x00007ffae3325000 	X:\Windows\system32\windows.storage.dll
0x00007ffae6460000 - 0x00007ffae64b2000 	X:\Windows\system32\shlwapi.dll
0x00007ffae2c80000 - 0x00007ffae2c8f000 	X:\Windows\system32\kernel.appcore.dll
0x00007ffae3750000 - 0x00007ffae3805000 	X:\Windows\system32\shcore.dll
0x00007ffae2c00000 - 0x00007ffae2c4b000 	X:\Windows\system32\powrprof.dll
0x00007ffae2c60000 - 0x00007ffae2c74000 	X:\Windows\system32\profapi.dll

VM Arguments:
jvm_args: -Djava.awt.headless=true -Xmx2g -Dfile.encoding=GBK -Duser.country=CN -Duser.language=zh -Duser.variant 
java_command: com.android.dx.command.Main --dex --num-threads=4 --multi-dex --output E:\Android\CalorieCounter\app\build\intermediates\transforms\dex\debug\folders\1000\10\com.android.support-animated-vector-drawable-23.2.1_9d8a522756db05b620f3f4646540bf28eaccbeaa E:\Android\CalorieCounter\app\build\intermediates\exploded-aar\com.android.support\animated-vector-drawable\23.2.1\jars\classes.jar
java_class_path (initial): E:\QMDownload\SDK\build-tools\23.0.3\lib\dx.jar
Launcher Type: SUN_STANDARD

Environment Variables:
PATH=X:\ProgramData\Oracle\Java\javapath;X:\Windows\system32;X:\Windows;X:\Windows\System32\Wbem;X:\Windows\System32\WindowsPowerShell\v1.0\;X:\Program Files (x86)\ATI Technologies\ATI.ACE\Core-Static;D:\Program Files\MATLAB\R2013a\runtime\win64;D:\Program Files\MATLAB\R2013a\bin;X:\Program Files\Java\jdk1.8.0_73\bin;D:\Python27;X:\Program Files (x86)\MySQL\MySQL Fabric 1.5 & MySQL Utilities 1.5\;X:\Program Files (x86)\MySQL\MySQL Fabric 1.5 & MySQL Utilities 1.5\Doctrine extensions for PHP\;E:\QMDownload\SDK\platform-tools
USERNAME=Õı…≠
OS=Windows_NT
PROCESSOR_IDENTIFIER=Intel64 Family 6 Model 60 Stepping 3, GenuineIntel



---------------  S Y S T E M  ---------------

OS: Windows 10.0 , 64 bit Build 10586 (10.0.10586.0)

CPU:total 4 (4 cores per cpu, 1 threads per core) family 6 model 60 stepping 3, cmov, cx8, fxsr, mmx, sse, sse2, sse3, ssse3, sse4.1, sse4.2, popcnt, avx, avx2, aes, clmul, erms, lzcnt, tsc, tscinvbit, bmi1, bmi2

Memory: 4k page, physical 8315044k(1800592k free), swap 8315044k(4096k free)

vm_info: Java HotSpot(TM) 64-Bit Server VM (25.73-b02) for windows-amd64 JRE (1.8.0_73-b02), built on Jan 29 2016 17:38:49 by "java_re" with MS VC++ 10.0 (VS2010)

time: Fri Apr 22 00:09:00 2016
elapsed time: 2 seconds (0d 0h 0m 2s)

