#
# There is insufficient memory for the Java Runtime Environment to continue.
# Native memory allocation (malloc) failed to allocate 42976 bytes for Chunk::new
# Possible reasons:
#   The system is out of physical RAM or swap space
#   In 32 bit mode, the process size limit was hit
# Possible solutions:
#   Reduce memory load on the system
#   Increase physical memory or swap space
#   Check if swap backing store is full
#   Use 64 bit Java on a 64 bit OS
#   Decrease Java heap size (-Xmx/-Xms)
#   Decrease number of Java threads
#   Decrease Java thread stack sizes (-Xss)
#   Set larger code cache with -XX:ReservedCodeCacheSize=
# This output file may be truncated or incomplete.
#
#  Out of Memory Error (allocation.cpp:390), pid=11600, tid=9280
#
# JRE version: Java(TM) SE Runtime Environment (8.0_73-b02) (build 1.8.0_73-b02)
# Java VM: Java HotSpot(TM) 64-Bit Server VM (25.73-b02 mixed mode windows-amd64 compressed oops)
# Failed to write core dump. Minidumps are not enabled by default on client versions of Windows
#

---------------  T H R E A D  ---------------

Current thread (0x00000000173dc800):  JavaThread "C2 CompilerThread0" daemon [_thread_in_native, id=9280, stack(0x0000000018920000,0x0000000018a20000)]

Stack: [0x0000000018920000,0x0000000018a20000]
[error occurred during error reporting (printing stack bounds), id 0xc0000005]

Native frames: (J=compiled Java code, j=interpreted, Vv=VM code, C=native code)


Current CompileTask:
C2:   1636 1101       4       com.android.dx.ssa.SCCP::simulateStmt (481 bytes)


---------------  P R O C E S S  ---------------

Java Threads: ( => current thread )
  0x0000000018c90800 JavaThread "pool-2-thread-4" [_thread_in_Java, id=15780, stack(0x0000000019620000,0x0000000019720000)]
  0x0000000018be0000 JavaThread "pool-2-thread-3" [_thread_blocked, id=14744, stack(0x0000000019520000,0x0000000019620000)]
  0x0000000018bdf000 JavaThread "pool-2-thread-2" [_thread_in_Java, id=2268, stack(0x0000000019420000,0x0000000019520000)]
  0x0000000018bdc000 JavaThread "pool-3-thread-1" [_thread_blocked, id=12184, stack(0x0000000019320000,0x0000000019420000)]
  0x0000000018bda800 JavaThread "pool-2-thread-1" [_thread_blocked, id=15756, stack(0x0000000019220000,0x0000000019320000)]
  0x0000000018a89800 JavaThread "Service Thread" daemon [_thread_blocked, id=16268, stack(0x0000000019020000,0x0000000019120000)]
  0x0000000018a7a800 JavaThread "C1 CompilerThread2" daemon [_thread_blocked, id=15228, stack(0x0000000018f20000,0x0000000019020000)]
  0x00000000173df800 JavaThread "C2 CompilerThread1" daemon [_thread_in_native, id=6028, stack(0x0000000018e20000,0x0000000018f20000)]
=>0x00000000173dc800 JavaThread "C2 CompilerThread0" daemon [_thread_in_native, id=9280, stack(0x0000000018920000,0x0000000018a20000)]
  0x00000000173db000 JavaThread "Attach Listener" daemon [_thread_blocked, id=4592, stack(0x0000000018820000,0x0000000018920000)]
  0x000000001742d800 JavaThread "Signal Dispatcher" daemon [_thread_blocked, id=7132, stack(0x0000000018720000,0x0000000018820000)]
  0x00000000027a6000 JavaThread "Finalizer" daemon [_thread_blocked, id=13244, stack(0x0000000018620000,0x0000000018720000)]
  0x000000000279d000 JavaThread "Reference Handler" daemon [_thread_blocked, id=9408, stack(0x0000000018520000,0x0000000018620000)]
  0x00000000026b0800 JavaThread "main" [_thread_blocked, id=11404, stack(0x00000000025b0000,0x00000000026b0000)]

Other Threads:
  0x0000000017398000 VMThread [stack: 0x0000000018420000,0x0000000018520000] [id=9468]
  0x0000000018ad5000 WatcherThread [stack: 0x0000000019120000,0x0000000019220000] [id=12804]

VM state:not at safepoint (normal execution)

VM Mutex/Monitor currently owned by a thread: None

Heap:
 PSYoungGen      total 38400K, used 27292K [0x00000000d5580000, 0x00000000d8000000, 0x0000000100000000)
  eden space 33280K, 82% used [0x00000000d5580000,0x00000000d7027018,0x00000000d7600000)
  from space 5120K, 0% used [0x00000000d7b00000,0x00000000d7b00000,0x00000000d8000000)
  to   space 5120K, 0% used [0x00000000d7600000,0x00000000d7600000,0x00000000d7b00000)
 ParOldGen       total 87552K, used 0K [0x0000000080000000, 0x0000000085580000, 0x00000000d5580000)
  object space 87552K, 0% used [0x0000000080000000,0x0000000080000000,0x0000000085580000)
 Metaspace       used 5955K, capacity 6836K, committed 7040K, reserved 1056768K
  class space    used 602K, capacity 620K, committed 640K, reserved 1048576K

Card table byte_map: [0x0000000011b70000,0x0000000011f80000] byte_map_base: 0x0000000011770000

Marking Bits: (ParMarkBitMap*) 0x00000000551a0600
 Begin Bits: [0x0000000012630000, 0x0000000014630000)
 End Bits:   [0x0000000014630000, 0x0000000016630000)

Polling page: 0x0000000000440000

CodeCache: size=245760Kb used=4458Kb max_used=4458Kb free=241301Kb
 bounds [0x00000000027b0000, 0x0000000002c10000, 0x00000000117b0000]
 total_blobs=1405 nmethods=1134 adapters=184
 compilation: enabled

Compilation events (10 events):
Event: 1.635 Thread 0x0000000018a7a800 1127       1       com.android.dx.cf.attrib.AttLineNumberTable::getLineNumbers (5 bytes)
Event: 1.635 Thread 0x0000000018a7a800 nmethod 1127 0x0000000002c09690 code [0x0000000002c097e0, 0x0000000002c098f0]
Event: 1.635 Thread 0x0000000018a7a800 1129       1       com.android.dx.cf.code.Simulator::access$000 (5 bytes)
Event: 1.635 Thread 0x0000000018a7a800 nmethod 1129 0x0000000002bfea50 code [0x0000000002bfeba0, 0x0000000002bfec90]
Event: 1.635 Thread 0x0000000018a7a800 1130       1       com.android.dx.cf.code.Ropper::access$700 (5 bytes)
Event: 1.635 Thread 0x0000000018a7a800 nmethod 1130 0x0000000002bfe790 code [0x0000000002bfe8e0, 0x0000000002bfe9d0]
Event: 1.635 Thread 0x0000000018a7a800 1131       1       com.android.dx.cf.code.RopperMachine::getReturnOp (5 bytes)
Event: 1.635 Thread 0x0000000018a7a800 nmethod 1131 0x0000000002bfe4d0 code [0x0000000002bfe620, 0x0000000002bfe730]
Event: 1.635 Thread 0x0000000018a7a800 1133       1       com.android.dx.rop.code.DexTranslationAdvice::getMaxOptimalRegisterCount (3 bytes)
Event: 1.635 Thread 0x0000000018a7a800 nmethod 1133 0x0000000002bfe210 code [0x0000000002bfe360, 0x0000000002bfe470]

GC Heap History (0 events):
No events

Deoptimization events (4 events):
Event: 1.397 Thread 0x0000000018c90800 Uncommon trap: reason=unstable_if action=reinterpret pc=0x00000000029f89f0 method=java.util.HashMap.getNode(ILjava/lang/Object;)Ljava/util/HashMap$Node; @ 129
Event: 1.439 Thread 0x0000000018c90800 Uncommon trap: reason=unstable_if action=reinterpret pc=0x0000000002a01e30 method=java.util.BitSet.nextSetBit(I)I @ 87
Event: 1.482 Thread 0x00000000026b0800 Uncommon trap: reason=unstable_if action=reinterpret pc=0x0000000002a88cc0 method=java.lang.String.<init>([CII)V @ 18
Event: 1.494 Thread 0x0000000018c90800 Uncommon trap: reason=null_check action=make_not_entrant pc=0x0000000002ab32c8 method=com.android.dx.ssa.SsaRenamer.getLocalForNewReg(I)Lcom/android/dx/rop/code/LocalItem; @ 19

Internal exceptions (3 events):
Event: 0.036 Thread 0x00000000026b0800 Exception <a 'java/lang/NoSuchMethodError': Method sun.misc.Unsafe.defineClass(Ljava/lang/String;[BII)Ljava/lang/Class; name or signature does not match> (0x00000000d5593090) thrown at [D:\re\puppet\workspace\8-2-build-windows-amd64-cygwin\jdk8u73\6086\hotžiP¢?
Event: 0.036 Thread 0x00000000026b0800 Exception <a 'java/lang/NoSuchMethodError': Method sun.misc.Unsafe.prefetchRead(Ljava/lang/Object;J)V name or signature does not match> (0x00000000d5593378) thrown at [D:\re\puppet\workspace\8-2-build-windows-amd64-cygwin\jdk8u73\6086\hotspot\src\share\vm\6Ù7›Iè÷?
Event: 1.494 Thread 0x0000000018c90800 Implicit null exception at 0x0000000002ab1a39 to 0x0000000002ab327d

Events (10 events):
Event: 1.581 loading class com/android/dx/cf/attrib/AttDeprecated
Event: 1.581 loading class com/android/dx/cf/attrib/AttDeprecated done
Event: 1.582 loading class com/android/dx/cf/attrib/AttRuntimeVisibleAnnotations
Event: 1.582 loading class com/android/dx/cf/attrib/AttRuntimeVisibleAnnotations done
Event: 1.598 loading class java/util/TreeMap$EntrySet
Event: 1.598 loading class java/util/TreeMap$EntrySet done
Event: 1.598 loading class java/util/TreeMap$EntryIterator
Event: 1.598 loading class java/util/TreeMap$EntryIterator done
Event: 1.598 Executing VM operation: Deoptimize
Event: 1.598 Executing VM operation: Deoptimize done


Dynamic libraries:
0x00007ff797820000 - 0x00007ff797857000 	X:\Program Files\Java\jdk1.8.0_73\bin\java.exe
0x00007ff9acb50000 - 0x00007ff9acd11000 	X:\Windows\SYSTEM32\ntdll.dll
0x00007ff9abfa0000 - 0x00007ff9ac04d000 	X:\Windows\system32\KERNEL32.DLL
0x00007ff9a99f0000 - 0x00007ff9a9bd8000 	X:\Windows\system32\KERNELBASE.dll
0x00007ff9aa410000 - 0x00007ff9aa4b7000 	X:\Windows\system32\ADVAPI32.dll
0x00007ff9aca40000 - 0x00007ff9acadd000 	X:\Windows\system32\msvcrt.dll
0x00007ff9aa740000 - 0x00007ff9aa79b000 	X:\Windows\system32\sechost.dll
0x00007ff9ac1a0000 - 0x00007ff9ac2bc000 	X:\Windows\system32\RPCRT4.dll
0x00007ff9ac6f0000 - 0x00007ff9ac846000 	X:\Windows\system32\USER32.dll
0x00007ff9a9fb0000 - 0x00007ff9aa136000 	X:\Windows\system32\GDI32.dll
0x00007ff9a0e90000 - 0x00007ff9a1104000 	X:\Windows\WinSxS\amd64_microsoft.windows.common-controls_6595b64144ccf1df_6.0.10586.0_none_8c15ae12515e1c22\COMCTL32.dll
0x00007ff9aa4c0000 - 0x00007ff9aa73d000 	X:\Windows\system32\combase.dll
0x00007ff9a92c0000 - 0x00007ff9a932a000 	X:\Windows\system32\bcryptPrimitives.dll
0x00007ff9ac0b0000 - 0x00007ff9ac0eb000 	X:\Windows\system32\IMM32.DLL
0x0000000054510000 - 0x00000000545e2000 	X:\Program Files\Java\jdk1.8.0_73\jre\bin\msvcr100.dll
0x0000000054990000 - 0x0000000055220000 	X:\Program Files\Java\jdk1.8.0_73\jre\bin\server\jvm.dll
0x00007ff9aca30000 - 0x00007ff9aca38000 	X:\Windows\system32\PSAPI.DLL
0x00007ff9a0bb0000 - 0x00007ff9a0bb9000 	X:\Windows\SYSTEM32\WSOCK32.dll
0x00007ff9aa880000 - 0x00007ff9aa8eb000 	X:\Windows\system32\WS2_32.dll
0x00007ff9a5d10000 - 0x00007ff9a5d1a000 	X:\Windows\SYSTEM32\VERSION.dll
0x00007ff9a7480000 - 0x00007ff9a74a3000 	X:\Windows\SYSTEM32\WINMM.dll
0x00007ff9a7410000 - 0x00007ff9a743c000 	X:\Windows\SYSTEM32\WINMMBASE.dll
0x00007ff9a9330000 - 0x00007ff9a9373000 	X:\Windows\system32\cfgmgr32.dll
0x0000000054980000 - 0x000000005498f000 	X:\Program Files\Java\jdk1.8.0_73\jre\bin\verify.dll
0x0000000054950000 - 0x0000000054979000 	X:\Program Files\Java\jdk1.8.0_73\jre\bin\java.dll
0x0000000054930000 - 0x0000000054946000 	X:\Program Files\Java\jdk1.8.0_73\jre\bin\zip.dll
0x00007ff9aa8f0000 - 0x00007ff9abe4c000 	X:\Windows\system32\SHELL32.dll
0x00007ff9a9380000 - 0x00007ff9a99c5000 	X:\Windows\system32\windows.storage.dll
0x00007ff9ac050000 - 0x00007ff9ac0a2000 	X:\Windows\system32\shlwapi.dll
0x00007ff9a91d0000 - 0x00007ff9a91df000 	X:\Windows\system32\kernel.appcore.dll
0x00007ff9a9200000 - 0x00007ff9a92b5000 	X:\Windows\system32\shcore.dll
0x00007ff9a9180000 - 0x00007ff9a91cb000 	X:\Windows\system32\powrprof.dll
0x00007ff9a91e0000 - 0x00007ff9a91f4000 	X:\Windows\system32\profapi.dll

VM Arguments:
jvm_args: -Djava.awt.headless=true -Xmx2g -Dfile.encoding=GBK -Duser.country=CN -Duser.language=zh -Duser.variant 
java_command: com.android.dx.command.Main --dex --num-threads=4 --multi-dex --output E:\Android\CalorieCounter\app\build\intermediates\transforms\dex\debug\folders\1000\2\picasso-2.5.2_f19bc8512a460ac7df759013986e530956aa1cfe E:\Android\CalorieCounter\app\libs\picasso-2.5.2.jar
java_class_path (initial): E:\QMDownload\SDK\build-tools\23.0.3\lib\dx.jar
Launcher Type: SUN_STANDARD

Environment Variables:
PATH=X:\ProgramData\Oracle\Java\javapath;X:\Windows\system32;X:\Windows;X:\Windows\System32\Wbem;X:\Windows\System32\WindowsPowerShell\v1.0\;X:\Program Files (x86)\ATI Technologies\ATI.ACE\Core-Static;D:\Program Files\MATLAB\R2013a\runtime\win64;D:\Program Files\MATLAB\R2013a\bin;X:\Program Files\Java\jdk1.8.0_73\bin;D:\Python27;X:\Program Files (x86)\MySQL\MySQL Fabric 1.5 & MySQL Utilities 1.5\;X:\Program Files (x86)\MySQL\MySQL Fabric 1.5 & MySQL Utilities 1.5\Doctrine extensions for PHP\;E:\QMDownload\SDK\platform-tools
USERNAME=ÍõÉ­
OS=Windows_NT
PROCESSOR_IDENTIFIER=Intel64 Family 6 Model 60 Stepping 3, GenuineIntel



---------------  S Y S T E M  ---------------

OS: Windows 10.0 , 64 bit Build 10586 (10.0.10586.0)

CPU:total 4 (4 cores per cpu, 1 threads per core) family 6 model 60 stepping 3, cmov, cx8, fxsr, mmx, sse, sse2, sse3, ssse3, sse4.1, sse4.2, popcnt, avx, avx2, aes, clmul, erms, lzcnt, tsc, tscinvbit, bmi1, bmi2

Memory: 4k page, physical 8315044k(1809296k free), swap 8315044k(4108k free)

vm_info: Java HotSpot(TM) 64-Bit Server VM (25.73-b02) for windows-amd64 JRE (1.8.0_73-b02), built on Jan 29 2016 17:38:49 by "java_re" with MS VC++ 10.0 (VS2010)

time: Fri Apr 22 23:57:10 2016
elapsed time: 1 seconds (0d 0h 0m 1s)

