#
# There is insufficient memory for the Java Runtime Environment to continue.
# Native memory allocation (malloc) failed to allocate 32744 bytes for ChunkPool::allocate
# Possible reasons:
#   The system is out of physical RAM or swap space
#   In 32 bit mode, the process size limit was hit
# Possible solutions:
#   Reduce memory load on the system
#   Increase physical memory or swap space
#   Check if swap backing store is full
#   Use 64 bit Java on a 64 bit OS
#   Decrease Java heap size (-Xmx/-Xms)
#   Decrease number of Java threads
#   Decrease Java thread stack sizes (-Xss)
#   Set larger code cache with -XX:ReservedCodeCacheSize=
# This output file may be truncated or incomplete.
#
#  Out of Memory Error (allocation.cpp:273), pid=18612, tid=17788
#
# JRE version: Java(TM) SE Runtime Environment (8.0_73-b02) (build 1.8.0_73-b02)
# Java VM: Java HotSpot(TM) 64-Bit Server VM (25.73-b02 mixed mode windows-amd64 compressed oops)
# Failed to write core dump. Minidumps are not enabled by default on client versions of Windows
#

---------------  T H R E A D  ---------------

Current thread (0x000000001d3a9800):  JavaThread "C1 CompilerThread2" daemon [_thread_in_native, id=17788, stack(0x000000001d850000,0x000000001d950000)]

Stack: [0x000000001d850000,0x000000001d950000]
[error occurred during error reporting (printing stack bounds), id 0xc0000005]

Native frames: (J=compiled Java code, j=interpreted, Vv=VM code, C=native code)


Current CompileTask:
C1:   1033   46  s!   3       sun.misc.URLClassPath::getLoader (197 bytes)


---------------  P R O C E S S  ---------------

Java Threads: ( => current thread )
  0x000000001d3b1000 JavaThread "Service Thread" daemon [_thread_blocked, id=22296, stack(0x000000001d950000,0x000000001da50000)]
=>0x000000001d3a9800 JavaThread "C1 CompilerThread2" daemon [_thread_in_native, id=17788, stack(0x000000001d850000,0x000000001d950000)]
  0x000000001d3a3800 JavaThread "C2 CompilerThread1" daemon [_thread_blocked, id=14328, stack(0x000000001d750000,0x000000001d850000)]
  0x000000001bcfd000 JavaThread "C2 CompilerThread0" daemon [_thread_blocked, id=20096, stack(0x000000001d250000,0x000000001d350000)]
  0x000000001bcfa800 JavaThread "Attach Listener" daemon [_thread_blocked, id=14380, stack(0x000000001d150000,0x000000001d250000)]
  0x000000001bd49800 JavaThread "Signal Dispatcher" daemon [_thread_blocked, id=22888, stack(0x000000001d050000,0x000000001d150000)]
  0x0000000002610000 JavaThread "Finalizer" daemon [_thread_blocked, id=16084, stack(0x000000001cf50000,0x000000001d050000)]
  0x000000000260d000 JavaThread "Reference Handler" daemon [_thread_blocked, id=4884, stack(0x000000001ce50000,0x000000001cf50000)]
  0x0000000002521000 JavaThread "main" [_thread_in_native, id=10224, stack(0x0000000002320000,0x0000000002420000)]

Other Threads:
  0x000000001bcb8000 VMThread [stack: 0x000000001cd50000,0x000000001ce50000] [id=9140]
  0x000000001d3c4000 WatcherThread [stack: 0x000000001da50000,0x000000001db50000] [id=5980]

VM state:not at safepoint (normal execution)

VM Mutex/Monitor currently owned by a thread: None

Heap:
 PSYoungGen      total 38400K, used 2662K [0x000000076ab00000, 0x000000076d580000, 0x00000007c0000000)
  eden space 33280K, 8% used [0x000000076ab00000,0x000000076ad99b78,0x000000076cb80000)
  from space 5120K, 0% used [0x000000076d080000,0x000000076d080000,0x000000076d580000)
  to   space 5120K, 0% used [0x000000076cb80000,0x000000076cb80000,0x000000076d080000)
 ParOldGen       total 87552K, used 0K [0x00000006c0000000, 0x00000006c5580000, 0x000000076ab00000)
  object space 87552K, 0% used [0x00000006c0000000,0x00000006c0000000,0x00000006c5580000)
 Metaspace       used 3149K, capacity 4656K, committed 4864K, reserved 1056768K
  class space    used 346K, capacity 424K, committed 512K, reserved 1048576K

Card table byte_map: [0x00000000119e0000,0x00000000121f0000] byte_map_base: 0x000000000e3e0000

Marking Bits: (ParMarkBitMap*) 0x0000000064400600
 Begin Bits: [0x0000000012b50000, 0x0000000016b50000)
 End Bits:   [0x0000000016b50000, 0x000000001ab50000)

Polling page: 0x00000000001f0000

CodeCache: size=245760Kb used=1128Kb max_used=1128Kb free=244631Kb
 bounds [0x0000000002620000, 0x0000000002890000, 0x0000000011620000]
 total_blobs=286 nmethods=44 adapters=155
 compilation: enabled

Compilation events (10 events):
Event: 1.027 Thread 0x000000001d3a9800 nmethod 39 0x0000000002738510 code [0x0000000002738680, 0x0000000002738808]
Event: 1.028 Thread 0x000000001d3a9800   40       3       java.util.concurrent.ConcurrentHashMap::setTabAt (19 bytes)
Event: 1.028 Thread 0x000000001d3a9800 nmethod 40 0x0000000002736d90 code [0x0000000002736ee0, 0x0000000002737050]
Event: 1.028 Thread 0x000000001d3a9800   42       1       java.net.URL::getHost (5 bytes)
Event: 1.028 Thread 0x000000001d3a9800 nmethod 42 0x0000000002738c50 code [0x0000000002738da0, 0x0000000002738eb0]
Event: 1.028 Thread 0x000000001d3a9800   43       1       java.net.URL::getProtocol (5 bytes)
Event: 1.028 Thread 0x000000001d3a9800 nmethod 43 0x0000000002738f10 code [0x0000000002739060, 0x0000000002739170]
Event: 1.031 Thread 0x000000001d3a9800   44       3       java.util.HashMap::getNode (148 bytes)
Event: 1.031 Thread 0x000000001d3a9800 nmethod 44 0x0000000002739850 code [0x0000000002739a20, 0x000000000273a3c8]
Event: 1.031 Thread 0x000000001d3a9800   46  s!   3       sun.misc.URLClassPath::getLoader (197 bytes)

GC Heap History (0 events):
No events

Deoptimization events (0 events):
No events

Internal exceptions (2 events):
Event: 0.147 Thread 0x0000000002521000 Exception <a 'java/lang/NoSuchMethodError': Method sun.misc.Unsafe.defineClass(Ljava/lang/String;[BII)Ljava/lang/Class; name or signature does not match> (0x000000076ab13090) thrown at [D:\re\puppet\workspace\8-2-build-windows-amd64-cygwin\jdk8u73\6086\hot4*£ÓÂ?
Event: 0.147 Thread 0x0000000002521000 Exception <a 'java/lang/NoSuchMethodError': Method sun.misc.Unsafe.prefetchRead(Ljava/lang/Object;J)V name or signature does not match> (0x000000076ab13378) thrown at [D:\re\puppet\workspace\8-2-build-windows-amd64-cygwin\jdk8u73\6086\hotspot\src\share\vm\

Events (10 events):
Event: 1.031 loading class com/android/dx/dex/file/MixedItemSection
Event: 1.031 loading class com/android/dx/dex/file/MixedItemSection done
Event: 1.032 loading class java/security/NoSuchAlgorithmException
Event: 1.032 loading class java/security/GeneralSecurityException
Event: 1.032 loading class java/security/GeneralSecurityException done
Event: 1.032 loading class java/security/NoSuchAlgorithmException done
Event: 1.032 loading class java/security/DigestException
Event: 1.032 loading class java/security/DigestException done
Event: 1.032 loading class com/android/dx/util/AnnotatedOutput
Event: 1.032 loading class com/android/dx/util/AnnotatedOutput done


Dynamic libraries:
0x00007ff79cf10000 - 0x00007ff79cf47000 	X:\Program Files\Java\jdk1.8.0_73\bin\java.exe
0x00007ffa94180000 - 0x00007ffa94341000 	X:\Windows\SYSTEM32\ntdll.dll
0x00007ffa91d90000 - 0x00007ffa91e3d000 	X:\Windows\system32\KERNEL32.DLL
0x00007ffa90ba0000 - 0x00007ffa90d88000 	X:\Windows\system32\KERNELBASE.dll
0x00007ffa91e40000 - 0x00007ffa91ee7000 	X:\Windows\system32\ADVAPI32.dll
0x00007ffa91af0000 - 0x00007ffa91b8d000 	X:\Windows\system32\msvcrt.dll
0x00007ffa91840000 - 0x00007ffa9189b000 	X:\Windows\system32\sechost.dll
0x00007ffa91580000 - 0x00007ffa9169c000 	X:\Windows\system32\RPCRT4.dll
0x00007ffa93ad0000 - 0x00007ffa93c26000 	X:\Windows\system32\USER32.dll
0x00007ffa91c00000 - 0x00007ffa91d86000 	X:\Windows\system32\GDI32.dll
0x00007ffa89e50000 - 0x00007ffa8a0c4000 	X:\Windows\WinSxS\amd64_microsoft.windows.common-controls_6595b64144ccf1df_6.0.10586.0_none_8c15ae12515e1c22\COMCTL32.dll
0x00007ffa92100000 - 0x00007ffa9237d000 	X:\Windows\system32\combase.dll
0x00007ffa90b30000 - 0x00007ffa90b9a000 	X:\Windows\system32\bcryptPrimitives.dll
0x00007ffa92380000 - 0x00007ffa923bb000 	X:\Windows\system32\IMM32.DLL
0x0000000063b10000 - 0x0000000063be2000 	X:\Program Files\Java\jdk1.8.0_73\jre\bin\msvcr100.dll
0x0000000063bf0000 - 0x0000000064480000 	X:\Program Files\Java\jdk1.8.0_73\jre\bin\server\jvm.dll
0x00007ffa918a0000 - 0x00007ffa918a8000 	X:\Windows\system32\PSAPI.DLL
0x00007ffa8b570000 - 0x00007ffa8b579000 	X:\Windows\SYSTEM32\WSOCK32.dll
0x00007ffa916a0000 - 0x00007ffa9170b000 	X:\Windows\system32\WS2_32.dll
0x00007ffa8e890000 - 0x00007ffa8e8b3000 	X:\Windows\SYSTEM32\WINMM.dll
0x00007ffa8d5f0000 - 0x00007ffa8d5fa000 	X:\Windows\SYSTEM32\VERSION.dll
0x00007ffa8e5b0000 - 0x00007ffa8e5dc000 	X:\Windows\SYSTEM32\WINMMBASE.dll
0x00007ffa90910000 - 0x00007ffa90953000 	X:\Windows\system32\cfgmgr32.dll
0x0000000064a90000 - 0x0000000064a9f000 	X:\Program Files\Java\jdk1.8.0_73\jre\bin\verify.dll
0x0000000063aa0000 - 0x0000000063ac9000 	X:\Program Files\Java\jdk1.8.0_73\jre\bin\java.dll
0x0000000063a80000 - 0x0000000063a96000 	X:\Program Files\Java\jdk1.8.0_73\jre\bin\zip.dll
0x00007ffa92570000 - 0x00007ffa93acc000 	X:\Windows\system32\SHELL32.dll
0x00007ffa90d90000 - 0x00007ffa913d5000 	X:\Windows\system32\windows.storage.dll
0x00007ffa91a70000 - 0x00007ffa91ac2000 	X:\Windows\system32\shlwapi.dll
0x00007ffa907d0000 - 0x00007ffa907df000 	X:\Windows\system32\kernel.appcore.dll
0x00007ffa90830000 - 0x00007ffa908e5000 	X:\Windows\system32\shcore.dll
0x00007ffa907e0000 - 0x00007ffa9082b000 	X:\Windows\system32\powrprof.dll
0x00007ffa907b0000 - 0x00007ffa907c4000 	X:\Windows\system32\profapi.dll

VM Arguments:
jvm_args: -Djava.awt.headless=true -Xmx4g -Dfile.encoding=GBK -Duser.country=CN -Duser.language=zh -Duser.variant 
java_command: com.android.dx.command.Main --dex --num-threads=4 --multi-dex --output E:\Android\CalorieCounter\app\build\intermediates\transforms\dex\debug\folders\1000\10\com.android.support-animated-vector-drawable-23.2.1_9d8a522756db05b620f3f4646540bf28eaccbeaa E:\Android\CalorieCounter\app\build\intermediates\exploded-aar\com.android.support\animated-vector-drawable\23.2.1\jars\classes.jar
java_class_path (initial): E:\QMDownload\SDK\build-tools\23.0.3\lib\dx.jar
Launcher Type: SUN_STANDARD

Environment Variables:
PATH=X:\ProgramData\Oracle\Java\javapath;X:\Windows\system32;X:\Windows;X:\Windows\System32\Wbem;X:\Windows\System32\WindowsPowerShell\v1.0\;X:\Program Files (x86)\ATI Technologies\ATI.ACE\Core-Static;D:\Program Files\MATLAB\R2013a\runtime\win64;D:\Program Files\MATLAB\R2013a\bin;X:\Program Files\Java\jdk1.8.0_73\bin;D:\Python27;X:\Program Files (x86)\MySQL\MySQL Fabric 1.5 & MySQL Utilities 1.5\;X:\Program Files (x86)\MySQL\MySQL Fabric 1.5 & MySQL Utilities 1.5\Doctrine extensions for PHP\
USERNAME=ÍõÉ­
OS=Windows_NT
PROCESSOR_IDENTIFIER=Intel64 Family 6 Model 60 Stepping 3, GenuineIntel



---------------  S Y S T E M  ---------------

OS: Windows 10.0 , 64 bit Build 10586 (10.0.10586.0)

CPU:total 4 (4 cores per cpu, 1 threads per core) family 6 model 60 stepping 3, cmov, cx8, fxsr, mmx, sse, sse2, sse3, ssse3, sse4.1, sse4.2, popcnt, avx, avx2, aes, clmul, erms, lzcnt, tsc, tscinvbit, bmi1, bmi2

Memory: 4k page, physical 8315044k(1988468k free), swap 8315044k(3064k free)

vm_info: Java HotSpot(TM) 64-Bit Server VM (25.73-b02) for windows-amd64 JRE (1.8.0_73-b02), built on Jan 29 2016 17:38:49 by "java_re" with MS VC++ 10.0 (VS2010)

time: Thu Apr 21 22:11:16 2016
elapsed time: 1 seconds (0d 0h 0m 1s)

