#
# There is insufficient memory for the Java Runtime Environment to continue.
# Native memory allocation (malloc) failed to allocate 32784 bytes for Chunk::new
# Possible reasons:
#   The system is out of physical RAM or swap space
#   In 32 bit mode, the process size limit was hit
# Possible solutions:
#   Reduce memory load on the system
#   Increase physical memory or swap space
#   Check if swap backing store is full
#   Use 64 bit Java on a 64 bit OS
#   Decrease Java heap size (-Xmx/-Xms)
#   Decrease number of Java threads
#   Decrease Java thread stack sizes (-Xss)
#   Set larger code cache with -XX:ReservedCodeCacheSize=
# This output file may be truncated or incomplete.
#
#  Out of Memory Error (allocation.cpp:390), pid=14212, tid=4888
#
# JRE version: Java(TM) SE Runtime Environment (8.0_73-b02) (build 1.8.0_73-b02)
# Java VM: Java HotSpot(TM) 64-Bit Server VM (25.73-b02 mixed mode windows-amd64 compressed oops)
# Failed to write core dump. Minidumps are not enabled by default on client versions of Windows
#

---------------  T H R E A D  ---------------

Current thread (0x0000000018977800):  JavaThread "C2 CompilerThread1" daemon [_thread_in_native, id=4888, stack(0x0000000018d20000,0x0000000018e20000)]

Stack: [0x0000000018d20000,0x0000000018e20000]
[error occurred during error reporting (printing stack bounds), id 0xc0000005]

Native frames: (J=compiled Java code, j=interpreted, Vv=VM code, C=native code)


Current CompileTask:
C2:   3736 1526       4       com.android.dx.ssa.SsaRenamer$1::visitBlock (16 bytes)


---------------  P R O C E S S  ---------------

Java Threads: ( => current thread )
  0x0000000018c0b000 JavaThread "pool-2-thread-4" [_thread_in_Java, id=5188, stack(0x0000000019d20000,0x0000000019e20000)]
  0x0000000018c0a000 JavaThread "pool-2-thread-3" [_thread_blocked, id=14284, stack(0x0000000019c20000,0x0000000019d20000)]
  0x0000000018c08800 JavaThread "pool-2-thread-2" [_thread_blocked, id=14896, stack(0x0000000019b20000,0x0000000019c20000)]
  0x0000000018c06000 JavaThread "pool-3-thread-1" [_thread_blocked, id=5208, stack(0x0000000019a20000,0x0000000019b20000)]
  0x0000000018c37800 JavaThread "pool-2-thread-1" [_thread_blocked, id=11852, stack(0x0000000019920000,0x0000000019a20000)]
  0x0000000018980800 JavaThread "Service Thread" daemon [_thread_blocked, id=15016, stack(0x0000000018f20000,0x0000000019020000)]
  0x000000001897a800 JavaThread "C1 CompilerThread2" daemon [_thread_blocked, id=13380, stack(0x0000000018e20000,0x0000000018f20000)]
=>0x0000000018977800 JavaThread "C2 CompilerThread1" daemon [_thread_in_native, id=4888, stack(0x0000000018d20000,0x0000000018e20000)]
  0x000000001729a000 JavaThread "C2 CompilerThread0" daemon [_thread_in_native, id=8264, stack(0x0000000018820000,0x0000000018920000)]
  0x000000001724e000 JavaThread "Attach Listener" daemon [_thread_blocked, id=10784, stack(0x0000000018720000,0x0000000018820000)]
  0x0000000017237000 JavaThread "Signal Dispatcher" daemon [_thread_blocked, id=11180, stack(0x0000000018620000,0x0000000018720000)]
  0x0000000002610800 JavaThread "Finalizer" daemon [_thread_blocked, id=13124, stack(0x00000000184c0000,0x00000000185c0000)]
  0x000000000260d000 JavaThread "Reference Handler" daemon [_thread_blocked, id=6564, stack(0x00000000183c0000,0x00000000184c0000)]
  0x0000000002520800 JavaThread "main" [_thread_in_Java, id=11524, stack(0x0000000002070000,0x0000000002170000)]

Other Threads:
  0x0000000017208000 VMThread [stack: 0x00000000182c0000,0x00000000183c0000] [id=13240]
  0x00000000189d2800 WatcherThread [stack: 0x0000000019020000,0x0000000019120000] [id=5484]

VM state:not at safepoint (normal execution)

VM Mutex/Monitor currently owned by a thread: None

Heap:
 PSYoungGen      total 71680K, used 31369K [0x00000000d5580000, 0x00000000da080000, 0x0000000100000000)
  eden space 66560K, 39% used [0x00000000d5580000,0x00000000d6f245b0,0x00000000d9680000)
  from space 5120K, 99% used [0x00000000d9b80000,0x00000000da07e100,0x00000000da080000)
  to   space 5120K, 0% used [0x00000000d9680000,0x00000000d9680000,0x00000000d9b80000)
 ParOldGen       total 87552K, used 3950K [0x0000000080000000, 0x0000000085580000, 0x00000000d5580000)
  object space 87552K, 4% used [0x0000000080000000,0x00000000803dba58,0x0000000085580000)
 Metaspace       used 6232K, capacity 7094K, committed 7296K, reserved 1056768K
  class space    used 606K, capacity 622K, committed 640K, reserved 1048576K

Card table byte_map: [0x00000000119e0000,0x0000000011df0000] byte_map_base: 0x00000000115e0000

Marking Bits: (ParMarkBitMap*) 0x00000000530a0600
 Begin Bits: [0x00000000124a0000, 0x00000000144a0000)
 End Bits:   [0x00000000144a0000, 0x00000000164a0000)

Polling page: 0x0000000000500000

CodeCache: size=245760Kb used=6593Kb max_used=6593Kb free=239166Kb
 bounds [0x0000000002620000, 0x0000000002ca0000, 0x0000000011620000]
 total_blobs=1802 nmethods=1531 adapters=184
 compilation: enabled

Compilation events (10 events):
Event: 3.734 Thread 0x000000001897a800 nmethod 1536 0x0000000002c7ec50 code [0x0000000002c7ee00, 0x0000000002c7f368]
Event: 3.734 Thread 0x000000001897a800 1538       3       com.android.dx.cf.code.Ropper$CatchInfo::getSetup (53 bytes)
Event: 3.734 Thread 0x000000001897a800 nmethod 1538 0x0000000002c7e010 code [0x0000000002c7e1e0, 0x0000000002c7e8e8]
Event: 3.734 Thread 0x000000001897a800 1540       3       com.android.dx.ssa.NormalSsaInsn::clone (5 bytes)
Event: 3.734 Thread 0x000000001897a800 nmethod 1540 0x0000000002c924d0 code [0x0000000002c92680, 0x0000000002c92bd8]
Event: 3.734 Thread 0x000000001897a800 1541       3       com.android.dx.ssa.NormalSsaInsn::clone (8 bytes)
Event: 3.735 Thread 0x000000001897a800 nmethod 1541 0x0000000002c91d10 code [0x0000000002c91ea0, 0x0000000002c92338]
Event: 3.735 Thread 0x000000001897a800 1542       3       java.util.TreeMap::getFirstEntry (26 bytes)
Event: 3.735 Thread 0x000000001897a800 nmethod 1542 0x0000000002c91890 code [0x0000000002c91a00, 0x0000000002c91c30]
Event: 3.735 Thread 0x000000001897a800 1543       3       com.android.dx.dex.file.DexFile::internIfAppropriate (128 bytes)

GC Heap History (4 events):
Event: 1.408 GC heap before
{Heap before GC invocations=1 (full 0):
 PSYoungGen      total 38400K, used 33280K [0x00000000d5580000, 0x00000000d8000000, 0x0000000100000000)
  eden space 33280K, 100% used [0x00000000d5580000,0x00000000d7600000,0x00000000d7600000)
  from space 5120K, 0% used [0x00000000d7b00000,0x00000000d7b00000,0x00000000d8000000)
  to   space 5120K, 0% used [0x00000000d7600000,0x00000000d7600000,0x00000000d7b00000)
 ParOldGen       total 87552K, used 0K [0x0000000080000000, 0x0000000085580000, 0x00000000d5580000)
  object space 87552K, 0% used [0x0000000080000000,0x0000000080000000,0x0000000085580000)
 Metaspace       used 5905K, capacity 6772K, committed 7040K, reserved 1056768K
  class space    used 604K, capacity 620K, committed 640K, reserved 1048576K
Event: 1.728 GC heap after
Heap after GC invocations=1 (full 0):
 PSYoungGen      total 38400K, used 5103K [0x00000000d5580000, 0x00000000da080000, 0x0000000100000000)
  eden space 33280K, 0% used [0x00000000d5580000,0x00000000d5580000,0x00000000d7600000)
  from space 5120K, 99% used [0x00000000d7600000,0x00000000d7afbc78,0x00000000d7b00000)
  to   space 5120K, 0% used [0x00000000d9b80000,0x00000000d9b80000,0x00000000da080000)
 ParOldGen       total 87552K, used 310K [0x0000000080000000, 0x0000000085580000, 0x00000000d5580000)
  object space 87552K, 0% used [0x0000000080000000,0x000000008004d888,0x0000000085580000)
 Metaspace       used 5905K, capacity 6772K, committed 7040K, reserved 1056768K
  class space    used 604K, capacity 620K, committed 640K, reserved 1048576K
}
Event: 2.920 GC heap before
{Heap before GC invocations=2 (full 0):
 PSYoungGen      total 38400K, used 38383K [0x00000000d5580000, 0x00000000da080000, 0x0000000100000000)
  eden space 33280K, 100% used [0x00000000d5580000,0x00000000d7600000,0x00000000d7600000)
  from space 5120K, 99% used [0x00000000d7600000,0x00000000d7afbc78,0x00000000d7b00000)
  to   space 5120K, 0% used [0x00000000d9b80000,0x00000000d9b80000,0x00000000da080000)
 ParOldGen       total 87552K, used 310K [0x0000000080000000, 0x0000000085580000, 0x00000000d5580000)
  object space 87552K, 0% used [0x0000000080000000,0x000000008004d888,0x0000000085580000)
 Metaspace       used 6151K, capacity 7030K, committed 7296K, reserved 1056768K
  class space    used 606K, capacity 622K, committed 640K, reserved 1048576K
Event: 3.039 GC heap after
Heap after GC invocations=2 (full 0):
 PSYoungGen      total 71680K, used 5112K [0x00000000d5580000, 0x00000000da080000, 0x0000000100000000)
  eden space 66560K, 0% used [0x00000000d5580000,0x00000000d5580000,0x00000000d9680000)
  from space 5120K, 99% used [0x00000000d9b80000,0x00000000da07e100,0x00000000da080000)
  to   space 5120K, 0% used [0x00000000d9680000,0x00000000d9680000,0x00000000d9b80000)
 ParOldGen       total 87552K, used 3950K [0x0000000080000000, 0x0000000085580000, 0x00000000d5580000)
  object space 87552K, 4% used [0x0000000080000000,0x00000000803dba58,0x0000000085580000)
 Metaspace       used 6151K, capacity 7030K, committed 7296K, reserved 1056768K
  class space    used 606K, capacity 622K, committed 640K, reserved 1048576K
}

Deoptimization events (10 events):
Event: 3.051 Thread 0x0000000018c0a000 Uncommon trap: reason=unstable_if action=reinterpret pc=0x0000000002a29d7c method=com.android.dx.util.IntList.binarysearch(I)I @ 105
Event: 3.052 Thread 0x0000000018c0a000 Uncommon trap: reason=unstable_if action=reinterpret pc=0x0000000002ac6e78 method=com.android.dx.ssa.SCCP.simulateStmt(Lcom/android/dx/ssa/SsaInsn;)V @ 59
Event: 3.063 Thread 0x0000000018c0b000 Uncommon trap: reason=class_check action=maybe_recompile pc=0x0000000002b89ca0 method=com.android.dx.cf.code.RopperMachine.run(Lcom/android/dx/cf/code/Frame;II)V @ 310
Event: 3.357 Thread 0x0000000002520800 Uncommon trap: reason=unstable_if action=reinterpret pc=0x0000000002b4d16c method=com.android.dx.ssa.SsaRenamer$BlockRenamer.visitMoveInsn(Lcom/android/dx/ssa/NormalSsaInsn;)V @ 104
Event: 3.384 Thread 0x0000000002520800 Uncommon trap: reason=class_check action=maybe_recompile pc=0x00000000028ae4f0 method=com.android.dx.rop.type.Type.equals(Ljava/lang/Object;)Z @ 8
Event: 3.384 Thread 0x0000000002520800 Uncommon trap: reason=class_check action=maybe_recompile pc=0x00000000028f5e9c method=com.android.dx.rop.type.Type.equals(Ljava/lang/Object;)Z @ 8
Event: 3.730 Thread 0x0000000018c0b000 Uncommon trap: reason=bimorphic action=maybe_recompile pc=0x0000000002bb88f0 method=com.android.dx.rop.code.RegisterSpec.withSimpleType()Lcom/android/dx/rop/code/RegisterSpec; @ 21
Event: 3.731 Thread 0x0000000018c0b000 Uncommon trap: reason=null_check action=make_not_entrant pc=0x0000000002c8789c method=com.android.dx.ssa.SsaRenamer.getLocalForNewReg(I)Lcom/android/dx/rop/code/LocalItem; @ 19
Event: 3.732 Thread 0x0000000018c0b000 Uncommon trap: reason=unstable_if action=reinterpret pc=0x0000000002c3c640 method=com.android.dx.util.BitIntSet.has(I)Z @ 8
Event: 3.733 Thread 0x0000000018c0b000 Uncommon trap: reason=bimorphic action=maybe_recompile pc=0x0000000002bb88f0 method=com.android.dx.rop.code.RegisterSpec.withSimpleType()Lcom/android/dx/rop/code/RegisterSpec; @ 21

Internal exceptions (3 events):
Event: 0.037 Thread 0x0000000002520800 Exception <a 'java/lang/NoSuchMethodError': Method sun.misc.Unsafe.defineClass(Ljava/lang/String;[BII)Ljava/lang/Class; name or signature does not match> (0x00000000d5593090) thrown at [D:\re\puppet\workspace\8-2-build-windows-amd64-cygwin\jdk8u73\6086\hotﬂ]Ï)F£?
Event: 0.038 Thread 0x0000000002520800 Exception <a 'java/lang/NoSuchMethodError': Method sun.misc.Unsafe.prefetchRead(Ljava/lang/Object;J)V name or signature does not match> (0x00000000d5593378) thrown at [D:\re\puppet\workspace\8-2-build-windows-amd64-cygwin\jdk8u73\6086\hotspot\src\share\vm\*üß√Ÿ@
Event: 3.731 Thread 0x0000000018c0b000 Implicit null exception at 0x0000000002c84e13 to 0x0000000002c87851

Events (10 events):
Event: 3.731 loading class com/android/dx/rop/code/RegisterSpec$1 done
Event: 3.731 Thread 0x0000000018c0b000 Uncommon trap: trap_request=0xfffffff4 fr.pc=0x0000000002c8789c
Event: 3.731 Thread 0x0000000018c0b000 DEOPT PACKING pc=0x0000000002c8789c sp=0x0000000019e1e940
Event: 3.731 Thread 0x0000000018c0b000 DEOPT UNPACKING pc=0x000000000266582a sp=0x0000000019e1e698 mode 2
Event: 3.732 Thread 0x0000000018c0b000 Uncommon trap: trap_request=0xffffff65 fr.pc=0x0000000002c3c640
Event: 3.732 Thread 0x0000000018c0b000 DEOPT PACKING pc=0x0000000002c3c640 sp=0x0000000019e1e830
Event: 3.732 Thread 0x0000000018c0b000 DEOPT UNPACKING pc=0x000000000266582a sp=0x0000000019e1e768 mode 2
Event: 3.733 Thread 0x0000000018c0b000 Uncommon trap: trap_request=0xffffffc6 fr.pc=0x0000000002bb88f0
Event: 3.733 Thread 0x0000000018c0b000 DEOPT PACKING pc=0x0000000002bb88f0 sp=0x0000000019e1e9d0
Event: 3.733 Thread 0x0000000018c0b000 DEOPT UNPACKING pc=0x000000000266582a sp=0x0000000019e1e8e8 mode 2


Dynamic libraries:
0x00007ff6fb7a0000 - 0x00007ff6fb7d7000 	X:\Program Files\Java\jdk1.8.0_73\bin\java.exe
0x00007ffec5b10000 - 0x00007ffec5cd1000 	X:\Windows\SYSTEM32\ntdll.dll
0x00007ffec35e0000 - 0x00007ffec368d000 	X:\Windows\system32\KERNEL32.DLL
0x00007ffec2930000 - 0x00007ffec2b18000 	X:\Windows\system32\KERNELBASE.dll
0x00007ffec34c0000 - 0x00007ffec3567000 	X:\Windows\system32\ADVAPI32.dll
0x00007ffec50c0000 - 0x00007ffec515d000 	X:\Windows\system32\msvcrt.dll
0x00007ffec59a0000 - 0x00007ffec59fb000 	X:\Windows\system32\sechost.dll
0x00007ffec2f10000 - 0x00007ffec302c000 	X:\Windows\system32\RPCRT4.dll
0x00007ffec32f0000 - 0x00007ffec3446000 	X:\Windows\system32\USER32.dll
0x00007ffec3030000 - 0x00007ffec31b6000 	X:\Windows\system32\GDI32.dll
0x00007ffeb89d0000 - 0x00007ffeb8c44000 	X:\Windows\WinSxS\amd64_microsoft.windows.common-controls_6595b64144ccf1df_6.0.10586.0_none_8c15ae12515e1c22\COMCTL32.dll
0x00007ffec4e20000 - 0x00007ffec509d000 	X:\Windows\system32\combase.dll
0x00007ffec2ea0000 - 0x00007ffec2f0a000 	X:\Windows\system32\bcryptPrimitives.dll
0x00007ffec56f0000 - 0x00007ffec572b000 	X:\Windows\system32\IMM32.DLL
0x0000000052330000 - 0x0000000052402000 	X:\Program Files\Java\jdk1.8.0_73\jre\bin\msvcr100.dll
0x0000000052890000 - 0x0000000053120000 	X:\Program Files\Java\jdk1.8.0_73\jre\bin\server\jvm.dll
0x00007ffec4c50000 - 0x00007ffec4c58000 	X:\Windows\system32\PSAPI.DLL
0x00007ffebded0000 - 0x00007ffebded9000 	X:\Windows\SYSTEM32\WSOCK32.dll
0x00007ffec3570000 - 0x00007ffec35db000 	X:\Windows\system32\WS2_32.dll
0x00007ffec0720000 - 0x00007ffec0743000 	X:\Windows\SYSTEM32\WINMM.dll
0x00007ffebe7e0000 - 0x00007ffebe7ea000 	X:\Windows\SYSTEM32\VERSION.dll
0x00007ffec0660000 - 0x00007ffec068c000 	X:\Windows\SYSTEM32\WINMMBASE.dll
0x00007ffec2bd0000 - 0x00007ffec2c13000 	X:\Windows\system32\cfgmgr32.dll
0x00000000527a0000 - 0x00000000527af000 	X:\Program Files\Java\jdk1.8.0_73\jre\bin\verify.dll
0x0000000052770000 - 0x0000000052799000 	X:\Program Files\Java\jdk1.8.0_73\jre\bin\java.dll
0x0000000052750000 - 0x0000000052766000 	X:\Program Files\Java\jdk1.8.0_73\jre\bin\zip.dll
0x00007ffec36f0000 - 0x00007ffec4c4c000 	X:\Windows\system32\SHELL32.dll
0x00007ffec2220000 - 0x00007ffec2865000 	X:\Windows\system32\windows.storage.dll
0x00007ffec3690000 - 0x00007ffec36e2000 	X:\Windows\system32\shlwapi.dll
0x00007ffec2130000 - 0x00007ffec213f000 	X:\Windows\system32\kernel.appcore.dll
0x00007ffec2870000 - 0x00007ffec2925000 	X:\Windows\system32\shcore.dll
0x00007ffec2140000 - 0x00007ffec218b000 	X:\Windows\system32\powrprof.dll
0x00007ffec2190000 - 0x00007ffec21a4000 	X:\Windows\system32\profapi.dll

VM Arguments:
jvm_args: -Djava.awt.headless=true -Xmx2g -Dfile.encoding=GBK -Duser.country=CN -Duser.language=zh -Duser.variant 
java_command: com.android.dx.command.Main --dex --num-threads=4 --multi-dex --output E:\Android\CalorieCounter\app\build\intermediates\transforms\dex\debug\folders\1000\10\com.android.support-support-v4-23.2.1_b3f86bb7eb2bf098389785e98df432783523f3ad E:\Android\CalorieCounter\app\build\intermediates\exploded-aar\com.android.support\support-v4\23.2.1\jars\classes.jar
java_class_path (initial): E:\QMDownload\SDK\build-tools\23.0.3\lib\dx.jar
Launcher Type: SUN_STANDARD

Environment Variables:
PATH=X:\ProgramData\Oracle\Java\javapath;X:\Windows\system32;X:\Windows;X:\Windows\System32\Wbem;X:\Windows\System32\WindowsPowerShell\v1.0\;X:\Program Files (x86)\ATI Technologies\ATI.ACE\Core-Static;D:\Program Files\MATLAB\R2013a\runtime\win64;D:\Program Files\MATLAB\R2013a\bin;X:\Program Files\Java\jdk1.8.0_73\bin;D:\Python27;X:\Program Files (x86)\MySQL\MySQL Fabric 1.5 & MySQL Utilities 1.5\;X:\Program Files (x86)\MySQL\MySQL Fabric 1.5 & MySQL Utilities 1.5\Doctrine extensions for PHP\;E:\QMDownload\SDK\platform-tools
USERNAME=Õı…≠
OS=Windows_NT
PROCESSOR_IDENTIFIER=Intel64 Family 6 Model 60 Stepping 3, GenuineIntel



---------------  S Y S T E M  ---------------

OS: Windows 10.0 , 64 bit Build 10586 (10.0.10586.0)

CPU:total 4 (4 cores per cpu, 1 threads per core) family 6 model 60 stepping 3, cmov, cx8, fxsr, mmx, sse, sse2, sse3, ssse3, sse4.1, sse4.2, popcnt, avx, avx2, aes, clmul, erms, lzcnt, tsc, tscinvbit, bmi1, bmi2

Memory: 4k page, physical 8315044k(1896260k free), swap 8315044k(4088k free)

vm_info: Java HotSpot(TM) 64-Bit Server VM (25.73-b02) for windows-amd64 JRE (1.8.0_73-b02), built on Jan 29 2016 17:38:49 by "java_re" with MS VC++ 10.0 (VS2010)

time: Tue Apr 26 20:50:19 2016
elapsed time: 3 seconds (0d 0h 0m 3s)

