#
# There is insufficient memory for the Java Runtime Environment to continue.
# Native memory allocation (malloc) failed to allocate 32744 bytes for ChunkPool::allocate
# Possible reasons:
#   The system is out of physical RAM or swap space
#   In 32 bit mode, the process size limit was hit
# Possible solutions:
#   Reduce memory load on the system
#   Increase physical memory or swap space
#   Check if swap backing store is full
#   Use 64 bit Java on a 64 bit OS
#   Decrease Java heap size (-Xmx/-Xms)
#   Decrease number of Java threads
#   Decrease Java thread stack sizes (-Xss)
#   Set larger code cache with -XX:ReservedCodeCacheSize=
# This output file may be truncated or incomplete.
#
#  Out of Memory Error (allocation.cpp:273), pid=16120, tid=3308
#
# JRE version: Java(TM) SE Runtime Environment (8.0_73-b02) (build 1.8.0_73-b02)
# Java VM: Java HotSpot(TM) 64-Bit Server VM (25.73-b02 mixed mode windows-amd64 compressed oops)
# Failed to write core dump. Minidumps are not enabled by default on client versions of Windows
#

---------------  T H R E A D  ---------------

Current thread (0x00000000165eb800):  JavaThread "pool-1-thread-1" [_thread_in_vm, id=3308, stack(0x0000000016c40000,0x0000000016d40000)]

Stack: [0x0000000016c40000,0x0000000016d40000]
[error occurred during error reporting (printing stack bounds), id 0xc0000005]

Native frames: (J=compiled Java code, j=interpreted, Vv=VM code, C=native code)

Java frames: (J=compiled Java code, j=interpreted, Vv=VM code)
j  java.lang.ClassLoader.defineClass1(Ljava/lang/String;[BIILjava/security/ProtectionDomain;Ljava/lang/String;)Ljava/lang/Class;+0
j  java.lang.ClassLoader.defineClass(Ljava/lang/String;[BIILjava/security/ProtectionDomain;)Ljava/lang/Class;+27
j  java.security.SecureClassLoader.defineClass(Ljava/lang/String;[BIILjava/security/CodeSource;)Ljava/lang/Class;+12
j  java.net.URLClassLoader.defineClass(Ljava/lang/String;Lsun/misc/Resource;)Ljava/lang/Class;+138
j  java.net.URLClassLoader.access$100(Ljava/net/URLClassLoader;Ljava/lang/String;Lsun/misc/Resource;)Ljava/lang/Class;+3
j  java.net.URLClassLoader$1.run()Ljava/lang/Class;+43
j  java.net.URLClassLoader$1.run()Ljava/lang/Object;+1
v  ~StubRoutines::call_stub
j  java.security.AccessController.doPrivileged(Ljava/security/PrivilegedExceptionAction;Ljava/security/AccessControlContext;)Ljava/lang/Object;+0
j  java.net.URLClassLoader.findClass(Ljava/lang/String;)Ljava/lang/Class;+13
J 103 C1 java.lang.ClassLoader.loadClass(Ljava/lang/String;Z)Ljava/lang/Class; (122 bytes) @ 0x000000000282656c [0x0000000002825c00+0x96c]
j  sun.misc.Launcher$AppClassLoader.loadClass(Ljava/lang/String;Z)Ljava/lang/Class;+81
j  java.lang.ClassLoader.loadClass(Ljava/lang/String;)Ljava/lang/Class;+3
v  ~StubRoutines::call_stub
j  com.android.dx.dex.cf.CfTranslator.translate0(Lcom/android/dx/cf/direct/DirectClassFile;[BLcom/android/dx/dex/cf/CfOptions;Lcom/android/dx/dex/DexOptions;Lcom/android/dx/dex/file/DexFile;)Lcom/android/dx/dex/file/ClassDefItem;+8
j  com.android.dx.dex.cf.CfTranslator.translate(Lcom/android/dx/cf/direct/DirectClassFile;[BLcom/android/dx/dex/cf/CfOptions;Lcom/android/dx/dex/DexOptions;Lcom/android/dx/dex/file/DexFile;)Lcom/android/dx/dex/file/ClassDefItem;+6
j  com.android.dx.command.dexer.Main.translateClass([BLcom/android/dx/cf/direct/DirectClassFile;)Lcom/android/dx/dex/file/ClassDefItem;+17
j  com.android.dx.command.dexer.Main.access$2700([BLcom/android/dx/cf/direct/DirectClassFile;)Lcom/android/dx/dex/file/ClassDefItem;+2
j  com.android.dx.command.dexer.Main$ClassTranslatorTask.call()Lcom/android/dx/dex/file/ClassDefItem;+8
j  com.android.dx.command.dexer.Main$ClassTranslatorTask.call()Ljava/lang/Object;+1
j  java.util.concurrent.FutureTask.run()V+42
j  java.util.concurrent.ThreadPoolExecutor.runWorker(Ljava/util/concurrent/ThreadPoolExecutor$Worker;)V+95
j  java.util.concurrent.ThreadPoolExecutor$Worker.run()V+5
j  java.lang.Thread.run()V+11
v  ~StubRoutines::call_stub

---------------  P R O C E S S  ---------------

Java Threads: ( => current thread )
  0x0000000016648800 JavaThread "pool-1-thread-4" [_thread_in_vm, id=15660, stack(0x0000000017040000,0x0000000017140000)]
  0x0000000016606000 JavaThread "pool-1-thread-3" [_thread_blocked, id=10128, stack(0x0000000016f40000,0x0000000017040000)]
  0x00000000165f3000 JavaThread "pool-1-thread-2" [_thread_blocked, id=15816, stack(0x0000000016e40000,0x0000000016f40000)]
  0x00000000165ee800 JavaThread "pool-2-thread-1" [_thread_blocked, id=15600, stack(0x0000000016d40000,0x0000000016e40000)]
=>0x00000000165eb800 JavaThread "pool-1-thread-1" [_thread_in_vm, id=3308, stack(0x0000000016c40000,0x0000000016d40000)]
  0x00000000164a0800 JavaThread "Service Thread" daemon [_thread_blocked, id=11184, stack(0x0000000016a40000,0x0000000016b40000)]
  0x0000000016496800 JavaThread "C1 CompilerThread2" daemon [_thread_in_native, id=15812, stack(0x0000000016940000,0x0000000016a40000)]
  0x0000000014e1d800 JavaThread "C2 CompilerThread1" daemon [_thread_blocked, id=664, stack(0x0000000016840000,0x0000000016940000)]
  0x0000000014e1b000 JavaThread "C2 CompilerThread0" daemon [_thread_in_native, id=2692, stack(0x0000000016340000,0x0000000016440000)]
  0x0000000014dce800 JavaThread "Attach Listener" daemon [_thread_blocked, id=15516, stack(0x0000000016240000,0x0000000016340000)]
  0x0000000014db8000 JavaThread "Signal Dispatcher" daemon [_thread_blocked, id=16620, stack(0x0000000016140000,0x0000000016240000)]
  0x00000000026e7000 JavaThread "Finalizer" daemon [_thread_blocked, id=15272, stack(0x0000000016040000,0x0000000016140000)]
  0x0000000014d89000 JavaThread "Reference Handler" daemon [_thread_blocked, id=13508, stack(0x0000000015f40000,0x0000000016040000)]
  0x00000000025f1000 JavaThread "main" [_thread_blocked, id=11960, stack(0x00000000024f0000,0x00000000025f0000)]

Other Threads:
  0x0000000014d87800 VMThread [stack: 0x0000000015e40000,0x0000000015f40000] [id=15108]
  0x00000000164f8000 WatcherThread [stack: 0x0000000016b40000,0x0000000016c40000] [id=11956]

VM state:not at safepoint (normal execution)

VM Mutex/Monitor currently owned by a thread: None

Heap:
 PSYoungGen      total 38400K, used 7987K [0x00000000eab00000, 0x00000000ed580000, 0x0000000100000000)
  eden space 33280K, 24% used [0x00000000eab00000,0x00000000eb2ccf70,0x00000000ecb80000)
  from space 5120K, 0% used [0x00000000ed080000,0x00000000ed080000,0x00000000ed580000)
  to   space 5120K, 0% used [0x00000000ecb80000,0x00000000ecb80000,0x00000000ed080000)
 ParOldGen       total 87552K, used 0K [0x00000000c0000000, 0x00000000c5580000, 0x00000000eab00000)
  object space 87552K, 0% used [0x00000000c0000000,0x00000000c0000000,0x00000000c5580000)
 Metaspace       used 3819K, capacity 5104K, committed 5376K, reserved 1056768K
  class space    used 432K, capacity 488K, committed 512K, reserved 1048576K

Card table byte_map: [0x0000000011ab0000,0x0000000011cc0000] byte_map_base: 0x00000000114b0000

Marking Bits: (ParMarkBitMap*) 0x000000005c2e0600
 Begin Bits: [0x0000000012220000, 0x0000000013220000)
 End Bits:   [0x0000000013220000, 0x0000000014220000)

Polling page: 0x00000000001f0000

CodeCache: size=245760Kb used=1348Kb max_used=1359Kb free=244411Kb
 bounds [0x00000000026f0000, 0x0000000002960000, 0x00000000116f0000]
 total_blobs=413 nmethods=160 adapters=166
 compilation: enabled

Compilation events (10 events):
Event: 0.770 Thread 0x0000000016496800 nmethod 155 0x000000000283e050 code [0x000000000283e1c0, 0x000000000283e3d0]
Event: 0.770 Thread 0x0000000016496800  157   !   3       com.android.dx.cf.cst.ConstantPoolParser::parse0 (731 bytes)
Event: 0.770 Thread 0x0000000014e1b000 nmethod 159 0x000000000283dc90 code [0x000000000283dde0, 0x000000000283def8]
Event: 0.774 Thread 0x0000000014e1d800  179       4       com.android.dx.util.ByteArray::getUnsignedShort (25 bytes)
Event: 0.775 Thread 0x0000000014e1d800 nmethod 179 0x000000000283fdd0 code [0x000000000283ff20, 0x0000000002840078]
Event: 0.775 Thread 0x0000000014e1b000  180       4       com.android.dx.rop.cst.CstString::utf8BytesToString (391 bytes)
Event: 0.778 Thread 0x0000000014e1d800  188   !   4       com.android.dx.rop.cst.StdConstantPool::getOrNull (13 bytes)
Event: 0.778 Thread 0x0000000014e1d800 nmethod 188 0x0000000002840790 code [0x00000000028408c0, 0x0000000002840958]
Event: 0.778 Thread 0x0000000014e1d800  192       4       com.android.dx.util.MutabilityControl::throwIfImmutable (18 bytes)
Event: 0.778 Thread 0x0000000014e1d800 nmethod 192 0x000000000283fb90 code [0x000000000283fcc0, 0x000000000283fd38]

GC Heap History (0 events):
No events

Deoptimization events (0 events):
No events

Internal exceptions (2 events):
Event: 0.228 Thread 0x00000000025f1000 Exception <a 'java/lang/NoSuchMethodError': Method sun.misc.Unsafe.defineClass(Ljava/lang/String;[BII)Ljava/lang/Class; name or signature does not match> (0x00000000eab12f58) thrown at [D:\re\puppet\workspace\8-2-build-windows-amd64-cygwin\jdk8u73\6086\hotgçãÄm?Õ?
Event: 0.228 Thread 0x00000000025f1000 Exception <a 'java/lang/NoSuchMethodError': Method sun.misc.Unsafe.prefetchRead(Ljava/lang/Object;J)V name or signature does not match> (0x00000000eab13240) thrown at [D:\re\puppet\workspace\8-2-build-windows-amd64-cygwin\jdk8u73\6086\hotspot\src\share\vm\

Events (10 events):
Event: 0.770 loading class com/android/dx/rop/cst/CstByte
Event: 0.770 loading class com/android/dx/rop/cst/CstByte done
Event: 0.770 loading class com/android/dx/rop/cst/CstChar
Event: 0.770 loading class com/android/dx/rop/cst/CstChar done
Event: 0.770 loading class com/android/dx/rop/cst/CstShort
Event: 0.771 loading class com/android/dx/rop/cst/CstShort done
Event: 0.771 loading class com/android/dx/dex/cf/OptimizerOptions
Event: 0.771 loading class com/android/dx/dex/cf/OptimizerOptions done
Event: 0.771 Thread 0x0000000016606000 Thread added: 0x0000000016606000
Event: 0.771 Thread 0x0000000016648800 Thread added: 0x0000000016648800


Dynamic libraries:
0x00007ff77a6d0000 - 0x00007ff77a707000 	X:\Program Files\Java\jdk1.8.0_73\bin\java.exe
0x00007ffeb02d0000 - 0x00007ffeb0491000 	X:\Windows\SYSTEM32\ntdll.dll
0x00007ffeadbf0000 - 0x00007ffeadc9d000 	X:\Windows\system32\KERNEL32.DLL
0x00007ffead150000 - 0x00007ffead338000 	X:\Windows\system32\KERNELBASE.dll
0x00007ffeae4e0000 - 0x00007ffeae587000 	X:\Windows\system32\ADVAPI32.dll
0x00007ffeaffc0000 - 0x00007ffeb005d000 	X:\Windows\system32\msvcrt.dll
0x00007ffeae8a0000 - 0x00007ffeae8fb000 	X:\Windows\system32\sechost.dll
0x00007ffeae140000 - 0x00007ffeae25c000 	X:\Windows\system32\RPCRT4.dll
0x00007ffeae900000 - 0x00007ffeaea56000 	X:\Windows\system32\USER32.dll
0x00007ffeb0130000 - 0x00007ffeb02b6000 	X:\Windows\system32\GDI32.dll
0x00007ffea4370000 - 0x00007ffea45e4000 	X:\Windows\WinSxS\amd64_microsoft.windows.common-controls_6595b64144ccf1df_6.0.10586.0_none_8c15ae12515e1c22\COMCTL32.dll
0x00007ffeae260000 - 0x00007ffeae4dd000 	X:\Windows\system32\combase.dll
0x00007ffead030000 - 0x00007ffead09a000 	X:\Windows\system32\bcryptPrimitives.dll
0x00007ffead6d0000 - 0x00007ffead70b000 	X:\Windows\system32\IMM32.DLL
0x000000005b480000 - 0x000000005b552000 	X:\Program Files\Java\jdk1.8.0_73\jre\bin\msvcr100.dll
0x000000005bad0000 - 0x000000005c360000 	X:\Program Files\Java\jdk1.8.0_73\jre\bin\server\jvm.dll
0x00007ffeadb10000 - 0x00007ffeadb18000 	X:\Windows\system32\PSAPI.DLL
0x00007ffeaae40000 - 0x00007ffeaae63000 	X:\Windows\SYSTEM32\WINMM.dll
0x00007ffea46b0000 - 0x00007ffea46b9000 	X:\Windows\SYSTEM32\WSOCK32.dll
0x00007ffea9470000 - 0x00007ffea947a000 	X:\Windows\SYSTEM32\VERSION.dll
0x00007ffeae0d0000 - 0x00007ffeae13b000 	X:\Windows\system32\WS2_32.dll
0x00000000023e0000 - 0x000000000240c000 	X:\Windows\SYSTEM32\WINMMBASE.dll
0x00007ffead340000 - 0x00007ffead383000 	X:\Windows\system32\cfgmgr32.dll
0x000000005b9e0000 - 0x000000005b9ef000 	X:\Program Files\Java\jdk1.8.0_73\jre\bin\verify.dll
0x000000005b9b0000 - 0x000000005b9d9000 	X:\Program Files\Java\jdk1.8.0_73\jre\bin\java.dll
0x000000005b990000 - 0x000000005b9a6000 	X:\Program Files\Java\jdk1.8.0_73\jre\bin\zip.dll
0x00007ffeaea60000 - 0x00007ffeaffbc000 	X:\Windows\system32\SHELL32.dll
0x00007ffeac980000 - 0x00007ffeacfc5000 	X:\Windows\system32\windows.storage.dll
0x00007ffead950000 - 0x00007ffead9a2000 	X:\Windows\system32\shlwapi.dll
0x00007ffeac970000 - 0x00007ffeac97f000 	X:\Windows\system32\kernel.appcore.dll
0x00007ffead560000 - 0x00007ffead615000 	X:\Windows\system32\shcore.dll
0x00007ffeac8f0000 - 0x00007ffeac93b000 	X:\Windows\system32\powrprof.dll
0x00007ffeac940000 - 0x00007ffeac954000 	X:\Windows\system32\profapi.dll

VM Arguments:
jvm_args: -Djava.awt.headless=true -Xmx1024M -Dfile.encoding=GBK -Duser.country=CN -Duser.language=zh -Duser.variant 
java_command: com.android.dx.command.Main --dex --num-threads=4 --output E:\Android\CalorieCounter\app\build\intermediates\pre-dexed\debug\debug_c12e9ece3e3c2bd2b03ef862e6ab9486fb6796ba.jar E:\Android\CalorieCounter\app\build\intermediates\classes\debug
java_class_path (initial): E:\QMDownload\SDK\build-tools\23.0.3\lib\dx.jar
Launcher Type: SUN_STANDARD

Environment Variables:
PATH=X:\ProgramData\Oracle\Java\javapath;X:\Windows\system32;X:\Windows;X:\Windows\System32\Wbem;X:\Windows\System32\WindowsPowerShell\v1.0\;X:\Program Files (x86)\ATI Technologies\ATI.ACE\Core-Static;D:\Program Files\MATLAB\R2013a\runtime\win64;D:\Program Files\MATLAB\R2013a\bin;X:\Program Files\Java\jdk1.8.0_73\bin;D:\Python27;X:\Program Files (x86)\MySQL\MySQL Fabric 1.5 & MySQL Utilities 1.5\;X:\Program Files (x86)\MySQL\MySQL Fabric 1.5 & MySQL Utilities 1.5\Doctrine extensions for PHP\
USERNAME=Õı…≠
OS=Windows_NT
PROCESSOR_IDENTIFIER=Intel64 Family 6 Model 60 Stepping 3, GenuineIntel



---------------  S Y S T E M  ---------------

OS: Windows 10.0 , 64 bit Build 10586 (10.0.10586.0)

CPU:total 4 (4 cores per cpu, 1 threads per core) family 6 model 60 stepping 3, cmov, cx8, fxsr, mmx, sse, sse2, sse3, ssse3, sse4.1, sse4.2, popcnt, avx, avx2, aes, clmul, erms, lzcnt, tsc, tscinvbit, bmi1, bmi2

Memory: 4k page, physical 8315044k(1507668k free), swap 8315044k(1196k free)

vm_info: Java HotSpot(TM) 64-Bit Server VM (25.73-b02) for windows-amd64 JRE (1.8.0_73-b02), built on Jan 29 2016 17:38:49 by "java_re" with MS VC++ 10.0 (VS2010)

time: Thu Apr 14 21:01:23 2016
elapsed time: 0 seconds (0d 0h 0m 0s)

