#
# There is insufficient memory for the Java Runtime Environment to continue.
# Native memory allocation (malloc) failed to allocate 1290336 bytes for Chunk::new
# Possible reasons:
#   The system is out of physical RAM or swap space
#   In 32 bit mode, the process size limit was hit
# Possible solutions:
#   Reduce memory load on the system
#   Increase physical memory or swap space
#   Check if swap backing store is full
#   Use 64 bit Java on a 64 bit OS
#   Decrease Java heap size (-Xmx/-Xms)
#   Decrease number of Java threads
#   Decrease Java thread stack sizes (-Xss)
#   Set larger code cache with -XX:ReservedCodeCacheSize=
# This output file may be truncated or incomplete.
#
#  Out of Memory Error (allocation.cpp:390), pid=5408, tid=7916
#
# JRE version: Java(TM) SE Runtime Environment (8.0_73-b02) (build 1.8.0_73-b02)
# Java VM: Java HotSpot(TM) 64-Bit Server VM (25.73-b02 mixed mode windows-amd64 compressed oops)
# Failed to write core dump. Minidumps are not enabled by default on client versions of Windows
#

---------------  T H R E A D  ---------------

Current thread (0x000000001735a000):  JavaThread "C2 CompilerThread0" daemon [_thread_in_native, id=7916, stack(0x0000000018850000,0x0000000018950000)]

Stack: [0x0000000018850000,0x0000000018950000]
[error occurred during error reporting (printing stack bounds), id 0xc0000005]

Native frames: (J=compiled Java code, j=interpreted, Vv=VM code, C=native code)


Current CompileTask:
C2:   3247 1694   !   4       com.android.dx.cf.code.Ropper::processBlock (1101 bytes)


---------------  P R O C E S S  ---------------

Java Threads: ( => current thread )
  0x0000000018bd3000 JavaThread "pool-2-thread-4" [_thread_blocked, id=11120, stack(0x0000000019550000,0x0000000019650000)]
  0x0000000018bb3800 JavaThread "pool-2-thread-3" [_thread_blocked, id=5700, stack(0x0000000019450000,0x0000000019550000)]
  0x0000000018bf8800 JavaThread "pool-2-thread-2" [_thread_blocked, id=6696, stack(0x0000000019350000,0x0000000019450000)]
  0x0000000018bf5000 JavaThread "pool-3-thread-1" [_thread_blocked, id=11880, stack(0x0000000019250000,0x0000000019350000)]
  0x0000000018bf4000 JavaThread "pool-2-thread-1" [_thread_in_Java, id=6848, stack(0x0000000019150000,0x0000000019250000)]
  0x00000000189b1800 JavaThread "Service Thread" daemon [_thread_blocked, id=13912, stack(0x0000000018f50000,0x0000000019050000)]
  0x00000000189ab800 JavaThread "C1 CompilerThread2" daemon [_thread_blocked, id=11308, stack(0x0000000018e50000,0x0000000018f50000)]
  0x00000000189a0800 JavaThread "C2 CompilerThread1" daemon [_thread_in_native, id=15120, stack(0x0000000018d50000,0x0000000018e50000)]
=>0x000000001735a000 JavaThread "C2 CompilerThread0" daemon [_thread_in_native, id=7916, stack(0x0000000018850000,0x0000000018950000)]
  0x0000000017358800 JavaThread "Attach Listener" daemon [_thread_blocked, id=14436, stack(0x0000000018750000,0x0000000018850000)]
  0x000000001730c800 JavaThread "Signal Dispatcher" daemon [_thread_blocked, id=12536, stack(0x0000000018650000,0x0000000018750000)]
  0x00000000026d0800 JavaThread "Finalizer" daemon [_thread_blocked, id=800, stack(0x0000000018550000,0x0000000018650000)]
  0x00000000026cd000 JavaThread "Reference Handler" daemon [_thread_blocked, id=3956, stack(0x0000000018450000,0x0000000018550000)]
  0x00000000025e0800 JavaThread "main" [_thread_blocked, id=8400, stack(0x00000000024e0000,0x00000000025e0000)]

Other Threads:
  0x00000000172c8000 VMThread [stack: 0x0000000018350000,0x0000000018450000] [id=10732]
  0x0000000018a1c000 WatcherThread [stack: 0x0000000019050000,0x0000000019150000] [id=9692]

VM state:not at safepoint (normal execution)

VM Mutex/Monitor currently owned by a thread: None

Heap:
 PSYoungGen      total 71680K, used 27394K [0x00000000d5580000, 0x00000000da080000, 0x0000000100000000)
  eden space 66560K, 33% used [0x00000000d5580000,0x00000000d6b47930,0x00000000d9680000)
  from space 5120K, 99% used [0x00000000d9b80000,0x00000000da079108,0x00000000da080000)
  to   space 5120K, 0% used [0x00000000d9680000,0x00000000d9680000,0x00000000d9b80000)
 ParOldGen       total 87552K, used 5723K [0x0000000080000000, 0x0000000085580000, 0x00000000d5580000)
  object space 87552K, 6% used [0x0000000080000000,0x0000000080596d78,0x0000000085580000)
 Metaspace       used 6245K, capacity 7092K, committed 7296K, reserved 1056768K
  class space    used 605K, capacity 620K, committed 640K, reserved 1048576K

Card table byte_map: [0x0000000011aa0000,0x0000000011eb0000] byte_map_base: 0x00000000116a0000

Marking Bits: (ParMarkBitMap*) 0x00000000530a0600
 Begin Bits: [0x0000000012560000, 0x0000000014560000)
 End Bits:   [0x0000000014560000, 0x0000000016560000)

Polling page: 0x0000000000440000

CodeCache: size=245760Kb used=7820Kb max_used=7820Kb free=237939Kb
 bounds [0x00000000026e0000, 0x0000000002e90000, 0x00000000116e0000]
 total_blobs=1958 nmethods=1686 adapters=184
 compilation: enabled

Compilation events (10 events):
Event: 3.241 Thread 0x00000000189ab800 1714       3       java.util.concurrent.locks.ReentrantLock$Sync::isHeldExclusively (16 bytes)
Event: 3.241 Thread 0x00000000189ab800 nmethod 1714 0x0000000002e2ee50 code [0x0000000002e2efc0, 0x0000000002e2f230]
Event: 3.241 Thread 0x00000000189ab800 1715       3       java.util.concurrent.locks.AbstractQueuedSynchronizer::setState (6 bytes)
Event: 3.241 Thread 0x00000000189ab800 nmethod 1715 0x0000000002e30750 code [0x0000000002e308a0, 0x0000000002e309f0]
Event: 3.243 Thread 0x00000000189ab800 1716       2       com.android.dx.ssa.LiteralOpUpgrader::tryReplacingWithConstant (161 bytes)
Event: 3.243 Thread 0x00000000189ab800 nmethod 1716 0x0000000002e1b890 code [0x0000000002e1baa0, 0x0000000002e1c0d8]
Event: 3.244 Thread 0x00000000189ab800 1717       3       java.util.concurrent.locks.ReentrantLock$FairSync::tryAcquire (74 bytes)
Event: 3.245 Thread 0x00000000189ab800 nmethod 1717 0x0000000002e68c10 code [0x0000000002e68dc0, 0x0000000002e695f8]
Event: 3.246 Thread 0x00000000189ab800 1719       3       com.android.dx.rop.annotation.Annotation::<init> (54 bytes)
Event: 3.246 Thread 0x00000000189ab800 nmethod 1719 0x0000000002e68210 code [0x0000000002e683c0, 0x0000000002e68978]

GC Heap History (4 events):
Event: 1.092 GC heap before
{Heap before GC invocations=1 (full 0):
 PSYoungGen      total 38400K, used 33280K [0x00000000d5580000, 0x00000000d8000000, 0x0000000100000000)
  eden space 33280K, 100% used [0x00000000d5580000,0x00000000d7600000,0x00000000d7600000)
  from space 5120K, 0% used [0x00000000d7b00000,0x00000000d7b00000,0x00000000d8000000)
  to   space 5120K, 0% used [0x00000000d7600000,0x00000000d7600000,0x00000000d7b00000)
 ParOldGen       total 87552K, used 0K [0x0000000080000000, 0x0000000085580000, 0x00000000d5580000)
  object space 87552K, 0% used [0x0000000080000000,0x0000000080000000,0x0000000085580000)
 Metaspace       used 6040K, capacity 6900K, committed 7040K, reserved 1056768K
  class space    used 603K, capacity 620K, committed 640K, reserved 1048576K
Event: 1.171 GC heap after
Heap after GC invocations=1 (full 0):
 PSYoungGen      total 38400K, used 5105K [0x00000000d5580000, 0x00000000da080000, 0x0000000100000000)
  eden space 33280K, 0% used [0x00000000d5580000,0x00000000d5580000,0x00000000d7600000)
  from space 5120K, 99% used [0x00000000d7600000,0x00000000d7afc430,0x00000000d7b00000)
  to   space 5120K, 0% used [0x00000000d9b80000,0x00000000d9b80000,0x00000000da080000)
 ParOldGen       total 87552K, used 1291K [0x0000000080000000, 0x0000000085580000, 0x00000000d5580000)
  object space 87552K, 1% used [0x0000000080000000,0x0000000080142f00,0x0000000085580000)
 Metaspace       used 6040K, capacity 6900K, committed 7040K, reserved 1056768K
  class space    used 603K, capacity 620K, committed 640K, reserved 1048576K
}
Event: 1.909 GC heap before
{Heap before GC invocations=2 (full 0):
 PSYoungGen      total 38400K, used 38385K [0x00000000d5580000, 0x00000000da080000, 0x0000000100000000)
  eden space 33280K, 100% used [0x00000000d5580000,0x00000000d7600000,0x00000000d7600000)
  from space 5120K, 99% used [0x00000000d7600000,0x00000000d7afc430,0x00000000d7b00000)
  to   space 5120K, 0% used [0x00000000d9b80000,0x00000000d9b80000,0x00000000da080000)
 ParOldGen       total 87552K, used 1291K [0x0000000080000000, 0x0000000085580000, 0x00000000d5580000)
  object space 87552K, 1% used [0x0000000080000000,0x0000000080142f00,0x0000000085580000)
 Metaspace       used 6211K, capacity 7092K, committed 7296K, reserved 1056768K
  class space    used 605K, capacity 620K, committed 640K, reserved 1048576K
Event: 1.919 GC heap after
Heap after GC invocations=2 (full 0):
 PSYoungGen      total 71680K, used 5092K [0x00000000d5580000, 0x00000000da080000, 0x0000000100000000)
  eden space 66560K, 0% used [0x00000000d5580000,0x00000000d5580000,0x00000000d9680000)
  from space 5120K, 99% used [0x00000000d9b80000,0x00000000da079108,0x00000000da080000)
  to   space 5120K, 0% used [0x00000000d9680000,0x00000000d9680000,0x00000000d9b80000)
 ParOldGen       total 87552K, used 5723K [0x0000000080000000, 0x0000000085580000, 0x00000000d5580000)
  object space 87552K, 6% used [0x0000000080000000,0x0000000080596d78,0x0000000085580000)
 Metaspace       used 6211K, capacity 7092K, committed 7296K, reserved 1056768K
  class space    used 605K, capacity 620K, committed 640K, reserved 1048576K
}

Deoptimization events (10 events):
Event: 2.267 Thread 0x0000000018bf8800 Uncommon trap: reason=class_check action=maybe_recompile pc=0x0000000002d6ff58 method=com.android.dx.cf.code.RopperMachine.run(Lcom/android/dx/cf/code/Frame;II)V @ 310
Event: 2.399 Thread 0x0000000018bf4000 Uncommon trap: reason=bimorphic action=maybe_recompile pc=0x0000000002bf77f8 method=com.android.dx.ssa.LiteralOpUpgrader.tryReplacingWithConstant(Lcom/android/dx/ssa/NormalSsaInsn;)Z @ 52
Event: 2.399 Thread 0x0000000018bf4000 Uncommon trap: reason=bimorphic action=maybe_recompile pc=0x0000000002bf77f8 method=com.android.dx.ssa.LiteralOpUpgrader.tryReplacingWithConstant(Lcom/android/dx/ssa/NormalSsaInsn;)Z @ 52
Event: 2.474 Thread 0x0000000018bf4000 Uncommon trap: reason=bimorphic action=maybe_recompile pc=0x0000000002bf77f8 method=com.android.dx.ssa.LiteralOpUpgrader.tryReplacingWithConstant(Lcom/android/dx/ssa/NormalSsaInsn;)Z @ 52
Event: 2.747 Thread 0x0000000018bf4000 Uncommon trap: reason=class_check action=maybe_recompile pc=0x0000000002d961a8 method=com.android.dx.rop.code.RegisterSpec.withSimpleType()Lcom/android/dx/rop/code/RegisterSpec; @ 21
Event: 2.844 Thread 0x00000000025e0800 Uncommon trap: reason=unloaded action=reinterpret pc=0x0000000002e3b334 method=com.android.dx.cf.cst.ConstantPoolParser.parse0(ILjava/util/BitSet;)Lcom/android/dx/rop/cst/Constant; @ 198
Event: 2.986 Thread 0x0000000018bf4000 Uncommon trap: reason=unstable_if action=reinterpret pc=0x0000000002ded0a0 method=com.android.dx.ssa.InterferenceRegisterMapper.interferes(III)Z @ 35
Event: 2.987 Thread 0x0000000018bf4000 Uncommon trap: reason=bimorphic action=maybe_recompile pc=0x0000000002d846dc method=com.android.dx.cf.code.BytecodeArray.parseInstruction(ILcom/android/dx/cf/code/BytecodeArray$Visitor;)I @ 955
Event: 2.987 Thread 0x0000000018bf4000 Uncommon trap: reason=bimorphic action=maybe_recompile pc=0x0000000002d846dc method=com.android.dx.cf.code.BytecodeArray.parseInstruction(ILcom/android/dx/cf/code/BytecodeArray$Visitor;)I @ 955
Event: 3.232 Thread 0x0000000018bb3800 Uncommon trap: reason=bimorphic action=maybe_recompile pc=0x0000000002c0a548 method=com.android.dx.ssa.LiteralOpUpgrader.tryReplacingWithConstant(Lcom/android/dx/ssa/NormalSsaInsn;)Z @ 52

Internal exceptions (4 events):
Event: 0.042 Thread 0x00000000025e0800 Exception <a 'java/lang/NoSuchMethodError': Method sun.misc.Unsafe.defineClass(Ljava/lang/String;[BII)Ljava/lang/Class; name or signature does not match> (0x00000000d5593090) thrown at [D:\re\puppet\workspace\8-2-build-windows-amd64-cygwin\jdk8u73\6086\hoteXãåý[¥?
Event: 0.042 Thread 0x00000000025e0800 Exception <a 'java/lang/NoSuchMethodError': Method sun.misc.Unsafe.prefetchRead(Ljava/lang/Object;J)V name or signature does not match> (0x00000000d5593378) thrown at [D:\re\puppet\workspace\8-2-build-windows-amd64-cygwin\jdk8u73\6086\hotspot\src\share\vm\&¥9SBÞô?
Event: 1.304 Thread 0x0000000018bd3000 Implicit null exception at 0x0000000002b503e2 to 0x0000000002b504da
Event: 1.390 Thread 0x0000000018bf4000 Implicit null exception at 0x00000000029caa32 to 0x00000000029cc3d1

Events (10 events):
Event: 2.986 Thread 0x0000000018bf4000 DEOPT UNPACKING pc=0x000000000272582a sp=0x000000001924e778 mode 2
Event: 2.987 Thread 0x0000000018bf4000 Uncommon trap: trap_request=0xffffffc6 fr.pc=0x0000000002d846dc
Event: 2.987 Thread 0x0000000018bf4000 DEOPT PACKING pc=0x0000000002d846dc sp=0x000000001924e690
Event: 2.987 Thread 0x0000000018bf4000 DEOPT UNPACKING pc=0x000000000272582a sp=0x000000001924e638 mode 2
Event: 2.987 Thread 0x0000000018bf4000 Uncommon trap: trap_request=0xffffffc6 fr.pc=0x0000000002d846dc
Event: 2.987 Thread 0x0000000018bf4000 DEOPT PACKING pc=0x0000000002d846dc sp=0x000000001924e520
Event: 2.987 Thread 0x0000000018bf4000 DEOPT UNPACKING pc=0x000000000272582a sp=0x000000001924e4c8 mode 2
Event: 3.232 Thread 0x0000000018bb3800 Uncommon trap: trap_request=0xffffffc6 fr.pc=0x0000000002c0a548
Event: 3.232 Thread 0x0000000018bb3800 DEOPT PACKING pc=0x0000000002c0a548 sp=0x000000001954e8b0
Event: 3.232 Thread 0x0000000018bb3800 DEOPT UNPACKING pc=0x000000000272582a sp=0x000000001954e860 mode 2


Dynamic libraries:
0x00007ff6fb7a0000 - 0x00007ff6fb7d7000 	X:\Program Files\Java\jdk1.8.0_73\bin\java.exe
0x00007ffec5b10000 - 0x00007ffec5cd1000 	X:\Windows\SYSTEM32\ntdll.dll
0x00007ffec35e0000 - 0x00007ffec368d000 	X:\Windows\system32\KERNEL32.DLL
0x00007ffec2930000 - 0x00007ffec2b18000 	X:\Windows\system32\KERNELBASE.dll
0x00007ffec34c0000 - 0x00007ffec3567000 	X:\Windows\system32\ADVAPI32.dll
0x00007ffec50c0000 - 0x00007ffec515d000 	X:\Windows\system32\msvcrt.dll
0x00007ffec59a0000 - 0x00007ffec59fb000 	X:\Windows\system32\sechost.dll
0x00007ffec2f10000 - 0x00007ffec302c000 	X:\Windows\system32\RPCRT4.dll
0x00007ffec32f0000 - 0x00007ffec3446000 	X:\Windows\system32\USER32.dll
0x00007ffec3030000 - 0x00007ffec31b6000 	X:\Windows\system32\GDI32.dll
0x00007ffeb89d0000 - 0x00007ffeb8c44000 	X:\Windows\WinSxS\amd64_microsoft.windows.common-controls_6595b64144ccf1df_6.0.10586.0_none_8c15ae12515e1c22\COMCTL32.dll
0x00007ffec4e20000 - 0x00007ffec509d000 	X:\Windows\system32\combase.dll
0x00007ffec2ea0000 - 0x00007ffec2f0a000 	X:\Windows\system32\bcryptPrimitives.dll
0x00007ffec56f0000 - 0x00007ffec572b000 	X:\Windows\system32\IMM32.DLL
0x0000000052330000 - 0x0000000052402000 	X:\Program Files\Java\jdk1.8.0_73\jre\bin\msvcr100.dll
0x0000000052890000 - 0x0000000053120000 	X:\Program Files\Java\jdk1.8.0_73\jre\bin\server\jvm.dll
0x00007ffec4c50000 - 0x00007ffec4c58000 	X:\Windows\system32\PSAPI.DLL
0x00007ffebded0000 - 0x00007ffebded9000 	X:\Windows\SYSTEM32\WSOCK32.dll
0x00007ffec3570000 - 0x00007ffec35db000 	X:\Windows\system32\WS2_32.dll
0x00007ffec0720000 - 0x00007ffec0743000 	X:\Windows\SYSTEM32\WINMM.dll
0x00007ffebe7e0000 - 0x00007ffebe7ea000 	X:\Windows\SYSTEM32\VERSION.dll
0x00007ffec0660000 - 0x00007ffec068c000 	X:\Windows\SYSTEM32\WINMMBASE.dll
0x00007ffec2bd0000 - 0x00007ffec2c13000 	X:\Windows\system32\cfgmgr32.dll
0x00000000527a0000 - 0x00000000527af000 	X:\Program Files\Java\jdk1.8.0_73\jre\bin\verify.dll
0x0000000052770000 - 0x0000000052799000 	X:\Program Files\Java\jdk1.8.0_73\jre\bin\java.dll
0x0000000052750000 - 0x0000000052766000 	X:\Program Files\Java\jdk1.8.0_73\jre\bin\zip.dll
0x00007ffec36f0000 - 0x00007ffec4c4c000 	X:\Windows\system32\SHELL32.dll
0x00007ffec2220000 - 0x00007ffec2865000 	X:\Windows\system32\windows.storage.dll
0x00007ffec3690000 - 0x00007ffec36e2000 	X:\Windows\system32\shlwapi.dll
0x00007ffec2130000 - 0x00007ffec213f000 	X:\Windows\system32\kernel.appcore.dll
0x00007ffec2870000 - 0x00007ffec2925000 	X:\Windows\system32\shcore.dll
0x00007ffec2140000 - 0x00007ffec218b000 	X:\Windows\system32\powrprof.dll
0x00007ffec2190000 - 0x00007ffec21a4000 	X:\Windows\system32\profapi.dll

VM Arguments:
jvm_args: -Djava.awt.headless=true -Xmx2g -Dfile.encoding=GBK -Duser.country=CN -Duser.language=zh -Duser.variant 
java_command: com.android.dx.command.Main --dex --num-threads=4 --multi-dex --output E:\Android\CalorieCounter\app\build\intermediates\transforms\dex\debug\folders\1000\10\com.android.support-design-23.2.1_2a94e4507ec2bfa02df0223d8ec37cf5629c4adb E:\Android\CalorieCounter\app\build\intermediates\exploded-aar\com.android.support\design\23.2.1\jars\classes.jar
java_class_path (initial): E:\QMDownload\SDK\build-tools\23.0.3\lib\dx.jar
Launcher Type: SUN_STANDARD

Environment Variables:
PATH=X:\ProgramData\Oracle\Java\javapath;X:\Windows\system32;X:\Windows;X:\Windows\System32\Wbem;X:\Windows\System32\WindowsPowerShell\v1.0\;X:\Program Files (x86)\ATI Technologies\ATI.ACE\Core-Static;D:\Program Files\MATLAB\R2013a\runtime\win64;D:\Program Files\MATLAB\R2013a\bin;X:\Program Files\Java\jdk1.8.0_73\bin;D:\Python27;X:\Program Files (x86)\MySQL\MySQL Fabric 1.5 & MySQL Utilities 1.5\;X:\Program Files (x86)\MySQL\MySQL Fabric 1.5 & MySQL Utilities 1.5\Doctrine extensions for PHP\;E:\QMDownload\SDK\platform-tools
USERNAME=ÍõÉ­
OS=Windows_NT
PROCESSOR_IDENTIFIER=Intel64 Family 6 Model 60 Stepping 3, GenuineIntel



---------------  S Y S T E M  ---------------

OS: Windows 10.0 , 64 bit Build 10586 (10.0.10586.0)

CPU:total 4 (4 cores per cpu, 1 threads per core) family 6 model 60 stepping 3, cmov, cx8, fxsr, mmx, sse, sse2, sse3, ssse3, sse4.1, sse4.2, popcnt, avx, avx2, aes, clmul, erms, lzcnt, tsc, tscinvbit, bmi1, bmi2

Memory: 4k page, physical 8315044k(1918020k free), swap 8315044k(5608k free)

vm_info: Java HotSpot(TM) 64-Bit Server VM (25.73-b02) for windows-amd64 JRE (1.8.0_73-b02), built on Jan 29 2016 17:38:49 by "java_re" with MS VC++ 10.0 (VS2010)

time: Tue Apr 26 20:49:19 2016
elapsed time: 3 seconds (0d 0h 0m 3s)

