#
# There is insufficient memory for the Java Runtime Environment to continue.
# Native memory allocation (malloc) failed to allocate 1730512 bytes for Chunk::new
# Possible reasons:
#   The system is out of physical RAM or swap space
#   In 32 bit mode, the process size limit was hit
# Possible solutions:
#   Reduce memory load on the system
#   Increase physical memory or swap space
#   Check if swap backing store is full
#   Use 64 bit Java on a 64 bit OS
#   Decrease Java heap size (-Xmx/-Xms)
#   Decrease number of Java threads
#   Decrease Java thread stack sizes (-Xss)
#   Set larger code cache with -XX:ReservedCodeCacheSize=
# This output file may be truncated or incomplete.
#
#  Out of Memory Error (allocation.cpp:390), pid=7192, tid=14048
#
# JRE version: Java(TM) SE Runtime Environment (8.0_73-b02) (build 1.8.0_73-b02)
# Java VM: Java HotSpot(TM) 64-Bit Server VM (25.73-b02 mixed mode windows-amd64 compressed oops)
# Failed to write core dump. Minidumps are not enabled by default on client versions of Windows
#

---------------  T H R E A D  ---------------

Current thread (0x000000001729d000):  JavaThread "C2 CompilerThread1" daemon [_thread_in_native, id=14048, stack(0x0000000018cf0000,0x0000000018df0000)]

Stack: [0x0000000018cf0000,0x0000000018df0000]
[error occurred during error reporting (printing stack bounds), id 0xc0000005]

Native frames: (J=compiled Java code, j=interpreted, Vv=VM code, C=native code)


Current CompileTask:
C2:   2073 1450   !   4       com.android.dx.cf.cst.ConstantPoolParser::parse0 (731 bytes)


---------------  P R O C E S S  ---------------

Java Threads: ( => current thread )
  0x0000000018bdb800 JavaThread "pool-2-thread-4" [_thread_blocked, id=10916, stack(0x00000000194f0000,0x00000000195f0000)]
  0x0000000018bd9000 JavaThread "pool-2-thread-3" [_thread_blocked, id=13392, stack(0x00000000193f0000,0x00000000194f0000)]
  0x0000000018bd8000 JavaThread "pool-2-thread-2" [_thread_blocked, id=11000, stack(0x00000000192f0000,0x00000000193f0000)]
  0x0000000018bd7000 JavaThread "pool-3-thread-1" [_thread_blocked, id=1580, stack(0x00000000191f0000,0x00000000192f0000)]
  0x0000000018bd1000 JavaThread "pool-2-thread-1" [_thread_blocked, id=11900, stack(0x00000000190f0000,0x00000000191f0000)]
  0x0000000018959800 JavaThread "Service Thread" daemon [_thread_blocked, id=11464, stack(0x0000000018ef0000,0x0000000018ff0000)]
  0x000000001894a800 JavaThread "C1 CompilerThread2" daemon [_thread_blocked, id=11056, stack(0x0000000018df0000,0x0000000018ef0000)]
=>0x000000001729d000 JavaThread "C2 CompilerThread1" daemon [_thread_in_native, id=14048, stack(0x0000000018cf0000,0x0000000018df0000)]
  0x000000001729a000 JavaThread "C2 CompilerThread0" daemon [_thread_in_native, id=8720, stack(0x00000000187f0000,0x00000000188f0000)]
  0x000000001724e000 JavaThread "Attach Listener" daemon [_thread_blocked, id=3472, stack(0x00000000186f0000,0x00000000187f0000)]
  0x0000000017237000 JavaThread "Signal Dispatcher" daemon [_thread_blocked, id=15004, stack(0x00000000185f0000,0x00000000186f0000)]
  0x00000000025e0800 JavaThread "Finalizer" daemon [_thread_blocked, id=4776, stack(0x0000000018490000,0x0000000018590000)]
  0x00000000025dd000 JavaThread "Reference Handler" daemon [_thread_blocked, id=13980, stack(0x0000000018390000,0x0000000018490000)]
  0x00000000024f0800 JavaThread "main" [_thread_blocked, id=600, stack(0x00000000023f0000,0x00000000024f0000)]

Other Threads:
  0x0000000017208000 VMThread [stack: 0x0000000018290000,0x0000000018390000] [id=5108]
  0x00000000189b3800 WatcherThread [stack: 0x0000000018ff0000,0x00000000190f0000] [id=14952]

VM state:not at safepoint (normal execution)

VM Mutex/Monitor currently owned by a thread:  ([mutex/lock_event])
[0x00000000023ec130] Heap_lock - owner thread: 0x0000000018bd1000

Heap:
 PSYoungGen      total 71680K, used 5703K [0x00000000d5580000, 0x00000000da080000, 0x0000000100000000)
  eden space 66560K, 0% used [0x00000000d5580000,0x00000000d5611f60,0x00000000d9680000)
  from space 5120K, 99% used [0x00000000d9b80000,0x00000000da07fca8,0x00000000da080000)
  to   space 5120K, 0% used [0x00000000d9680000,0x00000000d9680000,0x00000000d9b80000)
 ParOldGen       total 87552K, used 5114K [0x0000000080000000, 0x0000000085580000, 0x00000000d5580000)
  object space 87552K, 5% used [0x0000000080000000,0x00000000804feae8,0x0000000085580000)
 Metaspace       used 6265K, capacity 7092K, committed 7296K, reserved 1056768K
  class space    used 604K, capacity 620K, committed 640K, reserved 1048576K

Card table byte_map: [0x00000000119b0000,0x0000000011dc0000] byte_map_base: 0x00000000115b0000

Marking Bits: (ParMarkBitMap*) 0x00000000530a0600
 Begin Bits: [0x0000000012470000, 0x0000000014470000)
 End Bits:   [0x0000000014470000, 0x0000000016470000)

Polling page: 0x00000000001f0000

CodeCache: size=245760Kb used=6582Kb max_used=6589Kb free=239177Kb
 bounds [0x00000000025f0000, 0x0000000002c70000, 0x00000000115f0000]
 total_blobs=1868 nmethods=1597 adapters=184
 compilation: enabled

Compilation events (10 events):
Event: 1.923 Thread 0x000000001894a800 1609       3       com.android.dx.cf.code.OneLocalsArray::makeInitialized (55 bytes)
Event: 1.924 Thread 0x000000001894a800 nmethod 1609 0x0000000002c48110 code [0x0000000002c482c0, 0x0000000002c48978]
Event: 1.925 Thread 0x000000001894a800 1611       3       com.android.dx.cf.code.BaseMachine::popArgs (137 bytes)
Event: 1.926 Thread 0x000000001894a800 nmethod 1611 0x0000000002c45610 code [0x0000000002c45980, 0x0000000002c47388]
Event: 1.926 Thread 0x000000001894a800 1612       3       com.android.dx.util.Hex::u2 (44 bytes)
Event: 1.926 Thread 0x000000001894a800 nmethod 1612 0x0000000002c44b10 code [0x0000000002c44cc0, 0x0000000002c45338]
Event: 2.068 Thread 0x000000001894a800 1614       3       com.android.dx.cf.code.ConcreteMethod::<init> (262 bytes)
Event: 2.068 Thread 0x000000001729a000 nmethod 1604 0x0000000002c40f10 code [0x0000000002c41080, 0x0000000002c415e8]
Event: 2.068 Thread 0x000000001729a000 1613   !   4       com.android.dx.cf.code.BytecodeArray::parseInstruction (2764 bytes)
Event: 2.068 Thread 0x000000001894a800 nmethod 1614 0x0000000002c42a10 code [0x0000000002c42ce0, 0x0000000002c44138]

GC Heap History (4 events):
Event: 0.822 GC heap before
{Heap before GC invocations=1 (full 0):
 PSYoungGen      total 38400K, used 33280K [0x00000000d5580000, 0x00000000d8000000, 0x0000000100000000)
  eden space 33280K, 100% used [0x00000000d5580000,0x00000000d7600000,0x00000000d7600000)
  from space 5120K, 0% used [0x00000000d7b00000,0x00000000d7b00000,0x00000000d8000000)
  to   space 5120K, 0% used [0x00000000d7600000,0x00000000d7600000,0x00000000d7b00000)
 ParOldGen       total 87552K, used 0K [0x0000000080000000, 0x0000000085580000, 0x00000000d5580000)
  object space 87552K, 0% used [0x0000000080000000,0x0000000080000000,0x0000000085580000)
 Metaspace       used 5899K, capacity 6772K, committed 7040K, reserved 1056768K
  class space    used 599K, capacity 620K, committed 640K, reserved 1048576K
Event: 0.938 GC heap after
Heap after GC invocations=1 (full 0):
 PSYoungGen      total 38400K, used 5100K [0x00000000d5580000, 0x00000000da080000, 0x0000000100000000)
  eden space 33280K, 0% used [0x00000000d5580000,0x00000000d5580000,0x00000000d7600000)
  from space 5120K, 99% used [0x00000000d7600000,0x00000000d7afb2b8,0x00000000d7b00000)
  to   space 5120K, 0% used [0x00000000d9b80000,0x00000000d9b80000,0x00000000da080000)
 ParOldGen       total 87552K, used 1152K [0x0000000080000000, 0x0000000085580000, 0x00000000d5580000)
  object space 87552K, 1% used [0x0000000080000000,0x0000000080120288,0x0000000085580000)
 Metaspace       used 5899K, capacity 6772K, committed 7040K, reserved 1056768K
  class space    used 599K, capacity 620K, committed 640K, reserved 1048576K
}
Event: 2.026 GC heap before
{Heap before GC invocations=2 (full 0):
 PSYoungGen      total 38400K, used 38380K [0x00000000d5580000, 0x00000000da080000, 0x0000000100000000)
  eden space 33280K, 100% used [0x00000000d5580000,0x00000000d7600000,0x00000000d7600000)
  from space 5120K, 99% used [0x00000000d7600000,0x00000000d7afb2b8,0x00000000d7b00000)
  to   space 5120K, 0% used [0x00000000d9b80000,0x00000000d9b80000,0x00000000da080000)
 ParOldGen       total 87552K, used 1152K [0x0000000080000000, 0x0000000085580000, 0x00000000d5580000)
  object space 87552K, 1% used [0x0000000080000000,0x0000000080120288,0x0000000085580000)
 Metaspace       used 6265K, capacity 7092K, committed 7296K, reserved 1056768K
  class space    used 604K, capacity 620K, committed 640K, reserved 1048576K
Event: 2.062 GC heap after
Heap after GC invocations=2 (full 0):
 PSYoungGen      total 71680K, used 5119K [0x00000000d5580000, 0x00000000da080000, 0x0000000100000000)
  eden space 66560K, 0% used [0x00000000d5580000,0x00000000d5580000,0x00000000d9680000)
  from space 5120K, 99% used [0x00000000d9b80000,0x00000000da07fca8,0x00000000da080000)
  to   space 5120K, 0% used [0x00000000d9680000,0x00000000d9680000,0x00000000d9b80000)
 ParOldGen       total 87552K, used 5114K [0x0000000080000000, 0x0000000085580000, 0x00000000d5580000)
  object space 87552K, 5% used [0x0000000080000000,0x00000000804feae8,0x0000000085580000)
 Metaspace       used 6265K, capacity 7092K, committed 7296K, reserved 1056768K
  class space    used 604K, capacity 620K, committed 640K, reserved 1048576K
}

Deoptimization events (7 events):
Event: 0.200 Thread 0x00000000024f0800 Uncommon trap: reason=unstable_if action=reinterpret pc=0x000000000274bf14 method=java.lang.String.compareTo(Ljava/lang/String;)I @ 38
Event: 1.882 Thread 0x0000000018bd8000 Uncommon trap: reason=unstable_if action=reinterpret pc=0x0000000002a18488 method=com.android.dx.ssa.SCCP.simulateStmt(Lcom/android/dx/ssa/SsaInsn;)V @ 53
Event: 1.926 Thread 0x0000000018bd1000 Uncommon trap: reason=class_check action=maybe_recompile pc=0x0000000002c53638 method=com.android.dx.cf.code.BytecodeArray.parseInstruction(ILcom/android/dx/cf/code/BytecodeArray$Visitor;)I @ 1051
Event: 1.926 Thread 0x0000000018bd1000 Uncommon trap: reason=class_check action=maybe_recompile pc=0x0000000002c535e8 method=com.android.dx.cf.code.BytecodeArray.parseInstruction(ILcom/android/dx/cf/code/BytecodeArray$Visitor;)I @ 1035
Event: 1.926 Thread 0x0000000018bd1000 Uncommon trap: reason=class_check action=maybe_recompile pc=0x0000000002c53638 method=com.android.dx.cf.code.BytecodeArray.parseInstruction(ILcom/android/dx/cf/code/BytecodeArray$Visitor;)I @ 1051
Event: 1.926 Thread 0x0000000018bd1000 Uncommon trap: reason=class_check action=maybe_recompile pc=0x0000000002c535e8 method=com.android.dx.cf.code.BytecodeArray.parseInstruction(ILcom/android/dx/cf/code/BytecodeArray$Visitor;)I @ 1035
Event: 1.926 Thread 0x0000000018bd1000 Uncommon trap: reason=bimorphic action=maybe_recompile pc=0x0000000002b7f0b0 method=com.android.dx.ssa.SCCP.simulatePhi(Lcom/android/dx/ssa/PhiInsn;)V @ 124

Internal exceptions (2 events):
Event: 0.034 Thread 0x00000000024f0800 Exception <a 'java/lang/NoSuchMethodError': Method sun.misc.Unsafe.defineClass(Ljava/lang/String;[BII)Ljava/lang/Class; name or signature does not match> (0x00000000d5593090) thrown at [D:\re\puppet\workspace\8-2-build-windows-amd64-cygwin\jdk8u73\6086\hotý¿`#¥8¡?
Event: 0.034 Thread 0x00000000024f0800 Exception <a 'java/lang/NoSuchMethodError': Method sun.misc.Unsafe.prefetchRead(Ljava/lang/Object;J)V name or signature does not match> (0x00000000d5593378) thrown at [D:\re\puppet\workspace\8-2-build-windows-amd64-cygwin\jdk8u73\6086\hotspot\src\share\vm\

Events (10 events):
Event: 1.926 Thread 0x0000000018bd1000 DEOPT PACKING pc=0x0000000002c53638 sp=0x00000000191ee5b0
Event: 1.926 Thread 0x0000000018bd1000 DEOPT UNPACKING pc=0x000000000263582a sp=0x00000000191ee580 mode 2
Event: 1.926 Thread 0x0000000018bd1000 Uncommon trap: trap_request=0xffffffde fr.pc=0x0000000002c535e8
Event: 1.926 Thread 0x0000000018bd1000 DEOPT PACKING pc=0x0000000002c535e8 sp=0x00000000191ee5b0
Event: 1.926 Thread 0x0000000018bd1000 DEOPT UNPACKING pc=0x000000000263582a sp=0x00000000191ee580 mode 2
Event: 1.926 Thread 0x0000000018bd1000 Uncommon trap: trap_request=0xffffffc6 fr.pc=0x0000000002b7f0b0
Event: 1.926 Thread 0x0000000018bd1000 DEOPT PACKING pc=0x0000000002b7f0b0 sp=0x00000000191ee710
Event: 1.926 Thread 0x0000000018bd1000 DEOPT UNPACKING pc=0x000000000263582a sp=0x00000000191ee6d8 mode 2
Event: 1.926 Executing VM operation: ParallelGCFailedAllocation
Event: 2.062 Executing VM operation: ParallelGCFailedAllocation done


Dynamic libraries:
0x00007ff6fb7a0000 - 0x00007ff6fb7d7000 	X:\Program Files\Java\jdk1.8.0_73\bin\java.exe
0x00007ffec5b10000 - 0x00007ffec5cd1000 	X:\Windows\SYSTEM32\ntdll.dll
0x00007ffec35e0000 - 0x00007ffec368d000 	X:\Windows\system32\KERNEL32.DLL
0x00007ffec2930000 - 0x00007ffec2b18000 	X:\Windows\system32\KERNELBASE.dll
0x00007ffec34c0000 - 0x00007ffec3567000 	X:\Windows\system32\ADVAPI32.dll
0x00007ffec50c0000 - 0x00007ffec515d000 	X:\Windows\system32\msvcrt.dll
0x00007ffec59a0000 - 0x00007ffec59fb000 	X:\Windows\system32\sechost.dll
0x00007ffec2f10000 - 0x00007ffec302c000 	X:\Windows\system32\RPCRT4.dll
0x00007ffec32f0000 - 0x00007ffec3446000 	X:\Windows\system32\USER32.dll
0x00007ffec3030000 - 0x00007ffec31b6000 	X:\Windows\system32\GDI32.dll
0x00007ffeb89d0000 - 0x00007ffeb8c44000 	X:\Windows\WinSxS\amd64_microsoft.windows.common-controls_6595b64144ccf1df_6.0.10586.0_none_8c15ae12515e1c22\COMCTL32.dll
0x00007ffec4e20000 - 0x00007ffec509d000 	X:\Windows\system32\combase.dll
0x00007ffec2ea0000 - 0x00007ffec2f0a000 	X:\Windows\system32\bcryptPrimitives.dll
0x00007ffec56f0000 - 0x00007ffec572b000 	X:\Windows\system32\IMM32.DLL
0x0000000052330000 - 0x0000000052402000 	X:\Program Files\Java\jdk1.8.0_73\jre\bin\msvcr100.dll
0x0000000052890000 - 0x0000000053120000 	X:\Program Files\Java\jdk1.8.0_73\jre\bin\server\jvm.dll
0x00007ffec4c50000 - 0x00007ffec4c58000 	X:\Windows\system32\PSAPI.DLL
0x00007ffebded0000 - 0x00007ffebded9000 	X:\Windows\SYSTEM32\WSOCK32.dll
0x00007ffebe7e0000 - 0x00007ffebe7ea000 	X:\Windows\SYSTEM32\VERSION.dll
0x00007ffec0720000 - 0x00007ffec0743000 	X:\Windows\SYSTEM32\WINMM.dll
0x00007ffec3570000 - 0x00007ffec35db000 	X:\Windows\system32\WS2_32.dll
0x00007ffec0660000 - 0x00007ffec068c000 	X:\Windows\SYSTEM32\WINMMBASE.dll
0x00007ffec2bd0000 - 0x00007ffec2c13000 	X:\Windows\system32\cfgmgr32.dll
0x00000000527a0000 - 0x00000000527af000 	X:\Program Files\Java\jdk1.8.0_73\jre\bin\verify.dll
0x0000000052770000 - 0x0000000052799000 	X:\Program Files\Java\jdk1.8.0_73\jre\bin\java.dll
0x0000000052750000 - 0x0000000052766000 	X:\Program Files\Java\jdk1.8.0_73\jre\bin\zip.dll
0x00007ffec36f0000 - 0x00007ffec4c4c000 	X:\Windows\system32\SHELL32.dll
0x00007ffec2220000 - 0x00007ffec2865000 	X:\Windows\system32\windows.storage.dll
0x00007ffec3690000 - 0x00007ffec36e2000 	X:\Windows\system32\shlwapi.dll
0x00007ffec2130000 - 0x00007ffec213f000 	X:\Windows\system32\kernel.appcore.dll
0x00007ffec2870000 - 0x00007ffec2925000 	X:\Windows\system32\shcore.dll
0x00007ffec2140000 - 0x00007ffec218b000 	X:\Windows\system32\powrprof.dll
0x00007ffec2190000 - 0x00007ffec21a4000 	X:\Windows\system32\profapi.dll

VM Arguments:
jvm_args: -Djava.awt.headless=true -Xmx2g -Dfile.encoding=GBK -Duser.country=CN -Duser.language=zh -Duser.variant 
java_command: com.android.dx.command.Main --dex --num-threads=4 --multi-dex --output E:\Android\CalorieCounter\app\build\intermediates\transforms\dex\debug\folders\1000\10\internal_impl-23.2.1_49064801473cbca27248b55bf399760905628d45 E:\Android\CalorieCounter\app\build\intermediates\exploded-aar\com.android.support\support-v4\23.2.1\jars\libs\internal_impl-23.2.1.jar
java_class_path (initial): E:\QMDownload\SDK\build-tools\23.0.3\lib\dx.jar
Launcher Type: SUN_STANDARD

Environment Variables:
PATH=X:\ProgramData\Oracle\Java\javapath;X:\Windows\system32;X:\Windows;X:\Windows\System32\Wbem;X:\Windows\System32\WindowsPowerShell\v1.0\;X:\Program Files (x86)\ATI Technologies\ATI.ACE\Core-Static;D:\Program Files\MATLAB\R2013a\runtime\win64;D:\Program Files\MATLAB\R2013a\bin;X:\Program Files\Java\jdk1.8.0_73\bin;D:\Python27;X:\Program Files (x86)\MySQL\MySQL Fabric 1.5 & MySQL Utilities 1.5\;X:\Program Files (x86)\MySQL\MySQL Fabric 1.5 & MySQL Utilities 1.5\Doctrine extensions for PHP\;E:\QMDownload\SDK\platform-tools
USERNAME=ÍõÉ­
OS=Windows_NT
PROCESSOR_IDENTIFIER=Intel64 Family 6 Model 60 Stepping 3, GenuineIntel



---------------  S Y S T E M  ---------------

OS: Windows 10.0 , 64 bit Build 10586 (10.0.10586.0)

CPU:total 4 (4 cores per cpu, 1 threads per core) family 6 model 60 stepping 3, cmov, cx8, fxsr, mmx, sse, sse2, sse3, ssse3, sse4.1, sse4.2, popcnt, avx, avx2, aes, clmul, erms, lzcnt, tsc, tscinvbit, bmi1, bmi2

Memory: 4k page, physical 8315044k(1955508k free), swap 8315044k(5996k free)

vm_info: Java HotSpot(TM) 64-Bit Server VM (25.73-b02) for windows-amd64 JRE (1.8.0_73-b02), built on Jan 29 2016 17:38:49 by "java_re" with MS VC++ 10.0 (VS2010)

time: Tue Apr 26 20:50:14 2016
elapsed time: 2 seconds (0d 0h 0m 2s)

