#
# There is insufficient memory for the Java Runtime Environment to continue.
# Native memory allocation (malloc) failed to allocate 262160 bytes for Chunk::new
# Possible reasons:
#   The system is out of physical RAM or swap space
#   In 32 bit mode, the process size limit was hit
# Possible solutions:
#   Reduce memory load on the system
#   Increase physical memory or swap space
#   Check if swap backing store is full
#   Use 64 bit Java on a 64 bit OS
#   Decrease Java heap size (-Xmx/-Xms)
#   Decrease number of Java threads
#   Decrease Java thread stack sizes (-Xss)
#   Set larger code cache with -XX:ReservedCodeCacheSize=
# This output file may be truncated or incomplete.
#
#  Out of Memory Error (allocation.cpp:390), pid=9488, tid=13472
#
# JRE version: Java(TM) SE Runtime Environment (8.0_73-b02) (build 1.8.0_73-b02)
# Java VM: Java HotSpot(TM) 64-Bit Server VM (25.73-b02 mixed mode windows-amd64 compressed oops)
# Failed to write core dump. Minidumps are not enabled by default on client versions of Windows
#

---------------  T H R E A D  ---------------

Current thread (0x0000000018838000):  JavaThread "C2 CompilerThread1" daemon [_thread_in_native, id=13472, stack(0x0000000018be0000,0x0000000018ce0000)]

Stack: [0x0000000018be0000,0x0000000018ce0000]
[error occurred during error reporting (printing stack bounds), id 0xc0000005]

Native frames: (J=compiled Java code, j=interpreted, Vv=VM code, C=native code)


Current CompileTask:
C2:   3708 1428   !   4       com.android.dx.cf.cst.ConstantPoolParser::parse0 (731 bytes)


---------------  P R O C E S S  ---------------

Java Threads: ( => current thread )
  0x0000000018a28800 JavaThread "pool-2-thread-4" [_thread_blocked_trans, id=5156, stack(0x00000000193e0000,0x00000000194e0000)]
  0x0000000018a27800 JavaThread "pool-2-thread-3" [_thread_in_Java, id=13508, stack(0x00000000192e0000,0x00000000193e0000)]
  0x0000000018a24800 JavaThread "pool-2-thread-2" [_thread_blocked, id=9352, stack(0x00000000191e0000,0x00000000192e0000)]
  0x0000000018a23800 JavaThread "pool-3-thread-1" [_thread_blocked, id=4836, stack(0x00000000190e0000,0x00000000191e0000)]
  0x0000000018a1a800 JavaThread "pool-2-thread-1" [_thread_blocked, id=448, stack(0x0000000018fe0000,0x00000000190e0000)]
  0x0000000018841000 JavaThread "Service Thread" daemon [_thread_blocked, id=1512, stack(0x0000000018de0000,0x0000000018ee0000)]
  0x000000001883a800 JavaThread "C1 CompilerThread2" daemon [_thread_in_vm, id=12240, stack(0x0000000018ce0000,0x0000000018de0000)]
=>0x0000000018838000 JavaThread "C2 CompilerThread1" daemon [_thread_in_native, id=13472, stack(0x0000000018be0000,0x0000000018ce0000)]
  0x000000001718a800 JavaThread "C2 CompilerThread0" daemon [_thread_in_native, id=1860, stack(0x00000000186e0000,0x00000000187e0000)]
  0x000000001713d800 JavaThread "Attach Listener" daemon [_thread_blocked, id=11020, stack(0x00000000185e0000,0x00000000186e0000)]
  0x0000000017127800 JavaThread "Signal Dispatcher" daemon [_thread_blocked, id=12612, stack(0x00000000184e0000,0x00000000185e0000)]
  0x0000000002500800 JavaThread "Finalizer" daemon [_thread_blocked, id=6068, stack(0x0000000018380000,0x0000000018480000)]
  0x00000000024fd000 JavaThread "Reference Handler" daemon [_thread_blocked, id=10448, stack(0x0000000018280000,0x0000000018380000)]
  0x0000000002410800 JavaThread "main" [_thread_blocked, id=3176, stack(0x0000000002290000,0x0000000002390000)]

Other Threads:
  0x00000000170f8000 VMThread [stack: 0x0000000018180000,0x0000000018280000] [id=8396]
  0x0000000018854800 WatcherThread [stack: 0x0000000018ee0000,0x0000000018fe0000] [id=1368]

VM state:not at safepoint (normal execution)

VM Mutex/Monitor currently owned by a thread: None

Heap:
 PSYoungGen      total 71680K, used 12768K [0x00000000d5580000, 0x00000000da080000, 0x0000000100000000)
  eden space 66560K, 11% used [0x00000000d5580000,0x00000000d5cff818,0x00000000d9680000)
  from space 5120K, 99% used [0x00000000d9b80000,0x00000000da078910,0x00000000da080000)
  to   space 5120K, 0% used [0x00000000d9680000,0x00000000d9680000,0x00000000d9b80000)
 ParOldGen       total 87552K, used 6522K [0x0000000080000000, 0x0000000085580000, 0x00000000d5580000)
  object space 87552K, 7% used [0x0000000080000000,0x000000008065ea20,0x0000000085580000)
 Metaspace       used 6154K, capacity 7030K, committed 7296K, reserved 1056768K
  class space    used 599K, capacity 622K, committed 640K, reserved 1048576K

Card table byte_map: [0x00000000118d0000,0x0000000011ce0000] byte_map_base: 0x00000000114d0000

Marking Bits: (ParMarkBitMap*) 0x00000000530a0600
 Begin Bits: [0x0000000012390000, 0x0000000014390000)
 End Bits:   [0x0000000014390000, 0x0000000016390000)

Polling page: 0x0000000000890000

CodeCache: size=245760Kb used=5937Kb max_used=5959Kb free=239822Kb
 bounds [0x0000000002510000, 0x0000000002af0000, 0x0000000011510000]
 total_blobs=1742 nmethods=1471 adapters=183
 compilation: enabled

Compilation events (10 events):
Event: 2.998 Thread 0x000000001883a800 1471       3       com.android.dx.cf.code.RopperMachine::updateReturnOp (115 bytes)
Event: 2.998 Thread 0x000000001883a800 nmethod 1471 0x0000000002ad3350 code [0x0000000002ad35e0, 0x0000000002ad4818]
Event: 2.999 Thread 0x000000001883a800 1492       3       com.android.dx.dex.code.SimpleInsn::<init> (8 bytes)
Event: 2.999 Thread 0x000000001883a800 nmethod 1492 0x0000000002ad5050 code [0x0000000002ad51c0, 0x0000000002ad53a8]
Event: 2.999 Thread 0x000000001883a800 1490       3       com.android.dx.rop.type.Type::isUninitialized (13 bytes)
Event: 2.999 Thread 0x000000001883a800 nmethod 1490 0x0000000002ad5490 code [0x0000000002ad55e0, 0x0000000002ad5790]
Event: 2.999 Thread 0x000000001883a800 1491       3       java.util.concurrent.locks.AbstractQueuedSynchronizer$ConditionObject::signal (33 bytes)
Event: 2.999 Thread 0x000000001883a800 nmethod 1491 0x0000000002ad5810 code [0x0000000002ad59a0, 0x0000000002ad5d08]
Event: 3.007 Thread 0x000000001718a800 nmethod 1475 0x0000000002ad9850 code [0x0000000002ad9a00, 0x0000000002ada7d8]
Event: 3.008 Thread 0x000000001718a800 1489       4       com.android.dx.ssa.SsaRenamer$BlockRenamer::process (191 bytes)

GC Heap History (4 events):
Event: 1.980 GC heap before
{Heap before GC invocations=1 (full 0):
 PSYoungGen      total 38400K, used 33280K [0x00000000d5580000, 0x00000000d8000000, 0x0000000100000000)
  eden space 33280K, 100% used [0x00000000d5580000,0x00000000d7600000,0x00000000d7600000)
  from space 5120K, 0% used [0x00000000d7b00000,0x00000000d7b00000,0x00000000d8000000)
  to   space 5120K, 0% used [0x00000000d7600000,0x00000000d7600000,0x00000000d7b00000)
 ParOldGen       total 87552K, used 0K [0x0000000080000000, 0x0000000085580000, 0x00000000d5580000)
  object space 87552K, 0% used [0x0000000080000000,0x0000000080000000,0x0000000085580000)
 Metaspace       used 5918K, capacity 6836K, committed 7040K, reserved 1056768K
  class space    used 594K, capacity 620K, committed 640K, reserved 1048576K
Event: 2.731 GC heap after
Heap after GC invocations=1 (full 0):
 PSYoungGen      total 38400K, used 5093K [0x00000000d5580000, 0x00000000da080000, 0x0000000100000000)
  eden space 33280K, 0% used [0x00000000d5580000,0x00000000d5580000,0x00000000d7600000)
  from space 5120K, 99% used [0x00000000d7600000,0x00000000d7af9730,0x00000000d7b00000)
  to   space 5120K, 0% used [0x00000000d9b80000,0x00000000d9b80000,0x00000000da080000)
 ParOldGen       total 87552K, used 1493K [0x0000000080000000, 0x0000000085580000, 0x00000000d5580000)
  object space 87552K, 1% used [0x0000000080000000,0x0000000080175780,0x0000000085580000)
 Metaspace       used 5918K, capacity 6836K, committed 7040K, reserved 1056768K
  class space    used 594K, capacity 620K, committed 640K, reserved 1048576K
}
Event: 3.026 GC heap before
{Heap before GC invocations=2 (full 0):
 PSYoungGen      total 38400K, used 38373K [0x00000000d5580000, 0x00000000da080000, 0x0000000100000000)
  eden space 33280K, 100% used [0x00000000d5580000,0x00000000d7600000,0x00000000d7600000)
  from space 5120K, 99% used [0x00000000d7600000,0x00000000d7af9730,0x00000000d7b00000)
  to   space 5120K, 0% used [0x00000000d9b80000,0x00000000d9b80000,0x00000000da080000)
 ParOldGen       total 87552K, used 1493K [0x0000000080000000, 0x0000000085580000, 0x00000000d5580000)
  object space 87552K, 1% used [0x0000000080000000,0x0000000080175780,0x0000000085580000)
 Metaspace       used 6154K, capacity 7030K, committed 7296K, reserved 1056768K
  class space    used 599K, capacity 622K, committed 640K, reserved 1048576K
Event: 3.627 GC heap after
Heap after GC invocations=2 (full 0):
 PSYoungGen      total 71680K, used 5090K [0x00000000d5580000, 0x00000000da080000, 0x0000000100000000)
  eden space 66560K, 0% used [0x00000000d5580000,0x00000000d5580000,0x00000000d9680000)
  from space 5120K, 99% used [0x00000000d9b80000,0x00000000da078910,0x00000000da080000)
  to   space 5120K, 0% used [0x00000000d9680000,0x00000000d9680000,0x00000000d9b80000)
 ParOldGen       total 87552K, used 6522K [0x0000000080000000, 0x0000000085580000, 0x00000000d5580000)
  object space 87552K, 7% used [0x0000000080000000,0x000000008065ea20,0x0000000085580000)
 Metaspace       used 6154K, capacity 7030K, committed 7296K, reserved 1056768K
  class space    used 599K, capacity 622K, committed 640K, reserved 1048576K
}

Deoptimization events (10 events):
Event: 2.983 Thread 0x0000000002410800 Uncommon trap: reason=uninitialized action=reinterpret pc=0x00000000027cec08 method=com.android.dx.cf.code.BytecodeArray.parseInstruction(ILcom/android/dx/cf/code/BytecodeArray$Visitor;)I @ 1079
Event: 2.986 Thread 0x0000000002410800 Uncommon trap: reason=bimorphic action=maybe_recompile pc=0x000000000290f0d0 method=com.android.dx.ssa.SCCP.simulatePhi(Lcom/android/dx/ssa/PhiInsn;)V @ 124
Event: 2.986 Thread 0x0000000002410800 Uncommon trap: reason=bimorphic action=maybe_recompile pc=0x000000000290f0d0 method=com.android.dx.ssa.SCCP.simulatePhi(Lcom/android/dx/ssa/PhiInsn;)V @ 124
Event: 2.986 Thread 0x0000000002410800 Uncommon trap: reason=bimorphic action=maybe_recompile pc=0x000000000290f0d0 method=com.android.dx.ssa.SCCP.simulatePhi(Lcom/android/dx/ssa/PhiInsn;)V @ 124
Event: 2.986 Thread 0x0000000002410800 Uncommon trap: reason=bimorphic action=maybe_recompile pc=0x000000000290f0d0 method=com.android.dx.ssa.SCCP.simulatePhi(Lcom/android/dx/ssa/PhiInsn;)V @ 124
Event: 2.989 Thread 0x0000000002410800 Uncommon trap: reason=unstable_if action=reinterpret pc=0x000000000299d438 method=com.android.dx.util.BitIntSet.has(I)Z @ 8
Event: 2.989 Thread 0x0000000002410800 Uncommon trap: reason=unstable_if action=reinterpret pc=0x000000000297bc98 method=com.android.dx.util.BitIntSet.has(I)Z @ 8
Event: 3.003 Thread 0x0000000002410800 Uncommon trap: reason=bimorphic action=maybe_recompile pc=0x0000000002772b48 method=java.util.HashMap.getNode(ILjava/lang/Object;)Ljava/util/HashMap$Node; @ 126
Event: 3.005 Thread 0x0000000002410800 Uncommon trap: reason=unstable_if action=reinterpret pc=0x0000000002864ec4 method=java.util.HashMap.putVal(ILjava/lang/Object;Ljava/lang/Object;ZZ)Ljava/lang/Object; @ 94
Event: 3.025 Thread 0x0000000002410800 Uncommon trap: reason=unstable_if action=reinterpret pc=0x00000000029854b8 method=com.android.dx.cf.code.Merger.mergeType(Lcom/android/dx/rop/type/TypeBearer;Lcom/android/dx/rop/type/TypeBearer;)Lcom/android/dx/rop/type/TypeBearer; @ 52

Internal exceptions (2 events):
Event: 0.067 Thread 0x0000000002410800 Exception <a 'java/lang/NoSuchMethodError': Method sun.misc.Unsafe.defineClass(Ljava/lang/String;[BII)Ljava/lang/Class; name or signature does not match> (0x00000000d5593090) thrown at [D:\re\puppet\workspace\8-2-build-windows-amd64-cygwin\jdk8u73\6086\hot©‡ðÂ/±?
Event: 0.067 Thread 0x0000000002410800 Exception <a 'java/lang/NoSuchMethodError': Method sun.misc.Unsafe.prefetchRead(Ljava/lang/Object;J)V name or signature does not match> (0x00000000d5593378) thrown at [D:\re\puppet\workspace\8-2-build-windows-amd64-cygwin\jdk8u73\6086\hotspot\src\share\vm\

Events (10 events):
Event: 3.009 loading class com/android/dx/util/ByteArray$MyInputStream done
Event: 3.010 loading class com/android/dx/cf/attrib/AttRuntimeInvisibleAnnotations
Event: 3.010 loading class com/android/dx/cf/attrib/AttRuntimeInvisibleAnnotations done
Event: 3.010 loading class com/android/dx/cf/attrib/BaseAnnotations
Event: 3.010 loading class com/android/dx/cf/attrib/BaseAnnotations done
Event: 3.025 Thread 0x0000000002410800 Uncommon trap: trap_request=0xffffff65 fr.pc=0x00000000029854b8
Event: 3.025 Thread 0x0000000002410800 DEOPT PACKING pc=0x00000000029854b8 sp=0x000000000238dd90
Event: 3.025 Thread 0x0000000002410800 DEOPT UNPACKING pc=0x000000000255582a sp=0x000000000238dd20 mode 2
Event: 3.026 Executing VM operation: ParallelGCFailedAllocation
Event: 3.627 Executing VM operation: ParallelGCFailedAllocation done


Dynamic libraries:
0x00007ff6fb7a0000 - 0x00007ff6fb7d7000 	X:\Program Files\Java\jdk1.8.0_73\bin\java.exe
0x00007ffec5b10000 - 0x00007ffec5cd1000 	X:\Windows\SYSTEM32\ntdll.dll
0x00007ffec35e0000 - 0x00007ffec368d000 	X:\Windows\system32\KERNEL32.DLL
0x00007ffec2930000 - 0x00007ffec2b18000 	X:\Windows\system32\KERNELBASE.dll
0x00007ffec34c0000 - 0x00007ffec3567000 	X:\Windows\system32\ADVAPI32.dll
0x00007ffec50c0000 - 0x00007ffec515d000 	X:\Windows\system32\msvcrt.dll
0x00007ffec59a0000 - 0x00007ffec59fb000 	X:\Windows\system32\sechost.dll
0x00007ffec2f10000 - 0x00007ffec302c000 	X:\Windows\system32\RPCRT4.dll
0x00007ffec32f0000 - 0x00007ffec3446000 	X:\Windows\system32\USER32.dll
0x00007ffec3030000 - 0x00007ffec31b6000 	X:\Windows\system32\GDI32.dll
0x00007ffeb89d0000 - 0x00007ffeb8c44000 	X:\Windows\WinSxS\amd64_microsoft.windows.common-controls_6595b64144ccf1df_6.0.10586.0_none_8c15ae12515e1c22\COMCTL32.dll
0x00007ffec4e20000 - 0x00007ffec509d000 	X:\Windows\system32\combase.dll
0x00007ffec2ea0000 - 0x00007ffec2f0a000 	X:\Windows\system32\bcryptPrimitives.dll
0x00007ffec56f0000 - 0x00007ffec572b000 	X:\Windows\system32\IMM32.DLL
0x0000000052330000 - 0x0000000052402000 	X:\Program Files\Java\jdk1.8.0_73\jre\bin\msvcr100.dll
0x0000000052890000 - 0x0000000053120000 	X:\Program Files\Java\jdk1.8.0_73\jre\bin\server\jvm.dll
0x00007ffec4c50000 - 0x00007ffec4c58000 	X:\Windows\system32\PSAPI.DLL
0x00007ffebded0000 - 0x00007ffebded9000 	X:\Windows\SYSTEM32\WSOCK32.dll
0x00007ffec3570000 - 0x00007ffec35db000 	X:\Windows\system32\WS2_32.dll
0x00007ffec0720000 - 0x00007ffec0743000 	X:\Windows\SYSTEM32\WINMM.dll
0x00007ffebe7e0000 - 0x00007ffebe7ea000 	X:\Windows\SYSTEM32\VERSION.dll
0x00007ffec0660000 - 0x00007ffec068c000 	X:\Windows\SYSTEM32\WINMMBASE.dll
0x00007ffec2bd0000 - 0x00007ffec2c13000 	X:\Windows\system32\cfgmgr32.dll
0x00000000527a0000 - 0x00000000527af000 	X:\Program Files\Java\jdk1.8.0_73\jre\bin\verify.dll
0x0000000052770000 - 0x0000000052799000 	X:\Program Files\Java\jdk1.8.0_73\jre\bin\java.dll
0x0000000052750000 - 0x0000000052766000 	X:\Program Files\Java\jdk1.8.0_73\jre\bin\zip.dll
0x00007ffec36f0000 - 0x00007ffec4c4c000 	X:\Windows\system32\SHELL32.dll
0x00007ffec2220000 - 0x00007ffec2865000 	X:\Windows\system32\windows.storage.dll
0x00007ffec3690000 - 0x00007ffec36e2000 	X:\Windows\system32\shlwapi.dll
0x00007ffec2130000 - 0x00007ffec213f000 	X:\Windows\system32\kernel.appcore.dll
0x00007ffec2870000 - 0x00007ffec2925000 	X:\Windows\system32\shcore.dll
0x00007ffec2140000 - 0x00007ffec218b000 	X:\Windows\system32\powrprof.dll
0x00007ffec2190000 - 0x00007ffec21a4000 	X:\Windows\system32\profapi.dll

VM Arguments:
jvm_args: -Djava.awt.headless=true -Xmx2g -Dfile.encoding=GBK -Duser.country=CN -Duser.language=zh -Duser.variant 
java_command: com.android.dx.command.Main --dex --num-threads=4 --multi-dex --output E:\Android\CalorieCounter\app\build\intermediates\transforms\dex\debug\folders\1000\2\baidumapapi_base_v3_7_3_ed63c4db217029e2b91a8eae4bf41ca54dcaac9d E:\Android\CalorieCounter\app\libs\baidumapapi_base_v3_7_3.jar
java_class_path (initial): E:\QMDownload\SDK\build-tools\23.0.3\lib\dx.jar
Launcher Type: SUN_STANDARD

Environment Variables:
PATH=X:\ProgramData\Oracle\Java\javapath;X:\Windows\system32;X:\Windows;X:\Windows\System32\Wbem;X:\Windows\System32\WindowsPowerShell\v1.0\;X:\Program Files (x86)\ATI Technologies\ATI.ACE\Core-Static;D:\Program Files\MATLAB\R2013a\runtime\win64;D:\Program Files\MATLAB\R2013a\bin;X:\Program Files\Java\jdk1.8.0_73\bin;D:\Python27;X:\Program Files (x86)\MySQL\MySQL Fabric 1.5 & MySQL Utilities 1.5\;X:\Program Files (x86)\MySQL\MySQL Fabric 1.5 & MySQL Utilities 1.5\Doctrine extensions for PHP\;E:\QMDownload\SDK\platform-tools
USERNAME=ÍõÉ­
OS=Windows_NT
PROCESSOR_IDENTIFIER=Intel64 Family 6 Model 60 Stepping 3, GenuineIntel



---------------  S Y S T E M  ---------------

OS: Windows 10.0 , 64 bit Build 10586 (10.0.10586.0)

CPU:total 4 (4 cores per cpu, 1 threads per core) family 6 model 60 stepping 3, cmov, cx8, fxsr, mmx, sse, sse2, sse3, ssse3, sse4.1, sse4.2, popcnt, avx, avx2, aes, clmul, erms, lzcnt, tsc, tscinvbit, bmi1, bmi2

Memory: 4k page, physical 8315044k(1896936k free), swap 8315044k(6832k free)

vm_info: Java HotSpot(TM) 64-Bit Server VM (25.73-b02) for windows-amd64 JRE (1.8.0_73-b02), built on Jan 29 2016 17:38:49 by "java_re" with MS VC++ 10.0 (VS2010)

time: Tue Apr 26 20:50:19 2016
elapsed time: 3 seconds (0d 0h 0m 3s)

