#
# There is insufficient memory for the Java Runtime Environment to continue.
# Native memory allocation (malloc) failed to allocate 264976 bytes for Chunk::new
# Possible reasons:
#   The system is out of physical RAM or swap space
#   In 32 bit mode, the process size limit was hit
# Possible solutions:
#   Reduce memory load on the system
#   Increase physical memory or swap space
#   Check if swap backing store is full
#   Use 64 bit Java on a 64 bit OS
#   Decrease Java heap size (-Xmx/-Xms)
#   Decrease number of Java threads
#   Decrease Java thread stack sizes (-Xss)
#   Set larger code cache with -XX:ReservedCodeCacheSize=
# This output file may be truncated or incomplete.
#
#  Out of Memory Error (allocation.cpp:390), pid=14920, tid=2880
#
# JRE version: Java(TM) SE Runtime Environment (8.0_73-b02) (build 1.8.0_73-b02)
# Java VM: Java HotSpot(TM) 64-Bit Server VM (25.73-b02 mixed mode windows-amd64 compressed oops)
# Failed to write core dump. Minidumps are not enabled by default on client versions of Windows
#

---------------  T H R E A D  ---------------

Current thread (0x00000000173ca800):  JavaThread "C2 CompilerThread0" daemon [_thread_in_native, id=2880, stack(0x00000000188c0000,0x00000000189c0000)]

Stack: [0x00000000188c0000,0x00000000189c0000]
[error occurred during error reporting (printing stack bounds), id 0xc0000005]

Native frames: (J=compiled Java code, j=interpreted, Vv=VM code, C=native code)


Current CompileTask:
C2:   2959 1889   !   4       com.android.dx.rop.type.Type::intern (319 bytes)


---------------  P R O C E S S  ---------------

Java Threads: ( => current thread )
  0x0000000018c36000 JavaThread "pool-1-thread-1" [_thread_in_Java, id=19496, stack(0x000000001afa0000,0x000000001b0a0000)]
  0x0000000018a53000 JavaThread "Service Thread" daemon [_thread_blocked, id=18776, stack(0x0000000018fc0000,0x00000000190c0000)]
  0x00000000189cf000 JavaThread "C1 CompilerThread2" daemon [_thread_blocked, id=3588, stack(0x0000000018ec0000,0x0000000018fc0000)]
  0x00000000173cd000 JavaThread "C2 CompilerThread1" daemon [_thread_blocked, id=8100, stack(0x0000000018dc0000,0x0000000018ec0000)]
=>0x00000000173ca800 JavaThread "C2 CompilerThread0" daemon [_thread_in_native, id=2880, stack(0x00000000188c0000,0x00000000189c0000)]
  0x000000001737d800 JavaThread "Attach Listener" daemon [_thread_blocked, id=11052, stack(0x00000000187c0000,0x00000000188c0000)]
  0x0000000017367800 JavaThread "Signal Dispatcher" daemon [_thread_blocked, id=1988, stack(0x00000000186c0000,0x00000000187c0000)]
  0x0000000002740800 JavaThread "Finalizer" daemon [_thread_blocked, id=13928, stack(0x00000000185c0000,0x00000000186c0000)]
  0x000000000273d000 JavaThread "Reference Handler" daemon [_thread_blocked, id=20240, stack(0x00000000184c0000,0x00000000185c0000)]
  0x0000000002651000 JavaThread "main" [_thread_blocked, id=10920, stack(0x0000000002110000,0x0000000002210000)]

Other Threads:
  0x0000000017338000 VMThread [stack: 0x00000000183c0000,0x00000000184c0000] [id=10812]
  0x0000000018a94000 WatcherThread [stack: 0x00000000190c0000,0x00000000191c0000] [id=22324]

VM state:not at safepoint (normal execution)

VM Mutex/Monitor currently owned by a thread: None

Heap:
 PSYoungGen      total 71680K, used 8811K [0x00000000d5580000, 0x00000000da080000, 0x0000000100000000)
  eden space 66560K, 5% used [0x00000000d5580000,0x00000000d5920a40,0x00000000d9680000)
  from space 5120K, 99% used [0x00000000d9b80000,0x00000000da07a330,0x00000000da080000)
  to   space 5120K, 0% used [0x00000000d9680000,0x00000000d9680000,0x00000000d9b80000)
 ParOldGen       total 87552K, used 5864K [0x0000000080000000, 0x0000000085580000, 0x00000000d5580000)
  object space 87552K, 6% used [0x0000000080000000,0x00000000805ba260,0x0000000085580000)
 Metaspace       used 6549K, capacity 7416K, committed 7680K, reserved 1056768K
  class space    used 627K, capacity 688K, committed 768K, reserved 1048576K

Card table byte_map: [0x0000000011b10000,0x0000000011f20000] byte_map_base: 0x0000000011710000

Marking Bits: (ParMarkBitMap*) 0x0000000064400600
 Begin Bits: [0x00000000125d0000, 0x00000000145d0000)
 End Bits:   [0x00000000145d0000, 0x00000000165d0000)

Polling page: 0x00000000001f0000

CodeCache: size=245760Kb used=7829Kb max_used=7829Kb free=237930Kb
 bounds [0x0000000002750000, 0x0000000002f00000, 0x0000000011750000]
 total_blobs=2161 nmethods=1888 adapters=185
 compilation: disabled (not enough contiguous free space left)

Compilation events (10 events):
Event: 2.943 Thread 0x00000000189cf000 nmethod 1885 0x0000000002ef7650 code [0x0000000002ef77c0, 0x0000000002ef7aa8]
Event: 2.943 Thread 0x00000000189cf000 1886       3       com.android.dx.dex.file.OffsettedItem::getAbsoluteOffsetOr0 (11 bytes)
Event: 2.943 Thread 0x00000000189cf000 nmethod 1886 0x0000000002ef6f10 code [0x0000000002ef70a0, 0x0000000002ef74b8]
Event: 2.943 Thread 0x00000000189cf000 1887       3       com.android.dx.dex.file.FieldIdItem::getFieldRef (8 bytes)
Event: 2.943 Thread 0x00000000189cf000 nmethod 1887 0x0000000002ef6a10 code [0x0000000002ef6b80, 0x0000000002ef6e50]
Event: 2.952 Thread 0x00000000189cf000 1888       3       com.android.dx.util.ByteArrayAnnotatedOutput::writeShort (64 bytes)
Event: 2.952 Thread 0x00000000189cf000 nmethod 1888 0x0000000002efb750 code [0x0000000002efb8e0, 0x0000000002efbc98]
Event: 2.952 Thread 0x00000000173ca800 1889   !   4       com.android.dx.rop.type.Type::intern (319 bytes)
Event: 2.953 Thread 0x00000000189cf000 1890       3       com.android.dx.dex.file.MemberIdItem::writeTo (231 bytes)
Event: 2.956 Thread 0x00000000189cf000 


GC Heap History (4 events):
Event: 1.087 GC heap before
{Heap before GC invocations=1 (full 0):
 PSYoungGen      total 38400K, used 33280K [0x00000000d5580000, 0x00000000d8000000, 0x0000000100000000)
  eden space 33280K, 100% used [0x00000000d5580000,0x00000000d7600000,0x00000000d7600000)
  from space 5120K, 0% used [0x00000000d7b00000,0x00000000d7b00000,0x00000000d8000000)
  to   space 5120K, 0% used [0x00000000d7600000,0x00000000d7600000,0x00000000d7b00000)
 ParOldGen       total 87552K, used 0K [0x0000000080000000, 0x0000000085580000, 0x00000000d5580000)
  object space 87552K, 0% used [0x0000000080000000,0x0000000080000000,0x0000000085580000)
 Metaspace       used 6012K, capacity 6900K, committed 7040K, reserved 1056768K
  class space    used 602K, capacity 620K, committed 640K, reserved 1048576K
Event: 1.181 GC heap after
Heap after GC invocations=1 (full 0):
 PSYoungGen      total 38400K, used 5111K [0x00000000d5580000, 0x00000000da080000, 0x0000000100000000)
  eden space 33280K, 0% used [0x00000000d5580000,0x00000000d5580000,0x00000000d7600000)
  from space 5120K, 99% used [0x00000000d7600000,0x00000000d7afdc98,0x00000000d7b00000)
  to   space 5120K, 0% used [0x00000000d9b80000,0x00000000d9b80000,0x00000000da080000)
 ParOldGen       total 87552K, used 1392K [0x0000000080000000, 0x0000000085580000, 0x00000000d5580000)
  object space 87552K, 1% used [0x0000000080000000,0x000000008015c368,0x0000000085580000)
 Metaspace       used 6012K, capacity 6900K, committed 7040K, reserved 1056768K
  class space    used 602K, capacity 620K, committed 640K, reserved 1048576K
}
Event: 2.146 GC heap before
{Heap before GC invocations=2 (full 0):
 PSYoungGen      total 38400K, used 38391K [0x00000000d5580000, 0x00000000da080000, 0x0000000100000000)
  eden space 33280K, 100% used [0x00000000d5580000,0x00000000d7600000,0x00000000d7600000)
  from space 5120K, 99% used [0x00000000d7600000,0x00000000d7afdc98,0x00000000d7b00000)
  to   space 5120K, 0% used [0x00000000d9b80000,0x00000000d9b80000,0x00000000da080000)
 ParOldGen       total 87552K, used 1392K [0x0000000080000000, 0x0000000085580000, 0x00000000d5580000)
  object space 87552K, 1% used [0x0000000080000000,0x000000008015c368,0x0000000085580000)
 Metaspace       used 6255K, capacity 7128K, committed 7424K, reserved 1056768K
  class space    used 611K, capacity 656K, committed 768K, reserved 1048576K
Event: 2.284 GC heap after
Heap after GC invocations=2 (full 0):
 PSYoungGen      total 71680K, used 5096K [0x00000000d5580000, 0x00000000da080000, 0x0000000100000000)
  eden space 66560K, 0% used [0x00000000d5580000,0x00000000d5580000,0x00000000d9680000)
  from space 5120K, 99% used [0x00000000d9b80000,0x00000000da07a330,0x00000000da080000)
  to   space 5120K, 0% used [0x00000000d9680000,0x00000000d9680000,0x00000000d9b80000)
 ParOldGen       total 87552K, used 5864K [0x0000000080000000, 0x0000000085580000, 0x00000000d5580000)
  object space 87552K, 6% used [0x0000000080000000,0x00000000805ba260,0x0000000085580000)
 Metaspace       used 6255K, capacity 7128K, committed 7424K, reserved 1056768K
  class space    used 611K, capacity 656K, committed 768K, reserved 1048576K
}

Deoptimization events (10 events):
Event: 2.018 Thread 0x0000000018c36000 Uncommon trap: reason=bimorphic action=maybe_recompile pc=0x0000000002e107cc method=java.util.HashMap.putVal(ILjava/lang/Object;Ljava/lang/Object;ZZ)Ljava/lang/Object; @ 203
Event: 2.018 Thread 0x0000000018c36000 Uncommon trap: reason=bimorphic action=maybe_recompile pc=0x0000000002e107cc method=java.util.HashMap.putVal(ILjava/lang/Object;Ljava/lang/Object;ZZ)Ljava/lang/Object; @ 203
Event: 2.018 Thread 0x0000000018c36000 Uncommon trap: reason=bimorphic action=maybe_recompile pc=0x0000000002e1393c method=java.util.HashMap.putVal(ILjava/lang/Object;Ljava/lang/Object;ZZ)Ljava/lang/Object; @ 203
Event: 2.317 Thread 0x0000000018c36000 Uncommon trap: reason=speculate_class_check action=maybe_recompile pc=0x0000000002b01694 method=com.android.dx.util.FixedSizeList.equals(Ljava/lang/Object;)Z @ 25
Event: 2.328 Thread 0x0000000018c36000 Uncommon trap: reason=speculate_class_check action=maybe_recompile pc=0x0000000002b01694 method=com.android.dx.util.FixedSizeList.equals(Ljava/lang/Object;)Z @ 25
Event: 2.328 Thread 0x0000000018c36000 Uncommon trap: reason=speculate_class_check action=maybe_recompile pc=0x0000000002b01694 method=com.android.dx.util.FixedSizeList.equals(Ljava/lang/Object;)Z @ 25
Event: 2.328 Thread 0x0000000018c36000 Uncommon trap: reason=speculate_class_check action=maybe_recompile pc=0x0000000002b01694 method=com.android.dx.util.FixedSizeList.equals(Ljava/lang/Object;)Z @ 25
Event: 2.328 Thread 0x0000000018c36000 Uncommon trap: reason=unstable_if action=reinterpret pc=0x0000000002e1b3b0 method=java.util.TreeMap.put(Ljava/lang/Object;Ljava/lang/Object;)Ljava/lang/Object; @ 163
Event: 2.549 Thread 0x0000000018c36000 Uncommon trap: reason=unstable_if action=reinterpret pc=0x0000000002e93f70 method=com.android.dx.dex.code.LocalList$MakeState.snapshot(ILcom/android/dx/rop/code/RegisterSpecSet;)V @ 86
Event: 2.941 Thread 0x0000000018c36000 Uncommon trap: reason=unstable_if action=reinterpret pc=0x0000000002edd984 method=com.android.dx.util.ByteArrayAnnotatedOutput.writeByte(I)V @ 13

Internal exceptions (4 events):
Event: 0.047 Thread 0x0000000002651000 Exception <a 'java/lang/NoSuchMethodError': Method sun.misc.Unsafe.defineClass(Ljava/lang/String;[BII)Ljava/lang/Class; name or signature does not match> (0x00000000d5593090) thrown at [D:\re\puppet\workspace\8-2-build-windows-amd64-cygwin\jdk8u73\6086\hot4áîØG9®?
Event: 0.047 Thread 0x0000000002651000 Exception <a 'java/lang/NoSuchMethodError': Method sun.misc.Unsafe.prefetchRead(Ljava/lang/Object;J)V name or signature does not match> (0x00000000d5593378) thrown at [D:\re\puppet\workspace\8-2-build-windows-amd64-cygwin\jdk8u73\6086\hotspot\src\share\vm\ô®Åœ0Ê?
Event: 0.693 Thread 0x0000000018c36000 Implicit null exception at 0x00000000029f4b2e to 0x00000000029f6469
Event: 0.853 Thread 0x0000000018b90800 Implicit null exception at 0x0000000002a2c5a2 to 0x0000000002a2c69a

Events (10 events):
Event: 2.936 loading class com/android/dex/EncodedValueCodec done
Event: 2.939 loading class com/android/dx/dex/file/MapItem
Event: 2.939 loading class com/android/dx/dex/file/MapItem done
Event: 2.939 loading class com/android/dx/dex/file/UniformListItem
Event: 2.939 loading class com/android/dx/dex/file/UniformListItem done
Event: 2.941 loading class com/android/dex/DexFormat
Event: 2.941 loading class com/android/dex/DexFormat done
Event: 2.941 Thread 0x0000000018c36000 Uncommon trap: trap_request=0xffffff65 fr.pc=0x0000000002edd984
Event: 2.941 Thread 0x0000000018c36000 DEOPT PACKING pc=0x0000000002edd984 sp=0x000000001b09f030
Event: 2.941 Thread 0x0000000018c36000 DEOPT UNPACKING pc=0x000000000279582a sp=0x000000001b09efe8 mode 2


Dynamic libraries:
0x00007ff79cf10000 - 0x00007ff79cf47000 	X:\Program Files\Java\jdk1.8.0_73\bin\java.exe
0x00007ffa94180000 - 0x00007ffa94341000 	X:\Windows\SYSTEM32\ntdll.dll
0x00007ffa91d90000 - 0x00007ffa91e3d000 	X:\Windows\system32\KERNEL32.DLL
0x00007ffa90ba0000 - 0x00007ffa90d88000 	X:\Windows\system32\KERNELBASE.dll
0x00007ffa91e40000 - 0x00007ffa91ee7000 	X:\Windows\system32\ADVAPI32.dll
0x00007ffa91af0000 - 0x00007ffa91b8d000 	X:\Windows\system32\msvcrt.dll
0x00007ffa91840000 - 0x00007ffa9189b000 	X:\Windows\system32\sechost.dll
0x00007ffa91580000 - 0x00007ffa9169c000 	X:\Windows\system32\RPCRT4.dll
0x00007ffa93ad0000 - 0x00007ffa93c26000 	X:\Windows\system32\USER32.dll
0x00007ffa91c00000 - 0x00007ffa91d86000 	X:\Windows\system32\GDI32.dll
0x00007ffa89e50000 - 0x00007ffa8a0c4000 	X:\Windows\WinSxS\amd64_microsoft.windows.common-controls_6595b64144ccf1df_6.0.10586.0_none_8c15ae12515e1c22\COMCTL32.dll
0x00007ffa92100000 - 0x00007ffa9237d000 	X:\Windows\system32\combase.dll
0x00007ffa90b30000 - 0x00007ffa90b9a000 	X:\Windows\system32\bcryptPrimitives.dll
0x00007ffa92380000 - 0x00007ffa923bb000 	X:\Windows\system32\IMM32.DLL
0x0000000063b10000 - 0x0000000063be2000 	X:\Program Files\Java\jdk1.8.0_73\jre\bin\msvcr100.dll
0x0000000063bf0000 - 0x0000000064480000 	X:\Program Files\Java\jdk1.8.0_73\jre\bin\server\jvm.dll
0x00007ffa918a0000 - 0x00007ffa918a8000 	X:\Windows\system32\PSAPI.DLL
0x00007ffa8d5f0000 - 0x00007ffa8d5fa000 	X:\Windows\SYSTEM32\VERSION.dll
0x00007ffa8e890000 - 0x00007ffa8e8b3000 	X:\Windows\SYSTEM32\WINMM.dll
0x00007ffa8b570000 - 0x00007ffa8b579000 	X:\Windows\SYSTEM32\WSOCK32.dll
0x00007ffa916a0000 - 0x00007ffa9170b000 	X:\Windows\system32\WS2_32.dll
0x00007ffa8e5b0000 - 0x00007ffa8e5dc000 	X:\Windows\SYSTEM32\WINMMBASE.dll
0x00007ffa90910000 - 0x00007ffa90953000 	X:\Windows\system32\cfgmgr32.dll
0x0000000064a90000 - 0x0000000064a9f000 	X:\Program Files\Java\jdk1.8.0_73\jre\bin\verify.dll
0x0000000063aa0000 - 0x0000000063ac9000 	X:\Program Files\Java\jdk1.8.0_73\jre\bin\java.dll
0x0000000063a80000 - 0x0000000063a96000 	X:\Program Files\Java\jdk1.8.0_73\jre\bin\zip.dll
0x00007ffa92570000 - 0x00007ffa93acc000 	X:\Windows\system32\SHELL32.dll
0x00007ffa90d90000 - 0x00007ffa913d5000 	X:\Windows\system32\windows.storage.dll
0x00007ffa91a70000 - 0x00007ffa91ac2000 	X:\Windows\system32\shlwapi.dll
0x00007ffa907d0000 - 0x00007ffa907df000 	X:\Windows\system32\kernel.appcore.dll
0x00007ffa90830000 - 0x00007ffa908e5000 	X:\Windows\system32\shcore.dll
0x00007ffa907e0000 - 0x00007ffa9082b000 	X:\Windows\system32\powrprof.dll
0x00007ffa907b0000 - 0x00007ffa907c4000 	X:\Windows\system32\profapi.dll

VM Arguments:
jvm_args: -Djava.awt.headless=true -Xmx2g -Dfile.encoding=GBK -Duser.country=CN -Duser.language=zh -Duser.variant 
java_command: com.android.dx.command.Main --dex --num-threads=4 --multi-dex --output E:\Android\CalorieCounter\app\build\intermediates\transforms\dex\debug\folders\1000\2\picasso-2.5.2_f19bc8512a460ac7df759013986e530956aa1cfe E:\Android\CalorieCounter\app\libs\picasso-2.5.2.jar
java_class_path (initial): E:\QMDownload\SDK\build-tools\23.0.3\lib\dx.jar
Launcher Type: SUN_STANDARD

Environment Variables:
PATH=X:\ProgramData\Oracle\Java\javapath;X:\Windows\system32;X:\Windows;X:\Windows\System32\Wbem;X:\Windows\System32\WindowsPowerShell\v1.0\;X:\Program Files (x86)\ATI Technologies\ATI.ACE\Core-Static;D:\Program Files\MATLAB\R2013a\runtime\win64;D:\Program Files\MATLAB\R2013a\bin;X:\Program Files\Java\jdk1.8.0_73\bin;D:\Python27;X:\Program Files (x86)\MySQL\MySQL Fabric 1.5 & MySQL Utilities 1.5\;X:\Program Files (x86)\MySQL\MySQL Fabric 1.5 & MySQL Utilities 1.5\Doctrine extensions for PHP\
USERNAME=Õı…≠
OS=Windows_NT
PROCESSOR_IDENTIFIER=Intel64 Family 6 Model 60 Stepping 3, GenuineIntel



---------------  S Y S T E M  ---------------

OS: Windows 10.0 , 64 bit Build 10586 (10.0.10586.0)

CPU:total 4 (4 cores per cpu, 1 threads per core) family 6 model 60 stepping 3, cmov, cx8, fxsr, mmx, sse, sse2, sse3, ssse3, sse4.1, sse4.2, popcnt, avx, avx2, aes, clmul, erms, lzcnt, tsc, tscinvbit, bmi1, bmi2

Memory: 4k page, physical 8315044k(2065876k free), swap 8315044k(5132k free)

vm_info: Java HotSpot(TM) 64-Bit Server VM (25.73-b02) for windows-amd64 JRE (1.8.0_73-b02), built on Jan 29 2016 17:38:49 by "java_re" with MS VC++ 10.0 (VS2010)

time: Thu Apr 21 22:22:15 2016
elapsed time: 2 seconds (0d 0h 0m 2s)

