#
# There is insufficient memory for the Java Runtime Environment to continue.
# Native memory allocation (malloc) failed to allocate 814896 bytes for Chunk::new
# Possible reasons:
#   The system is out of physical RAM or swap space
#   In 32 bit mode, the process size limit was hit
# Possible solutions:
#   Reduce memory load on the system
#   Increase physical memory or swap space
#   Check if swap backing store is full
#   Use 64 bit Java on a 64 bit OS
#   Decrease Java heap size (-Xmx/-Xms)
#   Decrease number of Java threads
#   Decrease Java thread stack sizes (-Xss)
#   Set larger code cache with -XX:ReservedCodeCacheSize=
# This output file may be truncated or incomplete.
#
#  Out of Memory Error (allocation.cpp:390), pid=6520, tid=9280
#
# JRE version: Java(TM) SE Runtime Environment (8.0_73-b02) (build 1.8.0_73-b02)
# Java VM: Java HotSpot(TM) 64-Bit Server VM (25.73-b02 mixed mode windows-amd64 compressed oops)
# Failed to write core dump. Minidumps are not enabled by default on client versions of Windows
#

---------------  T H R E A D  ---------------

Current thread (0x00000000188c8800):  JavaThread "C2 CompilerThread1" daemon [_thread_in_native, id=9280, stack(0x0000000018c70000,0x0000000018d70000)]

Stack: [0x0000000018c70000,0x0000000018d70000]
[error occurred during error reporting (printing stack bounds), id 0xc0000005]

Native frames: (J=compiled Java code, j=interpreted, Vv=VM code, C=native code)


Current CompileTask:
C2:   3391 1770   !   4       com.android.dx.cf.code.RopperMachine::run (1550 bytes)


---------------  P R O C E S S  ---------------

Java Threads: ( => current thread )
  0x0000000018b5d000 JavaThread "pool-2-thread-4" [_thread_blocked, id=1756, stack(0x0000000019470000,0x0000000019570000)]
  0x0000000018b5c000 JavaThread "pool-2-thread-3" [_thread_in_Java, id=10460, stack(0x0000000019370000,0x0000000019470000)]
  0x0000000018b02000 JavaThread "pool-2-thread-2" [_thread_in_Java, id=5612, stack(0x0000000019270000,0x0000000019370000)]
  0x0000000018b01800 JavaThread "pool-3-thread-1" [_thread_blocked, id=1972, stack(0x0000000019170000,0x0000000019270000)]
  0x0000000018b00800 JavaThread "pool-2-thread-1" [_thread_blocked, id=10256, stack(0x0000000019070000,0x0000000019170000)]
  0x00000000188d1800 JavaThread "Service Thread" daemon [_thread_blocked, id=11708, stack(0x0000000018e70000,0x0000000018f70000)]
  0x00000000188cb800 JavaThread "C1 CompilerThread2" daemon [_thread_blocked, id=7372, stack(0x0000000018d70000,0x0000000018e70000)]
=>0x00000000188c8800 JavaThread "C2 CompilerThread1" daemon [_thread_in_native, id=9280, stack(0x0000000018c70000,0x0000000018d70000)]
  0x000000001721a000 JavaThread "C2 CompilerThread0" daemon [_thread_in_native, id=9244, stack(0x0000000018770000,0x0000000018870000)]
  0x0000000017218800 JavaThread "Attach Listener" daemon [_thread_blocked, id=11728, stack(0x0000000018670000,0x0000000018770000)]
  0x00000000171cc800 JavaThread "Signal Dispatcher" daemon [_thread_blocked, id=460, stack(0x0000000018570000,0x0000000018670000)]
  0x00000000021b6000 JavaThread "Finalizer" daemon [_thread_blocked, id=8232, stack(0x0000000018410000,0x0000000018510000)]
  0x00000000021ad000 JavaThread "Reference Handler" daemon [_thread_blocked, id=10260, stack(0x0000000018310000,0x0000000018410000)]
  0x00000000020c0800 JavaThread "main" [_thread_blocked, id=8800, stack(0x0000000000880000,0x0000000000980000)]

Other Threads:
  0x0000000017188000 VMThread [stack: 0x0000000018210000,0x0000000018310000] [id=8464]
  0x000000001891a800 WatcherThread [stack: 0x0000000018f70000,0x0000000019070000] [id=10920]

VM state:not at safepoint (normal execution)

VM Mutex/Monitor currently owned by a thread: None

Heap:
 PSYoungGen      total 71680K, used 38835K [0x00000000d5580000, 0x00000000da080000, 0x0000000100000000)
  eden space 66560K, 50% used [0x00000000d5580000,0x00000000d76743e0,0x00000000d9680000)
  from space 5120K, 99% used [0x00000000d9b80000,0x00000000da078ac8,0x00000000da080000)
  to   space 5120K, 0% used [0x00000000d9680000,0x00000000d9680000,0x00000000d9b80000)
 ParOldGen       total 87552K, used 4662K [0x0000000080000000, 0x0000000085580000, 0x00000000d5580000)
  object space 87552K, 5% used [0x0000000080000000,0x000000008048d9e0,0x0000000085580000)
 Metaspace       used 6361K, capacity 7156K, committed 7296K, reserved 1056768K
  class space    used 605K, capacity 620K, committed 640K, reserved 1048576K

Card table byte_map: [0x0000000011960000,0x0000000011d70000] byte_map_base: 0x0000000011560000

Marking Bits: (ParMarkBitMap*) 0x00000000530a0600
 Begin Bits: [0x0000000012420000, 0x0000000014420000)
 End Bits:   [0x0000000014420000, 0x0000000016420000)

Polling page: 0x00000000001f0000

CodeCache: size=245760Kb used=7781Kb max_used=7781Kb free=237978Kb
 bounds [0x00000000025a0000, 0x0000000002d50000, 0x00000000115a0000]
 total_blobs=2070 nmethods=1798 adapters=184
 compilation: enabled

Compilation events (10 events):
Event: 3.344 Thread 0x00000000188cb800 1811       3       java.util.concurrent.ThreadPoolExecutor::execute (132 bytes)
Event: 3.344 Thread 0x00000000188cb800 nmethod 1811 0x0000000002d3dc10 code [0x0000000002d3de60, 0x0000000002d3edc8]
Event: 3.344 Thread 0x00000000188cb800 1812       3       com.android.dx.cf.direct.DirectClassFile::getFields (9 bytes)
Event: 3.344 Thread 0x00000000188cb800 nmethod 1812 0x0000000002d3f290 code [0x0000000002d3f400, 0x0000000002d3f648]
Event: 3.344 Thread 0x00000000188cb800 1806       3       java.util.concurrent.FutureTask::set (36 bytes)
Event: 3.345 Thread 0x00000000188cb800 nmethod 1806 0x0000000002d3f710 code [0x0000000002d3f880, 0x0000000002d3faa8]
Event: 3.345 Thread 0x00000000188cb800 1800  s    3       java.io.ByteArrayOutputStream::toByteArray (12 bytes)
Event: 3.345 Thread 0x00000000188cb800 nmethod 1800 0x0000000002d3fb50 code [0x0000000002d3fce0, 0x0000000002d40208]
Event: 3.345 Thread 0x00000000188cb800 1801       3       java.util.zip.ZipEntry::getTime (40 bytes)
Event: 3.345 Thread 0x00000000188cb800 nmethod 1801 0x0000000002d403d0 code [0x0000000002d40560, 0x0000000002d408d8]

GC Heap History (4 events):
Event: 1.834 GC heap before
{Heap before GC invocations=1 (full 0):
 PSYoungGen      total 38400K, used 33280K [0x00000000d5580000, 0x00000000d8000000, 0x0000000100000000)
  eden space 33280K, 100% used [0x00000000d5580000,0x00000000d7600000,0x00000000d7600000)
  from space 5120K, 0% used [0x00000000d7b00000,0x00000000d7b00000,0x00000000d8000000)
  to   space 5120K, 0% used [0x00000000d7600000,0x00000000d7600000,0x00000000d7b00000)
 ParOldGen       total 87552K, used 0K [0x0000000080000000, 0x0000000085580000, 0x00000000d5580000)
  object space 87552K, 0% used [0x0000000080000000,0x0000000080000000,0x0000000085580000)
 Metaspace       used 6002K, capacity 6900K, committed 7040K, reserved 1056768K
  class space    used 599K, capacity 620K, committed 640K, reserved 1048576K
Event: 2.031 GC heap after
Heap after GC invocations=1 (full 0):
 PSYoungGen      total 38400K, used 5099K [0x00000000d5580000, 0x00000000da080000, 0x0000000100000000)
  eden space 33280K, 0% used [0x00000000d5580000,0x00000000d5580000,0x00000000d7600000)
  from space 5120K, 99% used [0x00000000d7600000,0x00000000d7afae90,0x00000000d7b00000)
  to   space 5120K, 0% used [0x00000000d9b80000,0x00000000d9b80000,0x00000000da080000)
 ParOldGen       total 87552K, used 771K [0x0000000080000000, 0x0000000085580000, 0x00000000d5580000)
  object space 87552K, 0% used [0x0000000080000000,0x00000000800c0e60,0x0000000085580000)
 Metaspace       used 6002K, capacity 6900K, committed 7040K, reserved 1056768K
  class space    used 599K, capacity 620K, committed 640K, reserved 1048576K
}
Event: 3.251 GC heap before
{Heap before GC invocations=2 (full 0):
 PSYoungGen      total 38400K, used 38379K [0x00000000d5580000, 0x00000000da080000, 0x0000000100000000)
  eden space 33280K, 100% used [0x00000000d5580000,0x00000000d7600000,0x00000000d7600000)
  from space 5120K, 99% used [0x00000000d7600000,0x00000000d7afae90,0x00000000d7b00000)
  to   space 5120K, 0% used [0x00000000d9b80000,0x00000000d9b80000,0x00000000da080000)
 ParOldGen       total 87552K, used 771K [0x0000000080000000, 0x0000000085580000, 0x00000000d5580000)
  object space 87552K, 0% used [0x0000000080000000,0x00000000800c0e60,0x0000000085580000)
 Metaspace       used 6303K, capacity 7092K, committed 7296K, reserved 1056768K
  class space    used 605K, capacity 620K, committed 640K, reserved 1048576K
Event: 3.261 GC heap after
Heap after GC invocations=2 (full 0):
 PSYoungGen      total 71680K, used 5090K [0x00000000d5580000, 0x00000000da080000, 0x0000000100000000)
  eden space 66560K, 0% used [0x00000000d5580000,0x00000000d5580000,0x00000000d9680000)
  from space 5120K, 99% used [0x00000000d9b80000,0x00000000da078ac8,0x00000000da080000)
  to   space 5120K, 0% used [0x00000000d9680000,0x00000000d9680000,0x00000000d9b80000)
 ParOldGen       total 87552K, used 4662K [0x0000000080000000, 0x0000000085580000, 0x00000000d5580000)
  object space 87552K, 5% used [0x0000000080000000,0x000000008048d9e0,0x0000000085580000)
 Metaspace       used 6303K, capacity 7092K, committed 7296K, reserved 1056768K
  class space    used 605K, capacity 620K, committed 640K, reserved 1048576K
}

Deoptimization events (10 events):
Event: 3.277 Thread 0x00000000020c0800 Uncommon trap: reason=unstable_if action=reinterpret pc=0x0000000002a54b38 method=com.android.dx.rop.cst.StdConstantPool.set(ILcom/android/dx/rop/cst/Constant;)V @ 12
Event: 3.285 Thread 0x0000000018b5c000 Uncommon trap: reason=bimorphic action=maybe_recompile pc=0x0000000002ba3e18 method=com.android.dx.rop.code.RegisterSpec.withSimpleType()Lcom/android/dx/rop/code/RegisterSpec; @ 21
Event: 3.298 Thread 0x0000000018b5c000 Uncommon trap: reason=unstable_if action=reinterpret pc=0x00000000028fb174 method=com.android.dx.rop.code.RegisterSpecSet.<init>(I)V @ 2
Event: 3.306 Thread 0x0000000018b02000 Uncommon trap: reason=unstable_if action=reinterpret pc=0x0000000002ac1134 method=com.android.dx.ssa.SCCP.simulateBranch(Lcom/android/dx/ssa/SsaInsn;)V @ 64
Event: 3.306 Thread 0x0000000018b02000 Uncommon trap: reason=unloaded action=reinterpret pc=0x0000000002b1a6d0 method=com.android.dx.ssa.LiteralOpUpgrader$1.visitNonMoveInsn(Lcom/android/dx/ssa/NormalSsaInsn;)V @ 72
Event: 3.306 Thread 0x0000000018b02000 Uncommon trap: reason=unstable_if action=reinterpret pc=0x000000000293d91c method=com.android.dx.ssa.SsaMethod.updateOneDefinition(Lcom/android/dx/ssa/SsaInsn;Lcom/android/dx/rop/code/RegisterSpec;)V @ 4
Event: 3.308 Thread 0x0000000018b02000 Uncommon trap: reason=bimorphic action=maybe_recompile pc=0x0000000002c580b8 method=com.android.dx.ssa.SCCP.setLatticeValueTo(IILcom/android/dx/rop/cst/Constant;)Z @ 43
Event: 3.308 Thread 0x0000000018b02000 Uncommon trap: reason=bimorphic action=maybe_recompile pc=0x0000000002c580b8 method=com.android.dx.ssa.SCCP.setLatticeValueTo(IILcom/android/dx/rop/cst/Constant;)Z @ 43
Event: 3.308 Thread 0x0000000018b02000 Uncommon trap: reason=bimorphic action=maybe_recompile pc=0x0000000002c580b8 method=com.android.dx.ssa.SCCP.setLatticeValueTo(IILcom/android/dx/rop/cst/Constant;)Z @ 43
Event: 3.308 Thread 0x0000000018b02000 Uncommon trap: reason=bimorphic action=maybe_recompile pc=0x0000000002c580b8 method=com.android.dx.ssa.SCCP.setLatticeValueTo(IILcom/android/dx/rop/cst/Constant;)Z @ 43

Internal exceptions (2 events):
Event: 0.035 Thread 0x00000000020c0800 Exception <a 'java/lang/NoSuchMethodError': Method sun.misc.Unsafe.defineClass(Ljava/lang/String;[BII)Ljava/lang/Class; name or signature does not match> (0x00000000d5593090) thrown at [D:\re\puppet\workspace\8-2-build-windows-amd64-cygwin\jdk8u73\6086\hotâΩ#N"¢?
Event: 0.035 Thread 0x00000000020c0800 Exception <a 'java/lang/NoSuchMethodError': Method sun.misc.Unsafe.prefetchRead(Ljava/lang/Object;J)V name or signature does not match> (0x00000000d5593378) thrown at [D:\re\puppet\workspace\8-2-build-windows-amd64-cygwin\jdk8u73\6086\hotspot\src\share\vm\

Events (10 events):
Event: 3.308 Thread 0x0000000018b02000 DEOPT UNPACKING pc=0x00000000025e582a sp=0x000000001936e988 mode 2
Event: 3.308 Thread 0x0000000018b02000 Uncommon trap: trap_request=0xffffffc6 fr.pc=0x0000000002c580b8
Event: 3.308 Thread 0x0000000018b02000 DEOPT PACKING pc=0x0000000002c580b8 sp=0x000000001936ea30
Event: 3.308 Thread 0x0000000018b02000 DEOPT UNPACKING pc=0x00000000025e582a sp=0x000000001936e988 mode 2
Event: 3.308 Thread 0x0000000018b02000 Uncommon trap: trap_request=0xffffffc6 fr.pc=0x0000000002c580b8
Event: 3.308 Thread 0x0000000018b02000 DEOPT PACKING pc=0x0000000002c580b8 sp=0x000000001936ea80
Event: 3.308 Thread 0x0000000018b02000 DEOPT UNPACKING pc=0x00000000025e582a sp=0x000000001936e9d8 mode 2
Event: 3.308 Thread 0x0000000018b02000 Uncommon trap: trap_request=0xffffffc6 fr.pc=0x0000000002c580b8
Event: 3.308 Thread 0x0000000018b02000 DEOPT PACKING pc=0x0000000002c580b8 sp=0x000000001936ea80
Event: 3.308 Thread 0x0000000018b02000 DEOPT UNPACKING pc=0x00000000025e582a sp=0x000000001936e9d8 mode 2


Dynamic libraries:
0x00007ff6fb7a0000 - 0x00007ff6fb7d7000 	X:\Program Files\Java\jdk1.8.0_73\bin\java.exe
0x00007ffec5b10000 - 0x00007ffec5cd1000 	X:\Windows\SYSTEM32\ntdll.dll
0x00007ffec35e0000 - 0x00007ffec368d000 	X:\Windows\system32\KERNEL32.DLL
0x00007ffec2930000 - 0x00007ffec2b18000 	X:\Windows\system32\KERNELBASE.dll
0x00007ffec34c0000 - 0x00007ffec3567000 	X:\Windows\system32\ADVAPI32.dll
0x00007ffec50c0000 - 0x00007ffec515d000 	X:\Windows\system32\msvcrt.dll
0x00007ffec59a0000 - 0x00007ffec59fb000 	X:\Windows\system32\sechost.dll
0x00007ffec2f10000 - 0x00007ffec302c000 	X:\Windows\system32\RPCRT4.dll
0x00007ffec32f0000 - 0x00007ffec3446000 	X:\Windows\system32\USER32.dll
0x00007ffec3030000 - 0x00007ffec31b6000 	X:\Windows\system32\GDI32.dll
0x00007ffeb89d0000 - 0x00007ffeb8c44000 	X:\Windows\WinSxS\amd64_microsoft.windows.common-controls_6595b64144ccf1df_6.0.10586.0_none_8c15ae12515e1c22\COMCTL32.dll
0x00007ffec4e20000 - 0x00007ffec509d000 	X:\Windows\system32\combase.dll
0x00007ffec2ea0000 - 0x00007ffec2f0a000 	X:\Windows\system32\bcryptPrimitives.dll
0x00007ffec56f0000 - 0x00007ffec572b000 	X:\Windows\system32\IMM32.DLL
0x0000000052330000 - 0x0000000052402000 	X:\Program Files\Java\jdk1.8.0_73\jre\bin\msvcr100.dll
0x0000000052890000 - 0x0000000053120000 	X:\Program Files\Java\jdk1.8.0_73\jre\bin\server\jvm.dll
0x00007ffec4c50000 - 0x00007ffec4c58000 	X:\Windows\system32\PSAPI.DLL
0x00007ffebded0000 - 0x00007ffebded9000 	X:\Windows\SYSTEM32\WSOCK32.dll
0x00007ffec3570000 - 0x00007ffec35db000 	X:\Windows\system32\WS2_32.dll
0x00007ffec0720000 - 0x00007ffec0743000 	X:\Windows\SYSTEM32\WINMM.dll
0x00007ffebe7e0000 - 0x00007ffebe7ea000 	X:\Windows\SYSTEM32\VERSION.dll
0x00007ffec0660000 - 0x00007ffec068c000 	X:\Windows\SYSTEM32\WINMMBASE.dll
0x00007ffec2bd0000 - 0x00007ffec2c13000 	X:\Windows\system32\cfgmgr32.dll
0x00000000527a0000 - 0x00000000527af000 	X:\Program Files\Java\jdk1.8.0_73\jre\bin\verify.dll
0x0000000052770000 - 0x0000000052799000 	X:\Program Files\Java\jdk1.8.0_73\jre\bin\java.dll
0x0000000052750000 - 0x0000000052766000 	X:\Program Files\Java\jdk1.8.0_73\jre\bin\zip.dll
0x00007ffec36f0000 - 0x00007ffec4c4c000 	X:\Windows\system32\SHELL32.dll
0x00007ffec2220000 - 0x00007ffec2865000 	X:\Windows\system32\windows.storage.dll
0x00007ffec3690000 - 0x00007ffec36e2000 	X:\Windows\system32\shlwapi.dll
0x00007ffec2130000 - 0x00007ffec213f000 	X:\Windows\system32\kernel.appcore.dll
0x00007ffec2870000 - 0x00007ffec2925000 	X:\Windows\system32\shcore.dll
0x00007ffec2140000 - 0x00007ffec218b000 	X:\Windows\system32\powrprof.dll
0x00007ffec2190000 - 0x00007ffec21a4000 	X:\Windows\system32\profapi.dll

VM Arguments:
jvm_args: -Djava.awt.headless=true -Xmx2g -Dfile.encoding=GBK -Duser.country=CN -Duser.language=zh -Duser.variant 
java_command: com.android.dx.command.Main --dex --num-threads=4 --multi-dex --output E:\Android\CalorieCounter\app\build\intermediates\transforms\dex\debug\folders\1000\10\internal_impl-23.2.1_49064801473cbca27248b55bf399760905628d45 E:\Android\CalorieCounter\app\build\intermediates\exploded-aar\com.android.support\support-v4\23.2.1\jars\libs\internal_impl-23.2.1.jar
java_class_path (initial): E:\QMDownload\SDK\build-tools\23.0.3\lib\dx.jar
Launcher Type: SUN_STANDARD

Environment Variables:
PATH=X:\ProgramData\Oracle\Java\javapath;X:\Windows\system32;X:\Windows;X:\Windows\System32\Wbem;X:\Windows\System32\WindowsPowerShell\v1.0\;X:\Program Files (x86)\ATI Technologies\ATI.ACE\Core-Static;D:\Program Files\MATLAB\R2013a\runtime\win64;D:\Program Files\MATLAB\R2013a\bin;X:\Program Files\Java\jdk1.8.0_73\bin;D:\Python27;X:\Program Files (x86)\MySQL\MySQL Fabric 1.5 & MySQL Utilities 1.5\;X:\Program Files (x86)\MySQL\MySQL Fabric 1.5 & MySQL Utilities 1.5\Doctrine extensions for PHP\;E:\QMDownload\SDK\platform-tools
USERNAME=Õı…≠
OS=Windows_NT
PROCESSOR_IDENTIFIER=Intel64 Family 6 Model 60 Stepping 3, GenuineIntel



---------------  S Y S T E M  ---------------

OS: Windows 10.0 , 64 bit Build 10586 (10.0.10586.0)

CPU:total 4 (4 cores per cpu, 1 threads per core) family 6 model 60 stepping 3, cmov, cx8, fxsr, mmx, sse, sse2, sse3, ssse3, sse4.1, sse4.2, popcnt, avx, avx2, aes, clmul, erms, lzcnt, tsc, tscinvbit, bmi1, bmi2

Memory: 4k page, physical 8315044k(1904584k free), swap 8315044k(5176k free)

vm_info: Java HotSpot(TM) 64-Bit Server VM (25.73-b02) for windows-amd64 JRE (1.8.0_73-b02), built on Jan 29 2016 17:38:49 by "java_re" with MS VC++ 10.0 (VS2010)

time: Tue Apr 26 20:48:36 2016
elapsed time: 3 seconds (0d 0h 0m 3s)

