#
# There is insufficient memory for the Java Runtime Environment to continue.
# Native memory allocation (malloc) failed to allocate 131088 bytes for Chunk::new
# Possible reasons:
#   The system is out of physical RAM or swap space
#   In 32 bit mode, the process size limit was hit
# Possible solutions:
#   Reduce memory load on the system
#   Increase physical memory or swap space
#   Check if swap backing store is full
#   Use 64 bit Java on a 64 bit OS
#   Decrease Java heap size (-Xmx/-Xms)
#   Decrease number of Java threads
#   Decrease Java thread stack sizes (-Xss)
#   Set larger code cache with -XX:ReservedCodeCacheSize=
# This output file may be truncated or incomplete.
#
#  Out of Memory Error (allocation.cpp:390), pid=1548, tid=11944
#
# JRE version: Java(TM) SE Runtime Environment (8.0_73-b02) (build 1.8.0_73-b02)
# Java VM: Java HotSpot(TM) 64-Bit Server VM (25.73-b02 mixed mode windows-amd64 compressed oops)
# Failed to write core dump. Minidumps are not enabled by default on client versions of Windows
#

---------------  T H R E A D  ---------------

Current thread (0x00000000172ad800):  JavaThread "C2 CompilerThread1" daemon [_thread_in_native, id=11944, stack(0x0000000018cb0000,0x0000000018db0000)]

Stack: [0x0000000018cb0000,0x0000000018db0000]
[error occurred during error reporting (printing stack bounds), id 0xc0000005]

Native frames: (J=compiled Java code, j=interpreted, Vv=VM code, C=native code)


Current CompileTask:
C2:   4193 1726   !   4       com.android.dx.cf.code.RopperMachine::run (1550 bytes)


---------------  P R O C E S S  ---------------

Java Threads: ( => current thread )
  0x0000000018c25800 JavaThread "pool-2-thread-4" [_thread_in_Java, id=10252, stack(0x0000000019cb0000,0x0000000019db0000)]
  0x0000000018b3d800 JavaThread "pool-2-thread-3" [_thread_blocked, id=13328, stack(0x0000000019bb0000,0x0000000019cb0000)]
  0x0000000018b3c800 JavaThread "pool-2-thread-2" [_thread_blocked, id=8816, stack(0x0000000019ab0000,0x0000000019bb0000)]
  0x0000000018bb4000 JavaThread "pool-3-thread-1" [_thread_blocked, id=13556, stack(0x00000000199b0000,0x0000000019ab0000)]
  0x0000000018bb3800 JavaThread "pool-2-thread-1" [_thread_blocked, id=6376, stack(0x00000000198b0000,0x00000000199b0000)]
  0x000000001892b000 JavaThread "Service Thread" daemon [_thread_blocked, id=10828, stack(0x0000000018eb0000,0x0000000018fb0000)]
  0x000000001890d000 JavaThread "C1 CompilerThread2" daemon [_thread_blocked, id=14968, stack(0x0000000018db0000,0x0000000018eb0000)]
=>0x00000000172ad800 JavaThread "C2 CompilerThread1" daemon [_thread_in_native, id=11944, stack(0x0000000018cb0000,0x0000000018db0000)]
  0x00000000172aa000 JavaThread "C2 CompilerThread0" daemon [_thread_in_native, id=868, stack(0x00000000187b0000,0x00000000188b0000)]
  0x00000000172a8000 JavaThread "Attach Listener" daemon [_thread_blocked, id=12500, stack(0x00000000186b0000,0x00000000187b0000)]
  0x000000001725d800 JavaThread "Signal Dispatcher" daemon [_thread_blocked, id=14708, stack(0x00000000185b0000,0x00000000186b0000)]
  0x0000000002620800 JavaThread "Finalizer" daemon [_thread_blocked, id=14192, stack(0x00000000184b0000,0x00000000185b0000)]
  0x000000000261d000 JavaThread "Reference Handler" daemon [_thread_blocked, id=14592, stack(0x00000000183b0000,0x00000000184b0000)]
  0x0000000002530800 JavaThread "main" [_thread_blocked, id=14092, stack(0x0000000002330000,0x0000000002430000)]

Other Threads:
  0x0000000017218800 VMThread [stack: 0x00000000182b0000,0x00000000183b0000] [id=7708]
  0x000000001898c000 WatcherThread [stack: 0x0000000018fb0000,0x00000000190b0000] [id=16956]

VM state:not at safepoint (normal execution)

VM Mutex/Monitor currently owned by a thread: None

Heap:
 PSYoungGen      total 38400K, used 8396K [0x00000000d5580000, 0x00000000da080000, 0x0000000100000000)
  eden space 33280K, 9% used [0x00000000d5580000,0x00000000d58bb188,0x00000000d7600000)
  from space 5120K, 99% used [0x00000000d7600000,0x00000000d7af8028,0x00000000d7b00000)
  to   space 5120K, 0% used [0x00000000d9b80000,0x00000000d9b80000,0x00000000da080000)
 ParOldGen       total 87552K, used 10059K [0x0000000080000000, 0x0000000085580000, 0x00000000d5580000)
  object space 87552K, 11% used [0x0000000080000000,0x00000000809d2e28,0x0000000085580000)
 Metaspace       used 6348K, capacity 7156K, committed 7296K, reserved 1056768K
  class space    used 605K, capacity 620K, committed 640K, reserved 1048576K

Card table byte_map: [0x00000000119f0000,0x0000000011e00000] byte_map_base: 0x00000000115f0000

Marking Bits: (ParMarkBitMap*) 0x00000000551a0600
 Begin Bits: [0x00000000124b0000, 0x00000000144b0000)
 End Bits:   [0x00000000144b0000, 0x00000000164b0000)

Polling page: 0x00000000001f0000

CodeCache: size=245760Kb used=7533Kb max_used=7533Kb free=238226Kb
 bounds [0x0000000002630000, 0x0000000002da0000, 0x0000000011630000]
 total_blobs=2023 nmethods=1751 adapters=184
 compilation: enabled

Compilation events (10 events):
Event: 4.138 Thread 0x000000001890d000 1757   !   3       com.android.dx.cf.direct.DirectClassFile::parse (75 bytes)
Event: 4.139 Thread 0x000000001890d000 nmethod 1757 0x0000000002d88950 code [0x0000000002d88bc0, 0x0000000002d89bb8]
Event: 4.187 Thread 0x000000001890d000 1758       3       com.android.dx.cf.direct.StdAttributeFactory::sourceFile (94 bytes)
Event: 4.189 Thread 0x000000001890d000 nmethod 1758 0x0000000002d8a2d0 code [0x0000000002d8a740, 0x0000000002d8d028]
Event: 4.189 Thread 0x000000001890d000 1759       3       com.android.dx.command.dexer.Main$ClassDefItemConsumer::call (5 bytes)
Event: 4.189 Thread 0x000000001890d000 nmethod 1759 0x0000000002d8f290 code [0x0000000002d8f400, 0x0000000002d8f5a8]
Event: 4.189 Thread 0x000000001890d000 1760   !   3       com.android.dx.command.dexer.Main$ClassDefItemConsumer::call (161 bytes)
Event: 4.190 Thread 0x000000001890d000 nmethod 1760 0x0000000002d8f650 code [0x0000000002d8f900, 0x0000000002d90f58]
Event: 4.190 Thread 0x000000001890d000 1761       3       com.android.dx.dex.file.DexFile::add (9 bytes)
Event: 4.190 Thread 0x000000001890d000 nmethod 1761 0x0000000002d91b90 code [0x0000000002d91d00, 0x0000000002d91f08]

GC Heap History (6 events):
Event: 2.140 GC heap before
{Heap before GC invocations=1 (full 0):
 PSYoungGen      total 38400K, used 33280K [0x00000000d5580000, 0x00000000d8000000, 0x0000000100000000)
  eden space 33280K, 100% used [0x00000000d5580000,0x00000000d7600000,0x00000000d7600000)
  from space 5120K, 0% used [0x00000000d7b00000,0x00000000d7b00000,0x00000000d8000000)
  to   space 5120K, 0% used [0x00000000d7600000,0x00000000d7600000,0x00000000d7b00000)
 ParOldGen       total 87552K, used 0K [0x0000000080000000, 0x0000000085580000, 0x00000000d5580000)
  object space 87552K, 0% used [0x0000000080000000,0x0000000080000000,0x0000000085580000)
 Metaspace       used 6047K, capacity 6900K, committed 7040K, reserved 1056768K
  class space    used 599K, capacity 620K, committed 640K, reserved 1048576K
Event: 2.467 GC heap after
Heap after GC invocations=1 (full 0):
 PSYoungGen      total 38400K, used 5096K [0x00000000d5580000, 0x00000000d8000000, 0x0000000100000000)
  eden space 33280K, 0% used [0x00000000d5580000,0x00000000d5580000,0x00000000d7600000)
  from space 5120K, 99% used [0x00000000d7600000,0x00000000d7afa368,0x00000000d7b00000)
  to   space 5120K, 0% used [0x00000000d7b00000,0x00000000d7b00000,0x00000000d8000000)
 ParOldGen       total 87552K, used 731K [0x0000000080000000, 0x0000000085580000, 0x00000000d5580000)
  object space 87552K, 0% used [0x0000000080000000,0x00000000800b6c00,0x0000000085580000)
 Metaspace       used 6047K, capacity 6900K, committed 7040K, reserved 1056768K
  class space    used 599K, capacity 620K, committed 640K, reserved 1048576K
}
Event: 3.923 GC heap before
{Heap before GC invocations=2 (full 0):
 PSYoungGen      total 38400K, used 38376K [0x00000000d5580000, 0x00000000d8000000, 0x0000000100000000)
  eden space 33280K, 100% used [0x00000000d5580000,0x00000000d7600000,0x00000000d7600000)
  from space 5120K, 99% used [0x00000000d7600000,0x00000000d7afa368,0x00000000d7b00000)
  to   space 5120K, 0% used [0x00000000d7b00000,0x00000000d7b00000,0x00000000d8000000)
 ParOldGen       total 87552K, used 731K [0x0000000080000000, 0x0000000085580000, 0x00000000d5580000)
  object space 87552K, 0% used [0x0000000080000000,0x00000000800b6c00,0x0000000085580000)
 Metaspace       used 6295K, capacity 7092K, committed 7296K, reserved 1056768K
  class space    used 605K, capacity 620K, committed 640K, reserved 1048576K
Event: 3.954 GC heap after
Heap after GC invocations=2 (full 0):
 PSYoungGen      total 38400K, used 5103K [0x00000000d5580000, 0x00000000da080000, 0x0000000100000000)
  eden space 33280K, 0% used [0x00000000d5580000,0x00000000d5580000,0x00000000d7600000)
  from space 5120K, 99% used [0x00000000d7b00000,0x00000000d7ffbcb8,0x00000000d8000000)
  to   space 5120K, 0% used [0x00000000d7600000,0x00000000d7600000,0x00000000d7b00000)
 ParOldGen       total 87552K, used 4764K [0x0000000080000000, 0x0000000085580000, 0x00000000d5580000)
  object space 87552K, 5% used [0x0000000080000000,0x00000000804a7138,0x0000000085580000)
 Metaspace       used 6295K, capacity 7092K, committed 7296K, reserved 1056768K
  class space    used 605K, capacity 620K, committed 640K, reserved 1048576K
}
Event: 4.141 GC heap before
{Heap before GC invocations=3 (full 0):
 PSYoungGen      total 38400K, used 38383K [0x00000000d5580000, 0x00000000da080000, 0x0000000100000000)
  eden space 33280K, 100% used [0x00000000d5580000,0x00000000d7600000,0x00000000d7600000)
  from space 5120K, 99% used [0x00000000d7b00000,0x00000000d7ffbcb8,0x00000000d8000000)
  to   space 5120K, 0% used [0x00000000d7600000,0x00000000d7600000,0x00000000d7b00000)
 ParOldGen       total 87552K, used 4764K [0x0000000080000000, 0x0000000085580000, 0x00000000d5580000)
  object space 87552K, 5% used [0x0000000080000000,0x00000000804a7138,0x0000000085580000)
 Metaspace       used 6341K, capacity 7156K, committed 7296K, reserved 1056768K
  class space    used 605K, capacity 620K, committed 640K, reserved 1048576K
Event: 4.185 GC heap after
Heap after GC invocations=3 (full 0):
 PSYoungGen      total 38400K, used 5088K [0x00000000d5580000, 0x00000000da080000, 0x0000000100000000)
  eden space 33280K, 0% used [0x00000000d5580000,0x00000000d5580000,0x00000000d7600000)
  from space 5120K, 99% used [0x00000000d7600000,0x00000000d7af8028,0x00000000d7b00000)
  to   space 5120K, 0% used [0x00000000d9b80000,0x00000000d9b80000,0x00000000da080000)
 ParOldGen       total 87552K, used 10059K [0x0000000080000000, 0x0000000085580000, 0x00000000d5580000)
  object space 87552K, 11% used [0x0000000080000000,0x00000000809d2e28,0x0000000085580000)
 Metaspace       used 6341K, capacity 7156K, committed 7296K, reserved 1056768K
  class space    used 605K, capacity 620K, committed 640K, reserved 1048576K
}

Deoptimization events (10 events):
Event: 3.921 Thread 0x0000000002530800 Uncommon trap: reason=bimorphic action=maybe_recompile pc=0x0000000002be4e9c method=com.android.dx.ssa.SCCP.simulatePhi(Lcom/android/dx/ssa/PhiInsn;)V @ 124
Event: 4.045 Thread 0x0000000018bb3800 Uncommon trap: reason=null_assert action=make_not_entrant pc=0x0000000002cdeecc method=com.android.dx.cf.code.RopperMachine.run(Lcom/android/dx/cf/code/Frame;II)V @ 1112
Event: 4.087 Thread 0x0000000018b3c800 Uncommon trap: reason=unstable_if action=reinterpret pc=0x0000000002a38c34 method=com.android.dx.rop.code.RegisterSpecSet.<init>(I)V @ 2
Event: 4.094 Thread 0x0000000018c25800 Uncommon trap: reason=unstable_if action=reinterpret pc=0x0000000002b6c5f8 method=com.android.dx.ssa.SCCP.simulateBranch(Lcom/android/dx/ssa/SsaInsn;)V @ 64
Event: 4.095 Thread 0x0000000018c25800 Uncommon trap: reason=unloaded action=reinterpret pc=0x0000000002bdc0a8 method=com.android.dx.ssa.LiteralOpUpgrader$1.visitNonMoveInsn(Lcom/android/dx/ssa/NormalSsaInsn;)V @ 72
Event: 4.095 Thread 0x0000000018c25800 Uncommon trap: reason=unstable_if action=reinterpret pc=0x0000000002aa9a1c method=com.android.dx.ssa.SsaMethod.updateOneDefinition(Lcom/android/dx/ssa/SsaInsn;Lcom/android/dx/rop/code/RegisterSpec;)V @ 4
Event: 4.097 Thread 0x0000000018c25800 Uncommon trap: reason=bimorphic action=maybe_recompile pc=0x0000000002be53e0 method=com.android.dx.ssa.SCCP.setLatticeValueTo(IILcom/android/dx/rop/cst/Constant;)Z @ 43
Event: 4.097 Thread 0x0000000018c25800 Uncommon trap: reason=bimorphic action=maybe_recompile pc=0x0000000002be53e0 method=com.android.dx.ssa.SCCP.setLatticeValueTo(IILcom/android/dx/rop/cst/Constant;)Z @ 43
Event: 4.097 Thread 0x0000000018c25800 Uncommon trap: reason=bimorphic action=maybe_recompile pc=0x0000000002be53e0 method=com.android.dx.ssa.SCCP.setLatticeValueTo(IILcom/android/dx/rop/cst/Constant;)Z @ 43
Event: 4.097 Thread 0x0000000018c25800 Uncommon trap: reason=bimorphic action=maybe_recompile pc=0x0000000002be53e0 method=com.android.dx.ssa.SCCP.setLatticeValueTo(IILcom/android/dx/rop/cst/Constant;)Z @ 43

Internal exceptions (3 events):
Event: 0.069 Thread 0x0000000002530800 Exception <a 'java/lang/NoSuchMethodError': Method sun.misc.Unsafe.defineClass(Ljava/lang/String;[BII)Ljava/lang/Class; name or signature does not match> (0x00000000d5593090) thrown at [D:\re\puppet\workspace\8-2-build-windows-amd64-cygwin\jdk8u73\6086\hotnÚùïBª±?
Event: 0.069 Thread 0x0000000002530800 Exception <a 'java/lang/NoSuchMethodError': Method sun.misc.Unsafe.prefetchRead(Ljava/lang/Object;J)V name or signature does not match> (0x00000000d5593378) thrown at [D:\re\puppet\workspace\8-2-build-windows-amd64-cygwin\jdk8u73\6086\hotspot\src\share\vm\´‘æw`@
Event: 2.922 Thread 0x0000000018bb3800 Implicit null exception at 0x0000000002994285 to 0x0000000002996451

Events (10 events):
Event: 4.097 Thread 0x0000000018c25800 DEOPT PACKING pc=0x0000000002be53e0 sp=0x0000000019dae4f0
Event: 4.097 Thread 0x0000000018c25800 DEOPT UNPACKING pc=0x000000000267582a sp=0x0000000019dae448 mode 2
Event: 4.097 Thread 0x0000000018c25800 Uncommon trap: trap_request=0xffffffc6 fr.pc=0x0000000002be53e0
Event: 4.097 Thread 0x0000000018c25800 DEOPT PACKING pc=0x0000000002be53e0 sp=0x0000000019dae540
Event: 4.097 Thread 0x0000000018c25800 DEOPT UNPACKING pc=0x000000000267582a sp=0x0000000019dae498 mode 2
Event: 4.097 Thread 0x0000000018c25800 Uncommon trap: trap_request=0xffffffc6 fr.pc=0x0000000002be53e0
Event: 4.097 Thread 0x0000000018c25800 DEOPT PACKING pc=0x0000000002be53e0 sp=0x0000000019dae540
Event: 4.097 Thread 0x0000000018c25800 DEOPT UNPACKING pc=0x000000000267582a sp=0x0000000019dae498 mode 2
Event: 4.140 Executing VM operation: ParallelGCFailedAllocation
Event: 4.185 Executing VM operation: ParallelGCFailedAllocation done


Dynamic libraries:
0x00007ff797820000 - 0x00007ff797857000 	X:\Program Files\Java\jdk1.8.0_73\bin\java.exe
0x00007ff9acb50000 - 0x00007ff9acd11000 	X:\Windows\SYSTEM32\ntdll.dll
0x00007ff9abfa0000 - 0x00007ff9ac04d000 	X:\Windows\system32\KERNEL32.DLL
0x00007ff9a99f0000 - 0x00007ff9a9bd8000 	X:\Windows\system32\KERNELBASE.dll
0x00007ff9aa410000 - 0x00007ff9aa4b7000 	X:\Windows\system32\ADVAPI32.dll
0x00007ff9aca40000 - 0x00007ff9acadd000 	X:\Windows\system32\msvcrt.dll
0x00007ff9aa740000 - 0x00007ff9aa79b000 	X:\Windows\system32\sechost.dll
0x00007ff9ac1a0000 - 0x00007ff9ac2bc000 	X:\Windows\system32\RPCRT4.dll
0x00007ff9ac6f0000 - 0x00007ff9ac846000 	X:\Windows\system32\USER32.dll
0x00007ff9a9fb0000 - 0x00007ff9aa136000 	X:\Windows\system32\GDI32.dll
0x00007ff9a0e90000 - 0x00007ff9a1104000 	X:\Windows\WinSxS\amd64_microsoft.windows.common-controls_6595b64144ccf1df_6.0.10586.0_none_8c15ae12515e1c22\COMCTL32.dll
0x00007ff9aa4c0000 - 0x00007ff9aa73d000 	X:\Windows\system32\combase.dll
0x00007ff9a92c0000 - 0x00007ff9a932a000 	X:\Windows\system32\bcryptPrimitives.dll
0x00007ff9ac0b0000 - 0x00007ff9ac0eb000 	X:\Windows\system32\IMM32.DLL
0x0000000054510000 - 0x00000000545e2000 	X:\Program Files\Java\jdk1.8.0_73\jre\bin\msvcr100.dll
0x0000000054990000 - 0x0000000055220000 	X:\Program Files\Java\jdk1.8.0_73\jre\bin\server\jvm.dll
0x00007ff9aca30000 - 0x00007ff9aca38000 	X:\Windows\system32\PSAPI.DLL
0x00007ff9a0bb0000 - 0x00007ff9a0bb9000 	X:\Windows\SYSTEM32\WSOCK32.dll
0x00007ff9aa880000 - 0x00007ff9aa8eb000 	X:\Windows\system32\WS2_32.dll
0x00007ff9a7480000 - 0x00007ff9a74a3000 	X:\Windows\SYSTEM32\WINMM.dll
0x00007ff9a5d10000 - 0x00007ff9a5d1a000 	X:\Windows\SYSTEM32\VERSION.dll
0x00007ff9a7410000 - 0x00007ff9a743c000 	X:\Windows\SYSTEM32\WINMMBASE.dll
0x00007ff9a9330000 - 0x00007ff9a9373000 	X:\Windows\system32\cfgmgr32.dll
0x0000000054980000 - 0x000000005498f000 	X:\Program Files\Java\jdk1.8.0_73\jre\bin\verify.dll
0x0000000054950000 - 0x0000000054979000 	X:\Program Files\Java\jdk1.8.0_73\jre\bin\java.dll
0x0000000054930000 - 0x0000000054946000 	X:\Program Files\Java\jdk1.8.0_73\jre\bin\zip.dll
0x00007ff9aa8f0000 - 0x00007ff9abe4c000 	X:\Windows\system32\SHELL32.dll
0x00007ff9a9380000 - 0x00007ff9a99c5000 	X:\Windows\system32\windows.storage.dll
0x00007ff9ac050000 - 0x00007ff9ac0a2000 	X:\Windows\system32\shlwapi.dll
0x00007ff9a91d0000 - 0x00007ff9a91df000 	X:\Windows\system32\kernel.appcore.dll
0x00007ff9a9200000 - 0x00007ff9a92b5000 	X:\Windows\system32\shcore.dll
0x00007ff9a9180000 - 0x00007ff9a91cb000 	X:\Windows\system32\powrprof.dll
0x00007ff9a91e0000 - 0x00007ff9a91f4000 	X:\Windows\system32\profapi.dll

VM Arguments:
jvm_args: -Djava.awt.headless=true -Xmx2g -Dfile.encoding=GBK -Duser.country=CN -Duser.language=zh -Duser.variant 
java_command: com.android.dx.command.Main --dex --num-threads=4 --multi-dex --output E:\Android\CalorieCounter\app\build\intermediates\transforms\dex\debug\folders\1000\10\internal_impl-23.2.1_49064801473cbca27248b55bf399760905628d45 E:\Android\CalorieCounter\app\build\intermediates\exploded-aar\com.android.support\support-v4\23.2.1\jars\libs\internal_impl-23.2.1.jar
java_class_path (initial): E:\QMDownload\SDK\build-tools\23.0.3\lib\dx.jar
Launcher Type: SUN_STANDARD

Environment Variables:
PATH=X:\ProgramData\Oracle\Java\javapath;X:\Windows\system32;X:\Windows;X:\Windows\System32\Wbem;X:\Windows\System32\WindowsPowerShell\v1.0\;X:\Program Files (x86)\ATI Technologies\ATI.ACE\Core-Static;D:\Program Files\MATLAB\R2013a\runtime\win64;D:\Program Files\MATLAB\R2013a\bin;X:\Program Files\Java\jdk1.8.0_73\bin;D:\Python27;X:\Program Files (x86)\MySQL\MySQL Fabric 1.5 & MySQL Utilities 1.5\;X:\Program Files (x86)\MySQL\MySQL Fabric 1.5 & MySQL Utilities 1.5\Doctrine extensions for PHP\;E:\QMDownload\SDK\platform-tools
USERNAME=ÍõÉ­
OS=Windows_NT
PROCESSOR_IDENTIFIER=Intel64 Family 6 Model 60 Stepping 3, GenuineIntel



---------------  S Y S T E M  ---------------

OS: Windows 10.0 , 64 bit Build 10586 (10.0.10586.0)

CPU:total 4 (4 cores per cpu, 1 threads per core) family 6 model 60 stepping 3, cmov, cx8, fxsr, mmx, sse, sse2, sse3, ssse3, sse4.1, sse4.2, popcnt, avx, avx2, aes, clmul, erms, lzcnt, tsc, tscinvbit, bmi1, bmi2

Memory: 4k page, physical 8315044k(1739676k free), swap 8315044k(5396k free)

vm_info: Java HotSpot(TM) 64-Bit Server VM (25.73-b02) for windows-amd64 JRE (1.8.0_73-b02), built on Jan 29 2016 17:38:49 by "java_re" with MS VC++ 10.0 (VS2010)

time: Fri Apr 22 23:56:58 2016
elapsed time: 4 seconds (0d 0h 0m 4s)

