#
# There is insufficient memory for the Java Runtime Environment to continue.
# Native memory allocation (malloc) failed to allocate 698816 bytes for Chunk::new
# Possible reasons:
#   The system is out of physical RAM or swap space
#   In 32 bit mode, the process size limit was hit
# Possible solutions:
#   Reduce memory load on the system
#   Increase physical memory or swap space
#   Check if swap backing store is full
#   Use 64 bit Java on a 64 bit OS
#   Decrease Java heap size (-Xmx/-Xms)
#   Decrease number of Java threads
#   Decrease Java thread stack sizes (-Xss)
#   Set larger code cache with -XX:ReservedCodeCacheSize=
# This output file may be truncated or incomplete.
#
#  Out of Memory Error (allocation.cpp:390), pid=20468, tid=7716
#
# JRE version: Java(TM) SE Runtime Environment (8.0_73-b02) (build 1.8.0_73-b02)
# Java VM: Java HotSpot(TM) 64-Bit Server VM (25.73-b02 mixed mode windows-amd64 compressed oops)
# Failed to write core dump. Minidumps are not enabled by default on client versions of Windows
#

---------------  T H R E A D  ---------------

Current thread (0x000000001bd7c800):  JavaThread "C2 CompilerThread1" daemon [_thread_in_native, id=7716, stack(0x000000001d770000,0x000000001d870000)]

Stack: [0x000000001d770000,0x000000001d870000]
[error occurred during error reporting (printing stack bounds), id 0xc0000005]

Native frames: (J=compiled Java code, j=interpreted, Vv=VM code, C=native code)


Current CompileTask:
C2:   1119 1215       4       com.android.dx.ssa.SCCP::simulateBranch (666 bytes)


---------------  P R O C E S S  ---------------

Java Threads: ( => current thread )
  0x000000001d5f8800 JavaThread "pool-2-thread-4" [_thread_in_Java, id=19172, stack(0x000000001e770000,0x000000001e870000)]
  0x000000001d5f7000 JavaThread "pool-2-thread-3" [_thread_in_vm, id=12644, stack(0x000000001e670000,0x000000001e770000)]
  0x000000001d5f6800 JavaThread "pool-2-thread-2" [_thread_in_Java, id=21544, stack(0x000000001e570000,0x000000001e670000)]
  0x000000001d5e3000 JavaThread "pool-3-thread-1" [_thread_blocked, id=17332, stack(0x000000001e470000,0x000000001e570000)]
  0x000000001d5dc800 JavaThread "pool-2-thread-1" [_thread_in_Java, id=22468, stack(0x000000001e370000,0x000000001e470000)]
  0x000000001d3d2000 JavaThread "Service Thread" daemon [_thread_blocked, id=11220, stack(0x000000001d970000,0x000000001da70000)]
  0x000000001d3c6000 JavaThread "C1 CompilerThread2" daemon [_thread_blocked, id=21612, stack(0x000000001d870000,0x000000001d970000)]
=>0x000000001bd7c800 JavaThread "C2 CompilerThread1" daemon [_thread_in_native, id=7716, stack(0x000000001d770000,0x000000001d870000)]
  0x000000001bd2d000 JavaThread "C2 CompilerThread0" daemon [_thread_in_native, id=13800, stack(0x000000001d270000,0x000000001d370000)]
  0x000000001bd2a800 JavaThread "Attach Listener" daemon [_thread_blocked, id=11696, stack(0x000000001d170000,0x000000001d270000)]
  0x000000001bd79800 JavaThread "Signal Dispatcher" daemon [_thread_blocked, id=3588, stack(0x000000001d070000,0x000000001d170000)]
  0x0000000002647000 JavaThread "Finalizer" daemon [_thread_blocked, id=9548, stack(0x000000001cf70000,0x000000001d070000)]
  0x000000000263e800 JavaThread "Reference Handler" daemon [_thread_blocked, id=11084, stack(0x000000001ce70000,0x000000001cf70000)]
  0x0000000002551000 JavaThread "main" [_thread_in_Java, id=15020, stack(0x00000000023a0000,0x00000000024a0000)]

Other Threads:
  0x000000001bce7000 VMThread [stack: 0x000000001cd70000,0x000000001ce70000] [id=17780]
  0x000000001d435000 WatcherThread [stack: 0x000000001da70000,0x000000001db70000] [id=19060]

VM state:not at safepoint (normal execution)

VM Mutex/Monitor currently owned by a thread: None

Heap:
 PSYoungGen      total 38400K, used 17314K [0x000000076ab00000, 0x000000076d580000, 0x00000007c0000000)
  eden space 33280K, 36% used [0x000000076ab00000,0x000000076b6ed220,0x000000076cb80000)
  from space 5120K, 99% used [0x000000076cb80000,0x000000076d07b920,0x000000076d080000)
  to   space 5120K, 0% used [0x000000076d080000,0x000000076d080000,0x000000076d580000)
 ParOldGen       total 87552K, used 333K [0x00000006c0000000, 0x00000006c5580000, 0x000000076ab00000)
  object space 87552K, 0% used [0x00000006c0000000,0x00000006c0053418,0x00000006c5580000)
 Metaspace       used 6075K, capacity 6902K, committed 7040K, reserved 1056768K
  class space    used 606K, capacity 622K, committed 640K, reserved 1048576K

Card table byte_map: [0x0000000011a10000,0x0000000012220000] byte_map_base: 0x000000000e410000

Marking Bits: (ParMarkBitMap*) 0x0000000064400600
 Begin Bits: [0x0000000012b80000, 0x0000000016b80000)
 End Bits:   [0x0000000016b80000, 0x000000001ab80000)

Polling page: 0x00000000001f0000

CodeCache: size=245760Kb used=4938Kb max_used=4938Kb free=240821Kb
 bounds [0x0000000002650000, 0x0000000002b30000, 0x0000000011650000]
 total_blobs=1499 nmethods=1227 adapters=184
 compilation: enabled

Compilation events (10 events):
Event: 1.109 Thread 0x000000001d3c6000 1229       3       com.android.dx.dex.code.RopTranslator::outputInstructions (69 bytes)
Event: 1.110 Thread 0x000000001d3c6000 nmethod 1229 0x0000000002b22050 code [0x0000000002b221e0, 0x0000000002b22638]
Event: 1.112 Thread 0x000000001d3c6000 1230       3       com.android.dx.rop.cst.TypedConstant::getBasicFrameType (8 bytes)
Event: 1.112 Thread 0x000000001d3c6000 nmethod 1230 0x0000000002b0eed0 code [0x0000000002b0f040, 0x0000000002b0f318]
Event: 1.113 Thread 0x000000001d3c6000 1231       3       com.android.dx.rop.code.AccessFlags::isNative (14 bytes)
Event: 1.113 Thread 0x000000001d3c6000 nmethod 1231 0x0000000002b10910 code [0x0000000002b10a60, 0x0000000002b10bf0]
Event: 1.113 Thread 0x000000001d3c6000 1232       3       com.android.dx.rop.code.AccessFlags::isAbstract (14 bytes)
Event: 1.113 Thread 0x000000001d3c6000 nmethod 1232 0x0000000002b22810 code [0x0000000002b22960, 0x0000000002b22af0]
Event: 1.113 Thread 0x000000001d3c6000 1233       3       com.android.dx.cf.code.Ropper::addExceptionSetupBlocks (203 bytes)
Event: 1.114 Thread 0x000000001d3c6000 nmethod 1233 0x0000000002b22b90 code [0x0000000002b22f80, 0x0000000002b25388]

GC Heap History (2 events):
Event: 0.786 GC heap before
{Heap before GC invocations=1 (full 0):
 PSYoungGen      total 38400K, used 33280K [0x000000076ab00000, 0x000000076d580000, 0x00000007c0000000)
  eden space 33280K, 100% used [0x000000076ab00000,0x000000076cb80000,0x000000076cb80000)
  from space 5120K, 0% used [0x000000076d080000,0x000000076d080000,0x000000076d580000)
  to   space 5120K, 0% used [0x000000076cb80000,0x000000076cb80000,0x000000076d080000)
 ParOldGen       total 87552K, used 0K [0x00000006c0000000, 0x00000006c5580000, 0x000000076ab00000)
  object space 87552K, 0% used [0x00000006c0000000,0x00000006c0000000,0x00000006c5580000)
 Metaspace       used 5901K, capacity 6772K, committed 7040K, reserved 1056768K
  class space    used 604K, capacity 620K, committed 640K, reserved 1048576K
Event: 0.791 GC heap after
Heap after GC invocations=1 (full 0):
 PSYoungGen      total 38400K, used 5102K [0x000000076ab00000, 0x000000076d580000, 0x00000007c0000000)
  eden space 33280K, 0% used [0x000000076ab00000,0x000000076ab00000,0x000000076cb80000)
  from space 5120K, 99% used [0x000000076cb80000,0x000000076d07b920,0x000000076d080000)
  to   space 5120K, 0% used [0x000000076d080000,0x000000076d080000,0x000000076d580000)
 ParOldGen       total 87552K, used 333K [0x00000006c0000000, 0x00000006c5580000, 0x000000076ab00000)
  object space 87552K, 0% used [0x00000006c0000000,0x00000006c0053418,0x00000006c5580000)
 Metaspace       used 5901K, capacity 6772K, committed 7040K, reserved 1056768K
  class space    used 604K, capacity 620K, committed 640K, reserved 1048576K
}

Deoptimization events (4 events):
Event: 0.337 Thread 0x0000000002551000 Uncommon trap: reason=unstable_if action=reinterpret pc=0x00000000027af8a8 method=java.lang.String.compareTo(Ljava/lang/String;)I @ 38
Event: 0.519 Thread 0x000000001d5dc800 Uncommon trap: reason=unstable_if action=reinterpret pc=0x0000000002874068 method=java.util.HashMap.getNode(ILjava/lang/Object;)Ljava/util/HashMap$Node; @ 62
Event: 0.782 Thread 0x000000001d5f8800 Uncommon trap: reason=unstable_if action=reinterpret pc=0x00000000028695f4 method=java.util.BitSet.nextSetBit(I)I @ 87
Event: 0.806 Thread 0x000000001d5f8800 Uncommon trap: reason=null_check action=make_not_entrant pc=0x00000000029a1bf0 method=com.android.dx.rop.type.Type.equals(Ljava/lang/Object;)Z @ 8

Internal exceptions (3 events):
Event: 0.028 Thread 0x0000000002551000 Exception <a 'java/lang/NoSuchMethodError': Method sun.misc.Unsafe.defineClass(Ljava/lang/String;[BII)Ljava/lang/Class; name or signature does not match> (0x000000076ab12f58) thrown at [D:\re\puppet\workspace\8-2-build-windows-amd64-cygwin\jdk8u73\6086\hotyr*¾‘œ?
Event: 0.028 Thread 0x0000000002551000 Exception <a 'java/lang/NoSuchMethodError': Method sun.misc.Unsafe.prefetchRead(Ljava/lang/Object;J)V name or signature does not match> (0x000000076ab13240) thrown at [D:\re\puppet\workspace\8-2-build-windows-amd64-cygwin\jdk8u73\6086\hotspot\src\share\vm\¯-Ìé?
Event: 0.806 Thread 0x000000001d5f8800 Implicit null exception at 0x00000000029a1ae2 to 0x00000000029a1be2

Events (10 events):
Event: 0.791 Executing VM operation: ParallelGCFailedAllocation done
Event: 0.806 Thread 0x000000001d5f8800 Uncommon trap: trap_request=0xfffffff4 fr.pc=0x00000000029a1bf0
Event: 0.806 Thread 0x000000001d5f8800 DEOPT PACKING pc=0x00000000029a1bf0 sp=0x000000001e86e700
Event: 0.806 Thread 0x000000001d5f8800 DEOPT UNPACKING pc=0x000000000269582a sp=0x000000001e86e698 mode 2
Event: 0.829 loading class com/android/dx/cf/code/Ropper$ExceptionHandlerSetup
Event: 0.829 loading class com/android/dx/cf/code/Ropper$ExceptionHandlerSetup done
Event: 0.830 loading class java/util/HashMap$Values
Event: 0.830 loading class java/util/HashMap$Values done
Event: 0.830 loading class java/util/HashMap$ValueIterator
Event: 0.830 loading class java/util/HashMap$ValueIterator done


Dynamic libraries:
0x00007ff79cf10000 - 0x00007ff79cf47000 	X:\Program Files\Java\jdk1.8.0_73\bin\java.exe
0x00007ffa94180000 - 0x00007ffa94341000 	X:\Windows\SYSTEM32\ntdll.dll
0x00007ffa91d90000 - 0x00007ffa91e3d000 	X:\Windows\system32\KERNEL32.DLL
0x00007ffa90ba0000 - 0x00007ffa90d88000 	X:\Windows\system32\KERNELBASE.dll
0x00007ffa91e40000 - 0x00007ffa91ee7000 	X:\Windows\system32\ADVAPI32.dll
0x00007ffa91af0000 - 0x00007ffa91b8d000 	X:\Windows\system32\msvcrt.dll
0x00007ffa91840000 - 0x00007ffa9189b000 	X:\Windows\system32\sechost.dll
0x00007ffa91580000 - 0x00007ffa9169c000 	X:\Windows\system32\RPCRT4.dll
0x00007ffa93ad0000 - 0x00007ffa93c26000 	X:\Windows\system32\USER32.dll
0x00007ffa91c00000 - 0x00007ffa91d86000 	X:\Windows\system32\GDI32.dll
0x00007ffa89e50000 - 0x00007ffa8a0c4000 	X:\Windows\WinSxS\amd64_microsoft.windows.common-controls_6595b64144ccf1df_6.0.10586.0_none_8c15ae12515e1c22\COMCTL32.dll
0x00007ffa92100000 - 0x00007ffa9237d000 	X:\Windows\system32\combase.dll
0x00007ffa90b30000 - 0x00007ffa90b9a000 	X:\Windows\system32\bcryptPrimitives.dll
0x00007ffa92380000 - 0x00007ffa923bb000 	X:\Windows\system32\IMM32.DLL
0x0000000063b10000 - 0x0000000063be2000 	X:\Program Files\Java\jdk1.8.0_73\jre\bin\msvcr100.dll
0x0000000063bf0000 - 0x0000000064480000 	X:\Program Files\Java\jdk1.8.0_73\jre\bin\server\jvm.dll
0x00007ffa918a0000 - 0x00007ffa918a8000 	X:\Windows\system32\PSAPI.DLL
0x00007ffa8b570000 - 0x00007ffa8b579000 	X:\Windows\SYSTEM32\WSOCK32.dll
0x00007ffa916a0000 - 0x00007ffa9170b000 	X:\Windows\system32\WS2_32.dll
0x00007ffa8e890000 - 0x00007ffa8e8b3000 	X:\Windows\SYSTEM32\WINMM.dll
0x00007ffa8d5f0000 - 0x00007ffa8d5fa000 	X:\Windows\SYSTEM32\VERSION.dll
0x00007ffa8e5b0000 - 0x00007ffa8e5dc000 	X:\Windows\SYSTEM32\WINMMBASE.dll
0x00007ffa90910000 - 0x00007ffa90953000 	X:\Windows\system32\cfgmgr32.dll
0x0000000064a90000 - 0x0000000064a9f000 	X:\Program Files\Java\jdk1.8.0_73\jre\bin\verify.dll
0x0000000063aa0000 - 0x0000000063ac9000 	X:\Program Files\Java\jdk1.8.0_73\jre\bin\java.dll
0x0000000063a80000 - 0x0000000063a96000 	X:\Program Files\Java\jdk1.8.0_73\jre\bin\zip.dll
0x00007ffa92570000 - 0x00007ffa93acc000 	X:\Windows\system32\SHELL32.dll
0x00007ffa90d90000 - 0x00007ffa913d5000 	X:\Windows\system32\windows.storage.dll
0x00007ffa91a70000 - 0x00007ffa91ac2000 	X:\Windows\system32\shlwapi.dll
0x00007ffa907d0000 - 0x00007ffa907df000 	X:\Windows\system32\kernel.appcore.dll
0x00007ffa90830000 - 0x00007ffa908e5000 	X:\Windows\system32\shcore.dll
0x00007ffa907e0000 - 0x00007ffa9082b000 	X:\Windows\system32\powrprof.dll
0x00007ffa907b0000 - 0x00007ffa907c4000 	X:\Windows\system32\profapi.dll

VM Arguments:
jvm_args: -Djava.awt.headless=true -Xmx4g -Dfile.encoding=GBK -Duser.country=CN -Duser.language=zh -Duser.variant 
java_command: com.android.dx.command.Main --dex --num-threads=4 --multi-dex --output E:\Android\CalorieCounter\app\build\intermediates\transforms\dex\debug\folders\1000\10\com.android.support-support-v4-23.2.1_b3f86bb7eb2bf098389785e98df432783523f3ad E:\Android\CalorieCounter\app\build\intermediates\exploded-aar\com.android.support\support-v4\23.2.1\jars\classes.jar
java_class_path (initial): E:\QMDownload\SDK\build-tools\23.0.3\lib\dx.jar
Launcher Type: SUN_STANDARD

Environment Variables:
PATH=X:\ProgramData\Oracle\Java\javapath;X:\Windows\system32;X:\Windows;X:\Windows\System32\Wbem;X:\Windows\System32\WindowsPowerShell\v1.0\;X:\Program Files (x86)\ATI Technologies\ATI.ACE\Core-Static;D:\Program Files\MATLAB\R2013a\runtime\win64;D:\Program Files\MATLAB\R2013a\bin;X:\Program Files\Java\jdk1.8.0_73\bin;D:\Python27;X:\Program Files (x86)\MySQL\MySQL Fabric 1.5 & MySQL Utilities 1.5\;X:\Program Files (x86)\MySQL\MySQL Fabric 1.5 & MySQL Utilities 1.5\Doctrine extensions for PHP\
USERNAME=ÍõÉ­
OS=Windows_NT
PROCESSOR_IDENTIFIER=Intel64 Family 6 Model 60 Stepping 3, GenuineIntel



---------------  S Y S T E M  ---------------

OS: Windows 10.0 , 64 bit Build 10586 (10.0.10586.0)

CPU:total 4 (4 cores per cpu, 1 threads per core) family 6 model 60 stepping 3, cmov, cx8, fxsr, mmx, sse, sse2, sse3, ssse3, sse4.1, sse4.2, popcnt, avx, avx2, aes, clmul, erms, lzcnt, tsc, tscinvbit, bmi1, bmi2

Memory: 4k page, physical 8315044k(2053728k free), swap 8315044k(5232k free)

vm_info: Java HotSpot(TM) 64-Bit Server VM (25.73-b02) for windows-amd64 JRE (1.8.0_73-b02), built on Jan 29 2016 17:38:49 by "java_re" with MS VC++ 10.0 (VS2010)

time: Thu Apr 21 21:11:39 2016
elapsed time: 1 seconds (0d 0h 0m 1s)

