#
# There is insufficient memory for the Java Runtime Environment to continue.
# Native memory allocation (malloc) failed to allocate 403776 bytes for Chunk::new
# Possible reasons:
#   The system is out of physical RAM or swap space
#   In 32 bit mode, the process size limit was hit
# Possible solutions:
#   Reduce memory load on the system
#   Increase physical memory or swap space
#   Check if swap backing store is full
#   Use 64 bit Java on a 64 bit OS
#   Decrease Java heap size (-Xmx/-Xms)
#   Decrease number of Java threads
#   Decrease Java thread stack sizes (-Xss)
#   Set larger code cache with -XX:ReservedCodeCacheSize=
# This output file may be truncated or incomplete.
#
#  Out of Memory Error (allocation.cpp:390), pid=10016, tid=6284
#
# JRE version: Java(TM) SE Runtime Environment (8.0_73-b02) (build 1.8.0_73-b02)
# Java VM: Java HotSpot(TM) 64-Bit Server VM (25.73-b02 mixed mode windows-amd64 compressed oops)
# Failed to write core dump. Minidumps are not enabled by default on client versions of Windows
#

---------------  T H R E A D  ---------------

Current thread (0x00000000171fb000):  JavaThread "C2 CompilerThread0" daemon [_thread_in_native, id=6284, stack(0x0000000018700000,0x0000000018800000)]

Stack: [0x0000000018700000,0x0000000018800000]
[error occurred during error reporting (printing stack bounds), id 0xc0000005]

Native frames: (J=compiled Java code, j=interpreted, Vv=VM code, C=native code)


Current CompileTask:
C2:   1339  797   !   4       com.android.dx.rop.code.RegisterSpec::intern (70 bytes)


---------------  P R O C E S S  ---------------

Java Threads: ( => current thread )
  0x0000000018a88800 JavaThread "pool-2-thread-4" [_thread_blocked, id=10648, stack(0x0000000019400000,0x0000000019500000)]
  0x0000000018a87800 JavaThread "pool-2-thread-3" [_thread_blocked, id=12472, stack(0x0000000019300000,0x0000000019400000)]
  0x0000000018a87000 JavaThread "pool-2-thread-2" [_thread_in_vm, id=3272, stack(0x0000000019200000,0x0000000019300000)]
  0x0000000018a83800 JavaThread "pool-3-thread-1" [_thread_blocked, id=13560, stack(0x0000000019100000,0x0000000019200000)]
  0x0000000018a83000 JavaThread "pool-2-thread-1" [_thread_blocked, id=1632, stack(0x0000000019000000,0x0000000019100000)]
  0x0000000018869800 JavaThread "Service Thread" daemon [_thread_blocked, id=11272, stack(0x0000000018e00000,0x0000000018f00000)]
  0x000000001885b000 JavaThread "C1 CompilerThread2" daemon [_thread_in_native, id=13180, stack(0x0000000018d00000,0x0000000018e00000)]
  0x0000000018808800 JavaThread "C2 CompilerThread1" daemon [_thread_in_native, id=4324, stack(0x0000000018c00000,0x0000000018d00000)]
=>0x00000000171fb000 JavaThread "C2 CompilerThread0" daemon [_thread_in_native, id=6284, stack(0x0000000018700000,0x0000000018800000)]
  0x00000000171ae800 JavaThread "Attach Listener" daemon [_thread_blocked, id=1368, stack(0x0000000018600000,0x0000000018700000)]
  0x0000000017198000 JavaThread "Signal Dispatcher" daemon [_thread_blocked, id=8196, stack(0x0000000018500000,0x0000000018600000)]
  0x0000000002572000 JavaThread "Finalizer" daemon [_thread_blocked, id=2772, stack(0x0000000018400000,0x0000000018500000)]
  0x000000000256f000 JavaThread "Reference Handler" daemon [_thread_blocked, id=5164, stack(0x0000000018300000,0x0000000018400000)]
  0x0000000002480800 JavaThread "main" [_thread_in_Java, id=6996, stack(0x0000000002380000,0x0000000002480000)]

Other Threads:
  0x0000000017168000 VMThread [stack: 0x0000000018200000,0x0000000018300000] [id=12828]
  0x0000000018866800 WatcherThread [stack: 0x0000000018f00000,0x0000000019000000] [id=6128]

VM state:not at safepoint (normal execution)

VM Mutex/Monitor currently owned by a thread:  ([mutex/lock_event])
[0x0000000001feebc0] MethodData_lock - owner thread: 0x0000000018a87000

Heap:
 PSYoungGen      total 38400K, used 23554K [0x00000000d5580000, 0x00000000d8000000, 0x0000000100000000)
  eden space 33280K, 70% used [0x00000000d5580000,0x00000000d6c80ab0,0x00000000d7600000)
  from space 5120K, 0% used [0x00000000d7b00000,0x00000000d7b00000,0x00000000d8000000)
  to   space 5120K, 0% used [0x00000000d7600000,0x00000000d7600000,0x00000000d7b00000)
 ParOldGen       total 87552K, used 0K [0x0000000080000000, 0x0000000085580000, 0x00000000d5580000)
  object space 87552K, 0% used [0x0000000080000000,0x0000000080000000,0x0000000085580000)
 Metaspace       used 5759K, capacity 6642K, committed 6784K, reserved 1056768K
  class space    used 596K, capacity 618K, committed 640K, reserved 1048576K

Card table byte_map: [0x0000000011940000,0x0000000011d50000] byte_map_base: 0x0000000011540000

Marking Bits: (ParMarkBitMap*) 0x00000000530a0600
 Begin Bits: [0x0000000012400000, 0x0000000014400000)
 End Bits:   [0x0000000014400000, 0x0000000016400000)

Polling page: 0x00000000001f0000

CodeCache: size=245760Kb used=3132Kb max_used=3132Kb free=242627Kb
 bounds [0x0000000002580000, 0x00000000028a0000, 0x0000000011580000]
 total_blobs=1085 nmethods=814 adapters=184
 compilation: enabled

Compilation events (10 events):
Event: 1.337 Thread 0x000000001885b000 nmethod 808 0x0000000002888110 code [0x0000000002888380, 0x0000000002888f78]
Event: 1.337 Thread 0x000000001885b000  814       3       com.android.dx.ssa.SsaMethod::returnSpareRegisters (6 bytes)
Event: 1.337 Thread 0x000000001885b000 nmethod 814 0x0000000002889610 code [0x0000000002889760, 0x00000000028898b0]
Event: 1.337 Thread 0x000000001885b000  780       3       com.android.dx.ssa.back.InterferenceGraph::add (46 bytes)
Event: 1.338 Thread 0x000000001885b000 nmethod 780 0x0000000002889950 code [0x0000000002889bc0, 0x000000000288a7c8]
Event: 1.338 Thread 0x000000001885b000  817       1       com.android.dx.rop.code.PlainInsn::getCatches (4 bytes)
Event: 1.338 Thread 0x000000001885b000 nmethod 817 0x000000000288b050 code [0x000000000288b1a0, 0x000000000288b2b0]
Event: 1.338 Thread 0x000000001885b000  788       3       com.android.dx.ssa.SsaRenamer$1::visitBlock (16 bytes)
Event: 1.338 Thread 0x000000001885b000 nmethod 788 0x000000000288b310 code [0x000000000288b480, 0x000000000288b6b8]
Event: 1.338 Thread 0x000000001885b000  789       3       com.android.dx.ssa.SsaRenamer$BlockRenamer::<init> (72 bytes)

GC Heap History (0 events):
No events

Deoptimization events (1 events):
Event: 0.533 Thread 0x0000000002480800 Uncommon trap: reason=unstable_if action=reinterpret pc=0x00000000026d6254 method=java.lang.String.compareTo(Ljava/lang/String;)I @ 38

Internal exceptions (2 events):
Event: 0.038 Thread 0x0000000002480800 Exception <a 'java/lang/NoSuchMethodError': Method sun.misc.Unsafe.defineClass(Ljava/lang/String;[BII)Ljava/lang/Class; name or signature does not match> (0x00000000d5593090) thrown at [D:\re\puppet\workspace\8-2-build-windows-amd64-cygwin\jdk8u73\6086\hotWÁûwî¬£?
Event: 0.038 Thread 0x0000000002480800 Exception <a 'java/lang/NoSuchMethodError': Method sun.misc.Unsafe.prefetchRead(Ljava/lang/Object;J)V name or signature does not match> (0x00000000d5593378) thrown at [D:\re\puppet\workspace\8-2-build-windows-amd64-cygwin\jdk8u73\6086\hotspot\src\share\vm\

Events (10 events):
Event: 0.956 loading class com/android/dx/cf/code/BytecodeArray$ConstantParserVisitor
Event: 0.956 loading class com/android/dx/cf/code/BytecodeArray$ConstantParserVisitor done
Event: 0.960 loading class com/android/dx/dex/file/MethodAnnotationStruct
Event: 0.960 loading class com/android/dx/dex/file/MethodAnnotationStruct done
Event: 0.965 loading class com/android/dx/cf/attrib/AttLocalVariableTypeTable
Event: 0.965 loading class com/android/dx/cf/attrib/AttLocalVariableTypeTable done
Event: 0.980 loading class java/util/ArrayList$1
Event: 0.980 loading class java/util/ArrayList$1 done
Event: 0.988 Executing VM operation: ForceSafepoint
Event: 1.303 Executing VM operation: ForceSafepoint done


Dynamic libraries:
0x00007ff6fb7a0000 - 0x00007ff6fb7d7000 	X:\Program Files\Java\jdk1.8.0_73\bin\java.exe
0x00007ffec5b10000 - 0x00007ffec5cd1000 	X:\Windows\SYSTEM32\ntdll.dll
0x00007ffec35e0000 - 0x00007ffec368d000 	X:\Windows\system32\KERNEL32.DLL
0x00007ffec2930000 - 0x00007ffec2b18000 	X:\Windows\system32\KERNELBASE.dll
0x00007ffec34c0000 - 0x00007ffec3567000 	X:\Windows\system32\ADVAPI32.dll
0x00007ffec50c0000 - 0x00007ffec515d000 	X:\Windows\system32\msvcrt.dll
0x00007ffec59a0000 - 0x00007ffec59fb000 	X:\Windows\system32\sechost.dll
0x00007ffec2f10000 - 0x00007ffec302c000 	X:\Windows\system32\RPCRT4.dll
0x00007ffec32f0000 - 0x00007ffec3446000 	X:\Windows\system32\USER32.dll
0x00007ffec3030000 - 0x00007ffec31b6000 	X:\Windows\system32\GDI32.dll
0x00007ffeb89d0000 - 0x00007ffeb8c44000 	X:\Windows\WinSxS\amd64_microsoft.windows.common-controls_6595b64144ccf1df_6.0.10586.0_none_8c15ae12515e1c22\COMCTL32.dll
0x00007ffec4e20000 - 0x00007ffec509d000 	X:\Windows\system32\combase.dll
0x00007ffec2ea0000 - 0x00007ffec2f0a000 	X:\Windows\system32\bcryptPrimitives.dll
0x00007ffec56f0000 - 0x00007ffec572b000 	X:\Windows\system32\IMM32.DLL
0x0000000052330000 - 0x0000000052402000 	X:\Program Files\Java\jdk1.8.0_73\jre\bin\msvcr100.dll
0x0000000052890000 - 0x0000000053120000 	X:\Program Files\Java\jdk1.8.0_73\jre\bin\server\jvm.dll
0x00007ffec4c50000 - 0x00007ffec4c58000 	X:\Windows\system32\PSAPI.DLL
0x00007ffebded0000 - 0x00007ffebded9000 	X:\Windows\SYSTEM32\WSOCK32.dll
0x00007ffec3570000 - 0x00007ffec35db000 	X:\Windows\system32\WS2_32.dll
0x00007ffec0720000 - 0x00007ffec0743000 	X:\Windows\SYSTEM32\WINMM.dll
0x00007ffebe7e0000 - 0x00007ffebe7ea000 	X:\Windows\SYSTEM32\VERSION.dll
0x00007ffec0660000 - 0x00007ffec068c000 	X:\Windows\SYSTEM32\WINMMBASE.dll
0x00007ffec2bd0000 - 0x00007ffec2c13000 	X:\Windows\system32\cfgmgr32.dll
0x00000000527a0000 - 0x00000000527af000 	X:\Program Files\Java\jdk1.8.0_73\jre\bin\verify.dll
0x0000000052770000 - 0x0000000052799000 	X:\Program Files\Java\jdk1.8.0_73\jre\bin\java.dll
0x0000000052750000 - 0x0000000052766000 	X:\Program Files\Java\jdk1.8.0_73\jre\bin\zip.dll
0x00007ffec36f0000 - 0x00007ffec4c4c000 	X:\Windows\system32\SHELL32.dll
0x00007ffec2220000 - 0x00007ffec2865000 	X:\Windows\system32\windows.storage.dll
0x00007ffec3690000 - 0x00007ffec36e2000 	X:\Windows\system32\shlwapi.dll
0x00007ffec2130000 - 0x00007ffec213f000 	X:\Windows\system32\kernel.appcore.dll
0x00007ffec2870000 - 0x00007ffec2925000 	X:\Windows\system32\shcore.dll
0x00007ffec2140000 - 0x00007ffec218b000 	X:\Windows\system32\powrprof.dll
0x00007ffec2190000 - 0x00007ffec21a4000 	X:\Windows\system32\profapi.dll

VM Arguments:
jvm_args: -Djava.awt.headless=true -Xmx2g -Dfile.encoding=GBK -Duser.country=CN -Duser.language=zh -Duser.variant 
java_command: com.android.dx.command.Main --dex --num-threads=4 --multi-dex --output E:\Android\CalorieCounter\app\build\intermediates\transforms\dex\debug\folders\1000\10\internal_impl-23.2.1_49064801473cbca27248b55bf399760905628d45 E:\Android\CalorieCounter\app\build\intermediates\exploded-aar\com.android.support\support-v4\23.2.1\jars\libs\internal_impl-23.2.1.jar
java_class_path (initial): E:\QMDownload\SDK\build-tools\23.0.3\lib\dx.jar
Launcher Type: SUN_STANDARD

Environment Variables:
PATH=X:\ProgramData\Oracle\Java\javapath;X:\Windows\system32;X:\Windows;X:\Windows\System32\Wbem;X:\Windows\System32\WindowsPowerShell\v1.0\;X:\Program Files (x86)\ATI Technologies\ATI.ACE\Core-Static;D:\Program Files\MATLAB\R2013a\runtime\win64;D:\Program Files\MATLAB\R2013a\bin;X:\Program Files\Java\jdk1.8.0_73\bin;D:\Python27;X:\Program Files (x86)\MySQL\MySQL Fabric 1.5 & MySQL Utilities 1.5\;X:\Program Files (x86)\MySQL\MySQL Fabric 1.5 & MySQL Utilities 1.5\Doctrine extensions for PHP\;E:\QMDownload\SDK\platform-tools
USERNAME=ÍõÉ­
OS=Windows_NT
PROCESSOR_IDENTIFIER=Intel64 Family 6 Model 60 Stepping 3, GenuineIntel



---------------  S Y S T E M  ---------------

OS: Windows 10.0 , 64 bit Build 10586 (10.0.10586.0)

CPU:total 4 (4 cores per cpu, 1 threads per core) family 6 model 60 stepping 3, cmov, cx8, fxsr, mmx, sse, sse2, sse3, ssse3, sse4.1, sse4.2, popcnt, avx, avx2, aes, clmul, erms, lzcnt, tsc, tscinvbit, bmi1, bmi2

Memory: 4k page, physical 8315044k(1785224k free), swap 8315044k(3360k free)

vm_info: Java HotSpot(TM) 64-Bit Server VM (25.73-b02) for windows-amd64 JRE (1.8.0_73-b02), built on Jan 29 2016 17:38:49 by "java_re" with MS VC++ 10.0 (VS2010)

time: Tue Apr 26 20:39:40 2016
elapsed time: 1 seconds (0d 0h 0m 1s)

