#
# There is insufficient memory for the Java Runtime Environment to continue.
# Native memory allocation (malloc) failed to allocate 469296 bytes for Chunk::new
# Possible reasons:
#   The system is out of physical RAM or swap space
#   In 32 bit mode, the process size limit was hit
# Possible solutions:
#   Reduce memory load on the system
#   Increase physical memory or swap space
#   Check if swap backing store is full
#   Use 64 bit Java on a 64 bit OS
#   Decrease Java heap size (-Xmx/-Xms)
#   Decrease number of Java threads
#   Decrease Java thread stack sizes (-Xss)
#   Set larger code cache with -XX:ReservedCodeCacheSize=
# This output file may be truncated or incomplete.
#
#  Out of Memory Error (allocation.cpp:390), pid=8804, tid=12320
#
# JRE version: Java(TM) SE Runtime Environment (8.0_73-b02) (build 1.8.0_73-b02)
# Java VM: Java HotSpot(TM) 64-Bit Server VM (25.73-b02 mixed mode windows-amd64 compressed oops)
# Failed to write core dump. Minidumps are not enabled by default on client versions of Windows
#

---------------  T H R E A D  ---------------

Current thread (0x000000001736a000):  JavaThread "C2 CompilerThread0" daemon [_thread_in_native, id=12320, stack(0x0000000018880000,0x0000000018980000)]

Stack: [0x0000000018880000,0x0000000018980000]
[error occurred during error reporting (printing stack bounds), id 0xc0000005]

Native frames: (J=compiled Java code, j=interpreted, Vv=VM code, C=native code)


Current CompileTask:
C2:   1543 1336       4       com.android.dx.ssa.SCCP::simulateBranch (666 bytes)


---------------  P R O C E S S  ---------------

Java Threads: ( => current thread )
  0x0000000018c42800 JavaThread "pool-2-thread-4" [_thread_in_Java, id=14244, stack(0x0000000019580000,0x0000000019680000)]
  0x0000000018c3a000 JavaThread "pool-2-thread-3" [_thread_blocked, id=6136, stack(0x0000000019480000,0x0000000019580000)]
  0x0000000018c39000 JavaThread "pool-2-thread-2" [_thread_in_Java, id=2304, stack(0x0000000019380000,0x0000000019480000)]
  0x0000000018c02000 JavaThread "pool-3-thread-1" [_thread_blocked, id=9996, stack(0x0000000019280000,0x0000000019380000)]
  0x0000000018c01800 JavaThread "pool-2-thread-1" [_thread_in_vm, id=3220, stack(0x0000000019180000,0x0000000019280000)]
  0x00000000189e2800 JavaThread "Service Thread" daemon [_thread_blocked, id=9584, stack(0x0000000018f80000,0x0000000019080000)]
  0x00000000189da800 JavaThread "C1 CompilerThread2" daemon [_thread_blocked, id=13256, stack(0x0000000018e80000,0x0000000018f80000)]
  0x00000000189d0000 JavaThread "C2 CompilerThread1" daemon [_thread_in_native, id=13920, stack(0x0000000018d80000,0x0000000018e80000)]
=>0x000000001736a000 JavaThread "C2 CompilerThread0" daemon [_thread_in_native, id=12320, stack(0x0000000018880000,0x0000000018980000)]
  0x000000001731d800 JavaThread "Attach Listener" daemon [_thread_blocked, id=1448, stack(0x0000000018780000,0x0000000018880000)]
  0x0000000017306800 JavaThread "Signal Dispatcher" daemon [_thread_blocked, id=14056, stack(0x0000000018680000,0x0000000018780000)]
  0x00000000026e1800 JavaThread "Finalizer" daemon [_thread_blocked, id=11512, stack(0x0000000018580000,0x0000000018680000)]
  0x00000000026de800 JavaThread "Reference Handler" daemon [_thread_blocked, id=5468, stack(0x0000000018480000,0x0000000018580000)]
  0x00000000025f0800 JavaThread "main" [_thread_in_vm, id=12456, stack(0x00000000024f0000,0x00000000025f0000)]

Other Threads:
  0x00000000172d7000 VMThread [stack: 0x0000000018380000,0x0000000018480000] [id=14324]
  0x0000000018a2c800 WatcherThread [stack: 0x0000000019080000,0x0000000019180000] [id=7840]

VM state:not at safepoint (normal execution)

VM Mutex/Monitor currently owned by a thread: None

Heap:
 PSYoungGen      total 71680K, used 20905K [0x00000000d5580000, 0x00000000da080000, 0x0000000100000000)
  eden space 66560K, 23% used [0x00000000d5580000,0x00000000d64ec688,0x00000000d9680000)
  from space 5120K, 99% used [0x00000000d9b80000,0x00000000da07df38,0x00000000da080000)
  to   space 5120K, 0% used [0x00000000d9680000,0x00000000d9680000,0x00000000d9b80000)
 ParOldGen       total 87552K, used 6216K [0x0000000080000000, 0x0000000085580000, 0x00000000d5580000)
  object space 87552K, 7% used [0x0000000080000000,0x0000000080612318,0x0000000085580000)
 Metaspace       used 6229K, capacity 7092K, committed 7296K, reserved 1056768K
  class space    used 607K, capacity 620K, committed 640K, reserved 1048576K

Card table byte_map: [0x0000000011ab0000,0x0000000011ec0000] byte_map_base: 0x00000000116b0000

Marking Bits: (ParMarkBitMap*) 0x0000000075d70600
 Begin Bits: [0x0000000012570000, 0x0000000014570000)
 End Bits:   [0x0000000014570000, 0x0000000016570000)

Polling page: 0x00000000001f0000

CodeCache: size=245760Kb used=6015Kb max_used=6035Kb free=239744Kb
 bounds [0x00000000026f0000, 0x0000000002ce0000, 0x00000000116f0000]
 total_blobs=1812 nmethods=1541 adapters=184
 compilation: enabled

Compilation events (10 events):
Event: 1.540 Thread 0x00000000189da800 1557       2       com.android.dx.ssa.back.FirstFitLocalCombiningAllocator$1::visitPhiInsn (6 bytes)
Event: 1.541 Thread 0x00000000189da800 nmethod 1557 0x0000000002cccb50 code [0x0000000002ccccc0, 0x0000000002ccce28]
Event: 1.541 Thread 0x00000000189da800 1559       2       com.android.dx.ssa.back.SsaToRop$PhiVisitor::visitPhiInsn (67 bytes)
Event: 1.541 Thread 0x00000000189da800 nmethod 1559 0x0000000002ccced0 code [0x0000000002ccd0c0, 0x0000000002ccd668]
Event: 1.541 Thread 0x00000000189da800 1558       2       com.android.dx.rop.cst.CstType::getType (4 bytes)
Event: 1.541 Thread 0x00000000189da800 nmethod 1558 0x0000000002ccdfd0 code [0x0000000002cce120, 0x0000000002cce270]
Event: 1.541 Thread 0x00000000189da800 1560       2       java.util.Collections::unmodifiableCollection (9 bytes)
Event: 1.541 Thread 0x00000000189da800 nmethod 1560 0x0000000002cce310 code [0x0000000002cce480, 0x0000000002cce6c8]
Event: 1.542 Thread 0x00000000189da800 1561       2       java.util.concurrent.locks.AbstractQueuedSynchronizer::compareAndSetState (13 bytes)
Event: 1.542 Thread 0x00000000189da800 nmethod 1561 0x0000000002ccfcd0 code [0x0000000002ccfe20, 0x0000000002ccff90]

GC Heap History (4 events):
Event: 0.963 GC heap before
{Heap before GC invocations=1 (full 0):
 PSYoungGen      total 38400K, used 33280K [0x00000000d5580000, 0x00000000d8000000, 0x0000000100000000)
  eden space 33280K, 100% used [0x00000000d5580000,0x00000000d7600000,0x00000000d7600000)
  from space 5120K, 0% used [0x00000000d7b00000,0x00000000d7b00000,0x00000000d8000000)
  to   space 5120K, 0% used [0x00000000d7600000,0x00000000d7600000,0x00000000d7b00000)
 ParOldGen       total 87552K, used 0K [0x0000000080000000, 0x0000000085580000, 0x00000000d5580000)
  object space 87552K, 0% used [0x0000000080000000,0x0000000080000000,0x0000000085580000)
 Metaspace       used 6017K, capacity 6900K, committed 7040K, reserved 1056768K
  class space    used 605K, capacity 620K, committed 640K, reserved 1048576K
Event: 1.010 GC heap after
Heap after GC invocations=1 (full 0):
 PSYoungGen      total 38400K, used 5106K [0x00000000d5580000, 0x00000000da080000, 0x0000000100000000)
  eden space 33280K, 0% used [0x00000000d5580000,0x00000000d5580000,0x00000000d7600000)
  from space 5120K, 99% used [0x00000000d7600000,0x00000000d7afcad8,0x00000000d7b00000)
  to   space 5120K, 0% used [0x00000000d9b80000,0x00000000d9b80000,0x00000000da080000)
 ParOldGen       total 87552K, used 1603K [0x0000000080000000, 0x0000000085580000, 0x00000000d5580000)
  object space 87552K, 1% used [0x0000000080000000,0x0000000080190d70,0x0000000085580000)
 Metaspace       used 6017K, capacity 6900K, committed 7040K, reserved 1056768K
  class space    used 605K, capacity 620K, committed 640K, reserved 1048576K
}
Event: 1.384 GC heap before
{Heap before GC invocations=2 (full 0):
 PSYoungGen      total 38400K, used 38386K [0x00000000d5580000, 0x00000000da080000, 0x0000000100000000)
  eden space 33280K, 100% used [0x00000000d5580000,0x00000000d7600000,0x00000000d7600000)
  from space 5120K, 99% used [0x00000000d7600000,0x00000000d7afcad8,0x00000000d7b00000)
  to   space 5120K, 0% used [0x00000000d9b80000,0x00000000d9b80000,0x00000000da080000)
 ParOldGen       total 87552K, used 1603K [0x0000000080000000, 0x0000000085580000, 0x00000000d5580000)
  object space 87552K, 1% used [0x0000000080000000,0x0000000080190d70,0x0000000085580000)
 Metaspace       used 6166K, capacity 7028K, committed 7296K, reserved 1056768K
  class space    used 607K, capacity 620K, committed 640K, reserved 1048576K
Event: 1.490 GC heap after
Heap after GC invocations=2 (full 0):
 PSYoungGen      total 71680K, used 5111K [0x00000000d5580000, 0x00000000da080000, 0x0000000100000000)
  eden space 66560K, 0% used [0x00000000d5580000,0x00000000d5580000,0x00000000d9680000)
  from space 5120K, 99% used [0x00000000d9b80000,0x00000000da07df38,0x00000000da080000)
  to   space 5120K, 0% used [0x00000000d9680000,0x00000000d9680000,0x00000000d9b80000)
 ParOldGen       total 87552K, used 6216K [0x0000000080000000, 0x0000000085580000, 0x00000000d5580000)
  object space 87552K, 7% used [0x0000000080000000,0x0000000080612318,0x0000000085580000)
 Metaspace       used 6166K, capacity 7028K, committed 7296K, reserved 1056768K
  class space    used 607K, capacity 620K, committed 640K, reserved 1048576K
}

Deoptimization events (10 events):
Event: 1.038 Thread 0x00000000025f0800 Uncommon trap: reason=bimorphic action=maybe_recompile pc=0x0000000002ae159c method=java.util.HashMap.getNode(ILjava/lang/Object;)Ljava/util/HashMap$Node; @ 126
Event: 1.301 Thread 0x00000000025f0800 Uncommon trap: reason=bimorphic action=maybe_recompile pc=0x0000000002ae159c method=java.util.HashMap.getNode(ILjava/lang/Object;)Ljava/util/HashMap$Node; @ 126
Event: 1.301 Thread 0x00000000025f0800 Uncommon trap: reason=class_check action=maybe_recompile pc=0x0000000002afd9c4 method=java.util.HashMap.putVal(ILjava/lang/Object;Ljava/lang/Object;ZZ)Ljava/lang/Object; @ 203
Event: 1.301 Thread 0x00000000025f0800 Uncommon trap: reason=bimorphic action=maybe_recompile pc=0x0000000002ae159c method=java.util.HashMap.getNode(ILjava/lang/Object;)Ljava/util/HashMap$Node; @ 126
Event: 1.301 Thread 0x00000000025f0800 Uncommon trap: reason=class_check action=maybe_recompile pc=0x0000000002afd9c4 method=java.util.HashMap.putVal(ILjava/lang/Object;Ljava/lang/Object;ZZ)Ljava/lang/Object; @ 203
Event: 1.301 Thread 0x00000000025f0800 Uncommon trap: reason=class_check action=maybe_recompile pc=0x0000000002afd9c4 method=java.util.HashMap.putVal(ILjava/lang/Object;Ljava/lang/Object;ZZ)Ljava/lang/Object; @ 203
Event: 1.338 Thread 0x0000000018c42800 Uncommon trap: reason=unstable_if action=reinterpret pc=0x0000000002a035ac method=com.android.dx.rop.code.RegisterSpecSet.put(Lcom/android/dx/rop/code/RegisterSpec;)V @ 77
Event: 1.338 Thread 0x0000000018c42800 Uncommon trap: reason=unstable_if action=reinterpret pc=0x0000000002a3cc24 method=com.android.dx.rop.code.RegisterSpecSet.put(Lcom/android/dx/rop/code/RegisterSpec;)V @ 77
Event: 1.346 Thread 0x0000000018c42800 Uncommon trap: reason=unstable_if action=reinterpret pc=0x0000000002b10700 method=com.android.dx.rop.code.RegisterSpec.equals(ILcom/android/dx/rop/type/TypeBearer;Lcom/android/dx/rop/code/LocalItem;)Z @ 42
Event: 1.370 Thread 0x0000000018c42800 Uncommon trap: reason=unstable_if action=reinterpret pc=0x0000000002bc56f4 method=com.android.dx.ssa.LiteralOpUpgrader$1.visitNonMoveInsn(Lcom/android/dx/ssa/NormalSsaInsn;)V @ 176

Internal exceptions (4 events):
Event: 0.029 Thread 0x00000000025f0800 Exception <a 'java/lang/NoSuchMethodError': Method sun.misc.Unsafe.defineClass(Ljava/lang/String;[BII)Ljava/lang/Class; name or signature does not match> (0x00000000d5593090) thrown at [D:\re\puppet\workspace\8-2-build-windows-amd64-cygwin\jdk8u73\6086\hot‹Ü~»
ž?
Event: 0.029 Thread 0x00000000025f0800 Exception <a 'java/lang/NoSuchMethodError': Method sun.misc.Unsafe.prefetchRead(Ljava/lang/Object;J)V name or signature does not match> (0x00000000d5593378) thrown at [D:\re\puppet\workspace\8-2-build-windows-amd64-cygwin\jdk8u73\6086\hotspot\src\share\vm\j³sù]ð?
Event: 1.023 Thread 0x0000000018c42800 Implicit null exception at 0x00000000029d0264 to 0x00000000029d24ed
Event: 1.031 Thread 0x0000000018c39000 Implicit null exception at 0x0000000002a487e2 to 0x0000000002a488da

Events (10 events):
Event: 1.370 Thread 0x0000000018c42800 DEOPT PACKING pc=0x0000000002bc56f4 sp=0x000000001967e980
Event: 1.370 Thread 0x0000000018c42800 DEOPT UNPACKING pc=0x000000000273582a sp=0x000000001967e980 mode 2
Event: 1.378 Thread 0x0000000018c39000 DEOPT PACKING pc=0x0000000002b62eb5 sp=0x000000001947e920
Event: 1.378 Thread 0x0000000018c39000 DEOPT UNPACKING pc=0x000000000273787f sp=0x000000001947e688 mode 0
Event: 1.384 Executing VM operation: ParallelGCFailedAllocation
Event: 1.490 Executing VM operation: ParallelGCFailedAllocation done
Event: 1.515 Thread 0x0000000018c39000 DEOPT PACKING pc=0x0000000002b62eb5 sp=0x000000001947e900
Event: 1.515 Thread 0x0000000018c39000 DEOPT UNPACKING pc=0x000000000273787f sp=0x000000001947e668 mode 0
Event: 1.538 Thread 0x0000000018c39000 DEOPT PACKING pc=0x0000000002b62eb5 sp=0x000000001947e8b0
Event: 1.538 Thread 0x0000000018c39000 DEOPT UNPACKING pc=0x000000000273787f sp=0x000000001947e618 mode 0


Dynamic libraries:
0x00007ff7961a0000 - 0x00007ff7961d7000 	X:\Program Files\Java\jdk1.8.0_73\bin\java.exe
0x00007ffb03230000 - 0x00007ffb033f1000 	X:\Windows\SYSTEM32\ntdll.dll
0x00007ffb02fd0000 - 0x00007ffb0307d000 	X:\Windows\system32\KERNEL32.DLL
0x00007ffb00440000 - 0x00007ffb00628000 	X:\Windows\system32\KERNELBASE.dll
0x00007ffb02360000 - 0x00007ffb02407000 	X:\Windows\system32\ADVAPI32.dll
0x00007ffb01e90000 - 0x00007ffb01f2d000 	X:\Windows\system32\msvcrt.dll
0x00007ffb02570000 - 0x00007ffb025cb000 	X:\Windows\system32\sechost.dll
0x00007ffb02c10000 - 0x00007ffb02d2c000 	X:\Windows\system32\RPCRT4.dll
0x00007ffb02410000 - 0x00007ffb02566000 	X:\Windows\system32\USER32.dll
0x00007ffb02d30000 - 0x00007ffb02eb6000 	X:\Windows\system32\GDI32.dll
0x00007ffaf8a50000 - 0x00007ffaf8cc4000 	X:\Windows\WinSxS\amd64_microsoft.windows.common-controls_6595b64144ccf1df_6.0.10586.0_none_8c15ae12515e1c22\COMCTL32.dll
0x00007ffb02880000 - 0x00007ffb02afd000 	X:\Windows\system32\combase.dll
0x00007ffb003d0000 - 0x00007ffb0043a000 	X:\Windows\system32\bcryptPrimitives.dll
0x00007ffb02f90000 - 0x00007ffb02fcb000 	X:\Windows\system32\IMM32.DLL
0x0000000075070000 - 0x0000000075142000 	X:\Program Files\Java\jdk1.8.0_73\jre\bin\msvcr100.dll
0x0000000075560000 - 0x0000000075df0000 	X:\Program Files\Java\jdk1.8.0_73\jre\bin\server\jvm.dll
0x00007ffb02870000 - 0x00007ffb02878000 	X:\Windows\system32\PSAPI.DLL
0x00007ffafd8e0000 - 0x00007ffafd903000 	X:\Windows\SYSTEM32\WINMM.dll
0x00007ffafdbb0000 - 0x00007ffafdbb9000 	X:\Windows\SYSTEM32\WSOCK32.dll
0x00007ffafb880000 - 0x00007ffafb88a000 	X:\Windows\SYSTEM32\VERSION.dll
0x00007ffb03160000 - 0x00007ffb031cb000 	X:\Windows\system32\WS2_32.dll
0x00000000024c0000 - 0x00000000024ec000 	X:\Windows\SYSTEM32\WINMMBASE.dll
0x00007ffaffd30000 - 0x00007ffaffd73000 	X:\Windows\system32\cfgmgr32.dll
0x00000000765d0000 - 0x00000000765df000 	X:\Program Files\Java\jdk1.8.0_73\jre\bin\verify.dll
0x00000000765a0000 - 0x00000000765c9000 	X:\Program Files\Java\jdk1.8.0_73\jre\bin\java.dll
0x0000000076580000 - 0x0000000076596000 	X:\Program Files\Java\jdk1.8.0_73\jre\bin\zip.dll
0x00007ffb00930000 - 0x00007ffb01e8c000 	X:\Windows\system32\SHELL32.dll
0x00007ffaffd80000 - 0x00007ffb003c5000 	X:\Windows\system32\windows.storage.dll
0x00007ffb030e0000 - 0x00007ffb03132000 	X:\Windows\system32\shlwapi.dll
0x00007ffaff8c0000 - 0x00007ffaff8cf000 	X:\Windows\system32\kernel.appcore.dll
0x00007ffaffb10000 - 0x00007ffaffbc5000 	X:\Windows\system32\shcore.dll
0x00007ffaff870000 - 0x00007ffaff8bb000 	X:\Windows\system32\powrprof.dll
0x00007ffaff850000 - 0x00007ffaff864000 	X:\Windows\system32\profapi.dll

VM Arguments:
jvm_args: -Djava.awt.headless=true -Xmx2g -Dfile.encoding=GBK -Duser.country=CN -Duser.language=zh -Duser.variant 
java_command: com.android.dx.command.Main --dex --num-threads=4 --multi-dex --output E:\Android\CalorieCounter\app\build\intermediates\transforms\dex\debug\folders\1000\10\com.android.support-design-23.2.1_2a94e4507ec2bfa02df0223d8ec37cf5629c4adb E:\Android\CalorieCounter\app\build\intermediates\exploded-aar\com.android.support\design\23.2.1\jars\classes.jar
java_class_path (initial): E:\QMDownload\SDK\build-tools\23.0.3\lib\dx.jar
Launcher Type: SUN_STANDARD

Environment Variables:
PATH=X:\ProgramData\Oracle\Java\javapath;X:\Windows\system32;X:\Windows;X:\Windows\System32\Wbem;X:\Windows\System32\WindowsPowerShell\v1.0\;X:\Program Files (x86)\ATI Technologies\ATI.ACE\Core-Static;D:\Program Files\MATLAB\R2013a\runtime\win64;D:\Program Files\MATLAB\R2013a\bin;X:\Program Files\Java\jdk1.8.0_73\bin;D:\Python27;X:\Program Files (x86)\MySQL\MySQL Fabric 1.5 & MySQL Utilities 1.5\;X:\Program Files (x86)\MySQL\MySQL Fabric 1.5 & MySQL Utilities 1.5\Doctrine extensions for PHP\;E:\QMDownload\SDK\platform-tools
USERNAME=ÍõÉ­
OS=Windows_NT
PROCESSOR_IDENTIFIER=Intel64 Family 6 Model 60 Stepping 3, GenuineIntel



---------------  S Y S T E M  ---------------

OS: Windows 10.0 , 64 bit Build 10586 (10.0.10586.0)

CPU:total 4 (4 cores per cpu, 1 threads per core) family 6 model 60 stepping 3, cmov, cx8, fxsr, mmx, sse, sse2, sse3, ssse3, sse4.1, sse4.2, popcnt, avx, avx2, aes, clmul, erms, lzcnt, tsc, tscinvbit, bmi1, bmi2

Memory: 4k page, physical 8315044k(1718516k free), swap 8315044k(7668k free)

vm_info: Java HotSpot(TM) 64-Bit Server VM (25.73-b02) for windows-amd64 JRE (1.8.0_73-b02), built on Jan 29 2016 17:38:49 by "java_re" with MS VC++ 10.0 (VS2010)

time: Wed Apr 27 18:58:25 2016
elapsed time: 1 seconds (0d 0h 0m 1s)

