#
# There is insufficient memory for the Java Runtime Environment to continue.
# Native memory allocation (malloc) failed to allocate 1919056 bytes for Chunk::new
# Possible reasons:
#   The system is out of physical RAM or swap space
#   In 32 bit mode, the process size limit was hit
# Possible solutions:
#   Reduce memory load on the system
#   Increase physical memory or swap space
#   Check if swap backing store is full
#   Use 64 bit Java on a 64 bit OS
#   Decrease Java heap size (-Xmx/-Xms)
#   Decrease number of Java threads
#   Decrease Java thread stack sizes (-Xss)
#   Set larger code cache with -XX:ReservedCodeCacheSize=
# This output file may be truncated or incomplete.
#
#  Out of Memory Error (allocation.cpp:390), pid=9832, tid=10116
#
# JRE version: Java(TM) SE Runtime Environment (8.0_73-b02) (build 1.8.0_73-b02)
# Java VM: Java HotSpot(TM) 64-Bit Server VM (25.73-b02 mixed mode windows-amd64 compressed oops)
# Failed to write core dump. Minidumps are not enabled by default on client versions of Windows
#

---------------  T H R E A D  ---------------

Current thread (0x0000000014e1d000):  JavaThread "C2 CompilerThread1" daemon [_thread_in_native, id=10116, stack(0x0000000016810000,0x0000000016910000)]

Stack: [0x0000000016810000,0x0000000016910000]
[error occurred during error reporting (printing stack bounds), id 0xc0000005]

Native frames: (J=compiled Java code, j=interpreted, Vv=VM code, C=native code)


Current CompileTask:
C2:   3169 1471   !   4       com.android.dx.cf.cst.ConstantPoolParser::parse0 (731 bytes)


---------------  P R O C E S S  ---------------

Java Threads: ( => current thread )
  0x000000001669f000 JavaThread "pool-1-thread-4" [_thread_blocked, id=10168, stack(0x0000000017810000,0x0000000017910000)]
  0x000000001669a000 JavaThread "pool-1-thread-3" [_thread_blocked, id=5948, stack(0x0000000017710000,0x0000000017810000)]
  0x000000001667c000 JavaThread "pool-1-thread-2" [_thread_blocked, id=5972, stack(0x0000000017610000,0x0000000017710000)]
  0x0000000016679000 JavaThread "pool-2-thread-1" [_thread_blocked, id=4496, stack(0x0000000017510000,0x0000000017610000)]
  0x00000000166fd000 JavaThread "pool-1-thread-1" [_thread_blocked, id=6088, stack(0x0000000017410000,0x0000000017510000)]
  0x0000000016470800 JavaThread "Service Thread" daemon [_thread_blocked, id=10220, stack(0x0000000016a10000,0x0000000016b10000)]
  0x0000000016467000 JavaThread "C1 CompilerThread2" daemon [_thread_blocked, id=10188, stack(0x0000000016910000,0x0000000016a10000)]
=>0x0000000014e1d000 JavaThread "C2 CompilerThread1" daemon [_thread_in_native, id=10116, stack(0x0000000016810000,0x0000000016910000)]
  0x0000000014e1a000 JavaThread "C2 CompilerThread0" daemon [_thread_in_native, id=10100, stack(0x0000000016310000,0x0000000016410000)]
  0x0000000014db7800 JavaThread "Attach Listener" daemon [_thread_blocked, id=10096, stack(0x0000000016210000,0x0000000016310000)]
  0x0000000014e19000 JavaThread "Signal Dispatcher" daemon [_thread_blocked, id=10000, stack(0x0000000016110000,0x0000000016210000)]
  0x00000000026e6000 JavaThread "Finalizer" daemon [_thread_blocked, id=9996, stack(0x0000000016010000,0x0000000016110000)]
  0x00000000026dd000 JavaThread "Reference Handler" daemon [_thread_blocked, id=1340, stack(0x0000000015f10000,0x0000000016010000)]
  0x00000000025f0800 JavaThread "main" [_thread_blocked, id=9696, stack(0x00000000024f0000,0x00000000025f0000)]

Other Threads:
  0x0000000014d87800 VMThread [stack: 0x0000000015e10000,0x0000000015f10000] [id=10080]
  0x00000000164c4800 WatcherThread [stack: 0x0000000016b10000,0x0000000016c10000] [id=10216]

VM state:at safepoint (normal execution)

VM Mutex/Monitor currently owned by a thread:  ([mutex/lock_event])
[0x00000000024ec270] Threads_lock - owner thread: 0x0000000014d87800
[0x00000000024ecaf0] Heap_lock - owner thread: 0x000000001669f000

Heap:
 PSYoungGen      total 38400K, used 38389K [0x00000000eab00000, 0x00000000ef600000, 0x0000000100000000)
  eden space 33280K, 100% used [0x00000000eab00000,0x00000000ecb80000,0x00000000ecb80000)
  from space 5120K, 99% used [0x00000000ecb80000,0x00000000ed07d490,0x00000000ed080000)
  to   space 5120K, 99% used [0x00000000ef100000,0x00000000ef5f9480,0x00000000ef600000)
 ParOldGen       total 87552K, used 14999K [0x00000000c0000000, 0x00000000c5580000, 0x00000000eab00000)
  object space 87552K, 17% used [0x00000000c0000000,0x00000000c0ea5f88,0x00000000c5580000)
 Metaspace       used 6331K, capacity 7158K, committed 7296K, reserved 1056768K
  class space    used 608K, capacity 622K, committed 640K, reserved 1048576K

Card table byte_map: [0x0000000011ab0000,0x0000000011cc0000] byte_map_base: 0x00000000114b0000

Marking Bits: (ParMarkBitMap*) 0x00000000540e0600
 Begin Bits: [0x0000000012220000, 0x0000000013220000)
 End Bits:   [0x0000000013220000, 0x0000000014220000)

Polling page: 0x00000000001f0000

CodeCache: size=245760Kb used=6923Kb max_used=6923Kb free=238836Kb
 bounds [0x00000000026f0000, 0x0000000002dc0000, 0x00000000116f0000]
 total_blobs=1949 nmethods=1678 adapters=184
 compilation: enabled

Compilation events (10 events):
Event: 2.967 Thread 0x0000000016467000 1635       2       com.android.dx.util.LabeledList::removeLabel (10 bytes)
Event: 2.967 Thread 0x0000000016467000 nmethod 1635 0x0000000002d74350 code [0x0000000002d744c0, 0x0000000002d74648]
Event: 2.969 Thread 0x0000000016467000 1636       2       com.android.dx.dex.file.ClassDefItem::addInstanceField (9 bytes)
Event: 2.969 Thread 0x0000000016467000 nmethod 1636 0x0000000002d74710 code [0x0000000002d748a0, 0x0000000002d74bd8]
Event: 2.969 Thread 0x0000000016467000 1637       2       com.android.dx.dex.file.ClassDataItem::addInstanceField (24 bytes)
Event: 2.970 Thread 0x0000000016467000 nmethod 1637 0x0000000002d74e90 code [0x0000000002d75020, 0x0000000002d75378]
Event: 2.980 Thread 0x0000000016467000 1638       3       com.android.dx.rop.code.RegisterSpecSet::mutableCopy (57 bytes)
Event: 2.980 Thread 0x0000000016467000 nmethod 1638 0x0000000002d75610 code [0x0000000002d757c0, 0x0000000002d75d88]
Event: 2.983 Thread 0x0000000016467000 1639       2       sun.util.calendar.CalendarDate::setNormalized (6 bytes)
Event: 2.983 Thread 0x0000000016467000 nmethod 1639 0x0000000002d76050 code [0x0000000002d761a0, 0x0000000002d762f0]

GC Heap History (5 events):
Event: 1.356 GC heap before
{Heap before GC invocations=1 (full 0):
 PSYoungGen      total 38400K, used 33280K [0x00000000eab00000, 0x00000000ed580000, 0x0000000100000000)
  eden space 33280K, 100% used [0x00000000eab00000,0x00000000ecb80000,0x00000000ecb80000)
  from space 5120K, 0% used [0x00000000ed080000,0x00000000ed080000,0x00000000ed580000)
  to   space 5120K, 0% used [0x00000000ecb80000,0x00000000ecb80000,0x00000000ed080000)
 ParOldGen       total 87552K, used 0K [0x00000000c0000000, 0x00000000c5580000, 0x00000000eab00000)
  object space 87552K, 0% used [0x00000000c0000000,0x00000000c0000000,0x00000000c5580000)
 Metaspace       used 6001K, capacity 6900K, committed 7040K, reserved 1056768K
  class space    used 605K, capacity 620K, committed 640K, reserved 1048576K
Event: 1.365 GC heap after
Heap after GC invocations=1 (full 0):
 PSYoungGen      total 38400K, used 5099K [0x00000000eab00000, 0x00000000ed580000, 0x0000000100000000)
  eden space 33280K, 0% used [0x00000000eab00000,0x00000000eab00000,0x00000000ecb80000)
  from space 5120K, 99% used [0x00000000ecb80000,0x00000000ed07af38,0x00000000ed080000)
  to   space 5120K, 0% used [0x00000000ed080000,0x00000000ed080000,0x00000000ed580000)
 ParOldGen       total 87552K, used 16K [0x00000000c0000000, 0x00000000c5580000, 0x00000000eab00000)
  object space 87552K, 0% used [0x00000000c0000000,0x00000000c0004000,0x00000000c5580000)
 Metaspace       used 6001K, capacity 6900K, committed 7040K, reserved 1056768K
  class space    used 605K, capacity 620K, committed 640K, reserved 1048576K
}
Event: 2.005 GC heap before
{Heap before GC invocations=2 (full 0):
 PSYoungGen      total 38400K, used 38379K [0x00000000eab00000, 0x00000000ed580000, 0x0000000100000000)
  eden space 33280K, 100% used [0x00000000eab00000,0x00000000ecb80000,0x00000000ecb80000)
  from space 5120K, 99% used [0x00000000ecb80000,0x00000000ed07af38,0x00000000ed080000)
  to   space 5120K, 0% used [0x00000000ed080000,0x00000000ed080000,0x00000000ed580000)
 ParOldGen       total 87552K, used 16K [0x00000000c0000000, 0x00000000c5580000, 0x00000000eab00000)
  object space 87552K, 0% used [0x00000000c0000000,0x00000000c0004000,0x00000000c5580000)
 Metaspace       used 6202K, capacity 7030K, committed 7296K, reserved 1056768K
  class space    used 607K, capacity 622K, committed 640K, reserved 1048576K
Event: 2.226 GC heap after
Heap after GC invocations=2 (full 0):
 PSYoungGen      total 38400K, used 5108K [0x00000000eab00000, 0x00000000ef600000, 0x0000000100000000)
  eden space 33280K, 0% used [0x00000000eab00000,0x00000000eab00000,0x00000000ecb80000)
  from space 5120K, 99% used [0x00000000ed080000,0x00000000ed57d200,0x00000000ed580000)
  to   space 5120K, 0% used [0x00000000ecb80000,0x00000000ecb80000,0x00000000ed080000)
 ParOldGen       total 87552K, used 3063K [0x00000000c0000000, 0x00000000c5580000, 0x00000000eab00000)
  object space 87552K, 3% used [0x00000000c0000000,0x00000000c02fdf60,0x00000000c5580000)
 Metaspace       used 6202K, capacity 7030K, committed 7296K, reserved 1056768K
  class space    used 607K, capacity 622K, committed 640K, reserved 1048576K
}
Event: 3.080 GC heap before
{Heap before GC invocations=3 (full 0):
 PSYoungGen      total 38400K, used 38388K [0x00000000eab00000, 0x00000000ef600000, 0x0000000100000000)
  eden space 33280K, 100% used [0x00000000eab00000,0x00000000ecb80000,0x00000000ecb80000)
  from space 5120K, 99% used [0x00000000ed080000,0x00000000ed57d200,0x00000000ed580000)
  to   space 5120K, 0% used [0x00000000ecb80000,0x00000000ecb80000,0x00000000ed080000)
 ParOldGen       total 87552K, used 3063K [0x00000000c0000000, 0x00000000c5580000, 0x00000000eab00000)
  object space 87552K, 3% used [0x00000000c0000000,0x00000000c02fdf60,0x00000000c5580000)
 Metaspace       used 6299K, capacity 7158K, committed 7296K, reserved 1056768K
  class space    used 608K, capacity 622K, committed 640K, reserved 1048576K

Deoptimization events (10 events):
Event: 2.939 Thread 0x000000001667c000 Uncommon trap: reason=bimorphic action=maybe_recompile pc=0x0000000002c948dc method=java.util.HashMap.getNode(ILjava/lang/Object;)Ljava/util/HashMap$Node; @ 126
Event: 2.939 Thread 0x000000001667c000 Uncommon trap: reason=class_check action=maybe_recompile pc=0x0000000002b5a384 method=java.util.HashMap.putVal(ILjava/lang/Object;Ljava/lang/Object;ZZ)Ljava/lang/Object; @ 203
Event: 2.939 Thread 0x000000001667c000 Uncommon trap: reason=bimorphic action=maybe_recompile pc=0x0000000002c948dc method=java.util.HashMap.getNode(ILjava/lang/Object;)Ljava/util/HashMap$Node; @ 126
Event: 2.939 Thread 0x000000001667c000 Uncommon trap: reason=class_check action=maybe_recompile pc=0x0000000002b5a384 method=java.util.HashMap.putVal(ILjava/lang/Object;Ljava/lang/Object;ZZ)Ljava/lang/Object; @ 203
Event: 2.939 Thread 0x000000001667c000 Uncommon trap: reason=bimorphic action=maybe_recompile pc=0x0000000002c948dc method=java.util.HashMap.getNode(ILjava/lang/Object;)Ljava/util/HashMap$Node; @ 126
Event: 2.939 Thread 0x000000001667c000 Uncommon trap: reason=bimorphic action=maybe_recompile pc=0x0000000002c948dc method=java.util.HashMap.getNode(ILjava/lang/Object;)Ljava/util/HashMap$Node; @ 126
Event: 2.939 Thread 0x000000001667c000 Uncommon trap: reason=class_check action=maybe_recompile pc=0x0000000002b5a384 method=java.util.HashMap.putVal(ILjava/lang/Object;Ljava/lang/Object;ZZ)Ljava/lang/Object; @ 203
Event: 2.957 Thread 0x000000001669a000 Uncommon trap: reason=unstable_if action=reinterpret pc=0x0000000002cbe2f8 method=com.android.dx.ssa.SCCP.simulateBranch(Lcom/android/dx/ssa/SsaInsn;)V @ 64
Event: 2.959 Thread 0x000000001669a000 Uncommon trap: reason=unstable_if action=reinterpret pc=0x0000000002cba40c method=com.android.dx.ssa.LiteralOpUpgrader$1.visitNonMoveInsn(Lcom/android/dx/ssa/NormalSsaInsn;)V @ 55
Event: 2.963 Thread 0x000000001669a000 Uncommon trap: reason=unstable_if action=reinterpret pc=0x0000000002b2ce9c method=com.android.dx.ssa.SsaMethod.updateOneDefinition(Lcom/android/dx/ssa/SsaInsn;Lcom/android/dx/rop/code/RegisterSpec;)V @ 4

Internal exceptions (3 events):
Event: 0.150 Thread 0x00000000025f0800 Exception <a 'java/lang/NoSuchMethodError': Method sun.misc.Unsafe.defineClass(Ljava/lang/String;[BII)Ljava/lang/Class; name or signature does not match> (0x00000000eab12e88) thrown at [D:\re\puppet\workspace\8-2-build-windows-amd64-cygwin\jdk8u73\6086\hotN=√Aõ/√?
Event: 0.150 Thread 0x00000000025f0800 Exception <a 'java/lang/NoSuchMethodError': Method sun.misc.Unsafe.prefetchRead(Ljava/lang/Object;J)V name or signature does not match> (0x00000000eab13170) thrown at [D:\re\puppet\workspace\8-2-build-windows-amd64-cygwin\jdk8u73\6086\hotspot\src\share\vm\
Event: 1.510 Thread 0x000000001667c000 Implicit null exception at 0x0000000002a3f722 to 0x0000000002a3f829

Events (10 events):
Event: 2.957 Thread 0x000000001669a000 DEOPT UNPACKING pc=0x000000000273582a sp=0x000000001780eb50 mode 2
Event: 2.959 Thread 0x000000001669a000 Uncommon trap: trap_request=0xffffff65 fr.pc=0x0000000002cba40c
Event: 2.959 Thread 0x000000001669a000 DEOPT PACKING pc=0x0000000002cba40c sp=0x000000001780ed80
Event: 2.960 Thread 0x000000001669a000 DEOPT UNPACKING pc=0x000000000273582a sp=0x000000001780ed30 mode 2
Event: 2.960 loading class com/android/dx/rop/code/RegOps
Event: 2.960 loading class com/android/dx/rop/code/RegOps done
Event: 2.963 Thread 0x000000001669a000 Uncommon trap: trap_request=0xffffff65 fr.pc=0x0000000002b2ce9c
Event: 2.963 Thread 0x000000001669a000 DEOPT PACKING pc=0x0000000002b2ce9c sp=0x000000001780eb90
Event: 2.963 Thread 0x000000001669a000 DEOPT UNPACKING pc=0x000000000273582a sp=0x000000001780eb38 mode 2
Event: 2.985 Executing VM operation: ParallelGCFailedAllocation


Dynamic libraries:
0x00007ff6dbe30000 - 0x00007ff6dbe67000 	X:\Program Files\Java\jdk1.8.0_73\bin\java.exe
0x00007ff876650000 - 0x00007ff876811000 	X:\Windows\SYSTEM32\ntdll.dll
0x00007ff8762a0000 - 0x00007ff87634d000 	X:\Windows\system32\KERNEL32.DLL
0x00007ff873400000 - 0x00007ff8735e8000 	X:\Windows\system32\KERNELBASE.dll
0x00007ff875900000 - 0x00007ff8759a7000 	X:\Windows\system32\ADVAPI32.dll
0x00007ff875860000 - 0x00007ff8758fd000 	X:\Windows\system32\msvcrt.dll
0x00007ff876020000 - 0x00007ff87607b000 	X:\Windows\system32\sechost.dll
0x00007ff874050000 - 0x00007ff87416c000 	X:\Windows\system32\RPCRT4.dll
0x00007ff873ee0000 - 0x00007ff874036000 	X:\Windows\system32\USER32.dll
0x00007ff8756d0000 - 0x00007ff875856000 	X:\Windows\system32\GDI32.dll
0x00007ff86b170000 - 0x00007ff86b3e4000 	X:\Windows\WinSxS\amd64_microsoft.windows.common-controls_6595b64144ccf1df_6.0.10586.0_none_8c15ae12515e1c22\COMCTL32.dll
0x00007ff875d20000 - 0x00007ff875f9d000 	X:\Windows\system32\combase.dll
0x00007ff873740000 - 0x00007ff8737aa000 	X:\Windows\system32\bcryptPrimitives.dll
0x00007ff873a50000 - 0x00007ff873a8b000 	X:\Windows\system32\IMM32.DLL
0x0000000053340000 - 0x0000000053412000 	X:\Program Files\Java\jdk1.8.0_73\jre\bin\msvcr100.dll
0x00000000538d0000 - 0x0000000054160000 	X:\Program Files\Java\jdk1.8.0_73\jre\bin\server\jvm.dll
0x00007ff874040000 - 0x00007ff874048000 	X:\Windows\system32\PSAPI.DLL
0x00007ff86b4c0000 - 0x00007ff86b4c9000 	X:\Windows\SYSTEM32\WSOCK32.dll
0x00007ff870f20000 - 0x00007ff870f43000 	X:\Windows\SYSTEM32\WINMM.dll
0x00007ff86f250000 - 0x00007ff86f25a000 	X:\Windows\SYSTEM32\VERSION.dll
0x00007ff875fa0000 - 0x00007ff87600b000 	X:\Windows\system32\WS2_32.dll
0x00007ff870dd0000 - 0x00007ff870dfc000 	X:\Windows\SYSTEM32\WINMMBASE.dll
0x00007ff872d60000 - 0x00007ff872da3000 	X:\Windows\system32\cfgmgr32.dll
0x00000000537e0000 - 0x00000000537ef000 	X:\Program Files\Java\jdk1.8.0_73\jre\bin\verify.dll
0x00000000537b0000 - 0x00000000537d9000 	X:\Program Files\Java\jdk1.8.0_73\jre\bin\java.dll
0x0000000053790000 - 0x00000000537a6000 	X:\Program Files\Java\jdk1.8.0_73\jre\bin\zip.dll
0x00007ff874170000 - 0x00007ff8756cc000 	X:\Windows\system32\SHELL32.dll
0x00007ff872db0000 - 0x00007ff8733f5000 	X:\Windows\system32\windows.storage.dll
0x00007ff876240000 - 0x00007ff876292000 	X:\Windows\system32\shlwapi.dll
0x00007ff872ce0000 - 0x00007ff872cef000 	X:\Windows\system32\kernel.appcore.dll
0x00007ff873680000 - 0x00007ff873735000 	X:\Windows\system32\shcore.dll
0x00007ff872c90000 - 0x00007ff872cdb000 	X:\Windows\system32\powrprof.dll
0x00007ff872c70000 - 0x00007ff872c84000 	X:\Windows\system32\profapi.dll

VM Arguments:
jvm_args: -Djava.awt.headless=true -Xmx1024M -Dfile.encoding=GBK -Duser.country=CN -Duser.language=zh -Duser.variant 
java_command: com.android.dx.command.Main --dex --num-threads=4 --output E:\Android\CalorieCounter\app\build\intermediates\pre-dexed\debug\com.android.support-support-v4-23.2.1_b3f86bb7eb2bf098389785e98df432783523f3ad.jar E:\Android\CalorieCounter\app\build\intermediates\exploded-aar\com.android.support\support-v4\23.2.1\jars\classes.jar
java_class_path (initial): E:\QMDownload\SDK\build-tools\23.0.3\lib\dx.jar
Launcher Type: SUN_STANDARD

Environment Variables:
PATH=X:\ProgramData\Oracle\Java\javapath;X:\Windows\system32;X:\Windows;X:\Windows\System32\Wbem;X:\Windows\System32\WindowsPowerShell\v1.0\;X:\Program Files (x86)\ATI Technologies\ATI.ACE\Core-Static;D:\Program Files\MATLAB\R2013a\runtime\win64;D:\Program Files\MATLAB\R2013a\bin;X:\Program Files\Java\jdk1.8.0_73\bin;D:\Python27;X:\Program Files (x86)\MySQL\MySQL Fabric 1.5 & MySQL Utilities 1.5\;X:\Program Files (x86)\MySQL\MySQL Fabric 1.5 & MySQL Utilities 1.5\Doctrine extensions for PHP\
USERNAME=Õı…≠
OS=Windows_NT
PROCESSOR_IDENTIFIER=Intel64 Family 6 Model 60 Stepping 3, GenuineIntel



---------------  S Y S T E M  ---------------

OS: Windows 10.0 , 64 bit Build 10586 (10.0.10586.0)

CPU:total 4 (4 cores per cpu, 1 threads per core) family 6 model 60 stepping 3, cmov, cx8, fxsr, mmx, sse, sse2, sse3, ssse3, sse4.1, sse4.2, popcnt, avx, avx2, aes, clmul, erms, lzcnt, tsc, tscinvbit, bmi1, bmi2

Memory: 4k page, physical 8315044k(1794036k free), swap 8315044k(8412k free)

vm_info: Java HotSpot(TM) 64-Bit Server VM (25.73-b02) for windows-amd64 JRE (1.8.0_73-b02), built on Jan 29 2016 17:38:49 by "java_re" with MS VC++ 10.0 (VS2010)

time: Sat Apr 16 13:28:57 2016
elapsed time: 3 seconds (0d 0h 0m 3s)

