#
# There is insufficient memory for the Java Runtime Environment to continue.
# Native memory allocation (malloc) failed to allocate 63056 bytes for Chunk::new
# Possible reasons:
#   The system is out of physical RAM or swap space
#   In 32 bit mode, the process size limit was hit
# Possible solutions:
#   Reduce memory load on the system
#   Increase physical memory or swap space
#   Check if swap backing store is full
#   Use 64 bit Java on a 64 bit OS
#   Decrease Java heap size (-Xmx/-Xms)
#   Decrease number of Java threads
#   Decrease Java thread stack sizes (-Xss)
#   Set larger code cache with -XX:ReservedCodeCacheSize=
# This output file may be truncated or incomplete.
#
#  Out of Memory Error (allocation.cpp:390), pid=6028, tid=2080
#
# JRE version: Java(TM) SE Runtime Environment (8.0_73-b02) (build 1.8.0_73-b02)
# Java VM: Java HotSpot(TM) 64-Bit Server VM (25.73-b02 mixed mode windows-amd64 compressed oops)
# Failed to write core dump. Minidumps are not enabled by default on client versions of Windows
#

---------------  T H R E A D  ---------------

Current thread (0x000000001bd1a000):  JavaThread "C2 CompilerThread0" daemon [_thread_in_native, id=2080, stack(0x000000001d220000,0x000000001d320000)]

Stack: [0x000000001d220000,0x000000001d320000]
[error occurred during error reporting (printing stack bounds), id 0xc0000005]

Native frames: (J=compiled Java code, j=interpreted, Vv=VM code, C=native code)


Current CompileTask:
C2:   1190 1108       4       com.android.dx.util.LabeledList::addLabelIndex (43 bytes)


---------------  P R O C E S S  ---------------

Java Threads: ( => current thread )
  0x000000001d697000 JavaThread "pool-2-thread-4" [_thread_in_Java, id=22584, stack(0x000000001df20000,0x000000001e020000)]
  0x000000001d621000 JavaThread "pool-2-thread-3" [_thread_in_Java, id=22232, stack(0x000000001de20000,0x000000001df20000)]
  0x000000001d5db000 JavaThread "pool-2-thread-2" [_thread_blocked, id=4016, stack(0x000000001dd20000,0x000000001de20000)]
  0x000000001d5d8000 JavaThread "pool-3-thread-1" [_thread_blocked, id=880, stack(0x000000001dc20000,0x000000001dd20000)]
  0x000000001d5ca000 JavaThread "pool-2-thread-1" [_thread_blocked, id=2220, stack(0x000000001db20000,0x000000001dc20000)]
  0x000000001d47f800 JavaThread "Service Thread" daemon [_thread_blocked, id=5152, stack(0x000000001d920000,0x000000001da20000)]
  0x000000001d479000 JavaThread "C1 CompilerThread2" daemon [_thread_blocked, id=21660, stack(0x000000001d820000,0x000000001d920000)]
  0x000000001bd1c000 JavaThread "C2 CompilerThread1" daemon [_thread_in_native, id=10580, stack(0x000000001d320000,0x000000001d420000)]
=>0x000000001bd1a000 JavaThread "C2 CompilerThread0" daemon [_thread_in_native, id=2080, stack(0x000000001d220000,0x000000001d320000)]
  0x000000001bcce000 JavaThread "Attach Listener" daemon [_thread_blocked, id=5508, stack(0x000000001d120000,0x000000001d220000)]
  0x000000001bcb8000 JavaThread "Signal Dispatcher" daemon [_thread_blocked, id=17028, stack(0x000000001d020000,0x000000001d120000)]
  0x00000000025e6800 JavaThread "Finalizer" daemon [_thread_blocked, id=13480, stack(0x000000001cf20000,0x000000001d020000)]
  0x00000000025dd800 JavaThread "Reference Handler" daemon [_thread_blocked, id=9676, stack(0x000000001ce20000,0x000000001cf20000)]
  0x00000000024f1000 JavaThread "main" [_thread_in_Java, id=20528, stack(0x0000000001fd0000,0x00000000020d0000)]

Other Threads:
  0x000000001bc88800 VMThread [stack: 0x000000001cd20000,0x000000001ce20000] [id=13380]
  0x000000001d4cc000 WatcherThread [stack: 0x000000001da20000,0x000000001db20000] [id=19188]

VM state:not at safepoint (normal execution)

VM Mutex/Monitor currently owned by a thread: None

Heap:
 PSYoungGen      total 38400K, used 33280K [0x000000076ab00000, 0x000000076d580000, 0x00000007c0000000)
  eden space 33280K, 100% used [0x000000076ab00000,0x000000076cb80000,0x000000076cb80000)
  from space 5120K, 0% used [0x000000076d080000,0x000000076d080000,0x000000076d580000)
  to   space 5120K, 0% used [0x000000076cb80000,0x000000076cb80000,0x000000076d080000)
 ParOldGen       total 87552K, used 0K [0x00000006c0000000, 0x00000006c5580000, 0x000000076ab00000)
  object space 87552K, 0% used [0x00000006c0000000,0x00000006c0000000,0x00000006c5580000)
 Metaspace       used 5949K, capacity 6836K, committed 7040K, reserved 1056768K
  class space    used 602K, capacity 620K, committed 640K, reserved 1048576K

Card table byte_map: [0x00000000119b0000,0x00000000121c0000] byte_map_base: 0x000000000e3b0000

Marking Bits: (ParMarkBitMap*) 0x0000000064400600
 Begin Bits: [0x0000000012b20000, 0x0000000016b20000)
 End Bits:   [0x0000000016b20000, 0x000000001ab20000)

Polling page: 0x00000000001f0000

CodeCache: size=245760Kb used=4202Kb max_used=4215Kb free=241557Kb
 bounds [0x00000000025f0000, 0x0000000002a20000, 0x00000000115f0000]
 total_blobs=1361 nmethods=1090 adapters=184
 compilation: enabled

Compilation events (10 events):
Event: 1.181 Thread 0x000000001bd1a000 nmethod 1068 0x0000000002a09c90 code [0x0000000002a09e20, 0x0000000002a0a6e8]
Event: 1.181 Thread 0x000000001bd1a000 1089       4       java.util.Collections$UnmodifiableCollection::iterator (9 bytes)
Event: 1.183 Thread 0x000000001bd1a000 nmethod 1089 0x0000000002a0e390 code [0x0000000002a0e500, 0x0000000002a0e7d8]
Event: 1.183 Thread 0x000000001bd1a000 1096       4       com.android.dx.cf.code.LineNumberList::pcToLine (73 bytes)
Event: 1.186 Thread 0x000000001bd1a000 nmethod 1096 0x0000000002a0ae90 code [0x0000000002a0afe0, 0x0000000002a0b298]
Event: 1.186 Thread 0x000000001bd1a000 1095       4       com.android.dx.dex.code.OutputFinisher::updateInfo (44 bytes)
Event: 1.189 Thread 0x000000001bd1a000 nmethod 1095 0x0000000002a095d0 code [0x0000000002a09720, 0x0000000002a099a8]
Event: 1.189 Thread 0x000000001bd1a000 1108       4       com.android.dx.util.LabeledList::addLabelIndex (43 bytes)
Event: 1.190 Thread 0x000000001bd1c000 nmethod 1087 0x0000000002a11090 code [0x0000000002a112a0, 0x0000000002a12168]
Event: 1.190 Thread 0x000000001bd1c000 1110       4       com.android.dx.rop.code.InsnList::forEach (28 bytes)

GC Heap History (0 events):
No events

Deoptimization events (4 events):
Event: 0.654 Thread 0x000000001d697000 Uncommon trap: reason=unstable_if action=reinterpret pc=0x0000000002843234 method=java.util.HashMap.getNode(ILjava/lang/Object;)Ljava/util/HashMap$Node; @ 62
Event: 0.666 Thread 0x000000001d697000 Uncommon trap: reason=unstable_if action=reinterpret pc=0x00000000028497f4 method=java.util.BitSet.nextSetBit(I)I @ 87
Event: 0.743 Thread 0x00000000024f1000 Uncommon trap: reason=unstable_if action=reinterpret pc=0x00000000027f8264 method=java.lang.String.<init>([CII)V @ 18
Event: 1.024 Thread 0x000000001d697000 Uncommon trap: reason=null_check action=make_not_entrant pc=0x00000000028f80e8 method=com.android.dx.ssa.SsaRenamer.getLocalForNewReg(I)Lcom/android/dx/rop/code/LocalItem; @ 19

Internal exceptions (3 events):
Event: 0.031 Thread 0x00000000024f1000 Exception <a 'java/lang/NoSuchMethodError': Method sun.misc.Unsafe.defineClass(Ljava/lang/String;[BII)Ljava/lang/Class; name or signature does not match> (0x000000076ab12f58) thrown at [D:\re\puppet\workspace\8-2-build-windows-amd64-cygwin\jdk8u73\6086\hot"ì-=ÿ ?
Event: 0.031 Thread 0x00000000024f1000 Exception <a 'java/lang/NoSuchMethodError': Method sun.misc.Unsafe.prefetchRead(Ljava/lang/Object;J)V name or signature does not match> (0x000000076ab13240) thrown at [D:\re\puppet\workspace\8-2-build-windows-amd64-cygwin\jdk8u73\6086\hotspot\src\share\vm\ÚõØ„`ð?
Event: 1.024 Thread 0x000000001d697000 Implicit null exception at 0x00000000028f5e35 to 0x00000000028f80a5

Events (10 events):
Event: 0.939 loading class com/android/dx/cf/attrib/AttRuntimeVisibleAnnotations done
Event: 0.944 loading class java/util/TreeMap$EntrySet
Event: 0.944 loading class java/util/TreeMap$EntrySet done
Event: 0.944 loading class java/util/TreeMap$EntryIterator
Event: 0.944 loading class java/util/TreeMap$EntryIterator done
Event: 1.024 Thread 0x000000001d697000 Uncommon trap: trap_request=0xfffffff4 fr.pc=0x00000000028f80e8
Event: 1.024 Thread 0x000000001d697000 DEOPT PACKING pc=0x00000000028f80e8 sp=0x000000001e01e470
Event: 1.024 Thread 0x000000001d697000 DEOPT UNPACKING pc=0x000000000263582a sp=0x000000001e01e2c8 mode 2
Event: 1.164 Executing VM operation: ForceSafepoint
Event: 1.165 Executing VM operation: ForceSafepoint done


Dynamic libraries:
0x00007ff79cf10000 - 0x00007ff79cf47000 	X:\Program Files\Java\jdk1.8.0_73\bin\java.exe
0x00007ffa94180000 - 0x00007ffa94341000 	X:\Windows\SYSTEM32\ntdll.dll
0x00007ffa91d90000 - 0x00007ffa91e3d000 	X:\Windows\system32\KERNEL32.DLL
0x00007ffa90ba0000 - 0x00007ffa90d88000 	X:\Windows\system32\KERNELBASE.dll
0x00007ffa91e40000 - 0x00007ffa91ee7000 	X:\Windows\system32\ADVAPI32.dll
0x00007ffa91af0000 - 0x00007ffa91b8d000 	X:\Windows\system32\msvcrt.dll
0x00007ffa91840000 - 0x00007ffa9189b000 	X:\Windows\system32\sechost.dll
0x00007ffa91580000 - 0x00007ffa9169c000 	X:\Windows\system32\RPCRT4.dll
0x00007ffa93ad0000 - 0x00007ffa93c26000 	X:\Windows\system32\USER32.dll
0x00007ffa91c00000 - 0x00007ffa91d86000 	X:\Windows\system32\GDI32.dll
0x00007ffa89e50000 - 0x00007ffa8a0c4000 	X:\Windows\WinSxS\amd64_microsoft.windows.common-controls_6595b64144ccf1df_6.0.10586.0_none_8c15ae12515e1c22\COMCTL32.dll
0x00007ffa92100000 - 0x00007ffa9237d000 	X:\Windows\system32\combase.dll
0x00007ffa90b30000 - 0x00007ffa90b9a000 	X:\Windows\system32\bcryptPrimitives.dll
0x00007ffa92380000 - 0x00007ffa923bb000 	X:\Windows\system32\IMM32.DLL
0x0000000063b10000 - 0x0000000063be2000 	X:\Program Files\Java\jdk1.8.0_73\jre\bin\msvcr100.dll
0x0000000063bf0000 - 0x0000000064480000 	X:\Program Files\Java\jdk1.8.0_73\jre\bin\server\jvm.dll
0x00007ffa918a0000 - 0x00007ffa918a8000 	X:\Windows\system32\PSAPI.DLL
0x00007ffa8b570000 - 0x00007ffa8b579000 	X:\Windows\SYSTEM32\WSOCK32.dll
0x00007ffa916a0000 - 0x00007ffa9170b000 	X:\Windows\system32\WS2_32.dll
0x00007ffa8e890000 - 0x00007ffa8e8b3000 	X:\Windows\SYSTEM32\WINMM.dll
0x00007ffa8d5f0000 - 0x00007ffa8d5fa000 	X:\Windows\SYSTEM32\VERSION.dll
0x0000000000420000 - 0x000000000044c000 	X:\Windows\SYSTEM32\WINMMBASE.dll
0x00007ffa90910000 - 0x00007ffa90953000 	X:\Windows\system32\cfgmgr32.dll
0x0000000064a90000 - 0x0000000064a9f000 	X:\Program Files\Java\jdk1.8.0_73\jre\bin\verify.dll
0x0000000063aa0000 - 0x0000000063ac9000 	X:\Program Files\Java\jdk1.8.0_73\jre\bin\java.dll
0x0000000063a80000 - 0x0000000063a96000 	X:\Program Files\Java\jdk1.8.0_73\jre\bin\zip.dll
0x00007ffa92570000 - 0x00007ffa93acc000 	X:\Windows\system32\SHELL32.dll
0x00007ffa90d90000 - 0x00007ffa913d5000 	X:\Windows\system32\windows.storage.dll
0x00007ffa91a70000 - 0x00007ffa91ac2000 	X:\Windows\system32\shlwapi.dll
0x00007ffa907d0000 - 0x00007ffa907df000 	X:\Windows\system32\kernel.appcore.dll
0x00007ffa90830000 - 0x00007ffa908e5000 	X:\Windows\system32\shcore.dll
0x00007ffa907e0000 - 0x00007ffa9082b000 	X:\Windows\system32\powrprof.dll
0x00007ffa907b0000 - 0x00007ffa907c4000 	X:\Windows\system32\profapi.dll

VM Arguments:
jvm_args: -Djava.awt.headless=true -Xmx4g -Dfile.encoding=GBK -Duser.country=CN -Duser.language=zh -Duser.variant 
java_command: com.android.dx.command.Main --dex --num-threads=4 --multi-dex --output E:\Android\CalorieCounter\app\build\intermediates\transforms\dex\debug\folders\1000\2\picasso-2.5.2_f19bc8512a460ac7df759013986e530956aa1cfe E:\Android\CalorieCounter\app\libs\picasso-2.5.2.jar
java_class_path (initial): E:\QMDownload\SDK\build-tools\23.0.3\lib\dx.jar
Launcher Type: SUN_STANDARD

Environment Variables:
PATH=X:\ProgramData\Oracle\Java\javapath;X:\Windows\system32;X:\Windows;X:\Windows\System32\Wbem;X:\Windows\System32\WindowsPowerShell\v1.0\;X:\Program Files (x86)\ATI Technologies\ATI.ACE\Core-Static;D:\Program Files\MATLAB\R2013a\runtime\win64;D:\Program Files\MATLAB\R2013a\bin;X:\Program Files\Java\jdk1.8.0_73\bin;D:\Python27;X:\Program Files (x86)\MySQL\MySQL Fabric 1.5 & MySQL Utilities 1.5\;X:\Program Files (x86)\MySQL\MySQL Fabric 1.5 & MySQL Utilities 1.5\Doctrine extensions for PHP\
USERNAME=ÍõÉ­
OS=Windows_NT
PROCESSOR_IDENTIFIER=Intel64 Family 6 Model 60 Stepping 3, GenuineIntel



---------------  S Y S T E M  ---------------

OS: Windows 10.0 , 64 bit Build 10586 (10.0.10586.0)

CPU:total 4 (4 cores per cpu, 1 threads per core) family 6 model 60 stepping 3, cmov, cx8, fxsr, mmx, sse, sse2, sse3, ssse3, sse4.1, sse4.2, popcnt, avx, avx2, aes, clmul, erms, lzcnt, tsc, tscinvbit, bmi1, bmi2

Memory: 4k page, physical 8315044k(2047868k free), swap 8315044k(3824k free)

vm_info: Java HotSpot(TM) 64-Bit Server VM (25.73-b02) for windows-amd64 JRE (1.8.0_73-b02), built on Jan 29 2016 17:38:49 by "java_re" with MS VC++ 10.0 (VS2010)

time: Thu Apr 21 21:11:39 2016
elapsed time: 1 seconds (0d 0h 0m 1s)

