#
# There is insufficient memory for the Java Runtime Environment to continue.
# Native memory allocation (malloc) failed to allocate 1061536 bytes for Chunk::new
# Possible reasons:
#   The system is out of physical RAM or swap space
#   In 32 bit mode, the process size limit was hit
# Possible solutions:
#   Reduce memory load on the system
#   Increase physical memory or swap space
#   Check if swap backing store is full
#   Use 64 bit Java on a 64 bit OS
#   Decrease Java heap size (-Xmx/-Xms)
#   Decrease number of Java threads
#   Decrease Java thread stack sizes (-Xss)
#   Set larger code cache with -XX:ReservedCodeCacheSize=
# This output file may be truncated or incomplete.
#
#  Out of Memory Error (allocation.cpp:390), pid=6904, tid=8648
#
# JRE version: Java(TM) SE Runtime Environment (8.0_73-b02) (build 1.8.0_73-b02)
# Java VM: Java HotSpot(TM) 64-Bit Server VM (25.73-b02 mixed mode windows-amd64 compressed oops)
# Failed to write core dump. Minidumps are not enabled by default on client versions of Windows
#

---------------  T H R E A D  ---------------

Current thread (0x0000000014cea000):  JavaThread "C2 CompilerThread0" daemon [_thread_in_native, id=8648, stack(0x0000000016240000,0x0000000016340000)]

Stack: [0x0000000016240000,0x0000000016340000]
[error occurred during error reporting (printing stack bounds), id 0xc0000005]

Native frames: (J=compiled Java code, j=interpreted, Vv=VM code, C=native code)


Current CompileTask:
C2:   3527 1249       4       com.android.dx.ssa.SCCP::simulateBranch (666 bytes)


---------------  P R O C E S S  ---------------

Java Threads: ( => current thread )
  0x00000000165f7800 JavaThread "pool-2-thread-4" [_thread_in_Java, id=17492, stack(0x0000000016f40000,0x0000000017040000)]
  0x00000000165f3800 JavaThread "pool-2-thread-3" [_thread_blocked, id=19448, stack(0x0000000016e40000,0x0000000016f40000)]
  0x00000000165f2800 JavaThread "pool-2-thread-2" [_thread_blocked, id=6912, stack(0x0000000016d40000,0x0000000016e40000)]
  0x00000000165e9800 JavaThread "pool-3-thread-1" [_thread_blocked, id=6120, stack(0x0000000016c40000,0x0000000016d40000)]
  0x00000000165e8000 JavaThread "pool-2-thread-1" [_thread_in_Java, id=20416, stack(0x0000000016b40000,0x0000000016c40000)]
  0x000000001634b800 JavaThread "Service Thread" daemon [_thread_blocked, id=6116, stack(0x0000000016940000,0x0000000016a40000)]
  0x0000000014cee000 JavaThread "C1 CompilerThread2" daemon [_thread_in_vm, id=9324, stack(0x0000000016840000,0x0000000016940000)]
  0x0000000014ced000 JavaThread "C2 CompilerThread1" daemon [_thread_in_native, id=20756, stack(0x0000000016740000,0x0000000016840000)]
=>0x0000000014cea000 JavaThread "C2 CompilerThread0" daemon [_thread_in_native, id=8648, stack(0x0000000016240000,0x0000000016340000)]
  0x0000000014c9e000 JavaThread "Attach Listener" daemon [_thread_blocked, id=16184, stack(0x0000000016140000,0x0000000016240000)]
  0x0000000014c87000 JavaThread "Signal Dispatcher" daemon [_thread_blocked, id=8724, stack(0x0000000016040000,0x0000000016140000)]
  0x00000000025b0800 JavaThread "Finalizer" daemon [_thread_blocked, id=22552, stack(0x0000000015ee0000,0x0000000015fe0000)]
  0x00000000025ad000 JavaThread "Reference Handler" daemon [_thread_blocked, id=15708, stack(0x0000000015de0000,0x0000000015ee0000)]
  0x00000000024c1000 JavaThread "main" [_thread_blocked, id=6532, stack(0x0000000001fc0000,0x00000000020c0000)]

Other Threads:
  0x0000000014c58000 VMThread [stack: 0x0000000015ce0000,0x0000000015de0000] [id=14760]
  0x0000000016353000 WatcherThread [stack: 0x0000000016a40000,0x0000000016b40000] [id=23256]

VM state:not at safepoint (normal execution)

VM Mutex/Monitor currently owned by a thread: None

Heap:
 PSYoungGen      total 38400K, used 6712K [0x00000000eab00000, 0x00000000ed580000, 0x0000000100000000)
  eden space 33280K, 4% used [0x00000000eab00000,0x00000000eac91f48,0x00000000ecb80000)
  from space 5120K, 99% used [0x00000000ecb80000,0x00000000ed07c430,0x00000000ed080000)
  to   space 5120K, 0% used [0x00000000ed080000,0x00000000ed080000,0x00000000ed580000)
 ParOldGen       total 87552K, used 1325K [0x00000000c0000000, 0x00000000c5580000, 0x00000000eab00000)
  object space 87552K, 1% used [0x00000000c0000000,0x00000000c014b658,0x00000000c5580000)
 Metaspace       used 6092K, capacity 6964K, committed 7040K, reserved 1056768K
  class space    used 603K, capacity 620K, committed 640K, reserved 1048576K

Card table byte_map: [0x0000000011980000,0x0000000011b90000] byte_map_base: 0x0000000011380000

Marking Bits: (ParMarkBitMap*) 0x0000000064400600
 Begin Bits: [0x00000000120f0000, 0x00000000130f0000)
 End Bits:   [0x00000000130f0000, 0x00000000140f0000)

Polling page: 0x00000000001f0000

CodeCache: size=245760Kb used=5410Kb max_used=5410Kb free=240349Kb
 bounds [0x00000000025c0000, 0x0000000002b10000, 0x00000000115c0000]
 total_blobs=1578 nmethods=1307 adapters=184
 compilation: enabled

Compilation events (10 events):
Event: 3.524 Thread 0x0000000014cee000 1296       3       java.lang.ref.Finalizer::hasBeenFinalized (14 bytes)
Event: 3.524 Thread 0x0000000014cee000 nmethod 1296 0x0000000002b05850 code [0x0000000002b059a0, 0x0000000002b05b50]
Event: 3.524 Thread 0x0000000014cee000 1301  s    3       com.android.dx.dex.file.MethodIdsSection::intern (55 bytes)
Event: 3.525 Thread 0x0000000014ced000 nmethod 1300 0x0000000002b089d0 code [0x0000000002b08b40, 0x0000000002b08d68]
Event: 3.525 Thread 0x0000000014ced000 1303       4       com.android.dx.ssa.back.FirstFitLocalCombiningAllocator$1::processInsn (169 bytes)
Event: 3.525 Thread 0x0000000014cee000 nmethod 1301 0x0000000002b07390 code [0x0000000002b075c0, 0x0000000002b082c8]
Event: 3.525 Thread 0x0000000014cee000 1302       3       java.util.HashMap::<init> (98 bytes)
Event: 3.525 Thread 0x0000000014cee000 nmethod 1302 0x0000000002b08f10 code [0x0000000002b091a0, 0x0000000002b0a388]
Event: 3.525 Thread 0x0000000014cee000 1304       3       com.android.dx.cf.code.Ropper::getRopMethod (64 bytes)
Event: 3.526 Thread 0x0000000014cee000 nmethod 1304 0x0000000002b0ab90 code [0x0000000002b0ade0, 0x0000000002b0bb78]

GC Heap History (2 events):
Event: 3.291 GC heap before
{Heap before GC invocations=1 (full 0):
 PSYoungGen      total 38400K, used 33280K [0x00000000eab00000, 0x00000000ed580000, 0x0000000100000000)
  eden space 33280K, 100% used [0x00000000eab00000,0x00000000ecb80000,0x00000000ecb80000)
  from space 5120K, 0% used [0x00000000ed080000,0x00000000ed080000,0x00000000ed580000)
  to   space 5120K, 0% used [0x00000000ecb80000,0x00000000ecb80000,0x00000000ed080000)
 ParOldGen       total 87552K, used 0K [0x00000000c0000000, 0x00000000c5580000, 0x00000000eab00000)
  object space 87552K, 0% used [0x00000000c0000000,0x00000000c0000000,0x00000000c5580000)
 Metaspace       used 6075K, capacity 6964K, committed 7040K, reserved 1056768K
  class space    used 603K, capacity 620K, committed 640K, reserved 1048576K
Event: 3.521 GC heap after
Heap after GC invocations=1 (full 0):
 PSYoungGen      total 38400K, used 5105K [0x00000000eab00000, 0x00000000ed580000, 0x0000000100000000)
  eden space 33280K, 0% used [0x00000000eab00000,0x00000000eab00000,0x00000000ecb80000)
  from space 5120K, 99% used [0x00000000ecb80000,0x00000000ed07c430,0x00000000ed080000)
  to   space 5120K, 0% used [0x00000000ed080000,0x00000000ed080000,0x00000000ed580000)
 ParOldGen       total 87552K, used 1325K [0x00000000c0000000, 0x00000000c5580000, 0x00000000eab00000)
  object space 87552K, 1% used [0x00000000c0000000,0x00000000c014b658,0x00000000c5580000)
 Metaspace       used 6075K, capacity 6964K, committed 7040K, reserved 1056768K
  class space    used 603K, capacity 620K, committed 640K, reserved 1048576K
}

Deoptimization events (8 events):
Event: 1.295 Thread 0x00000000024c1000 Uncommon trap: reason=unstable_if action=reinterpret pc=0x0000000002709cd4 method=java.lang.String.compareTo(Ljava/lang/String;)I @ 38
Event: 2.267 Thread 0x00000000165e8000 Uncommon trap: reason=unstable_if action=reinterpret pc=0x00000000027fc638 method=java.util.HashMap.getNode(ILjava/lang/Object;)Ljava/util/HashMap$Node; @ 62
Event: 2.507 Thread 0x00000000024c1000 Uncommon trap: reason=unstable_if action=reinterpret pc=0x000000000284b0b0 method=java.util.BitSet.nextSetBit(I)I @ 87
Event: 2.536 Thread 0x00000000024c1000 Uncommon trap: reason=unstable_if action=reinterpret pc=0x00000000028761c0 method=java.util.HashMap.getNode(ILjava/lang/Object;)Ljava/util/HashMap$Node; @ 129
Event: 2.733 Thread 0x00000000165e8000 Uncommon trap: reason=unstable_if action=reinterpret pc=0x000000000286636c method=java.util.HashMap.getNode(ILjava/lang/Object;)Ljava/util/HashMap$Node; @ 129
Event: 2.976 Thread 0x00000000165e8000 Uncommon trap: reason=unstable_if action=reinterpret pc=0x0000000002967f08 method=com.android.dx.rop.code.RegisterSpec.equals(ILcom/android/dx/rop/type/TypeBearer;Lcom/android/dx/rop/code/LocalItem;)Z @ 16
Event: 3.039 Thread 0x00000000165e8000 Uncommon trap: reason=null_check action=make_not_entrant pc=0x0000000002a898e8 method=com.android.dx.rop.type.Type.equals(Ljava/lang/Object;)Z @ 8
Event: 3.133 Thread 0x00000000165f7800 Uncommon trap: reason=unstable_if action=reinterpret pc=0x00000000029634a8 method=com.android.dx.rop.code.RegisterSpec.equals(ILcom/android/dx/rop/type/TypeBearer;Lcom/android/dx/rop/code/LocalItem;)Z @ 16

Internal exceptions (3 events):
Event: 0.594 Thread 0x00000000024c1000 Exception <a 'java/lang/NoSuchMethodError': Method sun.misc.Unsafe.defineClass(Ljava/lang/String;[BII)Ljava/lang/Class; name or signature does not match> (0x00000000eab13090) thrown at [D:\re\puppet\workspace\8-2-build-windows-amd64-cygwin\jdk8u73\6086\hot]ÅH”ï„?
Event: 0.594 Thread 0x00000000024c1000 Exception <a 'java/lang/NoSuchMethodError': Method sun.misc.Unsafe.prefetchRead(Ljava/lang/Object;J)V name or signature does not match> (0x00000000eab13378) thrown at [D:\re\puppet\workspace\8-2-build-windows-amd64-cygwin\jdk8u73\6086\hotspot\src\share\vm\ÌËˇI{P@
Event: 3.039 Thread 0x00000000165e8000 Implicit null exception at 0x0000000002a897e2 to 0x0000000002a898da

Events (10 events):
Event: 2.976 Thread 0x00000000165e8000 DEOPT PACKING pc=0x0000000002967f08 sp=0x0000000016c3df20
Event: 2.976 Thread 0x00000000165e8000 DEOPT UNPACKING pc=0x000000000260582a sp=0x0000000016c3dde0 mode 2
Event: 3.039 Thread 0x00000000165e8000 Uncommon trap: trap_request=0xfffffff4 fr.pc=0x0000000002a898e8
Event: 3.039 Thread 0x00000000165e8000 DEOPT PACKING pc=0x0000000002a898e8 sp=0x0000000016c3e6f0
Event: 3.039 Thread 0x00000000165e8000 DEOPT UNPACKING pc=0x000000000260582a sp=0x0000000016c3e678 mode 2
Event: 3.133 Thread 0x00000000165f7800 Uncommon trap: trap_request=0xffffff65 fr.pc=0x00000000029634a8
Event: 3.133 Thread 0x00000000165f7800 DEOPT PACKING pc=0x00000000029634a8 sp=0x000000001703eb70
Event: 3.133 Thread 0x00000000165f7800 DEOPT UNPACKING pc=0x000000000260582a sp=0x000000001703e9b0 mode 2
Event: 3.145 Executing VM operation: ParallelGCFailedAllocation
Event: 3.521 Executing VM operation: ParallelGCFailedAllocation done


Dynamic libraries:
0x00007ff79cf10000 - 0x00007ff79cf47000 	X:\Program Files\Java\jdk1.8.0_73\bin\java.exe
0x00007ffa94180000 - 0x00007ffa94341000 	X:\Windows\SYSTEM32\ntdll.dll
0x00007ffa91d90000 - 0x00007ffa91e3d000 	X:\Windows\system32\KERNEL32.DLL
0x00007ffa90ba0000 - 0x00007ffa90d88000 	X:\Windows\system32\KERNELBASE.dll
0x00007ffa91e40000 - 0x00007ffa91ee7000 	X:\Windows\system32\ADVAPI32.dll
0x00007ffa91af0000 - 0x00007ffa91b8d000 	X:\Windows\system32\msvcrt.dll
0x00007ffa91840000 - 0x00007ffa9189b000 	X:\Windows\system32\sechost.dll
0x00007ffa91580000 - 0x00007ffa9169c000 	X:\Windows\system32\RPCRT4.dll
0x00007ffa93ad0000 - 0x00007ffa93c26000 	X:\Windows\system32\USER32.dll
0x00007ffa91c00000 - 0x00007ffa91d86000 	X:\Windows\system32\GDI32.dll
0x00007ffa89e50000 - 0x00007ffa8a0c4000 	X:\Windows\WinSxS\amd64_microsoft.windows.common-controls_6595b64144ccf1df_6.0.10586.0_none_8c15ae12515e1c22\COMCTL32.dll
0x00007ffa92100000 - 0x00007ffa9237d000 	X:\Windows\system32\combase.dll
0x00007ffa90b30000 - 0x00007ffa90b9a000 	X:\Windows\system32\bcryptPrimitives.dll
0x00007ffa92380000 - 0x00007ffa923bb000 	X:\Windows\system32\IMM32.DLL
0x0000000063b10000 - 0x0000000063be2000 	X:\Program Files\Java\jdk1.8.0_73\jre\bin\msvcr100.dll
0x0000000063bf0000 - 0x0000000064480000 	X:\Program Files\Java\jdk1.8.0_73\jre\bin\server\jvm.dll
0x00007ffa918a0000 - 0x00007ffa918a8000 	X:\Windows\system32\PSAPI.DLL
0x00007ffa8b570000 - 0x00007ffa8b579000 	X:\Windows\SYSTEM32\WSOCK32.dll
0x00007ffa916a0000 - 0x00007ffa9170b000 	X:\Windows\system32\WS2_32.dll
0x00007ffa8e890000 - 0x00007ffa8e8b3000 	X:\Windows\SYSTEM32\WINMM.dll
0x00007ffa8d5f0000 - 0x00007ffa8d5fa000 	X:\Windows\SYSTEM32\VERSION.dll
0x00007ffa8e5b0000 - 0x00007ffa8e5dc000 	X:\Windows\SYSTEM32\WINMMBASE.dll
0x00007ffa90910000 - 0x00007ffa90953000 	X:\Windows\system32\cfgmgr32.dll
0x0000000064a90000 - 0x0000000064a9f000 	X:\Program Files\Java\jdk1.8.0_73\jre\bin\verify.dll
0x0000000063aa0000 - 0x0000000063ac9000 	X:\Program Files\Java\jdk1.8.0_73\jre\bin\java.dll
0x0000000063a80000 - 0x0000000063a96000 	X:\Program Files\Java\jdk1.8.0_73\jre\bin\zip.dll
0x00007ffa92570000 - 0x00007ffa93acc000 	X:\Windows\system32\SHELL32.dll
0x00007ffa90d90000 - 0x00007ffa913d5000 	X:\Windows\system32\windows.storage.dll
0x00007ffa91a70000 - 0x00007ffa91ac2000 	X:\Windows\system32\shlwapi.dll
0x00007ffa907d0000 - 0x00007ffa907df000 	X:\Windows\system32\kernel.appcore.dll
0x00007ffa90830000 - 0x00007ffa908e5000 	X:\Windows\system32\shcore.dll
0x00007ffa907e0000 - 0x00007ffa9082b000 	X:\Windows\system32\powrprof.dll
0x00007ffa907b0000 - 0x00007ffa907c4000 	X:\Windows\system32\profapi.dll

VM Arguments:
jvm_args: -Djava.awt.headless=true -Xmx1g -Dfile.encoding=GBK -Duser.country=CN -Duser.language=zh -Duser.variant 
java_command: com.android.dx.command.Main --dex --num-threads=4 --multi-dex --output E:\Android\CalorieCounter\app\build\intermediates\transforms\dex\debug\folders\1000\10\com.android.support-design-23.2.1_2a94e4507ec2bfa02df0223d8ec37cf5629c4adb E:\Android\CalorieCounter\app\build\intermediates\exploded-aar\com.android.support\design\23.2.1\jars\classes.jar
java_class_path (initial): E:\QMDownload\SDK\build-tools\23.0.3\lib\dx.jar
Launcher Type: SUN_STANDARD

Environment Variables:
PATH=X:\ProgramData\Oracle\Java\javapath;X:\Windows\system32;X:\Windows;X:\Windows\System32\Wbem;X:\Windows\System32\WindowsPowerShell\v1.0\;X:\Program Files (x86)\ATI Technologies\ATI.ACE\Core-Static;D:\Program Files\MATLAB\R2013a\runtime\win64;D:\Program Files\MATLAB\R2013a\bin;X:\Program Files\Java\jdk1.8.0_73\bin;D:\Python27;X:\Program Files (x86)\MySQL\MySQL Fabric 1.5 & MySQL Utilities 1.5\;X:\Program Files (x86)\MySQL\MySQL Fabric 1.5 & MySQL Utilities 1.5\Doctrine extensions for PHP\
USERNAME=Õı…≠
OS=Windows_NT
PROCESSOR_IDENTIFIER=Intel64 Family 6 Model 60 Stepping 3, GenuineIntel



---------------  S Y S T E M  ---------------

OS: Windows 10.0 , 64 bit Build 10586 (10.0.10586.0)

CPU:total 4 (4 cores per cpu, 1 threads per core) family 6 model 60 stepping 3, cmov, cx8, fxsr, mmx, sse, sse2, sse3, ssse3, sse4.1, sse4.2, popcnt, avx, avx2, aes, clmul, erms, lzcnt, tsc, tscinvbit, bmi1, bmi2

Memory: 4k page, physical 8315044k(1861436k free), swap 8315044k(5912k free)

vm_info: Java HotSpot(TM) 64-Bit Server VM (25.73-b02) for windows-amd64 JRE (1.8.0_73-b02), built on Jan 29 2016 17:38:49 by "java_re" with MS VC++ 10.0 (VS2010)

time: Thu Apr 21 21:10:41 2016
elapsed time: 3 seconds (0d 0h 0m 3s)

