#
# There is insufficient memory for the Java Runtime Environment to continue.
# Native memory allocation (malloc) failed to allocate 717536 bytes for Chunk::new
# Possible reasons:
#   The system is out of physical RAM or swap space
#   In 32 bit mode, the process size limit was hit
# Possible solutions:
#   Reduce memory load on the system
#   Increase physical memory or swap space
#   Check if swap backing store is full
#   Use 64 bit Java on a 64 bit OS
#   Decrease Java heap size (-Xmx/-Xms)
#   Decrease number of Java threads
#   Decrease Java thread stack sizes (-Xss)
#   Set larger code cache with -XX:ReservedCodeCacheSize=
# This output file may be truncated or incomplete.
#
#  Out of Memory Error (allocation.cpp:390), pid=7936, tid=15592
#
# JRE version: Java(TM) SE Runtime Environment (8.0_73-b02) (build 1.8.0_73-b02)
# Java VM: Java HotSpot(TM) 64-Bit Server VM (25.73-b02 mixed mode windows-amd64 compressed oops)
# Failed to write core dump. Minidumps are not enabled by default on client versions of Windows
#

---------------  T H R E A D  ---------------

Current thread (0x000000001741c000):  JavaThread "C2 CompilerThread1" daemon [_thread_in_native, id=15592, stack(0x0000000018a10000,0x0000000018b10000)]

Stack: [0x0000000018a10000,0x0000000018b10000]
[error occurred during error reporting (printing stack bounds), id 0xc0000005]

Native frames: (J=compiled Java code, j=interpreted, Vv=VM code, C=native code)


Current CompileTask:
C2:   1802 1189       4       com.android.dx.ssa.SCCP::simulatePhi (169 bytes)


---------------  P R O C E S S  ---------------

Java Threads: ( => current thread )
  0x0000000018d56000 JavaThread "pool-2-thread-4" [_thread_blocked, id=11500, stack(0x0000000019610000,0x0000000019710000)]
  0x0000000018c71000 JavaThread "pool-2-thread-3" [_thread_blocked, id=448, stack(0x0000000019510000,0x0000000019610000)]
  0x0000000018c6a000 JavaThread "pool-2-thread-2" [_thread_blocked, id=19064, stack(0x0000000019410000,0x0000000019510000)]
  0x0000000018c44000 JavaThread "pool-3-thread-1" [_thread_blocked, id=3860, stack(0x0000000019310000,0x0000000019410000)]
  0x0000000018c43000 JavaThread "pool-2-thread-1" [_thread_blocked, id=2696, stack(0x0000000019210000,0x0000000019310000)]
  0x0000000018b6e000 JavaThread "Service Thread" daemon [_thread_blocked, id=14984, stack(0x0000000019010000,0x0000000019110000)]
  0x0000000018b65800 JavaThread "C1 CompilerThread2" daemon [_thread_blocked, id=32, stack(0x0000000018f10000,0x0000000019010000)]
=>0x000000001741c000 JavaThread "C2 CompilerThread1" daemon [_thread_in_native, id=15592, stack(0x0000000018a10000,0x0000000018b10000)]
  0x00000000173cc000 JavaThread "C2 CompilerThread0" daemon [_thread_blocked, id=18468, stack(0x0000000018910000,0x0000000018a10000)]
  0x00000000173ca800 JavaThread "Attach Listener" daemon [_thread_blocked, id=13300, stack(0x0000000018810000,0x0000000018910000)]
  0x0000000017418800 JavaThread "Signal Dispatcher" daemon [_thread_blocked, id=15992, stack(0x0000000018710000,0x0000000018810000)]
  0x0000000002790800 JavaThread "Finalizer" daemon [_thread_blocked, id=10156, stack(0x0000000018610000,0x0000000018710000)]
  0x000000000278d000 JavaThread "Reference Handler" daemon [_thread_blocked, id=852, stack(0x0000000018510000,0x0000000018610000)]
  0x00000000026a0800 JavaThread "main" [_thread_in_native, id=4624, stack(0x00000000025a0000,0x00000000026a0000)]

Other Threads:
  0x0000000017388000 VMThread [stack: 0x0000000018410000,0x0000000018510000] [id=3500]
  0x0000000018b87000 WatcherThread [stack: 0x0000000019110000,0x0000000019210000] [id=15036]

VM state:not at safepoint (normal execution)

VM Mutex/Monitor currently owned by a thread: None

Heap:
 PSYoungGen      total 38400K, used 25961K [0x00000000d5580000, 0x00000000d8000000, 0x0000000100000000)
  eden space 33280K, 78% used [0x00000000d5580000,0x00000000d6eda4d0,0x00000000d7600000)
  from space 5120K, 0% used [0x00000000d7b00000,0x00000000d7b00000,0x00000000d8000000)
  to   space 5120K, 0% used [0x00000000d7600000,0x00000000d7600000,0x00000000d7b00000)
 ParOldGen       total 87552K, used 0K [0x0000000080000000, 0x0000000085580000, 0x00000000d5580000)
  object space 87552K, 0% used [0x0000000080000000,0x0000000080000000,0x0000000085580000)
 Metaspace       used 5771K, capacity 6832K, committed 7040K, reserved 1056768K
  class space    used 584K, capacity 616K, committed 640K, reserved 1048576K

Card table byte_map: [0x0000000011b60000,0x0000000011f70000] byte_map_base: 0x0000000011760000

Marking Bits: (ParMarkBitMap*) 0x000000005df00600
 Begin Bits: [0x0000000012620000, 0x0000000014620000)
 End Bits:   [0x0000000014620000, 0x0000000016620000)

Polling page: 0x00000000001f0000

CodeCache: size=245760Kb used=4743Kb max_used=4743Kb free=241016Kb
 bounds [0x00000000027a0000, 0x0000000002c50000, 0x00000000117a0000]
 total_blobs=1465 nmethods=1201 adapters=177
 compilation: enabled

Compilation events (10 events):
Event: 1.760 Thread 0x0000000018b65800 nmethod 1197 0x0000000002c309d0 code [0x0000000002c30b40, 0x0000000002c30d50]
Event: 1.761 Thread 0x0000000018b65800 1198  s    3       com.android.dx.dex.file.TypeIdsSection::intern (60 bytes)
Event: 1.762 Thread 0x0000000018b65800 nmethod 1198 0x0000000002c30dd0 code [0x0000000002c31000, 0x0000000002c31cc8]
Event: 1.763 Thread 0x00000000173cc000 nmethod 1191 0x0000000002c35610 code [0x0000000002c357a0, 0x0000000002c35e68]
Event: 1.763 Thread 0x0000000018b65800 1199       3       com.android.dx.cf.iface.StdMethodList::get (9 bytes)
Event: 1.763 Thread 0x0000000018b65800 nmethod 1199 0x0000000002c350d0 code [0x0000000002c35240, 0x0000000002c35548]
Event: 1.763 Thread 0x0000000018b65800 1201       3       com.android.dx.cf.code.ConcreteMethod::makeSourcePosistion (21 bytes)
Event: 1.763 Thread 0x0000000018b65800 nmethod 1201 0x0000000002c34b90 code [0x0000000002c34d00, 0x0000000002c34fb8]
Event: 1.763 Thread 0x0000000018b65800 1200       3       com.android.dx.rop.code.AccessFlags::isPrivate (12 bytes)
Event: 1.764 Thread 0x0000000018b65800 nmethod 1200 0x0000000002c34810 code [0x0000000002c34960, 0x0000000002c34af0]

GC Heap History (0 events):
No events

Deoptimization events (10 events):
Event: 0.940 Thread 0x00000000026a0800 Uncommon trap: reason=unstable_if action=reinterpret pc=0x0000000002990138 method=com.android.dx.rop.cst.CstFieldRef.compareTo0(Lcom/android/dx/rop/cst/Constant;)I @ 7
Event: 1.177 Thread 0x0000000018d56000 Uncommon trap: reason=unstable_if action=reinterpret pc=0x00000000029fe644 method=java.util.HashMap.getNode(ILjava/lang/Object;)Ljava/util/HashMap$Node; @ 62
Event: 1.262 Thread 0x00000000026a0800 Uncommon trap: reason=unstable_if action=reinterpret pc=0x0000000002938c00 method=java.lang.String.<init>([CII)V @ 18
Event: 1.339 Thread 0x00000000026a0800 Uncommon trap: reason=unloaded action=reinterpret pc=0x0000000002a5ab60 method=com.android.dx.cf.cst.ConstantPoolParser.parse0(ILjava/util/BitSet;)Lcom/android/dx/rop/cst/Constant; @ 475
Event: 1.361 Thread 0x0000000018d56000 Uncommon trap: reason=class_check action=maybe_recompile pc=0x0000000002adb148 method=com.android.dx.ssa.SsaBasicBlock.forEachInsn(Lcom/android/dx/ssa/SsaInsn$Visitor;)V @ 23
Event: 1.362 Thread 0x0000000018d56000 Uncommon trap: reason=class_check action=maybe_recompile pc=0x0000000002adb148 method=com.android.dx.ssa.SsaBasicBlock.forEachInsn(Lcom/android/dx/ssa/SsaInsn$Visitor;)V @ 23
Event: 1.362 Thread 0x0000000018d56000 Uncommon trap: reason=class_check action=maybe_recompile pc=0x0000000002adb148 method=com.android.dx.ssa.SsaBasicBlock.forEachInsn(Lcom/android/dx/ssa/SsaInsn$Visitor;)V @ 23
Event: 1.362 Thread 0x0000000018d56000 Uncommon trap: reason=class_check action=maybe_recompile pc=0x0000000002adb148 method=com.android.dx.ssa.SsaBasicBlock.forEachInsn(Lcom/android/dx/ssa/SsaInsn$Visitor;)V @ 23
Event: 1.437 Thread 0x0000000018c43000 Uncommon trap: reason=unstable_if action=reinterpret pc=0x000000000295ff9c method=com.android.dx.rop.cst.Constant.compareTo(Lcom/android/dx/rop/cst/Constant;)I @ 12
Event: 1.633 Thread 0x0000000018c43000 Uncommon trap: reason=class_check action=maybe_recompile pc=0x0000000002b14254 method=com.android.dx.ssa.NormalSsaInsn.accept(Lcom/android/dx/ssa/SsaInsn$Visitor;)V @ 9

Internal exceptions (2 events):
Event: 0.030 Thread 0x00000000026a0800 Exception <a 'java/lang/NoSuchMethodError': Method sun.misc.Unsafe.defineClass(Ljava/lang/String;[BII)Ljava/lang/Class; name or signature does not match> (0x00000000d5593090) thrown at [D:\re\puppet\workspace\8-2-build-windows-amd64-cygwin\jdk8u73\6086\hotýçKPŸ?
Event: 0.030 Thread 0x00000000026a0800 Exception <a 'java/lang/NoSuchMethodError': Method sun.misc.Unsafe.prefetchRead(Ljava/lang/Object;J)V name or signature does not match> (0x00000000d5593378) thrown at [D:\re\puppet\workspace\8-2-build-windows-amd64-cygwin\jdk8u73\6086\hotspot\src\share\vm\

Events (10 events):
Event: 1.633 loading class java/util/TreeMap$EntrySet done
Event: 1.633 loading class java/util/TreeMap$EntryIterator
Event: 1.633 loading class java/util/TreeMap$EntryIterator done
Event: 1.633 Executing VM operation: Deoptimize
Event: 1.633 Executing VM operation: Deoptimize done
Event: 1.633 Thread 0x0000000018c43000 Uncommon trap: trap_request=0xffffffde fr.pc=0x0000000002b14254
Event: 1.633 Thread 0x0000000018c43000 DEOPT PACKING pc=0x0000000002b14254 sp=0x000000001930e9c0
Event: 1.633 Thread 0x0000000018c43000 DEOPT UNPACKING pc=0x00000000027e582a sp=0x000000001930e900 mode 2
Event: 1.644 loading class com/android/dx/cf/code/SwitchList
Event: 1.644 loading class com/android/dx/cf/code/SwitchList done


Dynamic libraries:
0x00007ff7f8750000 - 0x00007ff7f8787000 	X:\Program Files\Java\jdk1.8.0_73\bin\java.exe
0x00007ffae65e0000 - 0x00007ffae67a1000 	X:\Windows\SYSTEM32\ntdll.dll
0x00007ffae39e0000 - 0x00007ffae3a8d000 	X:\Windows\system32\KERNEL32.DLL
0x00007ffae3420000 - 0x00007ffae3608000 	X:\Windows\system32\KERNELBASE.dll
0x00007ffae5290000 - 0x00007ffae5337000 	X:\Windows\system32\ADVAPI32.dll
0x00007ffae6300000 - 0x00007ffae639d000 	X:\Windows\system32\msvcrt.dll
0x00007ffae61d0000 - 0x00007ffae622b000 	X:\Windows\system32\sechost.dll
0x00007ffae5830000 - 0x00007ffae594c000 	X:\Windows\system32\RPCRT4.dll
0x00007ffae5950000 - 0x00007ffae5aa6000 	X:\Windows\system32\USER32.dll
0x00007ffae56a0000 - 0x00007ffae5826000 	X:\Windows\system32\GDI32.dll
0x00007ffadd050000 - 0x00007ffadd2c4000 	X:\Windows\WinSxS\amd64_microsoft.windows.common-controls_6595b64144ccf1df_6.0.10586.0_none_8c15ae12515e1c22\COMCTL32.dll
0x00007ffae5ab0000 - 0x00007ffae5d2d000 	X:\Windows\system32\combase.dll
0x00007ffae3330000 - 0x00007ffae339a000 	X:\Windows\system32\bcryptPrimitives.dll
0x00007ffae4ff0000 - 0x00007ffae502b000 	X:\Windows\system32\IMM32.DLL
0x000000005d270000 - 0x000000005d342000 	X:\Program Files\Java\jdk1.8.0_73\jre\bin\msvcr100.dll
0x000000005d6f0000 - 0x000000005df80000 	X:\Program Files\Java\jdk1.8.0_73\jre\bin\server\jvm.dll
0x00007ffae65d0000 - 0x00007ffae65d8000 	X:\Windows\system32\PSAPI.DLL
0x00007ffae0cb0000 - 0x00007ffae0cb9000 	X:\Windows\SYSTEM32\WSOCK32.dll
0x00007ffae6160000 - 0x00007ffae61cb000 	X:\Windows\system32\WS2_32.dll
0x00007ffae0ef0000 - 0x00007ffae0f13000 	X:\Windows\SYSTEM32\WINMM.dll
0x00007ffadf760000 - 0x00007ffadf76a000 	X:\Windows\SYSTEM32\VERSION.dll
0x00007ffae0e80000 - 0x00007ffae0eac000 	X:\Windows\SYSTEM32\WINMMBASE.dll
0x00007ffae2c90000 - 0x00007ffae2cd3000 	X:\Windows\system32\cfgmgr32.dll
0x000000005d6e0000 - 0x000000005d6ef000 	X:\Program Files\Java\jdk1.8.0_73\jre\bin\verify.dll
0x000000005d6b0000 - 0x000000005d6d9000 	X:\Program Files\Java\jdk1.8.0_73\jre\bin\java.dll
0x000000005d690000 - 0x000000005d6a6000 	X:\Program Files\Java\jdk1.8.0_73\jre\bin\zip.dll
0x00007ffae3a90000 - 0x00007ffae4fec000 	X:\Windows\system32\SHELL32.dll
0x00007ffae2ce0000 - 0x00007ffae3325000 	X:\Windows\system32\windows.storage.dll
0x00007ffae6460000 - 0x00007ffae64b2000 	X:\Windows\system32\shlwapi.dll
0x00007ffae2c80000 - 0x00007ffae2c8f000 	X:\Windows\system32\kernel.appcore.dll
0x00007ffae3750000 - 0x00007ffae3805000 	X:\Windows\system32\shcore.dll
0x00007ffae2c00000 - 0x00007ffae2c4b000 	X:\Windows\system32\powrprof.dll
0x00007ffae2c60000 - 0x00007ffae2c74000 	X:\Windows\system32\profapi.dll

VM Arguments:
jvm_args: -Djava.awt.headless=true -Xmx2g -Dfile.encoding=GBK -Duser.country=CN -Duser.language=zh -Duser.variant 
java_command: com.android.dx.command.Main --dex --num-threads=4 --multi-dex --output E:\Android\CalorieCounter\app\build\intermediates\transforms\dex\debug\folders\1000\1\debug_c12e9ece3e3c2bd2b03ef862e6ab9486fb6796ba E:\Android\CalorieCounter\app\build\intermediates\classes\debug
java_class_path (initial): E:\QMDownload\SDK\build-tools\23.0.3\lib\dx.jar
Launcher Type: SUN_STANDARD

Environment Variables:
PATH=X:\ProgramData\Oracle\Java\javapath;X:\Windows\system32;X:\Windows;X:\Windows\System32\Wbem;X:\Windows\System32\WindowsPowerShell\v1.0\;X:\Program Files (x86)\ATI Technologies\ATI.ACE\Core-Static;D:\Program Files\MATLAB\R2013a\runtime\win64;D:\Program Files\MATLAB\R2013a\bin;X:\Program Files\Java\jdk1.8.0_73\bin;D:\Python27;X:\Program Files (x86)\MySQL\MySQL Fabric 1.5 & MySQL Utilities 1.5\;X:\Program Files (x86)\MySQL\MySQL Fabric 1.5 & MySQL Utilities 1.5\Doctrine extensions for PHP\;E:\QMDownload\SDK\platform-tools
USERNAME=ÍõÉ­
OS=Windows_NT
PROCESSOR_IDENTIFIER=Intel64 Family 6 Model 60 Stepping 3, GenuineIntel



---------------  S Y S T E M  ---------------

OS: Windows 10.0 , 64 bit Build 10586 (10.0.10586.0)

CPU:total 4 (4 cores per cpu, 1 threads per core) family 6 model 60 stepping 3, cmov, cx8, fxsr, mmx, sse, sse2, sse3, ssse3, sse4.1, sse4.2, popcnt, avx, avx2, aes, clmul, erms, lzcnt, tsc, tscinvbit, bmi1, bmi2

Memory: 4k page, physical 8315044k(2073476k free), swap 8315044k(5576k free)

vm_info: Java HotSpot(TM) 64-Bit Server VM (25.73-b02) for windows-amd64 JRE (1.8.0_73-b02), built on Jan 29 2016 17:38:49 by "java_re" with MS VC++ 10.0 (VS2010)

time: Fri Apr 22 16:42:28 2016
elapsed time: 1 seconds (0d 0h 0m 1s)

