#
# There is insufficient memory for the Java Runtime Environment to continue.
# Native memory allocation (malloc) failed to allocate 32784 bytes for Chunk::new
# Possible reasons:
#   The system is out of physical RAM or swap space
#   In 32 bit mode, the process size limit was hit
# Possible solutions:
#   Reduce memory load on the system
#   Increase physical memory or swap space
#   Check if swap backing store is full
#   Use 64 bit Java on a 64 bit OS
#   Decrease Java heap size (-Xmx/-Xms)
#   Decrease number of Java threads
#   Decrease Java thread stack sizes (-Xss)
#   Set larger code cache with -XX:ReservedCodeCacheSize=
# This output file may be truncated or incomplete.
#
#  Out of Memory Error (allocation.cpp:390), pid=2424, tid=22324
#
# JRE version: Java(TM) SE Runtime Environment (8.0_73-b02) (build 1.8.0_73-b02)
# Java VM: Java HotSpot(TM) 64-Bit Server VM (25.73-b02 mixed mode windows-amd64 compressed oops)
# Failed to write core dump. Minidumps are not enabled by default on client versions of Windows
#

---------------  T H R E A D  ---------------

Current thread (0x000000001bdbe000):  JavaThread "C2 CompilerThread1" daemon [_thread_in_native, id=22324, stack(0x000000001d810000,0x000000001d910000)]

Stack: [0x000000001d810000,0x000000001d910000]
[error occurred during error reporting (printing stack bounds), id 0xc0000005]

Native frames: (J=compiled Java code, j=interpreted, Vv=VM code, C=native code)


Current CompileTask:
C2:    886  809       4       com.android.dx.ssa.back.LivenessAnalyzer::handleTailRecursion (94 bytes)


---------------  P R O C E S S  ---------------

Java Threads: ( => current thread )
  0x000000001d62a000 JavaThread "pool-2-thread-4" [_thread_blocked, id=8356, stack(0x000000001e010000,0x000000001e110000)]
  0x000000001d5a8800 JavaThread "pool-2-thread-3" [_thread_in_Java, id=8100, stack(0x000000001df10000,0x000000001e010000)]
  0x000000001d5a6000 JavaThread "pool-2-thread-2" [_thread_in_Java, id=8648, stack(0x000000001de10000,0x000000001df10000)]
  0x000000001d5a2800 JavaThread "pool-3-thread-1" [_thread_blocked, id=21544, stack(0x000000001dd10000,0x000000001de10000)]
  0x000000001d5a2000 JavaThread "pool-2-thread-1" [_thread_blocked, id=12092, stack(0x000000001dc10000,0x000000001dd10000)]
  0x000000001d470800 JavaThread "Service Thread" daemon [_thread_blocked, id=23024, stack(0x000000001da10000,0x000000001db10000)]
  0x000000001d46b000 JavaThread "C1 CompilerThread2" daemon [_thread_in_native, id=11924, stack(0x000000001d910000,0x000000001da10000)]
=>0x000000001bdbe000 JavaThread "C2 CompilerThread1" daemon [_thread_in_native, id=22324, stack(0x000000001d810000,0x000000001d910000)]
  0x000000001bdbb000 JavaThread "C2 CompilerThread0" daemon [_thread_blocked, id=9040, stack(0x000000001d310000,0x000000001d410000)]
  0x000000001bd6e800 JavaThread "Attach Listener" daemon [_thread_blocked, id=18228, stack(0x000000001d210000,0x000000001d310000)]
  0x000000001bd58000 JavaThread "Signal Dispatcher" daemon [_thread_blocked, id=12904, stack(0x000000001d110000,0x000000001d210000)]
  0x0000000002636000 JavaThread "Finalizer" daemon [_thread_blocked, id=8500, stack(0x000000001cfb0000,0x000000001d0b0000)]
  0x000000000262d000 JavaThread "Reference Handler" daemon [_thread_blocked, id=9744, stack(0x000000001ceb0000,0x000000001cfb0000)]
  0x0000000002541000 JavaThread "main" [_thread_blocked, id=15236, stack(0x0000000002440000,0x0000000002540000)]

Other Threads:
  0x000000001bd28000 VMThread [stack: 0x000000001cdb0000,0x000000001ceb0000] [id=12824]
  0x000000001d4da000 WatcherThread [stack: 0x000000001db10000,0x000000001dc10000] [id=8260]

VM state:not at safepoint (normal execution)

VM Mutex/Monitor currently owned by a thread: None

Heap:
 PSYoungGen      total 38400K, used 20247K [0x000000076ab00000, 0x000000076d580000, 0x00000007c0000000)
  eden space 33280K, 60% used [0x000000076ab00000,0x000000076bec5d18,0x000000076cb80000)
  from space 5120K, 0% used [0x000000076d080000,0x000000076d080000,0x000000076d580000)
  to   space 5120K, 0% used [0x000000076cb80000,0x000000076cb80000,0x000000076d080000)
 ParOldGen       total 87552K, used 0K [0x00000006c0000000, 0x00000006c5580000, 0x000000076ab00000)
  object space 87552K, 0% used [0x00000006c0000000,0x00000006c0000000,0x00000006c5580000)
 Metaspace       used 5847K, capacity 6772K, committed 7040K, reserved 1056768K
  class space    used 598K, capacity 620K, committed 640K, reserved 1048576K

Card table byte_map: [0x0000000011a00000,0x0000000012210000] byte_map_base: 0x000000000e400000

Marking Bits: (ParMarkBitMap*) 0x0000000064400600
 Begin Bits: [0x0000000012b70000, 0x0000000016b70000)
 End Bits:   [0x0000000016b70000, 0x000000001ab70000)

Polling page: 0x00000000001f0000

CodeCache: size=245760Kb used=3345Kb max_used=3345Kb free=242414Kb
 bounds [0x0000000002640000, 0x0000000002990000, 0x0000000011640000]
 total_blobs=1109 nmethods=838 adapters=184
 compilation: enabled

Compilation events (10 events):
Event: 0.884 Thread 0x000000001d46b000 nmethod 837 0x000000000297f5d0 code [0x000000000297f720, 0x000000000297f870]
Event: 0.884 Thread 0x000000001d46b000  831       3       com.android.dx.ssa.back.SsaToRop$PhiVisitor::<init> (10 bytes)
Event: 0.884 Thread 0x000000001d46b000 nmethod 831 0x000000000297f910 code [0x000000000297fa60, 0x000000000297fc30]
Event: 0.884 Thread 0x000000001d46b000  832       3       java.util.ArrayList$SubList::removeRange (47 bytes)
Event: 0.885 Thread 0x000000001d46b000 nmethod 832 0x000000000297fcd0 code [0x000000000297fe60, 0x00000000029801f8]
Event: 0.885 Thread 0x000000001d46b000  833       3       com.android.dx.ssa.SsaBasicBlock::removeAllPhiInsns (18 bytes)
Event: 0.885 Thread 0x000000001d46b000 nmethod 833 0x00000000029803d0 code [0x00000000029805a0, 0x0000000002980b48]
Event: 0.885 Thread 0x000000001d46b000  835       3       java.util.AbstractList::clear (10 bytes)
Event: 0.885 Thread 0x000000001d46b000 nmethod 835 0x0000000002980ed0 code [0x0000000002981040, 0x0000000002981318]
Event: 0.885 Thread 0x000000001d46b000  845   !   3       com.android.dx.cf.code.ExecutionStack::push (102 bytes)

GC Heap History (0 events):
No events

Deoptimization events (3 events):
Event: 0.724 Thread 0x000000001d5a8800 Uncommon trap: reason=unstable_if action=reinterpret pc=0x000000000284ee18 method=java.util.HashMap.getNode(ILjava/lang/Object;)Ljava/util/HashMap$Node; @ 129
Event: 0.730 Thread 0x000000001d5a6000 Uncommon trap: reason=unstable_if action=reinterpret pc=0x000000000285b3f4 method=java.util.BitSet.nextSetBit(I)I @ 87
Event: 0.768 Thread 0x000000001d5a6000 Uncommon trap: reason=unstable_if action=reinterpret pc=0x0000000002880970 method=java.util.BitSet.ensureCapacity(I)V @ 6

Internal exceptions (2 events):
Event: 0.040 Thread 0x0000000002541000 Exception <a 'java/lang/NoSuchMethodError': Method sun.misc.Unsafe.defineClass(Ljava/lang/String;[BII)Ljava/lang/Class; name or signature does not match> (0x000000076ab13090) thrown at [D:\re\puppet\workspace\8-2-build-windows-amd64-cygwin\jdk8u73\6086\hotÖ‚ú-•ù§?
Event: 0.040 Thread 0x0000000002541000 Exception <a 'java/lang/NoSuchMethodError': Method sun.misc.Unsafe.prefetchRead(Ljava/lang/Object;J)V name or signature does not match> (0x000000076ab13378) thrown at [D:\re\puppet\workspace\8-2-build-windows-amd64-cygwin\jdk8u73\6086\hotspot\src\share\vm\

Events (10 events):
Event: 0.768 Thread 0x000000001d5a6000 DEOPT PACKING pc=0x0000000002880970 sp=0x000000001df0e830
Event: 0.768 Thread 0x000000001d5a6000 DEOPT UNPACKING pc=0x000000000268582a sp=0x000000001df0e770 mode 2
Event: 0.770 Executing VM operation: ForceSafepoint
Event: 0.777 Executing VM operation: ForceSafepoint done
Event: 0.781 loading class com/android/dx/cf/code/SwitchList
Event: 0.781 loading class com/android/dx/cf/code/SwitchList done
Event: 0.829 loading class java/util/HashMap$KeySet
Event: 0.829 loading class java/util/HashMap$KeySet done
Event: 0.829 loading class java/util/HashMap$KeyIterator
Event: 0.830 loading class java/util/HashMap$KeyIterator done


Dynamic libraries:
0x00007ff79cf10000 - 0x00007ff79cf47000 	X:\Program Files\Java\jdk1.8.0_73\bin\java.exe
0x00007ffa94180000 - 0x00007ffa94341000 	X:\Windows\SYSTEM32\ntdll.dll
0x00007ffa91d90000 - 0x00007ffa91e3d000 	X:\Windows\system32\KERNEL32.DLL
0x00007ffa90ba0000 - 0x00007ffa90d88000 	X:\Windows\system32\KERNELBASE.dll
0x00007ffa91e40000 - 0x00007ffa91ee7000 	X:\Windows\system32\ADVAPI32.dll
0x00007ffa91af0000 - 0x00007ffa91b8d000 	X:\Windows\system32\msvcrt.dll
0x00007ffa91840000 - 0x00007ffa9189b000 	X:\Windows\system32\sechost.dll
0x00007ffa91580000 - 0x00007ffa9169c000 	X:\Windows\system32\RPCRT4.dll
0x00007ffa93ad0000 - 0x00007ffa93c26000 	X:\Windows\system32\USER32.dll
0x00007ffa91c00000 - 0x00007ffa91d86000 	X:\Windows\system32\GDI32.dll
0x00007ffa89e50000 - 0x00007ffa8a0c4000 	X:\Windows\WinSxS\amd64_microsoft.windows.common-controls_6595b64144ccf1df_6.0.10586.0_none_8c15ae12515e1c22\COMCTL32.dll
0x00007ffa92100000 - 0x00007ffa9237d000 	X:\Windows\system32\combase.dll
0x00007ffa90b30000 - 0x00007ffa90b9a000 	X:\Windows\system32\bcryptPrimitives.dll
0x00007ffa92380000 - 0x00007ffa923bb000 	X:\Windows\system32\IMM32.DLL
0x0000000063b10000 - 0x0000000063be2000 	X:\Program Files\Java\jdk1.8.0_73\jre\bin\msvcr100.dll
0x0000000063bf0000 - 0x0000000064480000 	X:\Program Files\Java\jdk1.8.0_73\jre\bin\server\jvm.dll
0x00007ffa918a0000 - 0x00007ffa918a8000 	X:\Windows\system32\PSAPI.DLL
0x00007ffa8b570000 - 0x00007ffa8b579000 	X:\Windows\SYSTEM32\WSOCK32.dll
0x00007ffa916a0000 - 0x00007ffa9170b000 	X:\Windows\system32\WS2_32.dll
0x00007ffa8e890000 - 0x00007ffa8e8b3000 	X:\Windows\SYSTEM32\WINMM.dll
0x00007ffa8d5f0000 - 0x00007ffa8d5fa000 	X:\Windows\SYSTEM32\VERSION.dll
0x00007ffa8e5b0000 - 0x00007ffa8e5dc000 	X:\Windows\SYSTEM32\WINMMBASE.dll
0x00007ffa90910000 - 0x00007ffa90953000 	X:\Windows\system32\cfgmgr32.dll
0x0000000064a90000 - 0x0000000064a9f000 	X:\Program Files\Java\jdk1.8.0_73\jre\bin\verify.dll
0x0000000063aa0000 - 0x0000000063ac9000 	X:\Program Files\Java\jdk1.8.0_73\jre\bin\java.dll
0x0000000063a80000 - 0x0000000063a96000 	X:\Program Files\Java\jdk1.8.0_73\jre\bin\zip.dll
0x00007ffa92570000 - 0x00007ffa93acc000 	X:\Windows\system32\SHELL32.dll
0x00007ffa90d90000 - 0x00007ffa913d5000 	X:\Windows\system32\windows.storage.dll
0x00007ffa91a70000 - 0x00007ffa91ac2000 	X:\Windows\system32\shlwapi.dll
0x00007ffa907d0000 - 0x00007ffa907df000 	X:\Windows\system32\kernel.appcore.dll
0x00007ffa90830000 - 0x00007ffa908e5000 	X:\Windows\system32\shcore.dll
0x00007ffa907e0000 - 0x00007ffa9082b000 	X:\Windows\system32\powrprof.dll
0x00007ffa907b0000 - 0x00007ffa907c4000 	X:\Windows\system32\profapi.dll

VM Arguments:
jvm_args: -Djava.awt.headless=true -Xmx4g -Dfile.encoding=GBK -Duser.country=CN -Duser.language=zh -Duser.variant 
java_command: com.android.dx.command.Main --dex --num-threads=4 --multi-dex --output E:\Android\CalorieCounter\app\build\intermediates\transforms\dex\debug\folders\1000\2\Base64_644748da9f2587c04bd6c2a7f7f2f5832370bc2f E:\Android\CalorieCounter\app\libs\Base64.jar
java_class_path (initial): E:\QMDownload\SDK\build-tools\23.0.3\lib\dx.jar
Launcher Type: SUN_STANDARD

Environment Variables:
PATH=X:\ProgramData\Oracle\Java\javapath;X:\Windows\system32;X:\Windows;X:\Windows\System32\Wbem;X:\Windows\System32\WindowsPowerShell\v1.0\;X:\Program Files (x86)\ATI Technologies\ATI.ACE\Core-Static;D:\Program Files\MATLAB\R2013a\runtime\win64;D:\Program Files\MATLAB\R2013a\bin;X:\Program Files\Java\jdk1.8.0_73\bin;D:\Python27;X:\Program Files (x86)\MySQL\MySQL Fabric 1.5 & MySQL Utilities 1.5\;X:\Program Files (x86)\MySQL\MySQL Fabric 1.5 & MySQL Utilities 1.5\Doctrine extensions for PHP\
USERNAME=Õı…≠
OS=Windows_NT
PROCESSOR_IDENTIFIER=Intel64 Family 6 Model 60 Stepping 3, GenuineIntel



---------------  S Y S T E M  ---------------

OS: Windows 10.0 , 64 bit Build 10586 (10.0.10586.0)

CPU:total 4 (4 cores per cpu, 1 threads per core) family 6 model 60 stepping 3, cmov, cx8, fxsr, mmx, sse, sse2, sse3, ssse3, sse4.1, sse4.2, popcnt, avx, avx2, aes, clmul, erms, lzcnt, tsc, tscinvbit, bmi1, bmi2

Memory: 4k page, physical 8315044k(1987564k free), swap 8315044k(3088k free)

vm_info: Java HotSpot(TM) 64-Bit Server VM (25.73-b02) for windows-amd64 JRE (1.8.0_73-b02), built on Jan 29 2016 17:38:49 by "java_re" with MS VC++ 10.0 (VS2010)

time: Thu Apr 21 22:11:15 2016
elapsed time: 0 seconds (0d 0h 0m 0s)

