#
# There is insufficient memory for the Java Runtime Environment to continue.
# Native memory allocation (malloc) failed to allocate 937616 bytes for Chunk::new
# Possible reasons:
#   The system is out of physical RAM or swap space
#   In 32 bit mode, the process size limit was hit
# Possible solutions:
#   Reduce memory load on the system
#   Increase physical memory or swap space
#   Check if swap backing store is full
#   Use 64 bit Java on a 64 bit OS
#   Decrease Java heap size (-Xmx/-Xms)
#   Decrease number of Java threads
#   Decrease Java thread stack sizes (-Xss)
#   Set larger code cache with -XX:ReservedCodeCacheSize=
# This output file may be truncated or incomplete.
#
#  Out of Memory Error (allocation.cpp:390), pid=14952, tid=13572
#
# JRE version: Java(TM) SE Runtime Environment (8.0_73-b02) (build 1.8.0_73-b02)
# Java VM: Java HotSpot(TM) 64-Bit Server VM (25.73-b02 mixed mode windows-amd64 compressed oops)
# Failed to write core dump. Minidumps are not enabled by default on client versions of Windows
#

---------------  T H R E A D  ---------------

Current thread (0x00000000172b9000):  JavaThread "C2 CompilerThread0" daemon [_thread_in_native, id=13572, stack(0x00000000187c0000,0x00000000188c0000)]

Stack: [0x00000000187c0000,0x00000000188c0000]
[error occurred during error reporting (printing stack bounds), id 0xc0000005]

Native frames: (J=compiled Java code, j=interpreted, Vv=VM code, C=native code)


Current CompileTask:
C2:   1966 1225       4       com.android.dx.ssa.SCCP::simulateStmt (481 bytes)


---------------  P R O C E S S  ---------------

Java Threads: ( => current thread )
  0x0000000018b72800 JavaThread "pool-2-thread-4" [_thread_in_Java, id=17872, stack(0x00000000194c0000,0x00000000195c0000)]
  0x0000000018ac8800 JavaThread "pool-2-thread-3" [_thread_blocked, id=17864, stack(0x00000000193c0000,0x00000000194c0000)]
  0x0000000018aae800 JavaThread "pool-2-thread-2" [_thread_blocked, id=17884, stack(0x00000000192c0000,0x00000000193c0000)]
  0x0000000018aac000 JavaThread "pool-3-thread-1" [_thread_blocked, id=17868, stack(0x00000000191c0000,0x00000000192c0000)]
  0x0000000018aab000 JavaThread "pool-2-thread-1" [_thread_blocked, id=17988, stack(0x00000000190c0000,0x00000000191c0000)]
  0x000000001891d800 JavaThread "Service Thread" daemon [_thread_blocked, id=17848, stack(0x0000000018ec0000,0x0000000018fc0000)]
  0x000000001891a800 JavaThread "C1 CompilerThread2" daemon [_thread_blocked, id=17856, stack(0x0000000018dc0000,0x0000000018ec0000)]
  0x0000000018917800 JavaThread "C2 CompilerThread1" daemon [_thread_in_native, id=17464, stack(0x0000000018cc0000,0x0000000018dc0000)]
=>0x00000000172b9000 JavaThread "C2 CompilerThread0" daemon [_thread_in_native, id=13572, stack(0x00000000187c0000,0x00000000188c0000)]
  0x000000001726d800 JavaThread "Attach Listener" daemon [_thread_blocked, id=13568, stack(0x00000000186c0000,0x00000000187c0000)]
  0x000000001726c800 JavaThread "Signal Dispatcher" daemon [_thread_blocked, id=13532, stack(0x00000000185c0000,0x00000000186c0000)]
  0x0000000002630800 JavaThread "Finalizer" daemon [_thread_blocked, id=18052, stack(0x00000000184c0000,0x00000000185c0000)]
  0x000000000262d000 JavaThread "Reference Handler" daemon [_thread_blocked, id=19508, stack(0x00000000183c0000,0x00000000184c0000)]
  0x0000000002540800 JavaThread "main" [_thread_blocked, id=9268, stack(0x0000000002440000,0x0000000002540000)]

Other Threads:
  0x0000000017227800 VMThread [stack: 0x00000000182c0000,0x00000000183c0000] [id=15592]
  0x0000000018986000 WatcherThread [stack: 0x0000000018fc0000,0x00000000190c0000] [id=13512]

VM state:not at safepoint (normal execution)

VM Mutex/Monitor currently owned by a thread: None

Heap:
 PSYoungGen      total 38400K, used 18519K [0x00000000d5580000, 0x00000000d8000000, 0x0000000100000000)
  eden space 33280K, 40% used [0x00000000d5580000,0x00000000d6299318,0x00000000d7600000)
  from space 5120K, 99% used [0x00000000d7600000,0x00000000d7afcad8,0x00000000d7b00000)
  to   space 5120K, 0% used [0x00000000d7b00000,0x00000000d7b00000,0x00000000d8000000)
 ParOldGen       total 87552K, used 1745K [0x0000000080000000, 0x0000000085580000, 0x00000000d5580000)
  object space 87552K, 1% used [0x0000000080000000,0x00000000801b4430,0x0000000085580000)
 Metaspace       used 6045K, capacity 6964K, committed 7040K, reserved 1056768K
  class space    used 603K, capacity 620K, committed 640K, reserved 1048576K

Card table byte_map: [0x0000000011a00000,0x0000000011e10000] byte_map_base: 0x0000000011600000

Marking Bits: (ParMarkBitMap*) 0x000000005dcb0600
 Begin Bits: [0x00000000124c0000, 0x00000000144c0000)
 End Bits:   [0x00000000144c0000, 0x00000000164c0000)

Polling page: 0x00000000001f0000

CodeCache: size=245760Kb used=4784Kb max_used=4784Kb free=240975Kb
 bounds [0x0000000002640000, 0x0000000002b00000, 0x0000000011640000]
 total_blobs=1519 nmethods=1248 adapters=184
 compilation: enabled

Compilation events (10 events):
Event: 1.946 Thread 0x000000001891a800 1255       3       com.android.dx.util.MutabilityControl::<init> (10 bytes)
Event: 1.946 Thread 0x000000001891a800 nmethod 1255 0x0000000002aef610 code [0x0000000002aef760, 0x0000000002aef910]
Event: 1.946 Thread 0x000000001891a800 1254       3       com.android.dx.dex.file.MethodIdItem::<init> (6 bytes)
Event: 1.946 Thread 0x000000001891a800 nmethod 1254 0x0000000002aef9d0 code [0x0000000002aefb60, 0x0000000002af0068]
Event: 1.946 Thread 0x000000001891a800 1251       3       com.android.dx.cf.code.OneLocalsArray::merge (22 bytes)
Event: 1.947 Thread 0x000000001891a800 nmethod 1251 0x0000000002af0310 code [0x0000000002af04e0, 0x0000000002af0c18]
Event: 1.947 Thread 0x000000001891a800 1252   !   3       com.android.dx.cf.code.OneLocalsArray::merge (31 bytes)
Event: 1.947 Thread 0x000000001891a800 nmethod 1252 0x0000000002af0e50 code [0x0000000002af1000, 0x0000000002af13c8]
Event: 1.947 Thread 0x000000001891a800 1248       1       com.android.dx.cf.attrib.InnerClassList$Item::getOuterClass (5 bytes)
Event: 1.947 Thread 0x000000001891a800 nmethod 1248 0x0000000002af1550 code [0x0000000002af16a0, 0x0000000002af17b0]

GC Heap History (2 events):
Event: 1.691 GC heap before
{Heap before GC invocations=1 (full 0):
 PSYoungGen      total 38400K, used 33280K [0x00000000d5580000, 0x00000000d8000000, 0x0000000100000000)
  eden space 33280K, 100% used [0x00000000d5580000,0x00000000d7600000,0x00000000d7600000)
  from space 5120K, 0% used [0x00000000d7b00000,0x00000000d7b00000,0x00000000d8000000)
  to   space 5120K, 0% used [0x00000000d7600000,0x00000000d7600000,0x00000000d7b00000)
 ParOldGen       total 87552K, used 0K [0x0000000080000000, 0x0000000085580000, 0x00000000d5580000)
  object space 87552K, 0% used [0x0000000080000000,0x0000000080000000,0x0000000085580000)
 Metaspace       used 5979K, capacity 6900K, committed 7040K, reserved 1056768K
  class space    used 603K, capacity 620K, committed 640K, reserved 1048576K
Event: 1.899 GC heap after
Heap after GC invocations=1 (full 0):
 PSYoungGen      total 38400K, used 5106K [0x00000000d5580000, 0x00000000d8000000, 0x0000000100000000)
  eden space 33280K, 0% used [0x00000000d5580000,0x00000000d5580000,0x00000000d7600000)
  from space 5120K, 99% used [0x00000000d7600000,0x00000000d7afcad8,0x00000000d7b00000)
  to   space 5120K, 0% used [0x00000000d7b00000,0x00000000d7b00000,0x00000000d8000000)
 ParOldGen       total 87552K, used 1745K [0x0000000080000000, 0x0000000085580000, 0x00000000d5580000)
  object space 87552K, 1% used [0x0000000080000000,0x00000000801b4430,0x0000000085580000)
 Metaspace       used 5979K, capacity 6900K, committed 7040K, reserved 1056768K
  class space    used 603K, capacity 620K, committed 640K, reserved 1048576K
}

Deoptimization events (10 events):
Event: 1.251 Thread 0x0000000002540800 Uncommon trap: reason=unstable_if action=reinterpret pc=0x0000000002863bc0 method=java.util.HashMap.getNode(ILjava/lang/Object;)Ljava/util/HashMap$Node; @ 62
Event: 1.292 Thread 0x0000000002540800 Uncommon trap: reason=class_check action=maybe_recompile pc=0x0000000002906314 method=com.android.dx.ssa.NormalSsaInsn.accept(Lcom/android/dx/ssa/SsaInsn$Visitor;)V @ 9
Event: 1.292 Thread 0x0000000002540800 Uncommon trap: reason=class_check action=maybe_recompile pc=0x0000000002904030 method=com.android.dx.ssa.NormalSsaInsn.accept(Lcom/android/dx/ssa/SsaInsn$Visitor;)V @ 9
Event: 1.292 Thread 0x0000000002540800 Uncommon trap: reason=class_check action=maybe_recompile pc=0x0000000002904030 method=com.android.dx.ssa.NormalSsaInsn.accept(Lcom/android/dx/ssa/SsaInsn$Visitor;)V @ 9
Event: 1.292 Thread 0x0000000002540800 Uncommon trap: reason=class_check action=maybe_recompile pc=0x0000000002904030 method=com.android.dx.ssa.NormalSsaInsn.accept(Lcom/android/dx/ssa/SsaInsn$Visitor;)V @ 9
Event: 1.299 Thread 0x0000000018aab000 Uncommon trap: reason=unstable_if action=reinterpret pc=0x00000000028b06b0 method=java.util.BitSet.nextSetBit(I)I @ 87
Event: 1.304 Thread 0x0000000018b72800 Uncommon trap: reason=class_check action=maybe_recompile pc=0x0000000002906314 method=com.android.dx.ssa.NormalSsaInsn.accept(Lcom/android/dx/ssa/SsaInsn$Visitor;)V @ 9
Event: 1.305 Thread 0x0000000018b72800 Uncommon trap: reason=unstable_if action=reinterpret pc=0x000000000293565c method=com.android.dx.rop.cst.Constant.compareTo(Lcom/android/dx/rop/cst/Constant;)I @ 12
Event: 1.349 Thread 0x0000000002540800 Uncommon trap: reason=unstable_if action=reinterpret pc=0x00000000029792d0 method=java.util.HashMap.getNode(ILjava/lang/Object;)Ljava/util/HashMap$Node; @ 129
Event: 1.353 Thread 0x0000000002540800 Uncommon trap: reason=unstable_if action=reinterpret pc=0x0000000002941978 method=java.util.HashMap.getNode(ILjava/lang/Object;)Ljava/util/HashMap$Node; @ 129

Internal exceptions (2 events):
Event: 0.051 Thread 0x0000000002540800 Exception <a 'java/lang/NoSuchMethodError': Method sun.misc.Unsafe.defineClass(Ljava/lang/String;[BII)Ljava/lang/Class; name or signature does not match> (0x00000000d5593090) thrown at [D:\re\puppet\workspace\8-2-build-windows-amd64-cygwin\jdk8u73\6086\hot.¨6S…Zª?
Event: 0.051 Thread 0x0000000002540800 Exception <a 'java/lang/NoSuchMethodError': Method sun.misc.Unsafe.prefetchRead(Ljava/lang/Object;J)V name or signature does not match> (0x00000000d5593378) thrown at [D:\re\puppet\workspace\8-2-build-windows-amd64-cygwin\jdk8u73\6086\hotspot\src\share\vm\

Events (10 events):
Event: 1.382 loading class java/util/HashMap$Values
Event: 1.382 loading class java/util/HashMap$Values done
Event: 1.382 loading class java/util/HashMap$ValueIterator
Event: 1.382 loading class java/util/HashMap$ValueIterator done
Event: 1.549 Executing VM operation: ForceSafepoint
Event: 1.574 Executing VM operation: ForceSafepoint done
Event: 1.600 Executing VM operation: ParallelGCFailedAllocation
Event: 1.899 Executing VM operation: ParallelGCFailedAllocation done
Event: 1.915 Thread 0x0000000018aab000 DEOPT PACKING pc=0x000000000292547c sp=0x00000000191be9f0
Event: 1.915 Thread 0x0000000018aab000 DEOPT UNPACKING pc=0x000000000268787f sp=0x00000000191be7b8 mode 0


Dynamic libraries:
0x00007ff64d3f0000 - 0x00007ff64d427000 	X:\Program Files\Java\jdk1.8.0_73\bin\java.exe
0x00007ffae65e0000 - 0x00007ffae67a1000 	X:\Windows\SYSTEM32\ntdll.dll
0x00007ffae39e0000 - 0x00007ffae3a8d000 	X:\Windows\system32\KERNEL32.DLL
0x00007ffae3420000 - 0x00007ffae3608000 	X:\Windows\system32\KERNELBASE.dll
0x00007ffae5290000 - 0x00007ffae5337000 	X:\Windows\system32\ADVAPI32.dll
0x00007ffae6300000 - 0x00007ffae639d000 	X:\Windows\system32\msvcrt.dll
0x00007ffae61d0000 - 0x00007ffae622b000 	X:\Windows\system32\sechost.dll
0x00007ffae5830000 - 0x00007ffae594c000 	X:\Windows\system32\RPCRT4.dll
0x00007ffae5950000 - 0x00007ffae5aa6000 	X:\Windows\system32\USER32.dll
0x00007ffae56a0000 - 0x00007ffae5826000 	X:\Windows\system32\GDI32.dll
0x00007ffada4a0000 - 0x00007ffada714000 	X:\Windows\WinSxS\amd64_microsoft.windows.common-controls_6595b64144ccf1df_6.0.10586.0_none_8c15ae12515e1c22\COMCTL32.dll
0x00007ffae5ab0000 - 0x00007ffae5d2d000 	X:\Windows\system32\combase.dll
0x00007ffae3330000 - 0x00007ffae339a000 	X:\Windows\system32\bcryptPrimitives.dll
0x00007ffae4ff0000 - 0x00007ffae502b000 	X:\Windows\system32\IMM32.DLL
0x000000005d3c0000 - 0x000000005d492000 	X:\Program Files\Java\jdk1.8.0_73\jre\bin\msvcr100.dll
0x000000005d4a0000 - 0x000000005dd30000 	X:\Program Files\Java\jdk1.8.0_73\jre\bin\server\jvm.dll
0x00007ffae65d0000 - 0x00007ffae65d8000 	X:\Windows\system32\PSAPI.DLL
0x00007ffad6220000 - 0x00007ffad6229000 	X:\Windows\SYSTEM32\WSOCK32.dll
0x00007ffae6160000 - 0x00007ffae61cb000 	X:\Windows\system32\WS2_32.dll
0x00007ffae0ef0000 - 0x00007ffae0f13000 	X:\Windows\SYSTEM32\WINMM.dll
0x00007ffadf760000 - 0x00007ffadf76a000 	X:\Windows\SYSTEM32\VERSION.dll
0x00007ffae0e80000 - 0x00007ffae0eac000 	X:\Windows\SYSTEM32\WINMMBASE.dll
0x00007ffae2c90000 - 0x00007ffae2cd3000 	X:\Windows\system32\cfgmgr32.dll
0x000000005d370000 - 0x000000005d37f000 	X:\Program Files\Java\jdk1.8.0_73\jre\bin\verify.dll
0x000000005d340000 - 0x000000005d369000 	X:\Program Files\Java\jdk1.8.0_73\jre\bin\java.dll
0x000000005d320000 - 0x000000005d336000 	X:\Program Files\Java\jdk1.8.0_73\jre\bin\zip.dll
0x00007ffae3a90000 - 0x00007ffae4fec000 	X:\Windows\system32\SHELL32.dll
0x00007ffae2ce0000 - 0x00007ffae3325000 	X:\Windows\system32\windows.storage.dll
0x00007ffae6460000 - 0x00007ffae64b2000 	X:\Windows\system32\shlwapi.dll
0x00007ffae2c80000 - 0x00007ffae2c8f000 	X:\Windows\system32\kernel.appcore.dll
0x00007ffae3750000 - 0x00007ffae3805000 	X:\Windows\system32\shcore.dll
0x00007ffae2c00000 - 0x00007ffae2c4b000 	X:\Windows\system32\powrprof.dll
0x00007ffae2c60000 - 0x00007ffae2c74000 	X:\Windows\system32\profapi.dll

VM Arguments:
jvm_args: -Djava.awt.headless=true -Xmx2g -Dfile.encoding=GBK -Duser.country=CN -Duser.language=zh -Duser.variant 
java_command: com.android.dx.command.Main --dex --num-threads=4 --multi-dex --output E:\Android\CalorieCounter\app\build\intermediates\transforms\dex\debug\folders\1000\2\picasso-2.5.2_f19bc8512a460ac7df759013986e530956aa1cfe E:\Android\CalorieCounter\app\libs\picasso-2.5.2.jar
java_class_path (initial): E:\QMDownload\SDK\build-tools\23.0.3\lib\dx.jar
Launcher Type: SUN_STANDARD

Environment Variables:
PATH=X:\ProgramData\Oracle\Java\javapath;X:\Windows\system32;X:\Windows;X:\Windows\System32\Wbem;X:\Windows\System32\WindowsPowerShell\v1.0\;X:\Program Files (x86)\ATI Technologies\ATI.ACE\Core-Static;D:\Program Files\MATLAB\R2013a\runtime\win64;D:\Program Files\MATLAB\R2013a\bin;X:\Program Files\Java\jdk1.8.0_73\bin;D:\Python27;X:\Program Files (x86)\MySQL\MySQL Fabric 1.5 & MySQL Utilities 1.5\;X:\Program Files (x86)\MySQL\MySQL Fabric 1.5 & MySQL Utilities 1.5\Doctrine extensions for PHP\;E:\QMDownload\SDK\platform-tools
USERNAME=ÍõÉ­
OS=Windows_NT
PROCESSOR_IDENTIFIER=Intel64 Family 6 Model 60 Stepping 3, GenuineIntel



---------------  S Y S T E M  ---------------

OS: Windows 10.0 , 64 bit Build 10586 (10.0.10586.0)

CPU:total 4 (4 cores per cpu, 1 threads per core) family 6 model 60 stepping 3, cmov, cx8, fxsr, mmx, sse, sse2, sse3, ssse3, sse4.1, sse4.2, popcnt, avx, avx2, aes, clmul, erms, lzcnt, tsc, tscinvbit, bmi1, bmi2

Memory: 4k page, physical 8315044k(1763672k free), swap 8315044k(5492k free)

vm_info: Java HotSpot(TM) 64-Bit Server VM (25.73-b02) for windows-amd64 JRE (1.8.0_73-b02), built on Jan 29 2016 17:38:49 by "java_re" with MS VC++ 10.0 (VS2010)

time: Fri Apr 22 00:08:57 2016
elapsed time: 1 seconds (0d 0h 0m 1s)

