#
# There is insufficient memory for the Java Runtime Environment to continue.
# Native memory allocation (malloc) failed to allocate 374496 bytes for Chunk::new
# Possible reasons:
#   The system is out of physical RAM or swap space
#   In 32 bit mode, the process size limit was hit
# Possible solutions:
#   Reduce memory load on the system
#   Increase physical memory or swap space
#   Check if swap backing store is full
#   Use 64 bit Java on a 64 bit OS
#   Decrease Java heap size (-Xmx/-Xms)
#   Decrease number of Java threads
#   Decrease Java thread stack sizes (-Xss)
#   Set larger code cache with -XX:ReservedCodeCacheSize=
# This output file may be truncated or incomplete.
#
#  Out of Memory Error (allocation.cpp:390), pid=8088, tid=8052
#
# JRE version: Java(TM) SE Runtime Environment (8.0_73-b02) (build 1.8.0_73-b02)
# Java VM: Java HotSpot(TM) 64-Bit Server VM (25.73-b02 mixed mode windows-amd64 compressed oops)
# Failed to write core dump. Minidumps are not enabled by default on client versions of Windows
#

---------------  T H R E A D  ---------------

Current thread (0x0000000014d6e000):  JavaThread "C2 CompilerThread1" daemon [_thread_in_native, id=8052, stack(0x0000000016760000,0x0000000016860000)]

Stack: [0x0000000016760000,0x0000000016860000]
[error occurred during error reporting (printing stack bounds), id 0xc0000005]

Native frames: (J=compiled Java code, j=interpreted, Vv=VM code, C=native code)


Current CompileTask:
C2:   1384  856   !   4       com.android.dx.rop.code.RegisterSpec::intern (70 bytes)


---------------  P R O C E S S  ---------------

Java Threads: ( => current thread )
  0x0000000016627800 JavaThread "pool-1-thread-4" [_thread_blocked, id=10132, stack(0x0000000016f60000,0x0000000017060000)]
  0x0000000016627000 JavaThread "pool-1-thread-3" [_thread_in_Java, id=7788, stack(0x0000000016e60000,0x0000000016f60000)]
  0x0000000016626000 JavaThread "pool-1-thread-2" [_thread_blocked, id=4388, stack(0x0000000016d60000,0x0000000016e60000)]
  0x00000000165ee800 JavaThread "pool-2-thread-1" [_thread_blocked, id=4708, stack(0x0000000016c60000,0x0000000016d60000)]
  0x00000000165ee000 JavaThread "pool-1-thread-1" [_thread_in_Java, id=3404, stack(0x0000000016b60000,0x0000000016c60000)]
  0x00000000163c1800 JavaThread "Service Thread" daemon [_thread_blocked, id=9920, stack(0x0000000016960000,0x0000000016a60000)]
  0x00000000163bb000 JavaThread "C1 CompilerThread2" daemon [_thread_in_native, id=8156, stack(0x0000000016860000,0x0000000016960000)]
=>0x0000000014d6e000 JavaThread "C2 CompilerThread1" daemon [_thread_in_native, id=8052, stack(0x0000000016760000,0x0000000016860000)]
  0x0000000014d6b000 JavaThread "C2 CompilerThread0" daemon [_thread_in_native, id=7792, stack(0x0000000016260000,0x0000000016360000)]
  0x0000000014d69000 JavaThread "Attach Listener" daemon [_thread_blocked, id=9328, stack(0x0000000016160000,0x0000000016260000)]
  0x0000000014d1d800 JavaThread "Signal Dispatcher" daemon [_thread_blocked, id=5672, stack(0x0000000016060000,0x0000000016160000)]
  0x0000000002630800 JavaThread "Finalizer" daemon [_thread_blocked, id=8320, stack(0x0000000015f60000,0x0000000016060000)]
  0x000000000262d000 JavaThread "Reference Handler" daemon [_thread_blocked, id=7308, stack(0x0000000015e60000,0x0000000015f60000)]
  0x0000000002540800 JavaThread "main" [_thread_in_Java, id=6916, stack(0x0000000002440000,0x0000000002540000)]

Other Threads:
  0x0000000014cd7800 VMThread [stack: 0x0000000015d60000,0x0000000015e60000] [id=6280]
  0x00000000163d4800 WatcherThread [stack: 0x0000000016a60000,0x0000000016b60000] [id=9364]

VM state:not at safepoint (normal execution)

VM Mutex/Monitor currently owned by a thread: None

Heap:
 PSYoungGen      total 38400K, used 23299K [0x00000000eab00000, 0x00000000ed580000, 0x0000000100000000)
  eden space 33280K, 70% used [0x00000000eab00000,0x00000000ec1c0e98,0x00000000ecb80000)
  from space 5120K, 0% used [0x00000000ed080000,0x00000000ed080000,0x00000000ed580000)
  to   space 5120K, 0% used [0x00000000ecb80000,0x00000000ecb80000,0x00000000ed080000)
 ParOldGen       total 87552K, used 0K [0x00000000c0000000, 0x00000000c5580000, 0x00000000eab00000)
  object space 87552K, 0% used [0x00000000c0000000,0x00000000c0000000,0x00000000c5580000)
 Metaspace       used 5879K, capacity 6772K, committed 7040K, reserved 1056768K
  class space    used 605K, capacity 620K, committed 640K, reserved 1048576K

Card table byte_map: [0x0000000011a00000,0x0000000011c10000] byte_map_base: 0x0000000011400000

Marking Bits: (ParMarkBitMap*) 0x00000000540e0600
 Begin Bits: [0x0000000012170000, 0x0000000013170000)
 End Bits:   [0x0000000013170000, 0x0000000014170000)

Polling page: 0x00000000001f0000

CodeCache: size=245760Kb used=3648Kb max_used=3652Kb free=242111Kb
 bounds [0x0000000002640000, 0x00000000029e0000, 0x0000000011640000]
 total_blobs=1161 nmethods=890 adapters=184
 compilation: enabled

Compilation events (10 events):
Event: 1.383 Thread 0x00000000163bb000 nmethod 885 0x00000000029c6b10 code [0x00000000029c6c60, 0x00000000029c6d70]
Event: 1.383 Thread 0x00000000163bb000  833       1       com.android.dx.dex.file.DexFile::getTypeIds (5 bytes)
Event: 1.383 Thread 0x00000000163bb000 nmethod 833 0x00000000029bd0d0 code [0x00000000029bd220, 0x00000000029bd330]
Event: 1.383 Thread 0x00000000163bb000  818       1       com.android.dx.rop.code.BasicBlockList$RegCountVisitor::getRegCount (5 bytes)
Event: 1.383 Thread 0x00000000163bb000 nmethod 818 0x00000000029bce10 code [0x00000000029bcf60, 0x00000000029bd070]
Event: 1.383 Thread 0x00000000163bb000  820       1       com.android.dx.ssa.BasicRegisterMapper::getNewRegisterCount (5 bytes)
Event: 1.383 Thread 0x00000000163bb000 nmethod 820 0x00000000029bcb50 code [0x00000000029bcca0, 0x00000000029bcdb0]
Event: 1.383 Thread 0x00000000163bb000  830       1       java.util.concurrent.locks.AbstractOwnableSynchronizer::getExclusiveOwnerThread (5 bytes)
Event: 1.383 Thread 0x00000000163bb000 nmethod 830 0x00000000029bc850 code [0x00000000029bc9a0, 0x00000000029bcab0]
Event: 1.383 Thread 0x00000000163bb000  826       1       com.android.dx.rop.cst.CstKnownNull::hashCode (3 bytes)

GC Heap History (0 events):
No events

Deoptimization events (1 events):
Event: 0.440 Thread 0x0000000002540800 Uncommon trap: reason=unstable_if action=reinterpret pc=0x0000000002791e94 method=java.lang.String.compareTo(Ljava/lang/String;)I @ 38

Internal exceptions (2 events):
Event: 0.042 Thread 0x0000000002540800 Exception <a 'java/lang/NoSuchMethodError': Method sun.misc.Unsafe.defineClass(Ljava/lang/String;[BII)Ljava/lang/Class; name or signature does not match> (0x00000000eab13090) thrown at [D:\re\puppet\workspace\8-2-build-windows-amd64-cygwin\jdk8u73\6086\hotŽKØaj¥?
Event: 0.042 Thread 0x0000000002540800 Exception <a 'java/lang/NoSuchMethodError': Method sun.misc.Unsafe.prefetchRead(Ljava/lang/Object;J)V name or signature does not match> (0x00000000eab13378) thrown at [D:\re\puppet\workspace\8-2-build-windows-amd64-cygwin\jdk8u73\6086\hotspot\src\share\vm\

Events (10 events):
Event: 1.313 loading class com/android/dx/cf/code/BytecodeArray$ConstantParserVisitor
Event: 1.313 loading class com/android/dx/cf/code/BytecodeArray$ConstantParserVisitor done
Event: 1.314 Executing VM operation: ForceSafepoint
Event: 1.365 Executing VM operation: ForceSafepoint done
Event: 1.370 loading class com/android/dx/cf/code/Ropper$ExceptionHandlerSetup
Event: 1.370 loading class com/android/dx/cf/code/Ropper$ExceptionHandlerSetup done
Event: 1.370 loading class java/util/HashMap$Values
Event: 1.370 loading class java/util/HashMap$Values done
Event: 1.370 loading class java/util/HashMap$ValueIterator
Event: 1.370 loading class java/util/HashMap$ValueIterator done


Dynamic libraries:
0x00007ff6dbe30000 - 0x00007ff6dbe67000 	X:\Program Files\Java\jdk1.8.0_73\bin\java.exe
0x00007ff876650000 - 0x00007ff876811000 	X:\Windows\SYSTEM32\ntdll.dll
0x00007ff8762a0000 - 0x00007ff87634d000 	X:\Windows\system32\KERNEL32.DLL
0x00007ff873400000 - 0x00007ff8735e8000 	X:\Windows\system32\KERNELBASE.dll
0x00007ff875900000 - 0x00007ff8759a7000 	X:\Windows\system32\ADVAPI32.dll
0x00007ff875860000 - 0x00007ff8758fd000 	X:\Windows\system32\msvcrt.dll
0x00007ff876020000 - 0x00007ff87607b000 	X:\Windows\system32\sechost.dll
0x00007ff874050000 - 0x00007ff87416c000 	X:\Windows\system32\RPCRT4.dll
0x00007ff873ee0000 - 0x00007ff874036000 	X:\Windows\system32\USER32.dll
0x00007ff8756d0000 - 0x00007ff875856000 	X:\Windows\system32\GDI32.dll
0x00007ff86b170000 - 0x00007ff86b3e4000 	X:\Windows\WinSxS\amd64_microsoft.windows.common-controls_6595b64144ccf1df_6.0.10586.0_none_8c15ae12515e1c22\COMCTL32.dll
0x00007ff875d20000 - 0x00007ff875f9d000 	X:\Windows\system32\combase.dll
0x00007ff873740000 - 0x00007ff8737aa000 	X:\Windows\system32\bcryptPrimitives.dll
0x00007ff873a50000 - 0x00007ff873a8b000 	X:\Windows\system32\IMM32.DLL
0x0000000053340000 - 0x0000000053412000 	X:\Program Files\Java\jdk1.8.0_73\jre\bin\msvcr100.dll
0x00000000538d0000 - 0x0000000054160000 	X:\Program Files\Java\jdk1.8.0_73\jre\bin\server\jvm.dll
0x00007ff874040000 - 0x00007ff874048000 	X:\Windows\system32\PSAPI.DLL
0x00007ff86b4c0000 - 0x00007ff86b4c9000 	X:\Windows\SYSTEM32\WSOCK32.dll
0x00007ff875fa0000 - 0x00007ff87600b000 	X:\Windows\system32\WS2_32.dll
0x00007ff870f20000 - 0x00007ff870f43000 	X:\Windows\SYSTEM32\WINMM.dll
0x00007ff86f250000 - 0x00007ff86f25a000 	X:\Windows\SYSTEM32\VERSION.dll
0x00007ff870dd0000 - 0x00007ff870dfc000 	X:\Windows\SYSTEM32\WINMMBASE.dll
0x00007ff872d60000 - 0x00007ff872da3000 	X:\Windows\system32\cfgmgr32.dll
0x00000000537e0000 - 0x00000000537ef000 	X:\Program Files\Java\jdk1.8.0_73\jre\bin\verify.dll
0x00000000537b0000 - 0x00000000537d9000 	X:\Program Files\Java\jdk1.8.0_73\jre\bin\java.dll
0x0000000053790000 - 0x00000000537a6000 	X:\Program Files\Java\jdk1.8.0_73\jre\bin\zip.dll
0x00007ff874170000 - 0x00007ff8756cc000 	X:\Windows\system32\SHELL32.dll
0x00007ff872db0000 - 0x00007ff8733f5000 	X:\Windows\system32\windows.storage.dll
0x00007ff876240000 - 0x00007ff876292000 	X:\Windows\system32\shlwapi.dll
0x00007ff872ce0000 - 0x00007ff872cef000 	X:\Windows\system32\kernel.appcore.dll
0x00007ff873680000 - 0x00007ff873735000 	X:\Windows\system32\shcore.dll
0x00007ff872c90000 - 0x00007ff872cdb000 	X:\Windows\system32\powrprof.dll
0x00007ff872c70000 - 0x00007ff872c84000 	X:\Windows\system32\profapi.dll

VM Arguments:
jvm_args: -Djava.awt.headless=true -Xmx1024M -Dfile.encoding=GBK -Duser.country=CN -Duser.language=zh -Duser.variant 
java_command: com.android.dx.command.Main --dex --num-threads=4 --output E:\Android\CalorieCounter\app\build\intermediates\pre-dexed\debug\com.android.support-appcompat-v7-23.2.1_14a456de78e3d3b230e6c027cdbf92653362251b.jar E:\Android\CalorieCounter\app\build\intermediates\exploded-aar\com.android.support\appcompat-v7\23.2.1\jars\classes.jar
java_class_path (initial): E:\QMDownload\SDK\build-tools\23.0.3\lib\dx.jar
Launcher Type: SUN_STANDARD

Environment Variables:
PATH=X:\ProgramData\Oracle\Java\javapath;X:\Windows\system32;X:\Windows;X:\Windows\System32\Wbem;X:\Windows\System32\WindowsPowerShell\v1.0\;X:\Program Files (x86)\ATI Technologies\ATI.ACE\Core-Static;D:\Program Files\MATLAB\R2013a\runtime\win64;D:\Program Files\MATLAB\R2013a\bin;X:\Program Files\Java\jdk1.8.0_73\bin;D:\Python27;X:\Program Files (x86)\MySQL\MySQL Fabric 1.5 & MySQL Utilities 1.5\;X:\Program Files (x86)\MySQL\MySQL Fabric 1.5 & MySQL Utilities 1.5\Doctrine extensions for PHP\
USERNAME=ÍõÉ­
OS=Windows_NT
PROCESSOR_IDENTIFIER=Intel64 Family 6 Model 60 Stepping 3, GenuineIntel



---------------  S Y S T E M  ---------------

OS: Windows 10.0 , 64 bit Build 10586 (10.0.10586.0)

CPU:total 4 (4 cores per cpu, 1 threads per core) family 6 model 60 stepping 3, cmov, cx8, fxsr, mmx, sse, sse2, sse3, ssse3, sse4.1, sse4.2, popcnt, avx, avx2, aes, clmul, erms, lzcnt, tsc, tscinvbit, bmi1, bmi2

Memory: 4k page, physical 8315044k(1882680k free), swap 8315044k(4504k free)

vm_info: Java HotSpot(TM) 64-Bit Server VM (25.73-b02) for windows-amd64 JRE (1.8.0_73-b02), built on Jan 29 2016 17:38:49 by "java_re" with MS VC++ 10.0 (VS2010)

time: Sat Apr 16 13:42:18 2016
elapsed time: 1 seconds (0d 0h 0m 1s)

