#
# There is insufficient memory for the Java Runtime Environment to continue.
# Native memory allocation (malloc) failed to allocate 131088 bytes for Chunk::new
# Possible reasons:
#   The system is out of physical RAM or swap space
#   In 32 bit mode, the process size limit was hit
# Possible solutions:
#   Reduce memory load on the system
#   Increase physical memory or swap space
#   Check if swap backing store is full
#   Use 64 bit Java on a 64 bit OS
#   Decrease Java heap size (-Xmx/-Xms)
#   Decrease number of Java threads
#   Decrease Java thread stack sizes (-Xss)
#   Set larger code cache with -XX:ReservedCodeCacheSize=
# This output file may be truncated or incomplete.
#
#  Out of Memory Error (allocation.cpp:390), pid=1116, tid=13628
#
# JRE version: Java(TM) SE Runtime Environment (8.0_73-b02) (build 1.8.0_73-b02)
# Java VM: Java HotSpot(TM) 64-Bit Server VM (25.73-b02 mixed mode windows-amd64 compressed oops)
# Failed to write core dump. Minidumps are not enabled by default on client versions of Windows
#

---------------  T H R E A D  ---------------

Current thread (0x000000001729d000):  JavaThread "C2 CompilerThread1" daemon [_thread_in_native, id=13628, stack(0x0000000018cb0000,0x0000000018db0000)]

Stack: [0x0000000018cb0000,0x0000000018db0000]
[error occurred during error reporting (printing stack bounds), id 0xc0000005]

Native frames: (J=compiled Java code, j=interpreted, Vv=VM code, C=native code)


Current CompileTask:
C2:   2047 1450   !   4       com.android.dx.cf.code.BytecodeArray::parseInstruction (2764 bytes)


---------------  P R O C E S S  ---------------

Java Threads: ( => current thread )
  0x0000000018b57000 JavaThread "pool-2-thread-4" [_thread_in_Java, id=9736, stack(0x00000000194b0000,0x00000000195b0000)]
  0x0000000018b56000 JavaThread "pool-2-thread-3" [_thread_blocked, id=3144, stack(0x00000000193b0000,0x00000000194b0000)]
  0x0000000018b4f800 JavaThread "pool-2-thread-2" [_thread_in_Java, id=8104, stack(0x00000000192b0000,0x00000000193b0000)]
  0x0000000018b4e800 JavaThread "pool-3-thread-1" [_thread_blocked, id=11996, stack(0x00000000191b0000,0x00000000192b0000)]
  0x0000000018b47000 JavaThread "pool-2-thread-1" [_thread_in_vm, id=4584, stack(0x00000000190b0000,0x00000000191b0000)]
  0x0000000018911000 JavaThread "Service Thread" daemon [_thread_blocked, id=11456, stack(0x0000000018eb0000,0x0000000018fb0000)]
  0x0000000018907000 JavaThread "C1 CompilerThread2" daemon [_thread_blocked, id=10872, stack(0x0000000018db0000,0x0000000018eb0000)]
=>0x000000001729d000 JavaThread "C2 CompilerThread1" daemon [_thread_in_native, id=13628, stack(0x0000000018cb0000,0x0000000018db0000)]
  0x000000001729a000 JavaThread "C2 CompilerThread0" daemon [_thread_blocked, id=13468, stack(0x00000000187b0000,0x00000000188b0000)]
  0x000000001724e000 JavaThread "Attach Listener" daemon [_thread_blocked, id=11932, stack(0x00000000186b0000,0x00000000187b0000)]
  0x0000000017237000 JavaThread "Signal Dispatcher" daemon [_thread_blocked, id=13732, stack(0x00000000185b0000,0x00000000186b0000)]
  0x0000000002556000 JavaThread "Finalizer" daemon [_thread_blocked, id=3272, stack(0x00000000184b0000,0x00000000185b0000)]
  0x000000000254d000 JavaThread "Reference Handler" daemon [_thread_blocked, id=7440, stack(0x00000000183b0000,0x00000000184b0000)]
  0x0000000002460800 JavaThread "main" [_thread_in_vm, id=11060, stack(0x0000000001f80000,0x0000000002080000)]

Other Threads:
  0x0000000017208000 VMThread [stack: 0x00000000182b0000,0x00000000183b0000] [id=11896]
  0x0000000018990800 WatcherThread [stack: 0x0000000018fb0000,0x00000000190b0000] [id=348]

VM state:synchronizing (normal execution)

VM Mutex/Monitor currently owned by a thread:  ([mutex/lock_event])
[0x000000000261cb30] Safepoint_lock - owner thread: 0x0000000017208000
[0x000000000261c3b0] Threads_lock - owner thread: 0x0000000017208000
[0x000000000261bf30] Heap_lock - owner thread: 0x0000000018b47000

Heap:
 PSYoungGen      total 38400K, used 38392K [0x00000000d5580000, 0x00000000da080000, 0x0000000100000000)
  eden space 33280K, 100% used [0x00000000d5580000,0x00000000d7600000,0x00000000d7600000)
  from space 5120K, 99% used [0x00000000d7b00000,0x00000000d7ffe040,0x00000000d8000000)
  to   space 5120K, 0% used [0x00000000d7600000,0x00000000d7600000,0x00000000d7b00000)
 ParOldGen       total 87552K, used 6974K [0x0000000080000000, 0x0000000085580000, 0x00000000d5580000)
  object space 87552K, 7% used [0x0000000080000000,0x00000000806cfb20,0x0000000085580000)
 Metaspace       used 6191K, capacity 7030K, committed 7296K, reserved 1056768K
  class space    used 599K, capacity 622K, committed 640K, reserved 1048576K

Card table byte_map: [0x00000000119e0000,0x0000000011df0000] byte_map_base: 0x00000000115e0000

Marking Bits: (ParMarkBitMap*) 0x00000000530a0600
 Begin Bits: [0x00000000124a0000, 0x00000000144a0000)
 End Bits:   [0x00000000144a0000, 0x00000000164a0000)

Polling page: 0x00000000001f0000

CodeCache: size=245760Kb used=6180Kb max_used=6180Kb free=239579Kb
 bounds [0x0000000002620000, 0x0000000002c30000, 0x0000000011620000]
 total_blobs=1794 nmethods=1523 adapters=183
 compilation: enabled

Compilation events (10 events):
Event: 2.026 Thread 0x0000000018907000 1562       2       com.android.dx.cf.attrib.RawAttribute::<init> (17 bytes)
Event: 2.026 Thread 0x0000000018907000 nmethod 1562 0x0000000002c2b510 code [0x0000000002c2b6a0, 0x0000000002c2ba08]
Event: 2.026 Thread 0x0000000018907000 1563       2       com.android.dx.cf.attrib.RawAttribute::<init> (30 bytes)
Event: 2.026 Thread 0x0000000018907000 nmethod 1563 0x0000000002c2bc50 code [0x0000000002c2bde0, 0x0000000002c2c0f8]
Event: 2.028 Thread 0x0000000018907000 1564       2       com.android.dx.ssa.PhiInsn::mapSourceRegisters (78 bytes)
Event: 2.028 Thread 0x0000000018907000 nmethod 1564 0x0000000002c2c290 code [0x0000000002c2c420, 0x0000000002c2c7c8]
Event: 2.028 Thread 0x0000000018907000 1565       2       com.android.dx.cf.direct.MemberListParser::getCount (17 bytes)
Event: 2.029 Thread 0x0000000018907000 nmethod 1565 0x0000000002c2ca90 code [0x0000000002c2cc00, 0x0000000002c2ce28]
Event: 2.029 Thread 0x0000000018907000 1566       2       com.android.dx.cf.direct.MemberListParser::parseIfNecessary (12 bytes)
Event: 2.029 Thread 0x0000000018907000 nmethod 1566 0x0000000002c2d010 code [0x0000000002c2d180, 0x0000000002c2d308]

GC Heap History (4 events):
Event: 0.937 GC heap before
{Heap before GC invocations=1 (full 0):
 PSYoungGen      total 38400K, used 33280K [0x00000000d5580000, 0x00000000d8000000, 0x0000000100000000)
  eden space 33280K, 100% used [0x00000000d5580000,0x00000000d7600000,0x00000000d7600000)
  from space 5120K, 0% used [0x00000000d7b00000,0x00000000d7b00000,0x00000000d8000000)
  to   space 5120K, 0% used [0x00000000d7600000,0x00000000d7600000,0x00000000d7b00000)
 ParOldGen       total 87552K, used 0K [0x0000000080000000, 0x0000000085580000, 0x00000000d5580000)
  object space 87552K, 0% used [0x0000000080000000,0x0000000080000000,0x0000000085580000)
 Metaspace       used 5866K, capacity 6772K, committed 7040K, reserved 1056768K
  class space    used 594K, capacity 620K, committed 640K, reserved 1048576K
Event: 0.945 GC heap after
Heap after GC invocations=1 (full 0):
 PSYoungGen      total 38400K, used 5116K [0x00000000d5580000, 0x00000000d8000000, 0x0000000100000000)
  eden space 33280K, 0% used [0x00000000d5580000,0x00000000d5580000,0x00000000d7600000)
  from space 5120K, 99% used [0x00000000d7600000,0x00000000d7aff260,0x00000000d7b00000)
  to   space 5120K, 0% used [0x00000000d7b00000,0x00000000d7b00000,0x00000000d8000000)
 ParOldGen       total 87552K, used 2320K [0x0000000080000000, 0x0000000085580000, 0x00000000d5580000)
  object space 87552K, 2% used [0x0000000080000000,0x00000000802441e8,0x0000000085580000)
 Metaspace       used 5866K, capacity 6772K, committed 7040K, reserved 1056768K
  class space    used 594K, capacity 620K, committed 640K, reserved 1048576K
}
Event: 1.669 GC heap before
{Heap before GC invocations=2 (full 0):
 PSYoungGen      total 38400K, used 38396K [0x00000000d5580000, 0x00000000d8000000, 0x0000000100000000)
  eden space 33280K, 100% used [0x00000000d5580000,0x00000000d7600000,0x00000000d7600000)
  from space 5120K, 99% used [0x00000000d7600000,0x00000000d7aff260,0x00000000d7b00000)
  to   space 5120K, 0% used [0x00000000d7b00000,0x00000000d7b00000,0x00000000d8000000)
 ParOldGen       total 87552K, used 2320K [0x0000000080000000, 0x0000000085580000, 0x00000000d5580000)
  object space 87552K, 2% used [0x0000000080000000,0x00000000802441e8,0x0000000085580000)
 Metaspace       used 6111K, capacity 6964K, committed 7040K, reserved 1056768K
  class space    used 597K, capacity 620K, committed 640K, reserved 1048576K
Event: 1.935 GC heap after
Heap after GC invocations=2 (full 0):
 PSYoungGen      total 38400K, used 5112K [0x00000000d5580000, 0x00000000da080000, 0x0000000100000000)
  eden space 33280K, 0% used [0x00000000d5580000,0x00000000d5580000,0x00000000d7600000)
  from space 5120K, 99% used [0x00000000d7b00000,0x00000000d7ffe040,0x00000000d8000000)
  to   space 5120K, 0% used [0x00000000d7600000,0x00000000d7600000,0x00000000d7b00000)
 ParOldGen       total 87552K, used 6974K [0x0000000080000000, 0x0000000085580000, 0x00000000d5580000)
  object space 87552K, 7% used [0x0000000080000000,0x00000000806cfb20,0x0000000085580000)
 Metaspace       used 6111K, capacity 6964K, committed 7040K, reserved 1056768K
  class space    used 597K, capacity 620K, committed 640K, reserved 1048576K
}

Deoptimization events (10 events):
Event: 1.320 Thread 0x0000000018b57000 Uncommon trap: reason=bimorphic action=maybe_recompile pc=0x0000000002b467a0 method=com.android.dx.cf.code.BytecodeArray.parseInstruction(ILcom/android/dx/cf/code/BytecodeArray$Visitor;)I @ 1224
Event: 1.321 Thread 0x0000000018b57000 Uncommon trap: reason=unstable_if action=reinterpret pc=0x0000000002a53dcc method=java.util.HashMap.putVal(ILjava/lang/Object;Ljava/lang/Object;ZZ)Ljava/lang/Object; @ 162
Event: 1.321 Thread 0x0000000018b57000 Uncommon trap: reason=unstable_if action=reinterpret pc=0x00000000028986f8 method=java.util.HashMap.getNode(ILjava/lang/Object;)Ljava/util/HashMap$Node; @ 84
Event: 1.321 Thread 0x0000000018b57000 Uncommon trap: reason=unstable_if action=reinterpret pc=0x0000000002882860 method=java.util.HashMap.getNode(ILjava/lang/Object;)Ljava/util/HashMap$Node; @ 84
Event: 1.339 Thread 0x0000000018b47000 Uncommon trap: reason=class_check action=maybe_recompile pc=0x0000000002a58b3c method=com.android.dx.ssa.SCCP.simulateBranch(Lcom/android/dx/ssa/SsaInsn;)V @ 145
Event: 1.959 Thread 0x0000000018b4f800 Uncommon trap: reason=bimorphic action=maybe_recompile pc=0x0000000002bc697c method=com.android.dx.cf.code.BytecodeArray.parseInstruction(ILcom/android/dx/cf/code/BytecodeArray$Visitor;)I @ 2554
Event: 1.959 Thread 0x0000000018b4f800 Uncommon trap: reason=bimorphic action=maybe_recompile pc=0x0000000002bc697c method=com.android.dx.cf.code.BytecodeArray.parseInstruction(ILcom/android/dx/cf/code/BytecodeArray$Visitor;)I @ 2554
Event: 1.999 Thread 0x0000000018b47000 Uncommon trap: reason=unstable_if action=reinterpret pc=0x000000000276f354 method=java.util.regex.Pattern$BnM.optimize(Ljava/util/regex/Pattern$Node;)Ljava/util/regex/Pattern$Node; @ 22
Event: 1.999 Thread 0x0000000018b47000 Uncommon trap: reason=class_check action=maybe_recompile pc=0x0000000002772394 method=java.util.regex.Matcher.search(I)Z @ 86
Event: 1.999 Thread 0x0000000018b47000 Uncommon trap: reason=unstable_if action=reinterpret pc=0x00000000027723d8 method=java.util.regex.Matcher.search(I)Z @ 30

Internal exceptions (2 events):
Event: 0.029 Thread 0x0000000002460800 Exception <a 'java/lang/NoSuchMethodError': Method sun.misc.Unsafe.defineClass(Ljava/lang/String;[BII)Ljava/lang/Class; name or signature does not match> (0x00000000d5593008) thrown at [D:\re\puppet\workspace\8-2-build-windows-amd64-cygwin\jdk8u73\6086\hotßÄx-:Wù?
Event: 0.029 Thread 0x0000000002460800 Exception <a 'java/lang/NoSuchMethodError': Method sun.misc.Unsafe.prefetchRead(Ljava/lang/Object;J)V name or signature does not match> (0x00000000d55932f0) thrown at [D:\re\puppet\workspace\8-2-build-windows-amd64-cygwin\jdk8u73\6086\hotspot\src\share\vm\

Events (10 events):
Event: 1.999 Thread 0x0000000018b47000 DEOPT PACKING pc=0x0000000002772394 sp=0x00000000191aec70
Event: 1.999 Thread 0x0000000018b47000 DEOPT UNPACKING pc=0x000000000266582a sp=0x00000000191aec38 mode 2
Event: 1.999 Thread 0x0000000018b47000 Uncommon trap: trap_request=0xffffff65 fr.pc=0x00000000027723d8
Event: 1.999 Thread 0x0000000018b47000 DEOPT PACKING pc=0x00000000027723d8 sp=0x00000000191aec70
Event: 1.999 Thread 0x0000000018b47000 DEOPT UNPACKING pc=0x000000000266582a sp=0x00000000191aec48 mode 2
Event: 2.026 loading class com/android/dx/cf/attrib/AttDeprecated
Event: 2.026 loading class com/android/dx/cf/attrib/AttDeprecated done
Event: 2.026 loading class com/android/dx/cf/attrib/AttRuntimeVisibleAnnotations
Event: 2.026 loading class com/android/dx/cf/attrib/AttRuntimeVisibleAnnotations done
Event: 2.030 Executing VM operation: ParallelGCFailedAllocation


Dynamic libraries:
0x00007ff6fb7a0000 - 0x00007ff6fb7d7000 	X:\Program Files\Java\jdk1.8.0_73\bin\java.exe
0x00007ffec5b10000 - 0x00007ffec5cd1000 	X:\Windows\SYSTEM32\ntdll.dll
0x00007ffec35e0000 - 0x00007ffec368d000 	X:\Windows\system32\KERNEL32.DLL
0x00007ffec2930000 - 0x00007ffec2b18000 	X:\Windows\system32\KERNELBASE.dll
0x00007ffec34c0000 - 0x00007ffec3567000 	X:\Windows\system32\ADVAPI32.dll
0x00007ffec50c0000 - 0x00007ffec515d000 	X:\Windows\system32\msvcrt.dll
0x00007ffec59a0000 - 0x00007ffec59fb000 	X:\Windows\system32\sechost.dll
0x00007ffec2f10000 - 0x00007ffec302c000 	X:\Windows\system32\RPCRT4.dll
0x00007ffec32f0000 - 0x00007ffec3446000 	X:\Windows\system32\USER32.dll
0x00007ffec3030000 - 0x00007ffec31b6000 	X:\Windows\system32\GDI32.dll
0x00007ffeb89d0000 - 0x00007ffeb8c44000 	X:\Windows\WinSxS\amd64_microsoft.windows.common-controls_6595b64144ccf1df_6.0.10586.0_none_8c15ae12515e1c22\COMCTL32.dll
0x00007ffec4e20000 - 0x00007ffec509d000 	X:\Windows\system32\combase.dll
0x00007ffec2ea0000 - 0x00007ffec2f0a000 	X:\Windows\system32\bcryptPrimitives.dll
0x00007ffec56f0000 - 0x00007ffec572b000 	X:\Windows\system32\IMM32.DLL
0x0000000052330000 - 0x0000000052402000 	X:\Program Files\Java\jdk1.8.0_73\jre\bin\msvcr100.dll
0x0000000052890000 - 0x0000000053120000 	X:\Program Files\Java\jdk1.8.0_73\jre\bin\server\jvm.dll
0x00007ffec4c50000 - 0x00007ffec4c58000 	X:\Windows\system32\PSAPI.DLL
0x00007ffebded0000 - 0x00007ffebded9000 	X:\Windows\SYSTEM32\WSOCK32.dll
0x00007ffec3570000 - 0x00007ffec35db000 	X:\Windows\system32\WS2_32.dll
0x00007ffec0720000 - 0x00007ffec0743000 	X:\Windows\SYSTEM32\WINMM.dll
0x00007ffebe7e0000 - 0x00007ffebe7ea000 	X:\Windows\SYSTEM32\VERSION.dll
0x00007ffec0660000 - 0x00007ffec068c000 	X:\Windows\SYSTEM32\WINMMBASE.dll
0x00007ffec2bd0000 - 0x00007ffec2c13000 	X:\Windows\system32\cfgmgr32.dll
0x00000000527a0000 - 0x00000000527af000 	X:\Program Files\Java\jdk1.8.0_73\jre\bin\verify.dll
0x0000000052770000 - 0x0000000052799000 	X:\Program Files\Java\jdk1.8.0_73\jre\bin\java.dll
0x0000000052750000 - 0x0000000052766000 	X:\Program Files\Java\jdk1.8.0_73\jre\bin\zip.dll
0x00007ffec36f0000 - 0x00007ffec4c4c000 	X:\Windows\system32\SHELL32.dll
0x00007ffec2220000 - 0x00007ffec2865000 	X:\Windows\system32\windows.storage.dll
0x00007ffec3690000 - 0x00007ffec36e2000 	X:\Windows\system32\shlwapi.dll
0x00007ffec2130000 - 0x00007ffec213f000 	X:\Windows\system32\kernel.appcore.dll
0x00007ffec2870000 - 0x00007ffec2925000 	X:\Windows\system32\shcore.dll
0x00007ffec2140000 - 0x00007ffec218b000 	X:\Windows\system32\powrprof.dll
0x00007ffec2190000 - 0x00007ffec21a4000 	X:\Windows\system32\profapi.dll

VM Arguments:
jvm_args: -Djava.awt.headless=true -Xmx2g -Dfile.encoding=GBK -Duser.country=CN -Duser.language=zh -Duser.variant 
java_command: com.android.dx.command.Main --dex --num-threads=4 --multi-dex --output E:\Android\CalorieCounter\app\build\intermediates\transforms\dex\debug\folders\1000\2\baidumapapi_map_v3_7_3_c23a21450423e3d8b5f8937a4289611a3cd618e9 E:\Android\CalorieCounter\app\libs\baidumapapi_map_v3_7_3.jar
java_class_path (initial): E:\QMDownload\SDK\build-tools\23.0.3\lib\dx.jar
Launcher Type: SUN_STANDARD

Environment Variables:
PATH=X:\ProgramData\Oracle\Java\javapath;X:\Windows\system32;X:\Windows;X:\Windows\System32\Wbem;X:\Windows\System32\WindowsPowerShell\v1.0\;X:\Program Files (x86)\ATI Technologies\ATI.ACE\Core-Static;D:\Program Files\MATLAB\R2013a\runtime\win64;D:\Program Files\MATLAB\R2013a\bin;X:\Program Files\Java\jdk1.8.0_73\bin;D:\Python27;X:\Program Files (x86)\MySQL\MySQL Fabric 1.5 & MySQL Utilities 1.5\;X:\Program Files (x86)\MySQL\MySQL Fabric 1.5 & MySQL Utilities 1.5\Doctrine extensions for PHP\;E:\QMDownload\SDK\platform-tools
USERNAME=Õı…≠
OS=Windows_NT
PROCESSOR_IDENTIFIER=Intel64 Family 6 Model 60 Stepping 3, GenuineIntel



---------------  S Y S T E M  ---------------

OS: Windows 10.0 , 64 bit Build 10586 (10.0.10586.0)

CPU:total 4 (4 cores per cpu, 1 threads per core) family 6 model 60 stepping 3, cmov, cx8, fxsr, mmx, sse, sse2, sse3, ssse3, sse4.1, sse4.2, popcnt, avx, avx2, aes, clmul, erms, lzcnt, tsc, tscinvbit, bmi1, bmi2

Memory: 4k page, physical 8315044k(1962748k free), swap 8315044k(5408k free)

vm_info: Java HotSpot(TM) 64-Bit Server VM (25.73-b02) for windows-amd64 JRE (1.8.0_73-b02), built on Jan 29 2016 17:38:49 by "java_re" with MS VC++ 10.0 (VS2010)

time: Tue Apr 26 20:50:14 2016
elapsed time: 2 seconds (0d 0h 0m 2s)

