#
# There is insufficient memory for the Java Runtime Environment to continue.
# Native memory allocation (malloc) failed to allocate 526656 bytes for Chunk::new
# Possible reasons:
#   The system is out of physical RAM or swap space
#   In 32 bit mode, the process size limit was hit
# Possible solutions:
#   Reduce memory load on the system
#   Increase physical memory or swap space
#   Check if swap backing store is full
#   Use 64 bit Java on a 64 bit OS
#   Decrease Java heap size (-Xmx/-Xms)
#   Decrease number of Java threads
#   Decrease Java thread stack sizes (-Xss)
#   Set larger code cache with -XX:ReservedCodeCacheSize=
# This output file may be truncated or incomplete.
#
#  Out of Memory Error (allocation.cpp:390), pid=16352, tid=16488
#
# JRE version: Java(TM) SE Runtime Environment (8.0_73-b02) (build 1.8.0_73-b02)
# Java VM: Java HotSpot(TM) 64-Bit Server VM (25.73-b02 mixed mode windows-amd64 compressed oops)
# Failed to write core dump. Minidumps are not enabled by default on client versions of Windows
#

---------------  T H R E A D  ---------------

Current thread (0x0000000016403800):  JavaThread "C2 CompilerThread1" daemon [_thread_in_native, id=16488, stack(0x00000000167b0000,0x00000000168b0000)]

Stack: [0x00000000167b0000,0x00000000168b0000]
[error occurred during error reporting (printing stack bounds), id 0xc0000005]

Native frames: (J=compiled Java code, j=interpreted, Vv=VM code, C=native code)


Current CompileTask:
C2:   1509 1221       4       com.android.dx.ssa.LiteralOpUpgrader$1::visitNonMoveInsn (203 bytes)


---------------  P R O C E S S  ---------------

Java Threads: ( => current thread )
  0x000000001662f000 JavaThread "pool-1-thread-4" [_thread_blocked, id=9388, stack(0x0000000016fb0000,0x00000000170b0000)]
  0x0000000016614800 JavaThread "pool-1-thread-3" [_thread_blocked, id=4924, stack(0x0000000016eb0000,0x0000000016fb0000)]
  0x0000000016613800 JavaThread "pool-1-thread-2" [_thread_blocked, id=16332, stack(0x0000000016db0000,0x0000000016eb0000)]
  0x0000000016610800 JavaThread "pool-2-thread-1" [_thread_blocked, id=9384, stack(0x0000000016cb0000,0x0000000016db0000)]
  0x0000000016610000 JavaThread "pool-1-thread-1" [_thread_in_Java, id=17192, stack(0x0000000016bb0000,0x0000000016cb0000)]
  0x0000000016410000 JavaThread "Service Thread" daemon [_thread_blocked, id=16932, stack(0x00000000169b0000,0x0000000016ab0000)]
  0x0000000016409800 JavaThread "C1 CompilerThread2" daemon [_thread_blocked, id=16896, stack(0x00000000168b0000,0x00000000169b0000)]
=>0x0000000016403800 JavaThread "C2 CompilerThread1" daemon [_thread_in_native, id=16488, stack(0x00000000167b0000,0x00000000168b0000)]
  0x0000000014ced000 JavaThread "C2 CompilerThread0" daemon [_thread_in_native, id=16984, stack(0x00000000162b0000,0x00000000163b0000)]
  0x0000000014cea800 JavaThread "Attach Listener" daemon [_thread_blocked, id=16688, stack(0x00000000161b0000,0x00000000162b0000)]
  0x0000000014d39800 JavaThread "Signal Dispatcher" daemon [_thread_blocked, id=13916, stack(0x00000000160b0000,0x00000000161b0000)]
  0x00000000025e0800 JavaThread "Finalizer" daemon [_thread_blocked, id=10516, stack(0x0000000015f50000,0x0000000016050000)]
  0x00000000025dd000 JavaThread "Reference Handler" daemon [_thread_blocked, id=8764, stack(0x0000000015e50000,0x0000000015f50000)]
  0x00000000024f1000 JavaThread "main" [_thread_in_Java, id=17364, stack(0x00000000023f0000,0x00000000024f0000)]

Other Threads:
  0x0000000014ca8000 VMThread [stack: 0x0000000015d50000,0x0000000015e50000] [id=14288]
  0x0000000016426000 WatcherThread [stack: 0x0000000016ab0000,0x0000000016bb0000] [id=5800]

VM state:not at safepoint (normal execution)

VM Mutex/Monitor currently owned by a thread: None

Heap:
 PSYoungGen      total 38400K, used 6652K [0x00000000eab00000, 0x00000000ed580000, 0x0000000100000000)
  eden space 33280K, 4% used [0x00000000eab00000,0x00000000eac847b0,0x00000000ecb80000)
  from space 5120K, 99% used [0x00000000ecb80000,0x00000000ed07aac8,0x00000000ed080000)
  to   space 5120K, 0% used [0x00000000ed080000,0x00000000ed080000,0x00000000ed580000)
 ParOldGen       total 87552K, used 1323K [0x00000000c0000000, 0x00000000c5580000, 0x00000000eab00000)
  object space 87552K, 1% used [0x00000000c0000000,0x00000000c014aca8,0x00000000c5580000)
 Metaspace       used 6044K, capacity 6900K, committed 7040K, reserved 1056768K
  class space    used 604K, capacity 620K, committed 640K, reserved 1048576K

Card table byte_map: [0x00000000119b0000,0x0000000011bc0000] byte_map_base: 0x00000000113b0000

Marking Bits: (ParMarkBitMap*) 0x00000000540e0600
 Begin Bits: [0x0000000012120000, 0x0000000013120000)
 End Bits:   [0x0000000013120000, 0x0000000014120000)

Polling page: 0x00000000001f0000

CodeCache: size=245760Kb used=4933Kb max_used=4933Kb free=240826Kb
 bounds [0x00000000025f0000, 0x0000000002ad0000, 0x00000000115f0000]
 total_blobs=1509 nmethods=1238 adapters=184
 compilation: enabled

Compilation events (10 events):
Event: 1.505 Thread 0x0000000016409800 1235   !   3       java.lang.ref.Finalizer::remove (94 bytes)
Event: 1.505 Thread 0x0000000016409800 nmethod 1235 0x0000000002abf910 code [0x0000000002abfa80, 0x0000000002abff50]
Event: 1.505 Thread 0x0000000016409800 1239       3       com.android.dx.ssa.back.InterferenceGraph::ensureCapacity (42 bytes)
Event: 1.506 Thread 0x0000000016409800 nmethod 1239 0x0000000002ac0090 code [0x0000000002ac02c0, 0x0000000002ac0e68]
Event: 1.506 Thread 0x0000000016409800 1240       3       com.android.dx.ssa.back.FirstFitLocalCombiningAllocator::findRopRegForLocal (74 bytes)
Event: 1.506 Thread 0x0000000016409800 nmethod 1240 0x0000000002ac15d0 code [0x0000000002ac17a0, 0x0000000002ac1e88]
Event: 1.507 Thread 0x0000000016409800 1241       3       com.android.dx.ssa.back.FirstFitLocalCombiningAllocator::canMapRegs (60 bytes)
Event: 1.507 Thread 0x0000000016409800 nmethod 1241 0x0000000002ac2110 code [0x0000000002ac2380, 0x0000000002ac3388]
Event: 1.507 Thread 0x0000000016409800 1242       3       com.android.dx.cf.code.Ropper::getRopMethod (64 bytes)
Event: 1.508 Thread 0x0000000016409800 nmethod 1242 0x0000000002ac3c50 code [0x0000000002ac3ea0, 0x0000000002ac4c38]

GC Heap History (2 events):
Event: 1.356 GC heap before
{Heap before GC invocations=1 (full 0):
 PSYoungGen      total 38400K, used 33280K [0x00000000eab00000, 0x00000000ed580000, 0x0000000100000000)
  eden space 33280K, 100% used [0x00000000eab00000,0x00000000ecb80000,0x00000000ecb80000)
  from space 5120K, 0% used [0x00000000ed080000,0x00000000ed080000,0x00000000ed580000)
  to   space 5120K, 0% used [0x00000000ecb80000,0x00000000ecb80000,0x00000000ed080000)
 ParOldGen       total 87552K, used 0K [0x00000000c0000000, 0x00000000c5580000, 0x00000000eab00000)
  object space 87552K, 0% used [0x00000000c0000000,0x00000000c0000000,0x00000000c5580000)
 Metaspace       used 6034K, capacity 6900K, committed 7040K, reserved 1056768K
  class space    used 604K, capacity 620K, committed 640K, reserved 1048576K
Event: 1.492 GC heap after
Heap after GC invocations=1 (full 0):
 PSYoungGen      total 38400K, used 5098K [0x00000000eab00000, 0x00000000ed580000, 0x0000000100000000)
  eden space 33280K, 0% used [0x00000000eab00000,0x00000000eab00000,0x00000000ecb80000)
  from space 5120K, 99% used [0x00000000ecb80000,0x00000000ed07aac8,0x00000000ed080000)
  to   space 5120K, 0% used [0x00000000ed080000,0x00000000ed080000,0x00000000ed580000)
 ParOldGen       total 87552K, used 1323K [0x00000000c0000000, 0x00000000c5580000, 0x00000000eab00000)
  object space 87552K, 1% used [0x00000000c0000000,0x00000000c014aca8,0x00000000c5580000)
 Metaspace       used 6034K, capacity 6900K, committed 7040K, reserved 1056768K
  class space    used 604K, capacity 620K, committed 640K, reserved 1048576K
}

Deoptimization events (10 events):
Event: 0.772 Thread 0x0000000016610000 Uncommon trap: reason=class_check action=maybe_recompile pc=0x000000000287b5f0 method=com.android.dx.ssa.NormalSsaInsn.accept(Lcom/android/dx/ssa/SsaInsn$Visitor;)V @ 9
Event: 0.779 Thread 0x0000000016613800 Uncommon trap: reason=unstable_if action=reinterpret pc=0x00000000028490b0 method=java.util.BitSet.nextSetBit(I)I @ 87
Event: 0.905 Thread 0x0000000016614800 Uncommon trap: reason=unstable_if action=reinterpret pc=0x00000000028bb394 method=java.util.HashMap.getNode(ILjava/lang/Object;)Ljava/util/HashMap$Node; @ 129
Event: 0.933 Thread 0x00000000024f1000 Uncommon trap: reason=unstable_if action=reinterpret pc=0x0000000002908390 method=com.android.dx.rop.code.RegisterSpec.equals(ILcom/android/dx/rop/type/TypeBearer;Lcom/android/dx/rop/code/LocalItem;)Z @ 16
Event: 0.933 Thread 0x00000000024f1000 Uncommon trap: reason=unstable_if action=reinterpret pc=0x00000000028fa9b0 method=com.android.dx.rop.code.RegisterSpec.equals(ILcom/android/dx/rop/type/TypeBearer;Lcom/android/dx/rop/code/LocalItem;)Z @ 16
Event: 1.002 Thread 0x0000000016610000 Uncommon trap: reason=null_check action=make_not_entrant pc=0x00000000029417b8 method=com.android.dx.rop.type.Type.equals(Ljava/lang/Object;)Z @ 8
Event: 1.028 Thread 0x0000000016614800 Uncommon trap: reason=class_check action=maybe_recompile pc=0x0000000002982a78 method=com.android.dx.rop.type.Type.equals(Ljava/lang/Object;)Z @ 8
Event: 1.289 Thread 0x0000000016614800 Uncommon trap: reason=unstable_if action=reinterpret pc=0x000000000287bdb4 method=java.util.BitSet.ensureCapacity(I)V @ 6
Event: 1.340 Thread 0x0000000016614800 Uncommon trap: reason=class_check action=maybe_recompile pc=0x0000000002982a78 method=com.android.dx.rop.type.Type.equals(Ljava/lang/Object;)Z @ 8
Event: 1.341 Thread 0x0000000016614800 Uncommon trap: reason=class_check action=maybe_recompile pc=0x0000000002982a78 method=com.android.dx.rop.type.Type.equals(Ljava/lang/Object;)Z @ 8

Internal exceptions (3 events):
Event: 0.030 Thread 0x00000000024f1000 Exception <a 'java/lang/NoSuchMethodError': Method sun.misc.Unsafe.defineClass(Ljava/lang/String;[BII)Ljava/lang/Class; name or signature does not match> (0x00000000eab13090) thrown at [D:\re\puppet\workspace\8-2-build-windows-amd64-cygwin\jdk8u73\6086\hotGbŒ" ü?
Event: 0.030 Thread 0x00000000024f1000 Exception <a 'java/lang/NoSuchMethodError': Method sun.misc.Unsafe.prefetchRead(Ljava/lang/Object;J)V name or signature does not match> (0x00000000eab13378) thrown at [D:\re\puppet\workspace\8-2-build-windows-amd64-cygwin\jdk8u73\6086\hotspot\src\share\vm\çnñ
?
Event: 1.002 Thread 0x0000000016610000 Implicit null exception at 0x00000000029416a2 to 0x00000000029417a9

Events (10 events):
Event: 1.312 Executing VM operation: ForceSafepoint
Event: 1.312 Executing VM operation: ForceSafepoint done
Event: 1.340 Thread 0x0000000016614800 Uncommon trap: trap_request=0xffffffde fr.pc=0x0000000002982a78
Event: 1.340 Thread 0x0000000016614800 DEOPT PACKING pc=0x0000000002982a78 sp=0x0000000016faeb60
Event: 1.340 Thread 0x0000000016614800 DEOPT UNPACKING pc=0x000000000263582a sp=0x0000000016faeaf8 mode 2
Event: 1.341 Thread 0x0000000016614800 Uncommon trap: trap_request=0xffffffde fr.pc=0x0000000002982a78
Event: 1.341 Thread 0x0000000016614800 DEOPT PACKING pc=0x0000000002982a78 sp=0x0000000016faeb60
Event: 1.341 Thread 0x0000000016614800 DEOPT UNPACKING pc=0x000000000263582a sp=0x0000000016faeaf8 mode 2
Event: 1.355 Executing VM operation: ParallelGCFailedAllocation
Event: 1.492 Executing VM operation: ParallelGCFailedAllocation done


Dynamic libraries:
0x00007ff6dbe30000 - 0x00007ff6dbe67000 	X:\Program Files\Java\jdk1.8.0_73\bin\java.exe
0x00007ff876650000 - 0x00007ff876811000 	X:\Windows\SYSTEM32\ntdll.dll
0x00007ff8762a0000 - 0x00007ff87634d000 	X:\Windows\system32\KERNEL32.DLL
0x00007ff873400000 - 0x00007ff8735e8000 	X:\Windows\system32\KERNELBASE.dll
0x00007ff875900000 - 0x00007ff8759a7000 	X:\Windows\system32\ADVAPI32.dll
0x00007ff875860000 - 0x00007ff8758fd000 	X:\Windows\system32\msvcrt.dll
0x00007ff876020000 - 0x00007ff87607b000 	X:\Windows\system32\sechost.dll
0x00007ff874050000 - 0x00007ff87416c000 	X:\Windows\system32\RPCRT4.dll
0x00007ff873ee0000 - 0x00007ff874036000 	X:\Windows\system32\USER32.dll
0x00007ff8756d0000 - 0x00007ff875856000 	X:\Windows\system32\GDI32.dll
0x00007ff86b170000 - 0x00007ff86b3e4000 	X:\Windows\WinSxS\amd64_microsoft.windows.common-controls_6595b64144ccf1df_6.0.10586.0_none_8c15ae12515e1c22\COMCTL32.dll
0x00007ff875d20000 - 0x00007ff875f9d000 	X:\Windows\system32\combase.dll
0x00007ff873740000 - 0x00007ff8737aa000 	X:\Windows\system32\bcryptPrimitives.dll
0x00007ff873a50000 - 0x00007ff873a8b000 	X:\Windows\system32\IMM32.DLL
0x0000000053340000 - 0x0000000053412000 	X:\Program Files\Java\jdk1.8.0_73\jre\bin\msvcr100.dll
0x00000000538d0000 - 0x0000000054160000 	X:\Program Files\Java\jdk1.8.0_73\jre\bin\server\jvm.dll
0x00007ff874040000 - 0x00007ff874048000 	X:\Windows\system32\PSAPI.DLL
0x00007ff86b4c0000 - 0x00007ff86b4c9000 	X:\Windows\SYSTEM32\WSOCK32.dll
0x00007ff875fa0000 - 0x00007ff87600b000 	X:\Windows\system32\WS2_32.dll
0x00007ff870f20000 - 0x00007ff870f43000 	X:\Windows\SYSTEM32\WINMM.dll
0x00007ff86f250000 - 0x00007ff86f25a000 	X:\Windows\SYSTEM32\VERSION.dll
0x0000000001f30000 - 0x0000000001f5c000 	X:\Windows\SYSTEM32\WINMMBASE.dll
0x00007ff872d60000 - 0x00007ff872da3000 	X:\Windows\system32\cfgmgr32.dll
0x00000000537e0000 - 0x00000000537ef000 	X:\Program Files\Java\jdk1.8.0_73\jre\bin\verify.dll
0x00000000537b0000 - 0x00000000537d9000 	X:\Program Files\Java\jdk1.8.0_73\jre\bin\java.dll
0x0000000053790000 - 0x00000000537a6000 	X:\Program Files\Java\jdk1.8.0_73\jre\bin\zip.dll
0x00007ff874170000 - 0x00007ff8756cc000 	X:\Windows\system32\SHELL32.dll
0x00007ff872db0000 - 0x00007ff8733f5000 	X:\Windows\system32\windows.storage.dll
0x00007ff876240000 - 0x00007ff876292000 	X:\Windows\system32\shlwapi.dll
0x00007ff872ce0000 - 0x00007ff872cef000 	X:\Windows\system32\kernel.appcore.dll
0x00007ff873680000 - 0x00007ff873735000 	X:\Windows\system32\shcore.dll
0x00007ff872c90000 - 0x00007ff872cdb000 	X:\Windows\system32\powrprof.dll
0x00007ff872c70000 - 0x00007ff872c84000 	X:\Windows\system32\profapi.dll

VM Arguments:
jvm_args: -Djava.awt.headless=true -Xmx1024M -Dfile.encoding=GBK -Duser.country=CN -Duser.language=zh -Duser.variant 
java_command: com.android.dx.command.Main --dex --num-threads=4 --output E:\Android\CalorieCounter\app\build\intermediates\pre-dexed\debug\com.android.support-design-23.2.1_2a94e4507ec2bfa02df0223d8ec37cf5629c4adb.jar E:\Android\CalorieCounter\app\build\intermediates\exploded-aar\com.android.support\design\23.2.1\jars\classes.jar
java_class_path (initial): E:\QMDownload\SDK\build-tools\23.0.3\lib\dx.jar
Launcher Type: SUN_STANDARD

Environment Variables:
PATH=X:\ProgramData\Oracle\Java\javapath;X:\Windows\system32;X:\Windows;X:\Windows\System32\Wbem;X:\Windows\System32\WindowsPowerShell\v1.0\;X:\Program Files (x86)\ATI Technologies\ATI.ACE\Core-Static;D:\Program Files\MATLAB\R2013a\runtime\win64;D:\Program Files\MATLAB\R2013a\bin;X:\Program Files\Java\jdk1.8.0_73\bin;D:\Python27;X:\Program Files (x86)\MySQL\MySQL Fabric 1.5 & MySQL Utilities 1.5\;X:\Program Files (x86)\MySQL\MySQL Fabric 1.5 & MySQL Utilities 1.5\Doctrine extensions for PHP\
USERNAME=Õı…≠
OS=Windows_NT
PROCESSOR_IDENTIFIER=Intel64 Family 6 Model 60 Stepping 3, GenuineIntel



---------------  S Y S T E M  ---------------

OS: Windows 10.0 , 64 bit Build 10586 (10.0.10586.0)

CPU:total 4 (4 cores per cpu, 1 threads per core) family 6 model 60 stepping 3, cmov, cx8, fxsr, mmx, sse, sse2, sse3, ssse3, sse4.1, sse4.2, popcnt, avx, avx2, aes, clmul, erms, lzcnt, tsc, tscinvbit, bmi1, bmi2

Memory: 4k page, physical 8315044k(2050176k free), swap 8315044k(5468k free)

vm_info: Java HotSpot(TM) 64-Bit Server VM (25.73-b02) for windows-amd64 JRE (1.8.0_73-b02), built on Jan 29 2016 17:38:49 by "java_re" with MS VC++ 10.0 (VS2010)

time: Sat Apr 16 14:51:23 2016
elapsed time: 1 seconds (0d 0h 0m 1s)

