#
# There is insufficient memory for the Java Runtime Environment to continue.
# Native memory allocation (malloc) failed to allocate 300016 bytes for Chunk::new
# Possible reasons:
#   The system is out of physical RAM or swap space
#   In 32 bit mode, the process size limit was hit
# Possible solutions:
#   Reduce memory load on the system
#   Increase physical memory or swap space
#   Check if swap backing store is full
#   Use 64 bit Java on a 64 bit OS
#   Decrease Java heap size (-Xmx/-Xms)
#   Decrease number of Java threads
#   Decrease Java thread stack sizes (-Xss)
#   Set larger code cache with -XX:ReservedCodeCacheSize=
# This output file may be truncated or incomplete.
#
#  Out of Memory Error (allocation.cpp:390), pid=912, tid=17496
#
# JRE version: Java(TM) SE Runtime Environment (8.0_73-b02) (build 1.8.0_73-b02)
# Java VM: Java HotSpot(TM) 64-Bit Server VM (25.73-b02 mixed mode windows-amd64 compressed oops)
# Failed to write core dump. Minidumps are not enabled by default on client versions of Windows
#

---------------  T H R E A D  ---------------

Current thread (0x000000001738a000):  JavaThread "C2 CompilerThread0" daemon [_thread_in_native, id=17496, stack(0x0000000018880000,0x0000000018980000)]

Stack: [0x0000000018880000,0x0000000018980000]
[error occurred during error reporting (printing stack bounds), id 0xc0000005]

Native frames: (J=compiled Java code, j=interpreted, Vv=VM code, C=native code)


Current CompileTask:
C2:   1154 1148       4       com.android.dx.ssa.MoveParamCombiner$1::visitNonMoveInsn (213 bytes)


---------------  P R O C E S S  ---------------

Java Threads: ( => current thread )
  0x0000000018bf0800 JavaThread "pool-2-thread-4" [_thread_blocked, id=11132, stack(0x0000000019580000,0x0000000019680000)]
  0x0000000018b45000 JavaThread "pool-2-thread-3" [_thread_blocked, id=18508, stack(0x0000000019480000,0x0000000019580000)]
  0x0000000018b44000 JavaThread "pool-2-thread-2" [_thread_blocked, id=20412, stack(0x0000000019380000,0x0000000019480000)]
  0x0000000018b41800 JavaThread "pool-3-thread-1" [_thread_blocked, id=3400, stack(0x0000000019280000,0x0000000019380000)]
  0x0000000018b3e800 JavaThread "pool-2-thread-1" [_thread_blocked, id=1308, stack(0x0000000019180000,0x0000000019280000)]
  0x00000000189f9000 JavaThread "Service Thread" daemon [_thread_blocked, id=8080, stack(0x0000000018f80000,0x0000000019080000)]
  0x00000000189cf000 JavaThread "C1 CompilerThread2" daemon [_thread_in_native, id=15880, stack(0x0000000018e80000,0x0000000018f80000)]
  0x000000001738d000 JavaThread "C2 CompilerThread1" daemon [_thread_in_native, id=9404, stack(0x0000000018d80000,0x0000000018e80000)]
=>0x000000001738a000 JavaThread "C2 CompilerThread0" daemon [_thread_in_native, id=17496, stack(0x0000000018880000,0x0000000018980000)]
  0x000000001733d800 JavaThread "Attach Listener" daemon [_thread_blocked, id=14732, stack(0x0000000018780000,0x0000000018880000)]
  0x0000000017327800 JavaThread "Signal Dispatcher" daemon [_thread_blocked, id=7456, stack(0x0000000018680000,0x0000000018780000)]
  0x0000000002700800 JavaThread "Finalizer" daemon [_thread_blocked, id=8568, stack(0x0000000018580000,0x0000000018680000)]
  0x00000000026fd000 JavaThread "Reference Handler" daemon [_thread_blocked, id=16620, stack(0x0000000018480000,0x0000000018580000)]
  0x0000000002611000 JavaThread "main" [_thread_blocked, id=7844, stack(0x0000000002510000,0x0000000002610000)]

Other Threads:
  0x00000000172f8000 VMThread [stack: 0x0000000018380000,0x0000000018480000] [id=18504]
  0x0000000018a43800 WatcherThread [stack: 0x0000000019080000,0x0000000019180000] [id=15900]

VM state:not at safepoint (normal execution)

VM Mutex/Monitor currently owned by a thread: None

Heap:
 PSYoungGen      total 38400K, used 33280K [0x00000000d5580000, 0x00000000d8000000, 0x0000000100000000)
  eden space 33280K, 100% used [0x00000000d5580000,0x00000000d7600000,0x00000000d7600000)
  from space 5120K, 0% used [0x00000000d7b00000,0x00000000d7b00000,0x00000000d8000000)
  to   space 5120K, 0% used [0x00000000d7600000,0x00000000d7600000,0x00000000d7b00000)
 ParOldGen       total 87552K, used 0K [0x0000000080000000, 0x0000000085580000, 0x00000000d5580000)
  object space 87552K, 0% used [0x0000000080000000,0x0000000080000000,0x0000000085580000)
 Metaspace       used 5974K, capacity 6836K, committed 7040K, reserved 1056768K
  class space    used 602K, capacity 620K, committed 640K, reserved 1048576K

Card table byte_map: [0x0000000011ad0000,0x0000000011ee0000] byte_map_base: 0x00000000116d0000

Marking Bits: (ParMarkBitMap*) 0x000000005dcb0600
 Begin Bits: [0x0000000012590000, 0x0000000014590000)
 End Bits:   [0x0000000014590000, 0x0000000016590000)

Polling page: 0x00000000001f0000

CodeCache: size=245760Kb used=4374Kb max_used=4374Kb free=241385Kb
 bounds [0x0000000002710000, 0x0000000002b60000, 0x0000000011710000]
 total_blobs=1425 nmethods=1154 adapters=184
 compilation: enabled

Compilation events (10 events):
Event: 1.150 Thread 0x00000000189cf000 nmethod 1151 0x0000000002b44f10 code [0x0000000002b45080, 0x0000000002b453d0]
Event: 1.150 Thread 0x00000000189cf000 1152       3       com.android.dx.ssa.back.FirstFitLocalCombiningAllocator::findRopRegForLocal (74 bytes)
Event: 1.150 Thread 0x00000000189cf000 nmethod 1152 0x0000000002b48a10 code [0x0000000002b48be0, 0x0000000002b492c8]
Event: 1.150 Thread 0x00000000189cf000 1153       3       com.android.dx.ssa.back.FirstFitLocalCombiningAllocator::canMapRegs (60 bytes)
Event: 1.151 Thread 0x00000000189cf000 nmethod 1153 0x0000000002b46e90 code [0x0000000002b47100, 0x0000000002b48148]
Event: 1.151 Thread 0x00000000189cf000 1155       3       com.android.dx.rop.code.SourcePosition::equals (46 bytes)
Event: 1.151 Thread 0x00000000189cf000 nmethod 1155 0x0000000002b4b190 code [0x0000000002b4b320, 0x0000000002b4b848]
Event: 1.152 Thread 0x00000000189cf000 1156       3       com.android.dx.ssa.SsaConverter::placePhiFunctions (394 bytes)
Event: 1.154 Thread 0x00000000189cf000 nmethod 1156 0x0000000002b4b950 code [0x0000000002b4bf00, 0x0000000002b4f528]
Event: 1.154 Thread 0x00000000189cf000 1160       3       com.android.dx.ssa.back.SsaToRop::removePhiFunctions (83 bytes)

GC Heap History (0 events):
No events

Deoptimization events (9 events):
Event: 0.428 Thread 0x0000000002611000 Uncommon trap: reason=unstable_if action=reinterpret pc=0x00000000029291c0 method=java.lang.String.<init>([CII)V @ 18
Event: 0.443 Thread 0x0000000002611000 Uncommon trap: reason=unstable_if action=reinterpret pc=0x00000000029564f0 method=java.util.BitSet.nextSetBit(I)I @ 87
Event: 0.447 Thread 0x0000000002611000 Uncommon trap: reason=unstable_if action=reinterpret pc=0x000000000292f644 method=java.util.HashMap.getNode(ILjava/lang/Object;)Ljava/util/HashMap$Node; @ 62
Event: 0.565 Thread 0x0000000018b3e800 Uncommon trap: reason=unstable_if action=reinterpret pc=0x00000000029f7bcc method=java.util.HashMap.getNode(ILjava/lang/Object;)Ljava/util/HashMap$Node; @ 129
Event: 0.951 Thread 0x0000000018bf0800 Uncommon trap: reason=class_check action=maybe_recompile pc=0x000000000299f170 method=com.android.dx.ssa.NormalSsaInsn.accept(Lcom/android/dx/ssa/SsaInsn$Visitor;)V @ 9
Event: 0.951 Thread 0x0000000018bf0800 Uncommon trap: reason=class_check action=maybe_recompile pc=0x000000000299f170 method=com.android.dx.ssa.NormalSsaInsn.accept(Lcom/android/dx/ssa/SsaInsn$Visitor;)V @ 9
Event: 0.951 Thread 0x0000000018bf0800 Uncommon trap: reason=class_check action=maybe_recompile pc=0x000000000299f170 method=com.android.dx.ssa.NormalSsaInsn.accept(Lcom/android/dx/ssa/SsaInsn$Visitor;)V @ 9
Event: 0.951 Thread 0x0000000018bf0800 Uncommon trap: reason=class_check action=maybe_recompile pc=0x000000000299f170 method=com.android.dx.ssa.NormalSsaInsn.accept(Lcom/android/dx/ssa/SsaInsn$Visitor;)V @ 9
Event: 1.033 Thread 0x0000000018b45000 Uncommon trap: reason=null_check action=make_not_entrant pc=0x0000000002a77f08 method=com.android.dx.ssa.SsaRenamer.getLocalForNewReg(I)Lcom/android/dx/rop/code/LocalItem; @ 19

Internal exceptions (3 events):
Event: 0.039 Thread 0x0000000002611000 Exception <a 'java/lang/NoSuchMethodError': Method sun.misc.Unsafe.defineClass(Ljava/lang/String;[BII)Ljava/lang/Class; name or signature does not match> (0x00000000d5593090) thrown at [D:\re\puppet\workspace\8-2-build-windows-amd64-cygwin\jdk8u73\6086\hotdÄ˜å
Event: 0.039 Thread 0x0000000002611000 Exception <a 'java/lang/NoSuchMethodError': Method sun.misc.Unsafe.prefetchRead(Ljava/lang/Object;J)V name or signature does not match> (0x00000000d5593378) thrown at [D:\re\puppet\workspace\8-2-build-windows-amd64-cygwin\jdk8u73\6086\hotspot\src\share\vm\%´Œ®‡ð?
Event: 1.033 Thread 0x0000000018b45000 Implicit null exception at 0x0000000002a75a87 to 0x0000000002a77ec5

Events (10 events):
Event: 0.965 loading class java/util/ArrayList$1 done
Event: 0.978 loading class java/util/TreeMap$EntrySet
Event: 0.978 loading class java/util/TreeMap$EntrySet done
Event: 0.978 loading class java/util/TreeMap$EntryIterator
Event: 0.978 loading class java/util/TreeMap$EntryIterator done
Event: 1.033 Thread 0x0000000018b45000 Uncommon trap: trap_request=0xfffffff4 fr.pc=0x0000000002a77f08
Event: 1.033 Thread 0x0000000018b45000 DEOPT PACKING pc=0x0000000002a77f08 sp=0x000000001957ee50
Event: 1.033 Thread 0x0000000018b45000 DEOPT UNPACKING pc=0x000000000275582a sp=0x000000001957eca8 mode 2
Event: 1.140 Executing VM operation: ForceSafepoint
Event: 1.141 Executing VM operation: ForceSafepoint done


Dynamic libraries:
0x00007ff64d3f0000 - 0x00007ff64d427000 	X:\Program Files\Java\jdk1.8.0_73\bin\java.exe
0x00007ffae65e0000 - 0x00007ffae67a1000 	X:\Windows\SYSTEM32\ntdll.dll
0x00007ffae39e0000 - 0x00007ffae3a8d000 	X:\Windows\system32\KERNEL32.DLL
0x00007ffae3420000 - 0x00007ffae3608000 	X:\Windows\system32\KERNELBASE.dll
0x00007ffae5290000 - 0x00007ffae5337000 	X:\Windows\system32\ADVAPI32.dll
0x00007ffae6300000 - 0x00007ffae639d000 	X:\Windows\system32\msvcrt.dll
0x00007ffae61d0000 - 0x00007ffae622b000 	X:\Windows\system32\sechost.dll
0x00007ffae5830000 - 0x00007ffae594c000 	X:\Windows\system32\RPCRT4.dll
0x00007ffae5950000 - 0x00007ffae5aa6000 	X:\Windows\system32\USER32.dll
0x00007ffae56a0000 - 0x00007ffae5826000 	X:\Windows\system32\GDI32.dll
0x00007ffada4a0000 - 0x00007ffada714000 	X:\Windows\WinSxS\amd64_microsoft.windows.common-controls_6595b64144ccf1df_6.0.10586.0_none_8c15ae12515e1c22\COMCTL32.dll
0x00007ffae5ab0000 - 0x00007ffae5d2d000 	X:\Windows\system32\combase.dll
0x00007ffae3330000 - 0x00007ffae339a000 	X:\Windows\system32\bcryptPrimitives.dll
0x00007ffae4ff0000 - 0x00007ffae502b000 	X:\Windows\system32\IMM32.DLL
0x000000005d3c0000 - 0x000000005d492000 	X:\Program Files\Java\jdk1.8.0_73\jre\bin\msvcr100.dll
0x000000005d4a0000 - 0x000000005dd30000 	X:\Program Files\Java\jdk1.8.0_73\jre\bin\server\jvm.dll
0x00007ffae65d0000 - 0x00007ffae65d8000 	X:\Windows\system32\PSAPI.DLL
0x00007ffad6220000 - 0x00007ffad6229000 	X:\Windows\SYSTEM32\WSOCK32.dll
0x00007ffae0ef0000 - 0x00007ffae0f13000 	X:\Windows\SYSTEM32\WINMM.dll
0x00007ffae6160000 - 0x00007ffae61cb000 	X:\Windows\system32\WS2_32.dll
0x00007ffadf760000 - 0x00007ffadf76a000 	X:\Windows\SYSTEM32\VERSION.dll
0x0000000000440000 - 0x000000000046c000 	X:\Windows\SYSTEM32\WINMMBASE.dll
0x00007ffae2c90000 - 0x00007ffae2cd3000 	X:\Windows\system32\cfgmgr32.dll
0x000000005d370000 - 0x000000005d37f000 	X:\Program Files\Java\jdk1.8.0_73\jre\bin\verify.dll
0x000000005d340000 - 0x000000005d369000 	X:\Program Files\Java\jdk1.8.0_73\jre\bin\java.dll
0x000000005d320000 - 0x000000005d336000 	X:\Program Files\Java\jdk1.8.0_73\jre\bin\zip.dll
0x00007ffae3a90000 - 0x00007ffae4fec000 	X:\Windows\system32\SHELL32.dll
0x00007ffae2ce0000 - 0x00007ffae3325000 	X:\Windows\system32\windows.storage.dll
0x00007ffae6460000 - 0x00007ffae64b2000 	X:\Windows\system32\shlwapi.dll
0x00007ffae2c80000 - 0x00007ffae2c8f000 	X:\Windows\system32\kernel.appcore.dll
0x00007ffae3750000 - 0x00007ffae3805000 	X:\Windows\system32\shcore.dll
0x00007ffae2c00000 - 0x00007ffae2c4b000 	X:\Windows\system32\powrprof.dll
0x00007ffae2c60000 - 0x00007ffae2c74000 	X:\Windows\system32\profapi.dll

VM Arguments:
jvm_args: -Djava.awt.headless=true -Xmx2g -Dfile.encoding=GBK -Duser.country=CN -Duser.language=zh -Duser.variant 
java_command: com.android.dx.command.Main --dex --num-threads=4 --multi-dex --output E:\Android\CalorieCounter\app\build\intermediates\transforms\dex\debug\folders\1000\2\picasso-2.5.2_f19bc8512a460ac7df759013986e530956aa1cfe E:\Android\CalorieCounter\app\libs\picasso-2.5.2.jar
java_class_path (initial): E:\QMDownload\SDK\build-tools\23.0.3\lib\dx.jar
Launcher Type: SUN_STANDARD

Environment Variables:
PATH=X:\ProgramData\Oracle\Java\javapath;X:\Windows\system32;X:\Windows;X:\Windows\System32\Wbem;X:\Windows\System32\WindowsPowerShell\v1.0\;X:\Program Files (x86)\ATI Technologies\ATI.ACE\Core-Static;D:\Program Files\MATLAB\R2013a\runtime\win64;D:\Program Files\MATLAB\R2013a\bin;X:\Program Files\Java\jdk1.8.0_73\bin;D:\Python27;X:\Program Files (x86)\MySQL\MySQL Fabric 1.5 & MySQL Utilities 1.5\;X:\Program Files (x86)\MySQL\MySQL Fabric 1.5 & MySQL Utilities 1.5\Doctrine extensions for PHP\
USERNAME=ÍõÉ­
OS=Windows_NT
PROCESSOR_IDENTIFIER=Intel64 Family 6 Model 60 Stepping 3, GenuineIntel



---------------  S Y S T E M  ---------------

OS: Windows 10.0 , 64 bit Build 10586 (10.0.10586.0)

CPU:total 4 (4 cores per cpu, 1 threads per core) family 6 model 60 stepping 3, cmov, cx8, fxsr, mmx, sse, sse2, sse3, ssse3, sse4.1, sse4.2, popcnt, avx, avx2, aes, clmul, erms, lzcnt, tsc, tscinvbit, bmi1, bmi2

Memory: 4k page, physical 8315044k(1667268k free), swap 8315044k(5480k free)

vm_info: Java HotSpot(TM) 64-Bit Server VM (25.73-b02) for windows-amd64 JRE (1.8.0_73-b02), built on Jan 29 2016 17:38:49 by "java_re" with MS VC++ 10.0 (VS2010)

time: Thu Apr 21 23:58:18 2016
elapsed time: 1 seconds (0d 0h 0m 1s)

