#
# There is insufficient memory for the Java Runtime Environment to continue.
# Native memory allocation (malloc) failed to allocate 413936 bytes for Chunk::new
# Possible reasons:
#   The system is out of physical RAM or swap space
#   In 32 bit mode, the process size limit was hit
# Possible solutions:
#   Reduce memory load on the system
#   Increase physical memory or swap space
#   Check if swap backing store is full
#   Use 64 bit Java on a 64 bit OS
#   Decrease Java heap size (-Xmx/-Xms)
#   Decrease number of Java threads
#   Decrease Java thread stack sizes (-Xss)
#   Set larger code cache with -XX:ReservedCodeCacheSize=
# This output file may be truncated or incomplete.
#
#  Out of Memory Error (allocation.cpp:390), pid=8244, tid=17932
#
# JRE version: Java(TM) SE Runtime Environment (8.0_73-b02) (build 1.8.0_73-b02)
# Java VM: Java HotSpot(TM) 64-Bit Server VM (25.73-b02 mixed mode windows-amd64 compressed oops)
# Failed to write core dump. Minidumps are not enabled by default on client versions of Windows
#

---------------  T H R E A D  ---------------

Current thread (0x000000001bd8a000):  JavaThread "C2 CompilerThread0" daemon [_thread_in_native, id=17932, stack(0x000000001d2e0000,0x000000001d3e0000)]

Stack: [0x000000001d2e0000,0x000000001d3e0000]
[error occurred during error reporting (printing stack bounds), id 0xc0000005]

Native frames: (J=compiled Java code, j=interpreted, Vv=VM code, C=native code)


Current CompileTask:
C2:   1141 1152       4       com.android.dx.ssa.back.LivenessAnalyzer::handleTailRecursion (94 bytes)


---------------  P R O C E S S  ---------------

Java Threads: ( => current thread )
  0x000000001d63e800 JavaThread "pool-2-thread-4" [_thread_blocked, id=16892, stack(0x000000001dfe0000,0x000000001e0e0000)]
  0x000000001d63d800 JavaThread "pool-2-thread-3" [_thread_blocked, id=9212, stack(0x000000001dee0000,0x000000001dfe0000)]
  0x000000001d5f5000 JavaThread "pool-2-thread-2" [_thread_blocked, id=14284, stack(0x000000001dde0000,0x000000001dee0000)]
  0x000000001d589800 JavaThread "pool-3-thread-1" [_thread_blocked, id=14940, stack(0x000000001dce0000,0x000000001dde0000)]
  0x000000001d588800 JavaThread "pool-2-thread-1" [_thread_in_Java, id=2484, stack(0x000000001dbe0000,0x000000001dce0000)]
  0x000000001d469000 JavaThread "Service Thread" daemon [_thread_blocked, id=2864, stack(0x000000001d9e0000,0x000000001dae0000)]
  0x000000001d43a800 JavaThread "C1 CompilerThread2" daemon [_thread_blocked, id=5496, stack(0x000000001d8e0000,0x000000001d9e0000)]
  0x000000001d430000 JavaThread "C2 CompilerThread1" daemon [_thread_in_native, id=7968, stack(0x000000001d7e0000,0x000000001d8e0000)]
=>0x000000001bd8a000 JavaThread "C2 CompilerThread0" daemon [_thread_in_native, id=17932, stack(0x000000001d2e0000,0x000000001d3e0000)]
  0x000000001bd3d800 JavaThread "Attach Listener" daemon [_thread_blocked, id=14404, stack(0x000000001d1e0000,0x000000001d2e0000)]
  0x000000001bd27800 JavaThread "Signal Dispatcher" daemon [_thread_blocked, id=3864, stack(0x000000001d0e0000,0x000000001d1e0000)]
  0x0000000002650800 JavaThread "Finalizer" daemon [_thread_blocked, id=18880, stack(0x000000001cf80000,0x000000001d080000)]
  0x000000000264d000 JavaThread "Reference Handler" daemon [_thread_blocked, id=14344, stack(0x000000001ce80000,0x000000001cf80000)]
  0x0000000002561000 JavaThread "main" [_thread_in_native, id=676, stack(0x0000000002460000,0x0000000002560000)]

Other Threads:
  0x000000001bcf8000 VMThread [stack: 0x000000001cd80000,0x000000001ce80000] [id=8412]
  0x000000001d4bc800 WatcherThread [stack: 0x000000001dae0000,0x000000001dbe0000] [id=23252]

VM state:not at safepoint (normal execution)

VM Mutex/Monitor currently owned by a thread: None

Heap:
 PSYoungGen      total 38400K, used 28648K [0x000000076ab00000, 0x000000076d580000, 0x00000007c0000000)
  eden space 33280K, 86% used [0x000000076ab00000,0x000000076c6fa380,0x000000076cb80000)
  from space 5120K, 0% used [0x000000076d080000,0x000000076d080000,0x000000076d580000)
  to   space 5120K, 0% used [0x000000076cb80000,0x000000076cb80000,0x000000076d080000)
 ParOldGen       total 87552K, used 0K [0x00000006c0000000, 0x00000006c5580000, 0x000000076ab00000)
  object space 87552K, 0% used [0x00000006c0000000,0x00000006c0000000,0x00000006c5580000)
 Metaspace       used 5787K, capacity 6896K, committed 7040K, reserved 1056768K
  class space    used 584K, capacity 616K, committed 640K, reserved 1048576K

Card table byte_map: [0x0000000011a20000,0x0000000012230000] byte_map_base: 0x000000000e420000

Marking Bits: (ParMarkBitMap*) 0x0000000064400600
 Begin Bits: [0x0000000012b90000, 0x0000000016b90000)
 End Bits:   [0x0000000016b90000, 0x000000001ab90000)

Polling page: 0x00000000001f0000

CodeCache: size=245760Kb used=4694Kb max_used=4694Kb free=241065Kb
 bounds [0x0000000002660000, 0x0000000002b00000, 0x0000000011660000]
 total_blobs=1432 nmethods=1168 adapters=177
 compilation: enabled

Compilation events (10 events):
Event: 1.139 Thread 0x000000001d43a800 nmethod 1168 0x0000000002af3010 code [0x0000000002af3340, 0x0000000002af4928]
Event: 1.139 Thread 0x000000001d43a800 1166       3       com.android.dx.ssa.SsaConverter::edgeSplitPredecessors (44 bytes)
Event: 1.140 Thread 0x000000001d43a800 nmethod 1166 0x0000000002ae8650 code [0x0000000002ae8860, 0x0000000002ae9228]
Event: 1.140 Thread 0x000000001d43a800 1169       3       java.util.BitSet::set (18 bytes)
Event: 1.140 Thread 0x000000001d43a800 nmethod 1169 0x0000000002ae81d0 code [0x0000000002ae8340, 0x0000000002ae8578]
Event: 1.140 Thread 0x000000001d43a800 1170       3       com.android.dx.ssa.NormalSsaInsn::clone (5 bytes)
Event: 1.140 Thread 0x000000001d43a800 nmethod 1170 0x0000000002af53d0 code [0x0000000002af5580, 0x0000000002af5ad8]
Event: 1.140 Thread 0x000000001d43a800 1167       3       java.util.Arrays::copyOf (19 bytes)
Event: 1.140 Thread 0x000000001d43a800 nmethod 1167 0x0000000002af5d10 code [0x0000000002af5e80, 0x0000000002af61a8]
Event: 1.140 Thread 0x000000001d43a800 1171       3       com.android.dx.ssa.SsaMethod::forEachBlockDepthFirstDom (128 bytes)

GC Heap History (0 events):
No events

Deoptimization events (10 events):
Event: 0.480 Thread 0x000000001d588800 Uncommon trap: reason=unstable_if action=reinterpret pc=0x000000000281534c method=com.android.dx.rop.cst.CstFieldRef.compareTo0(Lcom/android/dx/rop/cst/Constant;)I @ 7
Event: 0.480 Thread 0x000000001d588800 Uncommon trap: reason=unstable_if action=reinterpret pc=0x0000000002807e08 method=com.android.dx.rop.cst.CstFieldRef.compareTo0(Lcom/android/dx/rop/cst/Constant;)I @ 7
Event: 0.485 Thread 0x000000001d5f5000 Uncommon trap: reason=class_check action=maybe_recompile pc=0x00000000028cef8c method=com.android.dx.rop.cst.CstMemberRef.compareTo0(Lcom/android/dx/rop/cst/Constant;)I @ 1
Event: 0.485 Thread 0x000000001d5f5000 Uncommon trap: reason=class_check action=maybe_recompile pc=0x00000000028cef8c method=com.android.dx.rop.cst.CstMemberRef.compareTo0(Lcom/android/dx/rop/cst/Constant;)I @ 1
Event: 0.485 Thread 0x000000001d5f5000 Uncommon trap: reason=class_check action=maybe_recompile pc=0x00000000028cef8c method=com.android.dx.rop.cst.CstMemberRef.compareTo0(Lcom/android/dx/rop/cst/Constant;)I @ 1
Event: 0.485 Thread 0x000000001d5f5000 Uncommon trap: reason=class_check action=maybe_recompile pc=0x00000000028cef8c method=com.android.dx.rop.cst.CstMemberRef.compareTo0(Lcom/android/dx/rop/cst/Constant;)I @ 1
Event: 0.544 Thread 0x000000001d63e800 Uncommon trap: reason=unstable_if action=reinterpret pc=0x00000000028a5150 method=java.util.HashMap.getNode(ILjava/lang/Object;)Ljava/util/HashMap$Node; @ 62
Event: 0.559 Thread 0x0000000002561000 Uncommon trap: reason=unstable_if action=reinterpret pc=0x000000000284d308 method=java.lang.String.<init>([CII)V @ 18
Event: 0.592 Thread 0x0000000002561000 Uncommon trap: reason=unloaded action=reinterpret pc=0x00000000029419e8 method=com.android.dx.cf.cst.ConstantPoolParser.parse0(ILjava/util/BitSet;)Lcom/android/dx/rop/cst/Constant; @ 475
Event: 0.658 Thread 0x000000001d588800 Uncommon trap: reason=class_check action=maybe_recompile pc=0x00000000029a8c68 method=com.android.dx.ssa.NormalSsaInsn.accept(Lcom/android/dx/ssa/SsaInsn$Visitor;)V @ 9

Internal exceptions (2 events):
Event: 0.060 Thread 0x0000000002561000 Exception <a 'java/lang/NoSuchMethodError': Method sun.misc.Unsafe.defineClass(Ljava/lang/String;[BII)Ljava/lang/Class; name or signature does not match> (0x000000076ab13090) thrown at [D:\re\puppet\workspace\8-2-build-windows-amd64-cygwin\jdk8u73\6086\hotN‰  –®?
Event: 0.060 Thread 0x0000000002561000 Exception <a 'java/lang/NoSuchMethodError': Method sun.misc.Unsafe.prefetchRead(Ljava/lang/Object;J)V name or signature does not match> (0x000000076ab13378) thrown at [D:\re\puppet\workspace\8-2-build-windows-amd64-cygwin\jdk8u73\6086\hotspot\src\share\vm\

Events (10 events):
Event: 0.658 loading class java/util/TreeMap$EntrySet done
Event: 0.658 loading class java/util/TreeMap$EntryIterator
Event: 0.658 loading class java/util/TreeMap$EntryIterator done
Event: 0.658 Thread 0x000000001d588800 Uncommon trap: trap_request=0xffffffde fr.pc=0x00000000029a8c68
Event: 0.658 Thread 0x000000001d588800 DEOPT PACKING pc=0x00000000029a8c68 sp=0x000000001dcdea70
Event: 0.658 Thread 0x000000001d588800 DEOPT UNPACKING pc=0x00000000026a582a sp=0x000000001dcde9b0 mode 2
Event: 0.681 loading class com/android/dx/cf/code/SwitchList
Event: 0.681 loading class com/android/dx/cf/code/SwitchList done
Event: 0.779 Executing VM operation: ForceSafepoint
Event: 0.979 Executing VM operation: ForceSafepoint done


Dynamic libraries:
0x00007ff79cf10000 - 0x00007ff79cf47000 	X:\Program Files\Java\jdk1.8.0_73\bin\java.exe
0x00007ffa94180000 - 0x00007ffa94341000 	X:\Windows\SYSTEM32\ntdll.dll
0x00007ffa91d90000 - 0x00007ffa91e3d000 	X:\Windows\system32\KERNEL32.DLL
0x00007ffa90ba0000 - 0x00007ffa90d88000 	X:\Windows\system32\KERNELBASE.dll
0x00007ffa91e40000 - 0x00007ffa91ee7000 	X:\Windows\system32\ADVAPI32.dll
0x00007ffa91af0000 - 0x00007ffa91b8d000 	X:\Windows\system32\msvcrt.dll
0x00007ffa91840000 - 0x00007ffa9189b000 	X:\Windows\system32\sechost.dll
0x00007ffa91580000 - 0x00007ffa9169c000 	X:\Windows\system32\RPCRT4.dll
0x00007ffa93ad0000 - 0x00007ffa93c26000 	X:\Windows\system32\USER32.dll
0x00007ffa91c00000 - 0x00007ffa91d86000 	X:\Windows\system32\GDI32.dll
0x00007ffa89e50000 - 0x00007ffa8a0c4000 	X:\Windows\WinSxS\amd64_microsoft.windows.common-controls_6595b64144ccf1df_6.0.10586.0_none_8c15ae12515e1c22\COMCTL32.dll
0x00007ffa92100000 - 0x00007ffa9237d000 	X:\Windows\system32\combase.dll
0x00007ffa90b30000 - 0x00007ffa90b9a000 	X:\Windows\system32\bcryptPrimitives.dll
0x00007ffa92380000 - 0x00007ffa923bb000 	X:\Windows\system32\IMM32.DLL
0x0000000063b10000 - 0x0000000063be2000 	X:\Program Files\Java\jdk1.8.0_73\jre\bin\msvcr100.dll
0x0000000063bf0000 - 0x0000000064480000 	X:\Program Files\Java\jdk1.8.0_73\jre\bin\server\jvm.dll
0x00007ffa918a0000 - 0x00007ffa918a8000 	X:\Windows\system32\PSAPI.DLL
0x00007ffa8b570000 - 0x00007ffa8b579000 	X:\Windows\SYSTEM32\WSOCK32.dll
0x00007ffa8e890000 - 0x00007ffa8e8b3000 	X:\Windows\SYSTEM32\WINMM.dll
0x00007ffa8d5f0000 - 0x00007ffa8d5fa000 	X:\Windows\SYSTEM32\VERSION.dll
0x00007ffa916a0000 - 0x00007ffa9170b000 	X:\Windows\system32\WS2_32.dll
0x00007ffa8e5b0000 - 0x00007ffa8e5dc000 	X:\Windows\SYSTEM32\WINMMBASE.dll
0x00007ffa90910000 - 0x00007ffa90953000 	X:\Windows\system32\cfgmgr32.dll
0x0000000064a90000 - 0x0000000064a9f000 	X:\Program Files\Java\jdk1.8.0_73\jre\bin\verify.dll
0x0000000063aa0000 - 0x0000000063ac9000 	X:\Program Files\Java\jdk1.8.0_73\jre\bin\java.dll
0x0000000063a80000 - 0x0000000063a96000 	X:\Program Files\Java\jdk1.8.0_73\jre\bin\zip.dll
0x00007ffa92570000 - 0x00007ffa93acc000 	X:\Windows\system32\SHELL32.dll
0x00007ffa90d90000 - 0x00007ffa913d5000 	X:\Windows\system32\windows.storage.dll
0x00007ffa91a70000 - 0x00007ffa91ac2000 	X:\Windows\system32\shlwapi.dll
0x00007ffa907d0000 - 0x00007ffa907df000 	X:\Windows\system32\kernel.appcore.dll
0x00007ffa90830000 - 0x00007ffa908e5000 	X:\Windows\system32\shcore.dll
0x00007ffa907e0000 - 0x00007ffa9082b000 	X:\Windows\system32\powrprof.dll
0x00007ffa907b0000 - 0x00007ffa907c4000 	X:\Windows\system32\profapi.dll

VM Arguments:
jvm_args: -Djava.awt.headless=true -Xmx4g -Dfile.encoding=GBK -Duser.country=CN -Duser.language=zh -Duser.variant 
java_command: com.android.dx.command.Main --dex --num-threads=4 --multi-dex --output E:\Android\CalorieCounter\app\build\intermediates\transforms\dex\debug\folders\1000\1\debug_c12e9ece3e3c2bd2b03ef862e6ab9486fb6796ba E:\Android\CalorieCounter\app\build\intermediates\classes\debug
java_class_path (initial): E:\QMDownload\SDK\build-tools\23.0.3\lib\dx.jar
Launcher Type: SUN_STANDARD

Environment Variables:
PATH=X:\ProgramData\Oracle\Java\javapath;X:\Windows\system32;X:\Windows;X:\Windows\System32\Wbem;X:\Windows\System32\WindowsPowerShell\v1.0\;X:\Program Files (x86)\ATI Technologies\ATI.ACE\Core-Static;D:\Program Files\MATLAB\R2013a\runtime\win64;D:\Program Files\MATLAB\R2013a\bin;X:\Program Files\Java\jdk1.8.0_73\bin;D:\Python27;X:\Program Files (x86)\MySQL\MySQL Fabric 1.5 & MySQL Utilities 1.5\;X:\Program Files (x86)\MySQL\MySQL Fabric 1.5 & MySQL Utilities 1.5\Doctrine extensions for PHP\
USERNAME=ÍõÉ­
OS=Windows_NT
PROCESSOR_IDENTIFIER=Intel64 Family 6 Model 60 Stepping 3, GenuineIntel



---------------  S Y S T E M  ---------------

OS: Windows 10.0 , 64 bit Build 10586 (10.0.10586.0)

CPU:total 4 (4 cores per cpu, 1 threads per core) family 6 model 60 stepping 3, cmov, cx8, fxsr, mmx, sse, sse2, sse3, ssse3, sse4.1, sse4.2, popcnt, avx, avx2, aes, clmul, erms, lzcnt, tsc, tscinvbit, bmi1, bmi2

Memory: 4k page, physical 8315044k(2048068k free), swap 8315044k(5576k free)

vm_info: Java HotSpot(TM) 64-Bit Server VM (25.73-b02) for windows-amd64 JRE (1.8.0_73-b02), built on Jan 29 2016 17:38:49 by "java_re" with MS VC++ 10.0 (VS2010)

time: Thu Apr 21 21:11:39 2016
elapsed time: 1 seconds (0d 0h 0m 1s)

