#
# There is insufficient memory for the Java Runtime Environment to continue.
# Native memory allocation (malloc) failed to allocate 457376 bytes for Chunk::new
# Possible reasons:
#   The system is out of physical RAM or swap space
#   In 32 bit mode, the process size limit was hit
# Possible solutions:
#   Reduce memory load on the system
#   Increase physical memory or swap space
#   Check if swap backing store is full
#   Use 64 bit Java on a 64 bit OS
#   Decrease Java heap size (-Xmx/-Xms)
#   Decrease number of Java threads
#   Decrease Java thread stack sizes (-Xss)
#   Set larger code cache with -XX:ReservedCodeCacheSize=
# This output file may be truncated or incomplete.
#
#  Out of Memory Error (allocation.cpp:390), pid=17736, tid=15060
#
# JRE version: Java(TM) SE Runtime Environment (8.0_73-b02) (build 1.8.0_73-b02)
# Java VM: Java HotSpot(TM) 64-Bit Server VM (25.73-b02 mixed mode windows-amd64 compressed oops)
# Failed to write core dump. Minidumps are not enabled by default on client versions of Windows
#

---------------  T H R E A D  ---------------

Current thread (0x000000001bd6e000):  JavaThread "C2 CompilerThread1" daemon [_thread_in_native, id=15060, stack(0x000000001d760000,0x000000001d860000)]

Stack: [0x000000001d760000,0x000000001d860000]
[error occurred during error reporting (printing stack bounds), id 0xc0000005]

Native frames: (J=compiled Java code, j=interpreted, Vv=VM code, C=native code)


Current CompileTask:
C2:   3898 1630       4       com.android.dx.ssa.LiteralOpUpgrader::tryReplacingWithConstant (161 bytes)


---------------  P R O C E S S  ---------------

Java Threads: ( => current thread )
  0x000000001d5fb800 JavaThread "pool-2-thread-4" [_thread_in_Java, id=18112, stack(0x000000001df60000,0x000000001e060000)]
  0x000000001d5f9800 JavaThread "pool-2-thread-3" [_thread_blocked, id=12640, stack(0x000000001de60000,0x000000001df60000)]
  0x000000001d5e2800 JavaThread "pool-2-thread-2" [_thread_in_Java, id=19000, stack(0x000000001dd60000,0x000000001de60000)]
  0x000000001d61d000 JavaThread "pool-3-thread-1" [_thread_blocked, id=22872, stack(0x000000001dc60000,0x000000001dd60000)]
  0x000000001d61c800 JavaThread "pool-2-thread-1" [_thread_blocked, id=15240, stack(0x000000001db60000,0x000000001dc60000)]
  0x000000001d3bb000 JavaThread "Service Thread" daemon [_thread_blocked, id=6660, stack(0x000000001d960000,0x000000001da60000)]
  0x000000001d3b8000 JavaThread "C1 CompilerThread2" daemon [_thread_blocked, id=23304, stack(0x000000001d860000,0x000000001d960000)]
=>0x000000001bd6e000 JavaThread "C2 CompilerThread1" daemon [_thread_in_native, id=15060, stack(0x000000001d760000,0x000000001d860000)]
  0x000000001bd6b000 JavaThread "C2 CompilerThread0" daemon [_thread_in_native, id=7392, stack(0x000000001d260000,0x000000001d360000)]
  0x000000001bd69000 JavaThread "Attach Listener" daemon [_thread_blocked, id=728, stack(0x000000001d160000,0x000000001d260000)]
  0x000000001bd1d800 JavaThread "Signal Dispatcher" daemon [_thread_blocked, id=21168, stack(0x000000001d060000,0x000000001d160000)]
  0x0000000002630800 JavaThread "Finalizer" daemon [_thread_blocked, id=23160, stack(0x000000001cf60000,0x000000001d060000)]
  0x000000000262d000 JavaThread "Reference Handler" daemon [_thread_blocked, id=3080, stack(0x000000001ce60000,0x000000001cf60000)]
  0x0000000002541000 JavaThread "main" [_thread_blocked, id=18880, stack(0x0000000002440000,0x0000000002540000)]

Other Threads:
  0x000000001bcd8000 VMThread [stack: 0x000000001cd60000,0x000000001ce60000] [id=3564]
  0x000000001d3d7000 WatcherThread [stack: 0x000000001da60000,0x000000001db60000] [id=5160]

VM state:not at safepoint (normal execution)

VM Mutex/Monitor currently owned by a thread: None

Heap:
 PSYoungGen      total 71680K, used 42093K [0x000000076ab00000, 0x000000076f600000, 0x00000007c0000000)
  eden space 66560K, 55% used [0x000000076ab00000,0x000000076cf1dd28,0x000000076ec00000)
  from space 5120K, 99% used [0x000000076f100000,0x000000076f5fd878,0x000000076f600000)
  to   space 5120K, 0% used [0x000000076ec00000,0x000000076ec00000,0x000000076f100000)
 ParOldGen       total 87552K, used 5805K [0x00000006c0000000, 0x00000006c5580000, 0x000000076ab00000)
  object space 87552K, 6% used [0x00000006c0000000,0x00000006c05ab5a0,0x00000006c5580000)
 Metaspace       used 6275K, capacity 7092K, committed 7296K, reserved 1056768K
  class space    used 606K, capacity 620K, committed 640K, reserved 1048576K

Card table byte_map: [0x0000000011a00000,0x0000000012210000] byte_map_base: 0x000000000e400000

Marking Bits: (ParMarkBitMap*) 0x0000000064400600
 Begin Bits: [0x0000000012b70000, 0x0000000016b70000)
 End Bits:   [0x0000000016b70000, 0x000000001ab70000)

Polling page: 0x00000000001f0000

CodeCache: size=245760Kb used=7192Kb max_used=7192Kb free=238567Kb
 bounds [0x0000000002640000, 0x0000000002d50000, 0x0000000011640000]
 total_blobs=1938 nmethods=1667 adapters=184
 compilation: enabled

Compilation events (10 events):
Event: 3.864 Thread 0x000000001d3b8000 1655       2       com.android.dx.dex.file.ClassDefItem::addInstanceField (9 bytes)
Event: 3.864 Thread 0x000000001d3b8000 nmethod 1655 0x0000000002d38750 code [0x0000000002d388e0, 0x0000000002d38c38]
Event: 3.867 Thread 0x000000001d3b8000 1656       2       com.android.dx.cf.code.OneLocalsArray::makeInitialized (55 bytes)
Event: 3.867 Thread 0x000000001d3b8000 nmethod 1656 0x0000000002d37f10 code [0x0000000002d380a0, 0x0000000002d38458]
Event: 3.870 Thread 0x000000001d3b8000 1657       2       com.android.dx.command.dexer.Main::access$1700 (4 bytes)
Event: 3.870 Thread 0x000000001d3b8000 nmethod 1657 0x0000000002d37c10 code [0x0000000002d37d60, 0x0000000002d37eb0]
Event: 3.871 Thread 0x000000001d3b8000 1658       2       com.android.dx.command.dexer.Main::access$1600 (4 bytes)
Event: 3.871 Thread 0x000000001d3b8000 nmethod 1658 0x0000000002d37910 code [0x0000000002d37a60, 0x0000000002d37bb0]
Event: 3.872 Thread 0x000000001d3b8000 1659       2       com.android.dx.rop.annotation.Annotation::put (32 bytes)
Event: 3.872 Thread 0x000000001d3b8000 nmethod 1659 0x0000000002d37290 code [0x0000000002d37420, 0x0000000002d37728]

GC Heap History (4 events):
Event: 2.353 GC heap before
{Heap before GC invocations=1 (full 0):
 PSYoungGen      total 38400K, used 33280K [0x000000076ab00000, 0x000000076d580000, 0x00000007c0000000)
  eden space 33280K, 100% used [0x000000076ab00000,0x000000076cb80000,0x000000076cb80000)
  from space 5120K, 0% used [0x000000076d080000,0x000000076d080000,0x000000076d580000)
  to   space 5120K, 0% used [0x000000076cb80000,0x000000076cb80000,0x000000076d080000)
 ParOldGen       total 87552K, used 0K [0x00000006c0000000, 0x00000006c5580000, 0x000000076ab00000)
  object space 87552K, 0% used [0x00000006c0000000,0x00000006c0000000,0x00000006c5580000)
 Metaspace       used 6063K, capacity 6964K, committed 7040K, reserved 1056768K
  class space    used 604K, capacity 620K, committed 640K, reserved 1048576K
Event: 2.475 GC heap after
Heap after GC invocations=1 (full 0):
 PSYoungGen      total 38400K, used 5116K [0x000000076ab00000, 0x000000076f600000, 0x00000007c0000000)
  eden space 33280K, 0% used [0x000000076ab00000,0x000000076ab00000,0x000000076cb80000)
  from space 5120K, 99% used [0x000000076cb80000,0x000000076d07f2a8,0x000000076d080000)
  to   space 5120K, 0% used [0x000000076f100000,0x000000076f100000,0x000000076f600000)
 ParOldGen       total 87552K, used 1190K [0x00000006c0000000, 0x00000006c5580000, 0x000000076ab00000)
  object space 87552K, 1% used [0x00000006c0000000,0x00000006c0129b48,0x00000006c5580000)
 Metaspace       used 6063K, capacity 6964K, committed 7040K, reserved 1056768K
  class space    used 604K, capacity 620K, committed 640K, reserved 1048576K
}
Event: 2.778 GC heap before
{Heap before GC invocations=2 (full 0):
 PSYoungGen      total 38400K, used 38396K [0x000000076ab00000, 0x000000076f600000, 0x00000007c0000000)
  eden space 33280K, 100% used [0x000000076ab00000,0x000000076cb80000,0x000000076cb80000)
  from space 5120K, 99% used [0x000000076cb80000,0x000000076d07f2a8,0x000000076d080000)
  to   space 5120K, 0% used [0x000000076f100000,0x000000076f100000,0x000000076f600000)
 ParOldGen       total 87552K, used 1190K [0x00000006c0000000, 0x00000006c5580000, 0x000000076ab00000)
  object space 87552K, 1% used [0x00000006c0000000,0x00000006c0129b48,0x00000006c5580000)
 Metaspace       used 6227K, capacity 7092K, committed 7296K, reserved 1056768K
  class space    used 606K, capacity 620K, committed 640K, reserved 1048576K
Event: 3.031 GC heap after
Heap after GC invocations=2 (full 0):
 PSYoungGen      total 71680K, used 5110K [0x000000076ab00000, 0x000000076f600000, 0x00000007c0000000)
  eden space 66560K, 0% used [0x000000076ab00000,0x000000076ab00000,0x000000076ec00000)
  from space 5120K, 99% used [0x000000076f100000,0x000000076f5fd878,0x000000076f600000)
  to   space 5120K, 0% used [0x000000076ec00000,0x000000076ec00000,0x000000076f100000)
 ParOldGen       total 87552K, used 5805K [0x00000006c0000000, 0x00000006c5580000, 0x000000076ab00000)
  object space 87552K, 6% used [0x00000006c0000000,0x00000006c05ab5a0,0x00000006c5580000)
 Metaspace       used 6227K, capacity 7092K, committed 7296K, reserved 1056768K
  class space    used 606K, capacity 620K, committed 640K, reserved 1048576K
}

Deoptimization events (10 events):
Event: 2.721 Thread 0x0000000002541000 Uncommon trap: reason=bimorphic action=maybe_recompile pc=0x0000000002a5d1b8 method=java.util.HashMap.getNode(ILjava/lang/Object;)Ljava/util/HashMap$Node; @ 126
Event: 2.721 Thread 0x0000000002541000 Uncommon trap: reason=class_check action=maybe_recompile pc=0x0000000002b1d24c method=java.util.HashMap.putVal(ILjava/lang/Object;Ljava/lang/Object;ZZ)Ljava/lang/Object; @ 203
Event: 2.721 Thread 0x0000000002541000 Uncommon trap: reason=bimorphic action=maybe_recompile pc=0x0000000002a5d1b8 method=java.util.HashMap.getNode(ILjava/lang/Object;)Ljava/util/HashMap$Node; @ 126
Event: 2.721 Thread 0x0000000002541000 Uncommon trap: reason=class_check action=maybe_recompile pc=0x0000000002b1d24c method=java.util.HashMap.putVal(ILjava/lang/Object;Ljava/lang/Object;ZZ)Ljava/lang/Object; @ 203
Event: 2.721 Thread 0x0000000002541000 Uncommon trap: reason=bimorphic action=maybe_recompile pc=0x0000000002b55d80 method=java.util.HashMap.getNode(ILjava/lang/Object;)Ljava/util/HashMap$Node; @ 126
Event: 3.048 Thread 0x0000000002541000 Uncommon trap: reason=unloaded action=reinterpret pc=0x0000000002b89104 method=com.android.dx.cf.cst.ConstantPoolParser.parse0(ILjava/util/BitSet;)Lcom/android/dx/rop/cst/Constant; @ 198
Event: 3.364 Thread 0x000000001d5e2800 Uncommon trap: reason=class_check action=maybe_recompile pc=0x0000000002b93d50 method=java.util.HashMap.putVal(ILjava/lang/Object;Ljava/lang/Object;ZZ)Ljava/lang/Object; @ 203
Event: 3.808 Thread 0x000000001d5e2800 Uncommon trap: reason=bimorphic action=maybe_recompile pc=0x0000000002a5d1b8 method=java.util.HashMap.getNode(ILjava/lang/Object;)Ljava/util/HashMap$Node; @ 126
Event: 3.809 Thread 0x000000001d5e2800 Uncommon trap: reason=class_check action=maybe_recompile pc=0x0000000002b1d24c method=java.util.HashMap.putVal(ILjava/lang/Object;Ljava/lang/Object;ZZ)Ljava/lang/Object; @ 203
Event: 3.873 Thread 0x000000001d5fb800 Uncommon trap: reason=bimorphic action=maybe_recompile pc=0x0000000002cdc78c method=com.android.dx.cf.code.Merger.mergeType(Lcom/android/dx/rop/type/TypeBearer;Lcom/android/dx/rop/type/TypeBearer;)Lcom/android/dx/rop/type/TypeBearer; @ 21

Internal exceptions (3 events):
Event: 0.036 Thread 0x0000000002541000 Exception <a 'java/lang/NoSuchMethodError': Method sun.misc.Unsafe.defineClass(Ljava/lang/String;[BII)Ljava/lang/Class; name or signature does not match> (0x000000076ab13090) thrown at [D:\re\puppet\workspace\8-2-build-windows-amd64-cygwin\jdk8u73\6086\hotÞK’°XU¢?
Event: 0.036 Thread 0x0000000002541000 Exception <a 'java/lang/NoSuchMethodError': Method sun.misc.Unsafe.prefetchRead(Ljava/lang/Object;J)V name or signature does not match> (0x000000076ab13378) thrown at [D:\re\puppet\workspace\8-2-build-windows-amd64-cygwin\jdk8u73\6086\hotspot\src\share\vm\§ˆ±×z@
Event: 2.560 Thread 0x000000001d5e2800 Implicit null exception at 0x0000000002926f25 to 0x0000000002929309

Events (10 events):
Event: 3.549 Thread 0x000000001d5e2800 DEOPT UNPACKING pc=0x000000000268787f sp=0x000000001de5e628 mode 0
Event: 3.808 Thread 0x000000001d5e2800 Uncommon trap: trap_request=0xffffffc6 fr.pc=0x0000000002a5d1b8
Event: 3.808 Thread 0x000000001d5e2800 DEOPT PACKING pc=0x0000000002a5d1b8 sp=0x000000001de5e9c0
Event: 3.809 Thread 0x000000001d5e2800 DEOPT UNPACKING pc=0x000000000268582a sp=0x000000001de5e950 mode 2
Event: 3.809 Thread 0x000000001d5e2800 Uncommon trap: trap_request=0xffffffde fr.pc=0x0000000002b1d24c
Event: 3.809 Thread 0x000000001d5e2800 DEOPT PACKING pc=0x0000000002b1d24c sp=0x000000001de5e9a0
Event: 3.809 Thread 0x000000001d5e2800 DEOPT UNPACKING pc=0x000000000268582a sp=0x000000001de5e928 mode 2
Event: 3.873 Thread 0x000000001d5fb800 Uncommon trap: trap_request=0xffffffc6 fr.pc=0x0000000002cdc78c
Event: 3.873 Thread 0x000000001d5fb800 DEOPT PACKING pc=0x0000000002cdc78c sp=0x000000001e05e700
Event: 3.873 Thread 0x000000001d5fb800 DEOPT UNPACKING pc=0x000000000268582a sp=0x000000001e05e690 mode 2


Dynamic libraries:
0x00007ff79cf10000 - 0x00007ff79cf47000 	X:\Program Files\Java\jdk1.8.0_73\bin\java.exe
0x00007ffa94180000 - 0x00007ffa94341000 	X:\Windows\SYSTEM32\ntdll.dll
0x00007ffa91d90000 - 0x00007ffa91e3d000 	X:\Windows\system32\KERNEL32.DLL
0x00007ffa90ba0000 - 0x00007ffa90d88000 	X:\Windows\system32\KERNELBASE.dll
0x00007ffa91e40000 - 0x00007ffa91ee7000 	X:\Windows\system32\ADVAPI32.dll
0x00007ffa91af0000 - 0x00007ffa91b8d000 	X:\Windows\system32\msvcrt.dll
0x00007ffa91840000 - 0x00007ffa9189b000 	X:\Windows\system32\sechost.dll
0x00007ffa91580000 - 0x00007ffa9169c000 	X:\Windows\system32\RPCRT4.dll
0x00007ffa93ad0000 - 0x00007ffa93c26000 	X:\Windows\system32\USER32.dll
0x00007ffa91c00000 - 0x00007ffa91d86000 	X:\Windows\system32\GDI32.dll
0x00007ffa89e50000 - 0x00007ffa8a0c4000 	X:\Windows\WinSxS\amd64_microsoft.windows.common-controls_6595b64144ccf1df_6.0.10586.0_none_8c15ae12515e1c22\COMCTL32.dll
0x00007ffa92100000 - 0x00007ffa9237d000 	X:\Windows\system32\combase.dll
0x00007ffa90b30000 - 0x00007ffa90b9a000 	X:\Windows\system32\bcryptPrimitives.dll
0x00007ffa92380000 - 0x00007ffa923bb000 	X:\Windows\system32\IMM32.DLL
0x0000000063b10000 - 0x0000000063be2000 	X:\Program Files\Java\jdk1.8.0_73\jre\bin\msvcr100.dll
0x0000000063bf0000 - 0x0000000064480000 	X:\Program Files\Java\jdk1.8.0_73\jre\bin\server\jvm.dll
0x00007ffa918a0000 - 0x00007ffa918a8000 	X:\Windows\system32\PSAPI.DLL
0x00007ffa8e890000 - 0x00007ffa8e8b3000 	X:\Windows\SYSTEM32\WINMM.dll
0x00007ffa8b570000 - 0x00007ffa8b579000 	X:\Windows\SYSTEM32\WSOCK32.dll
0x00007ffa916a0000 - 0x00007ffa9170b000 	X:\Windows\system32\WS2_32.dll
0x00007ffa8d5f0000 - 0x00007ffa8d5fa000 	X:\Windows\SYSTEM32\VERSION.dll
0x00007ffa8e5b0000 - 0x00007ffa8e5dc000 	X:\Windows\SYSTEM32\winmmbase.dll
0x00007ffa90910000 - 0x00007ffa90953000 	X:\Windows\system32\cfgmgr32.dll
0x0000000064a90000 - 0x0000000064a9f000 	X:\Program Files\Java\jdk1.8.0_73\jre\bin\verify.dll
0x0000000063aa0000 - 0x0000000063ac9000 	X:\Program Files\Java\jdk1.8.0_73\jre\bin\java.dll
0x0000000063a80000 - 0x0000000063a96000 	X:\Program Files\Java\jdk1.8.0_73\jre\bin\zip.dll
0x00007ffa92570000 - 0x00007ffa93acc000 	X:\Windows\system32\SHELL32.dll
0x00007ffa90d90000 - 0x00007ffa913d5000 	X:\Windows\system32\windows.storage.dll
0x00007ffa91a70000 - 0x00007ffa91ac2000 	X:\Windows\system32\shlwapi.dll
0x00007ffa907d0000 - 0x00007ffa907df000 	X:\Windows\system32\kernel.appcore.dll
0x00007ffa90830000 - 0x00007ffa908e5000 	X:\Windows\system32\shcore.dll
0x00007ffa907e0000 - 0x00007ffa9082b000 	X:\Windows\system32\powrprof.dll
0x00007ffa907b0000 - 0x00007ffa907c4000 	X:\Windows\system32\profapi.dll

VM Arguments:
jvm_args: -Djava.awt.headless=true -Xmx4g -Dfile.encoding=GBK -Duser.country=CN -Duser.language=zh -Duser.variant 
java_command: com.android.dx.command.Main --dex --num-threads=4 --multi-dex --output E:\Android\CalorieCounter\app\build\intermediates\transforms\dex\debug\folders\1000\10\com.android.support-design-23.2.1_2a94e4507ec2bfa02df0223d8ec37cf5629c4adb E:\Android\CalorieCounter\app\build\intermediates\exploded-aar\com.android.support\design\23.2.1\jars\classes.jar
java_class_path (initial): E:\QMDownload\SDK\build-tools\23.0.3\lib\dx.jar
Launcher Type: SUN_STANDARD

Environment Variables:
PATH=X:\ProgramData\Oracle\Java\javapath;X:\Windows\system32;X:\Windows;X:\Windows\System32\Wbem;X:\Windows\System32\WindowsPowerShell\v1.0\;X:\Program Files (x86)\ATI Technologies\ATI.ACE\Core-Static;D:\Program Files\MATLAB\R2013a\runtime\win64;D:\Program Files\MATLAB\R2013a\bin;X:\Program Files\Java\jdk1.8.0_73\bin;D:\Python27;X:\Program Files (x86)\MySQL\MySQL Fabric 1.5 & MySQL Utilities 1.5\;X:\Program Files (x86)\MySQL\MySQL Fabric 1.5 & MySQL Utilities 1.5\Doctrine extensions for PHP\
USERNAME=ÍõÉ­
OS=Windows_NT
PROCESSOR_IDENTIFIER=Intel64 Family 6 Model 60 Stepping 3, GenuineIntel



---------------  S Y S T E M  ---------------

OS: Windows 10.0 , 64 bit Build 10586 (10.0.10586.0)

CPU:total 4 (4 cores per cpu, 1 threads per core) family 6 model 60 stepping 3, cmov, cx8, fxsr, mmx, sse, sse2, sse3, ssse3, sse4.1, sse4.2, popcnt, avx, avx2, aes, clmul, erms, lzcnt, tsc, tscinvbit, bmi1, bmi2

Memory: 4k page, physical 8315044k(2277808k free), swap 8315044k(5584k free)

vm_info: Java HotSpot(TM) 64-Bit Server VM (25.73-b02) for windows-amd64 JRE (1.8.0_73-b02), built on Jan 29 2016 17:38:49 by "java_re" with MS VC++ 10.0 (VS2010)

time: Thu Apr 21 22:17:52 2016
elapsed time: 3 seconds (0d 0h 0m 3s)

