#
# There is insufficient memory for the Java Runtime Environment to continue.
# Native memory allocation (malloc) failed to allocate 32744 bytes for ChunkPool::allocate
# Possible reasons:
#   The system is out of physical RAM or swap space
#   In 32 bit mode, the process size limit was hit
# Possible solutions:
#   Reduce memory load on the system
#   Increase physical memory or swap space
#   Check if swap backing store is full
#   Use 64 bit Java on a 64 bit OS
#   Decrease Java heap size (-Xmx/-Xms)
#   Decrease number of Java threads
#   Decrease Java thread stack sizes (-Xss)
#   Set larger code cache with -XX:ReservedCodeCacheSize=
# This output file may be truncated or incomplete.
#
#  Out of Memory Error (allocation.cpp:273), pid=16596, tid=16532
#
# JRE version: Java(TM) SE Runtime Environment (8.0_73-b02) (build 1.8.0_73-b02)
# Java VM: Java HotSpot(TM) 64-Bit Server VM (25.73-b02 mixed mode windows-amd64 compressed oops)
# Failed to write core dump. Minidumps are not enabled by default on client versions of Windows
#

---------------  T H R E A D  ---------------

Current thread (0x000000001bded000):  JavaThread "C2 CompilerThread0" daemon [_thread_in_native, id=16532, stack(0x000000001d340000,0x000000001d440000)]

Stack: [0x000000001d340000,0x000000001d440000]
[error occurred during error reporting (printing stack bounds), id 0xc0000005]

Native frames: (J=compiled Java code, j=interpreted, Vv=VM code, C=native code)


Current CompileTask:
C2:    914  710       4       com.android.dx.rop.type.Type::hashCode (8 bytes)


---------------  P R O C E S S  ---------------

Java Threads: ( => current thread )
  0x000000001d6aa800 JavaThread "pool-2-thread-4" [_thread_blocked, id=4740, stack(0x000000001e040000,0x000000001e140000)]
  0x000000001d5ff000 JavaThread "pool-2-thread-3" [_thread_in_Java, id=3476, stack(0x000000001df40000,0x000000001e040000)]
  0x000000001d5ee000 JavaThread "pool-2-thread-2" [_thread_blocked, id=11616, stack(0x000000001de40000,0x000000001df40000)]
  0x000000001d5e9000 JavaThread "pool-3-thread-1" [_thread_blocked, id=19988, stack(0x000000001dd40000,0x000000001de40000)]
  0x000000001d5e6800 JavaThread "pool-2-thread-1" [_thread_blocked, id=3960, stack(0x000000001dc40000,0x000000001dd40000)]
  0x000000001d4a0000 JavaThread "Service Thread" daemon [_thread_blocked, id=13396, stack(0x000000001da40000,0x000000001db40000)]
  0x000000001d48e000 JavaThread "C1 CompilerThread2" daemon [_thread_in_native, id=6376, stack(0x000000001d940000,0x000000001da40000)]
  0x000000001be3c800 JavaThread "C2 CompilerThread1" daemon [_thread_in_native, id=2772, stack(0x000000001d840000,0x000000001d940000)]
=>0x000000001bded000 JavaThread "C2 CompilerThread0" daemon [_thread_in_native, id=16532, stack(0x000000001d340000,0x000000001d440000)]
  0x000000001bdea800 JavaThread "Attach Listener" daemon [_thread_blocked, id=22584, stack(0x000000001d240000,0x000000001d340000)]
  0x000000001be39800 JavaThread "Signal Dispatcher" daemon [_thread_blocked, id=9076, stack(0x000000001d140000,0x000000001d240000)]
  0x0000000002700800 JavaThread "Finalizer" daemon [_thread_blocked, id=23036, stack(0x000000001d040000,0x000000001d140000)]
  0x00000000026fd000 JavaThread "Reference Handler" daemon [_thread_blocked, id=3268, stack(0x000000001cf40000,0x000000001d040000)]
  0x0000000002611000 JavaThread "main" [_thread_in_native, id=22692, stack(0x0000000002410000,0x0000000002510000)]

Other Threads:
  0x000000001bda8000 VMThread [stack: 0x000000001ce40000,0x000000001cf40000] [id=19448]
  0x000000001d4ec800 WatcherThread [stack: 0x000000001db40000,0x000000001dc40000] [id=11824]

VM state:not at safepoint (normal execution)

VM Mutex/Monitor currently owned by a thread: None

Heap:
 PSYoungGen      total 38400K, used 15986K [0x000000076ab00000, 0x000000076d580000, 0x00000007c0000000)
  eden space 33280K, 48% used [0x000000076ab00000,0x000000076ba9ca58,0x000000076cb80000)
  from space 5120K, 0% used [0x000000076d080000,0x000000076d080000,0x000000076d580000)
  to   space 5120K, 0% used [0x000000076cb80000,0x000000076cb80000,0x000000076d080000)
 ParOldGen       total 87552K, used 0K [0x00000006c0000000, 0x00000006c5580000, 0x000000076ab00000)
  object space 87552K, 0% used [0x00000006c0000000,0x00000006c0000000,0x00000006c5580000)
 Metaspace       used 5462K, capacity 6576K, committed 6784K, reserved 1056768K
  class space    used 574K, capacity 616K, committed 640K, reserved 1048576K

Card table byte_map: [0x0000000011ad0000,0x00000000122e0000] byte_map_base: 0x000000000e4d0000

Marking Bits: (ParMarkBitMap*) 0x0000000064400600
 Begin Bits: [0x0000000012c40000, 0x0000000016c40000)
 End Bits:   [0x0000000016c40000, 0x000000001ac40000)

Polling page: 0x00000000001f0000

CodeCache: size=245760Kb used=2737Kb max_used=2748Kb free=243022Kb
 bounds [0x0000000002710000, 0x00000000029d0000, 0x0000000011710000]
 total_blobs=956 nmethods=693 adapters=176
 compilation: enabled

Compilation events (10 events):
Event: 0.907 Thread 0x000000001d48e000  688   !   3       com.android.dx.cf.code.RopperMachine::run (1550 bytes)
Event: 0.908 Thread 0x000000001bded000  697       4       java.lang.Long::bitCount (61 bytes)
Event: 0.909 Thread 0x000000001bded000 nmethod 697 0x00000000029b6810 code [0x00000000029b6940, 0x00000000029b69f8]
Event: 0.909 Thread 0x000000001bded000  704       4       com.android.dx.ssa.NormalSsaInsn::accept (25 bytes)
Event: 0.910 Thread 0x000000001bded000 nmethod 704 0x00000000029b3790 code [0x00000000029b38e0, 0x00000000029b39e8]
Event: 0.911 Thread 0x000000001bded000  706       4       com.android.dx.ssa.NormalSsaInsn::getOpcode (8 bytes)
Event: 0.911 Thread 0x000000001bded000 nmethod 706 0x00000000029bfcd0 code [0x00000000029bfe00, 0x00000000029bfe78]
Event: 0.912 Thread 0x000000001bded000  709       4       java.util.BitSet::get (69 bytes)
Event: 0.912 Thread 0x000000001bded000 nmethod 709 0x00000000029b34d0 code [0x00000000029b3600, 0x00000000029b36d8]
Event: 0.912 Thread 0x000000001bded000  710       4       com.android.dx.rop.type.Type::hashCode (8 bytes)

GC Heap History (0 events):
No events

Deoptimization events (6 events):
Event: 0.638 Thread 0x000000001d5ee000 Uncommon trap: reason=class_check action=maybe_recompile pc=0x000000000288c7cc method=com.android.dx.rop.cst.CstMemberRef.compareTo0(Lcom/android/dx/rop/cst/Constant;)I @ 1
Event: 0.638 Thread 0x000000001d5ff000 Uncommon trap: reason=class_check action=maybe_recompile pc=0x000000000288c7cc method=com.android.dx.rop.cst.CstMemberRef.compareTo0(Lcom/android/dx/rop/cst/Constant;)I @ 1
Event: 0.638 Thread 0x000000001d5ff000 Uncommon trap: reason=class_check action=maybe_recompile pc=0x000000000288c7cc method=com.android.dx.rop.cst.CstMemberRef.compareTo0(Lcom/android/dx/rop/cst/Constant;)I @ 1
Event: 0.638 Thread 0x000000001d5ee000 Uncommon trap: reason=class_check action=maybe_recompile pc=0x000000000288c7cc method=com.android.dx.rop.cst.CstMemberRef.compareTo0(Lcom/android/dx/rop/cst/Constant;)I @ 1
Event: 0.682 Thread 0x0000000002611000 Uncommon trap: reason=unstable_if action=reinterpret pc=0x000000000288d0d4 method=com.android.dx.rop.cst.CstFieldRef.compareTo0(Lcom/android/dx/rop/cst/Constant;)I @ 7
Event: 0.909 Thread 0x000000001d5ff000 Uncommon trap: reason=unstable_if action=reinterpret pc=0x0000000002959f90 method=java.util.HashMap.getNode(ILjava/lang/Object;)Ljava/util/HashMap$Node; @ 62

Internal exceptions (2 events):
Event: 0.042 Thread 0x0000000002611000 Exception <a 'java/lang/NoSuchMethodError': Method sun.misc.Unsafe.defineClass(Ljava/lang/String;[BII)Ljava/lang/Class; name or signature does not match> (0x000000076ab13020) thrown at [D:\re\puppet\workspace\8-2-build-windows-amd64-cygwin\jdk8u73\6086\hot~1éäçK•?
Event: 0.042 Thread 0x0000000002611000 Exception <a 'java/lang/NoSuchMethodError': Method sun.misc.Unsafe.prefetchRead(Ljava/lang/Object;J)V name or signature does not match> (0x000000076ab13308) thrown at [D:\re\puppet\workspace\8-2-build-windows-amd64-cygwin\jdk8u73\6086\hotspot\src\share\vm\

Events (10 events):
Event: 0.638 Thread 0x000000001d5ee000 DEOPT PACKING pc=0x000000000288c7cc sp=0x000000001df3ef60
Event: 0.638 Thread 0x000000001d5ee000 DEOPT UNPACKING pc=0x000000000275582a sp=0x000000001df3eee8 mode 2
Event: 0.644 loading class com/android/dx/cf/code/BytecodeArray$ConstantParserVisitor
Event: 0.644 loading class com/android/dx/cf/code/BytecodeArray$ConstantParserVisitor done
Event: 0.682 Thread 0x0000000002611000 Uncommon trap: trap_request=0xffffff65 fr.pc=0x000000000288d0d4
Event: 0.682 Thread 0x0000000002611000 DEOPT PACKING pc=0x000000000288d0d4 sp=0x000000000250e330
Event: 0.682 Thread 0x0000000002611000 DEOPT UNPACKING pc=0x000000000275582a sp=0x000000000250e2b8 mode 2
Event: 0.909 Thread 0x000000001d5ff000 Uncommon trap: trap_request=0xffffff65 fr.pc=0x0000000002959f90
Event: 0.909 Thread 0x000000001d5ff000 DEOPT PACKING pc=0x0000000002959f90 sp=0x000000001e03e330
Event: 0.909 Thread 0x000000001d5ff000 DEOPT UNPACKING pc=0x000000000275582a sp=0x000000001e03e2a8 mode 2


Dynamic libraries:
0x00007ff79cf10000 - 0x00007ff79cf47000 	X:\Program Files\Java\jdk1.8.0_73\bin\java.exe
0x00007ffa94180000 - 0x00007ffa94341000 	X:\Windows\SYSTEM32\ntdll.dll
0x00007ffa91d90000 - 0x00007ffa91e3d000 	X:\Windows\system32\KERNEL32.DLL
0x00007ffa90ba0000 - 0x00007ffa90d88000 	X:\Windows\system32\KERNELBASE.dll
0x00007ffa91e40000 - 0x00007ffa91ee7000 	X:\Windows\system32\ADVAPI32.dll
0x00007ffa91af0000 - 0x00007ffa91b8d000 	X:\Windows\system32\msvcrt.dll
0x00007ffa91840000 - 0x00007ffa9189b000 	X:\Windows\system32\sechost.dll
0x00007ffa91580000 - 0x00007ffa9169c000 	X:\Windows\system32\RPCRT4.dll
0x00007ffa93ad0000 - 0x00007ffa93c26000 	X:\Windows\system32\USER32.dll
0x00007ffa91c00000 - 0x00007ffa91d86000 	X:\Windows\system32\GDI32.dll
0x00007ffa89e50000 - 0x00007ffa8a0c4000 	X:\Windows\WinSxS\amd64_microsoft.windows.common-controls_6595b64144ccf1df_6.0.10586.0_none_8c15ae12515e1c22\COMCTL32.dll
0x00007ffa92100000 - 0x00007ffa9237d000 	X:\Windows\system32\combase.dll
0x00007ffa90b30000 - 0x00007ffa90b9a000 	X:\Windows\system32\bcryptPrimitives.dll
0x00007ffa92380000 - 0x00007ffa923bb000 	X:\Windows\system32\IMM32.DLL
0x0000000063b10000 - 0x0000000063be2000 	X:\Program Files\Java\jdk1.8.0_73\jre\bin\msvcr100.dll
0x0000000063bf0000 - 0x0000000064480000 	X:\Program Files\Java\jdk1.8.0_73\jre\bin\server\jvm.dll
0x00007ffa918a0000 - 0x00007ffa918a8000 	X:\Windows\system32\PSAPI.DLL
0x00007ffa8e890000 - 0x00007ffa8e8b3000 	X:\Windows\SYSTEM32\WINMM.dll
0x00007ffa8b570000 - 0x00007ffa8b579000 	X:\Windows\SYSTEM32\WSOCK32.dll
0x00007ffa916a0000 - 0x00007ffa9170b000 	X:\Windows\system32\WS2_32.dll
0x00007ffa8d5f0000 - 0x00007ffa8d5fa000 	X:\Windows\SYSTEM32\VERSION.dll
0x00007ffa8e5b0000 - 0x00007ffa8e5dc000 	X:\Windows\SYSTEM32\WINMMBASE.dll
0x00007ffa90910000 - 0x00007ffa90953000 	X:\Windows\system32\cfgmgr32.dll
0x0000000064a90000 - 0x0000000064a9f000 	X:\Program Files\Java\jdk1.8.0_73\jre\bin\verify.dll
0x0000000063aa0000 - 0x0000000063ac9000 	X:\Program Files\Java\jdk1.8.0_73\jre\bin\java.dll
0x0000000063a80000 - 0x0000000063a96000 	X:\Program Files\Java\jdk1.8.0_73\jre\bin\zip.dll
0x00007ffa92570000 - 0x00007ffa93acc000 	X:\Windows\system32\SHELL32.dll
0x00007ffa90d90000 - 0x00007ffa913d5000 	X:\Windows\system32\windows.storage.dll
0x00007ffa91a70000 - 0x00007ffa91ac2000 	X:\Windows\system32\shlwapi.dll
0x00007ffa907d0000 - 0x00007ffa907df000 	X:\Windows\system32\kernel.appcore.dll
0x00007ffa90830000 - 0x00007ffa908e5000 	X:\Windows\system32\shcore.dll
0x00007ffa907e0000 - 0x00007ffa9082b000 	X:\Windows\system32\powrprof.dll
0x00007ffa907b0000 - 0x00007ffa907c4000 	X:\Windows\system32\profapi.dll

VM Arguments:
jvm_args: -Djava.awt.headless=true -Xmx4g -Dfile.encoding=GBK -Duser.country=CN -Duser.language=zh -Duser.variant 
java_command: com.android.dx.command.Main --dex --num-threads=4 --multi-dex --output E:\Android\CalorieCounter\app\build\intermediates\transforms\dex\debug\folders\1000\1\debug_c12e9ece3e3c2bd2b03ef862e6ab9486fb6796ba E:\Android\CalorieCounter\app\build\intermediates\classes\debug
java_class_path (initial): E:\QMDownload\SDK\build-tools\23.0.3\lib\dx.jar
Launcher Type: SUN_STANDARD

Environment Variables:
PATH=X:\ProgramData\Oracle\Java\javapath;X:\Windows\system32;X:\Windows;X:\Windows\System32\Wbem;X:\Windows\System32\WindowsPowerShell\v1.0\;X:\Program Files (x86)\ATI Technologies\ATI.ACE\Core-Static;D:\Program Files\MATLAB\R2013a\runtime\win64;D:\Program Files\MATLAB\R2013a\bin;X:\Program Files\Java\jdk1.8.0_73\bin;D:\Python27;X:\Program Files (x86)\MySQL\MySQL Fabric 1.5 & MySQL Utilities 1.5\;X:\Program Files (x86)\MySQL\MySQL Fabric 1.5 & MySQL Utilities 1.5\Doctrine extensions for PHP\
USERNAME=Õı…≠
OS=Windows_NT
PROCESSOR_IDENTIFIER=Intel64 Family 6 Model 60 Stepping 3, GenuineIntel



---------------  S Y S T E M  ---------------

OS: Windows 10.0 , 64 bit Build 10586 (10.0.10586.0)

CPU:total 4 (4 cores per cpu, 1 threads per core) family 6 model 60 stepping 3, cmov, cx8, fxsr, mmx, sse, sse2, sse3, ssse3, sse4.1, sse4.2, popcnt, avx, avx2, aes, clmul, erms, lzcnt, tsc, tscinvbit, bmi1, bmi2

Memory: 4k page, physical 8315044k(1988248k free), swap 8315044k(2456k free)

vm_info: Java HotSpot(TM) 64-Bit Server VM (25.73-b02) for windows-amd64 JRE (1.8.0_73-b02), built on Jan 29 2016 17:38:49 by "java_re" with MS VC++ 10.0 (VS2010)

time: Thu Apr 21 22:11:15 2016
elapsed time: 0 seconds (0d 0h 0m 0s)

