#
# There is insufficient memory for the Java Runtime Environment to continue.
# Native memory allocation (malloc) failed to allocate 624336 bytes for Chunk::new
# Possible reasons:
#   The system is out of physical RAM or swap space
#   In 32 bit mode, the process size limit was hit
# Possible solutions:
#   Reduce memory load on the system
#   Increase physical memory or swap space
#   Check if swap backing store is full
#   Use 64 bit Java on a 64 bit OS
#   Decrease Java heap size (-Xmx/-Xms)
#   Decrease number of Java threads
#   Decrease Java thread stack sizes (-Xss)
#   Set larger code cache with -XX:ReservedCodeCacheSize=
# This output file may be truncated or incomplete.
#
#  Out of Memory Error (allocation.cpp:390), pid=9924, tid=8064
#
# JRE version: Java(TM) SE Runtime Environment (8.0_73-b02) (build 1.8.0_73-b02)
# Java VM: Java HotSpot(TM) 64-Bit Server VM (25.73-b02 mixed mode windows-amd64 compressed oops)
# Failed to write core dump. Minidumps are not enabled by default on client versions of Windows
#

---------------  T H R E A D  ---------------

Current thread (0x00000000172bd800):  JavaThread "C2 CompilerThread1" daemon [_thread_in_native, id=8064, stack(0x0000000018d20000,0x0000000018e20000)]

Stack: [0x0000000018d20000,0x0000000018e20000]
[error occurred during error reporting (printing stack bounds), id 0xc0000005]

Native frames: (J=compiled Java code, j=interpreted, Vv=VM code, C=native code)


Current CompileTask:
C2:   1882 1800       4       com.android.dx.dex.code.OutputFinisher::addConstants (93 bytes)


---------------  P R O C E S S  ---------------

Java Threads: ( => current thread )
  0x0000000018b94800 JavaThread "pool-1-thread-1" [_thread_in_Java, id=10928, stack(0x000000001adf0000,0x000000001aef0000)]
  0x00000000189b5800 JavaThread "Service Thread" daemon [_thread_blocked, id=212, stack(0x0000000018f20000,0x0000000019020000)]
  0x0000000018928800 JavaThread "C1 CompilerThread2" daemon [_thread_blocked, id=5516, stack(0x0000000018e20000,0x0000000018f20000)]
=>0x00000000172bd800 JavaThread "C2 CompilerThread1" daemon [_thread_in_native, id=8064, stack(0x0000000018d20000,0x0000000018e20000)]
  0x00000000172ba800 JavaThread "C2 CompilerThread0" daemon [_thread_in_native, id=2712, stack(0x0000000018820000,0x0000000018920000)]
  0x00000000172b8800 JavaThread "Attach Listener" daemon [_thread_blocked, id=16516, stack(0x0000000018720000,0x0000000018820000)]
  0x000000001726c800 JavaThread "Signal Dispatcher" daemon [_thread_blocked, id=10728, stack(0x0000000018620000,0x0000000018720000)]
  0x0000000002636000 JavaThread "Finalizer" daemon [_thread_blocked, id=768, stack(0x00000000184c0000,0x00000000185c0000)]
  0x000000000262d000 JavaThread "Reference Handler" daemon [_thread_blocked, id=12584, stack(0x00000000183c0000,0x00000000184c0000)]
  0x0000000002540800 JavaThread "main" [_thread_blocked, id=15736, stack(0x0000000002440000,0x0000000002540000)]

Other Threads:
  0x0000000017228000 VMThread [stack: 0x00000000182c0000,0x00000000183c0000] [id=10532]
  0x00000000189ed000 WatcherThread [stack: 0x0000000019020000,0x0000000019120000] [id=1284]

VM state:not at safepoint (normal execution)

VM Mutex/Monitor currently owned by a thread: None

Heap:
 PSYoungGen      total 38400K, used 20138K [0x00000000d5580000, 0x00000000d8000000, 0x0000000100000000)
  eden space 33280K, 45% used [0x00000000d5580000,0x00000000d642e5f0,0x00000000d7600000)
  from space 5120K, 99% used [0x00000000d7b00000,0x00000000d7ffc2f8,0x00000000d8000000)
  to   space 5120K, 0% used [0x00000000d7600000,0x00000000d7600000,0x00000000d7b00000)
 ParOldGen       total 87552K, used 16086K [0x0000000080000000, 0x0000000085580000, 0x00000000d5580000)
  object space 87552K, 18% used [0x0000000080000000,0x0000000080fb5848,0x0000000085580000)
 Metaspace       used 6551K, capacity 7320K, committed 7680K, reserved 1056768K
  class space    used 624K, capacity 656K, committed 768K, reserved 1048576K

Card table byte_map: [0x0000000011a00000,0x0000000011e10000] byte_map_base: 0x0000000011600000

Marking Bits: (ParMarkBitMap*) 0x00000000551a0600
 Begin Bits: [0x00000000124c0000, 0x00000000144c0000)
 End Bits:   [0x00000000144c0000, 0x00000000164c0000)

Polling page: 0x00000000004e0000

CodeCache: size=245760Kb used=7004Kb max_used=7004Kb free=238755Kb
 bounds [0x0000000002640000, 0x0000000002d20000, 0x0000000011640000]
 total_blobs=2182 nmethods=1909 adapters=184
 compilation: enabled

Compilation events (10 events):
Event: 1.880 Thread 0x0000000018928800 nmethod 1942 0x0000000002d19b90 code [0x0000000002d19ce0, 0x0000000002d19df0]
Event: 1.880 Thread 0x0000000018928800 1934       1       com.android.dx.dex.code.form.Form21c::codeSize (2 bytes)
Event: 1.880 Thread 0x0000000018928800 nmethod 1934 0x0000000002d19e50 code [0x0000000002d19fa0, 0x0000000002d1a0b0]
Event: 1.880 Thread 0x0000000018928800 1941       1       com.android.dx.dex.code.form.Form10x::codeSize (2 bytes)
Event: 1.880 Thread 0x0000000018928800 nmethod 1941 0x0000000002d1a110 code [0x0000000002d1a260, 0x0000000002d1a370]
Event: 1.881 Thread 0x0000000018928800 1944       2       com.android.dx.dex.code.DalvCode::getInsns (9 bytes)
Event: 1.881 Thread 0x0000000018928800 nmethod 1944 0x0000000002d1a3d0 code [0x0000000002d1a540, 0x0000000002d1a6c8]
Event: 1.881 Thread 0x0000000018928800 1945       2       com.android.dx.dex.code.OutputFinisher::finishProcessingAndGetList (74 bytes)
Event: 1.881 Thread 0x0000000018928800 nmethod 1945 0x0000000002d1a750 code [0x0000000002d1a920, 0x0000000002d1acb8]
Event: 1.881 Thread 0x0000000018928800 1946       2       com.android.dx.dex.code.StdCatchBuilder::build (16 bytes)

GC Heap History (8 events):
Event: 1.243 GC heap before
{Heap before GC invocations=1 (full 0):
 PSYoungGen      total 38400K, used 33280K [0x00000000d5580000, 0x00000000d8000000, 0x0000000100000000)
  eden space 33280K, 100% used [0x00000000d5580000,0x00000000d7600000,0x00000000d7600000)
  from space 5120K, 0% used [0x00000000d7b00000,0x00000000d7b00000,0x00000000d8000000)
  to   space 5120K, 0% used [0x00000000d7600000,0x00000000d7600000,0x00000000d7b00000)
 ParOldGen       total 87552K, used 0K [0x0000000080000000, 0x0000000085580000, 0x00000000d5580000)
  object space 87552K, 0% used [0x0000000080000000,0x0000000080000000,0x0000000085580000)
 Metaspace       used 5965K, capacity 6836K, committed 7040K, reserved 1056768K
  class space    used 603K, capacity 620K, committed 640K, reserved 1048576K
Event: 1.252 GC heap after
Heap after GC invocations=1 (full 0):
 PSYoungGen      total 38400K, used 5119K [0x00000000d5580000, 0x00000000d8000000, 0x0000000100000000)
  eden space 33280K, 0% used [0x00000000d5580000,0x00000000d5580000,0x00000000d7600000)
  from space 5120K, 99% used [0x00000000d7600000,0x00000000d7affca8,0x00000000d7b00000)
  to   space 5120K, 0% used [0x00000000d7b00000,0x00000000d7b00000,0x00000000d8000000)
 ParOldGen       total 87552K, used 1437K [0x0000000080000000, 0x0000000085580000, 0x00000000d5580000)
  object space 87552K, 1% used [0x0000000080000000,0x0000000080167550,0x0000000085580000)
 Metaspace       used 5965K, capacity 6836K, committed 7040K, reserved 1056768K
  class space    used 603K, capacity 620K, committed 640K, reserved 1048576K
}
Event: 1.501 GC heap before
{Heap before GC invocations=2 (full 0):
 PSYoungGen      total 38400K, used 38399K [0x00000000d5580000, 0x00000000d8000000, 0x0000000100000000)
  eden space 33280K, 100% used [0x00000000d5580000,0x00000000d7600000,0x00000000d7600000)
  from space 5120K, 99% used [0x00000000d7600000,0x00000000d7affca8,0x00000000d7b00000)
  to   space 5120K, 0% used [0x00000000d7b00000,0x00000000d7b00000,0x00000000d8000000)
 ParOldGen       total 87552K, used 1437K [0x0000000080000000, 0x0000000085580000, 0x00000000d5580000)
  object space 87552K, 1% used [0x0000000080000000,0x0000000080167550,0x0000000085580000)
 Metaspace       used 6203K, capacity 7092K, committed 7296K, reserved 1056768K
  class space    used 605K, capacity 620K, committed 640K, reserved 1048576K
Event: 1.518 GC heap after
Heap after GC invocations=2 (full 0):
 PSYoungGen      total 38400K, used 5095K [0x00000000d5580000, 0x00000000d8000000, 0x0000000100000000)
  eden space 33280K, 0% used [0x00000000d5580000,0x00000000d5580000,0x00000000d7600000)
  from space 5120K, 99% used [0x00000000d7b00000,0x00000000d7ff9f48,0x00000000d8000000)
  to   space 5120K, 0% used [0x00000000d7600000,0x00000000d7600000,0x00000000d7b00000)
 ParOldGen       total 87552K, used 5953K [0x0000000080000000, 0x0000000085580000, 0x00000000d5580000)
  object space 87552K, 6% used [0x0000000080000000,0x00000000805d0410,0x0000000085580000)
 Metaspace       used 6203K, capacity 7092K, committed 7296K, reserved 1056768K
  class space    used 605K, capacity 620K, committed 640K, reserved 1048576K
}
Event: 1.632 GC heap before
{Heap before GC invocations=3 (full 0):
 PSYoungGen      total 38400K, used 38375K [0x00000000d5580000, 0x00000000d8000000, 0x0000000100000000)
  eden space 33280K, 100% used [0x00000000d5580000,0x00000000d7600000,0x00000000d7600000)
  from space 5120K, 99% used [0x00000000d7b00000,0x00000000d7ff9f48,0x00000000d8000000)
  to   space 5120K, 0% used [0x00000000d7600000,0x00000000d7600000,0x00000000d7b00000)
 ParOldGen       total 87552K, used 5953K [0x0000000080000000, 0x0000000085580000, 0x00000000d5580000)
  object space 87552K, 6% used [0x0000000080000000,0x00000000805d0410,0x0000000085580000)
 Metaspace       used 6273K, capacity 7092K, committed 7296K, reserved 1056768K
  class space    used 605K, capacity 620K, committed 640K, reserved 1048576K
Event: 1.646 GC heap after
Heap after GC invocations=3 (full 0):
 PSYoungGen      total 38400K, used 5110K [0x00000000d5580000, 0x00000000d8000000, 0x0000000100000000)
  eden space 33280K, 0% used [0x00000000d5580000,0x00000000d5580000,0x00000000d7600000)
  from space 5120K, 99% used [0x00000000d7600000,0x00000000d7afd878,0x00000000d7b00000)
  to   space 5120K, 0% used [0x00000000d7b00000,0x00000000d7b00000,0x00000000d8000000)
 ParOldGen       total 87552K, used 10900K [0x0000000080000000, 0x0000000085580000, 0x00000000d5580000)
  object space 87552K, 12% used [0x0000000080000000,0x0000000080aa5358,0x0000000085580000)
 Metaspace       used 6273K, capacity 7092K, committed 7296K, reserved 1056768K
  class space    used 605K, capacity 620K, committed 640K, reserved 1048576K
}
Event: 1.729 GC heap before
{Heap before GC invocations=4 (full 0):
 PSYoungGen      total 38400K, used 38390K [0x00000000d5580000, 0x00000000d8000000, 0x0000000100000000)
  eden space 33280K, 100% used [0x00000000d5580000,0x00000000d7600000,0x00000000d7600000)
  from space 5120K, 99% used [0x00000000d7600000,0x00000000d7afd878,0x00000000d7b00000)
  to   space 5120K, 0% used [0x00000000d7b00000,0x00000000d7b00000,0x00000000d8000000)
 ParOldGen       total 87552K, used 10900K [0x0000000080000000, 0x0000000085580000, 0x00000000d5580000)
  object space 87552K, 12% used [0x0000000080000000,0x0000000080aa5358,0x0000000085580000)
 Metaspace       used 6300K, capacity 7156K, committed 7296K, reserved 1056768K
  class space    used 606K, capacity 620K, committed 640K, reserved 1048576K
Event: 1.745 GC heap after
Heap after GC invocations=4 (full 0):
 PSYoungGen      total 38400K, used 5104K [0x00000000d5580000, 0x00000000d8000000, 0x0000000100000000)
  eden space 33280K, 0% used [0x00000000d5580000,0x00000000d5580000,0x00000000d7600000)
  from space 5120K, 99% used [0x00000000d7b00000,0x00000000d7ffc2f8,0x00000000d8000000)
  to   space 5120K, 0% used [0x00000000d7600000,0x00000000d7600000,0x00000000d7b00000)
 ParOldGen       total 87552K, used 16086K [0x0000000080000000, 0x0000000085580000, 0x00000000d5580000)
  object space 87552K, 18% used [0x0000000080000000,0x0000000080fb5848,0x0000000085580000)
 Metaspace       used 6300K, capacity 7156K, committed 7296K, reserved 1056768K
  class space    used 606K, capacity 620K, committed 640K, reserved 1048576K
}

Deoptimization events (10 events):
Event: 1.424 Thread 0x0000000018bd7000 Uncommon trap: reason=unstable_if action=reinterpret pc=0x00000000029621ac method=com.android.dx.rop.code.RegisterSpecSet.put(Lcom/android/dx/rop/code/RegisterSpec;)V @ 77
Event: 1.424 Thread 0x0000000018bd7000 Uncommon trap: reason=unstable_if action=reinterpret pc=0x00000000029fd524 method=com.android.dx.rop.code.RegisterSpecSet.put(Lcom/android/dx/rop/code/RegisterSpec;)V @ 77
Event: 1.588 Thread 0x0000000018b94800 Uncommon trap: reason=null_check action=make_not_entrant pc=0x000000000290bee4 method=com.android.dx.ssa.SsaRenamer.getLocalForNewReg(I)Lcom/android/dx/rop/code/LocalItem; @ 19
Event: 1.630 Thread 0x0000000018b94800 Uncommon trap: reason=unstable_if action=reinterpret pc=0x0000000002b087e4 method=com.android.dx.ssa.SCCP.simulateStmt(Lcom/android/dx/ssa/SsaInsn;)V @ 59
Event: 1.770 Thread 0x0000000002540800 Uncommon trap: reason=unloaded action=reinterpret pc=0x0000000002c846f4 method=com.android.dx.cf.cst.ConstantPoolParser.parse0(ILjava/util/BitSet;)Lcom/android/dx/rop/cst/Constant; @ 198
Event: 1.790 Thread 0x0000000018b94800 Uncommon trap: reason=class_check action=maybe_recompile pc=0x0000000002b10488 method=java.util.Arrays.hashCode([Ljava/lang/Object;)I @ 43
Event: 1.790 Thread 0x0000000018b94800 Uncommon trap: reason=class_check action=maybe_recompile pc=0x0000000002b10488 method=java.util.Arrays.hashCode([Ljava/lang/Object;)I @ 43
Event: 1.790 Thread 0x0000000018b94800 Uncommon trap: reason=class_check action=maybe_recompile pc=0x0000000002b10488 method=java.util.Arrays.hashCode([Ljava/lang/Object;)I @ 43
Event: 1.790 Thread 0x0000000018b94800 Uncommon trap: reason=class_check action=maybe_recompile pc=0x0000000002b10488 method=java.util.Arrays.hashCode([Ljava/lang/Object;)I @ 43
Event: 1.790 Thread 0x0000000018b94800 Uncommon trap: reason=class_check action=maybe_recompile pc=0x0000000002afde74 method=java.util.Arrays.hashCode([Ljava/lang/Object;)I @ 43

Internal exceptions (5 events):
Event: 0.028 Thread 0x0000000002540800 Exception <a 'java/lang/NoSuchMethodError': Method sun.misc.Unsafe.defineClass(Ljava/lang/String;[BII)Ljava/lang/Class; name or signature does not match> (0x00000000d5593090) thrown at [D:\re\puppet\workspace\8-2-build-windows-amd64-cygwin\jdk8u73\6086\hotS§µ≈Üù?
Event: 0.028 Thread 0x0000000002540800 Exception <a 'java/lang/NoSuchMethodError': Method sun.misc.Unsafe.prefetchRead(Ljava/lang/Object;J)V name or signature does not match> (0x00000000d5593378) thrown at [D:\re\puppet\workspace\8-2-build-windows-amd64-cygwin\jdk8u73\6086\hotspot\src\share\vm\§pí(„UÛ?
Event: 1.208 Thread 0x0000000018bad000 Implicit null exception at 0x0000000002957662 to 0x0000000002957769
Event: 1.275 Thread 0x0000000018bad000 Implicit null exception at 0x00000000029414ef to 0x0000000002942d8d
Event: 1.588 Thread 0x0000000018b94800 Implicit null exception at 0x000000000290a86e to 0x000000000290bec5

Events (10 events):
Event: 1.845 loading class com/android/dx/dex/code/LocalList$Disposition
Event: 1.845 loading class com/android/dx/dex/code/LocalList$Disposition done
Event: 1.846 loading class com/android/dx/dex/code/LocalList$Entry
Event: 1.846 loading class com/android/dx/dex/code/LocalList$Entry done
Event: 1.846 loading class com/android/dx/dex/code/CatchHandlerList
Event: 1.846 loading class com/android/dx/dex/code/CatchHandlerList done
Event: 1.846 loading class com/android/dx/dex/code/CatchTable
Event: 1.846 loading class com/android/dx/dex/code/CatchTable done
Event: 1.853 loading class com/android/dx/rop/code/RegisterSpecList$Expander
Event: 1.853 loading class com/android/dx/rop/code/RegisterSpecList$Expander done


Dynamic libraries:
0x00007ff797820000 - 0x00007ff797857000 	X:\Program Files\Java\jdk1.8.0_73\bin\java.exe
0x00007ff9acb50000 - 0x00007ff9acd11000 	X:\Windows\SYSTEM32\ntdll.dll
0x00007ff9abfa0000 - 0x00007ff9ac04d000 	X:\Windows\system32\KERNEL32.DLL
0x00007ff9a99f0000 - 0x00007ff9a9bd8000 	X:\Windows\system32\KERNELBASE.dll
0x00007ff9aa410000 - 0x00007ff9aa4b7000 	X:\Windows\system32\ADVAPI32.dll
0x00007ff9aca40000 - 0x00007ff9acadd000 	X:\Windows\system32\msvcrt.dll
0x00007ff9aa740000 - 0x00007ff9aa79b000 	X:\Windows\system32\sechost.dll
0x00007ff9ac1a0000 - 0x00007ff9ac2bc000 	X:\Windows\system32\RPCRT4.dll
0x00007ff9ac6f0000 - 0x00007ff9ac846000 	X:\Windows\system32\USER32.dll
0x00007ff9a9fb0000 - 0x00007ff9aa136000 	X:\Windows\system32\GDI32.dll
0x00007ff9a0e90000 - 0x00007ff9a1104000 	X:\Windows\WinSxS\amd64_microsoft.windows.common-controls_6595b64144ccf1df_6.0.10586.0_none_8c15ae12515e1c22\COMCTL32.dll
0x00007ff9aa4c0000 - 0x00007ff9aa73d000 	X:\Windows\system32\combase.dll
0x00007ff9a92c0000 - 0x00007ff9a932a000 	X:\Windows\system32\bcryptPrimitives.dll
0x00007ff9ac0b0000 - 0x00007ff9ac0eb000 	X:\Windows\system32\IMM32.DLL
0x0000000054510000 - 0x00000000545e2000 	X:\Program Files\Java\jdk1.8.0_73\jre\bin\msvcr100.dll
0x0000000054990000 - 0x0000000055220000 	X:\Program Files\Java\jdk1.8.0_73\jre\bin\server\jvm.dll
0x00007ff9aca30000 - 0x00007ff9aca38000 	X:\Windows\system32\PSAPI.DLL
0x00007ff9a0bb0000 - 0x00007ff9a0bb9000 	X:\Windows\SYSTEM32\WSOCK32.dll
0x00007ff9a7480000 - 0x00007ff9a74a3000 	X:\Windows\SYSTEM32\WINMM.dll
0x00007ff9aa880000 - 0x00007ff9aa8eb000 	X:\Windows\system32\WS2_32.dll
0x00007ff9a5d10000 - 0x00007ff9a5d1a000 	X:\Windows\SYSTEM32\VERSION.dll
0x00007ff9a7410000 - 0x00007ff9a743c000 	X:\Windows\SYSTEM32\WINMMBASE.dll
0x00007ff9a9330000 - 0x00007ff9a9373000 	X:\Windows\system32\cfgmgr32.dll
0x0000000054980000 - 0x000000005498f000 	X:\Program Files\Java\jdk1.8.0_73\jre\bin\verify.dll
0x0000000054950000 - 0x0000000054979000 	X:\Program Files\Java\jdk1.8.0_73\jre\bin\java.dll
0x0000000054930000 - 0x0000000054946000 	X:\Program Files\Java\jdk1.8.0_73\jre\bin\zip.dll
0x00007ff9aa8f0000 - 0x00007ff9abe4c000 	X:\Windows\system32\SHELL32.dll
0x00007ff9a9380000 - 0x00007ff9a99c5000 	X:\Windows\system32\windows.storage.dll
0x00007ff9ac050000 - 0x00007ff9ac0a2000 	X:\Windows\system32\shlwapi.dll
0x00007ff9a91d0000 - 0x00007ff9a91df000 	X:\Windows\system32\kernel.appcore.dll
0x00007ff9a9200000 - 0x00007ff9a92b5000 	X:\Windows\system32\shcore.dll
0x00007ff9a9180000 - 0x00007ff9a91cb000 	X:\Windows\system32\powrprof.dll
0x00007ff9a91e0000 - 0x00007ff9a91f4000 	X:\Windows\system32\profapi.dll

VM Arguments:
jvm_args: -Djava.awt.headless=true -Xmx2g -Dfile.encoding=GBK -Duser.country=CN -Duser.language=zh -Duser.variant 
java_command: com.android.dx.command.Main --dex --num-threads=4 --multi-dex --output E:\Android\CalorieCounter\app\build\intermediates\transforms\dex\debug\folders\1000\10\com.android.support-design-23.2.1_2a94e4507ec2bfa02df0223d8ec37cf5629c4adb E:\Android\CalorieCounter\app\build\intermediates\exploded-aar\com.android.support\design\23.2.1\jars\classes.jar
java_class_path (initial): E:\QMDownload\SDK\build-tools\23.0.3\lib\dx.jar
Launcher Type: SUN_STANDARD

Environment Variables:
PATH=X:\ProgramData\Oracle\Java\javapath;X:\Windows\system32;X:\Windows;X:\Windows\System32\Wbem;X:\Windows\System32\WindowsPowerShell\v1.0\;X:\Program Files (x86)\ATI Technologies\ATI.ACE\Core-Static;D:\Program Files\MATLAB\R2013a\runtime\win64;D:\Program Files\MATLAB\R2013a\bin;X:\Program Files\Java\jdk1.8.0_73\bin;D:\Python27;X:\Program Files (x86)\MySQL\MySQL Fabric 1.5 & MySQL Utilities 1.5\;X:\Program Files (x86)\MySQL\MySQL Fabric 1.5 & MySQL Utilities 1.5\Doctrine extensions for PHP\;E:\QMDownload\SDK\platform-tools
USERNAME=Õı…≠
OS=Windows_NT
PROCESSOR_IDENTIFIER=Intel64 Family 6 Model 60 Stepping 3, GenuineIntel



---------------  S Y S T E M  ---------------

OS: Windows 10.0 , 64 bit Build 10586 (10.0.10586.0)

CPU:total 4 (4 cores per cpu, 1 threads per core) family 6 model 60 stepping 3, cmov, cx8, fxsr, mmx, sse, sse2, sse3, ssse3, sse4.1, sse4.2, popcnt, avx, avx2, aes, clmul, erms, lzcnt, tsc, tscinvbit, bmi1, bmi2

Memory: 4k page, physical 8315044k(1458264k free), swap 8315044k(5660k free)

vm_info: Java HotSpot(TM) 64-Bit Server VM (25.73-b02) for windows-amd64 JRE (1.8.0_73-b02), built on Jan 29 2016 17:38:49 by "java_re" with MS VC++ 10.0 (VS2010)

time: Sat Apr 23 00:00:12 2016
elapsed time: 1 seconds (0d 0h 0m 1s)

