#
# There is insufficient memory for the Java Runtime Environment to continue.
# Native memory allocation (malloc) failed to allocate 317056 bytes for Chunk::new
# Possible reasons:
#   The system is out of physical RAM or swap space
#   In 32 bit mode, the process size limit was hit
# Possible solutions:
#   Reduce memory load on the system
#   Increase physical memory or swap space
#   Check if swap backing store is full
#   Use 64 bit Java on a 64 bit OS
#   Decrease Java heap size (-Xmx/-Xms)
#   Decrease number of Java threads
#   Decrease Java thread stack sizes (-Xss)
#   Set larger code cache with -XX:ReservedCodeCacheSize=
# This output file may be truncated or incomplete.
#
#  Out of Memory Error (allocation.cpp:390), pid=11852, tid=7140
#
# JRE version: Java(TM) SE Runtime Environment (8.0_73-b02) (build 1.8.0_73-b02)
# Java VM: Java HotSpot(TM) 64-Bit Server VM (25.73-b02 mixed mode windows-amd64 compressed oops)
# Failed to write core dump. Minidumps are not enabled by default on client versions of Windows
#

---------------  T H R E A D  ---------------

Current thread (0x000000001737e800):  JavaThread "C2 CompilerThread1" daemon [_thread_in_native, id=7140, stack(0x0000000018d80000,0x0000000018e80000)]

Stack: [0x0000000018d80000,0x0000000018e80000]
[error occurred during error reporting (printing stack bounds), id 0xc0000005]

Native frames: (J=compiled Java code, j=interpreted, Vv=VM code, C=native code)


Current CompileTask:
C2:    825  599       4       com.android.dx.ssa.NormalSsaInsn::accept (25 bytes)


---------------  P R O C E S S  ---------------

Java Threads: ( => current thread )
  0x0000000018c00800 JavaThread "pool-2-thread-4" [_thread_blocked, id=1300, stack(0x0000000019580000,0x0000000019680000)]
  0x0000000018bfc000 JavaThread "pool-2-thread-3" [_thread_in_Java, id=11640, stack(0x0000000019480000,0x0000000019580000)]
  0x0000000018bf2000 JavaThread "pool-2-thread-2" [_thread_blocked, id=9856, stack(0x0000000019380000,0x0000000019480000)]
  0x0000000018bea800 JavaThread "pool-3-thread-1" [_thread_blocked, id=8512, stack(0x0000000019280000,0x0000000019380000)]
  0x0000000018be9800 JavaThread "pool-2-thread-1" [_thread_blocked, id=10908, stack(0x0000000019180000,0x0000000019280000)]
  0x0000000018a11000 JavaThread "Service Thread" daemon [_thread_blocked, id=6188, stack(0x0000000018f80000,0x0000000019080000)]
  0x00000000189d3000 JavaThread "C1 CompilerThread2" daemon [_thread_in_native, id=7064, stack(0x0000000018e80000,0x0000000018f80000)]
=>0x000000001737e800 JavaThread "C2 CompilerThread1" daemon [_thread_in_native, id=7140, stack(0x0000000018d80000,0x0000000018e80000)]
  0x000000001737a000 JavaThread "C2 CompilerThread0" daemon [_thread_in_native, id=9792, stack(0x0000000018880000,0x0000000018980000)]
  0x0000000017378000 JavaThread "Attach Listener" daemon [_thread_blocked, id=8464, stack(0x0000000018780000,0x0000000018880000)]
  0x000000001732d800 JavaThread "Signal Dispatcher" daemon [_thread_blocked, id=8016, stack(0x0000000018680000,0x0000000018780000)]
  0x00000000026f0800 JavaThread "Finalizer" daemon [_thread_blocked, id=4764, stack(0x0000000018580000,0x0000000018680000)]
  0x00000000026ed000 JavaThread "Reference Handler" daemon [_thread_blocked, id=8032, stack(0x0000000018480000,0x0000000018580000)]
  0x0000000002600800 JavaThread "main" [_thread_in_vm, id=8396, stack(0x00000000020d0000,0x00000000021d0000)]

Other Threads:
  0x00000000172e8000 VMThread [stack: 0x0000000018380000,0x0000000018480000] [id=13024]
  0x0000000018a4d000 WatcherThread [stack: 0x0000000019080000,0x0000000019180000] [id=12328]

VM state:not at safepoint (normal execution)

VM Mutex/Monitor currently owned by a thread: None

Heap:
 PSYoungGen      total 38400K, used 18679K [0x00000000d5580000, 0x00000000d8000000, 0x0000000100000000)
  eden space 33280K, 56% used [0x00000000d5580000,0x00000000d67bdf10,0x00000000d7600000)
  from space 5120K, 0% used [0x00000000d7b00000,0x00000000d7b00000,0x00000000d8000000)
  to   space 5120K, 0% used [0x00000000d7600000,0x00000000d7600000,0x00000000d7b00000)
 ParOldGen       total 87552K, used 0K [0x0000000080000000, 0x0000000085580000, 0x00000000d5580000)
  object space 87552K, 0% used [0x0000000080000000,0x0000000080000000,0x0000000085580000)
 Metaspace       used 5668K, capacity 6576K, committed 6784K, reserved 1060864K
  class space    used 596K, capacity 616K, committed 640K, reserved 1048576K

Card table byte_map: [0x0000000011ac0000,0x0000000011ed0000] byte_map_base: 0x00000000116c0000

Marking Bits: (ParMarkBitMap*) 0x00000000530a0600
 Begin Bits: [0x0000000012580000, 0x0000000014580000)
 End Bits:   [0x0000000014580000, 0x0000000016580000)

Polling page: 0x00000000001f0000

CodeCache: size=245760Kb used=2285Kb max_used=2291Kb free=243474Kb
 bounds [0x0000000002700000, 0x0000000002970000, 0x0000000011700000]
 total_blobs=839 nmethods=568 adapters=184
 compilation: enabled

Compilation events (10 events):
Event: 0.817 Thread 0x000000001737e800 nmethod 582 0x0000000002937190 code [0x0000000002937320, 0x0000000002937c78]
Event: 0.817 Thread 0x000000001737e800  590       4       com.android.dx.util.IntList::add (65 bytes)
Event: 0.819 Thread 0x000000001737e800 nmethod 590 0x0000000002938710 code [0x0000000002938860, 0x0000000002938bb8]
Event: 0.819 Thread 0x000000001737e800  586   !   4       com.android.dx.util.FixedSizeList::set0 (22 bytes)
Event: 0.820 Thread 0x000000001737e800 nmethod 586 0x0000000002936e10 code [0x0000000002936f60, 0x0000000002937078]
Event: 0.820 Thread 0x000000001737e800  599       4       com.android.dx.ssa.NormalSsaInsn::accept (25 bytes)
Event: 0.824 Thread 0x000000001737a000  610       4       com.android.dx.util.MutabilityControl::<init> (10 bytes)
Event: 0.824 Thread 0x00000000189d3000  583       2       java.util.HashMap::getNode (148 bytes)
Event: 0.824 Thread 0x000000001737a000 nmethod 610 0x0000000002931f90 code [0x00000000029320c0, 0x0000000002932118]
Event: 0.824 Thread 0x000000001737a000  603       4       com.android.dx.rop.code.InsnList::get (9 bytes)

GC Heap History (0 events):
No events

Deoptimization events (2 events):
Event: 0.291 Thread 0x0000000002600800 Uncommon trap: reason=unstable_if action=reinterpret pc=0x0000000002853694 method=java.lang.String.compareTo(Ljava/lang/String;)I @ 38
Event: 0.809 Thread 0x0000000018be9800 Uncommon trap: reason=unstable_if action=reinterpret pc=0x0000000002935b8c method=java.util.HashMap.getNode(ILjava/lang/Object;)Ljava/util/HashMap$Node; @ 62

Internal exceptions (2 events):
Event: 0.044 Thread 0x0000000002600800 Exception <a 'java/lang/NoSuchMethodError': Method sun.misc.Unsafe.defineClass(Ljava/lang/String;[BII)Ljava/lang/Class; name or signature does not match> (0x00000000d5593090) thrown at [D:\re\puppet\workspace\8-2-build-windows-amd64-cygwin\jdk8u73\6086\hotõ‡u„PW¦?
Event: 0.044 Thread 0x0000000002600800 Exception <a 'java/lang/NoSuchMethodError': Method sun.misc.Unsafe.prefetchRead(Ljava/lang/Object;J)V name or signature does not match> (0x00000000d5593378) thrown at [D:\re\puppet\workspace\8-2-build-windows-amd64-cygwin\jdk8u73\6086\hotspot\src\share\vm\

Events (10 events):
Event: 0.806 loading class com/android/dx/ssa/back/FirstFitLocalCombiningAllocator$Multiset done
Event: 0.806 Executing VM operation: CollectForMetadataAllocation
Event: 0.807 Executing VM operation: CollectForMetadataAllocation done
Event: 0.809 Thread 0x0000000018be9800 Uncommon trap: trap_request=0xffffff65 fr.pc=0x0000000002935b8c
Event: 0.809 Thread 0x0000000018be9800 DEOPT PACKING pc=0x0000000002935b8c sp=0x000000001927eac0
Event: 0.809 Thread 0x0000000018be9800 DEOPT UNPACKING pc=0x000000000274582a sp=0x000000001927ea48 mode 2
Event: 0.817 loading class com/android/dx/dex/file/FieldAnnotationStruct
Event: 0.817 loading class com/android/dx/dex/file/FieldAnnotationStruct done
Event: 0.823 loading class com/android/dx/cf/code/SwitchList
Event: 0.823 loading class com/android/dx/cf/code/SwitchList done


Dynamic libraries:
0x00007ff6fb7a0000 - 0x00007ff6fb7d7000 	X:\Program Files\Java\jdk1.8.0_73\bin\java.exe
0x00007ffec5b10000 - 0x00007ffec5cd1000 	X:\Windows\SYSTEM32\ntdll.dll
0x00007ffec35e0000 - 0x00007ffec368d000 	X:\Windows\system32\KERNEL32.DLL
0x00007ffec2930000 - 0x00007ffec2b18000 	X:\Windows\system32\KERNELBASE.dll
0x00007ffec34c0000 - 0x00007ffec3567000 	X:\Windows\system32\ADVAPI32.dll
0x00007ffec50c0000 - 0x00007ffec515d000 	X:\Windows\system32\msvcrt.dll
0x00007ffec59a0000 - 0x00007ffec59fb000 	X:\Windows\system32\sechost.dll
0x00007ffec2f10000 - 0x00007ffec302c000 	X:\Windows\system32\RPCRT4.dll
0x00007ffec32f0000 - 0x00007ffec3446000 	X:\Windows\system32\USER32.dll
0x00007ffec3030000 - 0x00007ffec31b6000 	X:\Windows\system32\GDI32.dll
0x00007ffeb89d0000 - 0x00007ffeb8c44000 	X:\Windows\WinSxS\amd64_microsoft.windows.common-controls_6595b64144ccf1df_6.0.10586.0_none_8c15ae12515e1c22\COMCTL32.dll
0x00007ffec4e20000 - 0x00007ffec509d000 	X:\Windows\system32\combase.dll
0x00007ffec2ea0000 - 0x00007ffec2f0a000 	X:\Windows\system32\bcryptPrimitives.dll
0x00007ffec56f0000 - 0x00007ffec572b000 	X:\Windows\system32\IMM32.DLL
0x0000000052330000 - 0x0000000052402000 	X:\Program Files\Java\jdk1.8.0_73\jre\bin\msvcr100.dll
0x0000000052890000 - 0x0000000053120000 	X:\Program Files\Java\jdk1.8.0_73\jre\bin\server\jvm.dll
0x00007ffec4c50000 - 0x00007ffec4c58000 	X:\Windows\system32\PSAPI.DLL
0x00007ffebded0000 - 0x00007ffebded9000 	X:\Windows\SYSTEM32\WSOCK32.dll
0x00007ffec0720000 - 0x00007ffec0743000 	X:\Windows\SYSTEM32\WINMM.dll
0x00007ffec3570000 - 0x00007ffec35db000 	X:\Windows\system32\WS2_32.dll
0x00007ffebe7e0000 - 0x00007ffebe7ea000 	X:\Windows\SYSTEM32\VERSION.dll
0x00007ffec0660000 - 0x00007ffec068c000 	X:\Windows\SYSTEM32\WINMMBASE.dll
0x00007ffec2bd0000 - 0x00007ffec2c13000 	X:\Windows\system32\cfgmgr32.dll
0x00000000527a0000 - 0x00000000527af000 	X:\Program Files\Java\jdk1.8.0_73\jre\bin\verify.dll
0x0000000052770000 - 0x0000000052799000 	X:\Program Files\Java\jdk1.8.0_73\jre\bin\java.dll
0x0000000052750000 - 0x0000000052766000 	X:\Program Files\Java\jdk1.8.0_73\jre\bin\zip.dll
0x00007ffec36f0000 - 0x00007ffec4c4c000 	X:\Windows\system32\SHELL32.dll
0x00007ffec2220000 - 0x00007ffec2865000 	X:\Windows\system32\windows.storage.dll
0x00007ffec3690000 - 0x00007ffec36e2000 	X:\Windows\system32\shlwapi.dll
0x00007ffec2130000 - 0x00007ffec213f000 	X:\Windows\system32\kernel.appcore.dll
0x00007ffec2870000 - 0x00007ffec2925000 	X:\Windows\system32\shcore.dll
0x00007ffec2140000 - 0x00007ffec218b000 	X:\Windows\system32\powrprof.dll
0x00007ffec2190000 - 0x00007ffec21a4000 	X:\Windows\system32\profapi.dll

VM Arguments:
jvm_args: -Djava.awt.headless=true -Xmx2g -Dfile.encoding=GBK -Duser.country=CN -Duser.language=zh -Duser.variant 
java_command: com.android.dx.command.Main --dex --num-threads=4 --multi-dex --output E:\Android\CalorieCounter\app\build\intermediates\transforms\dex\debug\folders\1000\10\com.android.support-design-23.2.1_2a94e4507ec2bfa02df0223d8ec37cf5629c4adb E:\Android\CalorieCounter\app\build\intermediates\exploded-aar\com.android.support\design\23.2.1\jars\classes.jar
java_class_path (initial): E:\QMDownload\SDK\build-tools\23.0.3\lib\dx.jar
Launcher Type: SUN_STANDARD

Environment Variables:
PATH=X:\ProgramData\Oracle\Java\javapath;X:\Windows\system32;X:\Windows;X:\Windows\System32\Wbem;X:\Windows\System32\WindowsPowerShell\v1.0\;X:\Program Files (x86)\ATI Technologies\ATI.ACE\Core-Static;D:\Program Files\MATLAB\R2013a\runtime\win64;D:\Program Files\MATLAB\R2013a\bin;X:\Program Files\Java\jdk1.8.0_73\bin;D:\Python27;X:\Program Files (x86)\MySQL\MySQL Fabric 1.5 & MySQL Utilities 1.5\;X:\Program Files (x86)\MySQL\MySQL Fabric 1.5 & MySQL Utilities 1.5\Doctrine extensions for PHP\;E:\QMDownload\SDK\platform-tools
USERNAME=ÍõÉ­
OS=Windows_NT
PROCESSOR_IDENTIFIER=Intel64 Family 6 Model 60 Stepping 3, GenuineIntel



---------------  S Y S T E M  ---------------

OS: Windows 10.0 , 64 bit Build 10586 (10.0.10586.0)

CPU:total 4 (4 cores per cpu, 1 threads per core) family 6 model 60 stepping 3, cmov, cx8, fxsr, mmx, sse, sse2, sse3, ssse3, sse4.1, sse4.2, popcnt, avx, avx2, aes, clmul, erms, lzcnt, tsc, tscinvbit, bmi1, bmi2

Memory: 4k page, physical 8315044k(2148356k free), swap 8315044k(2092k free)

vm_info: Java HotSpot(TM) 64-Bit Server VM (25.73-b02) for windows-amd64 JRE (1.8.0_73-b02), built on Jan 29 2016 17:38:49 by "java_re" with MS VC++ 10.0 (VS2010)

time: Tue Apr 26 16:45:23 2016
elapsed time: 0 seconds (0d 0h 0m 0s)

