#
# There is insufficient memory for the Java Runtime Environment to continue.
# Native memory allocation (malloc) failed to allocate 81936 bytes for Chunk::new
# Possible reasons:
#   The system is out of physical RAM or swap space
#   In 32 bit mode, the process size limit was hit
# Possible solutions:
#   Reduce memory load on the system
#   Increase physical memory or swap space
#   Check if swap backing store is full
#   Use 64 bit Java on a 64 bit OS
#   Decrease Java heap size (-Xmx/-Xms)
#   Decrease number of Java threads
#   Decrease Java thread stack sizes (-Xss)
#   Set larger code cache with -XX:ReservedCodeCacheSize=
# This output file may be truncated or incomplete.
#
#  Out of Memory Error (allocation.cpp:390), pid=12292, tid=12304
#
# JRE version: Java(TM) SE Runtime Environment (8.0_73-b02) (build 1.8.0_73-b02)
# Java VM: Java HotSpot(TM) 64-Bit Server VM (25.73-b02 mixed mode windows-amd64 compressed oops)
# Failed to write core dump. Minidumps are not enabled by default on client versions of Windows
#

---------------  T H R E A D  ---------------

Current thread (0x00000000188ec800):  JavaThread "C1 CompilerThread2" daemon [_thread_in_native, id=12304, stack(0x0000000018de0000,0x0000000018ee0000)]

Stack: [0x0000000018de0000,0x0000000018ee0000]
[error occurred during error reporting (printing stack bounds), id 0xc0000005]

Native frames: (J=compiled Java code, j=interpreted, Vv=VM code, C=native code)


Current CompileTask:
C1:    645  840   !   3       com.android.dx.cf.code.RopperMachine::run (1550 bytes)


---------------  P R O C E S S  ---------------

Java Threads: ( => current thread )
  0x0000000018bfe000 JavaThread "pool-2-thread-4" [_thread_in_Java, id=4184, stack(0x00000000194e0000,0x00000000195e0000)]
  0x0000000018bfd800 JavaThread "pool-2-thread-3" [_thread_in_Java, id=14320, stack(0x00000000193e0000,0x00000000194e0000)]
  0x0000000018b7f000 JavaThread "pool-2-thread-2" [_thread_in_Java, id=12136, stack(0x00000000192e0000,0x00000000193e0000)]
  0x0000000018b7e800 JavaThread "pool-3-thread-1" [_thread_blocked, id=15872, stack(0x00000000191e0000,0x00000000192e0000)]
  0x0000000018bbb800 JavaThread "pool-2-thread-1" [_thread_in_Java, id=20444, stack(0x00000000190e0000,0x00000000191e0000)]
  0x0000000018971800 JavaThread "Service Thread" daemon [_thread_blocked, id=5428, stack(0x0000000018ee0000,0x0000000018fe0000)]
=>0x00000000188ec800 JavaThread "C1 CompilerThread2" daemon [_thread_in_native, id=12304, stack(0x0000000018de0000,0x0000000018ee0000)]
  0x00000000172dd000 JavaThread "C2 CompilerThread1" daemon [_thread_in_native, id=9916, stack(0x0000000018ce0000,0x0000000018de0000)]
  0x00000000172da000 JavaThread "C2 CompilerThread0" daemon [_thread_in_native, id=8616, stack(0x00000000187e0000,0x00000000188e0000)]
  0x000000001728e000 JavaThread "Attach Listener" daemon [_thread_blocked, id=18848, stack(0x00000000186e0000,0x00000000187e0000)]
  0x0000000017277000 JavaThread "Signal Dispatcher" daemon [_thread_blocked, id=4680, stack(0x00000000185e0000,0x00000000186e0000)]
  0x0000000002650800 JavaThread "Finalizer" daemon [_thread_blocked, id=15956, stack(0x00000000184e0000,0x00000000185e0000)]
  0x000000000264d000 JavaThread "Reference Handler" daemon [_thread_blocked, id=20432, stack(0x00000000183e0000,0x00000000184e0000)]
  0x0000000002560800 JavaThread "main" [_thread_in_native, id=18656, stack(0x0000000002360000,0x0000000002460000)]

Other Threads:
  0x0000000017248000 VMThread [stack: 0x00000000182e0000,0x00000000183e0000] [id=13256]
  0x000000001898f800 WatcherThread [stack: 0x0000000018fe0000,0x00000000190e0000] [id=1988]

VM state:not at safepoint (normal execution)

VM Mutex/Monitor currently owned by a thread: None

Heap:
 PSYoungGen      total 38400K, used 23970K [0x00000000d5580000, 0x00000000d8000000, 0x0000000100000000)
  eden space 33280K, 72% used [0x00000000d5580000,0x00000000d6ce8b38,0x00000000d7600000)
  from space 5120K, 0% used [0x00000000d7b00000,0x00000000d7b00000,0x00000000d8000000)
  to   space 5120K, 0% used [0x00000000d7600000,0x00000000d7600000,0x00000000d7b00000)
 ParOldGen       total 87552K, used 0K [0x0000000080000000, 0x0000000085580000, 0x00000000d5580000)
  object space 87552K, 0% used [0x0000000080000000,0x0000000080000000,0x0000000085580000)
 Metaspace       used 5801K, capacity 6706K, committed 6784K, reserved 1056768K
  class space    used 597K, capacity 618K, committed 640K, reserved 1048576K

Card table byte_map: [0x0000000011a20000,0x0000000011e30000] byte_map_base: 0x0000000011620000

Marking Bits: (ParMarkBitMap*) 0x000000005df00600
 Begin Bits: [0x00000000124e0000, 0x00000000144e0000)
 End Bits:   [0x00000000144e0000, 0x00000000164e0000)

Polling page: 0x0000000000500000

CodeCache: size=245760Kb used=3220Kb max_used=3231Kb free=242539Kb
 bounds [0x0000000002660000, 0x0000000002990000, 0x0000000011660000]
 total_blobs=1105 nmethods=834 adapters=184
 compilation: enabled

Compilation events (10 events):
Event: 0.634 Thread 0x00000000188ec800  842       3       com.android.dx.ssa.BasicRegisterMapper::addMapping (68 bytes)
Event: 0.634 Thread 0x00000000188ec800 nmethod 842 0x000000000297acd0 code [0x000000000297ae60, 0x000000000297b3b8]
Event: 0.634 Thread 0x00000000188ec800  840   !   3       com.android.dx.cf.code.RopperMachine::run (1550 bytes)
Event: 0.635 Thread 0x00000000172da000 nmethod 811 0x0000000002989090 code [0x00000000029891e0, 0x0000000002989678]
Event: 0.635 Thread 0x00000000172da000  829       4       com.android.dx.util.ByteArray::getUnsignedShort (25 bytes)
Event: 0.636 Thread 0x00000000172da000 nmethod 829 0x0000000002989a10 code [0x0000000002989b60, 0x0000000002989cb8]
Event: 0.636 Thread 0x00000000172da000  822       4       com.android.dx.ssa.NormalSsaInsn::isNormalMoveInsn (20 bytes)
Event: 0.636 Thread 0x00000000172da000 nmethod 822 0x0000000002986190 code [0x00000000029862c0, 0x0000000002986358]
Event: 0.636 Thread 0x00000000172da000  844       4       com.android.dx.rop.type.Type::getBasicFrameType (60 bytes)
Event: 0.637 Thread 0x00000000172da000 nmethod 844 0x0000000002950e10 code [0x0000000002950f40, 0x0000000002950fb8]

GC Heap History (0 events):
No events

Deoptimization events (1 events):
Event: 0.315 Thread 0x0000000002560800 Uncommon trap: reason=unstable_if action=reinterpret pc=0x00000000027aeb94 method=java.lang.String.compareTo(Ljava/lang/String;)I @ 38

Internal exceptions (2 events):
Event: 0.040 Thread 0x0000000002560800 Exception <a 'java/lang/NoSuchMethodError': Method sun.misc.Unsafe.defineClass(Ljava/lang/String;[BII)Ljava/lang/Class; name or signature does not match> (0x00000000d5593090) thrown at [D:\re\puppet\workspace\8-2-build-windows-amd64-cygwin\jdk8u73\6086\hot0?(k§?
Event: 0.040 Thread 0x0000000002560800 Exception <a 'java/lang/NoSuchMethodError': Method sun.misc.Unsafe.prefetchRead(Ljava/lang/Object;J)V name or signature does not match> (0x00000000d5593378) thrown at [D:\re\puppet\workspace\8-2-build-windows-amd64-cygwin\jdk8u73\6086\hotspot\src\share\vm\

Events (10 events):
Event: 0.539 loading class com/android/dx/cf/attrib/AttLocalVariableTypeTable
Event: 0.539 loading class com/android/dx/cf/attrib/AttLocalVariableTypeTable done
Event: 0.576 loading class com/android/dx/dex/file/MethodAnnotationStruct
Event: 0.576 loading class com/android/dx/dex/file/MethodAnnotationStruct done
Event: 0.579 loading class java/util/ArrayList$1
Event: 0.579 loading class java/util/ArrayList$1 done
Event: 0.600 Executing VM operation: ForceSafepoint
Event: 0.603 Executing VM operation: ForceSafepoint done
Event: 0.638 loading class java/util/DualPivotQuicksort
Event: 0.638 loading class java/util/DualPivotQuicksort done


Dynamic libraries:
0x00007ff7f8750000 - 0x00007ff7f8787000 	X:\Program Files\Java\jdk1.8.0_73\bin\java.exe
0x00007ffae65e0000 - 0x00007ffae67a1000 	X:\Windows\SYSTEM32\ntdll.dll
0x00007ffae39e0000 - 0x00007ffae3a8d000 	X:\Windows\system32\KERNEL32.DLL
0x00007ffae3420000 - 0x00007ffae3608000 	X:\Windows\system32\KERNELBASE.dll
0x00007ffae5290000 - 0x00007ffae5337000 	X:\Windows\system32\ADVAPI32.dll
0x00007ffae6300000 - 0x00007ffae639d000 	X:\Windows\system32\msvcrt.dll
0x00007ffae61d0000 - 0x00007ffae622b000 	X:\Windows\system32\sechost.dll
0x00007ffae5830000 - 0x00007ffae594c000 	X:\Windows\system32\RPCRT4.dll
0x00007ffae5950000 - 0x00007ffae5aa6000 	X:\Windows\system32\USER32.dll
0x00007ffae56a0000 - 0x00007ffae5826000 	X:\Windows\system32\GDI32.dll
0x00007ffadd050000 - 0x00007ffadd2c4000 	X:\Windows\WinSxS\amd64_microsoft.windows.common-controls_6595b64144ccf1df_6.0.10586.0_none_8c15ae12515e1c22\COMCTL32.dll
0x00007ffae5ab0000 - 0x00007ffae5d2d000 	X:\Windows\system32\combase.dll
0x00007ffae3330000 - 0x00007ffae339a000 	X:\Windows\system32\bcryptPrimitives.dll
0x00007ffae4ff0000 - 0x00007ffae502b000 	X:\Windows\system32\IMM32.DLL
0x000000005d270000 - 0x000000005d342000 	X:\Program Files\Java\jdk1.8.0_73\jre\bin\msvcr100.dll
0x000000005d6f0000 - 0x000000005df80000 	X:\Program Files\Java\jdk1.8.0_73\jre\bin\server\jvm.dll
0x00007ffae65d0000 - 0x00007ffae65d8000 	X:\Windows\system32\PSAPI.DLL
0x00007ffae0cb0000 - 0x00007ffae0cb9000 	X:\Windows\SYSTEM32\WSOCK32.dll
0x00007ffae6160000 - 0x00007ffae61cb000 	X:\Windows\system32\WS2_32.dll
0x00007ffae0ef0000 - 0x00007ffae0f13000 	X:\Windows\SYSTEM32\WINMM.dll
0x00007ffadf760000 - 0x00007ffadf76a000 	X:\Windows\SYSTEM32\VERSION.dll
0x00007ffae0e80000 - 0x00007ffae0eac000 	X:\Windows\SYSTEM32\WINMMBASE.dll
0x00007ffae2c90000 - 0x00007ffae2cd3000 	X:\Windows\system32\cfgmgr32.dll
0x000000005d6e0000 - 0x000000005d6ef000 	X:\Program Files\Java\jdk1.8.0_73\jre\bin\verify.dll
0x000000005d6b0000 - 0x000000005d6d9000 	X:\Program Files\Java\jdk1.8.0_73\jre\bin\java.dll
0x000000005d690000 - 0x000000005d6a6000 	X:\Program Files\Java\jdk1.8.0_73\jre\bin\zip.dll
0x00007ffae3a90000 - 0x00007ffae4fec000 	X:\Windows\system32\SHELL32.dll
0x00007ffae2ce0000 - 0x00007ffae3325000 	X:\Windows\system32\windows.storage.dll
0x00007ffae6460000 - 0x00007ffae64b2000 	X:\Windows\system32\shlwapi.dll
0x00007ffae2c80000 - 0x00007ffae2c8f000 	X:\Windows\system32\kernel.appcore.dll
0x00007ffae3750000 - 0x00007ffae3805000 	X:\Windows\system32\shcore.dll
0x00007ffae2c00000 - 0x00007ffae2c4b000 	X:\Windows\system32\powrprof.dll
0x00007ffae2c60000 - 0x00007ffae2c74000 	X:\Windows\system32\profapi.dll

VM Arguments:
jvm_args: -Djava.awt.headless=true -Xmx2g -Dfile.encoding=GBK -Duser.country=CN -Duser.language=zh -Duser.variant 
java_command: com.android.dx.command.Main --dex --num-threads=4 --multi-dex --output E:\Android\CalorieCounter\app\build\intermediates\transforms\dex\debug\folders\1000\10\internal_impl-23.2.1_49064801473cbca27248b55bf399760905628d45 E:\Android\CalorieCounter\app\build\intermediates\exploded-aar\com.android.support\support-v4\23.2.1\jars\libs\internal_impl-23.2.1.jar
java_class_path (initial): E:\QMDownload\SDK\build-tools\23.0.3\lib\dx.jar
Launcher Type: SUN_STANDARD

Environment Variables:
PATH=X:\ProgramData\Oracle\Java\javapath;X:\Windows\system32;X:\Windows;X:\Windows\System32\Wbem;X:\Windows\System32\WindowsPowerShell\v1.0\;X:\Program Files (x86)\ATI Technologies\ATI.ACE\Core-Static;D:\Program Files\MATLAB\R2013a\runtime\win64;D:\Program Files\MATLAB\R2013a\bin;X:\Program Files\Java\jdk1.8.0_73\bin;D:\Python27;X:\Program Files (x86)\MySQL\MySQL Fabric 1.5 & MySQL Utilities 1.5\;X:\Program Files (x86)\MySQL\MySQL Fabric 1.5 & MySQL Utilities 1.5\Doctrine extensions for PHP\;E:\QMDownload\SDK\platform-tools
USERNAME=Õı…≠
OS=Windows_NT
PROCESSOR_IDENTIFIER=Intel64 Family 6 Model 60 Stepping 3, GenuineIntel



---------------  S Y S T E M  ---------------

OS: Windows 10.0 , 64 bit Build 10586 (10.0.10586.0)

CPU:total 4 (4 cores per cpu, 1 threads per core) family 6 model 60 stepping 3, cmov, cx8, fxsr, mmx, sse, sse2, sse3, ssse3, sse4.1, sse4.2, popcnt, avx, avx2, aes, clmul, erms, lzcnt, tsc, tscinvbit, bmi1, bmi2

Memory: 4k page, physical 8315044k(2009564k free), swap 8315044k(4152k free)

vm_info: Java HotSpot(TM) 64-Bit Server VM (25.73-b02) for windows-amd64 JRE (1.8.0_73-b02), built on Jan 29 2016 17:38:49 by "java_re" with MS VC++ 10.0 (VS2010)

time: Fri Apr 22 16:45:52 2016
elapsed time: 0 seconds (0d 0h 0m 0s)

