#
# There is insufficient memory for the Java Runtime Environment to continue.
# Native memory allocation (malloc) failed to allocate 720736 bytes for Chunk::new
# Possible reasons:
#   The system is out of physical RAM or swap space
#   In 32 bit mode, the process size limit was hit
# Possible solutions:
#   Reduce memory load on the system
#   Increase physical memory or swap space
#   Check if swap backing store is full
#   Use 64 bit Java on a 64 bit OS
#   Decrease Java heap size (-Xmx/-Xms)
#   Decrease number of Java threads
#   Decrease Java thread stack sizes (-Xss)
#   Set larger code cache with -XX:ReservedCodeCacheSize=
# This output file may be truncated or incomplete.
#
#  Out of Memory Error (allocation.cpp:390), pid=4800, tid=6148
#
# JRE version: Java(TM) SE Runtime Environment (8.0_73-b02) (build 1.8.0_73-b02)
# Java VM: Java HotSpot(TM) 64-Bit Server VM (25.73-b02 mixed mode windows-amd64 compressed oops)
# Failed to write core dump. Minidumps are not enabled by default on client versions of Windows
#

---------------  T H R E A D  ---------------

Current thread (0x000000001736a000):  JavaThread "C2 CompilerThread0" daemon [_thread_in_native, id=6148, stack(0x0000000018860000,0x0000000018960000)]

Stack: [0x0000000018860000,0x0000000018960000]
[error occurred during error reporting (printing stack bounds), id 0xc0000005]

Native frames: (J=compiled Java code, j=interpreted, Vv=VM code, C=native code)


Current CompileTask:
C2:   1789 1577       4       com.android.dx.rop.code.LocalVariableExtractor::processBlock (327 bytes)


---------------  P R O C E S S  ---------------

Java Threads: ( => current thread )
  0x0000000018bb8000 JavaThread "pool-2-thread-4" [_thread_in_vm, id=12108, stack(0x0000000019d60000,0x0000000019e60000)]
  0x0000000018c5f800 JavaThread "pool-2-thread-3" [_thread_blocked, id=11908, stack(0x0000000019c60000,0x0000000019d60000)]
  0x0000000018c5e800 JavaThread "pool-2-thread-2" [_thread_blocked, id=11912, stack(0x0000000019b60000,0x0000000019c60000)]
  0x0000000018c5b800 JavaThread "pool-3-thread-1" [_thread_blocked, id=10264, stack(0x0000000019a60000,0x0000000019b60000)]
  0x0000000018c5b000 JavaThread "pool-2-thread-1" [_thread_blocked, id=15204, stack(0x0000000019960000,0x0000000019a60000)]
  0x00000000189d2000 JavaThread "Service Thread" daemon [_thread_blocked, id=10868, stack(0x0000000018f60000,0x0000000019060000)]
  0x00000000189ba800 JavaThread "C1 CompilerThread2" daemon [_thread_blocked, id=3256, stack(0x0000000018e60000,0x0000000018f60000)]
  0x0000000018985800 JavaThread "C2 CompilerThread1" daemon [_thread_in_native, id=11868, stack(0x0000000018d60000,0x0000000018e60000)]
=>0x000000001736a000 JavaThread "C2 CompilerThread0" daemon [_thread_in_native, id=6148, stack(0x0000000018860000,0x0000000018960000)]
  0x000000001731e000 JavaThread "Attach Listener" daemon [_thread_blocked, id=1608, stack(0x0000000018760000,0x0000000018860000)]
  0x0000000017307000 JavaThread "Signal Dispatcher" daemon [_thread_blocked, id=5880, stack(0x0000000018660000,0x0000000018760000)]
  0x0000000002200800 JavaThread "Finalizer" daemon [_thread_blocked, id=2328, stack(0x0000000018560000,0x0000000018660000)]
  0x00000000021fd000 JavaThread "Reference Handler" daemon [_thread_blocked, id=12284, stack(0x0000000018460000,0x0000000018560000)]
  0x0000000002110800 JavaThread "main" [_thread_in_Java, id=15136, stack(0x00000000008a0000,0x00000000009a0000)]

Other Threads:
  0x00000000172d8000 VMThread [stack: 0x0000000018360000,0x0000000018460000] [id=13304]
  0x0000000018a13800 WatcherThread [stack: 0x0000000019060000,0x0000000019160000] [id=13088]

VM state:not at safepoint (normal execution)

VM Mutex/Monitor currently owned by a thread: None

Heap:
 PSYoungGen      total 71680K, used 34596K [0x00000000d5580000, 0x00000000da080000, 0x0000000100000000)
  eden space 66560K, 44% used [0x00000000d5580000,0x00000000d724ab08,0x00000000d9680000)
  from space 5120K, 99% used [0x00000000d9b80000,0x00000000da07e6c8,0x00000000da080000)
  to   space 5120K, 0% used [0x00000000d9680000,0x00000000d9680000,0x00000000d9b80000)
 ParOldGen       total 87552K, used 5564K [0x0000000080000000, 0x0000000085580000, 0x00000000d5580000)
  object space 87552K, 6% used [0x0000000080000000,0x000000008056f1b8,0x0000000085580000)
 Metaspace       used 6280K, capacity 7094K, committed 7296K, reserved 1056768K
  class space    used 606K, capacity 622K, committed 640K, reserved 1048576K

Card table byte_map: [0x0000000011bb0000,0x0000000011fc0000] byte_map_base: 0x00000000117b0000

Marking Bits: (ParMarkBitMap*) 0x00000000530a0600
 Begin Bits: [0x0000000012570000, 0x0000000014570000)
 End Bits:   [0x0000000014570000, 0x0000000016570000)

Polling page: 0x00000000001f0000

CodeCache: size=245760Kb used=6925Kb max_used=6925Kb free=238834Kb
 bounds [0x00000000027f0000, 0x0000000002ec0000, 0x00000000117f0000]
 total_blobs=1895 nmethods=1624 adapters=184
 compilation: enabled

Compilation events (10 events):
Event: 1.769 Thread 0x00000000189ba800 1645       1       com.android.dx.dex.code.RopTranslator::access$100 (5 bytes)
Event: 1.769 Thread 0x00000000189ba800 nmethod 1645 0x0000000002eaf050 code [0x0000000002eaf1a0, 0x0000000002eaf290]
Event: 1.769 Thread 0x00000000189ba800 1646       2       com.android.dx.command.dexer.Main::access$1600 (4 bytes)
Event: 1.769 Thread 0x00000000189ba800 nmethod 1646 0x0000000002eaf310 code [0x0000000002eaf460, 0x0000000002eaf590]
Event: 1.774 Thread 0x00000000189ba800 1647 %     3       com.android.dx.ssa.LocalVariableExtractor::processBlock @ 119 (383 bytes)
Event: 1.776 Thread 0x00000000189ba800 nmethod 1647% 0x0000000002eaf610 code [0x0000000002eafac0, 0x0000000002eb3268]
Event: 1.776 Thread 0x00000000189ba800 1648       1       com.android.dx.ssa.PhiInsn::canThrow (2 bytes)
Event: 1.777 Thread 0x00000000189ba800 nmethod 1648 0x0000000002eb5bd0 code [0x0000000002eb5d20, 0x0000000002eb5e30]
Event: 1.777 Thread 0x00000000189ba800 1649 %     3       com.android.dx.ssa.SsaMethod::buildUseList @ 82 (112 bytes)
Event: 1.778 Thread 0x00000000189ba800 nmethod 1649% 0x0000000002eb5e90 code [0x0000000002eb6120, 0x0000000002eb7478]

GC Heap History (4 events):
Event: 0.596 GC heap before
{Heap before GC invocations=1 (full 0):
 PSYoungGen      total 38400K, used 33280K [0x00000000d5580000, 0x00000000d8000000, 0x0000000100000000)
  eden space 33280K, 100% used [0x00000000d5580000,0x00000000d7600000,0x00000000d7600000)
  from space 5120K, 0% used [0x00000000d7b00000,0x00000000d7b00000,0x00000000d8000000)
  to   space 5120K, 0% used [0x00000000d7600000,0x00000000d7600000,0x00000000d7b00000)
 ParOldGen       total 87552K, used 0K [0x0000000080000000, 0x0000000085580000, 0x00000000d5580000)
  object space 87552K, 0% used [0x0000000080000000,0x0000000080000000,0x0000000085580000)
 Metaspace       used 6034K, capacity 6902K, committed 7040K, reserved 1056768K
  class space    used 606K, capacity 622K, committed 640K, reserved 1048576K
Event: 0.652 GC heap after
Heap after GC invocations=1 (full 0):
 PSYoungGen      total 38400K, used 5108K [0x00000000d5580000, 0x00000000da080000, 0x0000000100000000)
  eden space 33280K, 0% used [0x00000000d5580000,0x00000000d5580000,0x00000000d7600000)
  from space 5120K, 99% used [0x00000000d7600000,0x00000000d7afd040,0x00000000d7b00000)
  to   space 5120K, 0% used [0x00000000d9b80000,0x00000000d9b80000,0x00000000da080000)
 ParOldGen       total 87552K, used 1354K [0x0000000080000000, 0x0000000085580000, 0x00000000d5580000)
  object space 87552K, 1% used [0x0000000080000000,0x0000000080152bf8,0x0000000085580000)
 Metaspace       used 6034K, capacity 6902K, committed 7040K, reserved 1056768K
  class space    used 606K, capacity 622K, committed 640K, reserved 1048576K
}
Event: 1.522 GC heap before
{Heap before GC invocations=2 (full 0):
 PSYoungGen      total 38400K, used 38388K [0x00000000d5580000, 0x00000000da080000, 0x0000000100000000)
  eden space 33280K, 100% used [0x00000000d5580000,0x00000000d7600000,0x00000000d7600000)
  from space 5120K, 99% used [0x00000000d7600000,0x00000000d7afd040,0x00000000d7b00000)
  to   space 5120K, 0% used [0x00000000d9b80000,0x00000000d9b80000,0x00000000da080000)
 ParOldGen       total 87552K, used 1354K [0x0000000080000000, 0x0000000085580000, 0x00000000d5580000)
  object space 87552K, 1% used [0x0000000080000000,0x0000000080152bf8,0x0000000085580000)
 Metaspace       used 6199K, capacity 7030K, committed 7296K, reserved 1056768K
  class space    used 606K, capacity 622K, committed 640K, reserved 1048576K
Event: 1.534 GC heap after
Heap after GC invocations=2 (full 0):
 PSYoungGen      total 71680K, used 5113K [0x00000000d5580000, 0x00000000da080000, 0x0000000100000000)
  eden space 66560K, 0% used [0x00000000d5580000,0x00000000d5580000,0x00000000d9680000)
  from space 5120K, 99% used [0x00000000d9b80000,0x00000000da07e6c8,0x00000000da080000)
  to   space 5120K, 0% used [0x00000000d9680000,0x00000000d9680000,0x00000000d9b80000)
 ParOldGen       total 87552K, used 5564K [0x0000000080000000, 0x0000000085580000, 0x00000000d5580000)
  object space 87552K, 6% used [0x0000000080000000,0x000000008056f1b8,0x0000000085580000)
 Metaspace       used 6199K, capacity 7030K, committed 7296K, reserved 1056768K
  class space    used 606K, capacity 622K, committed 640K, reserved 1048576K
}

Deoptimization events (10 events):
Event: 1.519 Thread 0x0000000018c5f800 Uncommon trap: reason=unstable_if action=reinterpret pc=0x0000000002ade09c method=com.android.dx.rop.cst.Constant.compareTo(Lcom/android/dx/rop/cst/Constant;)I @ 12
Event: 1.541 Thread 0x0000000018c5b000 Uncommon trap: reason=unstable_if action=reinterpret pc=0x0000000002d44278 method=com.android.dx.ssa.LocalVariableExtractor.processBlock(I)V @ 251
Event: 1.544 Thread 0x0000000018c5b000 Uncommon trap: reason=bimorphic action=maybe_recompile pc=0x0000000002a37864 method=java.util.HashMap.getNode(ILjava/lang/Object;)Ljava/util/HashMap$Node; @ 126
Event: 1.549 Thread 0x0000000018bb8000 Uncommon trap: reason=bimorphic action=maybe_recompile pc=0x0000000002e1eb84 method=com.android.dx.cf.code.RopperMachine.run(Lcom/android/dx/cf/code/Frame;II)V @ 988
Event: 1.550 Thread 0x0000000018bb8000 Uncommon trap: reason=bimorphic action=maybe_recompile pc=0x0000000002e1eb84 method=com.android.dx.cf.code.RopperMachine.run(Lcom/android/dx/cf/code/Frame;II)V @ 988
Event: 1.550 Thread 0x0000000018bb8000 Uncommon trap: reason=bimorphic action=maybe_recompile pc=0x0000000002e1eb84 method=com.android.dx.cf.code.RopperMachine.run(Lcom/android/dx/cf/code/Frame;II)V @ 988
Event: 1.550 Thread 0x0000000018bb8000 Uncommon trap: reason=bimorphic action=maybe_recompile pc=0x0000000002e1eb84 method=com.android.dx.cf.code.RopperMachine.run(Lcom/android/dx/cf/code/Frame;II)V @ 988
Event: 1.551 Thread 0x0000000018bb8000 Uncommon trap: reason=bimorphic action=maybe_recompile pc=0x0000000002a37864 method=java.util.HashMap.getNode(ILjava/lang/Object;)Ljava/util/HashMap$Node; @ 126
Event: 1.701 Thread 0x0000000002110800 Uncommon trap: reason=unstable_if action=reinterpret pc=0x0000000002ce4790 method=com.android.dx.ssa.SCCP.simulateStmt(Lcom/android/dx/ssa/SsaInsn;)V @ 53
Event: 1.727 Thread 0x0000000002110800 Uncommon trap: reason=unstable_if action=reinterpret pc=0x0000000002c6e33c method=com.android.dx.util.IntList.binarysearch(I)I @ 105

Internal exceptions (2 events):
Event: 0.042 Thread 0x0000000002110800 Exception <a 'java/lang/NoSuchMethodError': Method sun.misc.Unsafe.defineClass(Ljava/lang/String;[BII)Ljava/lang/Class; name or signature does not match> (0x00000000d5593090) thrown at [D:\re\puppet\workspace\8-2-build-windows-amd64-cygwin\jdk8u73\6086\hotI
Event: 0.042 Thread 0x0000000002110800 Exception <a 'java/lang/NoSuchMethodError': Method sun.misc.Unsafe.prefetchRead(Ljava/lang/Object;J)V name or signature does not match> (0x00000000d5593378) thrown at [D:\re\puppet\workspace\8-2-build-windows-amd64-cygwin\jdk8u73\6086\hotspot\src\share\vm\

Events (10 events):
Event: 1.551 Thread 0x0000000018bb8000 DEOPT PACKING pc=0x0000000002a37864 sp=0x0000000019e5e3a0
Event: 1.551 Thread 0x0000000018bb8000 DEOPT UNPACKING pc=0x000000000283582a sp=0x0000000019e5e2b8 mode 2
Event: 1.566 Thread 0x0000000018c5b000 DEOPT PACKING pc=0x0000000002c9a51a sp=0x0000000019a5ecd0
Event: 1.566 Thread 0x0000000018c5b000 DEOPT UNPACKING pc=0x000000000283787f sp=0x0000000019a5ea68 mode 0
Event: 1.701 Thread 0x0000000002110800 Uncommon trap: trap_request=0xffffff65 fr.pc=0x0000000002ce4790
Event: 1.701 Thread 0x0000000002110800 DEOPT PACKING pc=0x0000000002ce4790 sp=0x000000000099e670
Event: 1.701 Thread 0x0000000002110800 DEOPT UNPACKING pc=0x000000000283582a sp=0x000000000099e658 mode 2
Event: 1.727 Thread 0x0000000002110800 Uncommon trap: trap_request=0xffffff65 fr.pc=0x0000000002c6e33c
Event: 1.727 Thread 0x0000000002110800 DEOPT PACKING pc=0x0000000002c6e33c sp=0x000000000099e5f0
Event: 1.727 Thread 0x0000000002110800 DEOPT UNPACKING pc=0x000000000283582a sp=0x000000000099e568 mode 2


Dynamic libraries:
0x00007ff6fb7a0000 - 0x00007ff6fb7d7000 	X:\Program Files\Java\jdk1.8.0_73\bin\java.exe
0x00007ffec5b10000 - 0x00007ffec5cd1000 	X:\Windows\SYSTEM32\ntdll.dll
0x00007ffec35e0000 - 0x00007ffec368d000 	X:\Windows\system32\KERNEL32.DLL
0x00007ffec2930000 - 0x00007ffec2b18000 	X:\Windows\system32\KERNELBASE.dll
0x00007ffec34c0000 - 0x00007ffec3567000 	X:\Windows\system32\ADVAPI32.dll
0x00007ffec50c0000 - 0x00007ffec515d000 	X:\Windows\system32\msvcrt.dll
0x00007ffec59a0000 - 0x00007ffec59fb000 	X:\Windows\system32\sechost.dll
0x00007ffec2f10000 - 0x00007ffec302c000 	X:\Windows\system32\RPCRT4.dll
0x00007ffec32f0000 - 0x00007ffec3446000 	X:\Windows\system32\USER32.dll
0x00007ffec3030000 - 0x00007ffec31b6000 	X:\Windows\system32\GDI32.dll
0x00007ffeb89d0000 - 0x00007ffeb8c44000 	X:\Windows\WinSxS\amd64_microsoft.windows.common-controls_6595b64144ccf1df_6.0.10586.0_none_8c15ae12515e1c22\COMCTL32.dll
0x00007ffec4e20000 - 0x00007ffec509d000 	X:\Windows\system32\combase.dll
0x00007ffec2ea0000 - 0x00007ffec2f0a000 	X:\Windows\system32\bcryptPrimitives.dll
0x00007ffec56f0000 - 0x00007ffec572b000 	X:\Windows\system32\IMM32.DLL
0x0000000052330000 - 0x0000000052402000 	X:\Program Files\Java\jdk1.8.0_73\jre\bin\msvcr100.dll
0x0000000052890000 - 0x0000000053120000 	X:\Program Files\Java\jdk1.8.0_73\jre\bin\server\jvm.dll
0x00007ffec4c50000 - 0x00007ffec4c58000 	X:\Windows\system32\PSAPI.DLL
0x00007ffebded0000 - 0x00007ffebded9000 	X:\Windows\SYSTEM32\WSOCK32.dll
0x00007ffec3570000 - 0x00007ffec35db000 	X:\Windows\system32\WS2_32.dll
0x00007ffec0720000 - 0x00007ffec0743000 	X:\Windows\SYSTEM32\WINMM.dll
0x00007ffebe7e0000 - 0x00007ffebe7ea000 	X:\Windows\SYSTEM32\VERSION.dll
0x00007ffec0660000 - 0x00007ffec068c000 	X:\Windows\SYSTEM32\WINMMBASE.dll
0x00007ffec2bd0000 - 0x00007ffec2c13000 	X:\Windows\system32\cfgmgr32.dll
0x00000000527a0000 - 0x00000000527af000 	X:\Program Files\Java\jdk1.8.0_73\jre\bin\verify.dll
0x0000000052770000 - 0x0000000052799000 	X:\Program Files\Java\jdk1.8.0_73\jre\bin\java.dll
0x0000000052750000 - 0x0000000052766000 	X:\Program Files\Java\jdk1.8.0_73\jre\bin\zip.dll
0x00007ffec36f0000 - 0x00007ffec4c4c000 	X:\Windows\system32\SHELL32.dll
0x00007ffec2220000 - 0x00007ffec2865000 	X:\Windows\system32\windows.storage.dll
0x00007ffec3690000 - 0x00007ffec36e2000 	X:\Windows\system32\shlwapi.dll
0x00007ffec2130000 - 0x00007ffec213f000 	X:\Windows\system32\kernel.appcore.dll
0x00007ffec2870000 - 0x00007ffec2925000 	X:\Windows\system32\shcore.dll
0x00007ffec2140000 - 0x00007ffec218b000 	X:\Windows\system32\powrprof.dll
0x00007ffec2190000 - 0x00007ffec21a4000 	X:\Windows\system32\profapi.dll

VM Arguments:
jvm_args: -Djava.awt.headless=true -Xmx2g -Dfile.encoding=GBK -Duser.country=CN -Duser.language=zh -Duser.variant 
java_command: com.android.dx.command.Main --dex --num-threads=4 --multi-dex --output E:\Android\CalorieCounter\app\build\intermediates\transforms\dex\debug\folders\1000\10\com.android.support-appcompat-v7-23.2.1_14a456de78e3d3b230e6c027cdbf92653362251b E:\Android\CalorieCounter\app\build\intermediates\exploded-aar\com.android.support\appcompat-v7\23.2.1\jars\classes.jar
java_class_path (initial): E:\QMDownload\SDK\build-tools\23.0.3\lib\dx.jar
Launcher Type: SUN_STANDARD

Environment Variables:
PATH=X:\ProgramData\Oracle\Java\javapath;X:\Windows\system32;X:\Windows;X:\Windows\System32\Wbem;X:\Windows\System32\WindowsPowerShell\v1.0\;X:\Program Files (x86)\ATI Technologies\ATI.ACE\Core-Static;D:\Program Files\MATLAB\R2013a\runtime\win64;D:\Program Files\MATLAB\R2013a\bin;X:\Program Files\Java\jdk1.8.0_73\bin;D:\Python27;X:\Program Files (x86)\MySQL\MySQL Fabric 1.5 & MySQL Utilities 1.5\;X:\Program Files (x86)\MySQL\MySQL Fabric 1.5 & MySQL Utilities 1.5\Doctrine extensions for PHP\;E:\QMDownload\SDK\platform-tools
USERNAME=Õı…≠
OS=Windows_NT
PROCESSOR_IDENTIFIER=Intel64 Family 6 Model 60 Stepping 3, GenuineIntel



---------------  S Y S T E M  ---------------

OS: Windows 10.0 , 64 bit Build 10586 (10.0.10586.0)

CPU:total 4 (4 cores per cpu, 1 threads per core) family 6 model 60 stepping 3, cmov, cx8, fxsr, mmx, sse, sse2, sse3, ssse3, sse4.1, sse4.2, popcnt, avx, avx2, aes, clmul, erms, lzcnt, tsc, tscinvbit, bmi1, bmi2

Memory: 4k page, physical 8315044k(2071524k free), swap 8315044k(5320k free)

vm_info: Java HotSpot(TM) 64-Bit Server VM (25.73-b02) for windows-amd64 JRE (1.8.0_73-b02), built on Jan 29 2016 17:38:49 by "java_re" with MS VC++ 10.0 (VS2010)

time: Tue Apr 26 20:39:43 2016
elapsed time: 1 seconds (0d 0h 0m 1s)

