#
# There is insufficient memory for the Java Runtime Environment to continue.
# Native memory allocation (malloc) failed to allocate 1824816 bytes for Chunk::new
# Possible reasons:
#   The system is out of physical RAM or swap space
#   In 32 bit mode, the process size limit was hit
# Possible solutions:
#   Reduce memory load on the system
#   Increase physical memory or swap space
#   Check if swap backing store is full
#   Use 64 bit Java on a 64 bit OS
#   Decrease Java heap size (-Xmx/-Xms)
#   Decrease number of Java threads
#   Decrease Java thread stack sizes (-Xss)
#   Set larger code cache with -XX:ReservedCodeCacheSize=
# This output file may be truncated or incomplete.
#
#  Out of Memory Error (allocation.cpp:390), pid=632, tid=620
#
# JRE version: Java(TM) SE Runtime Environment (8.0_73-b02) (build 1.8.0_73-b02)
# Java VM: Java HotSpot(TM) 64-Bit Server VM (25.73-b02 mixed mode windows-amd64 compressed oops)
# Failed to write core dump. Minidumps are not enabled by default on client versions of Windows
#

---------------  T H R E A D  ---------------

Current thread (0x000000001735d000):  JavaThread "C2 CompilerThread1" daemon [_thread_in_native, id=620, stack(0x0000000018d70000,0x0000000018e70000)]

Stack: [0x0000000018d70000,0x0000000018e70000]
[error occurred during error reporting (printing stack bounds), id 0xc0000005]

Native frames: (J=compiled Java code, j=interpreted, Vv=VM code, C=native code)


Current CompileTask:
C2:   1668 1436   !   4       com.android.dx.cf.code.BytecodeArray::parseInstruction (2764 bytes)


---------------  P R O C E S S  ---------------

Java Threads: ( => current thread )
  0x0000000018bac800 JavaThread "pool-1-thread-1" [_thread_new, id=2924, stack(0x0000000000000000,0x0000000000000000)]
  0x00000000189d5000 JavaThread "Service Thread" daemon [_thread_blocked, id=12404, stack(0x0000000018f70000,0x0000000019070000)]
  0x00000000189d2000 JavaThread "C1 CompilerThread2" daemon [_thread_blocked, id=13740, stack(0x0000000018e70000,0x0000000018f70000)]
=>0x000000001735d000 JavaThread "C2 CompilerThread1" daemon [_thread_in_native, id=620, stack(0x0000000018d70000,0x0000000018e70000)]
  0x000000001735a800 JavaThread "C2 CompilerThread0" daemon [_thread_in_native, id=5268, stack(0x0000000018870000,0x0000000018970000)]
  0x000000001730d800 JavaThread "Attach Listener" daemon [_thread_blocked, id=8788, stack(0x0000000018770000,0x0000000018870000)]
  0x00000000172f7800 JavaThread "Signal Dispatcher" daemon [_thread_blocked, id=5636, stack(0x0000000018670000,0x0000000018770000)]
  0x00000000026d0800 JavaThread "Finalizer" daemon [_thread_blocked, id=13172, stack(0x0000000018570000,0x0000000018670000)]
  0x00000000026cd000 JavaThread "Reference Handler" daemon [_thread_blocked, id=11052, stack(0x0000000018470000,0x0000000018570000)]
  0x00000000025e0800 JavaThread "main" [_thread_blocked, id=10712, stack(0x00000000024e0000,0x00000000025e0000)]

Other Threads:
  0x00000000172c8000 VMThread [stack: 0x0000000018370000,0x0000000018470000] [id=1884]
  0x0000000018a1b800 WatcherThread [stack: 0x0000000019070000,0x0000000019170000] [id=12696]

VM state:not at safepoint (normal execution)

VM Mutex/Monitor currently owned by a thread: None

Heap:
 PSYoungGen      total 38400K, used 26003K [0x00000000d5580000, 0x00000000d8000000, 0x0000000100000000)
  eden space 33280K, 62% used [0x00000000d5580000,0x00000000d69e8500,0x00000000d7600000)
  from space 5120K, 99% used [0x00000000d7b00000,0x00000000d7ffcad8,0x00000000d8000000)
  to   space 5120K, 0% used [0x00000000d7600000,0x00000000d7600000,0x00000000d7b00000)
 ParOldGen       total 87552K, used 6364K [0x0000000080000000, 0x0000000085580000, 0x00000000d5580000)
  object space 87552K, 7% used [0x0000000080000000,0x00000000806373b0,0x0000000085580000)
 Metaspace       used 6165K, capacity 7032K, committed 7296K, reserved 1056768K
  class space    used 603K, capacity 624K, committed 640K, reserved 1048576K

Card table byte_map: [0x0000000011aa0000,0x0000000011eb0000] byte_map_base: 0x00000000116a0000

Marking Bits: (ParMarkBitMap*) 0x0000000075d70600
 Begin Bits: [0x0000000012560000, 0x0000000014560000)
 End Bits:   [0x0000000014560000, 0x0000000016560000)

Polling page: 0x00000000001f0000

CodeCache: size=245760Kb used=5492Kb max_used=5492Kb free=240267Kb
 bounds [0x00000000026e0000, 0x0000000002c50000, 0x00000000116e0000]
 total_blobs=1710 nmethods=1439 adapters=183
 compilation: enabled

Compilation events (10 events):
Event: 1.622 Thread 0x00000000189d2000 1469       2       com.android.dx.dex.code.RopTranslator$LocalVariableAwareTranslationVisitor::visitThrowingInsn (11 bytes)
Event: 1.622 Thread 0x00000000189d2000 nmethod 1469 0x0000000002c40650 code [0x0000000002c40800, 0x0000000002c40b48]
Event: 1.622 Thread 0x00000000189d2000 1470       2       com.android.dx.dex.code.RopTranslator$TranslationVisitor::visitThrowingInsn (118 bytes)
Event: 1.623 Thread 0x00000000189d2000 nmethod 1470 0x0000000002c3f390 code [0x0000000002c3f5e0, 0x0000000002c3fd48]
Event: 1.626 Thread 0x00000000189d2000 1471       2       java.util.concurrent.locks.ReentrantLock$Sync::tryRelease (45 bytes)
Event: 1.626 Thread 0x00000000189d2000 nmethod 1471 0x0000000002c34ed0 code [0x0000000002c35040, 0x0000000002c35288]
Event: 1.626 Thread 0x00000000189d2000 1472       2       java.util.concurrent.locks.ReentrantLock$FairSync::tryAcquire (74 bytes)
Event: 1.627 Thread 0x00000000189d2000 nmethod 1472 0x0000000002c3ee50 code [0x0000000002c3efc0, 0x0000000002c3f298]
Event: 1.627 Thread 0x00000000189d2000 1473       2       java.util.concurrent.locks.AbstractQueuedSynchronizer::hasQueuedPredecessors (40 bytes)
Event: 1.627 Thread 0x00000000189d2000 nmethod 1473 0x0000000002c40f50 code [0x0000000002c410a0, 0x0000000002c41250]

GC Heap History (4 events):
Event: 1.012 GC heap before
{Heap before GC invocations=1 (full 0):
 PSYoungGen      total 38400K, used 33280K [0x00000000d5580000, 0x00000000d8000000, 0x0000000100000000)
  eden space 33280K, 100% used [0x00000000d5580000,0x00000000d7600000,0x00000000d7600000)
  from space 5120K, 0% used [0x00000000d7b00000,0x00000000d7b00000,0x00000000d8000000)
  to   space 5120K, 0% used [0x00000000d7600000,0x00000000d7600000,0x00000000d7b00000)
 ParOldGen       total 87552K, used 0K [0x0000000080000000, 0x0000000085580000, 0x00000000d5580000)
  object space 87552K, 0% used [0x0000000080000000,0x0000000080000000,0x0000000085580000)
 Metaspace       used 5924K, capacity 6838K, committed 7040K, reserved 1056768K
  class space    used 597K, capacity 622K, committed 640K, reserved 1048576K
Event: 1.082 GC heap after
Heap after GC invocations=1 (full 0):
 PSYoungGen      total 38400K, used 5093K [0x00000000d5580000, 0x00000000d8000000, 0x0000000100000000)
  eden space 33280K, 0% used [0x00000000d5580000,0x00000000d5580000,0x00000000d7600000)
  from space 5120K, 99% used [0x00000000d7600000,0x00000000d7af9750,0x00000000d7b00000)
  to   space 5120K, 0% used [0x00000000d7b00000,0x00000000d7b00000,0x00000000d8000000)
 ParOldGen       total 87552K, used 1426K [0x0000000080000000, 0x0000000085580000, 0x00000000d5580000)
  object space 87552K, 1% used [0x0000000080000000,0x0000000080164970,0x0000000085580000)
 Metaspace       used 5924K, capacity 6838K, committed 7040K, reserved 1056768K
  class space    used 597K, capacity 622K, committed 640K, reserved 1048576K
}
Event: 1.437 GC heap before
{Heap before GC invocations=2 (full 0):
 PSYoungGen      total 38400K, used 38373K [0x00000000d5580000, 0x00000000d8000000, 0x0000000100000000)
  eden space 33280K, 100% used [0x00000000d5580000,0x00000000d7600000,0x00000000d7600000)
  from space 5120K, 99% used [0x00000000d7600000,0x00000000d7af9750,0x00000000d7b00000)
  to   space 5120K, 0% used [0x00000000d7b00000,0x00000000d7b00000,0x00000000d8000000)
 ParOldGen       total 87552K, used 1426K [0x0000000080000000, 0x0000000085580000, 0x00000000d5580000)
  object space 87552K, 1% used [0x0000000080000000,0x0000000080164970,0x0000000085580000)
 Metaspace       used 6141K, capacity 7030K, committed 7296K, reserved 1056768K
  class space    used 601K, capacity 622K, committed 640K, reserved 1048576K
Event: 1.568 GC heap after
Heap after GC invocations=2 (full 0):
 PSYoungGen      total 38400K, used 5106K [0x00000000d5580000, 0x00000000d8000000, 0x0000000100000000)
  eden space 33280K, 0% used [0x00000000d5580000,0x00000000d5580000,0x00000000d7600000)
  from space 5120K, 99% used [0x00000000d7b00000,0x00000000d7ffcad8,0x00000000d8000000)
  to   space 5120K, 0% used [0x00000000d7600000,0x00000000d7600000,0x00000000d7b00000)
 ParOldGen       total 87552K, used 6364K [0x0000000080000000, 0x0000000085580000, 0x00000000d5580000)
  object space 87552K, 7% used [0x0000000080000000,0x00000000806373b0,0x0000000085580000)
 Metaspace       used 6141K, capacity 7030K, committed 7296K, reserved 1056768K
  class space    used 601K, capacity 622K, committed 640K, reserved 1048576K
}

Deoptimization events (10 events):
Event: 1.435 Thread 0x00000000025e0800 Uncommon trap: reason=unstable_if action=reinterpret pc=0x0000000002b7c0fc method=com.android.dx.cf.code.Merger.mergeType(Lcom/android/dx/rop/type/TypeBearer;Lcom/android/dx/rop/type/TypeBearer;)Lcom/android/dx/rop/type/TypeBearer; @ 52
Event: 1.568 Thread 0x0000000018bb4800 Uncommon trap: reason=class_check action=maybe_recompile pc=0x00000000029e2508 method=com.android.dx.ssa.NormalSsaInsn.accept(Lcom/android/dx/ssa/SsaInsn$Visitor;)V @ 9
Event: 1.583 Thread 0x0000000018bb4800 Uncommon trap: reason=bimorphic action=maybe_recompile pc=0x0000000002c2c540 method=com.android.dx.ssa.SCCP.simulatePhi(Lcom/android/dx/ssa/PhiInsn;)V @ 124
Event: 1.583 Thread 0x0000000018bb4800 Uncommon trap: reason=bimorphic action=maybe_recompile pc=0x0000000002c2c540 method=com.android.dx.ssa.SCCP.simulatePhi(Lcom/android/dx/ssa/PhiInsn;)V @ 124
Event: 1.583 Thread 0x0000000018bb4800 Uncommon trap: reason=bimorphic action=maybe_recompile pc=0x0000000002c2c540 method=com.android.dx.ssa.SCCP.simulatePhi(Lcom/android/dx/ssa/PhiInsn;)V @ 124
Event: 1.583 Thread 0x0000000018bb4800 Uncommon trap: reason=bimorphic action=maybe_recompile pc=0x0000000002c2c540 method=com.android.dx.ssa.SCCP.simulatePhi(Lcom/android/dx/ssa/PhiInsn;)V @ 124
Event: 1.594 Thread 0x0000000018bab800 Uncommon trap: reason=bimorphic action=maybe_recompile pc=0x000000000293e2d8 method=java.util.HashMap.getNode(ILjava/lang/Object;)Ljava/util/HashMap$Node; @ 126
Event: 1.594 Thread 0x0000000018bab800 Uncommon trap: reason=bimorphic action=maybe_recompile pc=0x000000000293e2d8 method=java.util.HashMap.getNode(ILjava/lang/Object;)Ljava/util/HashMap$Node; @ 126
Event: 1.604 Thread 0x00000000025e0800 Uncommon trap: reason=bimorphic action=maybe_recompile pc=0x0000000002911984 method=java.util.HashMap.getNode(ILjava/lang/Object;)Ljava/util/HashMap$Node; @ 126
Event: 1.605 Thread 0x00000000025e0800 Uncommon trap: reason=bimorphic action=maybe_recompile pc=0x000000000293e2d8 method=java.util.HashMap.getNode(ILjava/lang/Object;)Ljava/util/HashMap$Node; @ 126

Internal exceptions (2 events):
Event: 0.038 Thread 0x00000000025e0800 Exception <a 'java/lang/NoSuchMethodError': Method sun.misc.Unsafe.defineClass(Ljava/lang/String;[BII)Ljava/lang/Class; name or signature does not match> (0x00000000d5593090) thrown at [D:\re\puppet\workspace\8-2-build-windows-amd64-cygwin\jdk8u73\6086\hotÞª‹ñùd£?
Event: 0.038 Thread 0x00000000025e0800 Exception <a 'java/lang/NoSuchMethodError': Method sun.misc.Unsafe.prefetchRead(Ljava/lang/Object;J)V name or signature does not match> (0x00000000d5593378) thrown at [D:\re\puppet\workspace\8-2-build-windows-amd64-cygwin\jdk8u73\6086\hotspot\src\share\vm\

Events (10 events):
Event: 1.626 loading class java/util/HashMap$KeyIterator
Event: 1.626 loading class java/util/HashMap$KeyIterator done
Event: 1.626 Thread 0x0000000018baf800 Thread exited: 0x0000000018baf800
Event: 1.626 Thread 0x0000000018bb4800 Thread exited: 0x0000000018bb4800
Event: 1.626 Thread 0x0000000018bab800 Thread exited: 0x0000000018bab800
Event: 1.626 Thread 0x0000000018bb5000 Thread exited: 0x0000000018bb5000
Event: 1.627 Thread 0x0000000018bac800 Thread exited: 0x0000000018bac800
Event: 1.627 loading class com/android/dx/command/dexer/Main$DexWriter
Event: 1.627 loading class com/android/dx/command/dexer/Main$DexWriter done
Event: 1.627 Thread 0x0000000018bac800 Thread added: 0x0000000018bac800


Dynamic libraries:
0x00007ff7961a0000 - 0x00007ff7961d7000 	X:\Program Files\Java\jdk1.8.0_73\bin\java.exe
0x00007ffb03230000 - 0x00007ffb033f1000 	X:\Windows\SYSTEM32\ntdll.dll
0x00007ffb02fd0000 - 0x00007ffb0307d000 	X:\Windows\system32\KERNEL32.DLL
0x00007ffb00440000 - 0x00007ffb00628000 	X:\Windows\system32\KERNELBASE.dll
0x00007ffb02360000 - 0x00007ffb02407000 	X:\Windows\system32\ADVAPI32.dll
0x00007ffb01e90000 - 0x00007ffb01f2d000 	X:\Windows\system32\msvcrt.dll
0x00007ffb02570000 - 0x00007ffb025cb000 	X:\Windows\system32\sechost.dll
0x00007ffb02c10000 - 0x00007ffb02d2c000 	X:\Windows\system32\RPCRT4.dll
0x00007ffb02410000 - 0x00007ffb02566000 	X:\Windows\system32\USER32.dll
0x00007ffb02d30000 - 0x00007ffb02eb6000 	X:\Windows\system32\GDI32.dll
0x00007ffaf8a50000 - 0x00007ffaf8cc4000 	X:\Windows\WinSxS\amd64_microsoft.windows.common-controls_6595b64144ccf1df_6.0.10586.0_none_8c15ae12515e1c22\COMCTL32.dll
0x00007ffb02880000 - 0x00007ffb02afd000 	X:\Windows\system32\combase.dll
0x00007ffb003d0000 - 0x00007ffb0043a000 	X:\Windows\system32\bcryptPrimitives.dll
0x00007ffb02f90000 - 0x00007ffb02fcb000 	X:\Windows\system32\IMM32.DLL
0x0000000075070000 - 0x0000000075142000 	X:\Program Files\Java\jdk1.8.0_73\jre\bin\msvcr100.dll
0x0000000075560000 - 0x0000000075df0000 	X:\Program Files\Java\jdk1.8.0_73\jre\bin\server\jvm.dll
0x00007ffb02870000 - 0x00007ffb02878000 	X:\Windows\system32\PSAPI.DLL
0x00007ffafdbb0000 - 0x00007ffafdbb9000 	X:\Windows\SYSTEM32\WSOCK32.dll
0x00007ffb03160000 - 0x00007ffb031cb000 	X:\Windows\system32\WS2_32.dll
0x00007ffafd8e0000 - 0x00007ffafd903000 	X:\Windows\SYSTEM32\WINMM.dll
0x00007ffafb880000 - 0x00007ffafb88a000 	X:\Windows\SYSTEM32\VERSION.dll
0x00007ffafd8b0000 - 0x00007ffafd8dc000 	X:\Windows\SYSTEM32\WINMMBASE.dll
0x00007ffaffd30000 - 0x00007ffaffd73000 	X:\Windows\system32\cfgmgr32.dll
0x00000000765d0000 - 0x00000000765df000 	X:\Program Files\Java\jdk1.8.0_73\jre\bin\verify.dll
0x00000000765a0000 - 0x00000000765c9000 	X:\Program Files\Java\jdk1.8.0_73\jre\bin\java.dll
0x0000000076580000 - 0x0000000076596000 	X:\Program Files\Java\jdk1.8.0_73\jre\bin\zip.dll
0x00007ffb00930000 - 0x00007ffb01e8c000 	X:\Windows\system32\SHELL32.dll
0x00007ffaffd80000 - 0x00007ffb003c5000 	X:\Windows\system32\windows.storage.dll
0x00007ffb030e0000 - 0x00007ffb03132000 	X:\Windows\system32\shlwapi.dll
0x00007ffaff8c0000 - 0x00007ffaff8cf000 	X:\Windows\system32\kernel.appcore.dll
0x00007ffaffb10000 - 0x00007ffaffbc5000 	X:\Windows\system32\shcore.dll
0x00007ffaff870000 - 0x00007ffaff8bb000 	X:\Windows\system32\powrprof.dll
0x00007ffaff850000 - 0x00007ffaff864000 	X:\Windows\system32\profapi.dll

VM Arguments:
jvm_args: -Djava.awt.headless=true -Xmx2g -Dfile.encoding=GBK -Duser.country=CN -Duser.language=zh -Duser.variant 
java_command: com.android.dx.command.Main --dex --num-threads=4 --multi-dex --output E:\Android\CalorieCounter\app\build\intermediates\transforms\dex\debug\folders\1000\2\baidumapapi_base_v3_7_3_ed63c4db217029e2b91a8eae4bf41ca54dcaac9d E:\Android\CalorieCounter\app\libs\baidumapapi_base_v3_7_3.jar
java_class_path (initial): E:\QMDownload\SDK\build-tools\23.0.3\lib\dx.jar
Launcher Type: SUN_STANDARD

Environment Variables:
PATH=X:\ProgramData\Oracle\Java\javapath;X:\Windows\system32;X:\Windows;X:\Windows\System32\Wbem;X:\Windows\System32\WindowsPowerShell\v1.0\;X:\Program Files (x86)\ATI Technologies\ATI.ACE\Core-Static;D:\Program Files\MATLAB\R2013a\runtime\win64;D:\Program Files\MATLAB\R2013a\bin;X:\Program Files\Java\jdk1.8.0_73\bin;D:\Python27;X:\Program Files (x86)\MySQL\MySQL Fabric 1.5 & MySQL Utilities 1.5\;X:\Program Files (x86)\MySQL\MySQL Fabric 1.5 & MySQL Utilities 1.5\Doctrine extensions for PHP\;E:\QMDownload\SDK\platform-tools
USERNAME=ÍõÉ­
OS=Windows_NT
PROCESSOR_IDENTIFIER=Intel64 Family 6 Model 60 Stepping 3, GenuineIntel



---------------  S Y S T E M  ---------------

OS: Windows 10.0 , 64 bit Build 10586 (10.0.10586.0)

CPU:total 4 (4 cores per cpu, 1 threads per core) family 6 model 60 stepping 3, cmov, cx8, fxsr, mmx, sse, sse2, sse3, ssse3, sse4.1, sse4.2, popcnt, avx, avx2, aes, clmul, erms, lzcnt, tsc, tscinvbit, bmi1, bmi2

Memory: 4k page, physical 8315044k(1710636k free), swap 8315044k(6068k free)

vm_info: Java HotSpot(TM) 64-Bit Server VM (25.73-b02) for windows-amd64 JRE (1.8.0_73-b02), built on Jan 29 2016 17:38:49 by "java_re" with MS VC++ 10.0 (VS2010)

time: Wed Apr 27 18:58:25 2016
elapsed time: 1 seconds (0d 0h 0m 1s)

