#
# There is insufficient memory for the Java Runtime Environment to continue.
# Native memory allocation (malloc) failed to allocate 32744 bytes for ChunkPool::allocate
# Possible reasons:
#   The system is out of physical RAM or swap space
#   In 32 bit mode, the process size limit was hit
# Possible solutions:
#   Reduce memory load on the system
#   Increase physical memory or swap space
#   Check if swap backing store is full
#   Use 64 bit Java on a 64 bit OS
#   Decrease Java heap size (-Xmx/-Xms)
#   Decrease number of Java threads
#   Decrease Java thread stack sizes (-Xss)
#   Set larger code cache with -XX:ReservedCodeCacheSize=
# This output file may be truncated or incomplete.
#
#  Out of Memory Error (allocation.cpp:273), pid=15844, tid=16140
#
# JRE version: Java(TM) SE Runtime Environment (8.0_73-b02) (build 1.8.0_73-b02)
# Java VM: Java HotSpot(TM) 64-Bit Server VM (25.73-b02 mixed mode windows-amd64 compressed oops)
# Failed to write core dump. Minidumps are not enabled by default on client versions of Windows
#

---------------  T H R E A D  ---------------

Current thread (0x00000000163ca800):  JavaThread "C1 CompilerThread2" daemon [_thread_in_native, id=16140, stack(0x0000000016870000,0x0000000016970000)]

Stack: [0x0000000016870000,0x0000000016970000]
[error occurred during error reporting (printing stack bounds), id 0xc0000005]

Native frames: (J=compiled Java code, j=interpreted, Vv=VM code, C=native code)


Current CompileTask:
C1:   1402  496   !   3       com.android.dx.cf.code.BytecodeArray::parseInstruction (2764 bytes)


---------------  P R O C E S S  ---------------

Java Threads: ( => current thread )
  0x00000000165d2000 JavaThread "pool-1-thread-4" [_thread_blocked, id=5512, stack(0x0000000017770000,0x0000000017870000)]
  0x00000000165fa800 JavaThread "pool-1-thread-3" [_thread_blocked, id=17012, stack(0x0000000017670000,0x0000000017770000)]
  0x00000000165fa000 JavaThread "pool-1-thread-2" [_thread_in_Java, id=4020, stack(0x0000000017570000,0x0000000017670000)]
  0x0000000016763800 JavaThread "pool-2-thread-1" [_thread_blocked, id=7140, stack(0x0000000017470000,0x0000000017570000)]
  0x0000000016762800 JavaThread "pool-1-thread-1" [_thread_blocked, id=16128, stack(0x0000000017370000,0x0000000017470000)]
  0x00000000163ce800 JavaThread "Service Thread" daemon [_thread_blocked, id=15812, stack(0x0000000016970000,0x0000000016a70000)]
=>0x00000000163ca800 JavaThread "C1 CompilerThread2" daemon [_thread_in_native, id=16140, stack(0x0000000016870000,0x0000000016970000)]
  0x0000000014d4d000 JavaThread "C2 CompilerThread1" daemon [_thread_blocked, id=16124, stack(0x0000000016770000,0x0000000016870000)]
  0x0000000014d4a800 JavaThread "C2 CompilerThread0" daemon [_thread_blocked, id=16632, stack(0x0000000016270000,0x0000000016370000)]
  0x0000000014cfd800 JavaThread "Attach Listener" daemon [_thread_blocked, id=4592, stack(0x0000000016170000,0x0000000016270000)]
  0x0000000014ce7800 JavaThread "Signal Dispatcher" daemon [_thread_blocked, id=15796, stack(0x0000000016070000,0x0000000016170000)]
  0x0000000002610800 JavaThread "Finalizer" daemon [_thread_blocked, id=14288, stack(0x0000000015f70000,0x0000000016070000)]
  0x000000000260d000 JavaThread "Reference Handler" daemon [_thread_blocked, id=11452, stack(0x0000000015e70000,0x0000000015f70000)]
  0x0000000002520800 JavaThread "main" [_thread_in_Java, id=16836, stack(0x0000000002320000,0x0000000002420000)]

Other Threads:
  0x0000000014cb7800 VMThread [stack: 0x0000000015d70000,0x0000000015e70000] [id=16404]
  0x00000000163d5800 WatcherThread [stack: 0x0000000016a70000,0x0000000016b70000] [id=7304]

VM state:not at safepoint (normal execution)

VM Mutex/Monitor currently owned by a thread: None

Heap:
 PSYoungGen      total 38400K, used 18905K [0x00000000eab00000, 0x00000000ed580000, 0x0000000100000000)
  eden space 33280K, 56% used [0x00000000eab00000,0x00000000ebd76490,0x00000000ecb80000)
  from space 5120K, 0% used [0x00000000ed080000,0x00000000ed080000,0x00000000ed580000)
  to   space 5120K, 0% used [0x00000000ecb80000,0x00000000ecb80000,0x00000000ed080000)
 ParOldGen       total 87552K, used 0K [0x00000000c0000000, 0x00000000c5580000, 0x00000000eab00000)
  object space 87552K, 0% used [0x00000000c0000000,0x00000000c0000000,0x00000000c5580000)
 Metaspace       used 5507K, capacity 6448K, committed 6528K, reserved 1056768K
  class space    used 593K, capacity 616K, committed 640K, reserved 1048576K

Card table byte_map: [0x00000000119e0000,0x0000000011bf0000] byte_map_base: 0x00000000113e0000

Marking Bits: (ParMarkBitMap*) 0x00000000540e0600
 Begin Bits: [0x0000000012150000, 0x0000000013150000)
 End Bits:   [0x0000000013150000, 0x0000000014150000)

Polling page: 0x00000000001f0000

CodeCache: size=245760Kb used=2092Kb max_used=2107Kb free=243667Kb
 bounds [0x0000000002620000, 0x0000000002890000, 0x0000000011620000]
 total_blobs=770 nmethods=499 adapters=184
 compilation: enabled

Compilation events (10 events):
Event: 1.398 Thread 0x00000000163ca800  497       3       com.android.dx.util.Bits::makeBitSet (11 bytes)
Event: 1.398 Thread 0x00000000163ca800 nmethod 497 0x00000000028293d0 code [0x0000000002829520, 0x00000000028296d0]
Event: 1.398 Thread 0x00000000163ca800  479       1       com.android.dx.ssa.SsaMethod::access$000 (5 bytes)
Event: 1.398 Thread 0x00000000163ca800 nmethod 479 0x0000000002829110 code [0x0000000002829260, 0x0000000002829350]
Event: 1.398 Thread 0x00000000163ca800  500       3       com.android.dx.rop.code.RegisterSpecList::get (9 bytes)
Event: 1.398 Thread 0x0000000014d4d000  501       4       java.util.HashMap::getNode (148 bytes)
Event: 1.398 Thread 0x00000000163ca800 nmethod 500 0x0000000002828c10 code [0x0000000002828d80, 0x0000000002829068]
Event: 1.398 Thread 0x00000000163ca800  496   !   3       com.android.dx.cf.code.BytecodeArray::parseInstruction (2764 bytes)
Event: 1.400 Thread 0x0000000014d4a800  525       4       java.util.ArrayList::add (29 bytes)
Event: 1.400 Thread 0x0000000014d4d000 nmethod 501 0x00000000028283d0 code [0x0000000002828540, 0x0000000002828908]

GC Heap History (0 events):
No events

Deoptimization events (1 events):
Event: 0.894 Thread 0x0000000002520800 Uncommon trap: reason=unstable_if action=reinterpret pc=0x000000000276fb14 method=java.lang.String.compareTo(Ljava/lang/String;)I @ 38

Internal exceptions (2 events):
Event: 0.104 Thread 0x0000000002520800 Exception <a 'java/lang/NoSuchMethodError': Method sun.misc.Unsafe.defineClass(Ljava/lang/String;[BII)Ljava/lang/Class; name or signature does not match> (0x00000000eab13090) thrown at [D:\re\puppet\workspace\8-2-build-windows-amd64-cygwin\jdk8u73\6086\hotëŒ!À1‰º?
Event: 0.104 Thread 0x0000000002520800 Exception <a 'java/lang/NoSuchMethodError': Method sun.misc.Unsafe.prefetchRead(Ljava/lang/Object;J)V name or signature does not match> (0x00000000eab13378) thrown at [D:\re\puppet\workspace\8-2-build-windows-amd64-cygwin\jdk8u73\6086\hotspot\src\share\vm\

Events (10 events):
Event: 1.365 loading class com/android/dx/dex/file/DebugInfoItem
Event: 1.365 loading class com/android/dx/dex/file/DebugInfoItem done
Event: 1.368 loading class com/android/dx/cf/code/Ropper$ExceptionHandlerSetup
Event: 1.368 loading class com/android/dx/cf/code/Ropper$ExceptionHandlerSetup done
Event: 1.376 loading class com/android/dx/ssa/PhiInsn$Operand
Event: 1.376 loading class com/android/dx/ssa/PhiInsn$Operand done
Event: 1.378 loading class com/android/dx/ssa/back/FirstFitLocalCombiningAllocator$Multiset
Event: 1.378 loading class com/android/dx/ssa/back/FirstFitLocalCombiningAllocator$Multiset done
Event: 1.379 loading class com/android/dx/cf/code/BytecodeArray$ConstantParserVisitor
Event: 1.379 loading class com/android/dx/cf/code/BytecodeArray$ConstantParserVisitor done


Dynamic libraries:
0x00007ff6dbe30000 - 0x00007ff6dbe67000 	X:\Program Files\Java\jdk1.8.0_73\bin\java.exe
0x00007ff876650000 - 0x00007ff876811000 	X:\Windows\SYSTEM32\ntdll.dll
0x00007ff8762a0000 - 0x00007ff87634d000 	X:\Windows\system32\KERNEL32.DLL
0x00007ff873400000 - 0x00007ff8735e8000 	X:\Windows\system32\KERNELBASE.dll
0x00007ff875900000 - 0x00007ff8759a7000 	X:\Windows\system32\ADVAPI32.dll
0x00007ff875860000 - 0x00007ff8758fd000 	X:\Windows\system32\msvcrt.dll
0x00007ff876020000 - 0x00007ff87607b000 	X:\Windows\system32\sechost.dll
0x00007ff874050000 - 0x00007ff87416c000 	X:\Windows\system32\RPCRT4.dll
0x00007ff873ee0000 - 0x00007ff874036000 	X:\Windows\system32\USER32.dll
0x00007ff8756d0000 - 0x00007ff875856000 	X:\Windows\system32\GDI32.dll
0x00007ff86b170000 - 0x00007ff86b3e4000 	X:\Windows\WinSxS\amd64_microsoft.windows.common-controls_6595b64144ccf1df_6.0.10586.0_none_8c15ae12515e1c22\COMCTL32.dll
0x00007ff875d20000 - 0x00007ff875f9d000 	X:\Windows\system32\combase.dll
0x00007ff873740000 - 0x00007ff8737aa000 	X:\Windows\system32\bcryptPrimitives.dll
0x00007ff873a50000 - 0x00007ff873a8b000 	X:\Windows\system32\IMM32.DLL
0x0000000053340000 - 0x0000000053412000 	X:\Program Files\Java\jdk1.8.0_73\jre\bin\msvcr100.dll
0x00000000538d0000 - 0x0000000054160000 	X:\Program Files\Java\jdk1.8.0_73\jre\bin\server\jvm.dll
0x00007ff874040000 - 0x00007ff874048000 	X:\Windows\system32\PSAPI.DLL
0x00007ff86b4c0000 - 0x00007ff86b4c9000 	X:\Windows\SYSTEM32\WSOCK32.dll
0x00007ff875fa0000 - 0x00007ff87600b000 	X:\Windows\system32\WS2_32.dll
0x00007ff870f20000 - 0x00007ff870f43000 	X:\Windows\SYSTEM32\WINMM.dll
0x00007ff86f250000 - 0x00007ff86f25a000 	X:\Windows\SYSTEM32\VERSION.dll
0x00007ff870dd0000 - 0x00007ff870dfc000 	X:\Windows\SYSTEM32\WINMMBASE.dll
0x00007ff872d60000 - 0x00007ff872da3000 	X:\Windows\system32\cfgmgr32.dll
0x00000000537e0000 - 0x00000000537ef000 	X:\Program Files\Java\jdk1.8.0_73\jre\bin\verify.dll
0x00000000537b0000 - 0x00000000537d9000 	X:\Program Files\Java\jdk1.8.0_73\jre\bin\java.dll
0x0000000053790000 - 0x00000000537a6000 	X:\Program Files\Java\jdk1.8.0_73\jre\bin\zip.dll
0x00007ff874170000 - 0x00007ff8756cc000 	X:\Windows\system32\SHELL32.dll
0x00007ff872db0000 - 0x00007ff8733f5000 	X:\Windows\system32\windows.storage.dll
0x00007ff876240000 - 0x00007ff876292000 	X:\Windows\system32\shlwapi.dll
0x00007ff872ce0000 - 0x00007ff872cef000 	X:\Windows\system32\kernel.appcore.dll
0x00007ff873680000 - 0x00007ff873735000 	X:\Windows\system32\shcore.dll
0x00007ff872c90000 - 0x00007ff872cdb000 	X:\Windows\system32\powrprof.dll
0x00007ff872c70000 - 0x00007ff872c84000 	X:\Windows\system32\profapi.dll

VM Arguments:
jvm_args: -Djava.awt.headless=true -Xmx1024M -Dfile.encoding=GBK -Duser.country=CN -Duser.language=zh -Duser.variant 
java_command: com.android.dx.command.Main --dex --num-threads=4 --output E:\Android\CalorieCounter\app\build\intermediates\pre-dexed\debug\internal_impl-23.2.1_49064801473cbca27248b55bf399760905628d45.jar E:\Android\CalorieCounter\app\build\intermediates\exploded-aar\com.android.support\support-v4\23.2.1\jars\libs\internal_impl-23.2.1.jar
java_class_path (initial): E:\QMDownload\SDK\build-tools\23.0.3\lib\dx.jar
Launcher Type: SUN_STANDARD

Environment Variables:
PATH=X:\ProgramData\Oracle\Java\javapath;X:\Windows\system32;X:\Windows;X:\Windows\System32\Wbem;X:\Windows\System32\WindowsPowerShell\v1.0\;X:\Program Files (x86)\ATI Technologies\ATI.ACE\Core-Static;D:\Program Files\MATLAB\R2013a\runtime\win64;D:\Program Files\MATLAB\R2013a\bin;X:\Program Files\Java\jdk1.8.0_73\bin;D:\Python27;X:\Program Files (x86)\MySQL\MySQL Fabric 1.5 & MySQL Utilities 1.5\;X:\Program Files (x86)\MySQL\MySQL Fabric 1.5 & MySQL Utilities 1.5\Doctrine extensions for PHP\
USERNAME=ÍõÉ­
OS=Windows_NT
PROCESSOR_IDENTIFIER=Intel64 Family 6 Model 60 Stepping 3, GenuineIntel



---------------  S Y S T E M  ---------------

OS: Windows 10.0 , 64 bit Build 10586 (10.0.10586.0)

CPU:total 4 (4 cores per cpu, 1 threads per core) family 6 model 60 stepping 3, cmov, cx8, fxsr, mmx, sse, sse2, sse3, ssse3, sse4.1, sse4.2, popcnt, avx, avx2, aes, clmul, erms, lzcnt, tsc, tscinvbit, bmi1, bmi2

Memory: 4k page, physical 8315044k(2097708k free), swap 8315044k(4276k free)

vm_info: Java HotSpot(TM) 64-Bit Server VM (25.73-b02) for windows-amd64 JRE (1.8.0_73-b02), built on Jan 29 2016 17:38:49 by "java_re" with MS VC++ 10.0 (VS2010)

time: Sat Apr 16 14:54:22 2016
elapsed time: 1 seconds (0d 0h 0m 1s)

