#
# There is insufficient memory for the Java Runtime Environment to continue.
# Native memory allocation (malloc) failed to allocate 1162576 bytes for Chunk::new
# Possible reasons:
#   The system is out of physical RAM or swap space
#   In 32 bit mode, the process size limit was hit
# Possible solutions:
#   Reduce memory load on the system
#   Increase physical memory or swap space
#   Check if swap backing store is full
#   Use 64 bit Java on a 64 bit OS
#   Decrease Java heap size (-Xmx/-Xms)
#   Decrease number of Java threads
#   Decrease Java thread stack sizes (-Xss)
#   Set larger code cache with -XX:ReservedCodeCacheSize=
# This output file may be truncated or incomplete.
#
#  Out of Memory Error (allocation.cpp:390), pid=11472, tid=5376
#
# JRE version: Java(TM) SE Runtime Environment (8.0_73-b02) (build 1.8.0_73-b02)
# Java VM: Java HotSpot(TM) 64-Bit Server VM (25.73-b02 mixed mode windows-amd64 compressed oops)
# Failed to write core dump. Minidumps are not enabled by default on client versions of Windows
#

---------------  T H R E A D  ---------------

Current thread (0x00000000188d0800):  JavaThread "C2 CompilerThread1" daemon [_thread_in_native, id=5376, stack(0x0000000018c80000,0x0000000018d80000)]

Stack: [0x0000000018c80000,0x0000000018d80000]
[error occurred during error reporting (printing stack bounds), id 0xc0000005]

Native frames: (J=compiled Java code, j=interpreted, Vv=VM code, C=native code)


Current CompileTask:
C2:   2373 1496   !   4       com.android.dx.cf.code.RopperMachine::run (1550 bytes)


---------------  P R O C E S S  ---------------

Java Threads: ( => current thread )
  0x0000000018b58800 JavaThread "pool-2-thread-4" [_thread_blocked, id=10860, stack(0x0000000019c80000,0x0000000019d80000)]
  0x0000000018b86000 JavaThread "pool-2-thread-3" [_thread_blocked, id=1568, stack(0x0000000019b80000,0x0000000019c80000)]
  0x0000000018b85000 JavaThread "pool-2-thread-2" [_thread_blocked, id=476, stack(0x0000000019a80000,0x0000000019b80000)]
  0x0000000018b3e800 JavaThread "pool-3-thread-1" [_thread_blocked, id=6120, stack(0x0000000019980000,0x0000000019a80000)]
  0x0000000018b3e000 JavaThread "pool-2-thread-1" [_thread_blocked, id=11384, stack(0x0000000019880000,0x0000000019980000)]
  0x00000000188e1000 JavaThread "Service Thread" daemon [_thread_blocked, id=12044, stack(0x0000000018e80000,0x0000000018f80000)]
  0x00000000188db800 JavaThread "C1 CompilerThread2" daemon [_thread_in_native, id=7584, stack(0x0000000018d80000,0x0000000018e80000)]
=>0x00000000188d0800 JavaThread "C2 CompilerThread1" daemon [_thread_in_native, id=5376, stack(0x0000000018c80000,0x0000000018d80000)]
  0x000000001727b000 JavaThread "C2 CompilerThread0" daemon [_thread_in_native, id=1224, stack(0x0000000018780000,0x0000000018880000)]
  0x000000001722f000 JavaThread "Attach Listener" daemon [_thread_blocked, id=10228, stack(0x0000000018680000,0x0000000018780000)]
  0x0000000017219000 JavaThread "Signal Dispatcher" daemon [_thread_blocked, id=11984, stack(0x0000000018580000,0x0000000018680000)]
  0x00000000171e9000 JavaThread "Finalizer" daemon [_thread_blocked, id=8556, stack(0x0000000018480000,0x0000000018580000)]
  0x00000000025f0800 JavaThread "Reference Handler" daemon [_thread_blocked, id=1700, stack(0x0000000018380000,0x0000000018480000)]
  0x0000000002500800 JavaThread "main" [_thread_in_Java, id=10604, stack(0x0000000002400000,0x0000000002500000)]

Other Threads:
  0x00000000171e8000 VMThread [stack: 0x0000000018280000,0x0000000018380000] [id=11768]
  0x000000001892a800 WatcherThread [stack: 0x0000000018f80000,0x0000000019080000] [id=2016]

VM state:not at safepoint (normal execution)

VM Mutex/Monitor currently owned by a thread: None

Heap:
 PSYoungGen      total 38400K, used 6701K [0x00000000d5580000, 0x00000000d8000000, 0x0000000100000000)
  eden space 33280K, 4% used [0x00000000d5580000,0x00000000d570c7b8,0x00000000d7600000)
  from space 5120K, 99% used [0x00000000d7600000,0x00000000d7afef20,0x00000000d7b00000)
  to   space 5120K, 0% used [0x00000000d7b00000,0x00000000d7b00000,0x00000000d8000000)
 ParOldGen       total 87552K, used 7717K [0x0000000080000000, 0x0000000085580000, 0x00000000d5580000)
  object space 87552K, 8% used [0x0000000080000000,0x00000000807895b8,0x0000000085580000)
 Metaspace       used 6184K, capacity 7030K, committed 7296K, reserved 1056768K
  class space    used 606K, capacity 622K, committed 640K, reserved 1048576K

Card table byte_map: [0x00000000119c0000,0x0000000011dd0000] byte_map_base: 0x00000000115c0000

Marking Bits: (ParMarkBitMap*) 0x00000000649e0600
 Begin Bits: [0x0000000012480000, 0x0000000014480000)
 End Bits:   [0x0000000014480000, 0x0000000016480000)

Polling page: 0x00000000001f0000

CodeCache: size=245760Kb used=6197Kb max_used=6197Kb free=239562Kb
 bounds [0x0000000002600000, 0x0000000002c20000, 0x0000000011600000]
 total_blobs=1761 nmethods=1490 adapters=184
 compilation: enabled

Compilation events (10 events):
Event: 2.368 Thread 0x00000000188db800 1521       1       com.android.dx.rop.cst.TypedConstant::getFrameType (2 bytes)
Event: 2.369 Thread 0x00000000188db800 nmethod 1521 0x0000000002be97d0 code [0x0000000002be9920, 0x0000000002be9a30]
Event: 2.370 Thread 0x00000000188db800 1522       2       com.android.dx.rop.code.AccessFlags::isSynchronized (13 bytes)
Event: 2.370 Thread 0x00000000188db800 nmethod 1522 0x0000000002bf5850 code [0x0000000002bf59a0, 0x0000000002bf5af0]
Event: 2.370 Thread 0x00000000188db800 1523       2       com.android.dx.dex.file.EncodedMethod::<init> (68 bytes)
Event: 2.370 Thread 0x00000000188db800 nmethod 1523 0x0000000002be5b90 code [0x0000000002be5d00, 0x0000000002be6018]
Event: 2.370 Thread 0x00000000188db800 1524       2       com.android.dx.dex.cf.AttributeTranslator::getMethodAnnotations (37 bytes)
Event: 2.371 Thread 0x00000000188db800 nmethod 1524 0x0000000002bf7cd0 code [0x0000000002bf7f00, 0x0000000002bf85a8]
Event: 2.371 Thread 0x00000000188db800 1525       2       com.android.dx.dex.cf.AttributeTranslator::getParameterAnnotations (69 bytes)
Event: 2.371 Thread 0x00000000188db800 nmethod 1525 0x0000000002c12d10 code [0x0000000002c12ee0, 0x0000000002c13298]

GC Heap History (6 events):
Event: 0.714 GC heap before
{Heap before GC invocations=1 (full 0):
 PSYoungGen      total 38400K, used 33280K [0x00000000d5580000, 0x00000000d8000000, 0x0000000100000000)
  eden space 33280K, 100% used [0x00000000d5580000,0x00000000d7600000,0x00000000d7600000)
  from space 5120K, 0% used [0x00000000d7b00000,0x00000000d7b00000,0x00000000d8000000)
  to   space 5120K, 0% used [0x00000000d7600000,0x00000000d7600000,0x00000000d7b00000)
 ParOldGen       total 87552K, used 0K [0x0000000080000000, 0x0000000085580000, 0x00000000d5580000)
  object space 87552K, 0% used [0x0000000080000000,0x0000000080000000,0x0000000085580000)
 Metaspace       used 5860K, capacity 6772K, committed 7040K, reserved 1056768K
  class space    used 604K, capacity 620K, committed 640K, reserved 1048576K
Event: 0.719 GC heap after
Heap after GC invocations=1 (full 0):
 PSYoungGen      total 38400K, used 5095K [0x00000000d5580000, 0x00000000d8000000, 0x0000000100000000)
  eden space 33280K, 0% used [0x00000000d5580000,0x00000000d5580000,0x00000000d7600000)
  from space 5120K, 99% used [0x00000000d7600000,0x00000000d7af9fe0,0x00000000d7b00000)
  to   space 5120K, 0% used [0x00000000d7b00000,0x00000000d7b00000,0x00000000d8000000)
 ParOldGen       total 87552K, used 41K [0x0000000080000000, 0x0000000085580000, 0x00000000d5580000)
  object space 87552K, 0% used [0x0000000080000000,0x000000008000a528,0x0000000085580000)
 Metaspace       used 5860K, capacity 6772K, committed 7040K, reserved 1056768K
  class space    used 604K, capacity 620K, committed 640K, reserved 1048576K
}
Event: 1.470 GC heap before
{Heap before GC invocations=2 (full 0):
 PSYoungGen      total 38400K, used 38375K [0x00000000d5580000, 0x00000000d8000000, 0x0000000100000000)
  eden space 33280K, 100% used [0x00000000d5580000,0x00000000d7600000,0x00000000d7600000)
  from space 5120K, 99% used [0x00000000d7600000,0x00000000d7af9fe0,0x00000000d7b00000)
  to   space 5120K, 0% used [0x00000000d7b00000,0x00000000d7b00000,0x00000000d8000000)
 ParOldGen       total 87552K, used 41K [0x0000000080000000, 0x0000000085580000, 0x00000000d5580000)
  object space 87552K, 0% used [0x0000000080000000,0x000000008000a528,0x0000000085580000)
 Metaspace       used 6148K, capacity 7030K, committed 7296K, reserved 1056768K
  class space    used 606K, capacity 622K, committed 640K, reserved 1048576K
Event: 1.477 GC heap after
Heap after GC invocations=2 (full 0):
 PSYoungGen      total 38400K, used 5091K [0x00000000d5580000, 0x00000000d8000000, 0x0000000100000000)
  eden space 33280K, 0% used [0x00000000d5580000,0x00000000d5580000,0x00000000d7600000)
  from space 5120K, 99% used [0x00000000d7b00000,0x00000000d7ff8d20,0x00000000d8000000)
  to   space 5120K, 0% used [0x00000000d7600000,0x00000000d7600000,0x00000000d7b00000)
 ParOldGen       total 87552K, used 3610K [0x0000000080000000, 0x0000000085580000, 0x00000000d5580000)
  object space 87552K, 4% used [0x0000000080000000,0x0000000080386b50,0x0000000085580000)
 Metaspace       used 6148K, capacity 7030K, committed 7296K, reserved 1056768K
  class space    used 606K, capacity 622K, committed 640K, reserved 1048576K
}
Event: 2.358 GC heap before
{Heap before GC invocations=3 (full 0):
 PSYoungGen      total 38400K, used 38371K [0x00000000d5580000, 0x00000000d8000000, 0x0000000100000000)
  eden space 33280K, 100% used [0x00000000d5580000,0x00000000d7600000,0x00000000d7600000)
  from space 5120K, 99% used [0x00000000d7b00000,0x00000000d7ff8d20,0x00000000d8000000)
  to   space 5120K, 0% used [0x00000000d7600000,0x00000000d7600000,0x00000000d7b00000)
 ParOldGen       total 87552K, used 3610K [0x0000000080000000, 0x0000000085580000, 0x00000000d5580000)
  object space 87552K, 4% used [0x0000000080000000,0x0000000080386b50,0x0000000085580000)
 Metaspace       used 6180K, capacity 7030K, committed 7296K, reserved 1056768K
  class space    used 606K, capacity 622K, committed 640K, reserved 1048576K
Event: 2.367 GC heap after
Heap after GC invocations=3 (full 0):
 PSYoungGen      total 38400K, used 5115K [0x00000000d5580000, 0x00000000d8000000, 0x0000000100000000)
  eden space 33280K, 0% used [0x00000000d5580000,0x00000000d5580000,0x00000000d7600000)
  from space 5120K, 99% used [0x00000000d7600000,0x00000000d7afef20,0x00000000d7b00000)
  to   space 5120K, 0% used [0x00000000d7b00000,0x00000000d7b00000,0x00000000d8000000)
 ParOldGen       total 87552K, used 7717K [0x0000000080000000, 0x0000000085580000, 0x00000000d5580000)
  object space 87552K, 8% used [0x0000000080000000,0x00000000807895b8,0x0000000085580000)
 Metaspace       used 6180K, capacity 7030K, committed 7296K, reserved 1056768K
  class space    used 606K, capacity 622K, committed 640K, reserved 1048576K
}

Deoptimization events (10 events):
Event: 0.740 Thread 0x0000000018b58800 Uncommon trap: reason=unstable_if action=reinterpret pc=0x000000000282d930 method=java.util.BitSet.nextSetBit(I)I @ 87
Event: 0.954 Thread 0x0000000002500800 Uncommon trap: reason=unstable_if action=reinterpret pc=0x00000000028f109c method=com.android.dx.rop.cst.Constant.compareTo(Lcom/android/dx/rop/cst/Constant;)I @ 12
Event: 0.996 Thread 0x0000000018b58800 Uncommon trap: reason=unstable_if action=reinterpret pc=0x0000000002841130 method=java.util.HashMap.getNode(ILjava/lang/Object;)Ljava/util/HashMap$Node; @ 62
Event: 1.449 Thread 0x0000000002500800 Uncommon trap: reason=unstable_if action=reinterpret pc=0x0000000002b07878 method=com.android.dx.cf.code.Ropper.labelToResultIndex(I)I @ 34
Event: 1.479 Thread 0x0000000002500800 Uncommon trap: reason=unstable_if action=reinterpret pc=0x0000000002b82028 method=com.android.dx.cf.code.ExecutionStack.push(Lcom/android/dx/rop/type/TypeBearer;)V @ 58
Event: 1.491 Thread 0x0000000018b58800 Uncommon trap: reason=unstable_if action=reinterpret pc=0x0000000002a4593c method=com.android.dx.util.IntList.binarysearch(I)I @ 105
Event: 1.492 Thread 0x0000000018b58800 Uncommon trap: reason=unstable_if action=reinterpret pc=0x0000000002a4d718 method=com.android.dx.ssa.SCCP.simulateStmt(Lcom/android/dx/ssa/SsaInsn;)V @ 59
Event: 1.761 Thread 0x0000000002500800 Uncommon trap: reason=unstable_if action=reinterpret pc=0x00000000028b3684 method=com.android.dx.rop.code.RegisterSpec.equals(ILcom/android/dx/rop/type/TypeBearer;Lcom/android/dx/rop/code/LocalItem;)Z @ 42
Event: 2.346 Thread 0x0000000002500800 Uncommon trap: reason=bimorphic action=maybe_recompile pc=0x0000000002b11778 method=com.android.dx.cf.code.BytecodeArray.parseInstruction(ILcom/android/dx/cf/code/BytecodeArray$Visitor;)I @ 1501
Event: 2.347 Thread 0x0000000002500800 Uncommon trap: reason=bimorphic action=maybe_recompile pc=0x0000000002b11778 method=com.android.dx.cf.code.BytecodeArray.parseInstruction(ILcom/android/dx/cf/code/BytecodeArray$Visitor;)I @ 1501

Internal exceptions (3 events):
Event: 0.031 Thread 0x0000000002500800 Exception <a 'java/lang/NoSuchMethodError': Method sun.misc.Unsafe.defineClass(Ljava/lang/String;[BII)Ljava/lang/Class; name or signature does not match> (0x00000000d5593090) thrown at [D:\re\puppet\workspace\8-2-build-windows-amd64-cygwin\jdk8u73\6086\hotÿD»…xòŸ?
Event: 0.031 Thread 0x0000000002500800 Exception <a 'java/lang/NoSuchMethodError': Method sun.misc.Unsafe.prefetchRead(Ljava/lang/Object;J)V name or signature does not match> (0x00000000d5593378) thrown at [D:\re\puppet\workspace\8-2-build-windows-amd64-cygwin\jdk8u73\6086\hotspot\src\share\vm\"wâ{§ç?
Event: 0.739 Thread 0x0000000018b58800 Implicit null exception at 0x00000000028e1862 to 0x00000000028e1969

Events (10 events):
Event: 1.761 Thread 0x0000000002500800 DEOPT PACKING pc=0x00000000028b3684 sp=0x00000000024fe610
Event: 1.761 Thread 0x0000000002500800 DEOPT UNPACKING pc=0x000000000264582a sp=0x00000000024fe598 mode 2
Event: 2.346 Thread 0x0000000002500800 Uncommon trap: trap_request=0xffffffc6 fr.pc=0x0000000002b11778
Event: 2.346 Thread 0x0000000002500800 DEOPT PACKING pc=0x0000000002b11778 sp=0x00000000024fe600
Event: 2.347 Thread 0x0000000002500800 DEOPT UNPACKING pc=0x000000000264582a sp=0x00000000024fe580 mode 2
Event: 2.347 Thread 0x0000000002500800 Uncommon trap: trap_request=0xffffffc6 fr.pc=0x0000000002b11778
Event: 2.347 Thread 0x0000000002500800 DEOPT PACKING pc=0x0000000002b11778 sp=0x00000000024fe3b0
Event: 2.347 Thread 0x0000000002500800 DEOPT UNPACKING pc=0x000000000264582a sp=0x00000000024fe330 mode 2
Event: 2.358 Executing VM operation: ParallelGCFailedAllocation
Event: 2.367 Executing VM operation: ParallelGCFailedAllocation done


Dynamic libraries:
0x00007ff6ce000000 - 0x00007ff6ce037000 	X:\Program Files\Java\jdk1.8.0_73\bin\java.exe
0x00007ff8b34b0000 - 0x00007ff8b3671000 	X:\Windows\SYSTEM32\ntdll.dll
0x00007ff8b2f30000 - 0x00007ff8b2fdd000 	X:\Windows\system32\KERNEL32.DLL
0x00007ff8b0330000 - 0x00007ff8b0518000 	X:\Windows\system32\KERNELBASE.dll
0x00007ff8b0920000 - 0x00007ff8b09c7000 	X:\Windows\system32\ADVAPI32.dll
0x00007ff8b3040000 - 0x00007ff8b30dd000 	X:\Windows\system32\msvcrt.dll
0x00007ff8b2fe0000 - 0x00007ff8b303b000 	X:\Windows\system32\sechost.dll
0x00007ff8b2280000 - 0x00007ff8b239c000 	X:\Windows\system32\RPCRT4.dll
0x00007ff8b25d0000 - 0x00007ff8b2726000 	X:\Windows\system32\USER32.dll
0x00007ff8b20f0000 - 0x00007ff8b2276000 	X:\Windows\system32\GDI32.dll
0x00007ff8a8b30000 - 0x00007ff8a8da4000 	X:\Windows\WinSxS\amd64_microsoft.windows.common-controls_6595b64144ccf1df_6.0.10586.0_none_8c15ae12515e1c22\COMCTL32.dll
0x00007ff8b3230000 - 0x00007ff8b34ad000 	X:\Windows\system32\combase.dll
0x00007ff8afbc0000 - 0x00007ff8afc2a000 	X:\Windows\system32\bcryptPrimitives.dll
0x00007ff8b30e0000 - 0x00007ff8b311b000 	X:\Windows\system32\IMM32.DLL
0x0000000063c70000 - 0x0000000063d42000 	X:\Program Files\Java\jdk1.8.0_73\jre\bin\msvcr100.dll
0x00000000641d0000 - 0x0000000064a60000 	X:\Program Files\Java\jdk1.8.0_73\jre\bin\server\jvm.dll
0x00007ff8b2f10000 - 0x00007ff8b2f18000 	X:\Windows\system32\PSAPI.DLL
0x00007ff8ac5f0000 - 0x00007ff8ac5f9000 	X:\Windows\SYSTEM32\WSOCK32.dll
0x00007ff8b2a70000 - 0x00007ff8b2adb000 	X:\Windows\system32\WS2_32.dll
0x00007ff8adb70000 - 0x00007ff8adb93000 	X:\Windows\SYSTEM32\WINMM.dll
0x00007ff8ac380000 - 0x00007ff8ac38a000 	X:\Windows\SYSTEM32\VERSION.dll
0x00007ff8ada60000 - 0x00007ff8ada8c000 	X:\Windows\SYSTEM32\WINMMBASE.dll
0x00007ff8b0520000 - 0x00007ff8b0563000 	X:\Windows\system32\cfgmgr32.dll
0x00000000640e0000 - 0x00000000640ef000 	X:\Program Files\Java\jdk1.8.0_73\jre\bin\verify.dll
0x00000000640b0000 - 0x00000000640d9000 	X:\Program Files\Java\jdk1.8.0_73\jre\bin\java.dll
0x0000000064090000 - 0x00000000640a6000 	X:\Program Files\Java\jdk1.8.0_73\jre\bin\zip.dll
0x00007ff8b0b90000 - 0x00007ff8b20ec000 	X:\Windows\system32\SHELL32.dll
0x00007ff8afc30000 - 0x00007ff8b0275000 	X:\Windows\system32\windows.storage.dll
0x00007ff8b2930000 - 0x00007ff8b2982000 	X:\Windows\system32\shlwapi.dll
0x00007ff8afb00000 - 0x00007ff8afb0f000 	X:\Windows\system32\kernel.appcore.dll
0x00007ff8b07f0000 - 0x00007ff8b08a5000 	X:\Windows\system32\shcore.dll
0x00007ff8afb10000 - 0x00007ff8afb5b000 	X:\Windows\system32\powrprof.dll
0x00007ff8afad0000 - 0x00007ff8afae4000 	X:\Windows\system32\profapi.dll

VM Arguments:
jvm_args: -Djava.awt.headless=true -Xmx2g -Dfile.encoding=GBK -Duser.country=CN -Duser.language=zh -Duser.variant 
java_command: com.android.dx.command.Main --dex --num-threads=4 --multi-dex --output E:\Android\CalorieCounter\app\build\intermediates\transforms\dex\debug\folders\1000\10\com.android.support-support-v4-23.2.1_b3f86bb7eb2bf098389785e98df432783523f3ad E:\Android\CalorieCounter\app\build\intermediates\exploded-aar\com.android.support\support-v4\23.2.1\jars\classes.jar
java_class_path (initial): E:\QMDownload\SDK\build-tools\23.0.3\lib\dx.jar
Launcher Type: SUN_STANDARD

Environment Variables:
PATH=X:\ProgramData\Oracle\Java\javapath;X:\Windows\system32;X:\Windows;X:\Windows\System32\Wbem;X:\Windows\System32\WindowsPowerShell\v1.0\;X:\Program Files (x86)\ATI Technologies\ATI.ACE\Core-Static;D:\Program Files\MATLAB\R2013a\runtime\win64;D:\Program Files\MATLAB\R2013a\bin;X:\Program Files\Java\jdk1.8.0_73\bin;D:\Python27;X:\Program Files (x86)\MySQL\MySQL Fabric 1.5 & MySQL Utilities 1.5\;X:\Program Files (x86)\MySQL\MySQL Fabric 1.5 & MySQL Utilities 1.5\Doctrine extensions for PHP\;E:\QMDownload\SDK\platform-tools
USERNAME=ÍõÉ­
OS=Windows_NT
PROCESSOR_IDENTIFIER=Intel64 Family 6 Model 60 Stepping 3, GenuineIntel



---------------  S Y S T E M  ---------------

OS: Windows 10.0 , 64 bit Build 10586 (10.0.10586.0)

CPU:total 4 (4 cores per cpu, 1 threads per core) family 6 model 60 stepping 3, cmov, cx8, fxsr, mmx, sse, sse2, sse3, ssse3, sse4.1, sse4.2, popcnt, avx, avx2, aes, clmul, erms, lzcnt, tsc, tscinvbit, bmi1, bmi2

Memory: 4k page, physical 8315044k(2175544k free), swap 8315044k(43248k free)

vm_info: Java HotSpot(TM) 64-Bit Server VM (25.73-b02) for windows-amd64 JRE (1.8.0_73-b02), built on Jan 29 2016 17:38:49 by "java_re" with MS VC++ 10.0 (VS2010)

time: Sat Apr 23 10:57:58 2016
elapsed time: 2 seconds (0d 0h 0m 2s)

