#
# There is insufficient memory for the Java Runtime Environment to continue.
# Native memory allocation (malloc) failed to allocate 1149008 bytes for Chunk::new
# Possible reasons:
#   The system is out of physical RAM or swap space
#   In 32 bit mode, the process size limit was hit
# Possible solutions:
#   Reduce memory load on the system
#   Increase physical memory or swap space
#   Check if swap backing store is full
#   Use 64 bit Java on a 64 bit OS
#   Decrease Java heap size (-Xmx/-Xms)
#   Decrease number of Java threads
#   Decrease Java thread stack sizes (-Xss)
#   Set larger code cache with -XX:ReservedCodeCacheSize=
# This output file may be truncated or incomplete.
#
#  Out of Memory Error (allocation.cpp:390), pid=9244, tid=9176
#
# JRE version: Java(TM) SE Runtime Environment (8.0_73-b02) (build 1.8.0_73-b02)
# Java VM: Java HotSpot(TM) 64-Bit Server VM (25.73-b02 mixed mode windows-amd64 compressed oops)
# Failed to write core dump. Minidumps are not enabled by default on client versions of Windows
#

---------------  T H R E A D  ---------------

Current thread (0x0000000014d7b000):  JavaThread "C2 CompilerThread0" daemon [_thread_in_native, id=9176, stack(0x0000000016280000,0x0000000016380000)]

Stack: [0x0000000016280000,0x0000000016380000]
[error occurred during error reporting (printing stack bounds), id 0xc0000005]

Native frames: (J=compiled Java code, j=interpreted, Vv=VM code, C=native code)


Current CompileTask:
C2:   1631 1082   !   4       com.android.dx.cf.code.BytecodeArray::parseInstruction (2764 bytes)


---------------  P R O C E S S  ---------------

Java Threads: ( => current thread )
  0x00000000165f5000 JavaThread "pool-1-thread-4" [_thread_in_Java, id=9884, stack(0x0000000016f80000,0x0000000017080000)]
  0x00000000165f0800 JavaThread "pool-1-thread-3" [_thread_in_Java, id=7820, stack(0x0000000016e80000,0x0000000016f80000)]
  0x000000001654a000 JavaThread "pool-1-thread-2" [_thread_in_Java, id=7684, stack(0x0000000016d80000,0x0000000016e80000)]
  0x0000000016547000 JavaThread "pool-2-thread-1" [_thread_blocked, id=8836, stack(0x0000000016c80000,0x0000000016d80000)]
  0x0000000016542800 JavaThread "pool-1-thread-1" [_thread_blocked, id=5608, stack(0x0000000016b80000,0x0000000016c80000)]
  0x0000000016419800 JavaThread "Service Thread" daemon [_thread_blocked, id=9920, stack(0x0000000016980000,0x0000000016a80000)]
  0x0000000016386000 JavaThread "C1 CompilerThread2" daemon [_thread_in_native, id=8540, stack(0x0000000016880000,0x0000000016980000)]
  0x0000000014d7e000 JavaThread "C2 CompilerThread1" daemon [_thread_in_native, id=7128, stack(0x0000000016780000,0x0000000016880000)]
=>0x0000000014d7b000 JavaThread "C2 CompilerThread0" daemon [_thread_in_native, id=9176, stack(0x0000000016280000,0x0000000016380000)]
  0x0000000014d2e800 JavaThread "Attach Listener" daemon [_thread_blocked, id=9832, stack(0x0000000016180000,0x0000000016280000)]
  0x0000000014d18000 JavaThread "Signal Dispatcher" daemon [_thread_blocked, id=8156, stack(0x0000000016080000,0x0000000016180000)]
  0x0000000002646000 JavaThread "Finalizer" daemon [_thread_blocked, id=7676, stack(0x0000000015f80000,0x0000000016080000)]
  0x000000000263d000 JavaThread "Reference Handler" daemon [_thread_blocked, id=2012, stack(0x0000000015e80000,0x0000000015f80000)]
  0x0000000002550800 JavaThread "main" [_thread_blocked, id=6152, stack(0x0000000002450000,0x0000000002550000)]

Other Threads:
  0x0000000014ce7800 VMThread [stack: 0x0000000015d80000,0x0000000015e80000] [id=1984]
  0x0000000016443000 WatcherThread [stack: 0x0000000016a80000,0x0000000016b80000] [id=4112]

VM state:not at safepoint (normal execution)

VM Mutex/Monitor currently owned by a thread:  ([mutex/lock_event])
[0x000000000244b8c0] CodeCache_lock - owner thread: 0x0000000016386000
[0x000000000244d8a0] Compile_lock - owner thread: 0x0000000016386000
[0x000000000244d520] MethodCompileQueue_lock - owner thread: 0x0000000016386000

Heap:
 PSYoungGen      total 38400K, used 28221K [0x00000000eab00000, 0x00000000ed580000, 0x0000000100000000)
  eden space 33280K, 84% used [0x00000000eab00000,0x00000000ec68f720,0x00000000ecb80000)
  from space 5120K, 0% used [0x00000000ed080000,0x00000000ed080000,0x00000000ed580000)
  to   space 5120K, 0% used [0x00000000ecb80000,0x00000000ecb80000,0x00000000ed080000)
 ParOldGen       total 87552K, used 0K [0x00000000c0000000, 0x00000000c5580000, 0x00000000eab00000)
  object space 87552K, 0% used [0x00000000c0000000,0x00000000c0000000,0x00000000c5580000)
 Metaspace       used 6015K, capacity 6902K, committed 7040K, reserved 1056768K
  class space    used 607K, capacity 622K, committed 640K, reserved 1048576K

Card table byte_map: [0x0000000011a10000,0x0000000011c20000] byte_map_base: 0x0000000011410000

Marking Bits: (ParMarkBitMap*) 0x00000000540e0600
 Begin Bits: [0x0000000012180000, 0x0000000013180000)
 End Bits:   [0x0000000013180000, 0x0000000014180000)

Polling page: 0x00000000001f0000

CodeCache: size=245760Kb used=4596Kb max_used=4596Kb free=241163Kb
 bounds [0x0000000002650000, 0x0000000002ae0000, 0x0000000011650000]
 total_blobs=1384 nmethods=1113 adapters=184
 compilation: enabled

Compilation events (10 events):
Event: 1.626 Thread 0x0000000016386000 nmethod 1113 0x0000000002ab5f50 code [0x0000000002ab60a0, 0x0000000002ab61f0]
Event: 1.626 Thread 0x0000000016386000 1115       3       com.android.dx.ssa.back.InterferenceGraph::<init> (42 bytes)
Event: 1.627 Thread 0x0000000016386000 nmethod 1115 0x0000000002ab6290 code [0x0000000002ab64a0, 0x0000000002ab6f68]
Event: 1.627 Thread 0x0000000016386000 1116       3       com.android.dx.cf.code.BasicBlocker::visitNoArgs (298 bytes)
Event: 1.628 Thread 0x0000000016386000 nmethod 1116 0x0000000002ab75d0 code [0x0000000002ab7840, 0x0000000002ab85f8]
Event: 1.628 Thread 0x0000000016386000 1117       3       com.android.dx.cf.code.BaseMachine::popArgs (72 bytes)
Event: 1.628 Thread 0x0000000016386000 nmethod 1117 0x0000000002ab91d0 code [0x0000000002ab9440, 0x0000000002aba228]
Event: 1.628 Thread 0x0000000016386000 1118       3       com.android.dx.cf.code.Simulator$SimVisitor::visitNoArgs (2108 bytes)
Event: 1.629 Thread 0x0000000014d7e000 nmethod 1088 0x0000000002abe4d0 code [0x0000000002abe6c0, 0x0000000002abf648]
Event: 1.629 Thread 0x0000000014d7e000 1101       4       com.android.dx.util.IntList::binarysearch (124 bytes)

GC Heap History (0 events):
No events

Deoptimization events (3 events):
Event: 0.855 Thread 0x0000000002550800 Uncommon trap: reason=unstable_if action=reinterpret pc=0x00000000028774a0 method=java.util.HashMap.getNode(ILjava/lang/Object;)Ljava/util/HashMap$Node; @ 129
Event: 1.446 Thread 0x0000000016542800 Uncommon trap: reason=unstable_if action=reinterpret pc=0x00000000029720dc method=com.android.dx.rop.cst.Constant.compareTo(Lcom/android/dx/rop/cst/Constant;)I @ 12
Event: 1.488 Thread 0x00000000165f5000 Uncommon trap: reason=null_check action=make_not_entrant pc=0x000000000297e5a8 method=com.android.dx.rop.type.Type.equals(Ljava/lang/Object;)Z @ 8

Internal exceptions (3 events):
Event: 0.042 Thread 0x0000000002550800 Exception <a 'java/lang/NoSuchMethodError': Method sun.misc.Unsafe.defineClass(Ljava/lang/String;[BII)Ljava/lang/Class; name or signature does not match> (0x00000000eab13090) thrown at [D:\re\puppet\workspace\8-2-build-windows-amd64-cygwin\jdk8u73\6086\hotrm?ip~¥?
Event: 0.042 Thread 0x0000000002550800 Exception <a 'java/lang/NoSuchMethodError': Method sun.misc.Unsafe.prefetchRead(Ljava/lang/Object;J)V name or signature does not match> (0x00000000eab13378) thrown at [D:\re\puppet\workspace\8-2-build-windows-amd64-cygwin\jdk8u73\6086\hotspot\src\share\vm\m@kÄÍ÷?
Event: 1.488 Thread 0x00000000165f5000 Implicit null exception at 0x000000000297e4a2 to 0x000000000297e59a

Events (10 events):
Event: 1.446 Thread 0x0000000016542800 DEOPT UNPACKING pc=0x000000000269582a sp=0x0000000016c7eb10 mode 2
Event: 1.488 Thread 0x00000000165f5000 Uncommon trap: trap_request=0xfffffff4 fr.pc=0x000000000297e5a8
Event: 1.488 Thread 0x00000000165f5000 DEOPT PACKING pc=0x000000000297e5a8 sp=0x000000001707e270
Event: 1.488 Thread 0x00000000165f5000 DEOPT UNPACKING pc=0x000000000269582a sp=0x000000001707e1f8 mode 2
Event: 1.489 loading class java/util/TreeMap$EntrySet
Event: 1.489 loading class java/util/TreeMap$EntrySet done
Event: 1.489 loading class java/util/TreeMap$EntryIterator
Event: 1.489 loading class java/util/TreeMap$EntryIterator done
Event: 1.489 Executing VM operation: Deoptimize
Event: 1.492 Executing VM operation: Deoptimize done


Dynamic libraries:
0x00007ff6dbe30000 - 0x00007ff6dbe67000 	X:\Program Files\Java\jdk1.8.0_73\bin\java.exe
0x00007ff876650000 - 0x00007ff876811000 	X:\Windows\SYSTEM32\ntdll.dll
0x00007ff8762a0000 - 0x00007ff87634d000 	X:\Windows\system32\KERNEL32.DLL
0x00007ff873400000 - 0x00007ff8735e8000 	X:\Windows\system32\KERNELBASE.dll
0x00007ff875900000 - 0x00007ff8759a7000 	X:\Windows\system32\ADVAPI32.dll
0x00007ff875860000 - 0x00007ff8758fd000 	X:\Windows\system32\msvcrt.dll
0x00007ff876020000 - 0x00007ff87607b000 	X:\Windows\system32\sechost.dll
0x00007ff874050000 - 0x00007ff87416c000 	X:\Windows\system32\RPCRT4.dll
0x00007ff873ee0000 - 0x00007ff874036000 	X:\Windows\system32\USER32.dll
0x00007ff8756d0000 - 0x00007ff875856000 	X:\Windows\system32\GDI32.dll
0x00007ff86b170000 - 0x00007ff86b3e4000 	X:\Windows\WinSxS\amd64_microsoft.windows.common-controls_6595b64144ccf1df_6.0.10586.0_none_8c15ae12515e1c22\COMCTL32.dll
0x00007ff875d20000 - 0x00007ff875f9d000 	X:\Windows\system32\combase.dll
0x00007ff873740000 - 0x00007ff8737aa000 	X:\Windows\system32\bcryptPrimitives.dll
0x00007ff873a50000 - 0x00007ff873a8b000 	X:\Windows\system32\IMM32.DLL
0x0000000053340000 - 0x0000000053412000 	X:\Program Files\Java\jdk1.8.0_73\jre\bin\msvcr100.dll
0x00000000538d0000 - 0x0000000054160000 	X:\Program Files\Java\jdk1.8.0_73\jre\bin\server\jvm.dll
0x00007ff874040000 - 0x00007ff874048000 	X:\Windows\system32\PSAPI.DLL
0x00007ff86b4c0000 - 0x00007ff86b4c9000 	X:\Windows\SYSTEM32\WSOCK32.dll
0x00007ff875fa0000 - 0x00007ff87600b000 	X:\Windows\system32\WS2_32.dll
0x00007ff870f20000 - 0x00007ff870f43000 	X:\Windows\SYSTEM32\WINMM.dll
0x00007ff86f250000 - 0x00007ff86f25a000 	X:\Windows\SYSTEM32\VERSION.dll
0x00007ff870dd0000 - 0x00007ff870dfc000 	X:\Windows\SYSTEM32\WINMMBASE.dll
0x00007ff872d60000 - 0x00007ff872da3000 	X:\Windows\system32\cfgmgr32.dll
0x00000000537e0000 - 0x00000000537ef000 	X:\Program Files\Java\jdk1.8.0_73\jre\bin\verify.dll
0x00000000537b0000 - 0x00000000537d9000 	X:\Program Files\Java\jdk1.8.0_73\jre\bin\java.dll
0x0000000053790000 - 0x00000000537a6000 	X:\Program Files\Java\jdk1.8.0_73\jre\bin\zip.dll
0x00007ff874170000 - 0x00007ff8756cc000 	X:\Windows\system32\SHELL32.dll
0x00007ff872db0000 - 0x00007ff8733f5000 	X:\Windows\system32\windows.storage.dll
0x00007ff876240000 - 0x00007ff876292000 	X:\Windows\system32\shlwapi.dll
0x00007ff872ce0000 - 0x00007ff872cef000 	X:\Windows\system32\kernel.appcore.dll
0x00007ff873680000 - 0x00007ff873735000 	X:\Windows\system32\shcore.dll
0x00007ff872c90000 - 0x00007ff872cdb000 	X:\Windows\system32\powrprof.dll
0x00007ff872c70000 - 0x00007ff872c84000 	X:\Windows\system32\profapi.dll

VM Arguments:
jvm_args: -Djava.awt.headless=true -Xmx1024M -Dfile.encoding=GBK -Duser.country=CN -Duser.language=zh -Duser.variant 
java_command: com.android.dx.command.Main --dex --num-threads=4 --output E:\Android\CalorieCounter\app\build\intermediates\pre-dexed\debug\com.android.support-support-vector-drawable-23.2.1_1a3f9e49dc1869e607465cca88919c38fde5a3fa.jar E:\Android\CalorieCounter\app\build\intermediates\exploded-aar\com.android.support\support-vector-drawable\23.2.1\jars\classes.jar
java_class_path (initial): E:\QMDownload\SDK\build-tools\23.0.3\lib\dx.jar
Launcher Type: SUN_STANDARD

Environment Variables:
PATH=X:\ProgramData\Oracle\Java\javapath;X:\Windows\system32;X:\Windows;X:\Windows\System32\Wbem;X:\Windows\System32\WindowsPowerShell\v1.0\;X:\Program Files (x86)\ATI Technologies\ATI.ACE\Core-Static;D:\Program Files\MATLAB\R2013a\runtime\win64;D:\Program Files\MATLAB\R2013a\bin;X:\Program Files\Java\jdk1.8.0_73\bin;D:\Python27;X:\Program Files (x86)\MySQL\MySQL Fabric 1.5 & MySQL Utilities 1.5\;X:\Program Files (x86)\MySQL\MySQL Fabric 1.5 & MySQL Utilities 1.5\Doctrine extensions for PHP\
USERNAME=ÍõÉ­
OS=Windows_NT
PROCESSOR_IDENTIFIER=Intel64 Family 6 Model 60 Stepping 3, GenuineIntel



---------------  S Y S T E M  ---------------

OS: Windows 10.0 , 64 bit Build 10586 (10.0.10586.0)

CPU:total 4 (4 cores per cpu, 1 threads per core) family 6 model 60 stepping 3, cmov, cx8, fxsr, mmx, sse, sse2, sse3, ssse3, sse4.1, sse4.2, popcnt, avx, avx2, aes, clmul, erms, lzcnt, tsc, tscinvbit, bmi1, bmi2

Memory: 4k page, physical 8315044k(1841080k free), swap 8315044k(5276k free)

vm_info: Java HotSpot(TM) 64-Bit Server VM (25.73-b02) for windows-amd64 JRE (1.8.0_73-b02), built on Jan 29 2016 17:38:49 by "java_re" with MS VC++ 10.0 (VS2010)

time: Sat Apr 16 13:42:16 2016
elapsed time: 1 seconds (0d 0h 0m 1s)

