#
# There is insufficient memory for the Java Runtime Environment to continue.
# Native memory allocation (malloc) failed to allocate 65552 bytes for Chunk::new
# Possible reasons:
#   The system is out of physical RAM or swap space
#   In 32 bit mode, the process size limit was hit
# Possible solutions:
#   Reduce memory load on the system
#   Increase physical memory or swap space
#   Check if swap backing store is full
#   Use 64 bit Java on a 64 bit OS
#   Decrease Java heap size (-Xmx/-Xms)
#   Decrease number of Java threads
#   Decrease Java thread stack sizes (-Xss)
#   Set larger code cache with -XX:ReservedCodeCacheSize=
# This output file may be truncated or incomplete.
#
#  Out of Memory Error (allocation.cpp:390), pid=12724, tid=2736
#
# JRE version: Java(TM) SE Runtime Environment (8.0_73-b02) (build 1.8.0_73-b02)
# Java VM: Java HotSpot(TM) 64-Bit Server VM (25.73-b02 mixed mode windows-amd64 compressed oops)
# Failed to write core dump. Minidumps are not enabled by default on client versions of Windows
#

---------------  T H R E A D  ---------------

Current thread (0x000000001722a000):  JavaThread "C2 CompilerThread0" daemon [_thread_in_native, id=2736, stack(0x0000000018720000,0x0000000018820000)]

Stack: [0x0000000018720000,0x0000000018820000]
[error occurred during error reporting (printing stack bounds), id 0xc0000005]

Native frames: (J=compiled Java code, j=interpreted, Vv=VM code, C=native code)


Current CompileTask:
C2:   1016 1268       4       com.android.dx.ssa.SCCP::simulateStmt (481 bytes)


---------------  P R O C E S S  ---------------

Java Threads: ( => current thread )
  0x0000000018b08000 JavaThread "pool-2-thread-4" [_thread_in_Java, id=4060, stack(0x0000000019420000,0x0000000019520000)]
  0x0000000018b0e000 JavaThread "pool-2-thread-3" [_thread_blocked, id=14068, stack(0x0000000019320000,0x0000000019420000)]
  0x0000000018b07000 JavaThread "pool-2-thread-2" [_thread_blocked, id=7344, stack(0x0000000019220000,0x0000000019320000)]
  0x0000000018b04800 JavaThread "pool-3-thread-1" [_thread_blocked, id=9456, stack(0x0000000019120000,0x0000000019220000)]
  0x0000000018b04000 JavaThread "pool-2-thread-1" [_thread_in_vm, id=4280, stack(0x0000000019020000,0x0000000019120000)]
  0x0000000018888800 JavaThread "Service Thread" daemon [_thread_blocked, id=10124, stack(0x0000000018e20000,0x0000000018f20000)]
  0x0000000018882000 JavaThread "C1 CompilerThread2" daemon [_thread_blocked, id=11860, stack(0x0000000018d20000,0x0000000018e20000)]
  0x000000001722d800 JavaThread "C2 CompilerThread1" daemon [_thread_in_native, id=9004, stack(0x0000000018c20000,0x0000000018d20000)]
=>0x000000001722a000 JavaThread "C2 CompilerThread0" daemon [_thread_in_native, id=2736, stack(0x0000000018720000,0x0000000018820000)]
  0x00000000171de000 JavaThread "Attach Listener" daemon [_thread_blocked, id=12740, stack(0x0000000018620000,0x0000000018720000)]
  0x00000000171c7000 JavaThread "Signal Dispatcher" daemon [_thread_blocked, id=11752, stack(0x0000000018520000,0x0000000018620000)]
  0x00000000025a0800 JavaThread "Finalizer" daemon [_thread_blocked, id=10836, stack(0x0000000018420000,0x0000000018520000)]
  0x000000000259d000 JavaThread "Reference Handler" daemon [_thread_blocked, id=1376, stack(0x0000000018320000,0x0000000018420000)]
  0x00000000024b0800 JavaThread "main" [_thread_in_vm, id=14092, stack(0x00000000022b0000,0x00000000023b0000)]

Other Threads:
  0x0000000017198000 VMThread [stack: 0x0000000018220000,0x0000000018320000] [id=4284]
  0x00000000188da800 WatcherThread [stack: 0x0000000018f20000,0x0000000019020000] [id=13920]

VM state:not at safepoint (normal execution)

VM Mutex/Monitor currently owned by a thread: None

Heap:
 PSYoungGen      total 38400K, used 21167K [0x00000000d5580000, 0x00000000d8000000, 0x0000000100000000)
  eden space 33280K, 48% used [0x00000000d5580000,0x00000000d6531b78,0x00000000d7600000)
  from space 5120K, 99% used [0x00000000d7600000,0x00000000d7afa398,0x00000000d7b00000)
  to   space 5120K, 0% used [0x00000000d7b00000,0x00000000d7b00000,0x00000000d8000000)
 ParOldGen       total 87552K, used 1086K [0x0000000080000000, 0x0000000085580000, 0x00000000d5580000)
  object space 87552K, 1% used [0x0000000080000000,0x000000008010f8e8,0x0000000085580000)
 Metaspace       used 6140K, capacity 6966K, committed 7040K, reserved 1056768K
  class space    used 606K, capacity 622K, committed 640K, reserved 1048576K

Card table byte_map: [0x0000000011970000,0x0000000011d80000] byte_map_base: 0x0000000011570000

Marking Bits: (ParMarkBitMap*) 0x0000000075d70600
 Begin Bits: [0x0000000012430000, 0x0000000014430000)
 End Bits:   [0x0000000014430000, 0x0000000016430000)

Polling page: 0x00000000001f0000

CodeCache: size=245760Kb used=5212Kb max_used=5212Kb free=240547Kb
 bounds [0x00000000025b0000, 0x0000000002ad0000, 0x00000000115b0000]
 total_blobs=1602 nmethods=1330 adapters=184
 compilation: enabled

Compilation events (10 events):
Event: 1.013 Thread 0x0000000018882000 nmethod 1337 0x0000000002ac1bd0 code [0x0000000002ac1d20, 0x0000000002ac1ef0]
Event: 1.013 Thread 0x0000000018882000 1339       3       com.android.dx.cf.code.Ropper::getRopMethod (64 bytes)
Event: 1.014 Thread 0x0000000018882000 nmethod 1339 0x0000000002ac1f90 code [0x0000000002ac21e0, 0x0000000002ac2f58]
Event: 1.014 Thread 0x0000000018882000 1332       3       sun.misc.SharedSecrets::getJavaLangAccess (4 bytes)
Event: 1.014 Thread 0x0000000018882000 nmethod 1332 0x0000000002ac3850 code [0x0000000002ac39a0, 0x0000000002ac3ad0]
Event: 1.014 Thread 0x0000000018882000 1327       3       com.android.dx.cf.code.ConcreteMethod::<init> (21 bytes)
Event: 1.014 Thread 0x0000000018882000 nmethod 1327 0x0000000002ac3b50 code [0x0000000002ac3d40, 0x0000000002ac4578]
Event: 1.014 Thread 0x0000000018882000 1338       3       com.android.dx.rop.cst.TypedConstant::getFrameType (2 bytes)
Event: 1.014 Thread 0x0000000018882000 nmethod 1338 0x0000000002ac49d0 code [0x0000000002ac4b20, 0x0000000002ac4c70]
Event: 1.014 Thread 0x0000000018882000 1329       3       com.android.dx.cf.code.LineNumberList::concat (92 bytes)

GC Heap History (2 events):
Event: 0.922 GC heap before
{Heap before GC invocations=1 (full 0):
 PSYoungGen      total 38400K, used 33280K [0x00000000d5580000, 0x00000000d8000000, 0x0000000100000000)
  eden space 33280K, 100% used [0x00000000d5580000,0x00000000d7600000,0x00000000d7600000)
  from space 5120K, 0% used [0x00000000d7b00000,0x00000000d7b00000,0x00000000d8000000)
  to   space 5120K, 0% used [0x00000000d7600000,0x00000000d7600000,0x00000000d7b00000)
 ParOldGen       total 87552K, used 0K [0x0000000080000000, 0x0000000085580000, 0x00000000d5580000)
  object space 87552K, 0% used [0x0000000080000000,0x0000000080000000,0x0000000085580000)
 Metaspace       used 6024K, capacity 6902K, committed 7040K, reserved 1056768K
  class space    used 606K, capacity 622K, committed 640K, reserved 1048576K
Event: 0.928 GC heap after
Heap after GC invocations=1 (full 0):
 PSYoungGen      total 38400K, used 5096K [0x00000000d5580000, 0x00000000d8000000, 0x0000000100000000)
  eden space 33280K, 0% used [0x00000000d5580000,0x00000000d5580000,0x00000000d7600000)
  from space 5120K, 99% used [0x00000000d7600000,0x00000000d7afa398,0x00000000d7b00000)
  to   space 5120K, 0% used [0x00000000d7b00000,0x00000000d7b00000,0x00000000d8000000)
 ParOldGen       total 87552K, used 1086K [0x0000000080000000, 0x0000000085580000, 0x00000000d5580000)
  object space 87552K, 1% used [0x0000000080000000,0x000000008010f8e8,0x0000000085580000)
 Metaspace       used 6024K, capacity 6902K, committed 7040K, reserved 1056768K
  class space    used 606K, capacity 622K, committed 640K, reserved 1048576K
}

Deoptimization events (5 events):
Event: 0.617 Thread 0x00000000024b0800 Uncommon trap: reason=unstable_if action=reinterpret pc=0x0000000002701e94 method=java.lang.String.compareTo(Ljava/lang/String;)I @ 38
Event: 0.761 Thread 0x0000000018b0e000 Uncommon trap: reason=unstable_if action=reinterpret pc=0x00000000027d4b44 method=java.util.HashMap.getNode(ILjava/lang/Object;)Ljava/util/HashMap$Node; @ 62
Event: 0.782 Thread 0x00000000024b0800 Uncommon trap: reason=unstable_if action=reinterpret pc=0x00000000027f5630 method=java.util.BitSet.nextSetBit(I)I @ 87
Event: 0.784 Thread 0x00000000024b0800 Uncommon trap: reason=unstable_if action=reinterpret pc=0x00000000028158b4 method=java.util.BitSet.ensureCapacity(I)V @ 6
Event: 0.862 Thread 0x0000000018b08000 Uncommon trap: reason=unstable_if action=reinterpret pc=0x000000000286e884 method=com.android.dx.rop.code.RegisterSpec.equals(ILcom/android/dx/rop/type/TypeBearer;Lcom/android/dx/rop/code/LocalItem;)Z @ 42

Internal exceptions (2 events):
Event: 0.310 Thread 0x00000000024b0800 Exception <a 'java/lang/NoSuchMethodError': Method sun.misc.Unsafe.defineClass(Ljava/lang/String;[BII)Ljava/lang/Class; name or signature does not match> (0x00000000d5593090) thrown at [D:\re\puppet\workspace\8-2-build-windows-amd64-cygwin\jdk8u73\6086\hot•-Kõﬂ”?
Event: 0.311 Thread 0x00000000024b0800 Exception <a 'java/lang/NoSuchMethodError': Method sun.misc.Unsafe.prefetchRead(Ljava/lang/Object;J)V name or signature does not match> (0x00000000d5593378) thrown at [D:\re\puppet\workspace\8-2-build-windows-amd64-cygwin\jdk8u73\6086\hotspot\src\share\vm\

Events (10 events):
Event: 0.818 loading class com/android/dx/dex/file/FieldAnnotationStruct done
Event: 0.819 loading class com/android/dx/cf/code/SwitchList
Event: 0.819 loading class com/android/dx/cf/code/SwitchList done
Event: 0.849 loading class java/util/DualPivotQuicksort
Event: 0.849 loading class java/util/DualPivotQuicksort done
Event: 0.862 Thread 0x0000000018b08000 Uncommon trap: trap_request=0xffffff65 fr.pc=0x000000000286e884
Event: 0.862 Thread 0x0000000018b08000 DEOPT PACKING pc=0x000000000286e884 sp=0x000000001951eae0
Event: 0.862 Thread 0x0000000018b08000 DEOPT UNPACKING pc=0x00000000025f582a sp=0x000000001951ea68 mode 2
Event: 0.921 Executing VM operation: ParallelGCFailedAllocation
Event: 0.928 Executing VM operation: ParallelGCFailedAllocation done


Dynamic libraries:
0x00007ff7961a0000 - 0x00007ff7961d7000 	X:\Program Files\Java\jdk1.8.0_73\bin\java.exe
0x00007ffb03230000 - 0x00007ffb033f1000 	X:\Windows\SYSTEM32\ntdll.dll
0x00007ffb02fd0000 - 0x00007ffb0307d000 	X:\Windows\system32\KERNEL32.DLL
0x00007ffb00440000 - 0x00007ffb00628000 	X:\Windows\system32\KERNELBASE.dll
0x00007ffb02360000 - 0x00007ffb02407000 	X:\Windows\system32\ADVAPI32.dll
0x00007ffb01e90000 - 0x00007ffb01f2d000 	X:\Windows\system32\msvcrt.dll
0x00007ffb02570000 - 0x00007ffb025cb000 	X:\Windows\system32\sechost.dll
0x00007ffb02c10000 - 0x00007ffb02d2c000 	X:\Windows\system32\RPCRT4.dll
0x00007ffb02410000 - 0x00007ffb02566000 	X:\Windows\system32\USER32.dll
0x00007ffb02d30000 - 0x00007ffb02eb6000 	X:\Windows\system32\GDI32.dll
0x00007ffaf8a50000 - 0x00007ffaf8cc4000 	X:\Windows\WinSxS\amd64_microsoft.windows.common-controls_6595b64144ccf1df_6.0.10586.0_none_8c15ae12515e1c22\COMCTL32.dll
0x00007ffb02880000 - 0x00007ffb02afd000 	X:\Windows\system32\combase.dll
0x00007ffb003d0000 - 0x00007ffb0043a000 	X:\Windows\system32\bcryptPrimitives.dll
0x00007ffb02f90000 - 0x00007ffb02fcb000 	X:\Windows\system32\IMM32.DLL
0x0000000075070000 - 0x0000000075142000 	X:\Program Files\Java\jdk1.8.0_73\jre\bin\msvcr100.dll
0x0000000075560000 - 0x0000000075df0000 	X:\Program Files\Java\jdk1.8.0_73\jre\bin\server\jvm.dll
0x00007ffb02870000 - 0x00007ffb02878000 	X:\Windows\system32\PSAPI.DLL
0x00007ffafdbb0000 - 0x00007ffafdbb9000 	X:\Windows\SYSTEM32\WSOCK32.dll
0x00007ffb03160000 - 0x00007ffb031cb000 	X:\Windows\system32\WS2_32.dll
0x00007ffafd8e0000 - 0x00007ffafd903000 	X:\Windows\SYSTEM32\WINMM.dll
0x00007ffafb880000 - 0x00007ffafb88a000 	X:\Windows\SYSTEM32\VERSION.dll
0x00007ffafd8b0000 - 0x00007ffafd8dc000 	X:\Windows\SYSTEM32\WINMMBASE.dll
0x00007ffaffd30000 - 0x00007ffaffd73000 	X:\Windows\system32\cfgmgr32.dll
0x00000000765d0000 - 0x00000000765df000 	X:\Program Files\Java\jdk1.8.0_73\jre\bin\verify.dll
0x00000000765a0000 - 0x00000000765c9000 	X:\Program Files\Java\jdk1.8.0_73\jre\bin\java.dll
0x0000000076580000 - 0x0000000076596000 	X:\Program Files\Java\jdk1.8.0_73\jre\bin\zip.dll
0x00007ffb00930000 - 0x00007ffb01e8c000 	X:\Windows\system32\SHELL32.dll
0x00007ffaffd80000 - 0x00007ffb003c5000 	X:\Windows\system32\windows.storage.dll
0x00007ffb030e0000 - 0x00007ffb03132000 	X:\Windows\system32\shlwapi.dll
0x00007ffaff8c0000 - 0x00007ffaff8cf000 	X:\Windows\system32\kernel.appcore.dll
0x00007ffaffb10000 - 0x00007ffaffbc5000 	X:\Windows\system32\shcore.dll
0x00007ffaff870000 - 0x00007ffaff8bb000 	X:\Windows\system32\powrprof.dll
0x00007ffaff850000 - 0x00007ffaff864000 	X:\Windows\system32\profapi.dll

VM Arguments:
jvm_args: -Djava.awt.headless=true -Xmx2g -Dfile.encoding=GBK -Duser.country=CN -Duser.language=zh -Duser.variant 
java_command: com.android.dx.command.Main --dex --num-threads=4 --multi-dex --output E:\Android\CalorieCounter\app\build\intermediates\transforms\dex\debug\folders\1000\10\com.android.support-appcompat-v7-23.2.1_14a456de78e3d3b230e6c027cdbf92653362251b E:\Android\CalorieCounter\app\build\intermediates\exploded-aar\com.android.support\appcompat-v7\23.2.1\jars\classes.jar
java_class_path (initial): E:\QMDownload\SDK\build-tools\23.0.3\lib\dx.jar
Launcher Type: SUN_STANDARD

Environment Variables:
PATH=X:\ProgramData\Oracle\Java\javapath;X:\Windows\system32;X:\Windows;X:\Windows\System32\Wbem;X:\Windows\System32\WindowsPowerShell\v1.0\;X:\Program Files (x86)\ATI Technologies\ATI.ACE\Core-Static;D:\Program Files\MATLAB\R2013a\runtime\win64;D:\Program Files\MATLAB\R2013a\bin;X:\Program Files\Java\jdk1.8.0_73\bin;D:\Python27;X:\Program Files (x86)\MySQL\MySQL Fabric 1.5 & MySQL Utilities 1.5\;X:\Program Files (x86)\MySQL\MySQL Fabric 1.5 & MySQL Utilities 1.5\Doctrine extensions for PHP\;E:\QMDownload\SDK\platform-tools
USERNAME=Õı…≠
OS=Windows_NT
PROCESSOR_IDENTIFIER=Intel64 Family 6 Model 60 Stepping 3, GenuineIntel



---------------  S Y S T E M  ---------------

OS: Windows 10.0 , 64 bit Build 10586 (10.0.10586.0)

CPU:total 4 (4 cores per cpu, 1 threads per core) family 6 model 60 stepping 3, cmov, cx8, fxsr, mmx, sse, sse2, sse3, ssse3, sse4.1, sse4.2, popcnt, avx, avx2, aes, clmul, erms, lzcnt, tsc, tscinvbit, bmi1, bmi2

Memory: 4k page, physical 8315044k(1389584k free), swap 8315044k(5312k free)

vm_info: Java HotSpot(TM) 64-Bit Server VM (25.73-b02) for windows-amd64 JRE (1.8.0_73-b02), built on Jan 29 2016 17:38:49 by "java_re" with MS VC++ 10.0 (VS2010)

time: Wed Apr 27 19:25:52 2016
elapsed time: 1 seconds (0d 0h 0m 1s)

