#
# There is insufficient memory for the Java Runtime Environment to continue.
# Native memory allocation (malloc) failed to allocate 32784 bytes for Chunk::new
# Possible reasons:
#   The system is out of physical RAM or swap space
#   In 32 bit mode, the process size limit was hit
# Possible solutions:
#   Reduce memory load on the system
#   Increase physical memory or swap space
#   Check if swap backing store is full
#   Use 64 bit Java on a 64 bit OS
#   Decrease Java heap size (-Xmx/-Xms)
#   Decrease number of Java threads
#   Decrease Java thread stack sizes (-Xss)
#   Set larger code cache with -XX:ReservedCodeCacheSize=
# This output file may be truncated or incomplete.
#
#  Out of Memory Error (allocation.cpp:390), pid=6004, tid=9188
#
# JRE version: Java(TM) SE Runtime Environment (8.0_73-b02) (build 1.8.0_73-b02)
# Java VM: Java HotSpot(TM) 64-Bit Server VM (25.73-b02 mixed mode windows-amd64 compressed oops)
# Failed to write core dump. Minidumps are not enabled by default on client versions of Windows
#

---------------  T H R E A D  ---------------

Current thread (0x000000001733b000):  JavaThread "C2 CompilerThread0" daemon [_thread_in_native, id=9188, stack(0x0000000018830000,0x0000000018930000)]

Stack: [0x0000000018830000,0x0000000018930000]
[error occurred during error reporting (printing stack bounds), id 0xc0000005]

Native frames: (J=compiled Java code, j=interpreted, Vv=VM code, C=native code)


Current CompileTask:
C2:   3395 1893       4       java.util.TreeMap::put (247 bytes)


---------------  P R O C E S S  ---------------

Java Threads: ( => current thread )
  0x0000000018c3c000 JavaThread "pool-1-thread-1" [_thread_in_vm, id=10776, stack(0x000000001c500000,0x000000001c600000)]
  0x00000000189c0800 JavaThread "Service Thread" daemon [_thread_blocked, id=3636, stack(0x0000000018f30000,0x0000000019030000)]
  0x0000000018936000 JavaThread "C1 CompilerThread2" daemon [_thread_blocked, id=10000, stack(0x0000000018e30000,0x0000000018f30000)]
  0x000000001733d800 JavaThread "C2 CompilerThread1" daemon [_thread_in_native, id=9952, stack(0x0000000018d30000,0x0000000018e30000)]
=>0x000000001733b000 JavaThread "C2 CompilerThread0" daemon [_thread_in_native, id=9188, stack(0x0000000018830000,0x0000000018930000)]
  0x00000000172ef000 JavaThread "Attach Listener" daemon [_thread_blocked, id=13904, stack(0x0000000018730000,0x0000000018830000)]
  0x00000000172d8000 JavaThread "Signal Dispatcher" daemon [_thread_blocked, id=10452, stack(0x0000000018630000,0x0000000018730000)]
  0x00000000026b2000 JavaThread "Finalizer" daemon [_thread_blocked, id=9432, stack(0x0000000018530000,0x0000000018630000)]
  0x00000000026af000 JavaThread "Reference Handler" daemon [_thread_blocked, id=2172, stack(0x0000000018430000,0x0000000018530000)]
  0x00000000025c0800 JavaThread "main" [_thread_blocked, id=12316, stack(0x00000000024c0000,0x00000000025c0000)]

Other Threads:
  0x00000000172a8000 VMThread [stack: 0x0000000018330000,0x0000000018430000] [id=4704]
  0x0000000018a0b800 WatcherThread [stack: 0x0000000019030000,0x0000000019130000] [id=8768]

VM state:not at safepoint (normal execution)

VM Mutex/Monitor currently owned by a thread: None

Heap:
 PSYoungGen      total 71680K, used 18903K [0x00000000d5580000, 0x00000000da080000, 0x0000000100000000)
  eden space 66560K, 20% used [0x00000000d5580000,0x00000000d62fa118,0x00000000d9680000)
  from space 5120K, 99% used [0x00000000d9680000,0x00000000d9b7be30,0x00000000d9b80000)
  to   space 5120K, 0% used [0x00000000d9b80000,0x00000000d9b80000,0x00000000da080000)
 ParOldGen       total 87552K, used 15677K [0x0000000080000000, 0x0000000085580000, 0x00000000d5580000)
  object space 87552K, 17% used [0x0000000080000000,0x0000000080f4f5f0,0x0000000085580000)
 Metaspace       used 6396K, capacity 7192K, committed 7424K, reserved 1056768K
  class space    used 613K, capacity 656K, committed 768K, reserved 1048576K

Card table byte_map: [0x0000000011a80000,0x0000000011e90000] byte_map_base: 0x0000000011680000

Marking Bits: (ParMarkBitMap*) 0x00000000530a0600
 Begin Bits: [0x0000000012540000, 0x0000000014540000)
 End Bits:   [0x0000000014540000, 0x0000000016540000)

Polling page: 0x00000000001f0000

CodeCache: size=245760Kb used=8013Kb max_used=8032Kb free=237746Kb
 bounds [0x00000000026c0000, 0x0000000002ea0000, 0x00000000116c0000]
 total_blobs=2122 nmethods=1851 adapters=184
 compilation: enabled

Compilation events (10 events):
Event: 3.380 Thread 0x0000000018936000 nmethod 1888 0x0000000002e95310 code [0x0000000002e95520, 0x0000000002e96148]
Event: 3.380 Thread 0x000000001733d800 1889       4       com.android.dx.rop.code.BasicBlock::getLastInsn (8 bytes)
Event: 3.381 Thread 0x000000001733d800 nmethod 1889 0x0000000002e99510 code [0x0000000002e99660, 0x0000000002e99758]
Event: 3.383 Thread 0x0000000018936000 1890       3       java.util.HashMap$KeyIterator::next (8 bytes)
Event: 3.383 Thread 0x0000000018936000 nmethod 1890 0x0000000002e990d0 code [0x0000000002e99240, 0x0000000002e99448]
Event: 3.385 Thread 0x000000001733d800 1891       4       java.util.HashMap::put (13 bytes)
Event: 3.390 Thread 0x000000001733d800 nmethod 1891 0x0000000002e96b90 code [0x0000000002e96d40, 0x0000000002e974f8]
Event: 3.390 Thread 0x000000001733b000 nmethod 1872 0x0000000002e9cf10 code [0x0000000002e9d120, 0x0000000002e9e460]
Event: 3.390 Thread 0x000000001733d800 1892       4       com.android.dx.dex.code.OutputFinisher::addConstants (93 bytes)
Event: 3.391 Thread 0x000000001733b000 1893       4       java.util.TreeMap::put (247 bytes)

GC Heap History (6 events):
Event: 0.568 GC heap before
{Heap before GC invocations=1 (full 0):
 PSYoungGen      total 38400K, used 33280K [0x00000000d5580000, 0x00000000d8000000, 0x0000000100000000)
  eden space 33280K, 100% used [0x00000000d5580000,0x00000000d7600000,0x00000000d7600000)
  from space 5120K, 0% used [0x00000000d7b00000,0x00000000d7b00000,0x00000000d8000000)
  to   space 5120K, 0% used [0x00000000d7600000,0x00000000d7600000,0x00000000d7b00000)
 ParOldGen       total 87552K, used 0K [0x0000000080000000, 0x0000000085580000, 0x00000000d5580000)
  object space 87552K, 0% used [0x0000000080000000,0x0000000080000000,0x0000000085580000)
 Metaspace       used 6017K, capacity 6900K, committed 7040K, reserved 1056768K
  class space    used 604K, capacity 620K, committed 640K, reserved 1048576K
Event: 0.589 GC heap after
Heap after GC invocations=1 (full 0):
 PSYoungGen      total 38400K, used 5090K [0x00000000d5580000, 0x00000000da080000, 0x0000000100000000)
  eden space 33280K, 0% used [0x00000000d5580000,0x00000000d5580000,0x00000000d7600000)
  from space 5120K, 99% used [0x00000000d7600000,0x00000000d7af8ac8,0x00000000d7b00000)
  to   space 5120K, 0% used [0x00000000d9b80000,0x00000000d9b80000,0x00000000da080000)
 ParOldGen       total 87552K, used 1591K [0x0000000080000000, 0x0000000085580000, 0x00000000d5580000)
  object space 87552K, 1% used [0x0000000080000000,0x000000008018dd40,0x0000000085580000)
 Metaspace       used 6017K, capacity 6900K, committed 7040K, reserved 1056768K
  class space    used 604K, capacity 620K, committed 640K, reserved 1048576K
}
Event: 1.078 GC heap before
{Heap before GC invocations=2 (full 0):
 PSYoungGen      total 38400K, used 38370K [0x00000000d5580000, 0x00000000da080000, 0x0000000100000000)
  eden space 33280K, 100% used [0x00000000d5580000,0x00000000d7600000,0x00000000d7600000)
  from space 5120K, 99% used [0x00000000d7600000,0x00000000d7af8ac8,0x00000000d7b00000)
  to   space 5120K, 0% used [0x00000000d9b80000,0x00000000d9b80000,0x00000000da080000)
 ParOldGen       total 87552K, used 1591K [0x0000000080000000, 0x0000000085580000, 0x00000000d5580000)
  object space 87552K, 1% used [0x0000000080000000,0x000000008018dd40,0x0000000085580000)
 Metaspace       used 6234K, capacity 7092K, committed 7296K, reserved 1056768K
  class space    used 606K, capacity 620K, committed 640K, reserved 1048576K
Event: 1.092 GC heap after
Heap after GC invocations=2 (full 0):
 PSYoungGen      total 71680K, used 5092K [0x00000000d5580000, 0x00000000da080000, 0x0000000100000000)
  eden space 66560K, 0% used [0x00000000d5580000,0x00000000d5580000,0x00000000d9680000)
  from space 5120K, 99% used [0x00000000d9b80000,0x00000000da079108,0x00000000da080000)
  to   space 5120K, 0% used [0x00000000d9680000,0x00000000d9680000,0x00000000d9b80000)
 ParOldGen       total 87552K, used 6197K [0x0000000080000000, 0x0000000085580000, 0x00000000d5580000)
  object space 87552K, 7% used [0x0000000080000000,0x000000008060d6a8,0x0000000085580000)
 Metaspace       used 6234K, capacity 7092K, committed 7296K, reserved 1056768K
  class space    used 606K, capacity 620K, committed 640K, reserved 1048576K
}
Event: 2.267 GC heap before
{Heap before GC invocations=3 (full 0):
 PSYoungGen      total 71680K, used 71652K [0x00000000d5580000, 0x00000000da080000, 0x0000000100000000)
  eden space 66560K, 100% used [0x00000000d5580000,0x00000000d9680000,0x00000000d9680000)
  from space 5120K, 99% used [0x00000000d9b80000,0x00000000da079108,0x00000000da080000)
  to   space 5120K, 0% used [0x00000000d9680000,0x00000000d9680000,0x00000000d9b80000)
 ParOldGen       total 87552K, used 6197K [0x0000000080000000, 0x0000000085580000, 0x00000000d5580000)
  object space 87552K, 7% used [0x0000000080000000,0x000000008060d6a8,0x0000000085580000)
 Metaspace       used 6325K, capacity 7156K, committed 7296K, reserved 1056768K
  class space    used 606K, capacity 620K, committed 640K, reserved 1048576K
Event: 2.297 GC heap after
Heap after GC invocations=3 (full 0):
 PSYoungGen      total 71680K, used 5103K [0x00000000d5580000, 0x00000000da080000, 0x0000000100000000)
  eden space 66560K, 0% used [0x00000000d5580000,0x00000000d5580000,0x00000000d9680000)
  from space 5120K, 99% used [0x00000000d9680000,0x00000000d9b7be30,0x00000000d9b80000)
  to   space 5120K, 0% used [0x00000000d9b80000,0x00000000d9b80000,0x00000000da080000)
 ParOldGen       total 87552K, used 15677K [0x0000000080000000, 0x0000000085580000, 0x00000000d5580000)
  object space 87552K, 17% used [0x0000000080000000,0x0000000080f4f5f0,0x0000000085580000)
 Metaspace       used 6325K, capacity 7156K, committed 7296K, reserved 1056768K
  class space    used 606K, capacity 620K, committed 640K, reserved 1048576K
}

Deoptimization events (10 events):
Event: 1.755 Thread 0x0000000018c37000 Uncommon trap: reason=unstable_if action=reinterpret pc=0x0000000002c65670 method=com.android.dx.rop.code.LocalItem.compareHandlesNulls(Lcom/android/dx/rop/cst/CstString;Lcom/android/dx/rop/cst/CstString;)I @ 14
Event: 1.755 Thread 0x0000000018c37000 Uncommon trap: reason=unstable_if action=reinterpret pc=0x0000000002cf357c method=com.android.dx.rop.code.LocalItem.compareHandlesNulls(Lcom/android/dx/rop/cst/CstString;Lcom/android/dx/rop/cst/CstString;)I @ 14
Event: 2.549 Thread 0x0000000018c3f000 Uncommon trap: reason=bimorphic action=maybe_recompile pc=0x0000000002dc4418 method=com.android.dx.cf.code.BytecodeArray.parseInstruction(ILcom/android/dx/cf/code/BytecodeArray$Visitor;)I @ 2484
Event: 2.549 Thread 0x0000000018c3f000 Uncommon trap: reason=bimorphic action=maybe_recompile pc=0x0000000002dc4418 method=com.android.dx.cf.code.BytecodeArray.parseInstruction(ILcom/android/dx/cf/code/BytecodeArray$Visitor;)I @ 2484
Event: 3.349 Thread 0x0000000018c3c000 Uncommon trap: reason=class_check action=maybe_recompile pc=0x0000000002b201c8 method=java.util.Arrays.hashCode([Ljava/lang/Object;)I @ 43
Event: 3.349 Thread 0x0000000018c3c000 Uncommon trap: reason=class_check action=maybe_recompile pc=0x0000000002b201c8 method=java.util.Arrays.hashCode([Ljava/lang/Object;)I @ 43
Event: 3.349 Thread 0x0000000018c3c000 Uncommon trap: reason=class_check action=maybe_recompile pc=0x0000000002b201c8 method=java.util.Arrays.hashCode([Ljava/lang/Object;)I @ 43
Event: 3.349 Thread 0x0000000018c3c000 Uncommon trap: reason=class_check action=maybe_recompile pc=0x0000000002b201c8 method=java.util.Arrays.hashCode([Ljava/lang/Object;)I @ 43
Event: 3.349 Thread 0x0000000018c3c000 Uncommon trap: reason=class_check action=maybe_recompile pc=0x0000000002b158a8 method=java.util.Arrays.hashCode([Ljava/lang/Object;)I @ 43
Event: 3.375 Thread 0x0000000018c3c000 Uncommon trap: reason=bimorphic action=maybe_recompile pc=0x0000000002c6dab4 method=java.util.HashMap.putVal(ILjava/lang/Object;Ljava/lang/Object;ZZ)Ljava/lang/Object; @ 203

Internal exceptions (8 events):
Event: 0.042 Thread 0x00000000025c0800 Exception <a 'java/lang/NoSuchMethodError': Method sun.misc.Unsafe.defineClass(Ljava/lang/String;[BII)Ljava/lang/Class; name or signature does not match> (0x00000000d5593090) thrown at [D:\re\puppet\workspace\8-2-build-windows-amd64-cygwin\jdk8u73\6086\hotF1ŠéK¥?
Event: 0.042 Thread 0x00000000025c0800 Exception <a 'java/lang/NoSuchMethodError': Method sun.misc.Unsafe.prefetchRead(Ljava/lang/Object;J)V name or signature does not match> (0x00000000d5593378) thrown at [D:\re\puppet\workspace\8-2-build-windows-amd64-cygwin\jdk8u73\6086\hotspot\src\share\vm\™ã„ÃˆVá?
Event: 0.542 Thread 0x0000000018c37000 Implicit null exception at 0x0000000002a015e2 to 0x0000000002a016da
Event: 0.636 Thread 0x0000000019130800 Implicit null exception at 0x00000000029a0e76 to 0x00000000029a2709
Event: 1.682 Thread 0x0000000019130800 Implicit null exception at 0x000000000299416e to 0x00000000029957cd
Event: 1.755 Thread 0x0000000018c37000 Implicit null exception at 0x0000000002ce254a to 0x0000000002ce4295
Event: 1.755 Thread 0x0000000018c37000 Implicit null exception at 0x0000000002c63e08 to 0x0000000002c65649
Event: 1.755 Thread 0x0000000018c37000 Implicit null exception at 0x0000000002cf33aa to 0x0000000002cf3569

Events (10 events):
Event: 3.349 Thread 0x0000000018c3c000 Uncommon trap: trap_request=0xffffffde fr.pc=0x0000000002b158a8
Event: 3.349 Thread 0x0000000018c3c000 DEOPT PACKING pc=0x0000000002b158a8 sp=0x000000001c5fe800
Event: 3.349 Thread 0x0000000018c3c000 DEOPT UNPACKING pc=0x000000000270582a sp=0x000000001c5fe788 mode 2
Event: 3.354 loading class com/android/dx/rop/cst/Zeroes
Event: 3.354 loading class com/android/dx/rop/cst/Zeroes done
Event: 3.375 Thread 0x0000000018c3c000 Uncommon trap: trap_request=0xffffffc6 fr.pc=0x0000000002c6dab4
Event: 3.375 Thread 0x0000000018c3c000 DEOPT PACKING pc=0x0000000002c6dab4 sp=0x000000001c5fe940
Event: 3.375 Thread 0x0000000018c3c000 DEOPT UNPACKING pc=0x000000000270582a sp=0x000000001c5fe868 mode 2
Event: 3.391 Thread 0x0000000018c3c000 DEOPT PACKING pc=0x0000000002884e08 sp=0x000000001c5fe800
Event: 3.391 Thread 0x0000000018c3c000 DEOPT UNPACKING pc=0x000000000270787f sp=0x000000001c5fe558 mode 0


Dynamic libraries:
0x00007ff6fb7a0000 - 0x00007ff6fb7d7000 	X:\Program Files\Java\jdk1.8.0_73\bin\java.exe
0x00007ffec5b10000 - 0x00007ffec5cd1000 	X:\Windows\SYSTEM32\ntdll.dll
0x00007ffec35e0000 - 0x00007ffec368d000 	X:\Windows\system32\KERNEL32.DLL
0x00007ffec2930000 - 0x00007ffec2b18000 	X:\Windows\system32\KERNELBASE.dll
0x00007ffec34c0000 - 0x00007ffec3567000 	X:\Windows\system32\ADVAPI32.dll
0x00007ffec50c0000 - 0x00007ffec515d000 	X:\Windows\system32\msvcrt.dll
0x00007ffec59a0000 - 0x00007ffec59fb000 	X:\Windows\system32\sechost.dll
0x00007ffec2f10000 - 0x00007ffec302c000 	X:\Windows\system32\RPCRT4.dll
0x00007ffec32f0000 - 0x00007ffec3446000 	X:\Windows\system32\USER32.dll
0x00007ffec3030000 - 0x00007ffec31b6000 	X:\Windows\system32\GDI32.dll
0x00007ffeb89d0000 - 0x00007ffeb8c44000 	X:\Windows\WinSxS\amd64_microsoft.windows.common-controls_6595b64144ccf1df_6.0.10586.0_none_8c15ae12515e1c22\COMCTL32.dll
0x00007ffec4e20000 - 0x00007ffec509d000 	X:\Windows\system32\combase.dll
0x00007ffec2ea0000 - 0x00007ffec2f0a000 	X:\Windows\system32\bcryptPrimitives.dll
0x00007ffec56f0000 - 0x00007ffec572b000 	X:\Windows\system32\IMM32.DLL
0x0000000052330000 - 0x0000000052402000 	X:\Program Files\Java\jdk1.8.0_73\jre\bin\msvcr100.dll
0x0000000052890000 - 0x0000000053120000 	X:\Program Files\Java\jdk1.8.0_73\jre\bin\server\jvm.dll
0x00007ffec4c50000 - 0x00007ffec4c58000 	X:\Windows\system32\PSAPI.DLL
0x00007ffebded0000 - 0x00007ffebded9000 	X:\Windows\SYSTEM32\WSOCK32.dll
0x00007ffec0720000 - 0x00007ffec0743000 	X:\Windows\SYSTEM32\WINMM.dll
0x00007ffec3570000 - 0x00007ffec35db000 	X:\Windows\system32\WS2_32.dll
0x00007ffebe7e0000 - 0x00007ffebe7ea000 	X:\Windows\SYSTEM32\VERSION.dll
0x0000000000420000 - 0x000000000044c000 	X:\Windows\SYSTEM32\WINMMBASE.dll
0x00007ffec2bd0000 - 0x00007ffec2c13000 	X:\Windows\system32\cfgmgr32.dll
0x00000000527a0000 - 0x00000000527af000 	X:\Program Files\Java\jdk1.8.0_73\jre\bin\verify.dll
0x0000000052770000 - 0x0000000052799000 	X:\Program Files\Java\jdk1.8.0_73\jre\bin\java.dll
0x0000000052750000 - 0x0000000052766000 	X:\Program Files\Java\jdk1.8.0_73\jre\bin\zip.dll
0x00007ffec36f0000 - 0x00007ffec4c4c000 	X:\Windows\system32\SHELL32.dll
0x00007ffec2220000 - 0x00007ffec2865000 	X:\Windows\system32\windows.storage.dll
0x00007ffec3690000 - 0x00007ffec36e2000 	X:\Windows\system32\shlwapi.dll
0x00007ffec2130000 - 0x00007ffec213f000 	X:\Windows\system32\kernel.appcore.dll
0x00007ffec2870000 - 0x00007ffec2925000 	X:\Windows\system32\shcore.dll
0x00007ffec2140000 - 0x00007ffec218b000 	X:\Windows\system32\powrprof.dll
0x00007ffec2190000 - 0x00007ffec21a4000 	X:\Windows\system32\profapi.dll

VM Arguments:
jvm_args: -Djava.awt.headless=true -Xmx2g -Dfile.encoding=GBK -Duser.country=CN -Duser.language=zh -Duser.variant 
java_command: com.android.dx.command.Main --dex --num-threads=4 --multi-dex --output E:\Android\CalorieCounter\app\build\intermediates\transforms\dex\debug\folders\1000\10\com.android.support-design-23.2.1_2a94e4507ec2bfa02df0223d8ec37cf5629c4adb E:\Android\CalorieCounter\app\build\intermediates\exploded-aar\com.android.support\design\23.2.1\jars\classes.jar
java_class_path (initial): E:\QMDownload\SDK\build-tools\23.0.3\lib\dx.jar
Launcher Type: SUN_STANDARD

Environment Variables:
PATH=X:\ProgramData\Oracle\Java\javapath;X:\Windows\system32;X:\Windows;X:\Windows\System32\Wbem;X:\Windows\System32\WindowsPowerShell\v1.0\;X:\Program Files (x86)\ATI Technologies\ATI.ACE\Core-Static;D:\Program Files\MATLAB\R2013a\runtime\win64;D:\Program Files\MATLAB\R2013a\bin;X:\Program Files\Java\jdk1.8.0_73\bin;D:\Python27;X:\Program Files (x86)\MySQL\MySQL Fabric 1.5 & MySQL Utilities 1.5\;X:\Program Files (x86)\MySQL\MySQL Fabric 1.5 & MySQL Utilities 1.5\Doctrine extensions for PHP\;E:\QMDownload\SDK\platform-tools
USERNAME=ÍõÉ­
OS=Windows_NT
PROCESSOR_IDENTIFIER=Intel64 Family 6 Model 60 Stepping 3, GenuineIntel



---------------  S Y S T E M  ---------------

OS: Windows 10.0 , 64 bit Build 10586 (10.0.10586.0)

CPU:total 4 (4 cores per cpu, 1 threads per core) family 6 model 60 stepping 3, cmov, cx8, fxsr, mmx, sse, sse2, sse3, ssse3, sse4.1, sse4.2, popcnt, avx, avx2, aes, clmul, erms, lzcnt, tsc, tscinvbit, bmi1, bmi2

Memory: 4k page, physical 8315044k(1904524k free), swap 8315044k(5120k free)

vm_info: Java HotSpot(TM) 64-Bit Server VM (25.73-b02) for windows-amd64 JRE (1.8.0_73-b02), built on Jan 29 2016 17:38:49 by "java_re" with MS VC++ 10.0 (VS2010)

time: Tue Apr 26 20:48:36 2016
elapsed time: 3 seconds (0d 0h 0m 3s)

