#
# There is insufficient memory for the Java Runtime Environment to continue.
# Native memory allocation (malloc) failed to allocate 1443296 bytes for Chunk::new
# Possible reasons:
#   The system is out of physical RAM or swap space
#   In 32 bit mode, the process size limit was hit
# Possible solutions:
#   Reduce memory load on the system
#   Increase physical memory or swap space
#   Check if swap backing store is full
#   Use 64 bit Java on a 64 bit OS
#   Decrease Java heap size (-Xmx/-Xms)
#   Decrease number of Java threads
#   Decrease Java thread stack sizes (-Xss)
#   Set larger code cache with -XX:ReservedCodeCacheSize=
# This output file may be truncated or incomplete.
#
#  Out of Memory Error (allocation.cpp:390), pid=9760, tid=10092
#
# JRE version: Java(TM) SE Runtime Environment (8.0_73-b02) (build 1.8.0_73-b02)
# Java VM: Java HotSpot(TM) 64-Bit Server VM (25.73-b02 mixed mode windows-amd64 compressed oops)
# Failed to write core dump. Minidumps are not enabled by default on client versions of Windows
#

---------------  T H R E A D  ---------------

Current thread (0x0000000014dfa000):  JavaThread "C2 CompilerThread0" daemon [_thread_in_native, id=10092, stack(0x0000000016300000,0x0000000016400000)]

Stack: [0x0000000016300000,0x0000000016400000]
[error occurred during error reporting (printing stack bounds), id 0xc0000005]

Native frames: (J=compiled Java code, j=interpreted, Vv=VM code, C=native code)


Current CompileTask:
C2:   3169 1513   !   4       com.android.dx.cf.code.BytecodeArray::parseInstruction (2764 bytes)


---------------  P R O C E S S  ---------------

Java Threads: ( => current thread )
  0x00000000166d0800 JavaThread "pool-1-thread-4" [_thread_in_vm, id=8256, stack(0x0000000017000000,0x0000000017100000)]
  0x00000000166c9800 JavaThread "pool-1-thread-3" [_thread_in_Java, id=8280, stack(0x0000000016f00000,0x0000000017000000)]
  0x00000000166c7800 JavaThread "pool-1-thread-2" [_thread_blocked, id=3456, stack(0x0000000016e00000,0x0000000016f00000)]
  0x0000000016665800 JavaThread "pool-2-thread-1" [_thread_blocked, id=2572, stack(0x0000000016d00000,0x0000000016e00000)]
  0x0000000016707000 JavaThread "pool-1-thread-1" [_thread_in_Java, id=6220, stack(0x0000000016c00000,0x0000000016d00000)]
  0x0000000016460800 JavaThread "Service Thread" daemon [_thread_blocked, id=10196, stack(0x0000000016a00000,0x0000000016b00000)]
  0x0000000016457000 JavaThread "C1 CompilerThread2" daemon [_thread_blocked, id=10208, stack(0x0000000016900000,0x0000000016a00000)]
  0x0000000014dfd000 JavaThread "C2 CompilerThread1" daemon [_thread_in_native, id=10112, stack(0x0000000016800000,0x0000000016900000)]
=>0x0000000014dfa000 JavaThread "C2 CompilerThread0" daemon [_thread_in_native, id=10092, stack(0x0000000016300000,0x0000000016400000)]
  0x0000000014d97800 JavaThread "Attach Listener" daemon [_thread_blocked, id=9300, stack(0x0000000016200000,0x0000000016300000)]
  0x0000000014df9000 JavaThread "Signal Dispatcher" daemon [_thread_blocked, id=9464, stack(0x0000000016100000,0x0000000016200000)]
  0x00000000026c6000 JavaThread "Finalizer" daemon [_thread_blocked, id=10004, stack(0x0000000016000000,0x0000000016100000)]
  0x00000000026bd000 JavaThread "Reference Handler" daemon [_thread_blocked, id=9948, stack(0x0000000015f00000,0x0000000016000000)]
  0x00000000025d0800 JavaThread "main" [_thread_blocked, id=9700, stack(0x00000000024d0000,0x00000000025d0000)]

Other Threads:
  0x0000000014d67800 VMThread [stack: 0x0000000015e00000,0x0000000015f00000] [id=10068]
  0x00000000164b4800 WatcherThread [stack: 0x0000000016b00000,0x0000000016c00000] [id=10212]

VM state:not at safepoint (normal execution)

VM Mutex/Monitor currently owned by a thread: None

Heap:
 PSYoungGen      total 71680K, used 8083K [0x00000000eab00000, 0x00000000ef600000, 0x0000000100000000)
  eden space 66560K, 4% used [0x00000000eab00000,0x00000000eade8ca0,0x00000000eec00000)
  from space 5120K, 99% used [0x00000000ef100000,0x00000000ef5fc080,0x00000000ef600000)
  to   space 5120K, 0% used [0x00000000eec00000,0x00000000eec00000,0x00000000ef100000)
 ParOldGen       total 87552K, used 5720K [0x00000000c0000000, 0x00000000c5580000, 0x00000000eab00000)
  object space 87552K, 6% used [0x00000000c0000000,0x00000000c0596060,0x00000000c5580000)
 Metaspace       used 6196K, capacity 7092K, committed 7296K, reserved 1056768K
  class space    used 606K, capacity 620K, committed 640K, reserved 1048576K

Card table byte_map: [0x0000000011a90000,0x0000000011ca0000] byte_map_base: 0x0000000011490000

Marking Bits: (ParMarkBitMap*) 0x00000000540e0600
 Begin Bits: [0x0000000012200000, 0x0000000013200000)
 End Bits:   [0x0000000013200000, 0x0000000014200000)

Polling page: 0x00000000001f0000

CodeCache: size=245760Kb used=6315Kb max_used=6340Kb free=239444Kb
 bounds [0x00000000026d0000, 0x0000000002d10000, 0x00000000116d0000]
 total_blobs=1778 nmethods=1507 adapters=184
 compilation: enabled

Compilation events (10 events):
Event: 2.991 Thread 0x0000000016457000 nmethod 1510 0x0000000002cde110 code [0x0000000002cde2a0, 0x0000000002cde798]
Event: 2.993 Thread 0x0000000014dfa000 1511       4       com.android.dx.ssa.SsaMethod::getUseListCopy (56 bytes)
Event: 2.998 Thread 0x0000000014dfa000 nmethod 1511 0x0000000002cd9ad0 code [0x0000000002cd9c40, 0x0000000002cda1a8]
Event: 3.005 Thread 0x0000000014dfa000 1512       4       com.android.dx.rop.code.Insn::hashCode (5 bytes)
Event: 3.006 Thread 0x0000000014dfa000 nmethod 1512 0x0000000002cdde10 code [0x0000000002cddf60, 0x0000000002cde008]
Event: 3.008 Thread 0x0000000014dfa000 1513   !   4       com.android.dx.cf.code.BytecodeArray::parseInstruction (2764 bytes)
Event: 3.021 Thread 0x0000000016457000 1514       1       com.android.dx.util.ByteArray::getByte0 (12 bytes)
Event: 3.021 Thread 0x0000000016457000 nmethod 1514 0x0000000002ccdc10 code [0x0000000002ccdd60, 0x0000000002ccde90]
Event: 3.034 Thread 0x0000000016457000 1517       3       com.android.dx.util.ByteArray::getShort (25 bytes)
Event: 3.035 Thread 0x0000000016457000 nmethod 1517 0x0000000002cd0450 code [0x0000000002cd05c0, 0x0000000002cd0888]

GC Heap History (4 events):
Event: 1.992 GC heap before
{Heap before GC invocations=1 (full 0):
 PSYoungGen      total 38400K, used 33280K [0x00000000eab00000, 0x00000000ed580000, 0x0000000100000000)
  eden space 33280K, 100% used [0x00000000eab00000,0x00000000ecb80000,0x00000000ecb80000)
  from space 5120K, 0% used [0x00000000ed080000,0x00000000ed080000,0x00000000ed580000)
  to   space 5120K, 0% used [0x00000000ecb80000,0x00000000ecb80000,0x00000000ed080000)
 ParOldGen       total 87552K, used 0K [0x00000000c0000000, 0x00000000c5580000, 0x00000000eab00000)
  object space 87552K, 0% used [0x00000000c0000000,0x00000000c0000000,0x00000000c5580000)
 Metaspace       used 6064K, capacity 6964K, committed 7040K, reserved 1056768K
  class space    used 604K, capacity 620K, committed 640K, reserved 1048576K
Event: 2.022 GC heap after
Heap after GC invocations=1 (full 0):
 PSYoungGen      total 38400K, used 5100K [0x00000000eab00000, 0x00000000ef600000, 0x0000000100000000)
  eden space 33280K, 0% used [0x00000000eab00000,0x00000000eab00000,0x00000000ecb80000)
  from space 5120K, 99% used [0x00000000ecb80000,0x00000000ed07b2b8,0x00000000ed080000)
  to   space 5120K, 0% used [0x00000000ef100000,0x00000000ef100000,0x00000000ef600000)
 ParOldGen       total 87552K, used 1123K [0x00000000c0000000, 0x00000000c5580000, 0x00000000eab00000)
  object space 87552K, 1% used [0x00000000c0000000,0x00000000c0118ee8,0x00000000c5580000)
 Metaspace       used 6064K, capacity 6964K, committed 7040K, reserved 1056768K
  class space    used 604K, capacity 620K, committed 640K, reserved 1048576K
}
Event: 3.036 GC heap before
{Heap before GC invocations=2 (full 0):
 PSYoungGen      total 38400K, used 38380K [0x00000000eab00000, 0x00000000ef600000, 0x0000000100000000)
  eden space 33280K, 100% used [0x00000000eab00000,0x00000000ecb80000,0x00000000ecb80000)
  from space 5120K, 99% used [0x00000000ecb80000,0x00000000ed07b2b8,0x00000000ed080000)
  to   space 5120K, 0% used [0x00000000ef100000,0x00000000ef100000,0x00000000ef600000)
 ParOldGen       total 87552K, used 1123K [0x00000000c0000000, 0x00000000c5580000, 0x00000000eab00000)
  object space 87552K, 1% used [0x00000000c0000000,0x00000000c0118ee8,0x00000000c5580000)
 Metaspace       used 6195K, capacity 7028K, committed 7296K, reserved 1056768K
  class space    used 606K, capacity 620K, committed 640K, reserved 1048576K
Event: 3.163 GC heap after
Heap after GC invocations=2 (full 0):
 PSYoungGen      total 71680K, used 5104K [0x00000000eab00000, 0x00000000ef600000, 0x0000000100000000)
  eden space 66560K, 0% used [0x00000000eab00000,0x00000000eab00000,0x00000000eec00000)
  from space 5120K, 99% used [0x00000000ef100000,0x00000000ef5fc080,0x00000000ef600000)
  to   space 5120K, 0% used [0x00000000eec00000,0x00000000eec00000,0x00000000ef100000)
 ParOldGen       total 87552K, used 5720K [0x00000000c0000000, 0x00000000c5580000, 0x00000000eab00000)
  object space 87552K, 6% used [0x00000000c0000000,0x00000000c0596060,0x00000000c5580000)
 Metaspace       used 6195K, capacity 7028K, committed 7296K, reserved 1056768K
  class space    used 606K, capacity 620K, committed 640K, reserved 1048576K
}

Deoptimization events (10 events):
Event: 2.141 Thread 0x00000000166d0800 Uncommon trap: reason=class_check action=maybe_recompile pc=0x0000000002901bf0 method=com.android.dx.ssa.NormalSsaInsn.accept(Lcom/android/dx/ssa/SsaInsn$Visitor;)V @ 9
Event: 2.142 Thread 0x0000000016707000 Uncommon trap: reason=class_check action=maybe_recompile pc=0x0000000002af9a68 method=java.util.HashMap.putVal(ILjava/lang/Object;Ljava/lang/Object;ZZ)Ljava/lang/Object; @ 203
Event: 2.160 Thread 0x00000000166c9800 Uncommon trap: reason=class_check action=maybe_recompile pc=0x0000000002aecb54 method=java.util.HashMap.putVal(ILjava/lang/Object;Ljava/lang/Object;ZZ)Ljava/lang/Object; @ 203
Event: 2.185 Thread 0x00000000025d0800 Uncommon trap: reason=unstable_if action=reinterpret pc=0x0000000002cb1f18 method=com.android.dx.ssa.SCCP.simulateStmt(Lcom/android/dx/ssa/SsaInsn;)V @ 53
Event: 2.185 Thread 0x00000000025d0800 Uncommon trap: reason=class_check action=maybe_recompile pc=0x0000000002aecb54 method=java.util.HashMap.putVal(ILjava/lang/Object;Ljava/lang/Object;ZZ)Ljava/lang/Object; @ 203
Event: 2.185 Thread 0x00000000025d0800 Uncommon trap: reason=class_check action=maybe_recompile pc=0x0000000002aecb54 method=java.util.HashMap.putVal(ILjava/lang/Object;Ljava/lang/Object;ZZ)Ljava/lang/Object; @ 203
Event: 2.993 Thread 0x0000000016707000 Uncommon trap: reason=class_check action=maybe_recompile pc=0x0000000002cf5ec4 method=com.android.dx.cf.code.BytecodeArray.parseInstruction(ILcom/android/dx/cf/code/BytecodeArray$Visitor;)I @ 1051
Event: 3.008 Thread 0x0000000016707000 Uncommon trap: reason=class_check action=maybe_recompile pc=0x0000000002cf5ec4 method=com.android.dx.cf.code.BytecodeArray.parseInstruction(ILcom/android/dx/cf/code/BytecodeArray$Visitor;)I @ 1051
Event: 3.008 Thread 0x0000000016707000 Uncommon trap: reason=class_check action=maybe_recompile pc=0x0000000002cf5ec4 method=com.android.dx.cf.code.BytecodeArray.parseInstruction(ILcom/android/dx/cf/code/BytecodeArray$Visitor;)I @ 1051
Event: 3.008 Thread 0x0000000016707000 Uncommon trap: reason=class_check action=maybe_recompile pc=0x0000000002cf5ec4 method=com.android.dx.cf.code.BytecodeArray.parseInstruction(ILcom/android/dx/cf/code/BytecodeArray$Visitor;)I @ 1051

Internal exceptions (3 events):
Event: 0.150 Thread 0x00000000025d0800 Exception <a 'java/lang/NoSuchMethodError': Method sun.misc.Unsafe.defineClass(Ljava/lang/String;[BII)Ljava/lang/Class; name or signature does not match> (0x00000000eab12e88) thrown at [D:\re\puppet\workspace\8-2-build-windows-amd64-cygwin\jdk8u73\6086\hotπ∂Ωé~/√?
Event: 0.150 Thread 0x00000000025d0800 Exception <a 'java/lang/NoSuchMethodError': Method sun.misc.Unsafe.prefetchRead(Ljava/lang/Object;J)V name or signature does not match> (0x00000000eab13170) thrown at [D:\re\puppet\workspace\8-2-build-windows-amd64-cygwin\jdk8u73\6086\hotspot\src\share\vm\Ëùú˚–
Event: 2.102 Thread 0x00000000166d0800 Implicit null exception at 0x0000000002970a56 to 0x0000000002971629

Events (10 events):
Event: 3.008 Thread 0x0000000016707000 DEOPT PACKING pc=0x0000000002cf5ec4 sp=0x0000000016cfe940
Event: 3.008 Thread 0x0000000016707000 DEOPT UNPACKING pc=0x000000000271582a sp=0x0000000016cfe8d0 mode 2
Event: 3.008 Thread 0x0000000016707000 Uncommon trap: trap_request=0xffffffde fr.pc=0x0000000002cf5ec4
Event: 3.008 Thread 0x0000000016707000 DEOPT PACKING pc=0x0000000002cf5ec4 sp=0x0000000016cfe940
Event: 3.008 Thread 0x0000000016707000 DEOPT UNPACKING pc=0x000000000271582a sp=0x0000000016cfe8d0 mode 2
Event: 3.008 Thread 0x0000000016707000 Uncommon trap: trap_request=0xffffffde fr.pc=0x0000000002cf5ec4
Event: 3.008 Thread 0x0000000016707000 DEOPT PACKING pc=0x0000000002cf5ec4 sp=0x0000000016cfe940
Event: 3.008 Thread 0x0000000016707000 DEOPT UNPACKING pc=0x000000000271582a sp=0x0000000016cfe8d0 mode 2
Event: 3.036 Executing VM operation: ParallelGCFailedAllocation
Event: 3.163 Executing VM operation: ParallelGCFailedAllocation done


Dynamic libraries:
0x00007ff6dbe30000 - 0x00007ff6dbe67000 	X:\Program Files\Java\jdk1.8.0_73\bin\java.exe
0x00007ff876650000 - 0x00007ff876811000 	X:\Windows\SYSTEM32\ntdll.dll
0x00007ff8762a0000 - 0x00007ff87634d000 	X:\Windows\system32\KERNEL32.DLL
0x00007ff873400000 - 0x00007ff8735e8000 	X:\Windows\system32\KERNELBASE.dll
0x00007ff875900000 - 0x00007ff8759a7000 	X:\Windows\system32\ADVAPI32.dll
0x00007ff875860000 - 0x00007ff8758fd000 	X:\Windows\system32\msvcrt.dll
0x00007ff876020000 - 0x00007ff87607b000 	X:\Windows\system32\sechost.dll
0x00007ff874050000 - 0x00007ff87416c000 	X:\Windows\system32\RPCRT4.dll
0x00007ff873ee0000 - 0x00007ff874036000 	X:\Windows\system32\USER32.dll
0x00007ff8756d0000 - 0x00007ff875856000 	X:\Windows\system32\GDI32.dll
0x00007ff86b170000 - 0x00007ff86b3e4000 	X:\Windows\WinSxS\amd64_microsoft.windows.common-controls_6595b64144ccf1df_6.0.10586.0_none_8c15ae12515e1c22\COMCTL32.dll
0x00007ff875d20000 - 0x00007ff875f9d000 	X:\Windows\system32\combase.dll
0x00007ff873740000 - 0x00007ff8737aa000 	X:\Windows\system32\bcryptPrimitives.dll
0x00007ff873a50000 - 0x00007ff873a8b000 	X:\Windows\system32\IMM32.DLL
0x0000000053340000 - 0x0000000053412000 	X:\Program Files\Java\jdk1.8.0_73\jre\bin\msvcr100.dll
0x00000000538d0000 - 0x0000000054160000 	X:\Program Files\Java\jdk1.8.0_73\jre\bin\server\jvm.dll
0x00007ff874040000 - 0x00007ff874048000 	X:\Windows\system32\PSAPI.DLL
0x00007ff86f250000 - 0x00007ff86f25a000 	X:\Windows\SYSTEM32\VERSION.dll
0x00007ff86b4c0000 - 0x00007ff86b4c9000 	X:\Windows\SYSTEM32\WSOCK32.dll
0x00007ff875fa0000 - 0x00007ff87600b000 	X:\Windows\system32\WS2_32.dll
0x00007ff870f20000 - 0x00007ff870f43000 	X:\Windows\SYSTEM32\WINMM.dll
0x00007ff870dd0000 - 0x00007ff870dfc000 	X:\Windows\SYSTEM32\WINMMBASE.dll
0x00007ff872d60000 - 0x00007ff872da3000 	X:\Windows\system32\cfgmgr32.dll
0x00000000537e0000 - 0x00000000537ef000 	X:\Program Files\Java\jdk1.8.0_73\jre\bin\verify.dll
0x00000000537b0000 - 0x00000000537d9000 	X:\Program Files\Java\jdk1.8.0_73\jre\bin\java.dll
0x0000000053790000 - 0x00000000537a6000 	X:\Program Files\Java\jdk1.8.0_73\jre\bin\zip.dll
0x00007ff874170000 - 0x00007ff8756cc000 	X:\Windows\system32\SHELL32.dll
0x00007ff872db0000 - 0x00007ff8733f5000 	X:\Windows\system32\windows.storage.dll
0x00007ff876240000 - 0x00007ff876292000 	X:\Windows\system32\shlwapi.dll
0x00007ff872ce0000 - 0x00007ff872cef000 	X:\Windows\system32\kernel.appcore.dll
0x00007ff873680000 - 0x00007ff873735000 	X:\Windows\system32\shcore.dll
0x00007ff872c90000 - 0x00007ff872cdb000 	X:\Windows\system32\powrprof.dll
0x00007ff872c70000 - 0x00007ff872c84000 	X:\Windows\system32\profapi.dll

VM Arguments:
jvm_args: -Djava.awt.headless=true -Xmx1024M -Dfile.encoding=GBK -Duser.country=CN -Duser.language=zh -Duser.variant 
java_command: com.android.dx.command.Main --dex --num-threads=4 --output E:\Android\CalorieCounter\app\build\intermediates\pre-dexed\debug\com.android.support-design-23.2.1_2a94e4507ec2bfa02df0223d8ec37cf5629c4adb.jar E:\Android\CalorieCounter\app\build\intermediates\exploded-aar\com.android.support\design\23.2.1\jars\classes.jar
java_class_path (initial): E:\QMDownload\SDK\build-tools\23.0.3\lib\dx.jar
Launcher Type: SUN_STANDARD

Environment Variables:
PATH=X:\ProgramData\Oracle\Java\javapath;X:\Windows\system32;X:\Windows;X:\Windows\System32\Wbem;X:\Windows\System32\WindowsPowerShell\v1.0\;X:\Program Files (x86)\ATI Technologies\ATI.ACE\Core-Static;D:\Program Files\MATLAB\R2013a\runtime\win64;D:\Program Files\MATLAB\R2013a\bin;X:\Program Files\Java\jdk1.8.0_73\bin;D:\Python27;X:\Program Files (x86)\MySQL\MySQL Fabric 1.5 & MySQL Utilities 1.5\;X:\Program Files (x86)\MySQL\MySQL Fabric 1.5 & MySQL Utilities 1.5\Doctrine extensions for PHP\
USERNAME=Õı…≠
OS=Windows_NT
PROCESSOR_IDENTIFIER=Intel64 Family 6 Model 60 Stepping 3, GenuineIntel



---------------  S Y S T E M  ---------------

OS: Windows 10.0 , 64 bit Build 10586 (10.0.10586.0)

CPU:total 4 (4 cores per cpu, 1 threads per core) family 6 model 60 stepping 3, cmov, cx8, fxsr, mmx, sse, sse2, sse3, ssse3, sse4.1, sse4.2, popcnt, avx, avx2, aes, clmul, erms, lzcnt, tsc, tscinvbit, bmi1, bmi2

Memory: 4k page, physical 8315044k(1794036k free), swap 8315044k(8412k free)

vm_info: Java HotSpot(TM) 64-Bit Server VM (25.73-b02) for windows-amd64 JRE (1.8.0_73-b02), built on Jan 29 2016 17:38:49 by "java_re" with MS VC++ 10.0 (VS2010)

time: Sat Apr 16 13:28:57 2016
elapsed time: 3 seconds (0d 0h 0m 3s)

