#
# There is insufficient memory for the Java Runtime Environment to continue.
# Native memory allocation (malloc) failed to allocate 716016 bytes for Chunk::new
# Possible reasons:
#   The system is out of physical RAM or swap space
#   In 32 bit mode, the process size limit was hit
# Possible solutions:
#   Reduce memory load on the system
#   Increase physical memory or swap space
#   Check if swap backing store is full
#   Use 64 bit Java on a 64 bit OS
#   Decrease Java heap size (-Xmx/-Xms)
#   Decrease number of Java threads
#   Decrease Java thread stack sizes (-Xss)
#   Set larger code cache with -XX:ReservedCodeCacheSize=
# This output file may be truncated or incomplete.
#
#  Out of Memory Error (allocation.cpp:390), pid=2116, tid=12336
#
# JRE version: Java(TM) SE Runtime Environment (8.0_73-b02) (build 1.8.0_73-b02)
# Java VM: Java HotSpot(TM) 64-Bit Server VM (25.73-b02 mixed mode windows-amd64 compressed oops)
# Failed to write core dump. Minidumps are not enabled by default on client versions of Windows
#

---------------  T H R E A D  ---------------

Current thread (0x00000000171dc000):  JavaThread "C2 CompilerThread1" daemon [_thread_in_native, id=12336, stack(0x0000000018bf0000,0x0000000018cf0000)]

Stack: [0x0000000018bf0000,0x0000000018cf0000]
[error occurred during error reporting (printing stack bounds), id 0xc0000005]

Native frames: (J=compiled Java code, j=interpreted, Vv=VM code, C=native code)


Current CompileTask:
C2:   2001 1009   !   4       com.android.dx.cf.code.BytecodeArray::parseInstruction (2764 bytes)


---------------  P R O C E S S  ---------------

Java Threads: ( => current thread )
  0x0000000018995800 JavaThread "pool-2-thread-4" [_thread_in_Java, id=11372, stack(0x00000000193f0000,0x00000000194f0000)]
  0x0000000018990800 JavaThread "pool-2-thread-3" [_thread_blocked, id=13036, stack(0x00000000192f0000,0x00000000193f0000)]
  0x000000001896c000 JavaThread "pool-3-thread-1" [_thread_blocked, id=9648, stack(0x00000000190f0000,0x00000000191f0000)]
  0x000000001896b000 JavaThread "pool-2-thread-1" [_thread_blocked, id=9856, stack(0x0000000018ff0000,0x00000000190f0000)]
  0x0000000018850000 JavaThread "Service Thread" daemon [_thread_blocked, id=5200, stack(0x0000000018df0000,0x0000000018ef0000)]
  0x0000000018846800 JavaThread "C1 CompilerThread2" daemon [_thread_blocked, id=8412, stack(0x0000000018cf0000,0x0000000018df0000)]
=>0x00000000171dc000 JavaThread "C2 CompilerThread1" daemon [_thread_in_native, id=12336, stack(0x0000000018bf0000,0x0000000018cf0000)]
  0x00000000171d9000 JavaThread "C2 CompilerThread0" daemon [_thread_blocked, id=13980, stack(0x00000000186f0000,0x00000000187f0000)]
  0x00000000171d6800 JavaThread "Attach Listener" daemon [_thread_blocked, id=9932, stack(0x00000000185f0000,0x00000000186f0000)]
  0x000000001718c800 JavaThread "Signal Dispatcher" daemon [_thread_blocked, id=8360, stack(0x00000000184f0000,0x00000000185f0000)]
  0x0000000002550800 JavaThread "Finalizer" daemon [_thread_in_Java, id=9208, stack(0x00000000183f0000,0x00000000184f0000)]
  0x000000000254d000 JavaThread "Reference Handler" daemon [_thread_blocked, id=6624, stack(0x00000000182f0000,0x00000000183f0000)]
  0x0000000002460800 JavaThread "main" [_thread_blocked, id=2332, stack(0x0000000002360000,0x0000000002460000)]

Other Threads:
  0x0000000017148000 VMThread [stack: 0x00000000181f0000,0x00000000182f0000] [id=11328]
  0x000000001886b800 WatcherThread [stack: 0x0000000018ef0000,0x0000000018ff0000] [id=10472]

VM state:not at safepoint (normal execution)

VM Mutex/Monitor currently owned by a thread: None

Heap:
 PSYoungGen      total 38400K, used 10387K [0x00000000d5580000, 0x00000000d8000000, 0x0000000100000000)
  eden space 33280K, 15% used [0x00000000d5580000,0x00000000d5aaaf40,0x00000000d7600000)
  from space 5120K, 99% used [0x00000000d7600000,0x00000000d7afa048,0x00000000d7b00000)
  to   space 5120K, 0% used [0x00000000d7b00000,0x00000000d7b00000,0x00000000d8000000)
 ParOldGen       total 87552K, used 1950K [0x0000000080000000, 0x0000000085580000, 0x00000000d5580000)
  object space 87552K, 2% used [0x0000000080000000,0x00000000801e7b48,0x0000000085580000)
 Metaspace       used 5945K, capacity 6840K, committed 7040K, reserved 1056768K
  class space    used 602K, capacity 624K, committed 640K, reserved 1048576K

Card table byte_map: [0x0000000011920000,0x0000000011d30000] byte_map_base: 0x0000000011520000

Marking Bits: (ParMarkBitMap*) 0x0000000075d70600
 Begin Bits: [0x00000000123e0000, 0x00000000143e0000)
 End Bits:   [0x00000000143e0000, 0x00000000163e0000)

Polling page: 0x00000000001f0000

CodeCache: size=245760Kb used=4035Kb max_used=4047Kb free=241724Kb
 bounds [0x0000000002560000, 0x0000000002960000, 0x0000000011560000]
 total_blobs=1318 nmethods=1048 adapters=183
 compilation: enabled

Compilation events (10 events):
Event: 1.933 Thread 0x00000000171d9000 1050       4       com.android.dx.ssa.SsaMethod$1::visitNonMoveInsn (26 bytes)
Event: 1.934 Thread 0x00000000171d9000 nmethod 1050 0x00000000029483d0 code [0x0000000002948520, 0x0000000002948618]
Event: 1.934 Thread 0x00000000171d9000 1013       4       com.android.dx.ssa.Dominators::eval (29 bytes)
Event: 1.958 Thread 0x00000000171d9000 nmethod 1013 0x0000000002956910 code [0x0000000002956b00, 0x0000000002957a48]
Event: 1.958 Thread 0x00000000171d9000 1043       4       com.android.dx.util.BitIntSet$1::hasNext (13 bytes)
Event: 1.959 Thread 0x00000000171d9000 nmethod 1043 0x0000000002948190 code [0x00000000029482c0, 0x0000000002948338]
Event: 1.959 Thread 0x00000000171d9000 1029       4       com.android.dx.util.FixedSizeList::hashCode (8 bytes)
Event: 1.962 Thread 0x00000000171d9000 nmethod 1029 0x0000000002950cd0 code [0x0000000002950e20, 0x0000000002951078]
Event: 1.962 Thread 0x00000000171d9000  979       4       com.android.dx.rop.code.Rop::isCommutative (60 bytes)
Event: 1.963 Thread 0x00000000171d9000 nmethod 979 0x0000000002950a90 code [0x0000000002950bc0, 0x0000000002950c58]

GC Heap History (2 events):
Event: 1.858 GC heap before
{Heap before GC invocations=1 (full 0):
 PSYoungGen      total 38400K, used 33280K [0x00000000d5580000, 0x00000000d8000000, 0x0000000100000000)
  eden space 33280K, 100% used [0x00000000d5580000,0x00000000d7600000,0x00000000d7600000)
  from space 5120K, 0% used [0x00000000d7b00000,0x00000000d7b00000,0x00000000d8000000)
  to   space 5120K, 0% used [0x00000000d7600000,0x00000000d7600000,0x00000000d7b00000)
 ParOldGen       total 87552K, used 0K [0x0000000080000000, 0x0000000085580000, 0x00000000d5580000)
  object space 87552K, 0% used [0x0000000080000000,0x0000000080000000,0x0000000085580000)
 Metaspace       used 5897K, capacity 6840K, committed 7040K, reserved 1056768K
  class space    used 602K, capacity 624K, committed 640K, reserved 1048576K
Event: 1.865 GC heap after
Heap after GC invocations=1 (full 0):
 PSYoungGen      total 38400K, used 5096K [0x00000000d5580000, 0x00000000d8000000, 0x0000000100000000)
  eden space 33280K, 0% used [0x00000000d5580000,0x00000000d5580000,0x00000000d7600000)
  from space 5120K, 99% used [0x00000000d7600000,0x00000000d7afa048,0x00000000d7b00000)
  to   space 5120K, 0% used [0x00000000d7b00000,0x00000000d7b00000,0x00000000d8000000)
 ParOldGen       total 87552K, used 1950K [0x0000000080000000, 0x0000000085580000, 0x00000000d5580000)
  object space 87552K, 2% used [0x0000000080000000,0x00000000801e7b48,0x0000000085580000)
 Metaspace       used 5897K, capacity 6840K, committed 7040K, reserved 1056768K
  class space    used 602K, capacity 624K, committed 640K, reserved 1048576K
}

Deoptimization events (6 events):
Event: 1.805 Thread 0x0000000002460800 Uncommon trap: reason=class_check action=maybe_recompile pc=0x0000000002774480 method=com.android.dx.ssa.NormalSsaInsn.accept(Lcom/android/dx/ssa/SsaInsn$Visitor;)V @ 9
Event: 1.805 Thread 0x0000000002460800 Uncommon trap: reason=class_check action=maybe_recompile pc=0x0000000002778dcc method=com.android.dx.ssa.NormalSsaInsn.accept(Lcom/android/dx/ssa/SsaInsn$Visitor;)V @ 9
Event: 1.805 Thread 0x0000000002460800 Uncommon trap: reason=class_check action=maybe_recompile pc=0x0000000002778dcc method=com.android.dx.ssa.NormalSsaInsn.accept(Lcom/android/dx/ssa/SsaInsn$Visitor;)V @ 9
Event: 1.805 Thread 0x0000000002460800 Uncommon trap: reason=class_check action=maybe_recompile pc=0x0000000002778dcc method=com.android.dx.ssa.NormalSsaInsn.accept(Lcom/android/dx/ssa/SsaInsn$Visitor;)V @ 9
Event: 1.820 Thread 0x0000000002460800 Uncommon trap: reason=class_check action=maybe_recompile pc=0x0000000002774480 method=com.android.dx.ssa.NormalSsaInsn.accept(Lcom/android/dx/ssa/SsaInsn$Visitor;)V @ 9
Event: 1.872 Thread 0x000000001898f800 Uncommon trap: reason=unstable_if action=reinterpret pc=0x000000000284ec00 method=com.android.dx.rop.code.RegisterSpecSet.<init>(I)V @ 2

Internal exceptions (2 events):
Event: 1.083 Thread 0x0000000002460800 Exception <a 'java/lang/NoSuchMethodError': Method sun.misc.Unsafe.defineClass(Ljava/lang/String;[BII)Ljava/lang/Class; name or signature does not match> (0x00000000d5593090) thrown at [D:\re\puppet\workspace\8-2-build-windows-amd64-cygwin\jdk8u73\6086\hot«©¡TÒ?
Event: 1.083 Thread 0x0000000002460800 Exception <a 'java/lang/NoSuchMethodError': Method sun.misc.Unsafe.prefetchRead(Ljava/lang/Object;J)V name or signature does not match> (0x00000000d5593378) thrown at [D:\re\puppet\workspace\8-2-build-windows-amd64-cygwin\jdk8u73\6086\hotspot\src\share\vm\

Events (10 events):
Event: 1.826 loading class java/util/HashMap$KeySet
Event: 1.826 loading class java/util/HashMap$KeySet done
Event: 1.826 loading class java/util/HashMap$KeyIterator
Event: 1.826 loading class java/util/HashMap$KeyIterator done
Event: 1.856 Executing VM operation: ParallelGCFailedAllocation
Event: 1.865 Executing VM operation: ParallelGCFailedAllocation done
Event: 1.872 Thread 0x000000001898f800 Uncommon trap: trap_request=0xffffff65 fr.pc=0x000000000284ec00
Event: 1.872 Thread 0x000000001898f800 DEOPT PACKING pc=0x000000000284ec00 sp=0x00000000192ee810
Event: 1.872 Thread 0x000000001898f800 DEOPT UNPACKING pc=0x00000000025a582a sp=0x00000000192ee740 mode 2
Event: 1.872 Thread 0x000000001898f800 Thread exited: 0x000000001898f800


Dynamic libraries:
0x00007ff7c4c80000 - 0x00007ff7c4cb7000 	X:\Program Files\Java\jdk1.8.0_73\bin\java.exe
0x00007ffb03230000 - 0x00007ffb033f1000 	X:\Windows\SYSTEM32\ntdll.dll
0x00007ffb02fd0000 - 0x00007ffb0307d000 	X:\Windows\system32\KERNEL32.DLL
0x00007ffb00440000 - 0x00007ffb00628000 	X:\Windows\system32\KERNELBASE.dll
0x00007ffb02360000 - 0x00007ffb02407000 	X:\Windows\system32\ADVAPI32.dll
0x00007ffb01e90000 - 0x00007ffb01f2d000 	X:\Windows\system32\msvcrt.dll
0x00007ffb02570000 - 0x00007ffb025cb000 	X:\Windows\system32\sechost.dll
0x00007ffb02c10000 - 0x00007ffb02d2c000 	X:\Windows\system32\RPCRT4.dll
0x00007ffb02410000 - 0x00007ffb02566000 	X:\Windows\system32\USER32.dll
0x00007ffb02d30000 - 0x00007ffb02eb6000 	X:\Windows\system32\GDI32.dll
0x00007ffaf8a90000 - 0x00007ffaf8d04000 	X:\Windows\WinSxS\amd64_microsoft.windows.common-controls_6595b64144ccf1df_6.0.10586.0_none_8c15ae12515e1c22\COMCTL32.dll
0x00007ffb02880000 - 0x00007ffb02afd000 	X:\Windows\system32\combase.dll
0x00007ffb003d0000 - 0x00007ffb0043a000 	X:\Windows\system32\bcryptPrimitives.dll
0x00007ffb02f90000 - 0x00007ffb02fcb000 	X:\Windows\system32\IMM32.DLL
0x0000000074ee0000 - 0x0000000074fb2000 	X:\Program Files\Java\jdk1.8.0_73\jre\bin\msvcr100.dll
0x0000000075560000 - 0x0000000075df0000 	X:\Program Files\Java\jdk1.8.0_73\jre\bin\server\jvm.dll
0x00007ffb02870000 - 0x00007ffb02878000 	X:\Windows\system32\PSAPI.DLL
0x00007ffaf29f0000 - 0x00007ffaf29f9000 	X:\Windows\SYSTEM32\WSOCK32.dll
0x00007ffb03160000 - 0x00007ffb031cb000 	X:\Windows\system32\WS2_32.dll
0x00007ffafd8e0000 - 0x00007ffafd903000 	X:\Windows\SYSTEM32\WINMM.dll
0x00007ffafb880000 - 0x00007ffafb88a000 	X:\Windows\SYSTEM32\VERSION.dll
0x00007ffafd8b0000 - 0x00007ffafd8dc000 	X:\Windows\SYSTEM32\WINMMBASE.dll
0x00007ffaffd30000 - 0x00007ffaffd73000 	X:\Windows\system32\cfgmgr32.dll
0x0000000076610000 - 0x000000007661f000 	X:\Program Files\Java\jdk1.8.0_73\jre\bin\verify.dll
0x00000000765e0000 - 0x0000000076609000 	X:\Program Files\Java\jdk1.8.0_73\jre\bin\java.dll
0x00000000765c0000 - 0x00000000765d6000 	X:\Program Files\Java\jdk1.8.0_73\jre\bin\zip.dll
0x00007ffb00930000 - 0x00007ffb01e8c000 	X:\Windows\system32\SHELL32.dll
0x00007ffaffd80000 - 0x00007ffb003c5000 	X:\Windows\system32\windows.storage.dll
0x00007ffb030e0000 - 0x00007ffb03132000 	X:\Windows\system32\shlwapi.dll
0x00007ffaff8c0000 - 0x00007ffaff8cf000 	X:\Windows\system32\kernel.appcore.dll
0x00007ffaffb10000 - 0x00007ffaffbc5000 	X:\Windows\system32\shcore.dll
0x00007ffaff870000 - 0x00007ffaff8bb000 	X:\Windows\system32\powrprof.dll
0x00007ffaff850000 - 0x00007ffaff864000 	X:\Windows\system32\profapi.dll

VM Arguments:
jvm_args: -Djava.awt.headless=true -Xmx2g -Dfile.encoding=GBK -Duser.country=CN -Duser.language=zh -Duser.variant 
java_command: com.android.dx.command.Main --dex --num-threads=4 --multi-dex --output E:\Android\CalorieCounter\app\build\intermediates\transforms\dex\debug\folders\1000\2\baidumapapi_util_v3_7_3_b4f06357b78616604cc0dadad24a0add18a3bee0 E:\Android\CalorieCounter\app\libs\baidumapapi_util_v3_7_3.jar
java_class_path (initial): E:\QMDownload\SDK\build-tools\23.0.3\lib\dx.jar
Launcher Type: SUN_STANDARD

Environment Variables:
PATH=X:\ProgramData\Oracle\Java\javapath;X:\Windows\system32;X:\Windows;X:\Windows\System32\Wbem;X:\Windows\System32\WindowsPowerShell\v1.0\;X:\Program Files (x86)\ATI Technologies\ATI.ACE\Core-Static;D:\Program Files\MATLAB\R2013a\runtime\win64;D:\Program Files\MATLAB\R2013a\bin;X:\Program Files\Java\jdk1.8.0_73\bin;D:\Python27;X:\Program Files (x86)\MySQL\MySQL Fabric 1.5 & MySQL Utilities 1.5\;X:\Program Files (x86)\MySQL\MySQL Fabric 1.5 & MySQL Utilities 1.5\Doctrine extensions for PHP\;E:\QMDownload\SDK\platform-tools
USERNAME=Õı…≠
OS=Windows_NT
PROCESSOR_IDENTIFIER=Intel64 Family 6 Model 60 Stepping 3, GenuineIntel



---------------  S Y S T E M  ---------------

OS: Windows 10.0 , 64 bit Build 10586 (10.0.10586.0)

CPU:total 4 (4 cores per cpu, 1 threads per core) family 6 model 60 stepping 3, cmov, cx8, fxsr, mmx, sse, sse2, sse3, ssse3, sse4.1, sse4.2, popcnt, avx, avx2, aes, clmul, erms, lzcnt, tsc, tscinvbit, bmi1, bmi2

Memory: 4k page, physical 8315044k(1583788k free), swap 8315044k(5684k free)

vm_info: Java HotSpot(TM) 64-Bit Server VM (25.73-b02) for windows-amd64 JRE (1.8.0_73-b02), built on Jan 29 2016 17:38:49 by "java_re" with MS VC++ 10.0 (VS2010)

time: Wed Apr 27 22:20:45 2016
elapsed time: 2 seconds (0d 0h 0m 2s)

