#
# There is insufficient memory for the Java Runtime Environment to continue.
# Native memory allocation (malloc) failed to allocate 1048576 bytes for AllocateHeap
# Possible reasons:
#   The system is out of physical RAM or swap space
#   In 32 bit mode, the process size limit was hit
# Possible solutions:
#   Reduce memory load on the system
#   Increase physical memory or swap space
#   Check if swap backing store is full
#   Use 64 bit Java on a 64 bit OS
#   Decrease Java heap size (-Xmx/-Xms)
#   Decrease number of Java threads
#   Decrease Java thread stack sizes (-Xss)
#   Set larger code cache with -XX:ReservedCodeCacheSize=
# This output file may be truncated or incomplete.
#
#  Out of Memory Error (memory/allocation.inline.hpp:61), pid=14248, tid=6520
#
# JRE version:  (8.0_73-b02) (build )
# Java VM: Java HotSpot(TM) 64-Bit Server VM (25.73-b02 mixed mode windows-amd64 compressed oops)
# Failed to write core dump. Minidumps are not enabled by default on client versions of Windows
#

---------------  T H R E A D  ---------------

Current thread (0x0000000002540800):  JavaThread "Unknown thread" [_thread_in_vm, id=6520, stack(0x0000000002030000,0x0000000002130000)]

Stack: [0x0000000002030000,0x0000000002130000]
[error occurred during error reporting (printing stack bounds), id 0xc0000005]

Native frames: (J=compiled Java code, j=interpreted, Vv=VM code, C=native code)


---------------  P R O C E S S  ---------------

Java Threads: ( => current thread )

Other Threads:

=>0x0000000002540800 (exited) JavaThread "Unknown thread" [_thread_in_vm, id=6520, stack(0x0000000002030000,0x0000000002130000)]

VM state:not at safepoint (normal execution)

VM Mutex/Monitor currently owned by a thread: None

Heap:
 PSYoungGen      total 38400K, used 665K [0x00000000d5580000, 0x00000000d8000000, 0x0000000100000000)
  eden space 33280K, 2% used [0x00000000d5580000,0x00000000d5626670,0x00000000d7600000)
  from space 5120K, 0% used [0x00000000d7b00000,0x00000000d7b00000,0x00000000d8000000)
  to   space 5120K, 0% used [0x00000000d7600000,0x00000000d7600000,0x00000000d7b00000)
 ParOldGen       total 87552K, used 0K [0x0000000080000000, 0x0000000085580000, 0x00000000d5580000)
  object space 87552K, 0% used [0x0000000080000000,0x0000000080000000,0x0000000085580000)
 Metaspace       used 769K, capacity 4480K, committed 4480K, reserved 1056768K
  class space    used 75K, capacity 384K, committed 384K, reserved 1048576K

Card table byte_map: [0x0000000011a00000,0x0000000011e10000] byte_map_base: 0x0000000011600000

Marking Bits: (ParMarkBitMap*) 0x0000000052830600
 Begin Bits: [0x00000000124c0000, 0x00000000144c0000)
 End Bits:   [0x00000000144c0000, 0x00000000164c0000)

Polling page: 0x00000000005e0000

CodeCache: size=245760Kb used=328Kb max_used=328Kb free=245431Kb
 bounds [0x0000000002640000, 0x00000000028b0000, 0x0000000011640000]
 total_blobs=57 nmethods=0 adapters=37
 compilation: enabled

Compilation events (0 events):
No events

GC Heap History (0 events):
No events

Deoptimization events (0 events):
No events

Internal exceptions (0 events):
No events

Events (10 events):
Event: 0.021 loading class java/lang/Short
Event: 0.021 loading class java/lang/Short done
Event: 0.021 loading class java/lang/Integer
Event: 0.021 loading class java/lang/Integer done
Event: 0.021 loading class java/lang/Long
Event: 0.021 loading class java/lang/Long done
Event: 0.022 loading class java/lang/NullPointerException
Event: 0.022 loading class java/lang/NullPointerException done
Event: 0.022 loading class java/lang/ArithmeticException
Event: 0.022 loading class java/lang/ArithmeticException done


Dynamic libraries:
0x00007ff7c5d40000 - 0x00007ff7c5d77000 	X:\Program Files\Java\jdk1.8.0_73\bin\java.exe
0x00007ff88d900000 - 0x00007ff88dac1000 	X:\Windows\SYSTEM32\ntdll.dll
0x00007ff88caf0000 - 0x00007ff88cb9d000 	X:\Windows\system32\KERNEL32.DLL
0x00007ff88a210000 - 0x00007ff88a3f8000 	X:\Windows\system32\KERNELBASE.dll
0x00007ff88ca40000 - 0x00007ff88cae7000 	X:\Windows\system32\ADVAPI32.dll
0x00007ff88cef0000 - 0x00007ff88cf8d000 	X:\Windows\system32\msvcrt.dll
0x00007ff88aec0000 - 0x00007ff88af1b000 	X:\Windows\system32\sechost.dll
0x00007ff88cdd0000 - 0x00007ff88ceec000 	X:\Windows\system32\RPCRT4.dll
0x00007ff88cc70000 - 0x00007ff88cdc6000 	X:\Windows\system32\USER32.dll
0x00007ff88af20000 - 0x00007ff88b0a6000 	X:\Windows\system32\GDI32.dll
0x00007ff882350000 - 0x00007ff8825c4000 	X:\Windows\WinSxS\amd64_microsoft.windows.common-controls_6595b64144ccf1df_6.0.10586.0_none_8c15ae12515e1c22\COMCTL32.dll
0x00007ff88d680000 - 0x00007ff88d8fd000 	X:\Windows\system32\combase.dll
0x00007ff88a1a0000 - 0x00007ff88a20a000 	X:\Windows\system32\bcryptPrimitives.dll
0x00007ff88b0b0000 - 0x00007ff88b0eb000 	X:\Windows\system32\IMM32.DLL
0x0000000051850000 - 0x0000000051922000 	X:\Program Files\Java\jdk1.8.0_73\jre\bin\msvcr100.dll
0x0000000052020000 - 0x00000000528b0000 	X:\Program Files\Java\jdk1.8.0_73\jre\bin\server\jvm.dll
0x00007ff88ad60000 - 0x00007ff88ad68000 	X:\Windows\system32\PSAPI.DLL
0x00007ff885050000 - 0x00007ff885059000 	X:\Windows\SYSTEM32\WSOCK32.dll
0x00007ff888250000 - 0x00007ff888273000 	X:\Windows\SYSTEM32\WINMM.dll
0x00007ff88c970000 - 0x00007ff88c9db000 	X:\Windows\system32\WS2_32.dll
0x00007ff886b10000 - 0x00007ff886b1a000 	X:\Windows\SYSTEM32\VERSION.dll
0x00007ff8880a0000 - 0x00007ff8880cc000 	X:\Windows\SYSTEM32\winmmbase.dll
0x00007ff88a400000 - 0x00007ff88a443000 	X:\Windows\system32\cfgmgr32.dll
0x0000000052910000 - 0x000000005291f000 	X:\Program Files\Java\jdk1.8.0_73\jre\bin\verify.dll
0x00000000528e0000 - 0x0000000052909000 	X:\Program Files\Java\jdk1.8.0_73\jre\bin\java.dll
0x0000000051f20000 - 0x0000000051f36000 	X:\Program Files\Java\jdk1.8.0_73\jre\bin\zip.dll

VM Arguments:
jvm_args: -Djava.awt.headless=true -Xmx2g -Dfile.encoding=GBK -Duser.country=CN -Duser.language=zh -Duser.variant 
java_command: com.android.dx.command.Main --dex --num-threads=4 --multi-dex --output E:\Android\CalorieCounter\app\build\intermediates\transforms\dex\debug\folders\1000\10\com.android.support-support-vector-drawable-23.2.1_1a3f9e49dc1869e607465cca88919c38fde5a3fa E:\Android\CalorieCounter\app\build\intermediates\exploded-aar\com.android.support\support-vector-drawable\23.2.1\jars\classes.jar
java_class_path (initial): E:\QMDownload\SDK\build-tools\23.0.3\lib\dx.jar
Launcher Type: SUN_STANDARD

Environment Variables:
PATH=X:\ProgramData\Oracle\Java\javapath;X:\Windows\system32;X:\Windows;X:\Windows\System32\Wbem;X:\Windows\System32\WindowsPowerShell\v1.0\;X:\Program Files (x86)\ATI Technologies\ATI.ACE\Core-Static;D:\Program Files\MATLAB\R2013a\runtime\win64;D:\Program Files\MATLAB\R2013a\bin;X:\Program Files\Java\jdk1.8.0_73\bin;D:\Python27;X:\Program Files (x86)\MySQL\MySQL Fabric 1.5 & MySQL Utilities 1.5\;X:\Program Files (x86)\MySQL\MySQL Fabric 1.5 & MySQL Utilities 1.5\Doctrine extensions for PHP\;E:\QMDownload\SDK\platform-tools
USERNAME=Õı…≠
OS=Windows_NT
PROCESSOR_IDENTIFIER=Intel64 Family 6 Model 60 Stepping 3, GenuineIntel



---------------  S Y S T E M  ---------------

OS: Windows 10.0 , 64 bit Build 10586 (10.0.10586.0)

CPU:total 4 (4 cores per cpu, 1 threads per core) family 6 model 60 stepping 3, cmov, cx8, fxsr, mmx, sse, sse2, sse3, ssse3, sse4.1, sse4.2, popcnt, avx, avx2, aes, clmul, erms, lzcnt, tsc, tscinvbit, bmi1, bmi2

Memory: 4k page, physical 8315044k(1175460k free), swap 8315044k(4912k free)

vm_info: Java HotSpot(TM) 64-Bit Server VM (25.73-b02) for windows-amd64 JRE (1.8.0_73-b02), built on Jan 29 2016 17:38:49 by "java_re" with MS VC++ 10.0 (VS2010)

time: Sun Apr 24 14:38:05 2016
elapsed time: 0 seconds (0d 0h 0m 0s)

