#
# There is insufficient memory for the Java Runtime Environment to continue.
# Native memory allocation (malloc) failed to allocate 32744 bytes for ChunkPool::allocate
# Possible reasons:
#   The system is out of physical RAM or swap space
#   In 32 bit mode, the process size limit was hit
# Possible solutions:
#   Reduce memory load on the system
#   Increase physical memory or swap space
#   Check if swap backing store is full
#   Use 64 bit Java on a 64 bit OS
#   Decrease Java heap size (-Xmx/-Xms)
#   Decrease number of Java threads
#   Decrease Java thread stack sizes (-Xss)
#   Set larger code cache with -XX:ReservedCodeCacheSize=
# This output file may be truncated or incomplete.
#
#  Out of Memory Error (allocation.cpp:273), pid=14236, tid=964
#
# JRE version: Java(TM) SE Runtime Environment (8.0_73-b02) (build 1.8.0_73-b02)
# Java VM: Java HotSpot(TM) 64-Bit Server VM (25.73-b02 mixed mode windows-amd64 compressed oops)
# Failed to write core dump. Minidumps are not enabled by default on client versions of Windows
#

---------------  T H R E A D  ---------------

Current thread (0x000000001719d000):  JavaThread "C2 CompilerThread1" daemon [_thread_in_native, id=964, stack(0x0000000018bf0000,0x0000000018cf0000)]

Stack: [0x0000000018bf0000,0x0000000018cf0000]
[error occurred during error reporting (printing stack bounds), id 0xc0000005]

Native frames: (J=compiled Java code, j=interpreted, Vv=VM code, C=native code)


Current CompileTask:
C2:   1607 1584       4       com.android.dx.ssa.SsaRenamer$BlockRenamer::process (191 bytes)


---------------  P R O C E S S  ---------------

Java Threads: ( => current thread )
  0x0000000018a50800 JavaThread "pool-2-thread-4" [_thread_in_Java, id=2732, stack(0x00000000193f0000,0x00000000194f0000)]
  0x0000000018a4f800 JavaThread "pool-2-thread-3" [_thread_in_Java, id=8536, stack(0x00000000192f0000,0x00000000193f0000)]
  0x0000000018a4f000 JavaThread "pool-2-thread-2" [_thread_in_Java, id=1016, stack(0x00000000191f0000,0x00000000192f0000)]
  0x0000000018a4e000 JavaThread "pool-3-thread-1" [_thread_blocked, id=6996, stack(0x00000000190f0000,0x00000000191f0000)]
  0x0000000018a4d800 JavaThread "pool-2-thread-1" [_thread_in_Java, id=11396, stack(0x0000000018ff0000,0x00000000190f0000)]
  0x0000000018888800 JavaThread "Service Thread" daemon [_thread_blocked, id=7228, stack(0x0000000018df0000,0x0000000018ef0000)]
  0x0000000018818000 JavaThread "C1 CompilerThread2" daemon [_thread_blocked, id=4212, stack(0x0000000018cf0000,0x0000000018df0000)]
=>0x000000001719d000 JavaThread "C2 CompilerThread1" daemon [_thread_in_native, id=964, stack(0x0000000018bf0000,0x0000000018cf0000)]
  0x000000001719a000 JavaThread "C2 CompilerThread0" daemon [_thread_in_native, id=11744, stack(0x00000000186f0000,0x00000000187f0000)]
  0x000000001714e000 JavaThread "Attach Listener" daemon [_thread_blocked, id=728, stack(0x00000000185f0000,0x00000000186f0000)]
  0x0000000017137000 JavaThread "Signal Dispatcher" daemon [_thread_blocked, id=3872, stack(0x00000000184f0000,0x00000000185f0000)]
  0x0000000002510800 JavaThread "Finalizer" daemon [_thread_blocked, id=5372, stack(0x0000000018390000,0x0000000018490000)]
  0x000000000250d000 JavaThread "Reference Handler" daemon [_thread_blocked, id=10412, stack(0x0000000018290000,0x0000000018390000)]
  0x0000000002420800 JavaThread "main" [_thread_in_Java, id=12792, stack(0x0000000001e50000,0x0000000001f50000)]

Other Threads:
  0x0000000017108000 VMThread [stack: 0x0000000018190000,0x0000000018290000] [id=2016]
  0x000000001889a800 WatcherThread [stack: 0x0000000018ef0000,0x0000000018ff0000] [id=8]

VM state:not at safepoint (normal execution)

VM Mutex/Monitor currently owned by a thread: None

Heap:
 PSYoungGen      total 38400K, used 34095K [0x00000000d5580000, 0x00000000da080000, 0x0000000100000000)
  eden space 33280K, 87% used [0x00000000d5580000,0x00000000d72048d0,0x00000000d7600000)
  from space 5120K, 99% used [0x00000000d7b00000,0x00000000d7ffc870,0x00000000d8000000)
  to   space 5120K, 0% used [0x00000000d7600000,0x00000000d7600000,0x00000000d7b00000)
 ParOldGen       total 87552K, used 15687K [0x0000000080000000, 0x0000000085580000, 0x00000000d5580000)
  object space 87552K, 17% used [0x0000000080000000,0x0000000080f51f58,0x0000000085580000)
 Metaspace       used 6346K, capacity 7158K, committed 7296K, reserved 1056768K
  class space    used 607K, capacity 622K, committed 640K, reserved 1048576K

Card table byte_map: [0x00000000118e0000,0x0000000011cf0000] byte_map_base: 0x00000000114e0000

Marking Bits: (ParMarkBitMap*) 0x0000000075d70600
 Begin Bits: [0x00000000123a0000, 0x00000000143a0000)
 End Bits:   [0x00000000143a0000, 0x00000000163a0000)

Polling page: 0x00000000001f0000

CodeCache: size=245760Kb used=6523Kb max_used=6523Kb free=239236Kb
 bounds [0x0000000002520000, 0x0000000002b90000, 0x0000000011520000]
 total_blobs=1960 nmethods=1688 adapters=184
 compilation: enabled

Compilation events (10 events):
Event: 1.586 Thread 0x0000000018818000 1715 %     3       com.android.dx.ssa.SCCP::simulateBranch @ 615 (666 bytes)
Event: 1.588 Thread 0x0000000018818000 nmethod 1715% 0x0000000002b74fd0 code [0x0000000002b75480, 0x0000000002b790d8]
Event: 1.590 Thread 0x0000000018818000 1717 %     3       com.android.dx.rop.type.Prototype::makeParameterArray @ 32 (131 bytes)
Event: 1.591 Thread 0x0000000018818000 nmethod 1717% 0x0000000002b7add0 code [0x0000000002b7b000, 0x0000000002b7bc38]
Event: 1.597 Thread 0x0000000018818000 1718       3       com.android.dx.ssa.SCCP::simulateBranch (666 bytes)
Event: 1.599 Thread 0x0000000018818000 nmethod 1718 0x0000000002b7c1d0 code [0x0000000002b7c680, 0x0000000002b80258]
Event: 1.600 Thread 0x0000000018818000 1719       2       com.android.dx.ssa.SsaMethod$1::visitMoveInsn (17 bytes)
Event: 1.600 Thread 0x0000000018818000 nmethod 1719 0x0000000002b81f50 code [0x0000000002b820c0, 0x0000000002b822d0]
Event: 1.604 Thread 0x0000000018818000 1721   !   2       java.util.zip.ZipFile::releaseInflater (41 bytes)
Event: 1.605 Thread 0x0000000018818000 nmethod 1721 0x0000000002b82490 code [0x0000000002b82620, 0x0000000002b82b38]

GC Heap History (8 events):
Event: 1.091 GC heap before
{Heap before GC invocations=1 (full 0):
 PSYoungGen      total 38400K, used 33280K [0x00000000d5580000, 0x00000000d8000000, 0x0000000100000000)
  eden space 33280K, 100% used [0x00000000d5580000,0x00000000d7600000,0x00000000d7600000)
  from space 5120K, 0% used [0x00000000d7b00000,0x00000000d7b00000,0x00000000d8000000)
  to   space 5120K, 0% used [0x00000000d7600000,0x00000000d7600000,0x00000000d7b00000)
 ParOldGen       total 87552K, used 0K [0x0000000080000000, 0x0000000085580000, 0x00000000d5580000)
  object space 87552K, 0% used [0x0000000080000000,0x0000000080000000,0x0000000085580000)
 Metaspace       used 5985K, capacity 6900K, committed 7040K, reserved 1056768K
  class space    used 606K, capacity 620K, committed 640K, reserved 1048576K
Event: 1.096 GC heap after
Heap after GC invocations=1 (full 0):
 PSYoungGen      total 38400K, used 5106K [0x00000000d5580000, 0x00000000d8000000, 0x0000000100000000)
  eden space 33280K, 0% used [0x00000000d5580000,0x00000000d5580000,0x00000000d7600000)
  from space 5120K, 99% used [0x00000000d7600000,0x00000000d7afc870,0x00000000d7b00000)
  to   space 5120K, 0% used [0x00000000d7b00000,0x00000000d7b00000,0x00000000d8000000)
 ParOldGen       total 87552K, used 1518K [0x0000000080000000, 0x0000000085580000, 0x00000000d5580000)
  object space 87552K, 1% used [0x0000000080000000,0x000000008017b910,0x0000000085580000)
 Metaspace       used 5985K, capacity 6900K, committed 7040K, reserved 1056768K
  class space    used 606K, capacity 620K, committed 640K, reserved 1048576K
}
Event: 1.299 GC heap before
{Heap before GC invocations=2 (full 0):
 PSYoungGen      total 38400K, used 38386K [0x00000000d5580000, 0x00000000d8000000, 0x0000000100000000)
  eden space 33280K, 100% used [0x00000000d5580000,0x00000000d7600000,0x00000000d7600000)
  from space 5120K, 99% used [0x00000000d7600000,0x00000000d7afc870,0x00000000d7b00000)
  to   space 5120K, 0% used [0x00000000d7b00000,0x00000000d7b00000,0x00000000d8000000)
 ParOldGen       total 87552K, used 1518K [0x0000000080000000, 0x0000000085580000, 0x00000000d5580000)
  object space 87552K, 1% used [0x0000000080000000,0x000000008017b910,0x0000000085580000)
 Metaspace       used 6216K, capacity 7030K, committed 7296K, reserved 1056768K
  class space    used 607K, capacity 622K, committed 640K, reserved 1048576K
Event: 1.313 GC heap after
Heap after GC invocations=2 (full 0):
 PSYoungGen      total 38400K, used 5114K [0x00000000d5580000, 0x00000000d8000000, 0x0000000100000000)
  eden space 33280K, 0% used [0x00000000d5580000,0x00000000d5580000,0x00000000d7600000)
  from space 5120K, 99% used [0x00000000d7b00000,0x00000000d7ffebb8,0x00000000d8000000)
  to   space 5120K, 0% used [0x00000000d7600000,0x00000000d7600000,0x00000000d7b00000)
 ParOldGen       total 87552K, used 5493K [0x0000000080000000, 0x0000000085580000, 0x00000000d5580000)
  object space 87552K, 6% used [0x0000000080000000,0x000000008055d770,0x0000000085580000)
 Metaspace       used 6216K, capacity 7030K, committed 7296K, reserved 1056768K
  class space    used 607K, capacity 622K, committed 640K, reserved 1048576K
}
Event: 1.411 GC heap before
{Heap before GC invocations=3 (full 0):
 PSYoungGen      total 38400K, used 38394K [0x00000000d5580000, 0x00000000d8000000, 0x0000000100000000)
  eden space 33280K, 100% used [0x00000000d5580000,0x00000000d7600000,0x00000000d7600000)
  from space 5120K, 99% used [0x00000000d7b00000,0x00000000d7ffebb8,0x00000000d8000000)
  to   space 5120K, 0% used [0x00000000d7600000,0x00000000d7600000,0x00000000d7b00000)
 ParOldGen       total 87552K, used 5493K [0x0000000080000000, 0x0000000085580000, 0x00000000d5580000)
  object space 87552K, 6% used [0x0000000080000000,0x000000008055d770,0x0000000085580000)
 Metaspace       used 6302K, capacity 7094K, committed 7296K, reserved 1056768K
  class space    used 607K, capacity 622K, committed 640K, reserved 1048576K
Event: 1.425 GC heap after
Heap after GC invocations=3 (full 0):
 PSYoungGen      total 38400K, used 5095K [0x00000000d5580000, 0x00000000d8000000, 0x0000000100000000)
  eden space 33280K, 0% used [0x00000000d5580000,0x00000000d5580000,0x00000000d7600000)
  from space 5120K, 99% used [0x00000000d7600000,0x00000000d7af9c90,0x00000000d7b00000)
  to   space 5120K, 0% used [0x00000000d7b00000,0x00000000d7b00000,0x00000000d8000000)
 ParOldGen       total 87552K, used 10610K [0x0000000080000000, 0x0000000085580000, 0x00000000d5580000)
  object space 87552K, 12% used [0x0000000080000000,0x0000000080a5c960,0x0000000085580000)
 Metaspace       used 6302K, capacity 7094K, committed 7296K, reserved 1056768K
  class space    used 607K, capacity 622K, committed 640K, reserved 1048576K
}
Event: 1.508 GC heap before
{Heap before GC invocations=4 (full 0):
 PSYoungGen      total 38400K, used 38375K [0x00000000d5580000, 0x00000000d8000000, 0x0000000100000000)
  eden space 33280K, 100% used [0x00000000d5580000,0x00000000d7600000,0x00000000d7600000)
  from space 5120K, 99% used [0x00000000d7600000,0x00000000d7af9c90,0x00000000d7b00000)
  to   space 5120K, 0% used [0x00000000d7b00000,0x00000000d7b00000,0x00000000d8000000)
 ParOldGen       total 87552K, used 10610K [0x0000000080000000, 0x0000000085580000, 0x00000000d5580000)
  object space 87552K, 12% used [0x0000000080000000,0x0000000080a5c960,0x0000000085580000)
 Metaspace       used 6334K, capacity 7158K, committed 7296K, reserved 1056768K
  class space    used 607K, capacity 622K, committed 640K, reserved 1048576K
Event: 1.523 GC heap after
Heap after GC invocations=4 (full 0):
 PSYoungGen      total 38400K, used 5106K [0x00000000d5580000, 0x00000000da080000, 0x0000000100000000)
  eden space 33280K, 0% used [0x00000000d5580000,0x00000000d5580000,0x00000000d7600000)
  from space 5120K, 99% used [0x00000000d7b00000,0x00000000d7ffc870,0x00000000d8000000)
  to   space 5120K, 0% used [0x00000000d7600000,0x00000000d7600000,0x00000000d7b00000)
 ParOldGen       total 87552K, used 15687K [0x0000000080000000, 0x0000000085580000, 0x00000000d5580000)
  object space 87552K, 17% used [0x0000000080000000,0x0000000080f51f58,0x0000000085580000)
 Metaspace       used 6334K, capacity 7158K, committed 7296K, reserved 1056768K
  class space    used 607K, capacity 622K, committed 640K, reserved 1048576K
}

Deoptimization events (10 events):
Event: 1.325 Thread 0x0000000018a50800 Uncommon trap: reason=bimorphic action=maybe_recompile pc=0x0000000002a58788 method=java.util.HashMap.putVal(ILjava/lang/Object;Ljava/lang/Object;ZZ)Ljava/lang/Object; @ 203
Event: 1.374 Thread 0x0000000018a4f000 Uncommon trap: reason=unstable_if action=reinterpret pc=0x0000000002a3ca08 method=com.android.dx.ssa.SCCP.simulateStmt(Lcom/android/dx/ssa/SsaInsn;)V @ 53
Event: 1.392 Thread 0x0000000018a4f800 Uncommon trap: reason=unstable_if action=reinterpret pc=0x00000000028db67c method=com.android.dx.util.IntList.binarysearch(I)I @ 105
Event: 1.445 Thread 0x0000000018a4d800 Uncommon trap: reason=unstable_if action=reinterpret pc=0x0000000002b01d90 method=com.android.dx.ssa.SCCP.simulateBranch(Lcom/android/dx/ssa/SsaInsn;)V @ 64
Event: 1.446 Thread 0x0000000018a4d800 Uncommon trap: reason=unstable_if action=reinterpret pc=0x000000000291139c method=com.android.dx.ssa.SsaMethod.updateOneDefinition(Lcom/android/dx/ssa/SsaInsn;Lcom/android/dx/rop/code/RegisterSpec;)V @ 4
Event: 1.455 Thread 0x0000000018a4f800 Uncommon trap: reason=bimorphic action=maybe_recompile pc=0x0000000002b3cfc4 method=com.android.dx.cf.code.BytecodeArray.parseInstruction(ILcom/android/dx/cf/code/BytecodeArray$Visitor;)I @ 939
Event: 1.455 Thread 0x0000000018a4f800 Uncommon trap: reason=bimorphic action=maybe_recompile pc=0x0000000002b3cfc4 method=com.android.dx.cf.code.BytecodeArray.parseInstruction(ILcom/android/dx/cf/code/BytecodeArray$Visitor;)I @ 939
Event: 1.544 Thread 0x0000000018a4f800 Uncommon trap: reason=bimorphic action=maybe_recompile pc=0x0000000002b3d31c method=com.android.dx.cf.code.BytecodeArray.parseInstruction(ILcom/android/dx/cf/code/BytecodeArray$Visitor;)I @ 1130
Event: 1.544 Thread 0x0000000018a4f800 Uncommon trap: reason=bimorphic action=maybe_recompile pc=0x0000000002b3d0c4 method=com.android.dx.cf.code.BytecodeArray.parseInstruction(ILcom/android/dx/cf/code/BytecodeArray$Visitor;)I @ 971
Event: 1.544 Thread 0x0000000018a4f800 Uncommon trap: reason=bimorphic action=maybe_recompile pc=0x0000000002b3cfc4 method=com.android.dx.cf.code.BytecodeArray.parseInstruction(ILcom/android/dx/cf/code/BytecodeArray$Visitor;)I @ 939

Internal exceptions (2 events):
Event: 0.065 Thread 0x0000000002420800 Exception <a 'java/lang/NoSuchMethodError': Method sun.misc.Unsafe.defineClass(Ljava/lang/String;[BII)Ljava/lang/Class; name or signature does not match> (0x00000000d5593090) thrown at [D:\re\puppet\workspace\8-2-build-windows-amd64-cygwin\jdk8u73\6086\hotÂ›…¦Æ»°?
Event: 0.065 Thread 0x0000000002420800 Exception <a 'java/lang/NoSuchMethodError': Method sun.misc.Unsafe.prefetchRead(Ljava/lang/Object;J)V name or signature does not match> (0x00000000d5593378) thrown at [D:\re\puppet\workspace\8-2-build-windows-amd64-cygwin\jdk8u73\6086\hotspot\src\share\vm\

Events (10 events):
Event: 1.523 Executing VM operation: ParallelGCFailedAllocation done
Event: 1.544 Thread 0x0000000018a4f800 Uncommon trap: trap_request=0xffffffc6 fr.pc=0x0000000002b3d31c
Event: 1.544 Thread 0x0000000018a4f800 DEOPT PACKING pc=0x0000000002b3d31c sp=0x00000000193ee9e0
Event: 1.544 Thread 0x0000000018a4f800 DEOPT UNPACKING pc=0x000000000256582a sp=0x00000000193ee978 mode 2
Event: 1.544 Thread 0x0000000018a4f800 Uncommon trap: trap_request=0xffffffc6 fr.pc=0x0000000002b3d0c4
Event: 1.544 Thread 0x0000000018a4f800 DEOPT PACKING pc=0x0000000002b3d0c4 sp=0x00000000193ee9e0
Event: 1.544 Thread 0x0000000018a4f800 DEOPT UNPACKING pc=0x000000000256582a sp=0x00000000193ee978 mode 2
Event: 1.544 Thread 0x0000000018a4f800 Uncommon trap: trap_request=0xffffffc6 fr.pc=0x0000000002b3cfc4
Event: 1.544 Thread 0x0000000018a4f800 DEOPT PACKING pc=0x0000000002b3cfc4 sp=0x00000000193ee9e0
Event: 1.544 Thread 0x0000000018a4f800 DEOPT UNPACKING pc=0x000000000256582a sp=0x00000000193ee978 mode 2


Dynamic libraries:
0x00007ff7961a0000 - 0x00007ff7961d7000 	X:\Program Files\Java\jdk1.8.0_73\bin\java.exe
0x00007ffb03230000 - 0x00007ffb033f1000 	X:\Windows\SYSTEM32\ntdll.dll
0x00007ffb02fd0000 - 0x00007ffb0307d000 	X:\Windows\system32\KERNEL32.DLL
0x00007ffb00440000 - 0x00007ffb00628000 	X:\Windows\system32\KERNELBASE.dll
0x00007ffb02360000 - 0x00007ffb02407000 	X:\Windows\system32\ADVAPI32.dll
0x00007ffb01e90000 - 0x00007ffb01f2d000 	X:\Windows\system32\msvcrt.dll
0x00007ffb02570000 - 0x00007ffb025cb000 	X:\Windows\system32\sechost.dll
0x00007ffb02c10000 - 0x00007ffb02d2c000 	X:\Windows\system32\RPCRT4.dll
0x00007ffb02410000 - 0x00007ffb02566000 	X:\Windows\system32\USER32.dll
0x00007ffb02d30000 - 0x00007ffb02eb6000 	X:\Windows\system32\GDI32.dll
0x00007ffaf8a50000 - 0x00007ffaf8cc4000 	X:\Windows\WinSxS\amd64_microsoft.windows.common-controls_6595b64144ccf1df_6.0.10586.0_none_8c15ae12515e1c22\COMCTL32.dll
0x00007ffb02880000 - 0x00007ffb02afd000 	X:\Windows\system32\combase.dll
0x00007ffb003d0000 - 0x00007ffb0043a000 	X:\Windows\system32\bcryptPrimitives.dll
0x00007ffb02f90000 - 0x00007ffb02fcb000 	X:\Windows\system32\IMM32.DLL
0x0000000075070000 - 0x0000000075142000 	X:\Program Files\Java\jdk1.8.0_73\jre\bin\msvcr100.dll
0x0000000075560000 - 0x0000000075df0000 	X:\Program Files\Java\jdk1.8.0_73\jre\bin\server\jvm.dll
0x00007ffb02870000 - 0x00007ffb02878000 	X:\Windows\system32\PSAPI.DLL
0x00007ffafdbb0000 - 0x00007ffafdbb9000 	X:\Windows\SYSTEM32\WSOCK32.dll
0x00007ffb03160000 - 0x00007ffb031cb000 	X:\Windows\system32\WS2_32.dll
0x00007ffafd8e0000 - 0x00007ffafd903000 	X:\Windows\SYSTEM32\WINMM.dll
0x00007ffafb880000 - 0x00007ffafb88a000 	X:\Windows\SYSTEM32\VERSION.dll
0x00007ffafd8b0000 - 0x00007ffafd8dc000 	X:\Windows\SYSTEM32\WINMMBASE.dll
0x00007ffaffd30000 - 0x00007ffaffd73000 	X:\Windows\system32\cfgmgr32.dll
0x00000000765d0000 - 0x00000000765df000 	X:\Program Files\Java\jdk1.8.0_73\jre\bin\verify.dll
0x00000000765a0000 - 0x00000000765c9000 	X:\Program Files\Java\jdk1.8.0_73\jre\bin\java.dll
0x0000000076580000 - 0x0000000076596000 	X:\Program Files\Java\jdk1.8.0_73\jre\bin\zip.dll
0x00007ffb00930000 - 0x00007ffb01e8c000 	X:\Windows\system32\SHELL32.dll
0x00007ffaffd80000 - 0x00007ffb003c5000 	X:\Windows\system32\windows.storage.dll
0x00007ffb030e0000 - 0x00007ffb03132000 	X:\Windows\system32\shlwapi.dll
0x00007ffaff8c0000 - 0x00007ffaff8cf000 	X:\Windows\system32\kernel.appcore.dll
0x00007ffaffb10000 - 0x00007ffaffbc5000 	X:\Windows\system32\shcore.dll
0x00007ffaff870000 - 0x00007ffaff8bb000 	X:\Windows\system32\powrprof.dll
0x00007ffaff850000 - 0x00007ffaff864000 	X:\Windows\system32\profapi.dll

VM Arguments:
jvm_args: -Djava.awt.headless=true -Xmx2g -Dfile.encoding=GBK -Duser.country=CN -Duser.language=zh -Duser.variant 
java_command: com.android.dx.command.Main --dex --num-threads=4 --multi-dex --output E:\Android\CalorieCounter\app\build\intermediates\transforms\dex\debug\folders\1000\10\com.android.support-appcompat-v7-23.2.1_14a456de78e3d3b230e6c027cdbf92653362251b E:\Android\CalorieCounter\app\build\intermediates\exploded-aar\com.android.support\appcompat-v7\23.2.1\jars\classes.jar
java_class_path (initial): E:\QMDownload\SDK\build-tools\23.0.3\lib\dx.jar
Launcher Type: SUN_STANDARD

Environment Variables:
PATH=X:\ProgramData\Oracle\Java\javapath;X:\Windows\system32;X:\Windows;X:\Windows\System32\Wbem;X:\Windows\System32\WindowsPowerShell\v1.0\;X:\Program Files (x86)\ATI Technologies\ATI.ACE\Core-Static;D:\Program Files\MATLAB\R2013a\runtime\win64;D:\Program Files\MATLAB\R2013a\bin;X:\Program Files\Java\jdk1.8.0_73\bin;D:\Python27;X:\Program Files (x86)\MySQL\MySQL Fabric 1.5 & MySQL Utilities 1.5\;X:\Program Files (x86)\MySQL\MySQL Fabric 1.5 & MySQL Utilities 1.5\Doctrine extensions for PHP\;E:\QMDownload\SDK\platform-tools
USERNAME=ÍõÉ­
OS=Windows_NT
PROCESSOR_IDENTIFIER=Intel64 Family 6 Model 60 Stepping 3, GenuineIntel



---------------  S Y S T E M  ---------------

OS: Windows 10.0 , 64 bit Build 10586 (10.0.10586.0)

CPU:total 4 (4 cores per cpu, 1 threads per core) family 6 model 60 stepping 3, cmov, cx8, fxsr, mmx, sse, sse2, sse3, ssse3, sse4.1, sse4.2, popcnt, avx, avx2, aes, clmul, erms, lzcnt, tsc, tscinvbit, bmi1, bmi2

Memory: 4k page, physical 8315044k(1380816k free), swap 8315044k(5516k free)

vm_info: Java HotSpot(TM) 64-Bit Server VM (25.73-b02) for windows-amd64 JRE (1.8.0_73-b02), built on Jan 29 2016 17:38:49 by "java_re" with MS VC++ 10.0 (VS2010)

time: Wed Apr 27 19:04:37 2016
elapsed time: 1 seconds (0d 0h 0m 1s)

