#
# There is insufficient memory for the Java Runtime Environment to continue.
# Native memory allocation (malloc) failed to allocate 32744 bytes for ChunkPool::allocate
# Possible reasons:
#   The system is out of physical RAM or swap space
#   In 32 bit mode, the process size limit was hit
# Possible solutions:
#   Reduce memory load on the system
#   Increase physical memory or swap space
#   Check if swap backing store is full
#   Use 64 bit Java on a 64 bit OS
#   Decrease Java heap size (-Xmx/-Xms)
#   Decrease number of Java threads
#   Decrease Java thread stack sizes (-Xss)
#   Set larger code cache with -XX:ReservedCodeCacheSize=
# This output file may be truncated or incomplete.
#
#  Out of Memory Error (allocation.cpp:273), pid=12640, tid=380
#
# JRE version: Java(TM) SE Runtime Environment (8.0_73-b02) (build 1.8.0_73-b02)
# Java VM: Java HotSpot(TM) 64-Bit Server VM (25.73-b02 mixed mode windows-amd64 compressed oops)
# Failed to write core dump. Minidumps are not enabled by default on client versions of Windows
#

---------------  T H R E A D  ---------------

Current thread (0x0000000018af7800):  JavaThread "C2 CompilerThread1" daemon [_thread_in_native, id=380, stack(0x0000000018ea0000,0x0000000018fa0000)]

Stack: [0x0000000018ea0000,0x0000000018fa0000]
[error occurred during error reporting (printing stack bounds), id 0xc0000005]

Native frames: (J=compiled Java code, j=interpreted, Vv=VM code, C=native code)


Current CompileTask:
C2:    355  228       4       java.lang.String::compareTo (78 bytes)


---------------  P R O C E S S  ---------------

Java Threads: ( => current thread )
  0x0000000018c51000 JavaThread "pool-2-thread-4" [_thread_blocked, id=13528, stack(0x00000000196a0000,0x00000000197a0000)]
  0x0000000018c50800 JavaThread "pool-2-thread-3" [_thread_blocked, id=12856, stack(0x00000000195a0000,0x00000000196a0000)]
  0x0000000018c4f800 JavaThread "pool-2-thread-2" [_thread_in_vm, id=13772, stack(0x00000000194a0000,0x00000000195a0000)]
  0x0000000018c49000 JavaThread "pool-3-thread-1" [_thread_blocked, id=4996, stack(0x00000000193a0000,0x00000000194a0000)]
  0x0000000018c48000 JavaThread "pool-2-thread-1" [_thread_blocked, id=9480, stack(0x00000000192a0000,0x00000000193a0000)]
  0x0000000018b00800 JavaThread "Service Thread" daemon [_thread_blocked, id=12504, stack(0x00000000190a0000,0x00000000191a0000)]
  0x0000000018afa800 JavaThread "C1 CompilerThread2" daemon [_thread_in_native, id=4172, stack(0x0000000018fa0000,0x00000000190a0000)]
=>0x0000000018af7800 JavaThread "C2 CompilerThread1" daemon [_thread_in_native, id=380, stack(0x0000000018ea0000,0x0000000018fa0000)]
  0x000000001749a000 JavaThread "C2 CompilerThread0" daemon [_thread_blocked, id=12744, stack(0x00000000189a0000,0x0000000018aa0000)]
  0x000000001744e000 JavaThread "Attach Listener" daemon [_thread_blocked, id=13248, stack(0x00000000188a0000,0x00000000189a0000)]
  0x0000000017437000 JavaThread "Signal Dispatcher" daemon [_thread_blocked, id=5680, stack(0x00000000187a0000,0x00000000188a0000)]
  0x0000000002810800 JavaThread "Finalizer" daemon [_thread_blocked, id=11776, stack(0x00000000186a0000,0x00000000187a0000)]
  0x000000000280d000 JavaThread "Reference Handler" daemon [_thread_blocked, id=14080, stack(0x00000000185a0000,0x00000000186a0000)]
  0x0000000002720800 JavaThread "main" [_thread_in_Java, id=3456, stack(0x0000000002620000,0x0000000002720000)]

Other Threads:
  0x0000000017408000 VMThread [stack: 0x00000000184a0000,0x00000000185a0000] [id=3928]
  0x0000000018b52800 WatcherThread [stack: 0x00000000191a0000,0x00000000192a0000] [id=6464]

VM state:not at safepoint (normal execution)

VM Mutex/Monitor currently owned by a thread: None

Heap:
 PSYoungGen      total 38400K, used 8655K [0x00000000d5580000, 0x00000000d8000000, 0x0000000100000000)
  eden space 33280K, 26% used [0x00000000d5580000,0x00000000d5df3fd0,0x00000000d7600000)
  from space 5120K, 0% used [0x00000000d7b00000,0x00000000d7b00000,0x00000000d8000000)
  to   space 5120K, 0% used [0x00000000d7600000,0x00000000d7600000,0x00000000d7b00000)
 ParOldGen       total 87552K, used 0K [0x0000000080000000, 0x0000000085580000, 0x00000000d5580000)
  object space 87552K, 0% used [0x0000000080000000,0x0000000080000000,0x0000000085580000)
 Metaspace       used 4141K, capacity 5232K, committed 5376K, reserved 1056768K
  class space    used 462K, capacity 488K, committed 512K, reserved 1048576K

Card table byte_map: [0x0000000011be0000,0x0000000011ff0000] byte_map_base: 0x00000000117e0000

Marking Bits: (ParMarkBitMap*) 0x0000000075d70600
 Begin Bits: [0x00000000126a0000, 0x00000000146a0000)
 End Bits:   [0x00000000146a0000, 0x00000000166a0000)

Polling page: 0x00000000001f0000

CodeCache: size=245760Kb used=1557Kb max_used=1557Kb free=244203Kb
 bounds [0x0000000002820000, 0x0000000002a90000, 0x0000000011820000]
 total_blobs=484 nmethods=227 adapters=170
 compilation: enabled

Compilation events (10 events):
Event: 0.351 Thread 0x0000000018afa800  213   !   3       com.android.dx.rop.cst.StdConstantPool::get (24 bytes)
Event: 0.351 Thread 0x0000000018afa800 nmethod 213 0x00000000029926d0 code [0x0000000002992960, 0x00000000029939d8]
Event: 0.351 Thread 0x0000000018afa800  212       3       com.android.dx.rop.cst.Constant::compareTo (9 bytes)
Event: 0.352 Thread 0x0000000018afa800 nmethod 212 0x0000000002994550 code [0x0000000002994720, 0x0000000002995038]
Event: 0.352 Thread 0x0000000018afa800  214       3       java.util.jar.Attributes$Name::hashCode (24 bytes)
Event: 0.352 Thread 0x0000000018afa800 nmethod 214 0x0000000002995350 code [0x00000000029954c0, 0x0000000002995688]
Event: 0.352 Thread 0x0000000018afa800  215   !   3       com.android.dx.cf.cst.ConstantPoolParser::parse0 (731 bytes)
Event: 0.353 Thread 0x0000000018af7800  227       4       com.android.dx.util.ByteArray::getUnsignedByte0 (16 bytes)
Event: 0.353 Thread 0x0000000018af7800 nmethod 227 0x0000000002990b90 code [0x0000000002990cc0, 0x0000000002990d58]
Event: 0.354 Thread 0x0000000018af7800  228       4       java.lang.String::compareTo (78 bytes)

GC Heap History (0 events):
No events

Deoptimization events (0 events):
No events

Internal exceptions (2 events):
Event: 0.215 Thread 0x0000000002720800 Exception <a 'java/lang/NoSuchMethodError': Method sun.misc.Unsafe.defineClass(Ljava/lang/String;[BII)Ljava/lang/Class; name or signature does not match> (0x00000000d5593090) thrown at [D:\re\puppet\workspace\8-2-build-windows-amd64-cygwin\jdk8u73\6086\hot3·á‰×’Ë?
Event: 0.215 Thread 0x0000000002720800 Exception <a 'java/lang/NoSuchMethodError': Method sun.misc.Unsafe.prefetchRead(Ljava/lang/Object;J)V name or signature does not match> (0x00000000d5593378) thrown at [D:\re\puppet\workspace\8-2-build-windows-amd64-cygwin\jdk8u73\6086\hotspot\src\share\vm\

Events (10 events):
Event: 0.349 loading class com/android/dx/dex/file/AnnotationUtils
Event: 0.349 loading class com/android/dx/dex/file/AnnotationUtils done
Event: 0.350 loading class com/android/dx/rop/cst/CstKnownNull
Event: 0.350 loading class com/android/dx/rop/cst/CstKnownNull done
Event: 0.351 loading class com/android/dx/dex/file/EncodedMethod
Event: 0.351 loading class com/android/dx/dex/file/EncodedMethod done
Event: 0.351 loading class com/android/dx/dex/file/EncodedMember
Event: 0.351 loading class com/android/dx/dex/file/EncodedMember done
Event: 0.352 loading class com/android/dx/dex/file/CodeItem
Event: 0.352 loading class com/android/dx/dex/file/CodeItem done


Dynamic libraries:
0x00007ff7961a0000 - 0x00007ff7961d7000 	X:\Program Files\Java\jdk1.8.0_73\bin\java.exe
0x00007ffb03230000 - 0x00007ffb033f1000 	X:\Windows\SYSTEM32\ntdll.dll
0x00007ffb02fd0000 - 0x00007ffb0307d000 	X:\Windows\system32\KERNEL32.DLL
0x00007ffb00440000 - 0x00007ffb00628000 	X:\Windows\system32\KERNELBASE.dll
0x00007ffb02360000 - 0x00007ffb02407000 	X:\Windows\system32\ADVAPI32.dll
0x00007ffb01e90000 - 0x00007ffb01f2d000 	X:\Windows\system32\msvcrt.dll
0x00007ffb02570000 - 0x00007ffb025cb000 	X:\Windows\system32\sechost.dll
0x00007ffb02c10000 - 0x00007ffb02d2c000 	X:\Windows\system32\RPCRT4.dll
0x00007ffb02410000 - 0x00007ffb02566000 	X:\Windows\system32\USER32.dll
0x00007ffb02d30000 - 0x00007ffb02eb6000 	X:\Windows\system32\GDI32.dll
0x00007ffaf8a50000 - 0x00007ffaf8cc4000 	X:\Windows\WinSxS\amd64_microsoft.windows.common-controls_6595b64144ccf1df_6.0.10586.0_none_8c15ae12515e1c22\COMCTL32.dll
0x00007ffb02880000 - 0x00007ffb02afd000 	X:\Windows\system32\combase.dll
0x00007ffb003d0000 - 0x00007ffb0043a000 	X:\Windows\system32\bcryptPrimitives.dll
0x00007ffb02f90000 - 0x00007ffb02fcb000 	X:\Windows\system32\IMM32.DLL
0x0000000075070000 - 0x0000000075142000 	X:\Program Files\Java\jdk1.8.0_73\jre\bin\msvcr100.dll
0x0000000075560000 - 0x0000000075df0000 	X:\Program Files\Java\jdk1.8.0_73\jre\bin\server\jvm.dll
0x00007ffb02870000 - 0x00007ffb02878000 	X:\Windows\system32\PSAPI.DLL
0x00007ffafdbb0000 - 0x00007ffafdbb9000 	X:\Windows\SYSTEM32\WSOCK32.dll
0x00007ffafd8e0000 - 0x00007ffafd903000 	X:\Windows\SYSTEM32\WINMM.dll
0x00007ffb03160000 - 0x00007ffb031cb000 	X:\Windows\system32\WS2_32.dll
0x00007ffafb880000 - 0x00007ffafb88a000 	X:\Windows\SYSTEM32\VERSION.dll
0x0000000002140000 - 0x000000000216c000 	X:\Windows\SYSTEM32\WINMMBASE.dll
0x00007ffaffd30000 - 0x00007ffaffd73000 	X:\Windows\system32\cfgmgr32.dll
0x00000000765d0000 - 0x00000000765df000 	X:\Program Files\Java\jdk1.8.0_73\jre\bin\verify.dll
0x00000000765a0000 - 0x00000000765c9000 	X:\Program Files\Java\jdk1.8.0_73\jre\bin\java.dll
0x0000000076580000 - 0x0000000076596000 	X:\Program Files\Java\jdk1.8.0_73\jre\bin\zip.dll
0x00007ffb00930000 - 0x00007ffb01e8c000 	X:\Windows\system32\SHELL32.dll
0x00007ffaffd80000 - 0x00007ffb003c5000 	X:\Windows\system32\windows.storage.dll
0x00007ffb030e0000 - 0x00007ffb03132000 	X:\Windows\system32\shlwapi.dll
0x00007ffaff8c0000 - 0x00007ffaff8cf000 	X:\Windows\system32\kernel.appcore.dll
0x00007ffaffb10000 - 0x00007ffaffbc5000 	X:\Windows\system32\shcore.dll
0x00007ffaff870000 - 0x00007ffaff8bb000 	X:\Windows\system32\powrprof.dll
0x00007ffaff850000 - 0x00007ffaff864000 	X:\Windows\system32\profapi.dll

VM Arguments:
jvm_args: -Djava.awt.headless=true -Xmx2g -Dfile.encoding=GBK -Duser.country=CN -Duser.language=zh -Duser.variant 
java_command: com.android.dx.command.Main --dex --num-threads=4 --multi-dex --output E:\Android\CalorieCounter\app\build\intermediates\transforms\dex\debug\folders\1000\10\support-annotations-23.2.1_2e6423b2a1aa708300021fd06c6d392603913234 E:\QMDownload\SDK\extras\android\m2repository\com\android\support\support-annotations\23.2.1\support-annotations-23.2.1.jar
java_class_path (initial): E:\QMDownload\SDK\build-tools\23.0.3\lib\dx.jar
Launcher Type: SUN_STANDARD

Environment Variables:
PATH=X:\ProgramData\Oracle\Java\javapath;X:\Windows\system32;X:\Windows;X:\Windows\System32\Wbem;X:\Windows\System32\WindowsPowerShell\v1.0\;X:\Program Files (x86)\ATI Technologies\ATI.ACE\Core-Static;D:\Program Files\MATLAB\R2013a\runtime\win64;D:\Program Files\MATLAB\R2013a\bin;X:\Program Files\Java\jdk1.8.0_73\bin;D:\Python27;X:\Program Files (x86)\MySQL\MySQL Fabric 1.5 & MySQL Utilities 1.5\;X:\Program Files (x86)\MySQL\MySQL Fabric 1.5 & MySQL Utilities 1.5\Doctrine extensions for PHP\;E:\QMDownload\SDK\platform-tools
USERNAME=ÍõÉ­
OS=Windows_NT
PROCESSOR_IDENTIFIER=Intel64 Family 6 Model 60 Stepping 3, GenuineIntel



---------------  S Y S T E M  ---------------

OS: Windows 10.0 , 64 bit Build 10586 (10.0.10586.0)

CPU:total 4 (4 cores per cpu, 1 threads per core) family 6 model 60 stepping 3, cmov, cx8, fxsr, mmx, sse, sse2, sse3, ssse3, sse4.1, sse4.2, popcnt, avx, avx2, aes, clmul, erms, lzcnt, tsc, tscinvbit, bmi1, bmi2

Memory: 4k page, physical 8315044k(1541180k free), swap 8315044k(3308k free)

vm_info: Java HotSpot(TM) 64-Bit Server VM (25.73-b02) for windows-amd64 JRE (1.8.0_73-b02), built on Jan 29 2016 17:38:49 by "java_re" with MS VC++ 10.0 (VS2010)

time: Wed Apr 27 18:57:33 2016
elapsed time: 0 seconds (0d 0h 0m 0s)

