#
# There is insufficient memory for the Java Runtime Environment to continue.
# Native memory allocation (malloc) failed to allocate 576496 bytes for Chunk::new
# Possible reasons:
#   The system is out of physical RAM or swap space
#   In 32 bit mode, the process size limit was hit
# Possible solutions:
#   Reduce memory load on the system
#   Increase physical memory or swap space
#   Check if swap backing store is full
#   Use 64 bit Java on a 64 bit OS
#   Decrease Java heap size (-Xmx/-Xms)
#   Decrease number of Java threads
#   Decrease Java thread stack sizes (-Xss)
#   Set larger code cache with -XX:ReservedCodeCacheSize=
# This output file may be truncated or incomplete.
#
#  Out of Memory Error (allocation.cpp:390), pid=7732, tid=7340
#
# JRE version: Java(TM) SE Runtime Environment (8.0_73-b02) (build 1.8.0_73-b02)
# Java VM: Java HotSpot(TM) 64-Bit Server VM (25.73-b02 mixed mode windows-amd64 compressed oops)
# Failed to write core dump. Minidumps are not enabled by default on client versions of Windows
#

---------------  T H R E A D  ---------------

Current thread (0x0000000014cbb000):  JavaThread "C2 CompilerThread0" daemon [_thread_in_native, id=7340, stack(0x00000000161d0000,0x00000000162d0000)]

Stack: [0x00000000161d0000,0x00000000162d0000]
[error occurred during error reporting (printing stack bounds), id 0xc0000005]

Native frames: (J=compiled Java code, j=interpreted, Vv=VM code, C=native code)


Current CompileTask:
C2:   3657 1727       4       com.android.dx.ssa.DeadCodeRemover::isCircularNoSideEffect (140 bytes)


---------------  P R O C E S S  ---------------

Java Threads: ( => current thread )
  0x0000000016558800 JavaThread "pool-1-thread-4" [_thread_blocked, id=3584, stack(0x0000000016ed0000,0x0000000016fd0000)]
  0x0000000016553800 JavaThread "pool-1-thread-3" [_thread_blocked, id=8256, stack(0x0000000016dd0000,0x0000000016ed0000)]
  0x0000000016549000 JavaThread "pool-1-thread-2" [_thread_in_Java, id=3068, stack(0x0000000016cd0000,0x0000000016dd0000)]
  0x0000000016541800 JavaThread "pool-2-thread-1" [_thread_blocked, id=8764, stack(0x0000000016bd0000,0x0000000016cd0000)]
  0x0000000016540800 JavaThread "pool-1-thread-1" [_thread_blocked, id=9420, stack(0x0000000016ad0000,0x0000000016bd0000)]
  0x000000001633b800 JavaThread "Service Thread" daemon [_thread_blocked, id=8116, stack(0x00000000168d0000,0x00000000169d0000)]
  0x000000001632d800 JavaThread "C1 CompilerThread2" daemon [_thread_blocked, id=6708, stack(0x00000000167d0000,0x00000000168d0000)]
  0x0000000016325800 JavaThread "C2 CompilerThread1" daemon [_thread_in_native, id=7768, stack(0x00000000166d0000,0x00000000167d0000)]
=>0x0000000014cbb000 JavaThread "C2 CompilerThread0" daemon [_thread_in_native, id=7340, stack(0x00000000161d0000,0x00000000162d0000)]
  0x0000000014c6e800 JavaThread "Attach Listener" daemon [_thread_blocked, id=9124, stack(0x00000000160d0000,0x00000000161d0000)]
  0x0000000014c58000 JavaThread "Signal Dispatcher" daemon [_thread_blocked, id=5396, stack(0x0000000015fd0000,0x00000000160d0000)]
  0x0000000002580800 JavaThread "Finalizer" daemon [_thread_blocked, id=2104, stack(0x0000000015ed0000,0x0000000015fd0000)]
  0x000000000257d000 JavaThread "Reference Handler" daemon [_thread_blocked, id=9704, stack(0x0000000015dd0000,0x0000000015ed0000)]
  0x0000000002490800 JavaThread "main" [_thread_blocked, id=3088, stack(0x0000000001f90000,0x0000000002090000)]

Other Threads:
  0x0000000014c27800 VMThread [stack: 0x0000000015cd0000,0x0000000015dd0000] [id=9192]
  0x0000000016384800 WatcherThread [stack: 0x00000000169d0000,0x0000000016ad0000] [id=9980]

VM state:not at safepoint (normal execution)

VM Mutex/Monitor currently owned by a thread: None

Heap:
 PSYoungGen      total 71680K, used 5835K [0x00000000eab00000, 0x00000000ef600000, 0x0000000100000000)
  eden space 66560K, 1% used [0x00000000eab00000,0x00000000eabb5688,0x00000000eec00000)
  from space 5120K, 99% used [0x00000000eec00000,0x00000000ef0fd648,0x00000000ef100000)
  to   space 5120K, 0% used [0x00000000ef100000,0x00000000ef100000,0x00000000ef600000)
 ParOldGen       total 87552K, used 15702K [0x00000000c0000000, 0x00000000c5580000, 0x00000000eab00000)
  object space 87552K, 17% used [0x00000000c0000000,0x00000000c0f55bc8,0x00000000c5580000)
 Metaspace       used 6313K, capacity 7156K, committed 7296K, reserved 1056768K
  class space    used 607K, capacity 620K, committed 640K, reserved 1048576K

Card table byte_map: [0x0000000011950000,0x0000000011b60000] byte_map_base: 0x0000000011350000

Marking Bits: (ParMarkBitMap*) 0x00000000540e0600
 Begin Bits: [0x00000000120c0000, 0x00000000130c0000)
 End Bits:   [0x00000000130c0000, 0x00000000140c0000)

Polling page: 0x00000000001f0000

CodeCache: size=245760Kb used=7403Kb max_used=7407Kb free=238356Kb
 bounds [0x0000000002590000, 0x0000000002ce0000, 0x0000000011590000]
 total_blobs=1990 nmethods=1718 adapters=184
 compilation: enabled

Compilation events (10 events):
Event: 3.164 Thread 0x000000001632d800 1756       2       java.util.concurrent.locks.ReentrantLock::lockInterruptibly (9 bytes)
Event: 3.165 Thread 0x000000001632d800 nmethod 1756 0x0000000002c73890 code [0x0000000002c73a20, 0x0000000002c73cb8]
Event: 3.166 Thread 0x000000001632d800 1758       2       com.android.dx.rop.code.LocalItem::compareHandlesNulls (25 bytes)
Event: 3.167 Thread 0x000000001632d800 nmethod 1758 0x0000000002c9c210 code [0x0000000002c9c3a0, 0x0000000002c9c658]
Event: 3.167 Thread 0x000000001632d800 1759       2       com.android.dx.rop.code.LocalItem::compareTo (32 bytes)
Event: 3.167 Thread 0x000000001632d800 nmethod 1759 0x0000000002c9bcd0 code [0x0000000002c9be40, 0x0000000002c9c0b8]
Event: 3.172 Thread 0x000000001632d800 1762       2       com.android.dx.rop.code.Rops::opGetStatic (97 bytes)
Event: 3.173 Thread 0x000000001632d800 nmethod 1762 0x0000000002c70090 code [0x0000000002c70260, 0x0000000002c707d8]
Event: 3.175 Thread 0x000000001632d800 1764       2       java.util.Collections$UnmodifiableCollection::size (10 bytes)
Event: 3.175 Thread 0x000000001632d800 nmethod 1764 0x0000000002c9b950 code [0x0000000002c9bac0, 0x0000000002c9bc48]

GC Heap History (6 events):
Event: 1.584 GC heap before
{Heap before GC invocations=1 (full 0):
 PSYoungGen      total 38400K, used 33280K [0x00000000eab00000, 0x00000000ed580000, 0x0000000100000000)
  eden space 33280K, 100% used [0x00000000eab00000,0x00000000ecb80000,0x00000000ecb80000)
  from space 5120K, 0% used [0x00000000ed080000,0x00000000ed080000,0x00000000ed580000)
  to   space 5120K, 0% used [0x00000000ecb80000,0x00000000ecb80000,0x00000000ed080000)
 ParOldGen       total 87552K, used 0K [0x00000000c0000000, 0x00000000c5580000, 0x00000000eab00000)
  object space 87552K, 0% used [0x00000000c0000000,0x00000000c0000000,0x00000000c5580000)
 Metaspace       used 6077K, capacity 6964K, committed 7040K, reserved 1056768K
  class space    used 604K, capacity 620K, committed 640K, reserved 1048576K
Event: 1.704 GC heap after
Heap after GC invocations=1 (full 0):
 PSYoungGen      total 38400K, used 5106K [0x00000000eab00000, 0x00000000ef600000, 0x0000000100000000)
  eden space 33280K, 0% used [0x00000000eab00000,0x00000000eab00000,0x00000000ecb80000)
  from space 5120K, 99% used [0x00000000ecb80000,0x00000000ed07cac8,0x00000000ed080000)
  to   space 5120K, 0% used [0x00000000ef100000,0x00000000ef100000,0x00000000ef600000)
 ParOldGen       total 87552K, used 1641K [0x00000000c0000000, 0x00000000c5580000, 0x00000000eab00000)
  object space 87552K, 1% used [0x00000000c0000000,0x00000000c019a5b8,0x00000000c5580000)
 Metaspace       used 6077K, capacity 6964K, committed 7040K, reserved 1056768K
  class space    used 604K, capacity 620K, committed 640K, reserved 1048576K
}
Event: 2.056 GC heap before
{Heap before GC invocations=2 (full 0):
 PSYoungGen      total 38400K, used 38386K [0x00000000eab00000, 0x00000000ef600000, 0x0000000100000000)
  eden space 33280K, 100% used [0x00000000eab00000,0x00000000ecb80000,0x00000000ecb80000)
  from space 5120K, 99% used [0x00000000ecb80000,0x00000000ed07cac8,0x00000000ed080000)
  to   space 5120K, 0% used [0x00000000ef100000,0x00000000ef100000,0x00000000ef600000)
 ParOldGen       total 87552K, used 1641K [0x00000000c0000000, 0x00000000c5580000, 0x00000000eab00000)
  object space 87552K, 1% used [0x00000000c0000000,0x00000000c019a5b8,0x00000000c5580000)
 Metaspace       used 6225K, capacity 7092K, committed 7296K, reserved 1056768K
  class space    used 606K, capacity 620K, committed 640K, reserved 1048576K
Event: 2.085 GC heap after
Heap after GC invocations=2 (full 0):
 PSYoungGen      total 71680K, used 5089K [0x00000000eab00000, 0x00000000ef600000, 0x0000000100000000)
  eden space 66560K, 0% used [0x00000000eab00000,0x00000000eab00000,0x00000000eec00000)
  from space 5120K, 99% used [0x00000000ef100000,0x00000000ef5f8750,0x00000000ef600000)
  to   space 5120K, 0% used [0x00000000eec00000,0x00000000eec00000,0x00000000ef100000)
 ParOldGen       total 87552K, used 5895K [0x00000000c0000000, 0x00000000c5580000, 0x00000000eab00000)
  object space 87552K, 6% used [0x00000000c0000000,0x00000000c05c1eb8,0x00000000c5580000)
 Metaspace       used 6225K, capacity 7092K, committed 7296K, reserved 1056768K
  class space    used 606K, capacity 620K, committed 640K, reserved 1048576K
}
Event: 3.180 GC heap before
{Heap before GC invocations=3 (full 0):
 PSYoungGen      total 71680K, used 71649K [0x00000000eab00000, 0x00000000ef600000, 0x0000000100000000)
  eden space 66560K, 100% used [0x00000000eab00000,0x00000000eec00000,0x00000000eec00000)
  from space 5120K, 99% used [0x00000000ef100000,0x00000000ef5f8750,0x00000000ef600000)
  to   space 5120K, 0% used [0x00000000eec00000,0x00000000eec00000,0x00000000ef100000)
 ParOldGen       total 87552K, used 5895K [0x00000000c0000000, 0x00000000c5580000, 0x00000000eab00000)
  object space 87552K, 6% used [0x00000000c0000000,0x00000000c05c1eb8,0x00000000c5580000)
 Metaspace       used 6313K, capacity 7156K, committed 7296K, reserved 1056768K
  class space    used 607K, capacity 620K, committed 640K, reserved 1048576K
Event: 3.653 GC heap after
Heap after GC invocations=3 (full 0):
 PSYoungGen      total 71680K, used 5109K [0x00000000eab00000, 0x00000000ef600000, 0x0000000100000000)
  eden space 66560K, 0% used [0x00000000eab00000,0x00000000eab00000,0x00000000eec00000)
  from space 5120K, 99% used [0x00000000eec00000,0x00000000ef0fd648,0x00000000ef100000)
  to   space 5120K, 0% used [0x00000000ef100000,0x00000000ef100000,0x00000000ef600000)
 ParOldGen       total 87552K, used 15702K [0x00000000c0000000, 0x00000000c5580000, 0x00000000eab00000)
  object space 87552K, 17% used [0x00000000c0000000,0x00000000c0f55bc8,0x00000000c5580000)
 Metaspace       used 6313K, capacity 7156K, committed 7296K, reserved 1056768K
  class space    used 607K, capacity 620K, committed 640K, reserved 1048576K
}

Deoptimization events (10 events):
Event: 2.027 Thread 0x0000000016540800 Uncommon trap: reason=bimorphic action=maybe_recompile pc=0x0000000002b325c0 method=com.android.dx.cf.code.BytecodeArray.parseInstruction(ILcom/android/dx/cf/code/BytecodeArray$Visitor;)I @ 939
Event: 2.027 Thread 0x0000000016540800 Uncommon trap: reason=bimorphic action=maybe_recompile pc=0x0000000002b325c0 method=com.android.dx.cf.code.BytecodeArray.parseInstruction(ILcom/android/dx/cf/code/BytecodeArray$Visitor;)I @ 939
Event: 2.098 Thread 0x0000000016540800 Uncommon trap: reason=unstable_if action=reinterpret pc=0x0000000002ad5e78 method=com.android.dx.util.BitIntSet.has(I)Z @ 8
Event: 2.180 Thread 0x0000000002490800 Uncommon trap: reason=unloaded action=reinterpret pc=0x0000000002a82fb4 method=com.android.dx.cf.cst.ConstantPoolParser.parse0(ILjava/util/BitSet;)Lcom/android/dx/rop/cst/Constant; @ 198
Event: 2.189 Thread 0x0000000016549000 Uncommon trap: reason=bimorphic action=maybe_recompile pc=0x0000000002b32640 method=com.android.dx.cf.code.BytecodeArray.parseInstruction(ILcom/android/dx/cf/code/BytecodeArray$Visitor;)I @ 955
Event: 2.189 Thread 0x0000000016549000 Uncommon trap: reason=bimorphic action=maybe_recompile pc=0x0000000002b32640 method=com.android.dx.cf.code.BytecodeArray.parseInstruction(ILcom/android/dx/cf/code/BytecodeArray$Visitor;)I @ 955
Event: 2.446 Thread 0x0000000016553800 Uncommon trap: reason=unstable_if action=reinterpret pc=0x0000000002baee0c method=com.android.dx.ssa.SCCP.simulateStmt(Lcom/android/dx/ssa/SsaInsn;)V @ 59
Event: 3.144 Thread 0x0000000016558800 Uncommon trap: reason=unstable_if action=reinterpret pc=0x0000000002c79f54 method=com.android.dx.rop.code.LocalItem.compareHandlesNulls(Lcom/android/dx/rop/cst/CstString;Lcom/android/dx/rop/cst/CstString;)I @ 14
Event: 3.145 Thread 0x0000000016558800 Uncommon trap: reason=unstable_if action=reinterpret pc=0x0000000002c11db8 method=com.android.dx.rop.code.LocalItem.compareHandlesNulls(Lcom/android/dx/rop/cst/CstString;Lcom/android/dx/rop/cst/CstString;)I @ 14
Event: 3.145 Thread 0x0000000016558800 Uncommon trap: reason=unstable_if action=reinterpret pc=0x0000000002bd0a78 method=com.android.dx.rop.code.LocalItem.compareHandlesNulls(Lcom/android/dx/rop/cst/CstString;Lcom/android/dx/rop/cst/CstString;)I @ 14

Internal exceptions (7 events):
Event: 0.045 Thread 0x0000000002490800 Exception <a 'java/lang/NoSuchMethodError': Method sun.misc.Unsafe.defineClass(Ljava/lang/String;[BII)Ljava/lang/Class; name or signature does not match> (0x00000000eab13090) thrown at [D:\re\puppet\workspace\8-2-build-windows-amd64-cygwin\jdk8u73\6086\hotYznSF§?
Event: 0.045 Thread 0x0000000002490800 Exception <a 'java/lang/NoSuchMethodError': Method sun.misc.Unsafe.prefetchRead(Ljava/lang/Object;J)V name or signature does not match> (0x00000000eab13378) thrown at [D:\re\puppet\workspace\8-2-build-windows-amd64-cygwin\jdk8u73\6086\hotspot\src\share\vm\y}øÑ(÷?
Event: 1.447 Thread 0x0000000002490800 Implicit null exception at 0x000000000285e507 to 0x0000000002860635
Event: 1.875 Thread 0x0000000016553800 Implicit null exception at 0x0000000002a17622 to 0x0000000002a1771a
Event: 3.144 Thread 0x0000000016558800 Implicit null exception at 0x0000000002c7778e to 0x0000000002c79ef5
Event: 3.145 Thread 0x0000000016558800 Implicit null exception at 0x0000000002c1044c to 0x0000000002c11d8d
Event: 3.145 Thread 0x0000000016558800 Implicit null exception at 0x0000000002bd08a2 to 0x0000000002bd0a65

Events (10 events):
Event: 3.145 Thread 0x0000000016558800 Uncommon trap: trap_request=0xffffff65 fr.pc=0x0000000002c11db8
Event: 3.145 Thread 0x0000000016558800 DEOPT PACKING pc=0x0000000002c11db8 sp=0x0000000016fce6f0
Event: 3.145 Thread 0x0000000016558800 DEOPT UNPACKING pc=0x00000000025d582a sp=0x0000000016fce4e8 mode 2
Event: 3.145 Thread 0x0000000016558800 Uncommon trap: trap_request=0xffffff65 fr.pc=0x0000000002bd0a78
Event: 3.145 Thread 0x0000000016558800 DEOPT PACKING pc=0x0000000002bd0a78 sp=0x0000000016fce920
Event: 3.145 Thread 0x0000000016558800 DEOPT UNPACKING pc=0x00000000025d582a sp=0x0000000016fce860 mode 2
Event: 3.165 Thread 0x0000000016558800 DEOPT PACKING pc=0x00000000028954df sp=0x0000000016fce350
Event: 3.165 Thread 0x0000000016558800 DEOPT UNPACKING pc=0x00000000025d787f sp=0x0000000016fce160 mode 0
Event: 3.179 Executing VM operation: ParallelGCFailedAllocation
Event: 3.653 Executing VM operation: ParallelGCFailedAllocation done


Dynamic libraries:
0x00007ff6dbe30000 - 0x00007ff6dbe67000 	X:\Program Files\Java\jdk1.8.0_73\bin\java.exe
0x00007ff876650000 - 0x00007ff876811000 	X:\Windows\SYSTEM32\ntdll.dll
0x00007ff8762a0000 - 0x00007ff87634d000 	X:\Windows\system32\KERNEL32.DLL
0x00007ff873400000 - 0x00007ff8735e8000 	X:\Windows\system32\KERNELBASE.dll
0x00007ff875900000 - 0x00007ff8759a7000 	X:\Windows\system32\ADVAPI32.dll
0x00007ff875860000 - 0x00007ff8758fd000 	X:\Windows\system32\msvcrt.dll
0x00007ff876020000 - 0x00007ff87607b000 	X:\Windows\system32\sechost.dll
0x00007ff874050000 - 0x00007ff87416c000 	X:\Windows\system32\RPCRT4.dll
0x00007ff873ee0000 - 0x00007ff874036000 	X:\Windows\system32\USER32.dll
0x00007ff8756d0000 - 0x00007ff875856000 	X:\Windows\system32\GDI32.dll
0x00007ff86b170000 - 0x00007ff86b3e4000 	X:\Windows\WinSxS\amd64_microsoft.windows.common-controls_6595b64144ccf1df_6.0.10586.0_none_8c15ae12515e1c22\COMCTL32.dll
0x00007ff875d20000 - 0x00007ff875f9d000 	X:\Windows\system32\combase.dll
0x00007ff873740000 - 0x00007ff8737aa000 	X:\Windows\system32\bcryptPrimitives.dll
0x00007ff873a50000 - 0x00007ff873a8b000 	X:\Windows\system32\IMM32.DLL
0x0000000053340000 - 0x0000000053412000 	X:\Program Files\Java\jdk1.8.0_73\jre\bin\msvcr100.dll
0x00000000538d0000 - 0x0000000054160000 	X:\Program Files\Java\jdk1.8.0_73\jre\bin\server\jvm.dll
0x00007ff874040000 - 0x00007ff874048000 	X:\Windows\system32\PSAPI.DLL
0x00007ff86b4c0000 - 0x00007ff86b4c9000 	X:\Windows\SYSTEM32\WSOCK32.dll
0x00007ff875fa0000 - 0x00007ff87600b000 	X:\Windows\system32\WS2_32.dll
0x00007ff870f20000 - 0x00007ff870f43000 	X:\Windows\SYSTEM32\WINMM.dll
0x00007ff86f250000 - 0x00007ff86f25a000 	X:\Windows\SYSTEM32\VERSION.dll
0x00007ff870dd0000 - 0x00007ff870dfc000 	X:\Windows\SYSTEM32\WINMMBASE.dll
0x00007ff872d60000 - 0x00007ff872da3000 	X:\Windows\system32\cfgmgr32.dll
0x00000000537e0000 - 0x00000000537ef000 	X:\Program Files\Java\jdk1.8.0_73\jre\bin\verify.dll
0x00000000537b0000 - 0x00000000537d9000 	X:\Program Files\Java\jdk1.8.0_73\jre\bin\java.dll
0x0000000053790000 - 0x00000000537a6000 	X:\Program Files\Java\jdk1.8.0_73\jre\bin\zip.dll
0x00007ff874170000 - 0x00007ff8756cc000 	X:\Windows\system32\SHELL32.dll
0x00007ff872db0000 - 0x00007ff8733f5000 	X:\Windows\system32\windows.storage.dll
0x00007ff876240000 - 0x00007ff876292000 	X:\Windows\system32\shlwapi.dll
0x00007ff872ce0000 - 0x00007ff872cef000 	X:\Windows\system32\kernel.appcore.dll
0x00007ff873680000 - 0x00007ff873735000 	X:\Windows\system32\shcore.dll
0x00007ff872c90000 - 0x00007ff872cdb000 	X:\Windows\system32\powrprof.dll
0x00007ff872c70000 - 0x00007ff872c84000 	X:\Windows\system32\profapi.dll

VM Arguments:
jvm_args: -Djava.awt.headless=true -Xmx1024M -Dfile.encoding=GBK -Duser.country=CN -Duser.language=zh -Duser.variant 
java_command: com.android.dx.command.Main --dex --num-threads=4 --output E:\Android\CalorieCounter\app\build\intermediates\pre-dexed\debug\com.android.support-design-23.2.1_2a94e4507ec2bfa02df0223d8ec37cf5629c4adb.jar E:\Android\CalorieCounter\app\build\intermediates\exploded-aar\com.android.support\design\23.2.1\jars\classes.jar
java_class_path (initial): E:\QMDownload\SDK\build-tools\23.0.3\lib\dx.jar
Launcher Type: SUN_STANDARD

Environment Variables:
PATH=X:\ProgramData\Oracle\Java\javapath;X:\Windows\system32;X:\Windows;X:\Windows\System32\Wbem;X:\Windows\System32\WindowsPowerShell\v1.0\;X:\Program Files (x86)\ATI Technologies\ATI.ACE\Core-Static;D:\Program Files\MATLAB\R2013a\runtime\win64;D:\Program Files\MATLAB\R2013a\bin;X:\Program Files\Java\jdk1.8.0_73\bin;D:\Python27;X:\Program Files (x86)\MySQL\MySQL Fabric 1.5 & MySQL Utilities 1.5\;X:\Program Files (x86)\MySQL\MySQL Fabric 1.5 & MySQL Utilities 1.5\Doctrine extensions for PHP\
USERNAME=ÍõÉ­
OS=Windows_NT
PROCESSOR_IDENTIFIER=Intel64 Family 6 Model 60 Stepping 3, GenuineIntel



---------------  S Y S T E M  ---------------

OS: Windows 10.0 , 64 bit Build 10586 (10.0.10586.0)

CPU:total 4 (4 cores per cpu, 1 threads per core) family 6 model 60 stepping 3, cmov, cx8, fxsr, mmx, sse, sse2, sse3, ssse3, sse4.1, sse4.2, popcnt, avx, avx2, aes, clmul, erms, lzcnt, tsc, tscinvbit, bmi1, bmi2

Memory: 4k page, physical 8315044k(1645996k free), swap 8315044k(5120k free)

vm_info: Java HotSpot(TM) 64-Bit Server VM (25.73-b02) for windows-amd64 JRE (1.8.0_73-b02), built on Jan 29 2016 17:38:49 by "java_re" with MS VC++ 10.0 (VS2010)

time: Sat Apr 16 13:40:50 2016
elapsed time: 3 seconds (0d 0h 0m 3s)

