#
# There is insufficient memory for the Java Runtime Environment to continue.
# Native memory allocation (malloc) failed to allocate 1227200 bytes for Chunk::new
# Possible reasons:
#   The system is out of physical RAM or swap space
#   In 32 bit mode, the process size limit was hit
# Possible solutions:
#   Reduce memory load on the system
#   Increase physical memory or swap space
#   Check if swap backing store is full
#   Use 64 bit Java on a 64 bit OS
#   Decrease Java heap size (-Xmx/-Xms)
#   Decrease number of Java threads
#   Decrease Java thread stack sizes (-Xss)
#   Set larger code cache with -XX:ReservedCodeCacheSize=
# This output file may be truncated or incomplete.
#
#  Out of Memory Error (allocation.cpp:390), pid=13140, tid=14668
#
# JRE version: Java(TM) SE Runtime Environment (8.0_73-b02) (build 1.8.0_73-b02)
# Java VM: Java HotSpot(TM) 64-Bit Server VM (25.73-b02 mixed mode windows-amd64 compressed oops)
# Failed to write core dump. Minidumps are not enabled by default on client versions of Windows
#

---------------  T H R E A D  ---------------

Current thread (0x000000001734d800):  JavaThread "C2 CompilerThread1" daemon [_thread_in_native, id=14668, stack(0x0000000018d60000,0x0000000018e60000)]

Stack: [0x0000000018d60000,0x0000000018e60000]
[error occurred during error reporting (printing stack bounds), id 0xc0000005]

Native frames: (J=compiled Java code, j=interpreted, Vv=VM code, C=native code)


Current CompileTask:
C2:   1997 1786   !   4       com.android.dx.cf.code.RopperMachine::run (1550 bytes)


---------------  P R O C E S S  ---------------

Java Threads: ( => current thread )
  0x0000000018be2000 JavaThread "pool-3-thread-1" [_thread_blocked, id=2660, stack(0x0000000019260000,0x0000000019360000)]
  0x0000000018be1800 JavaThread "pool-2-thread-1" [_thread_in_Java, id=10356, stack(0x0000000019160000,0x0000000019260000)]
  0x00000000189f0000 JavaThread "Service Thread" daemon [_thread_blocked, id=4336, stack(0x0000000018f60000,0x0000000019060000)]
  0x000000001734e800 JavaThread "C1 CompilerThread2" daemon [_thread_blocked, id=7148, stack(0x0000000018e60000,0x0000000018f60000)]
=>0x000000001734d800 JavaThread "C2 CompilerThread1" daemon [_thread_in_native, id=14668, stack(0x0000000018d60000,0x0000000018e60000)]
  0x000000001734a000 JavaThread "C2 CompilerThread0" daemon [_thread_in_native, id=15068, stack(0x0000000018860000,0x0000000018960000)]
  0x00000000172fe000 JavaThread "Attach Listener" daemon [_thread_blocked, id=6188, stack(0x0000000018760000,0x0000000018860000)]
  0x00000000172e7000 JavaThread "Signal Dispatcher" daemon [_thread_blocked, id=7032, stack(0x0000000018660000,0x0000000018760000)]
  0x00000000026c6000 JavaThread "Finalizer" daemon [_thread_blocked, id=4476, stack(0x0000000018560000,0x0000000018660000)]
  0x00000000026bd000 JavaThread "Reference Handler" daemon [_thread_blocked, id=2932, stack(0x0000000018460000,0x0000000018560000)]
  0x00000000025d0800 JavaThread "main" [_thread_blocked, id=6868, stack(0x00000000024d0000,0x00000000025d0000)]

Other Threads:
  0x00000000172b8000 VMThread [stack: 0x0000000018360000,0x0000000018460000] [id=13884]
  0x0000000018a26800 WatcherThread [stack: 0x0000000019060000,0x0000000019160000] [id=14756]

VM state:not at safepoint (normal execution)

VM Mutex/Monitor currently owned by a thread: None

Heap:
 PSYoungGen      total 146432K, used 69735K [0x00000000d5580000, 0x00000000df980000, 0x0000000100000000)
  eden space 131072K, 41% used [0x00000000d5580000,0x00000000d8b09bf8,0x00000000dd580000)
  from space 15360K, 97% used [0x00000000de680000,0x00000000df5101a8,0x00000000df580000)
  to   space 17408K, 0% used [0x00000000dd580000,0x00000000dd580000,0x00000000de680000)
 ParOldGen       total 87552K, used 24233K [0x0000000080000000, 0x0000000085580000, 0x00000000d5580000)
  object space 87552K, 27% used [0x0000000080000000,0x00000000817aa4e8,0x0000000085580000)
 Metaspace       used 6533K, capacity 7192K, committed 7424K, reserved 1056768K
  class space    used 629K, capacity 656K, committed 768K, reserved 1048576K

Card table byte_map: [0x0000000011a90000,0x0000000011ea0000] byte_map_base: 0x0000000011690000

Marking Bits: (ParMarkBitMap*) 0x00000000530a0600
 Begin Bits: [0x0000000012550000, 0x0000000014550000)
 End Bits:   [0x0000000014550000, 0x0000000016550000)

Polling page: 0x00000000001f0000

CodeCache: size=245760Kb used=8040Kb max_used=8040Kb free=237719Kb
 bounds [0x00000000026d0000, 0x0000000002ec0000, 0x00000000116d0000]
 total_blobs=2170 nmethods=1897 adapters=184
 compilation: enabled

Compilation events (10 events):
Event: 1.954 Thread 0x000000001734e800 1940       2       com.android.dx.cf.iface.StdField::getConstantValue (28 bytes)
Event: 1.955 Thread 0x000000001734e800 nmethod 1940 0x0000000002e8e610 code [0x0000000002e8e780, 0x0000000002e8e988]
Event: 1.955 Thread 0x000000001734e800 1941       2       com.android.dx.dex.file.ClassDefItem::addStaticField (10 bytes)
Event: 1.955 Thread 0x000000001734e800 nmethod 1941 0x0000000002e8e250 code [0x0000000002e8e3c0, 0x0000000002e8e528]
Event: 1.955 Thread 0x000000001734e800 1942       2       com.android.dx.dex.file.EncodedField::hashCode (8 bytes)
Event: 1.955 Thread 0x000000001734e800 nmethod 1942 0x0000000002eac690 code [0x0000000002eac820, 0x0000000002eaca48]
Event: 1.986 Thread 0x000000001734e800 1943       2       java.util.Arrays::sort (19 bytes)
Event: 1.987 Thread 0x000000001734e800 nmethod 1943 0x0000000002eacd90 code [0x0000000002eacf00, 0x0000000002ead0b8]
Event: 1.987 Thread 0x000000001734e800 1944       2       java.util.DualPivotQuicksort::sort (1195 bytes)
Event: 1.988 Thread 0x000000001734e800 nmethod 1944 0x0000000002ead190 code [0x0000000002ead480, 0x0000000002eae968]

GC Heap History (10 events):
Event: 1.101 GC heap before
{Heap before GC invocations=2 (full 0):
 PSYoungGen      total 38400K, used 38398K [0x00000000d5580000, 0x00000000d8000000, 0x0000000100000000)
  eden space 33280K, 100% used [0x00000000d5580000,0x00000000d7600000,0x00000000d7600000)
  from space 5120K, 99% used [0x00000000d7600000,0x00000000d7aff920,0x00000000d7b00000)
  to   space 5120K, 0% used [0x00000000d7b00000,0x00000000d7b00000,0x00000000d8000000)
 ParOldGen       total 87552K, used 1283K [0x0000000080000000, 0x0000000085580000, 0x00000000d5580000)
  object space 87552K, 1% used [0x0000000080000000,0x0000000080140f00,0x0000000085580000)
 Metaspace       used 6222K, capacity 7094K, committed 7296K, reserved 1056768K
  class space    used 607K, capacity 622K, committed 640K, reserved 1048576K
Event: 1.111 GC heap after
Heap after GC invocations=2 (full 0):
 PSYoungGen      total 38400K, used 5093K [0x00000000d5580000, 0x00000000d8000000, 0x0000000100000000)
  eden space 33280K, 0% used [0x00000000d5580000,0x00000000d5580000,0x00000000d7600000)
  from space 5120K, 99% used [0x00000000d7b00000,0x00000000d7ff9708,0x00000000d8000000)
  to   space 5120K, 0% used [0x00000000d7600000,0x00000000d7600000,0x00000000d7b00000)
 ParOldGen       total 87552K, used 5122K [0x0000000080000000, 0x0000000085580000, 0x00000000d5580000)
  object space 87552K, 5% used [0x0000000080000000,0x00000000805009f0,0x0000000085580000)
 Metaspace       used 6222K, capacity 7094K, committed 7296K, reserved 1056768K
  class space    used 607K, capacity 622K, committed 640K, reserved 1048576K
}
Event: 1.252 GC heap before
{Heap before GC invocations=3 (full 0):
 PSYoungGen      total 38400K, used 38373K [0x00000000d5580000, 0x00000000d8000000, 0x0000000100000000)
  eden space 33280K, 100% used [0x00000000d5580000,0x00000000d7600000,0x00000000d7600000)
  from space 5120K, 99% used [0x00000000d7b00000,0x00000000d7ff9708,0x00000000d8000000)
  to   space 5120K, 0% used [0x00000000d7600000,0x00000000d7600000,0x00000000d7b00000)
 ParOldGen       total 87552K, used 5122K [0x0000000080000000, 0x0000000085580000, 0x00000000d5580000)
  object space 87552K, 5% used [0x0000000080000000,0x00000000805009f0,0x0000000085580000)
 Metaspace       used 6295K, capacity 7094K, committed 7296K, reserved 1056768K
  class space    used 607K, capacity 622K, committed 640K, reserved 1048576K
Event: 1.267 GC heap after
Heap after GC invocations=3 (full 0):
 PSYoungGen      total 38400K, used 5100K [0x00000000d5580000, 0x00000000da080000, 0x0000000100000000)
  eden space 33280K, 0% used [0x00000000d5580000,0x00000000d5580000,0x00000000d7600000)
  from space 5120K, 99% used [0x00000000d7600000,0x00000000d7afb360,0x00000000d7b00000)
  to   space 5120K, 0% used [0x00000000d9b80000,0x00000000d9b80000,0x00000000da080000)
 ParOldGen       total 87552K, used 9871K [0x0000000080000000, 0x0000000085580000, 0x00000000d5580000)
  object space 87552K, 11% used [0x0000000080000000,0x00000000809a3fd0,0x0000000085580000)
 Metaspace       used 6295K, capacity 7094K, committed 7296K, reserved 1056768K
  class space    used 607K, capacity 622K, committed 640K, reserved 1048576K
}
Event: 1.356 GC heap before
{Heap before GC invocations=4 (full 0):
 PSYoungGen      total 38400K, used 38380K [0x00000000d5580000, 0x00000000da080000, 0x0000000100000000)
  eden space 33280K, 100% used [0x00000000d5580000,0x00000000d7600000,0x00000000d7600000)
  from space 5120K, 99% used [0x00000000d7600000,0x00000000d7afb360,0x00000000d7b00000)
  to   space 5120K, 0% used [0x00000000d9b80000,0x00000000d9b80000,0x00000000da080000)
 ParOldGen       total 87552K, used 9871K [0x0000000080000000, 0x0000000085580000, 0x00000000d5580000)
  object space 87552K, 11% used [0x0000000080000000,0x00000000809a3fd0,0x0000000085580000)
 Metaspace       used 6332K, capacity 7158K, committed 7296K, reserved 1056768K
  class space    used 608K, capacity 622K, committed 640K, reserved 1048576K
Event: 1.385 GC heap after
Heap after GC invocations=4 (full 0):
 PSYoungGen      total 71680K, used 5089K [0x00000000d5580000, 0x00000000da080000, 0x0000000100000000)
  eden space 66560K, 0% used [0x00000000d5580000,0x00000000d5580000,0x00000000d9680000)
  from space 5120K, 99% used [0x00000000d9b80000,0x00000000da078430,0x00000000da080000)
  to   space 5120K, 0% used [0x00000000d9680000,0x00000000d9680000,0x00000000d9b80000)
 ParOldGen       total 87552K, used 15245K [0x0000000080000000, 0x0000000085580000, 0x00000000d5580000)
  object space 87552K, 17% used [0x0000000080000000,0x0000000080ee3768,0x0000000085580000)
 Metaspace       used 6332K, capacity 7158K, committed 7296K, reserved 1056768K
  class space    used 608K, capacity 622K, committed 640K, reserved 1048576K
}
Event: 1.623 GC heap before
{Heap before GC invocations=5 (full 0):
 PSYoungGen      total 71680K, used 71649K [0x00000000d5580000, 0x00000000da080000, 0x0000000100000000)
  eden space 66560K, 100% used [0x00000000d5580000,0x00000000d9680000,0x00000000d9680000)
  from space 5120K, 99% used [0x00000000d9b80000,0x00000000da078430,0x00000000da080000)
  to   space 5120K, 0% used [0x00000000d9680000,0x00000000d9680000,0x00000000d9b80000)
 ParOldGen       total 87552K, used 15245K [0x0000000080000000, 0x0000000085580000, 0x00000000d5580000)
  object space 87552K, 17% used [0x0000000080000000,0x0000000080ee3768,0x0000000085580000)
 Metaspace       used 6453K, capacity 7192K, committed 7424K, reserved 1056768K
  class space    used 627K, capacity 656K, committed 768K, reserved 1048576K
Event: 1.651 GC heap after
Heap after GC invocations=5 (full 0):
 PSYoungGen      total 71680K, used 5092K [0x00000000d5580000, 0x00000000df580000, 0x0000000100000000)
  eden space 66560K, 0% used [0x00000000d5580000,0x00000000d5580000,0x00000000d9680000)
  from space 5120K, 99% used [0x00000000d9680000,0x00000000d9b79358,0x00000000d9b80000)
  to   space 15360K, 0% used [0x00000000de680000,0x00000000de680000,0x00000000df580000)
 ParOldGen       total 87552K, used 24233K [0x0000000080000000, 0x0000000085580000, 0x00000000d5580000)
  object space 87552K, 27% used [0x0000000080000000,0x00000000817aa4e8,0x0000000085580000)
 Metaspace       used 6453K, capacity 7192K, committed 7424K, reserved 1056768K
  class space    used 627K, capacity 656K, committed 768K, reserved 1048576K
}
Event: 1.820 GC heap before
{Heap before GC invocations=6 (full 0):
 PSYoungGen      total 71680K, used 71652K [0x00000000d5580000, 0x00000000df580000, 0x0000000100000000)
  eden space 66560K, 100% used [0x00000000d5580000,0x00000000d9680000,0x00000000d9680000)
  from space 5120K, 99% used [0x00000000d9680000,0x00000000d9b79358,0x00000000d9b80000)
  to   space 15360K, 0% used [0x00000000de680000,0x00000000de680000,0x00000000df580000)
 ParOldGen       total 87552K, used 24233K [0x0000000080000000, 0x0000000085580000, 0x00000000d5580000)
  object space 87552K, 27% used [0x0000000080000000,0x00000000817aa4e8,0x0000000085580000)
 Metaspace       used 6502K, capacity 7192K, committed 7424K, reserved 1056768K
  class space    used 627K, capacity 656K, committed 768K, reserved 1048576K
Event: 1.843 GC heap after
Heap after GC invocations=6 (full 0):
 PSYoungGen      total 146432K, used 14912K [0x00000000d5580000, 0x00000000df980000, 0x0000000100000000)
  eden space 131072K, 0% used [0x00000000d5580000,0x00000000d5580000,0x00000000dd580000)
  from space 15360K, 97% used [0x00000000de680000,0x00000000df5101a8,0x00000000df580000)
  to   space 17408K, 0% used [0x00000000dd580000,0x00000000dd580000,0x00000000de680000)
 ParOldGen       total 87552K, used 24233K [0x0000000080000000, 0x0000000085580000, 0x00000000d5580000)
  object space 87552K, 27% used [0x0000000080000000,0x00000000817aa4e8,0x0000000085580000)
 Metaspace       used 6502K, capacity 7192K, committed 7424K, reserved 1056768K
  class space    used 627K, capacity 656K, committed 768K, reserved 1048576K
}

Deoptimization events (10 events):
Event: 1.503 Thread 0x0000000018be5000 Uncommon trap: reason=unstable_if action=reinterpret pc=0x0000000002a29d18 method=java.util.HashMap.getNode(ILjava/lang/Object;)Ljava/util/HashMap$Node; @ 84
Event: 1.505 Thread 0x0000000018be5000 Uncommon trap: reason=unstable_if action=reinterpret pc=0x0000000002d5d34c method=java.util.HashMap.putVal(ILjava/lang/Object;Ljava/lang/Object;ZZ)Ljava/lang/Object; @ 162
Event: 1.548 Thread 0x0000000018be5000 Uncommon trap: reason=unstable_if action=reinterpret pc=0x0000000002db715c method=com.android.dx.ssa.LiteralOpUpgrader$1.visitNonMoveInsn(Lcom/android/dx/ssa/NormalSsaInsn;)V @ 176
Event: 1.553 Thread 0x0000000018be5000 Uncommon trap: reason=bimorphic action=maybe_recompile pc=0x0000000002d58b24 method=com.android.dx.ssa.LiteralOpUpgrader.tryReplacingWithConstant(Lcom/android/dx/ssa/NormalSsaInsn;)Z @ 62
Event: 1.670 Thread 0x0000000018be6800 Uncommon trap: reason=bimorphic action=maybe_recompile pc=0x0000000002d58b24 method=com.android.dx.ssa.LiteralOpUpgrader.tryReplacingWithConstant(Lcom/android/dx/ssa/NormalSsaInsn;)Z @ 62
Event: 1.690 Thread 0x0000000018be5800 Uncommon trap: reason=unstable_if action=reinterpret pc=0x0000000002d3c7d4 method=com.android.dx.ssa.MoveParamCombiner$1.visitNonMoveInsn(Lcom/android/dx/ssa/NormalSsaInsn;)V @ 27
Event: 1.754 Thread 0x0000000018be1800 Uncommon trap: reason=unstable_if action=reinterpret pc=0x0000000002dbe6b4 method=java.util.HashMap.resize()[Ljava/util/HashMap$Node; @ 206
Event: 1.794 Thread 0x0000000018be5000 Uncommon trap: reason=unstable_if action=reinterpret pc=0x0000000002b215a8 method=com.android.dx.dex.code.OutputFinisher.hasLocalInfo(Lcom/android/dx/dex/code/DalvInsn;)Z @ 24
Event: 1.874 Thread 0x0000000018be5000 Uncommon trap: reason=unstable_if action=reinterpret pc=0x0000000002df6804 method=com.android.dx.rop.cst.CstNat.equals(Ljava/lang/Object;)Z @ 25
Event: 1.920 Thread 0x0000000018be6800 Uncommon trap: reason=unstable_if action=reinterpret pc=0x0000000002d45d10 method=com.android.dx.ssa.SCCP.simulateBranch(Lcom/android/dx/ssa/SsaInsn;)V @ 548

Internal exceptions (6 events):
Event: 0.035 Thread 0x00000000025d0800 Exception <a 'java/lang/NoSuchMethodError': Method sun.misc.Unsafe.defineClass(Ljava/lang/String;[BII)Ljava/lang/Class; name or signature does not match> (0x00000000d5593090) thrown at [D:\re\puppet\workspace\8-2-build-windows-amd64-cygwin\jdk8u73\6086\hotñjFÖAﬂ°?
Event: 0.035 Thread 0x00000000025d0800 Exception <a 'java/lang/NoSuchMethodError': Method sun.misc.Unsafe.prefetchRead(Ljava/lang/Object;J)V name or signature does not match> (0x00000000d5593378) thrown at [D:\re\puppet\workspace\8-2-build-windows-amd64-cygwin\jdk8u73\6086\hotspot\src\share\vm\°£Á	Ë?
Event: 0.751 Thread 0x0000000018be1800 Implicit null exception at 0x00000000029ddb1f to 0x00000000029df8a9
Event: 1.498 Thread 0x0000000018be5000 Exception <a 'java/lang/ArrayIndexOutOfBoundsException': 18> (0x00000000d797ca00) thrown at [D:\re\puppet\workspace\8-2-build-windows-amd64-cygwin\jdk8u73\6086\hotspot\src\share\vm\interpreter\interpreterRuntime.cpp, line 366]
Event: 1.499 Thread 0x0000000018be5000 Exception <a 'java/lang/ArrayIndexOutOfBoundsException'> (0x00000000d797e580) thrown at [D:\re\puppet\workspace\8-2-build-windows-amd64-cygwin\jdk8u73\6086\hotspot\src\share\vm\runtime\sharedRuntime.cpp, line 605]
Event: 1.499 Thread 0x0000000018be5000 Exception <a 'java/lang/ArrayIndexOutOfBoundsException'> (0x00000000d797f868) thrown at [D:\re\puppet\workspace\8-2-build-windows-amd64-cygwin\jdk8u73\6086\hotspot\src\share\vm\runtime\sharedRuntime.cpp, line 605]

Events (10 events):
Event: 1.920 Thread 0x0000000018be6800 Uncommon trap: trap_request=0xffffff65 fr.pc=0x0000000002d45d10
Event: 1.920 Thread 0x0000000018be6800 DEOPT PACKING pc=0x0000000002d45d10 sp=0x000000001965e710
Event: 1.920 Thread 0x0000000018be6800 DEOPT UNPACKING pc=0x000000000271582a sp=0x000000001965e6e8 mode 2
Event: 1.956 loading class java/util/HashMap$KeySet
Event: 1.956 loading class java/util/HashMap$KeySet done
Event: 1.956 loading class java/util/HashMap$KeyIterator
Event: 1.956 loading class java/util/HashMap$KeyIterator done
Event: 1.978 Thread 0x0000000018be6800 Thread exited: 0x0000000018be6800
Event: 1.980 Thread 0x0000000018be5800 Thread exited: 0x0000000018be5800
Event: 1.981 Thread 0x0000000018be5000 Thread exited: 0x0000000018be5000


Dynamic libraries:
0x00007ff6fb7a0000 - 0x00007ff6fb7d7000 	X:\Program Files\Java\jdk1.8.0_73\bin\java.exe
0x00007ffec5b10000 - 0x00007ffec5cd1000 	X:\Windows\SYSTEM32\ntdll.dll
0x00007ffec35e0000 - 0x00007ffec368d000 	X:\Windows\system32\KERNEL32.DLL
0x00007ffec2930000 - 0x00007ffec2b18000 	X:\Windows\system32\KERNELBASE.dll
0x00007ffec34c0000 - 0x00007ffec3567000 	X:\Windows\system32\ADVAPI32.dll
0x00007ffec50c0000 - 0x00007ffec515d000 	X:\Windows\system32\msvcrt.dll
0x00007ffec59a0000 - 0x00007ffec59fb000 	X:\Windows\system32\sechost.dll
0x00007ffec2f10000 - 0x00007ffec302c000 	X:\Windows\system32\RPCRT4.dll
0x00007ffec32f0000 - 0x00007ffec3446000 	X:\Windows\system32\USER32.dll
0x00007ffec3030000 - 0x00007ffec31b6000 	X:\Windows\system32\GDI32.dll
0x00007ffeb89d0000 - 0x00007ffeb8c44000 	X:\Windows\WinSxS\amd64_microsoft.windows.common-controls_6595b64144ccf1df_6.0.10586.0_none_8c15ae12515e1c22\COMCTL32.dll
0x00007ffec4e20000 - 0x00007ffec509d000 	X:\Windows\system32\combase.dll
0x00007ffec2ea0000 - 0x00007ffec2f0a000 	X:\Windows\system32\bcryptPrimitives.dll
0x00007ffec56f0000 - 0x00007ffec572b000 	X:\Windows\system32\IMM32.DLL
0x0000000052330000 - 0x0000000052402000 	X:\Program Files\Java\jdk1.8.0_73\jre\bin\msvcr100.dll
0x0000000052890000 - 0x0000000053120000 	X:\Program Files\Java\jdk1.8.0_73\jre\bin\server\jvm.dll
0x00007ffec4c50000 - 0x00007ffec4c58000 	X:\Windows\system32\PSAPI.DLL
0x00007ffebded0000 - 0x00007ffebded9000 	X:\Windows\SYSTEM32\WSOCK32.dll
0x00007ffec3570000 - 0x00007ffec35db000 	X:\Windows\system32\WS2_32.dll
0x00007ffec0720000 - 0x00007ffec0743000 	X:\Windows\SYSTEM32\WINMM.dll
0x00007ffebe7e0000 - 0x00007ffebe7ea000 	X:\Windows\SYSTEM32\VERSION.dll
0x00000000004e0000 - 0x000000000050c000 	X:\Windows\SYSTEM32\WINMMBASE.dll
0x00007ffec2bd0000 - 0x00007ffec2c13000 	X:\Windows\system32\cfgmgr32.dll
0x00000000527a0000 - 0x00000000527af000 	X:\Program Files\Java\jdk1.8.0_73\jre\bin\verify.dll
0x0000000052770000 - 0x0000000052799000 	X:\Program Files\Java\jdk1.8.0_73\jre\bin\java.dll
0x0000000052750000 - 0x0000000052766000 	X:\Program Files\Java\jdk1.8.0_73\jre\bin\zip.dll
0x00007ffec36f0000 - 0x00007ffec4c4c000 	X:\Windows\system32\SHELL32.dll
0x00007ffec2220000 - 0x00007ffec2865000 	X:\Windows\system32\windows.storage.dll
0x00007ffec3690000 - 0x00007ffec36e2000 	X:\Windows\system32\shlwapi.dll
0x00007ffec2130000 - 0x00007ffec213f000 	X:\Windows\system32\kernel.appcore.dll
0x00007ffec2870000 - 0x00007ffec2925000 	X:\Windows\system32\shcore.dll
0x00007ffec2140000 - 0x00007ffec218b000 	X:\Windows\system32\powrprof.dll
0x00007ffec2190000 - 0x00007ffec21a4000 	X:\Windows\system32\profapi.dll

VM Arguments:
jvm_args: -Djava.awt.headless=true -Xmx2g -Dfile.encoding=GBK -Duser.country=CN -Duser.language=zh -Duser.variant 
java_command: com.android.dx.command.Main --dex --num-threads=4 --multi-dex --output E:\Android\CalorieCounter\app\build\intermediates\transforms\dex\debug\folders\1000\10\com.android.support-appcompat-v7-23.2.1_14a456de78e3d3b230e6c027cdbf92653362251b E:\Android\CalorieCounter\app\build\intermediates\exploded-aar\com.android.support\appcompat-v7\23.2.1\jars\classes.jar
java_class_path (initial): E:\QMDownload\SDK\build-tools\23.0.3\lib\dx.jar
Launcher Type: SUN_STANDARD

Environment Variables:
PATH=X:\ProgramData\Oracle\Java\javapath;X:\Windows\system32;X:\Windows;X:\Windows\System32\Wbem;X:\Windows\System32\WindowsPowerShell\v1.0\;X:\Program Files (x86)\ATI Technologies\ATI.ACE\Core-Static;D:\Program Files\MATLAB\R2013a\runtime\win64;D:\Program Files\MATLAB\R2013a\bin;X:\Program Files\Java\jdk1.8.0_73\bin;D:\Python27;X:\Program Files (x86)\MySQL\MySQL Fabric 1.5 & MySQL Utilities 1.5\;X:\Program Files (x86)\MySQL\MySQL Fabric 1.5 & MySQL Utilities 1.5\Doctrine extensions for PHP\;E:\QMDownload\SDK\platform-tools
USERNAME=Õı…≠
OS=Windows_NT
PROCESSOR_IDENTIFIER=Intel64 Family 6 Model 60 Stepping 3, GenuineIntel



---------------  S Y S T E M  ---------------

OS: Windows 10.0 , 64 bit Build 10586 (10.0.10586.0)

CPU:total 4 (4 cores per cpu, 1 threads per core) family 6 model 60 stepping 3, cmov, cx8, fxsr, mmx, sse, sse2, sse3, ssse3, sse4.1, sse4.2, popcnt, avx, avx2, aes, clmul, erms, lzcnt, tsc, tscinvbit, bmi1, bmi2

Memory: 4k page, physical 8315044k(1400184k free), swap 8315044k(5576k free)

vm_info: Java HotSpot(TM) 64-Bit Server VM (25.73-b02) for windows-amd64 JRE (1.8.0_73-b02), built on Jan 29 2016 17:38:49 by "java_re" with MS VC++ 10.0 (VS2010)

time: Tue Apr 26 20:34:02 2016
elapsed time: 1 seconds (0d 0h 0m 1s)

