#
# There is insufficient memory for the Java Runtime Environment to continue.
# Native memory allocation (malloc) failed to allocate 522048 bytes for Chunk::new
# Possible reasons:
#   The system is out of physical RAM or swap space
#   In 32 bit mode, the process size limit was hit
# Possible solutions:
#   Reduce memory load on the system
#   Increase physical memory or swap space
#   Check if swap backing store is full
#   Use 64 bit Java on a 64 bit OS
#   Decrease Java heap size (-Xmx/-Xms)
#   Decrease number of Java threads
#   Decrease Java thread stack sizes (-Xss)
#   Set larger code cache with -XX:ReservedCodeCacheSize=
# This output file may be truncated or incomplete.
#
#  Out of Memory Error (allocation.cpp:390), pid=7048, tid=4708
#
# JRE version: Java(TM) SE Runtime Environment (8.0_73-b02) (build 1.8.0_73-b02)
# Java VM: Java HotSpot(TM) 64-Bit Server VM (25.73-b02 mixed mode windows-amd64 compressed oops)
# Failed to write core dump. Minidumps are not enabled by default on client versions of Windows
#

---------------  T H R E A D  ---------------

Current thread (0x0000000014e1a000):  JavaThread "C2 CompilerThread0" daemon [_thread_in_native, id=4708, stack(0x0000000016320000,0x0000000016420000)]

Stack: [0x0000000016320000,0x0000000016420000]
[error occurred during error reporting (printing stack bounds), id 0xc0000005]

Native frames: (J=compiled Java code, j=interpreted, Vv=VM code, C=native code)


Current CompileTask:
C2:   1662 1238   !   4       com.android.dx.cf.code.BytecodeArray::parseInstruction (2764 bytes)


---------------  P R O C E S S  ---------------

Java Threads: ( => current thread )
  0x00000000166bf800 JavaThread "pool-1-thread-4" [_thread_in_vm, id=9900, stack(0x0000000017020000,0x0000000017120000)]
  0x00000000166bb000 JavaThread "pool-1-thread-3" [_thread_in_Java, id=7848, stack(0x0000000016f20000,0x0000000017020000)]
  0x00000000166b1000 JavaThread "pool-1-thread-2" [_thread_blocked, id=3196, stack(0x0000000016e20000,0x0000000016f20000)]
  0x0000000016717800 JavaThread "pool-2-thread-1" [_thread_blocked, id=10060, stack(0x0000000016d20000,0x0000000016e20000)]
  0x0000000016716800 JavaThread "pool-1-thread-1" [_thread_blocked, id=7400, stack(0x0000000016c20000,0x0000000016d20000)]
  0x0000000016489000 JavaThread "Service Thread" daemon [_thread_blocked, id=7788, stack(0x0000000016a20000,0x0000000016b20000)]
  0x000000001647a800 JavaThread "C1 CompilerThread2" daemon [_thread_in_native, id=4388, stack(0x0000000016920000,0x0000000016a20000)]
  0x0000000016477800 JavaThread "C2 CompilerThread1" daemon [_thread_in_native, id=9524, stack(0x0000000016820000,0x0000000016920000)]
=>0x0000000014e1a000 JavaThread "C2 CompilerThread0" daemon [_thread_in_native, id=4708, stack(0x0000000016320000,0x0000000016420000)]
  0x0000000014db7800 JavaThread "Attach Listener" daemon [_thread_blocked, id=3404, stack(0x0000000016220000,0x0000000016320000)]
  0x0000000014e19000 JavaThread "Signal Dispatcher" daemon [_thread_blocked, id=6048, stack(0x0000000016120000,0x0000000016220000)]
  0x0000000002631000 JavaThread "Finalizer" daemon [_thread_blocked, id=7872, stack(0x0000000016020000,0x0000000016120000)]
  0x0000000014d88800 JavaThread "Reference Handler" daemon [_thread_blocked, id=5516, stack(0x0000000015f20000,0x0000000016020000)]
  0x0000000002540800 JavaThread "main" [_thread_in_Java, id=10004, stack(0x0000000002050000,0x0000000002150000)]

Other Threads:
  0x0000000014d86800 VMThread [stack: 0x0000000015e20000,0x0000000015f20000] [id=3988]
  0x0000000016485000 WatcherThread [stack: 0x0000000016b20000,0x0000000016c20000] [id=10132]

VM state:not at safepoint (normal execution)

VM Mutex/Monitor currently owned by a thread:  ([mutex/lock_event])
[0x00000000026eb8a0] CodeCache_lock - owner thread: 0x000000001647a800
[0x00000000026ed080] Compile_lock - owner thread: 0x000000001647a800
[0x00000000026ece00] MethodCompileQueue_lock - owner thread: 0x000000001647a800

Heap:
 PSYoungGen      total 38400K, used 13125K [0x00000000eab00000, 0x00000000ed580000, 0x0000000100000000)
  eden space 33280K, 24% used [0x00000000eab00000,0x00000000eb2d5170,0x00000000ecb80000)
  from space 5120K, 99% used [0x00000000ecb80000,0x00000000ed07c5f8,0x00000000ed080000)
  to   space 5120K, 0% used [0x00000000ed080000,0x00000000ed080000,0x00000000ed580000)
 ParOldGen       total 87552K, used 273K [0x00000000c0000000, 0x00000000c5580000, 0x00000000eab00000)
  object space 87552K, 0% used [0x00000000c0000000,0x00000000c00444f0,0x00000000c5580000)
 Metaspace       used 6081K, capacity 6964K, committed 7040K, reserved 1056768K
  class space    used 605K, capacity 620K, committed 640K, reserved 1048576K

Card table byte_map: [0x0000000011ab0000,0x0000000011cc0000] byte_map_base: 0x00000000114b0000

Marking Bits: (ParMarkBitMap*) 0x00000000540e0600
 Begin Bits: [0x0000000012220000, 0x0000000013220000)
 End Bits:   [0x0000000013220000, 0x0000000014220000)

Polling page: 0x00000000001f0000

CodeCache: size=245760Kb used=5042Kb max_used=5042Kb free=240717Kb
 bounds [0x00000000026f0000, 0x0000000002bf0000, 0x00000000116f0000]
 total_blobs=1533 nmethods=1262 adapters=184
 compilation: enabled

Compilation events (10 events):
Event: 1.658 Thread 0x000000001647a800 1256       3       com.android.dx.rop.cst.TypedConstant::getFrameType (2 bytes)
Event: 1.658 Thread 0x000000001647a800 nmethod 1256 0x0000000002bc7090 code [0x0000000002bc71e0, 0x0000000002bc7330]
Event: 1.658 Thread 0x000000001647a800 1257       3       com.android.dx.util.ByteArray::makeDataInputStream (12 bytes)
Event: 1.659 Thread 0x000000001647a800 nmethod 1257 0x0000000002bd24d0 code [0x0000000002bd2680, 0x0000000002bd2e70]
Event: 1.659 Thread 0x000000001647a800 1258       3       com.android.dx.util.ByteArray::makeInputStream (9 bytes)
Event: 1.659 Thread 0x000000001647a800 nmethod 1258 0x0000000002bd8210 code [0x0000000002bd8380, 0x0000000002bd8650]
Event: 1.659 Thread 0x000000001647a800 1259       3       com.android.dx.ssa.SsaConverter::edgeSplitMoveExceptionsAndResults (157 bytes)
Event: 1.660 Thread 0x0000000016477800 1263       4       com.android.dx.ssa.SsaMethod$2::addToUses (48 bytes)
Event: 1.660 Thread 0x000000001647a800 nmethod 1259 0x0000000002bd8790 code [0x0000000002bd8b40, 0x0000000002bda9a8]
Event: 1.660 Thread 0x000000001647a800 1262       3       com.android.dx.ssa.SsaMethod::makeExitBlock (134 bytes)

GC Heap History (2 events):
Event: 1.387 GC heap before
{Heap before GC invocations=1 (full 0):
 PSYoungGen      total 38400K, used 33280K [0x00000000eab00000, 0x00000000ed580000, 0x0000000100000000)
  eden space 33280K, 100% used [0x00000000eab00000,0x00000000ecb80000,0x00000000ecb80000)
  from space 5120K, 0% used [0x00000000ed080000,0x00000000ed080000,0x00000000ed580000)
  to   space 5120K, 0% used [0x00000000ecb80000,0x00000000ecb80000,0x00000000ed080000)
 ParOldGen       total 87552K, used 0K [0x00000000c0000000, 0x00000000c5580000, 0x00000000eab00000)
  object space 87552K, 0% used [0x00000000c0000000,0x00000000c0000000,0x00000000c5580000)
 Metaspace       used 6001K, capacity 6900K, committed 7040K, reserved 1056768K
  class space    used 605K, capacity 620K, committed 640K, reserved 1048576K
Event: 1.506 GC heap after
Heap after GC invocations=1 (full 0):
 PSYoungGen      total 38400K, used 5105K [0x00000000eab00000, 0x00000000ed580000, 0x0000000100000000)
  eden space 33280K, 0% used [0x00000000eab00000,0x00000000eab00000,0x00000000ecb80000)
  from space 5120K, 99% used [0x00000000ecb80000,0x00000000ed07c5f8,0x00000000ed080000)
  to   space 5120K, 0% used [0x00000000ed080000,0x00000000ed080000,0x00000000ed580000)
 ParOldGen       total 87552K, used 273K [0x00000000c0000000, 0x00000000c5580000, 0x00000000eab00000)
  object space 87552K, 0% used [0x00000000c0000000,0x00000000c00444f0,0x00000000c5580000)
 Metaspace       used 6001K, capacity 6900K, committed 7040K, reserved 1056768K
  class space    used 605K, capacity 620K, committed 640K, reserved 1048576K
}

Deoptimization events (8 events):
Event: 0.310 Thread 0x0000000002540800 Uncommon trap: reason=unstable_if action=reinterpret pc=0x0000000002843614 method=java.lang.String.compareTo(Ljava/lang/String;)I @ 38
Event: 0.987 Thread 0x00000000166b1000 Uncommon trap: reason=unstable_if action=reinterpret pc=0x0000000002937cec method=java.util.HashMap.getNode(ILjava/lang/Object;)Ljava/util/HashMap$Node; @ 129
Event: 0.988 Thread 0x00000000166b1000 Uncommon trap: reason=unstable_if action=reinterpret pc=0x00000000029df0f0 method=java.util.HashMap.getNode(ILjava/lang/Object;)Ljava/util/HashMap$Node; @ 62
Event: 0.992 Thread 0x0000000016716800 Uncommon trap: reason=class_check action=maybe_recompile pc=0x00000000029f04b0 method=com.android.dx.ssa.NormalSsaInsn.accept(Lcom/android/dx/ssa/SsaInsn$Visitor;)V @ 9
Event: 0.992 Thread 0x0000000016716800 Uncommon trap: reason=class_check action=maybe_recompile pc=0x00000000029f04b0 method=com.android.dx.ssa.NormalSsaInsn.accept(Lcom/android/dx/ssa/SsaInsn$Visitor;)V @ 9
Event: 0.992 Thread 0x0000000016716800 Uncommon trap: reason=class_check action=maybe_recompile pc=0x00000000029f04b0 method=com.android.dx.ssa.NormalSsaInsn.accept(Lcom/android/dx/ssa/SsaInsn$Visitor;)V @ 9
Event: 0.992 Thread 0x0000000016716800 Uncommon trap: reason=class_check action=maybe_recompile pc=0x00000000029f04b0 method=com.android.dx.ssa.NormalSsaInsn.accept(Lcom/android/dx/ssa/SsaInsn$Visitor;)V @ 9
Event: 1.385 Thread 0x00000000166bf800 Uncommon trap: reason=unstable_if action=reinterpret pc=0x0000000002986b30 method=java.util.BitSet.nextSetBit(I)I @ 87

Internal exceptions (2 events):
Event: 0.032 Thread 0x0000000002540800 Exception <a 'java/lang/NoSuchMethodError': Method sun.misc.Unsafe.defineClass(Ljava/lang/String;[BII)Ljava/lang/Class; name or signature does not match> (0x00000000eab13090) thrown at [D:\re\puppet\workspace\8-2-build-windows-amd64-cygwin\jdk8u73\6086\hotå”MfQ0 ?
Event: 0.032 Thread 0x0000000002540800 Exception <a 'java/lang/NoSuchMethodError': Method sun.misc.Unsafe.prefetchRead(Ljava/lang/Object;J)V name or signature does not match> (0x00000000eab13378) thrown at [D:\re\puppet\workspace\8-2-build-windows-amd64-cygwin\jdk8u73\6086\hotspot\src\share\vm\

Events (10 events):
Event: 1.168 Executing VM operation: ForceSafepoint done
Event: 1.170 loading class java/util/ArrayList$1
Event: 1.170 loading class java/util/ArrayList$1 done
Event: 1.372 loading class com/android/dx/dex/file/FieldAnnotationStruct
Event: 1.372 loading class com/android/dx/dex/file/FieldAnnotationStruct done
Event: 1.385 Thread 0x00000000166bf800 Uncommon trap: trap_request=0xffffff65 fr.pc=0x0000000002986b30
Event: 1.385 Thread 0x00000000166bf800 DEOPT PACKING pc=0x0000000002986b30 sp=0x000000001711e820
Event: 1.385 Thread 0x00000000166bf800 DEOPT UNPACKING pc=0x000000000273582a sp=0x000000001711e7b8 mode 2
Event: 1.387 Executing VM operation: ParallelGCFailedAllocation
Event: 1.506 Executing VM operation: ParallelGCFailedAllocation done


Dynamic libraries:
0x00007ff6dbe30000 - 0x00007ff6dbe67000 	X:\Program Files\Java\jdk1.8.0_73\bin\java.exe
0x00007ff876650000 - 0x00007ff876811000 	X:\Windows\SYSTEM32\ntdll.dll
0x00007ff8762a0000 - 0x00007ff87634d000 	X:\Windows\system32\KERNEL32.DLL
0x00007ff873400000 - 0x00007ff8735e8000 	X:\Windows\system32\KERNELBASE.dll
0x00007ff875900000 - 0x00007ff8759a7000 	X:\Windows\system32\ADVAPI32.dll
0x00007ff875860000 - 0x00007ff8758fd000 	X:\Windows\system32\msvcrt.dll
0x00007ff876020000 - 0x00007ff87607b000 	X:\Windows\system32\sechost.dll
0x00007ff874050000 - 0x00007ff87416c000 	X:\Windows\system32\RPCRT4.dll
0x00007ff873ee0000 - 0x00007ff874036000 	X:\Windows\system32\USER32.dll
0x00007ff8756d0000 - 0x00007ff875856000 	X:\Windows\system32\GDI32.dll
0x00007ff86b170000 - 0x00007ff86b3e4000 	X:\Windows\WinSxS\amd64_microsoft.windows.common-controls_6595b64144ccf1df_6.0.10586.0_none_8c15ae12515e1c22\COMCTL32.dll
0x00007ff875d20000 - 0x00007ff875f9d000 	X:\Windows\system32\combase.dll
0x00007ff873740000 - 0x00007ff8737aa000 	X:\Windows\system32\bcryptPrimitives.dll
0x00007ff873a50000 - 0x00007ff873a8b000 	X:\Windows\system32\IMM32.DLL
0x0000000053340000 - 0x0000000053412000 	X:\Program Files\Java\jdk1.8.0_73\jre\bin\msvcr100.dll
0x00000000538d0000 - 0x0000000054160000 	X:\Program Files\Java\jdk1.8.0_73\jre\bin\server\jvm.dll
0x00007ff874040000 - 0x00007ff874048000 	X:\Windows\system32\PSAPI.DLL
0x00007ff86b4c0000 - 0x00007ff86b4c9000 	X:\Windows\SYSTEM32\WSOCK32.dll
0x00007ff870f20000 - 0x00007ff870f43000 	X:\Windows\SYSTEM32\WINMM.dll
0x00007ff875fa0000 - 0x00007ff87600b000 	X:\Windows\system32\WS2_32.dll
0x00007ff86f250000 - 0x00007ff86f25a000 	X:\Windows\SYSTEM32\VERSION.dll
0x00000000007f0000 - 0x000000000081c000 	X:\Windows\SYSTEM32\WINMMBASE.dll
0x00007ff872d60000 - 0x00007ff872da3000 	X:\Windows\system32\cfgmgr32.dll
0x00000000537e0000 - 0x00000000537ef000 	X:\Program Files\Java\jdk1.8.0_73\jre\bin\verify.dll
0x00000000537b0000 - 0x00000000537d9000 	X:\Program Files\Java\jdk1.8.0_73\jre\bin\java.dll
0x0000000053790000 - 0x00000000537a6000 	X:\Program Files\Java\jdk1.8.0_73\jre\bin\zip.dll
0x00007ff874170000 - 0x00007ff8756cc000 	X:\Windows\system32\SHELL32.dll
0x00007ff872db0000 - 0x00007ff8733f5000 	X:\Windows\system32\windows.storage.dll
0x00007ff876240000 - 0x00007ff876292000 	X:\Windows\system32\shlwapi.dll
0x00007ff872ce0000 - 0x00007ff872cef000 	X:\Windows\system32\kernel.appcore.dll
0x00007ff873680000 - 0x00007ff873735000 	X:\Windows\system32\shcore.dll
0x00007ff872c90000 - 0x00007ff872cdb000 	X:\Windows\system32\powrprof.dll
0x00007ff872c70000 - 0x00007ff872c84000 	X:\Windows\system32\profapi.dll

VM Arguments:
jvm_args: -Djava.awt.headless=true -Xmx1024M -Dfile.encoding=GBK -Duser.country=CN -Duser.language=zh -Duser.variant 
java_command: com.android.dx.command.Main --dex --num-threads=4 --output E:\Android\CalorieCounter\app\build\intermediates\pre-dexed\debug\com.android.support-support-v4-23.2.1_b3f86bb7eb2bf098389785e98df432783523f3ad.jar E:\Android\CalorieCounter\app\build\intermediates\exploded-aar\com.android.support\support-v4\23.2.1\jars\classes.jar
java_class_path (initial): E:\QMDownload\SDK\build-tools\23.0.3\lib\dx.jar
Launcher Type: SUN_STANDARD

Environment Variables:
PATH=X:\ProgramData\Oracle\Java\javapath;X:\Windows\system32;X:\Windows;X:\Windows\System32\Wbem;X:\Windows\System32\WindowsPowerShell\v1.0\;X:\Program Files (x86)\ATI Technologies\ATI.ACE\Core-Static;D:\Program Files\MATLAB\R2013a\runtime\win64;D:\Program Files\MATLAB\R2013a\bin;X:\Program Files\Java\jdk1.8.0_73\bin;D:\Python27;X:\Program Files (x86)\MySQL\MySQL Fabric 1.5 & MySQL Utilities 1.5\;X:\Program Files (x86)\MySQL\MySQL Fabric 1.5 & MySQL Utilities 1.5\Doctrine extensions for PHP\
USERNAME=ÍõÉ­
OS=Windows_NT
PROCESSOR_IDENTIFIER=Intel64 Family 6 Model 60 Stepping 3, GenuineIntel



---------------  S Y S T E M  ---------------

OS: Windows 10.0 , 64 bit Build 10586 (10.0.10586.0)

CPU:total 4 (4 cores per cpu, 1 threads per core) family 6 model 60 stepping 3, cmov, cx8, fxsr, mmx, sse, sse2, sse3, ssse3, sse4.1, sse4.2, popcnt, avx, avx2, aes, clmul, erms, lzcnt, tsc, tscinvbit, bmi1, bmi2

Memory: 4k page, physical 8315044k(1841804k free), swap 8315044k(5460k free)

vm_info: Java HotSpot(TM) 64-Bit Server VM (25.73-b02) for windows-amd64 JRE (1.8.0_73-b02), built on Jan 29 2016 17:38:49 by "java_re" with MS VC++ 10.0 (VS2010)

time: Sat Apr 16 13:42:16 2016
elapsed time: 1 seconds (0d 0h 0m 1s)

