#
# There is insufficient memory for the Java Runtime Environment to continue.
# Native memory allocation (malloc) failed to allocate 1014096 bytes for Chunk::new
# Possible reasons:
#   The system is out of physical RAM or swap space
#   In 32 bit mode, the process size limit was hit
# Possible solutions:
#   Reduce memory load on the system
#   Increase physical memory or swap space
#   Check if swap backing store is full
#   Use 64 bit Java on a 64 bit OS
#   Decrease Java heap size (-Xmx/-Xms)
#   Decrease number of Java threads
#   Decrease Java thread stack sizes (-Xss)
#   Set larger code cache with -XX:ReservedCodeCacheSize=
# This output file may be truncated or incomplete.
#
#  Out of Memory Error (allocation.cpp:390), pid=7264, tid=9696
#
# JRE version: Java(TM) SE Runtime Environment (8.0_73-b02) (build 1.8.0_73-b02)
# Java VM: Java HotSpot(TM) 64-Bit Server VM (25.73-b02 mixed mode windows-amd64 compressed oops)
# Failed to write core dump. Minidumps are not enabled by default on client versions of Windows
#

---------------  T H R E A D  ---------------

Current thread (0x000000001720a800):  JavaThread "C2 CompilerThread0" daemon [_thread_in_native, id=9696, stack(0x0000000018700000,0x0000000018800000)]

Stack: [0x0000000018700000,0x0000000018800000]
[error occurred during error reporting (printing stack bounds), id 0xc0000005]

Native frames: (J=compiled Java code, j=interpreted, Vv=VM code, C=native code)


Current CompileTask:
C2:   1984 1211       4       com.android.dx.ssa.SCCP::simulateStmt (481 bytes)


---------------  P R O C E S S  ---------------

Java Threads: ( => current thread )
  0x000000001898d000 JavaThread "pool-2-thread-2" [_thread_in_Java, id=10144, stack(0x0000000019200000,0x0000000019300000)]
  0x000000001898a000 JavaThread "pool-3-thread-1" [_thread_blocked, id=6236, stack(0x0000000019100000,0x0000000019200000)]
  0x0000000018860800 JavaThread "Service Thread" daemon [_thread_blocked, id=3932, stack(0x0000000018e00000,0x0000000018f00000)]
  0x000000001885b800 JavaThread "C1 CompilerThread2" daemon [_thread_in_vm, id=12628, stack(0x0000000018d00000,0x0000000018e00000)]
  0x0000000018855800 JavaThread "C2 CompilerThread1" daemon [_thread_in_native, id=8800, stack(0x0000000018c00000,0x0000000018d00000)]
=>0x000000001720a800 JavaThread "C2 CompilerThread0" daemon [_thread_in_native, id=9696, stack(0x0000000018700000,0x0000000018800000)]
  0x00000000171be800 JavaThread "Attach Listener" daemon [_thread_blocked, id=13692, stack(0x0000000018600000,0x0000000018700000)]
  0x00000000171bd800 JavaThread "Signal Dispatcher" daemon [_thread_blocked, id=6664, stack(0x0000000018500000,0x0000000018600000)]
  0x0000000002580800 JavaThread "Finalizer" daemon [_thread_blocked, id=6492, stack(0x0000000018400000,0x0000000018500000)]
  0x000000000257d000 JavaThread "Reference Handler" daemon [_thread_blocked, id=1836, stack(0x0000000018300000,0x0000000018400000)]
  0x0000000002490800 JavaThread "main" [_thread_blocked, id=7412, stack(0x0000000001f70000,0x0000000002070000)]

Other Threads:
  0x0000000017178000 VMThread [stack: 0x0000000018200000,0x0000000018300000] [id=10032]
  0x00000000188aa000 WatcherThread [stack: 0x0000000018f00000,0x0000000019000000] [id=11592]

VM state:not at safepoint (normal execution)

VM Mutex/Monitor currently owned by a thread: None

Heap:
 PSYoungGen      total 38400K, used 10898K [0x00000000d5580000, 0x00000000da080000, 0x0000000100000000)
  eden space 33280K, 17% used [0x00000000d5580000,0x00000000d5b2aa78,0x00000000d7600000)
  from space 5120K, 99% used [0x00000000d7600000,0x00000000d7afa068,0x00000000d7b00000)
  to   space 5120K, 0% used [0x00000000d9b80000,0x00000000d9b80000,0x00000000da080000)
 ParOldGen       total 87552K, used 1236K [0x0000000080000000, 0x0000000085580000, 0x00000000d5580000)
  object space 87552K, 1% used [0x0000000080000000,0x00000000801351f0,0x0000000085580000)
 Metaspace       used 6006K, capacity 6902K, committed 7040K, reserved 1056768K
  class space    used 601K, capacity 622K, committed 640K, reserved 1048576K

Card table byte_map: [0x0000000011950000,0x0000000011d60000] byte_map_base: 0x0000000011550000

Marking Bits: (ParMarkBitMap*) 0x0000000075d70600
 Begin Bits: [0x0000000012410000, 0x0000000014410000)
 End Bits:   [0x0000000014410000, 0x0000000016410000)

Polling page: 0x00000000001f0000

CodeCache: size=245760Kb used=4955Kb max_used=4971Kb free=240804Kb
 bounds [0x0000000002590000, 0x0000000002a70000, 0x0000000011590000]
 total_blobs=1510 nmethods=1239 adapters=184
 compilation: enabled

Compilation events (10 events):
Event: 1.885 Thread 0x000000001885b800 1241       3       java.util.HashMap$EntryIterator::next (5 bytes)
Event: 1.885 Thread 0x000000001885b800 nmethod 1241 0x0000000002a65b10 code [0x0000000002a65c80, 0x0000000002a65e88]
Event: 1.887 Thread 0x000000001885b800 1246       3       com.android.dx.cf.iface.StdAttributeList::findNext (85 bytes)
Event: 1.887 Thread 0x000000001885b800 nmethod 1246 0x0000000002a65f10 code [0x0000000002a66100, 0x0000000002a66d08]
Event: 1.888 Thread 0x000000001885b800 1247       3       com.android.dx.rop.cst.CstKnownNull::equals (5 bytes)
Event: 1.888 Thread 0x000000001885b800 nmethod 1247 0x0000000002a670d0 code [0x0000000002a67220, 0x0000000002a67470]
Event: 1.914 Thread 0x000000001720a800 nmethod 1221% 0x0000000002a6ba10 code [0x0000000002a6bc60, 0x0000000002a6d4d8]
Event: 1.914 Thread 0x000000001720a800 1209       4       com.android.dx.ssa.SsaMethod$2::visitNonMoveInsn (6 bytes)
Event: 1.915 Thread 0x000000001720a800 nmethod 1209 0x0000000002a28110 code [0x0000000002a28260, 0x0000000002a282e8]
Event: 1.915 Thread 0x000000001720a800 1211       4       com.android.dx.ssa.SCCP::simulateStmt (481 bytes)

GC Heap History (2 events):
Event: 1.813 GC heap before
{Heap before GC invocations=1 (full 0):
 PSYoungGen      total 38400K, used 33280K [0x00000000d5580000, 0x00000000d8000000, 0x0000000100000000)
  eden space 33280K, 100% used [0x00000000d5580000,0x00000000d7600000,0x00000000d7600000)
  from space 5120K, 0% used [0x00000000d7b00000,0x00000000d7b00000,0x00000000d8000000)
  to   space 5120K, 0% used [0x00000000d7600000,0x00000000d7600000,0x00000000d7b00000)
 ParOldGen       total 87552K, used 0K [0x0000000080000000, 0x0000000085580000, 0x00000000d5580000)
  object space 87552K, 0% used [0x0000000080000000,0x0000000080000000,0x0000000085580000)
 Metaspace       used 5964K, capacity 6838K, committed 7040K, reserved 1056768K
  class space    used 601K, capacity 622K, committed 640K, reserved 1048576K
Event: 1.856 GC heap after
Heap after GC invocations=1 (full 0):
 PSYoungGen      total 38400K, used 5096K [0x00000000d5580000, 0x00000000da080000, 0x0000000100000000)
  eden space 33280K, 0% used [0x00000000d5580000,0x00000000d5580000,0x00000000d7600000)
  from space 5120K, 99% used [0x00000000d7600000,0x00000000d7afa068,0x00000000d7b00000)
  to   space 5120K, 0% used [0x00000000d9b80000,0x00000000d9b80000,0x00000000da080000)
 ParOldGen       total 87552K, used 1236K [0x0000000080000000, 0x0000000085580000, 0x00000000d5580000)
  object space 87552K, 1% used [0x0000000080000000,0x00000000801351f0,0x0000000085580000)
 Metaspace       used 5964K, capacity 6838K, committed 7040K, reserved 1056768K
  class space    used 601K, capacity 622K, committed 640K, reserved 1048576K
}

Deoptimization events (8 events):
Event: 1.514 Thread 0x000000001898d000 Uncommon trap: reason=bimorphic action=maybe_recompile pc=0x0000000002793854 method=java.util.HashMap.getNode(ILjava/lang/Object;)Ljava/util/HashMap$Node; @ 126
Event: 1.521 Thread 0x000000001898d000 Uncommon trap: reason=class_check action=maybe_recompile pc=0x000000000280930c method=com.android.dx.ssa.NormalSsaInsn.accept(Lcom/android/dx/ssa/SsaInsn$Visitor;)V @ 9
Event: 1.529 Thread 0x000000001898d000 Uncommon trap: reason=class_check action=maybe_recompile pc=0x00000000027ac1b0 method=com.android.dx.ssa.NormalSsaInsn.accept(Lcom/android/dx/ssa/SsaInsn$Visitor;)V @ 9
Event: 1.529 Thread 0x000000001898d000 Uncommon trap: reason=class_check action=maybe_recompile pc=0x000000000280930c method=com.android.dx.ssa.NormalSsaInsn.accept(Lcom/android/dx/ssa/SsaInsn$Visitor;)V @ 9
Event: 1.529 Thread 0x000000001898d000 Uncommon trap: reason=class_check action=maybe_recompile pc=0x00000000027ac1b0 method=com.android.dx.ssa.NormalSsaInsn.accept(Lcom/android/dx/ssa/SsaInsn$Visitor;)V @ 9
Event: 1.529 Thread 0x000000001898d000 Uncommon trap: reason=class_check action=maybe_recompile pc=0x000000000280930c method=com.android.dx.ssa.NormalSsaInsn.accept(Lcom/android/dx/ssa/SsaInsn$Visitor;)V @ 9
Event: 1.602 Thread 0x0000000018989800 Uncommon trap: reason=unstable_if action=reinterpret pc=0x0000000002829480 method=com.android.dx.rop.code.RegisterSpec.equals(ILcom/android/dx/rop/type/TypeBearer;Lcom/android/dx/rop/code/LocalItem;)Z @ 42
Event: 1.648 Thread 0x0000000018989800 Uncommon trap: reason=null_check action=make_not_entrant pc=0x00000000028f6f84 method=com.android.dx.ssa.SsaRenamer.getLocalForNewReg(I)Lcom/android/dx/rop/code/LocalItem; @ 19

Internal exceptions (3 events):
Event: 1.061 Thread 0x0000000002490800 Exception <a 'java/lang/NoSuchMethodError': Method sun.misc.Unsafe.defineClass(Ljava/lang/String;[BII)Ljava/lang/Class; name or signature does not match> (0x00000000d5593090) thrown at [D:\re\puppet\workspace\8-2-build-windows-amd64-cygwin\jdk8u73\6086\hotƒNÆj¯?
Event: 1.061 Thread 0x0000000002490800 Exception <a 'java/lang/NoSuchMethodError': Method sun.misc.Unsafe.prefetchRead(Ljava/lang/Object;J)V name or signature does not match> (0x00000000d5593378) thrown at [D:\re\puppet\workspace\8-2-build-windows-amd64-cygwin\jdk8u73\6086\hotspot\src\share\vm\9Ôwê^˙?
Event: 1.648 Thread 0x0000000018989800 Implicit null exception at 0x00000000028f646e to 0x00000000028f6f5d

Events (10 events):
Event: 1.648 Thread 0x0000000018989800 Uncommon trap: trap_request=0xfffffff4 fr.pc=0x00000000028f6f84
Event: 1.648 Thread 0x0000000018989800 DEOPT PACKING pc=0x00000000028f6f84 sp=0x00000000190fe600
Event: 1.648 Thread 0x0000000018989800 DEOPT UNPACKING pc=0x00000000025d582a sp=0x00000000190fe458 mode 2
Event: 1.685 Thread 0x000000001898d000 DEOPT PACKING pc=0x000000000289f9c2 sp=0x00000000192febc0
Event: 1.685 Thread 0x000000001898d000 DEOPT UNPACKING pc=0x00000000025d787f sp=0x00000000192fe928 mode 0
Event: 1.729 Executing VM operation: ParallelGCFailedAllocation
Event: 1.856 Executing VM operation: ParallelGCFailedAllocation done
Event: 1.870 Thread 0x000000001898d800 Thread exited: 0x000000001898d800
Event: 1.872 Thread 0x0000000018989800 Thread exited: 0x0000000018989800
Event: 1.881 Thread 0x0000000018997000 Thread exited: 0x0000000018997000


Dynamic libraries:
0x00007ff7c4c80000 - 0x00007ff7c4cb7000 	X:\Program Files\Java\jdk1.8.0_73\bin\java.exe
0x00007ffb03230000 - 0x00007ffb033f1000 	X:\Windows\SYSTEM32\ntdll.dll
0x00007ffb02fd0000 - 0x00007ffb0307d000 	X:\Windows\system32\KERNEL32.DLL
0x00007ffb00440000 - 0x00007ffb00628000 	X:\Windows\system32\KERNELBASE.dll
0x00007ffb02360000 - 0x00007ffb02407000 	X:\Windows\system32\ADVAPI32.dll
0x00007ffb01e90000 - 0x00007ffb01f2d000 	X:\Windows\system32\msvcrt.dll
0x00007ffb02570000 - 0x00007ffb025cb000 	X:\Windows\system32\sechost.dll
0x00007ffb02c10000 - 0x00007ffb02d2c000 	X:\Windows\system32\RPCRT4.dll
0x00007ffb02410000 - 0x00007ffb02566000 	X:\Windows\system32\USER32.dll
0x00007ffb02d30000 - 0x00007ffb02eb6000 	X:\Windows\system32\GDI32.dll
0x00007ffaf8a90000 - 0x00007ffaf8d04000 	X:\Windows\WinSxS\amd64_microsoft.windows.common-controls_6595b64144ccf1df_6.0.10586.0_none_8c15ae12515e1c22\COMCTL32.dll
0x00007ffb02880000 - 0x00007ffb02afd000 	X:\Windows\system32\combase.dll
0x00007ffb003d0000 - 0x00007ffb0043a000 	X:\Windows\system32\bcryptPrimitives.dll
0x00007ffb02f90000 - 0x00007ffb02fcb000 	X:\Windows\system32\IMM32.DLL
0x0000000074ee0000 - 0x0000000074fb2000 	X:\Program Files\Java\jdk1.8.0_73\jre\bin\msvcr100.dll
0x0000000075560000 - 0x0000000075df0000 	X:\Program Files\Java\jdk1.8.0_73\jre\bin\server\jvm.dll
0x00007ffb02870000 - 0x00007ffb02878000 	X:\Windows\system32\PSAPI.DLL
0x00007ffaf29f0000 - 0x00007ffaf29f9000 	X:\Windows\SYSTEM32\WSOCK32.dll
0x00007ffb03160000 - 0x00007ffb031cb000 	X:\Windows\system32\WS2_32.dll
0x00007ffafd8e0000 - 0x00007ffafd903000 	X:\Windows\SYSTEM32\WINMM.dll
0x00007ffafb880000 - 0x00007ffafb88a000 	X:\Windows\SYSTEM32\VERSION.dll
0x00007ffafd8b0000 - 0x00007ffafd8dc000 	X:\Windows\SYSTEM32\WINMMBASE.dll
0x00007ffaffd30000 - 0x00007ffaffd73000 	X:\Windows\system32\cfgmgr32.dll
0x0000000076610000 - 0x000000007661f000 	X:\Program Files\Java\jdk1.8.0_73\jre\bin\verify.dll
0x00000000765e0000 - 0x0000000076609000 	X:\Program Files\Java\jdk1.8.0_73\jre\bin\java.dll
0x00000000765c0000 - 0x00000000765d6000 	X:\Program Files\Java\jdk1.8.0_73\jre\bin\zip.dll
0x00007ffb00930000 - 0x00007ffb01e8c000 	X:\Windows\system32\SHELL32.dll
0x00007ffaffd80000 - 0x00007ffb003c5000 	X:\Windows\system32\windows.storage.dll
0x00007ffb030e0000 - 0x00007ffb03132000 	X:\Windows\system32\shlwapi.dll
0x00007ffaff8c0000 - 0x00007ffaff8cf000 	X:\Windows\system32\kernel.appcore.dll
0x00007ffaffb10000 - 0x00007ffaffbc5000 	X:\Windows\system32\shcore.dll
0x00007ffaff870000 - 0x00007ffaff8bb000 	X:\Windows\system32\powrprof.dll
0x00007ffaff850000 - 0x00007ffaff864000 	X:\Windows\system32\profapi.dll

VM Arguments:
jvm_args: -Djava.awt.headless=true -Xmx2g -Dfile.encoding=GBK -Duser.country=CN -Duser.language=zh -Duser.variant 
java_command: com.android.dx.command.Main --dex --num-threads=4 --multi-dex --output E:\Android\CalorieCounter\app\build\intermediates\transforms\dex\debug\folders\1000\2\Base64_644748da9f2587c04bd6c2a7f7f2f5832370bc2f E:\Android\CalorieCounter\app\libs\Base64.jar
java_class_path (initial): E:\QMDownload\SDK\build-tools\23.0.3\lib\dx.jar
Launcher Type: SUN_STANDARD

Environment Variables:
PATH=X:\ProgramData\Oracle\Java\javapath;X:\Windows\system32;X:\Windows;X:\Windows\System32\Wbem;X:\Windows\System32\WindowsPowerShell\v1.0\;X:\Program Files (x86)\ATI Technologies\ATI.ACE\Core-Static;D:\Program Files\MATLAB\R2013a\runtime\win64;D:\Program Files\MATLAB\R2013a\bin;X:\Program Files\Java\jdk1.8.0_73\bin;D:\Python27;X:\Program Files (x86)\MySQL\MySQL Fabric 1.5 & MySQL Utilities 1.5\;X:\Program Files (x86)\MySQL\MySQL Fabric 1.5 & MySQL Utilities 1.5\Doctrine extensions for PHP\;E:\QMDownload\SDK\platform-tools
USERNAME=Õı…≠
OS=Windows_NT
PROCESSOR_IDENTIFIER=Intel64 Family 6 Model 60 Stepping 3, GenuineIntel



---------------  S Y S T E M  ---------------

OS: Windows 10.0 , 64 bit Build 10586 (10.0.10586.0)

CPU:total 4 (4 cores per cpu, 1 threads per core) family 6 model 60 stepping 3, cmov, cx8, fxsr, mmx, sse, sse2, sse3, ssse3, sse4.1, sse4.2, popcnt, avx, avx2, aes, clmul, erms, lzcnt, tsc, tscinvbit, bmi1, bmi2

Memory: 4k page, physical 8315044k(1583796k free), swap 8315044k(5684k free)

vm_info: Java HotSpot(TM) 64-Bit Server VM (25.73-b02) for windows-amd64 JRE (1.8.0_73-b02), built on Jan 29 2016 17:38:49 by "java_re" with MS VC++ 10.0 (VS2010)

time: Wed Apr 27 22:20:45 2016
elapsed time: 1 seconds (0d 0h 0m 1s)

