#
# There is insufficient memory for the Java Runtime Environment to continue.
# Native memory allocation (malloc) failed to allocate 32744 bytes for ChunkPool::allocate
# Possible reasons:
#   The system is out of physical RAM or swap space
#   In 32 bit mode, the process size limit was hit
# Possible solutions:
#   Reduce memory load on the system
#   Increase physical memory or swap space
#   Check if swap backing store is full
#   Use 64 bit Java on a 64 bit OS
#   Decrease Java heap size (-Xmx/-Xms)
#   Decrease number of Java threads
#   Decrease Java thread stack sizes (-Xss)
#   Set larger code cache with -XX:ReservedCodeCacheSize=
# This output file may be truncated or incomplete.
#
#  Out of Memory Error (allocation.cpp:273), pid=14872, tid=14420
#
# JRE version: Java(TM) SE Runtime Environment (8.0_73-b02) (build 1.8.0_73-b02)
# Java VM: Java HotSpot(TM) 64-Bit Server VM (25.73-b02 mixed mode windows-amd64 compressed oops)
# Failed to write core dump. Minidumps are not enabled by default on client versions of Windows
#

---------------  T H R E A D  ---------------

Current thread (0x0000000014ddb000):  JavaThread "C2 CompilerThread0" daemon [_thread_in_vm, id=14420, stack(0x00000000162d0000,0x00000000163d0000)]

Stack: [0x00000000162d0000,0x00000000163d0000]
[error occurred during error reporting (printing stack bounds), id 0xc0000005]

Native frames: (J=compiled Java code, j=interpreted, Vv=VM code, C=native code)


---------------  P R O C E S S  ---------------

Java Threads: ( => current thread )
  0x00000000163f0000 JavaThread "C1 CompilerThread2" daemon [_thread_in_vm, id=10648, stack(0x00000000168d0000,0x00000000169d0000)]
  0x0000000014dde800 JavaThread "C2 CompilerThread1" daemon [_thread_blocked, id=4212, stack(0x00000000167d0000,0x00000000168d0000)]
=>0x0000000014ddb000 JavaThread "C2 CompilerThread0" daemon [_thread_in_vm, id=14420, stack(0x00000000162d0000,0x00000000163d0000)]
  0x0000000014d8e800 JavaThread "Attach Listener" daemon [_thread_blocked, id=10568, stack(0x00000000161d0000,0x00000000162d0000)]
  0x0000000014d78000 JavaThread "Signal Dispatcher" daemon [_thread_blocked, id=10724, stack(0x00000000160d0000,0x00000000161d0000)]
  0x00000000026a7000 JavaThread "Finalizer" daemon [_thread_blocked, id=14688, stack(0x0000000015fd0000,0x00000000160d0000)]
  0x0000000014d49000 JavaThread "Reference Handler" daemon [_thread_blocked, id=10760, stack(0x0000000015ed0000,0x0000000015fd0000)]
  0x00000000025b1000 JavaThread "main" [_thread_in_vm, id=13568, stack(0x00000000024b0000,0x00000000025b0000)]

Other Threads:
  0x0000000014d47800 VMThread [stack: 0x0000000015dd0000,0x0000000015ed0000] [id=10836]

VM state:not at safepoint (normal execution)

VM Mutex/Monitor currently owned by a thread: None

Heap:
 PSYoungGen      total 38400K, used 1331K [0x00000000eab00000, 0x00000000ed580000, 0x0000000100000000)
  eden space 33280K, 4% used [0x00000000eab00000,0x00000000eac4cd80,0x00000000ecb80000)
  from space 5120K, 0% used [0x00000000ed080000,0x00000000ed080000,0x00000000ed580000)
  to   space 5120K, 0% used [0x00000000ecb80000,0x00000000ecb80000,0x00000000ed080000)
 ParOldGen       total 87552K, used 0K [0x00000000c0000000, 0x00000000c5580000, 0x00000000eab00000)
  object space 87552K, 0% used [0x00000000c0000000,0x00000000c0000000,0x00000000c5580000)
 Metaspace       used 2176K, capacity 4480K, committed 4480K, reserved 1056768K
  class space    used 236K, capacity 384K, committed 384K, reserved 1048576K

Card table byte_map: [0x0000000011a70000,0x0000000011c80000] byte_map_base: 0x0000000011470000

Marking Bits: (ParMarkBitMap*) 0x000000005c2e0600
 Begin Bits: [0x00000000121e0000, 0x00000000131e0000)
 End Bits:   [0x00000000131e0000, 0x00000000141e0000)

Polling page: 0x00000000001f0000

CodeCache: size=245760Kb used=434Kb max_used=437Kb free=245325Kb
 bounds [0x00000000026b0000, 0x0000000002920000, 0x00000000116b0000]
 total_blobs=166 nmethods=0 adapters=131
 compilation: enabled

Compilation events (0 events):
No events

GC Heap History (0 events):
No events

Deoptimization events (0 events):
No events

Internal exceptions (2 events):
Event: 0.026 Thread 0x00000000025b1000 Exception <a 'java/lang/NoSuchMethodError': Method sun.misc.Unsafe.defineClass(Ljava/lang/String;[BII)Ljava/lang/Class; name or signature does not match> (0x00000000eab13008) thrown at [D:\re\puppet\workspace\8-2-build-windows-amd64-cygwin\jdk8u73\6086\hot³ÚýLRš?
Event: 0.026 Thread 0x00000000025b1000 Exception <a 'java/lang/NoSuchMethodError': Method sun.misc.Unsafe.prefetchRead(Ljava/lang/Object;J)V name or signature does not match> (0x00000000eab132f0) thrown at [D:\re\puppet\workspace\8-2-build-windows-amd64-cygwin\jdk8u73\6086\hotspot\src\share\vm\

Events (10 events):
Event: 0.060 loading class sun/net/www/protocol/jar/Handler done
Event: 0.060 loading class sun/misc/Launcher$AppClassLoader$1
Event: 0.060 loading class sun/misc/Launcher$AppClassLoader$1 done
Event: 0.061 loading class java/lang/SystemClassLoaderAction
Event: 0.061 loading class java/lang/SystemClassLoaderAction done
Event: 0.061 Thread 0x0000000014d78000 Thread added: 0x0000000014d78000
Event: 0.061 Thread 0x0000000014d8e800 Thread added: 0x0000000014d8e800
Event: 0.061 Thread 0x0000000014ddb000 Thread added: 0x0000000014ddb000
Event: 0.062 Thread 0x0000000014dde800 Thread added: 0x0000000014dde800
Event: 0.062 Thread 0x00000000163f0000 Thread added: 0x00000000163f0000


Dynamic libraries:
0x00007ff77a6d0000 - 0x00007ff77a707000 	X:\Program Files\Java\jdk1.8.0_73\bin\java.exe
0x00007ffeb02d0000 - 0x00007ffeb0491000 	X:\Windows\SYSTEM32\ntdll.dll
0x00007ffeadbf0000 - 0x00007ffeadc9d000 	X:\Windows\system32\KERNEL32.DLL
0x00007ffead150000 - 0x00007ffead338000 	X:\Windows\system32\KERNELBASE.dll
0x00007ffeae4e0000 - 0x00007ffeae587000 	X:\Windows\system32\ADVAPI32.dll
0x00007ffeaffc0000 - 0x00007ffeb005d000 	X:\Windows\system32\msvcrt.dll
0x00007ffeae8a0000 - 0x00007ffeae8fb000 	X:\Windows\system32\sechost.dll
0x00007ffeae140000 - 0x00007ffeae25c000 	X:\Windows\system32\RPCRT4.dll
0x00007ffeae900000 - 0x00007ffeaea56000 	X:\Windows\system32\USER32.dll
0x00007ffeb0130000 - 0x00007ffeb02b6000 	X:\Windows\system32\GDI32.dll
0x00007ffea4370000 - 0x00007ffea45e4000 	X:\Windows\WinSxS\amd64_microsoft.windows.common-controls_6595b64144ccf1df_6.0.10586.0_none_8c15ae12515e1c22\COMCTL32.dll
0x00007ffeae260000 - 0x00007ffeae4dd000 	X:\Windows\system32\combase.dll
0x00007ffead030000 - 0x00007ffead09a000 	X:\Windows\system32\bcryptPrimitives.dll
0x00007ffead6d0000 - 0x00007ffead70b000 	X:\Windows\system32\IMM32.DLL
0x000000005b480000 - 0x000000005b552000 	X:\Program Files\Java\jdk1.8.0_73\jre\bin\msvcr100.dll
0x000000005bad0000 - 0x000000005c360000 	X:\Program Files\Java\jdk1.8.0_73\jre\bin\server\jvm.dll
0x00007ffeadb10000 - 0x00007ffeadb18000 	X:\Windows\system32\PSAPI.DLL
0x00007ffea9470000 - 0x00007ffea947a000 	X:\Windows\SYSTEM32\VERSION.dll
0x00007ffeaae40000 - 0x00007ffeaae63000 	X:\Windows\SYSTEM32\WINMM.dll
0x00007ffea46b0000 - 0x00007ffea46b9000 	X:\Windows\SYSTEM32\WSOCK32.dll
0x00007ffeae0d0000 - 0x00007ffeae13b000 	X:\Windows\system32\WS2_32.dll
0x00007ffeaaa90000 - 0x00007ffeaaabc000 	X:\Windows\SYSTEM32\WINMMBASE.dll
0x00007ffead340000 - 0x00007ffead383000 	X:\Windows\system32\cfgmgr32.dll
0x000000005b9e0000 - 0x000000005b9ef000 	X:\Program Files\Java\jdk1.8.0_73\jre\bin\verify.dll
0x000000005b9b0000 - 0x000000005b9d9000 	X:\Program Files\Java\jdk1.8.0_73\jre\bin\java.dll
0x000000005b990000 - 0x000000005b9a6000 	X:\Program Files\Java\jdk1.8.0_73\jre\bin\zip.dll
0x00007ffeaea60000 - 0x00007ffeaffbc000 	X:\Windows\system32\SHELL32.dll
0x00007ffeac980000 - 0x00007ffeacfc5000 	X:\Windows\system32\windows.storage.dll
0x00007ffead950000 - 0x00007ffead9a2000 	X:\Windows\system32\shlwapi.dll
0x00007ffeac970000 - 0x00007ffeac97f000 	X:\Windows\system32\kernel.appcore.dll
0x00007ffead560000 - 0x00007ffead615000 	X:\Windows\system32\shcore.dll
0x00007ffeac8f0000 - 0x00007ffeac93b000 	X:\Windows\system32\powrprof.dll
0x00007ffeac940000 - 0x00007ffeac954000 	X:\Windows\system32\profapi.dll

VM Arguments:
jvm_args: -Djava.awt.headless=true -Xmx1024M -Dfile.encoding=GBK -Duser.country=CN -Duser.language=zh -Duser.variant 
java_command: com.android.dx.command.Main --dex --num-threads=4 --output E:\Android\CalorieCounter\app\build\intermediates\pre-dexed\debug\com.android.support-recyclerview-v7-23.2.1_cb35dfa9523e54eeed80bd1c589bce78c7221fca.jar E:\Android\CalorieCounter\app\build\intermediates\exploded-aar\com.android.support\recyclerview-v7\23.2.1\jars\classes.jar
java_class_path (initial): E:\QMDownload\SDK\build-tools\23.0.3\lib\dx.jar
Launcher Type: SUN_STANDARD

Environment Variables:
PATH=X:\ProgramData\Oracle\Java\javapath;X:\Windows\system32;X:\Windows;X:\Windows\System32\Wbem;X:\Windows\System32\WindowsPowerShell\v1.0\;X:\Program Files (x86)\ATI Technologies\ATI.ACE\Core-Static;D:\Program Files\MATLAB\R2013a\runtime\win64;D:\Program Files\MATLAB\R2013a\bin;X:\Program Files\Java\jdk1.8.0_73\bin;D:\Python27;X:\Program Files (x86)\MySQL\MySQL Fabric 1.5 & MySQL Utilities 1.5\;X:\Program Files (x86)\MySQL\MySQL Fabric 1.5 & MySQL Utilities 1.5\Doctrine extensions for PHP\
USERNAME=ÍõÉ­
OS=Windows_NT
PROCESSOR_IDENTIFIER=Intel64 Family 6 Model 60 Stepping 3, GenuineIntel



---------------  S Y S T E M  ---------------

OS: Windows 10.0 , 64 bit Build 10586 (10.0.10586.0)

CPU:total 4 (4 cores per cpu, 1 threads per core) family 6 model 60 stepping 3, cmov, cx8, fxsr, mmx, sse, sse2, sse3, ssse3, sse4.1, sse4.2, popcnt, avx, avx2, aes, clmul, erms, lzcnt, tsc, tscinvbit, bmi1, bmi2

Memory: 4k page, physical 8315044k(1433120k free), swap 8315044k(3072k free)

vm_info: Java HotSpot(TM) 64-Bit Server VM (25.73-b02) for windows-amd64 JRE (1.8.0_73-b02), built on Jan 29 2016 17:38:49 by "java_re" with MS VC++ 10.0 (VS2010)

time: Thu Apr 14 20:56:58 2016
elapsed time: 0 seconds (0d 0h 0m 0s)

