#
# There is insufficient memory for the Java Runtime Environment to continue.
# Native memory allocation (malloc) failed to allocate 281456 bytes for Chunk::new
# Possible reasons:
#   The system is out of physical RAM or swap space
#   In 32 bit mode, the process size limit was hit
# Possible solutions:
#   Reduce memory load on the system
#   Increase physical memory or swap space
#   Check if swap backing store is full
#   Use 64 bit Java on a 64 bit OS
#   Decrease Java heap size (-Xmx/-Xms)
#   Decrease number of Java threads
#   Decrease Java thread stack sizes (-Xss)
#   Set larger code cache with -XX:ReservedCodeCacheSize=
# This output file may be truncated or incomplete.
#
#  Out of Memory Error (allocation.cpp:390), pid=12868, tid=16196
#
# JRE version: Java(TM) SE Runtime Environment (8.0_73-b02) (build 1.8.0_73-b02)
# Java VM: Java HotSpot(TM) 64-Bit Server VM (25.73-b02 mixed mode windows-amd64 compressed oops)
# Failed to write core dump. Minidumps are not enabled by default on client versions of Windows
#

---------------  T H R E A D  ---------------

Current thread (0x000000001d347000):  JavaThread "C2 CompilerThread1" daemon [_thread_in_native, id=16196, stack(0x000000001d6f0000,0x000000001d7f0000)]

Stack: [0x000000001d6f0000,0x000000001d7f0000]
[error occurred during error reporting (printing stack bounds), id 0xc0000005]

Native frames: (J=compiled Java code, j=interpreted, Vv=VM code, C=native code)


Current CompileTask:
C2:   1122 1101   !   4       com.android.dx.cf.code.BytecodeArray::parseInstruction (2764 bytes)


---------------  P R O C E S S  ---------------

Java Threads: ( => current thread )
  0x000000001d551000 JavaThread "pool-2-thread-4" [_thread_blocked, id=21408, stack(0x000000001def0000,0x000000001dff0000)]
  0x000000001d54f800 JavaThread "pool-2-thread-3" [_thread_blocked, id=21460, stack(0x000000001ddf0000,0x000000001def0000)]
  0x000000001d4b9000 JavaThread "pool-2-thread-2" [_thread_blocked, id=14808, stack(0x000000001dcf0000,0x000000001ddf0000)]
  0x000000001d4b8000 JavaThread "pool-3-thread-1" [_thread_blocked, id=19256, stack(0x000000001dbf0000,0x000000001dcf0000)]
  0x000000001d4b5000 JavaThread "pool-2-thread-1" [_thread_blocked, id=2496, stack(0x000000001daf0000,0x000000001dbf0000)]
  0x000000001d351000 JavaThread "Service Thread" daemon [_thread_blocked, id=10584, stack(0x000000001d8f0000,0x000000001d9f0000)]
  0x000000001d349800 JavaThread "C1 CompilerThread2" daemon [_thread_blocked, id=14784, stack(0x000000001d7f0000,0x000000001d8f0000)]
=>0x000000001d347000 JavaThread "C2 CompilerThread1" daemon [_thread_in_native, id=16196, stack(0x000000001d6f0000,0x000000001d7f0000)]
  0x000000001bc89000 JavaThread "C2 CompilerThread0" daemon [_thread_blocked, id=6532, stack(0x000000001d1f0000,0x000000001d2f0000)]
  0x000000001bc87000 JavaThread "Attach Listener" daemon [_thread_blocked, id=19920, stack(0x000000001d0f0000,0x000000001d1f0000)]
  0x000000001bc3c000 JavaThread "Signal Dispatcher" daemon [_thread_blocked, id=22468, stack(0x000000001cff0000,0x000000001d0f0000)]
  0x0000000002550000 JavaThread "Finalizer" daemon [_thread_blocked, id=16800, stack(0x000000001ce90000,0x000000001cf90000)]
  0x000000000254d000 JavaThread "Reference Handler" daemon [_thread_blocked, id=20272, stack(0x000000001cd90000,0x000000001ce90000)]
  0x0000000002461000 JavaThread "main" [_thread_blocked, id=19148, stack(0x0000000002360000,0x0000000002460000)]

Other Threads:
  0x000000001bbf8000 VMThread [stack: 0x000000001cc90000,0x000000001cd90000] [id=3768]
  0x000000001d3a2800 WatcherThread [stack: 0x000000001d9f0000,0x000000001daf0000] [id=19644]

VM state:at safepoint (normal execution)

VM Mutex/Monitor currently owned by a thread:  ([mutex/lock_event])
[0x0000000001fec730] Threads_lock - owner thread: 0x000000001bbf8000
[0x0000000001fecb30] Heap_lock - owner thread: 0x000000001d4b9000

Heap:
 PSYoungGen      total 38400K, used 33280K [0x000000076ab00000, 0x000000076d580000, 0x00000007c0000000)
  eden space 33280K, 100% used [0x000000076ab00000,0x000000076cb80000,0x000000076cb80000)
  from space 5120K, 0% used [0x000000076d080000,0x000000076d080000,0x000000076d580000)
  to   space 5120K, 99% used [0x000000076cb80000,0x000000076d07e058,0x000000076d080000)
 ParOldGen       total 87552K, used 258K [0x00000006c0000000, 0x00000006c5580000, 0x000000076ab00000)
  object space 87552K, 0% used [0x00000006c0000000,0x00000006c0040848,0x00000006c5580000)
 Metaspace       used 6031K, capacity 6902K, committed 7040K, reserved 1056768K
  class space    used 607K, capacity 622K, committed 640K, reserved 1048576K

Card table byte_map: [0x0000000011920000,0x0000000012130000] byte_map_base: 0x000000000e320000

Marking Bits: (ParMarkBitMap*) 0x0000000064400600
 Begin Bits: [0x0000000012a90000, 0x0000000016a90000)
 End Bits:   [0x0000000016a90000, 0x000000001aa90000)

Polling page: 0x00000000001f0000

CodeCache: size=245760Kb used=4651Kb max_used=4651Kb free=241108Kb
 bounds [0x0000000002560000, 0x00000000029f0000, 0x0000000011560000]
 total_blobs=1412 nmethods=1141 adapters=184
 compilation: enabled

Compilation events (10 events):
Event: 1.115 Thread 0x000000001d349800 nmethod 1145 0x00000000029d9fd0 code [0x00000000029da1a0, 0x00000000029daa68]
Event: 1.115 Thread 0x000000001d349800 1133       3       com.android.dx.rop.code.LocalVariableInfo::addAssignment (43 bytes)
Event: 1.116 Thread 0x000000001d349800 nmethod 1133 0x00000000029ecf50 code [0x00000000029ed120, 0x00000000029ed718]
Event: 1.116 Thread 0x000000001d349800 1144       3       java.util.RegularEnumSet::contains (57 bytes)
Event: 1.116 Thread 0x000000001d349800 nmethod 1144 0x00000000029d9710 code [0x00000000029d98a0, 0x00000000029d9e48]
Event: 1.116 Thread 0x000000001d349800 1139       3       com.android.dx.rop.code.ThrowingInsn::withNewRegisters (21 bytes)
Event: 1.116 Thread 0x000000001d349800 nmethod 1139 0x00000000029ed990 code [0x00000000029edb00, 0x00000000029ede28]
Event: 1.116 Thread 0x000000001d349800 1132       3       java.util.TreeMap$Values::iterator (19 bytes)
Event: 1.116 Thread 0x000000001d349800 nmethod 1132 0x00000000029edf10 code [0x00000000029ee0a0, 0x00000000029ee5b0]
Event: 1.116 Thread 0x000000001d349800 1155       3       com.android.dx.ssa.SsaBasicBlock::addMoveToEnd (172 bytes)

GC Heap History (1 events):
Event: 1.118 GC heap before
{Heap before GC invocations=1 (full 0):
 PSYoungGen      total 38400K, used 33280K [0x000000076ab00000, 0x000000076d580000, 0x00000007c0000000)
  eden space 33280K, 100% used [0x000000076ab00000,0x000000076cb80000,0x000000076cb80000)
  from space 5120K, 0% used [0x000000076d080000,0x000000076d080000,0x000000076d580000)
  to   space 5120K, 0% used [0x000000076cb80000,0x000000076cb80000,0x000000076d080000)
 ParOldGen       total 87552K, used 0K [0x00000006c0000000, 0x00000006c5580000, 0x000000076ab00000)
  object space 87552K, 0% used [0x00000006c0000000,0x00000006c0000000,0x00000006c5580000)
 Metaspace       used 6031K, capacity 6902K, committed 7040K, reserved 1056768K
  class space    used 607K, capacity 622K, committed 640K, reserved 1048576K

Deoptimization events (10 events):
Event: 0.585 Thread 0x0000000002461000 Uncommon trap: reason=unstable_if action=reinterpret pc=0x00000000027c2414 method=java.util.HashMap.getNode(ILjava/lang/Object;)Ljava/util/HashMap$Node; @ 62
Event: 0.740 Thread 0x0000000002461000 Uncommon trap: reason=unstable_if action=reinterpret pc=0x0000000002830944 method=java.util.HashMap.getNode(ILjava/lang/Object;)Ljava/util/HashMap$Node; @ 129
Event: 0.974 Thread 0x000000001d54f800 Uncommon trap: reason=class_check action=maybe_recompile pc=0x000000000284c914 method=com.android.dx.rop.type.Type.equals(Ljava/lang/Object;)Z @ 8
Event: 0.975 Thread 0x000000001d54f800 Uncommon trap: reason=class_check action=maybe_recompile pc=0x000000000284c914 method=com.android.dx.rop.type.Type.equals(Ljava/lang/Object;)Z @ 8
Event: 1.004 Thread 0x000000001d54f800 Uncommon trap: reason=class_check action=maybe_recompile pc=0x000000000289cb70 method=com.android.dx.rop.type.Type.equals(Ljava/lang/Object;)Z @ 8
Event: 1.004 Thread 0x000000001d54f800 Uncommon trap: reason=class_check action=maybe_recompile pc=0x000000000289cb70 method=com.android.dx.rop.type.Type.equals(Ljava/lang/Object;)Z @ 8
Event: 1.005 Thread 0x000000001d54f800 Uncommon trap: reason=unstable_if action=reinterpret pc=0x00000000027f98b4 method=java.util.HashMap.getNode(ILjava/lang/Object;)Ljava/util/HashMap$Node; @ 129
Event: 1.008 Thread 0x000000001d54f800 Uncommon trap: reason=class_check action=maybe_recompile pc=0x000000000284c914 method=com.android.dx.rop.type.Type.equals(Ljava/lang/Object;)Z @ 8
Event: 1.024 Thread 0x000000001d4b9000 Uncommon trap: reason=unstable_if action=reinterpret pc=0x00000000028cf19c method=com.android.dx.rop.cst.Constant.compareTo(Lcom/android/dx/rop/cst/Constant;)I @ 12
Event: 1.092 Thread 0x000000001d4b9000 Uncommon trap: reason=bimorphic action=maybe_recompile pc=0x00000000028b113c method=java.util.HashMap.getNode(ILjava/lang/Object;)Ljava/util/HashMap$Node; @ 126

Internal exceptions (2 events):
Event: 0.073 Thread 0x0000000002461000 Exception <a 'java/lang/NoSuchMethodError': Method sun.misc.Unsafe.defineClass(Ljava/lang/String;[BII)Ljava/lang/Class; name or signature does not match> (0x000000076ab13090) thrown at [D:\re\puppet\workspace\8-2-build-windows-amd64-cygwin\jdk8u73\6086\hotO∑PvŒ≤?
Event: 0.073 Thread 0x0000000002461000 Exception <a 'java/lang/NoSuchMethodError': Method sun.misc.Unsafe.prefetchRead(Ljava/lang/Object;J)V name or signature does not match> (0x000000076ab13378) thrown at [D:\re\puppet\workspace\8-2-build-windows-amd64-cygwin\jdk8u73\6086\hotspot\src\share\vm\

Events (10 events):
Event: 1.079 loading class java/util/TreeMap$EntrySet
Event: 1.079 loading class java/util/TreeMap$EntrySet done
Event: 1.079 loading class java/util/TreeMap$EntryIterator
Event: 1.079 loading class java/util/TreeMap$EntryIterator done
Event: 1.079 Executing VM operation: Deoptimize
Event: 1.080 Executing VM operation: Deoptimize done
Event: 1.092 Thread 0x000000001d4b9000 Uncommon trap: trap_request=0xffffffc6 fr.pc=0x00000000028b113c
Event: 1.092 Thread 0x000000001d4b9000 DEOPT PACKING pc=0x00000000028b113c sp=0x000000001ddee7b0
Event: 1.092 Thread 0x000000001d4b9000 DEOPT UNPACKING pc=0x00000000025a582a sp=0x000000001ddee730 mode 2
Event: 1.117 Executing VM operation: ParallelGCFailedAllocation


Dynamic libraries:
0x00007ff79cf10000 - 0x00007ff79cf47000 	X:\Program Files\Java\jdk1.8.0_73\bin\java.exe
0x00007ffa94180000 - 0x00007ffa94341000 	X:\Windows\SYSTEM32\ntdll.dll
0x00007ffa91d90000 - 0x00007ffa91e3d000 	X:\Windows\system32\KERNEL32.DLL
0x00007ffa90ba0000 - 0x00007ffa90d88000 	X:\Windows\system32\KERNELBASE.dll
0x00007ffa91e40000 - 0x00007ffa91ee7000 	X:\Windows\system32\ADVAPI32.dll
0x00007ffa91af0000 - 0x00007ffa91b8d000 	X:\Windows\system32\msvcrt.dll
0x00007ffa91840000 - 0x00007ffa9189b000 	X:\Windows\system32\sechost.dll
0x00007ffa91580000 - 0x00007ffa9169c000 	X:\Windows\system32\RPCRT4.dll
0x00007ffa93ad0000 - 0x00007ffa93c26000 	X:\Windows\system32\USER32.dll
0x00007ffa91c00000 - 0x00007ffa91d86000 	X:\Windows\system32\GDI32.dll
0x00007ffa89e50000 - 0x00007ffa8a0c4000 	X:\Windows\WinSxS\amd64_microsoft.windows.common-controls_6595b64144ccf1df_6.0.10586.0_none_8c15ae12515e1c22\COMCTL32.dll
0x00007ffa92100000 - 0x00007ffa9237d000 	X:\Windows\system32\combase.dll
0x00007ffa90b30000 - 0x00007ffa90b9a000 	X:\Windows\system32\bcryptPrimitives.dll
0x00007ffa92380000 - 0x00007ffa923bb000 	X:\Windows\system32\IMM32.DLL
0x0000000063b10000 - 0x0000000063be2000 	X:\Program Files\Java\jdk1.8.0_73\jre\bin\msvcr100.dll
0x0000000063bf0000 - 0x0000000064480000 	X:\Program Files\Java\jdk1.8.0_73\jre\bin\server\jvm.dll
0x00007ffa918a0000 - 0x00007ffa918a8000 	X:\Windows\system32\PSAPI.DLL
0x00007ffa8b570000 - 0x00007ffa8b579000 	X:\Windows\SYSTEM32\WSOCK32.dll
0x00007ffa916a0000 - 0x00007ffa9170b000 	X:\Windows\system32\WS2_32.dll
0x00007ffa8e890000 - 0x00007ffa8e8b3000 	X:\Windows\SYSTEM32\WINMM.dll
0x00007ffa8d5f0000 - 0x00007ffa8d5fa000 	X:\Windows\SYSTEM32\VERSION.dll
0x00007ffa8e5b0000 - 0x00007ffa8e5dc000 	X:\Windows\SYSTEM32\WINMMBASE.dll
0x00007ffa90910000 - 0x00007ffa90953000 	X:\Windows\system32\cfgmgr32.dll
0x0000000064a90000 - 0x0000000064a9f000 	X:\Program Files\Java\jdk1.8.0_73\jre\bin\verify.dll
0x0000000063aa0000 - 0x0000000063ac9000 	X:\Program Files\Java\jdk1.8.0_73\jre\bin\java.dll
0x0000000063a80000 - 0x0000000063a96000 	X:\Program Files\Java\jdk1.8.0_73\jre\bin\zip.dll
0x00007ffa92570000 - 0x00007ffa93acc000 	X:\Windows\system32\SHELL32.dll
0x00007ffa90d90000 - 0x00007ffa913d5000 	X:\Windows\system32\windows.storage.dll
0x00007ffa91a70000 - 0x00007ffa91ac2000 	X:\Windows\system32\shlwapi.dll
0x00007ffa907d0000 - 0x00007ffa907df000 	X:\Windows\system32\kernel.appcore.dll
0x00007ffa90830000 - 0x00007ffa908e5000 	X:\Windows\system32\shcore.dll
0x00007ffa907e0000 - 0x00007ffa9082b000 	X:\Windows\system32\powrprof.dll
0x00007ffa907b0000 - 0x00007ffa907c4000 	X:\Windows\system32\profapi.dll

VM Arguments:
jvm_args: -Djava.awt.headless=true -Xmx4g -Dfile.encoding=GBK -Duser.country=CN -Duser.language=zh -Duser.variant 
java_command: com.android.dx.command.Main --dex --num-threads=4 --multi-dex --output E:\Android\CalorieCounter\app\build\intermediates\transforms\dex\debug\folders\1000\10\com.android.support-support-vector-drawable-23.2.1_1a3f9e49dc1869e607465cca88919c38fde5a3fa E:\Android\CalorieCounter\app\build\intermediates\exploded-aar\com.android.support\support-vector-drawable\23.2.1\jars\classes.jar
java_class_path (initial): E:\QMDownload\SDK\build-tools\23.0.3\lib\dx.jar
Launcher Type: SUN_STANDARD

Environment Variables:
PATH=X:\ProgramData\Oracle\Java\javapath;X:\Windows\system32;X:\Windows;X:\Windows\System32\Wbem;X:\Windows\System32\WindowsPowerShell\v1.0\;X:\Program Files (x86)\ATI Technologies\ATI.ACE\Core-Static;D:\Program Files\MATLAB\R2013a\runtime\win64;D:\Program Files\MATLAB\R2013a\bin;X:\Program Files\Java\jdk1.8.0_73\bin;D:\Python27;X:\Program Files (x86)\MySQL\MySQL Fabric 1.5 & MySQL Utilities 1.5\;X:\Program Files (x86)\MySQL\MySQL Fabric 1.5 & MySQL Utilities 1.5\Doctrine extensions for PHP\
USERNAME=Õı…≠
OS=Windows_NT
PROCESSOR_IDENTIFIER=Intel64 Family 6 Model 60 Stepping 3, GenuineIntel



---------------  S Y S T E M  ---------------

OS: Windows 10.0 , 64 bit Build 10586 (10.0.10586.0)

CPU:total 4 (4 cores per cpu, 1 threads per core) family 6 model 60 stepping 3, cmov, cx8, fxsr, mmx, sse, sse2, sse3, ssse3, sse4.1, sse4.2, popcnt, avx, avx2, aes, clmul, erms, lzcnt, tsc, tscinvbit, bmi1, bmi2

Memory: 4k page, physical 8315044k(1994972k free), swap 8315044k(5124k free)

vm_info: Java HotSpot(TM) 64-Bit Server VM (25.73-b02) for windows-amd64 JRE (1.8.0_73-b02), built on Jan 29 2016 17:38:49 by "java_re" with MS VC++ 10.0 (VS2010)

time: Thu Apr 21 22:11:16 2016
elapsed time: 1 seconds (0d 0h 0m 1s)

