#
# There is insufficient memory for the Java Runtime Environment to continue.
# Native memory allocation (malloc) failed to allocate 326336 bytes for Chunk::new
# Possible reasons:
#   The system is out of physical RAM or swap space
#   In 32 bit mode, the process size limit was hit
# Possible solutions:
#   Reduce memory load on the system
#   Increase physical memory or swap space
#   Check if swap backing store is full
#   Use 64 bit Java on a 64 bit OS
#   Decrease Java heap size (-Xmx/-Xms)
#   Decrease number of Java threads
#   Decrease Java thread stack sizes (-Xss)
#   Set larger code cache with -XX:ReservedCodeCacheSize=
# This output file may be truncated or incomplete.
#
#  Out of Memory Error (allocation.cpp:390), pid=9976, tid=7948
#
# JRE version: Java(TM) SE Runtime Environment (8.0_73-b02) (build 1.8.0_73-b02)
# Java VM: Java HotSpot(TM) 64-Bit Server VM (25.73-b02 mixed mode windows-amd64 compressed oops)
# Failed to write core dump. Minidumps are not enabled by default on client versions of Windows
#

---------------  T H R E A D  ---------------

Current thread (0x00000000172ad000):  JavaThread "C2 CompilerThread1" daemon [_thread_in_native, id=7948, stack(0x0000000018d20000,0x0000000018e20000)]

Stack: [0x0000000018d20000,0x0000000018e20000]
[error occurred during error reporting (printing stack bounds), id 0xc0000005]

Native frames: (J=compiled Java code, j=interpreted, Vv=VM code, C=native code)


Current CompileTask:
C2:    318  429       4       java.util.TreeMap::put (247 bytes)


---------------  P R O C E S S  ---------------

Java Threads: ( => current thread )
  0x0000000018ac4000 JavaThread "pool-2-thread-4" [_thread_blocked, id=7480, stack(0x0000000019520000,0x0000000019620000)]
  0x0000000018abb000 JavaThread "pool-2-thread-3" [_thread_blocked, id=18308, stack(0x0000000019420000,0x0000000019520000)]
  0x0000000018abe800 JavaThread "pool-2-thread-2" [_thread_blocked, id=14016, stack(0x0000000019320000,0x0000000019420000)]
  0x0000000018ab5000 JavaThread "pool-3-thread-1" [_thread_blocked, id=14132, stack(0x0000000019220000,0x0000000019320000)]
  0x0000000018ab0000 JavaThread "pool-2-thread-1" [_thread_blocked, id=15092, stack(0x0000000019120000,0x0000000019220000)]
  0x00000000189ab000 JavaThread "Service Thread" daemon [_thread_blocked, id=8504, stack(0x0000000018f20000,0x0000000019020000)]
  0x00000000172ae000 JavaThread "C1 CompilerThread2" daemon [_thread_in_vm, id=13476, stack(0x0000000018e20000,0x0000000018f20000)]
=>0x00000000172ad000 JavaThread "C2 CompilerThread1" daemon [_thread_in_native, id=7948, stack(0x0000000018d20000,0x0000000018e20000)]
  0x00000000172aa000 JavaThread "C2 CompilerThread0" daemon [_thread_in_vm, id=20056, stack(0x0000000018820000,0x0000000018920000)]
  0x000000001725e800 JavaThread "Attach Listener" daemon [_thread_blocked, id=13764, stack(0x0000000018720000,0x0000000018820000)]
  0x0000000017248800 JavaThread "Signal Dispatcher" daemon [_thread_blocked, id=7564, stack(0x0000000018620000,0x0000000018720000)]
  0x0000000002627800 JavaThread "Finalizer" daemon [_thread_blocked, id=13100, stack(0x00000000184c0000,0x00000000185c0000)]
  0x000000000261f000 JavaThread "Reference Handler" daemon [_thread_blocked, id=11972, stack(0x00000000183c0000,0x00000000184c0000)]
  0x0000000002530800 JavaThread "main" [_thread_in_Java, id=7540, stack(0x0000000002430000,0x0000000002530000)]

Other Threads:
  0x0000000017217000 VMThread [stack: 0x00000000182c0000,0x00000000183c0000] [id=18356]
  0x00000000189f1800 WatcherThread [stack: 0x0000000019020000,0x0000000019120000] [id=9280]

VM state:not at safepoint (normal execution)

VM Mutex/Monitor currently owned by a thread: None

Heap:
 PSYoungGen      total 38400K, used 13335K [0x00000000d5580000, 0x00000000d8000000, 0x0000000100000000)
  eden space 33280K, 40% used [0x00000000d5580000,0x00000000d6285fb0,0x00000000d7600000)
  from space 5120K, 0% used [0x00000000d7b00000,0x00000000d7b00000,0x00000000d8000000)
  to   space 5120K, 0% used [0x00000000d7600000,0x00000000d7600000,0x00000000d7b00000)
 ParOldGen       total 87552K, used 0K [0x0000000080000000, 0x0000000085580000, 0x00000000d5580000)
  object space 87552K, 0% used [0x0000000080000000,0x0000000080000000,0x0000000085580000)
 Metaspace       used 5301K, capacity 6448K, committed 6528K, reserved 1056768K
  class space    used 574K, capacity 616K, committed 640K, reserved 1048576K

Card table byte_map: [0x00000000119f0000,0x0000000011e00000] byte_map_base: 0x00000000115f0000

Marking Bits: (ParMarkBitMap*) 0x000000005dcb0600
 Begin Bits: [0x00000000124b0000, 0x00000000144b0000)
 End Bits:   [0x00000000144b0000, 0x00000000164b0000)

Polling page: 0x00000000001f0000

CodeCache: size=245760Kb used=2125Kb max_used=2125Kb free=243634Kb
 bounds [0x0000000002630000, 0x00000000028a0000, 0x0000000011630000]
 total_blobs=654 nmethods=389 adapters=176
 compilation: enabled

Compilation events (10 events):
Event: 0.311 Thread 0x00000000172ae000 nmethod 413 0x000000000281e2d0 code [0x000000000281e420, 0x000000000281e530]
Event: 0.311 Thread 0x00000000172ae000  396   !   3       com.android.dx.cf.code.BytecodeArray::parseInstruction (2764 bytes)
Event: 0.311 Thread 0x00000000172aa000 nmethod 411 0x000000000281f890 code [0x000000000281f9c0, 0x000000000281fa78]
Event: 0.311 Thread 0x00000000172aa000  394       4       com.android.dx.util.MutabilityControl::throwIfImmutable (18 bytes)
Event: 0.312 Thread 0x00000000172aa000 nmethod 394 0x000000000281fb50 code [0x000000000281fc80, 0x000000000281fcf8]
Event: 0.312 Thread 0x00000000172aa000  419       4       java.util.ArrayList::get (11 bytes)
Event: 0.312 Thread 0x00000000172ad000 nmethod 392 0x000000000281c350 code [0x000000000281c4a0, 0x000000000281c878]
Event: 0.312 Thread 0x00000000172ad000  429       4       java.util.TreeMap::put (247 bytes)
Event: 0.312 Thread 0x00000000172aa000 nmethod 419 0x000000000281fd90 code [0x000000000281fec0, 0x000000000281ff78]
Event: 0.312 Thread 0x00000000172aa000  430       4       java.util.TreeMap::getEntry (84 bytes)

GC Heap History (0 events):
No events

Deoptimization events (8 events):
Event: 0.306 Thread 0x0000000018ac4000 Uncommon trap: reason=class_check action=maybe_recompile pc=0x00000000027cccfc method=com.android.dx.rop.cst.Constant.compareTo(Ljava/lang/Object;)I @ 2
Event: 0.306 Thread 0x0000000018abe800 Uncommon trap: reason=class_check action=maybe_recompile pc=0x00000000027cccfc method=com.android.dx.rop.cst.Constant.compareTo(Ljava/lang/Object;)I @ 2
Event: 0.306 Thread 0x0000000018abe800 Uncommon trap: reason=class_check action=maybe_recompile pc=0x00000000027cccfc method=com.android.dx.rop.cst.Constant.compareTo(Ljava/lang/Object;)I @ 2
Event: 0.306 Thread 0x0000000018ac4000 Uncommon trap: reason=class_check action=maybe_recompile pc=0x00000000027cccfc method=com.android.dx.rop.cst.Constant.compareTo(Ljava/lang/Object;)I @ 2
Event: 0.309 Thread 0x0000000018abe800 Uncommon trap: reason=speculate_class_check action=maybe_recompile pc=0x000000000281abcc method=com.android.dx.rop.cst.Constant.compareTo(Lcom/android/dx/rop/cst/Constant;)I @ 29
Event: 0.309 Thread 0x0000000018abe800 Uncommon trap: reason=speculate_class_check action=maybe_recompile pc=0x000000000281abcc method=com.android.dx.rop.cst.Constant.compareTo(Lcom/android/dx/rop/cst/Constant;)I @ 29
Event: 0.309 Thread 0x0000000018abe800 Uncommon trap: reason=speculate_class_check action=maybe_recompile pc=0x000000000281abcc method=com.android.dx.rop.cst.Constant.compareTo(Lcom/android/dx/rop/cst/Constant;)I @ 29
Event: 0.309 Thread 0x0000000018abe800 Uncommon trap: reason=speculate_class_check action=maybe_recompile pc=0x000000000281abcc method=com.android.dx.rop.cst.Constant.compareTo(Lcom/android/dx/rop/cst/Constant;)I @ 29

Internal exceptions (2 events):
Event: 0.050 Thread 0x0000000002530800 Exception <a 'java/lang/NoSuchMethodError': Method sun.misc.Unsafe.defineClass(Ljava/lang/String;[BII)Ljava/lang/Class; name or signature does not match> (0x00000000d5593090) thrown at [D:\re\puppet\workspace\8-2-build-windows-amd64-cygwin\jdk8u73\6086\hotá}Ω¡Çﬁ©?
Event: 0.051 Thread 0x0000000002530800 Exception <a 'java/lang/NoSuchMethodError': Method sun.misc.Unsafe.prefetchRead(Ljava/lang/Object;J)V name or signature does not match> (0x00000000d5593378) thrown at [D:\re\puppet\workspace\8-2-build-windows-amd64-cygwin\jdk8u73\6086\hotspot\src\share\vm\

Events (10 events):
Event: 0.309 Thread 0x0000000018abe800 DEOPT UNPACKING pc=0x000000000267582a sp=0x000000001941ed90 mode 2
Event: 0.309 Thread 0x0000000018abe800 Uncommon trap: trap_request=0xffffff76 fr.pc=0x000000000281abcc
Event: 0.309 Thread 0x0000000018abe800 DEOPT PACKING pc=0x000000000281abcc sp=0x000000001941ee60
Event: 0.309 Thread 0x0000000018abe800 DEOPT UNPACKING pc=0x000000000267582a sp=0x000000001941ed90 mode 2
Event: 0.309 Thread 0x0000000018abe800 Uncommon trap: trap_request=0xffffff76 fr.pc=0x000000000281abcc
Event: 0.309 Thread 0x0000000018abe800 DEOPT PACKING pc=0x000000000281abcc sp=0x000000001941ee60
Event: 0.309 Thread 0x0000000018abe800 DEOPT UNPACKING pc=0x000000000267582a sp=0x000000001941ed90 mode 2
Event: 0.309 Thread 0x0000000018abe800 Uncommon trap: trap_request=0xffffff76 fr.pc=0x000000000281abcc
Event: 0.309 Thread 0x0000000018abe800 DEOPT PACKING pc=0x000000000281abcc sp=0x000000001941ee60
Event: 0.309 Thread 0x0000000018abe800 DEOPT UNPACKING pc=0x000000000267582a sp=0x000000001941ed90 mode 2


Dynamic libraries:
0x00007ff64d3f0000 - 0x00007ff64d427000 	X:\Program Files\Java\jdk1.8.0_73\bin\java.exe
0x00007ffae65e0000 - 0x00007ffae67a1000 	X:\Windows\SYSTEM32\ntdll.dll
0x00007ffae39e0000 - 0x00007ffae3a8d000 	X:\Windows\system32\KERNEL32.DLL
0x00007ffae3420000 - 0x00007ffae3608000 	X:\Windows\system32\KERNELBASE.dll
0x00007ffae5290000 - 0x00007ffae5337000 	X:\Windows\system32\ADVAPI32.dll
0x00007ffae6300000 - 0x00007ffae639d000 	X:\Windows\system32\msvcrt.dll
0x00007ffae61d0000 - 0x00007ffae622b000 	X:\Windows\system32\sechost.dll
0x00007ffae5830000 - 0x00007ffae594c000 	X:\Windows\system32\RPCRT4.dll
0x00007ffae5950000 - 0x00007ffae5aa6000 	X:\Windows\system32\USER32.dll
0x00007ffae56a0000 - 0x00007ffae5826000 	X:\Windows\system32\GDI32.dll
0x00007ffada4a0000 - 0x00007ffada714000 	X:\Windows\WinSxS\amd64_microsoft.windows.common-controls_6595b64144ccf1df_6.0.10586.0_none_8c15ae12515e1c22\COMCTL32.dll
0x00007ffae5ab0000 - 0x00007ffae5d2d000 	X:\Windows\system32\combase.dll
0x00007ffae3330000 - 0x00007ffae339a000 	X:\Windows\system32\bcryptPrimitives.dll
0x00007ffae4ff0000 - 0x00007ffae502b000 	X:\Windows\system32\IMM32.DLL
0x000000005d3c0000 - 0x000000005d492000 	X:\Program Files\Java\jdk1.8.0_73\jre\bin\msvcr100.dll
0x000000005d4a0000 - 0x000000005dd30000 	X:\Program Files\Java\jdk1.8.0_73\jre\bin\server\jvm.dll
0x00007ffae65d0000 - 0x00007ffae65d8000 	X:\Windows\system32\PSAPI.DLL
0x00007ffadf760000 - 0x00007ffadf76a000 	X:\Windows\SYSTEM32\VERSION.dll
0x00007ffae0ef0000 - 0x00007ffae0f13000 	X:\Windows\SYSTEM32\WINMM.dll
0x00007ffad6220000 - 0x00007ffad6229000 	X:\Windows\SYSTEM32\WSOCK32.dll
0x00007ffae6160000 - 0x00007ffae61cb000 	X:\Windows\system32\WS2_32.dll
0x00007ffae0e80000 - 0x00007ffae0eac000 	X:\Windows\SYSTEM32\WINMMBASE.dll
0x00007ffae2c90000 - 0x00007ffae2cd3000 	X:\Windows\system32\cfgmgr32.dll
0x000000005d370000 - 0x000000005d37f000 	X:\Program Files\Java\jdk1.8.0_73\jre\bin\verify.dll
0x000000005d340000 - 0x000000005d369000 	X:\Program Files\Java\jdk1.8.0_73\jre\bin\java.dll
0x000000005d320000 - 0x000000005d336000 	X:\Program Files\Java\jdk1.8.0_73\jre\bin\zip.dll
0x00007ffae3a90000 - 0x00007ffae4fec000 	X:\Windows\system32\SHELL32.dll
0x00007ffae2ce0000 - 0x00007ffae3325000 	X:\Windows\system32\windows.storage.dll
0x00007ffae6460000 - 0x00007ffae64b2000 	X:\Windows\system32\shlwapi.dll
0x00007ffae2c80000 - 0x00007ffae2c8f000 	X:\Windows\system32\kernel.appcore.dll
0x00007ffae3750000 - 0x00007ffae3805000 	X:\Windows\system32\shcore.dll
0x00007ffae2c00000 - 0x00007ffae2c4b000 	X:\Windows\system32\powrprof.dll
0x00007ffae2c60000 - 0x00007ffae2c74000 	X:\Windows\system32\profapi.dll

VM Arguments:
jvm_args: -Djava.awt.headless=true -Xmx2g -Dfile.encoding=GBK -Duser.country=CN -Duser.language=zh -Duser.variant 
java_command: com.android.dx.command.Main --dex --num-threads=4 --multi-dex --output E:\Android\CalorieCounter\app\build\intermediates\transforms\dex\debug\folders\1000\1\debug_c12e9ece3e3c2bd2b03ef862e6ab9486fb6796ba E:\Android\CalorieCounter\app\build\intermediates\classes\debug
java_class_path (initial): E:\QMDownload\SDK\build-tools\23.0.3\lib\dx.jar
Launcher Type: SUN_STANDARD

Environment Variables:
PATH=X:\ProgramData\Oracle\Java\javapath;X:\Windows\system32;X:\Windows;X:\Windows\System32\Wbem;X:\Windows\System32\WindowsPowerShell\v1.0\;X:\Program Files (x86)\ATI Technologies\ATI.ACE\Core-Static;D:\Program Files\MATLAB\R2013a\runtime\win64;D:\Program Files\MATLAB\R2013a\bin;X:\Program Files\Java\jdk1.8.0_73\bin;D:\Python27;X:\Program Files (x86)\MySQL\MySQL Fabric 1.5 & MySQL Utilities 1.5\;X:\Program Files (x86)\MySQL\MySQL Fabric 1.5 & MySQL Utilities 1.5\Doctrine extensions for PHP\;E:\QMDownload\SDK\platform-tools
USERNAME=Õı…≠
OS=Windows_NT
PROCESSOR_IDENTIFIER=Intel64 Family 6 Model 60 Stepping 3, GenuineIntel



---------------  S Y S T E M  ---------------

OS: Windows 10.0 , 64 bit Build 10586 (10.0.10586.0)

CPU:total 4 (4 cores per cpu, 1 threads per core) family 6 model 60 stepping 3, cmov, cx8, fxsr, mmx, sse, sse2, sse3, ssse3, sse4.1, sse4.2, popcnt, avx, avx2, aes, clmul, erms, lzcnt, tsc, tscinvbit, bmi1, bmi2

Memory: 4k page, physical 8315044k(1320072k free), swap 8315044k(5264k free)

vm_info: Java HotSpot(TM) 64-Bit Server VM (25.73-b02) for windows-amd64 JRE (1.8.0_73-b02), built on Jan 29 2016 17:38:49 by "java_re" with MS VC++ 10.0 (VS2010)

time: Fri Apr 22 00:45:55 2016
elapsed time: 0 seconds (0d 0h 0m 0s)

