#
# There is insufficient memory for the Java Runtime Environment to continue.
# Native memory allocation (malloc) failed to allocate 1712176 bytes for Chunk::new
# Possible reasons:
#   The system is out of physical RAM or swap space
#   In 32 bit mode, the process size limit was hit
# Possible solutions:
#   Reduce memory load on the system
#   Increase physical memory or swap space
#   Check if swap backing store is full
#   Use 64 bit Java on a 64 bit OS
#   Decrease Java heap size (-Xmx/-Xms)
#   Decrease number of Java threads
#   Decrease Java thread stack sizes (-Xss)
#   Set larger code cache with -XX:ReservedCodeCacheSize=
# This output file may be truncated or incomplete.
#
#  Out of Memory Error (allocation.cpp:390), pid=13856, tid=3596
#
# JRE version: Java(TM) SE Runtime Environment (8.0_73-b02) (build 1.8.0_73-b02)
# Java VM: Java HotSpot(TM) 64-Bit Server VM (25.73-b02 mixed mode windows-amd64 compressed oops)
# Failed to write core dump. Minidumps are not enabled by default on client versions of Windows
#

---------------  T H R E A D  ---------------

Current thread (0x00000000172fb800):  JavaThread "C2 CompilerThread0" daemon [_thread_in_native, id=3596, stack(0x0000000018800000,0x0000000018900000)]

Stack: [0x0000000018800000,0x0000000018900000]
[error occurred during error reporting (printing stack bounds), id 0xc0000005]

Native frames: (J=compiled Java code, j=interpreted, Vv=VM code, C=native code)


Current CompileTask:
C2:   2942 1432   !   4       com.android.dx.cf.cst.ConstantPoolParser::parse0 (731 bytes)


---------------  P R O C E S S  ---------------

Java Threads: ( => current thread )
  0x0000000018ba3800 JavaThread "pool-2-thread-4" [_thread_in_vm, id=10072, stack(0x0000000019500000,0x0000000019600000)]
  0x0000000018ba2800 JavaThread "pool-2-thread-3" [_thread_in_Java, id=11956, stack(0x0000000019400000,0x0000000019500000)]
  0x0000000018ba1800 JavaThread "pool-2-thread-2" [_thread_in_Java, id=9076, stack(0x0000000019300000,0x0000000019400000)]
  0x0000000018b9e800 JavaThread "pool-3-thread-1" [_thread_blocked, id=19512, stack(0x0000000019200000,0x0000000019300000)]
  0x0000000018b9e000 JavaThread "pool-2-thread-1" [_thread_in_vm, id=21264, stack(0x0000000019100000,0x0000000019200000)]
  0x0000000018969800 JavaThread "Service Thread" daemon [_thread_blocked, id=4268, stack(0x0000000018f00000,0x0000000019000000)]
  0x000000001894b800 JavaThread "C1 CompilerThread2" daemon [_thread_blocked, id=16680, stack(0x0000000018e00000,0x0000000018f00000)]
  0x0000000018900800 JavaThread "C2 CompilerThread1" daemon [_thread_in_native, id=22736, stack(0x0000000018d00000,0x0000000018e00000)]
=>0x00000000172fb800 JavaThread "C2 CompilerThread0" daemon [_thread_in_native, id=3596, stack(0x0000000018800000,0x0000000018900000)]
  0x00000000172b0000 JavaThread "Attach Listener" daemon [_thread_blocked, id=16708, stack(0x0000000018700000,0x0000000018800000)]
  0x00000000172af000 JavaThread "Signal Dispatcher" daemon [_thread_blocked, id=10168, stack(0x0000000018600000,0x0000000018700000)]
  0x0000000002267800 JavaThread "Finalizer" daemon [_thread_blocked, id=7884, stack(0x0000000018500000,0x0000000018600000)]
  0x000000000225f000 JavaThread "Reference Handler" daemon [_thread_blocked, id=5344, stack(0x0000000018400000,0x0000000018500000)]
  0x0000000002171000 JavaThread "main" [_thread_in_vm, id=1948, stack(0x0000000000900000,0x0000000000a00000)]

Other Threads:
  0x0000000017268000 VMThread [stack: 0x0000000018300000,0x0000000018400000] [id=8084]
  0x00000000189a8800 WatcherThread [stack: 0x0000000019000000,0x0000000019100000] [id=22692]

VM state:not at safepoint (normal execution)

VM Mutex/Monitor currently owned by a thread: None

Heap:
 PSYoungGen      total 38400K, used 35832K [0x00000000d5580000, 0x00000000da080000, 0x0000000100000000)
  eden space 33280K, 92% used [0x00000000d5580000,0x00000000d737f1e0,0x00000000d7600000)
  from space 5120K, 99% used [0x00000000d7600000,0x00000000d7afef48,0x00000000d7b00000)
  to   space 5120K, 0% used [0x00000000d9b80000,0x00000000d9b80000,0x00000000da080000)
 ParOldGen       total 87552K, used 236K [0x0000000080000000, 0x0000000085580000, 0x00000000d5580000)
  object space 87552K, 0% used [0x0000000080000000,0x000000008003b1b8,0x0000000085580000)
 Metaspace       used 6199K, capacity 7030K, committed 7296K, reserved 1056768K
  class space    used 606K, capacity 622K, committed 640K, reserved 1048576K

Card table byte_map: [0x0000000011b40000,0x0000000011f50000] byte_map_base: 0x0000000011740000

Marking Bits: (ParMarkBitMap*) 0x0000000064400600
 Begin Bits: [0x0000000012500000, 0x0000000014500000)
 End Bits:   [0x0000000014500000, 0x0000000016500000)

Polling page: 0x00000000001f0000

CodeCache: size=245760Kb used=5989Kb max_used=5989Kb free=239770Kb
 bounds [0x0000000002780000, 0x0000000002d60000, 0x0000000011780000]
 total_blobs=1737 nmethods=1466 adapters=184
 compilation: enabled

Compilation events (10 events):
Event: 2.852 Thread 0x000000001894b800 1469       1       com.android.dx.cf.code.ByteOps::opInfo (6 bytes)
Event: 2.852 Thread 0x000000001894b800 nmethod 1469 0x0000000002d56650 code [0x0000000002d567a0, 0x0000000002d568b0]
Event: 2.855 Thread 0x000000001894b800 1473       3       com.android.dx.rop.type.Prototype::compareTo (120 bytes)
Event: 2.855 Thread 0x000000001894b800 nmethod 1473 0x0000000002d5c5d0 code [0x0000000002d5c7e0, 0x0000000002d5d678]
Event: 2.857 Thread 0x000000001894b800 1474       3       com.android.dx.cf.direct.AttributeFactory::parse0 (53 bytes)
Event: 2.858 Thread 0x000000001894b800 nmethod 1474 0x0000000002d53ed0 code [0x0000000002d540c0, 0x0000000002d54a28]
Event: 2.858 Thread 0x000000001894b800 1475  s    3       com.android.dx.dex.file.StringIdsSection::intern (53 bytes)
Event: 2.859 Thread 0x000000001894b800 nmethod 1475 0x0000000002d5ef10 code [0x0000000002d5f0e0, 0x0000000002d5fa58]
Event: 2.936 Thread 0x000000001894b800 1476       3       com.android.dx.ssa.SsaInsn::getLocalAssignment (24 bytes)
Event: 2.936 Thread 0x000000001894b800 nmethod 1476 0x0000000002d5c110 code [0x0000000002d5c280, 0x0000000002d5c510]

GC Heap History (2 events):
Event: 2.496 GC heap before
{Heap before GC invocations=1 (full 0):
 PSYoungGen      total 38400K, used 33280K [0x00000000d5580000, 0x00000000d8000000, 0x0000000100000000)
  eden space 33280K, 100% used [0x00000000d5580000,0x00000000d7600000,0x00000000d7600000)
  from space 5120K, 0% used [0x00000000d7b00000,0x00000000d7b00000,0x00000000d8000000)
  to   space 5120K, 0% used [0x00000000d7600000,0x00000000d7600000,0x00000000d7b00000)
 ParOldGen       total 87552K, used 0K [0x0000000080000000, 0x0000000085580000, 0x00000000d5580000)
  object space 87552K, 0% used [0x0000000080000000,0x0000000080000000,0x0000000085580000)
 Metaspace       used 5991K, capacity 6836K, committed 7040K, reserved 1056768K
  class space    used 604K, capacity 620K, committed 640K, reserved 1048576K
Event: 2.587 GC heap after
Heap after GC invocations=1 (full 0):
 PSYoungGen      total 38400K, used 5115K [0x00000000d5580000, 0x00000000da080000, 0x0000000100000000)
  eden space 33280K, 0% used [0x00000000d5580000,0x00000000d5580000,0x00000000d7600000)
  from space 5120K, 99% used [0x00000000d7600000,0x00000000d7afef48,0x00000000d7b00000)
  to   space 5120K, 0% used [0x00000000d9b80000,0x00000000d9b80000,0x00000000da080000)
 ParOldGen       total 87552K, used 236K [0x0000000080000000, 0x0000000085580000, 0x00000000d5580000)
  object space 87552K, 0% used [0x0000000080000000,0x000000008003b1b8,0x0000000085580000)
 Metaspace       used 5991K, capacity 6836K, committed 7040K, reserved 1056768K
  class space    used 604K, capacity 620K, committed 640K, reserved 1048576K
}

Deoptimization events (10 events):
Event: 2.743 Thread 0x0000000018ba3800 Uncommon trap: reason=null_check action=make_not_entrant pc=0x0000000002b37ef8 method=com.android.dx.rop.type.Type.equals(Ljava/lang/Object;)Z @ 8
Event: 2.749 Thread 0x0000000018ba3800 Uncommon trap: reason=unstable_if action=reinterpret pc=0x0000000002c5fb8c method=com.android.dx.util.LabeledList.set(ILcom/android/dx/util/LabeledItem;)V @ 16
Event: 2.770 Thread 0x0000000018ba2800 Uncommon trap: reason=unstable_if action=reinterpret pc=0x0000000002c55078 method=com.android.dx.cf.code.Ropper.labelToResultIndex(I)I @ 34
Event: 2.838 Thread 0x0000000002171000 Uncommon trap: reason=bimorphic action=maybe_recompile pc=0x0000000002d18358 method=com.android.dx.cf.code.BytecodeArray.parseInstruction(ILcom/android/dx/cf/code/BytecodeArray$Visitor;)I @ 955
Event: 2.838 Thread 0x0000000002171000 Uncommon trap: reason=bimorphic action=maybe_recompile pc=0x0000000002d181cc method=com.android.dx.cf.code.BytecodeArray.parseInstruction(ILcom/android/dx/cf/code/BytecodeArray$Visitor;)I @ 907
Event: 2.838 Thread 0x0000000002171000 Uncommon trap: reason=bimorphic action=maybe_recompile pc=0x0000000002d188ec method=com.android.dx.cf.code.BytecodeArray.parseInstruction(ILcom/android/dx/cf/code/BytecodeArray$Visitor;)I @ 1224
Event: 2.838 Thread 0x0000000002171000 Uncommon trap: reason=bimorphic action=maybe_recompile pc=0x0000000002d18250 method=com.android.dx.cf.code.BytecodeArray.parseInstruction(ILcom/android/dx/cf/code/BytecodeArray$Visitor;)I @ 923
Event: 2.838 Thread 0x0000000002171000 Uncommon trap: reason=bimorphic action=maybe_recompile pc=0x0000000002d188ec method=com.android.dx.cf.code.BytecodeArray.parseInstruction(ILcom/android/dx/cf/code/BytecodeArray$Visitor;)I @ 1224
Event: 2.844 Thread 0x0000000002171000 Uncommon trap: reason=unstable_if action=reinterpret pc=0x0000000002ba23ec method=com.android.dx.rop.code.RegisterSpecSet.put(Lcom/android/dx/rop/code/RegisterSpec;)V @ 77
Event: 2.844 Thread 0x0000000002171000 Uncommon trap: reason=unstable_if action=reinterpret pc=0x0000000002be7064 method=com.android.dx.rop.code.RegisterSpecSet.put(Lcom/android/dx/rop/code/RegisterSpec;)V @ 77

Internal exceptions (3 events):
Event: 0.029 Thread 0x0000000002171000 Exception <a 'java/lang/NoSuchMethodError': Method sun.misc.Unsafe.defineClass(Ljava/lang/String;[BII)Ljava/lang/Class; name or signature does not match> (0x00000000d5593090) thrown at [D:\re\puppet\workspace\8-2-build-windows-amd64-cygwin\jdk8u73\6086\hot;˙æ:é≠ù?
Event: 0.029 Thread 0x0000000002171000 Exception <a 'java/lang/NoSuchMethodError': Method sun.misc.Unsafe.prefetchRead(Ljava/lang/Object;J)V name or signature does not match> (0x00000000d5593378) thrown at [D:\re\puppet\workspace\8-2-build-windows-amd64-cygwin\jdk8u73\6086\hotspot\src\share\vm\5`’Ò@
Event: 2.743 Thread 0x0000000018ba3800 Implicit null exception at 0x0000000002b37de2 to 0x0000000002b37ee9

Events (10 events):
Event: 2.838 Thread 0x0000000002171000 DEOPT UNPACKING pc=0x00000000027c582a sp=0x00000000009fe478 mode 2
Event: 2.844 Thread 0x0000000002171000 Uncommon trap: trap_request=0xffffff65 fr.pc=0x0000000002ba23ec
Event: 2.844 Thread 0x0000000002171000 DEOPT PACKING pc=0x0000000002ba23ec sp=0x00000000009fe640
Event: 2.844 Thread 0x0000000002171000 DEOPT UNPACKING pc=0x00000000027c582a sp=0x00000000009fe5c8 mode 2
Event: 2.844 Thread 0x0000000002171000 Uncommon trap: trap_request=0xffffff65 fr.pc=0x0000000002be7064
Event: 2.844 Thread 0x0000000002171000 DEOPT PACKING pc=0x0000000002be7064 sp=0x00000000009fe630
Event: 2.844 Thread 0x0000000002171000 DEOPT UNPACKING pc=0x00000000027c582a sp=0x00000000009fe550 mode 2
Event: 2.852 Thread 0x0000000002171000 DEOPT PACKING pc=0x0000000002cbe182 sp=0x00000000009fe400
Event: 2.852 Thread 0x0000000002171000 DEOPT UNPACKING pc=0x00000000027c787f sp=0x00000000009fe168 mode 0
Event: 2.860 Thread 0x0000000002171000 Uncommon trap: trap_request=0xffffff65 fr.pc=0x0000000002aefa44


Dynamic libraries:
0x00007ff79cf10000 - 0x00007ff79cf47000 	X:\Program Files\Java\jdk1.8.0_73\bin\java.exe
0x00007ffa94180000 - 0x00007ffa94341000 	X:\Windows\SYSTEM32\ntdll.dll
0x00007ffa91d90000 - 0x00007ffa91e3d000 	X:\Windows\system32\KERNEL32.DLL
0x00007ffa90ba0000 - 0x00007ffa90d88000 	X:\Windows\system32\KERNELBASE.dll
0x00007ffa91e40000 - 0x00007ffa91ee7000 	X:\Windows\system32\ADVAPI32.dll
0x00007ffa91af0000 - 0x00007ffa91b8d000 	X:\Windows\system32\msvcrt.dll
0x00007ffa91840000 - 0x00007ffa9189b000 	X:\Windows\system32\sechost.dll
0x00007ffa91580000 - 0x00007ffa9169c000 	X:\Windows\system32\RPCRT4.dll
0x00007ffa93ad0000 - 0x00007ffa93c26000 	X:\Windows\system32\USER32.dll
0x00007ffa91c00000 - 0x00007ffa91d86000 	X:\Windows\system32\GDI32.dll
0x00007ffa89e50000 - 0x00007ffa8a0c4000 	X:\Windows\WinSxS\amd64_microsoft.windows.common-controls_6595b64144ccf1df_6.0.10586.0_none_8c15ae12515e1c22\COMCTL32.dll
0x00007ffa92100000 - 0x00007ffa9237d000 	X:\Windows\system32\combase.dll
0x00007ffa90b30000 - 0x00007ffa90b9a000 	X:\Windows\system32\bcryptPrimitives.dll
0x00007ffa92380000 - 0x00007ffa923bb000 	X:\Windows\system32\IMM32.DLL
0x0000000063b10000 - 0x0000000063be2000 	X:\Program Files\Java\jdk1.8.0_73\jre\bin\msvcr100.dll
0x0000000063bf0000 - 0x0000000064480000 	X:\Program Files\Java\jdk1.8.0_73\jre\bin\server\jvm.dll
0x00007ffa918a0000 - 0x00007ffa918a8000 	X:\Windows\system32\PSAPI.DLL
0x00007ffa8b570000 - 0x00007ffa8b579000 	X:\Windows\SYSTEM32\WSOCK32.dll
0x00007ffa8e890000 - 0x00007ffa8e8b3000 	X:\Windows\SYSTEM32\WINMM.dll
0x00007ffa916a0000 - 0x00007ffa9170b000 	X:\Windows\system32\WS2_32.dll
0x00007ffa8d5f0000 - 0x00007ffa8d5fa000 	X:\Windows\SYSTEM32\VERSION.dll
0x0000000002140000 - 0x000000000216c000 	X:\Windows\SYSTEM32\WINMMBASE.dll
0x00007ffa90910000 - 0x00007ffa90953000 	X:\Windows\system32\cfgmgr32.dll
0x0000000064a90000 - 0x0000000064a9f000 	X:\Program Files\Java\jdk1.8.0_73\jre\bin\verify.dll
0x0000000063aa0000 - 0x0000000063ac9000 	X:\Program Files\Java\jdk1.8.0_73\jre\bin\java.dll
0x0000000063a80000 - 0x0000000063a96000 	X:\Program Files\Java\jdk1.8.0_73\jre\bin\zip.dll
0x00007ffa92570000 - 0x00007ffa93acc000 	X:\Windows\system32\SHELL32.dll
0x00007ffa90d90000 - 0x00007ffa913d5000 	X:\Windows\system32\windows.storage.dll
0x00007ffa91a70000 - 0x00007ffa91ac2000 	X:\Windows\system32\shlwapi.dll
0x00007ffa907d0000 - 0x00007ffa907df000 	X:\Windows\system32\kernel.appcore.dll
0x00007ffa90830000 - 0x00007ffa908e5000 	X:\Windows\system32\shcore.dll
0x00007ffa907e0000 - 0x00007ffa9082b000 	X:\Windows\system32\powrprof.dll
0x00007ffa907b0000 - 0x00007ffa907c4000 	X:\Windows\system32\profapi.dll

VM Arguments:
jvm_args: -Djava.awt.headless=true -Xmx2g -Dfile.encoding=GBK -Duser.country=CN -Duser.language=zh -Duser.variant 
java_command: com.android.dx.command.Main --dex --num-threads=4 --multi-dex --output E:\Android\CalorieCounter\app\build\intermediates\transforms\dex\debug\folders\1000\10\com.android.support-support-v4-23.2.1_b3f86bb7eb2bf098389785e98df432783523f3ad E:\Android\CalorieCounter\app\build\intermediates\exploded-aar\com.android.support\support-v4\23.2.1\jars\classes.jar
java_class_path (initial): E:\QMDownload\SDK\build-tools\23.0.3\lib\dx.jar
Launcher Type: SUN_STANDARD

Environment Variables:
PATH=X:\ProgramData\Oracle\Java\javapath;X:\Windows\system32;X:\Windows;X:\Windows\System32\Wbem;X:\Windows\System32\WindowsPowerShell\v1.0\;X:\Program Files (x86)\ATI Technologies\ATI.ACE\Core-Static;D:\Program Files\MATLAB\R2013a\runtime\win64;D:\Program Files\MATLAB\R2013a\bin;X:\Program Files\Java\jdk1.8.0_73\bin;D:\Python27;X:\Program Files (x86)\MySQL\MySQL Fabric 1.5 & MySQL Utilities 1.5\;X:\Program Files (x86)\MySQL\MySQL Fabric 1.5 & MySQL Utilities 1.5\Doctrine extensions for PHP\
USERNAME=Õı…≠
OS=Windows_NT
PROCESSOR_IDENTIFIER=Intel64 Family 6 Model 60 Stepping 3, GenuineIntel



---------------  S Y S T E M  ---------------

OS: Windows 10.0 , 64 bit Build 10586 (10.0.10586.0)

CPU:total 4 (4 cores per cpu, 1 threads per core) family 6 model 60 stepping 3, cmov, cx8, fxsr, mmx, sse, sse2, sse3, ssse3, sse4.1, sse4.2, popcnt, avx, avx2, aes, clmul, erms, lzcnt, tsc, tscinvbit, bmi1, bmi2

Memory: 4k page, physical 8315044k(2074296k free), swap 8315044k(5132k free)

vm_info: Java HotSpot(TM) 64-Bit Server VM (25.73-b02) for windows-amd64 JRE (1.8.0_73-b02), built on Jan 29 2016 17:38:49 by "java_re" with MS VC++ 10.0 (VS2010)

time: Thu Apr 21 22:22:15 2016
elapsed time: 2 seconds (0d 0h 0m 2s)

