#
# There is insufficient memory for the Java Runtime Environment to continue.
# Native memory allocation (malloc) failed to allocate 505776 bytes for Chunk::new
# Possible reasons:
#   The system is out of physical RAM or swap space
#   In 32 bit mode, the process size limit was hit
# Possible solutions:
#   Reduce memory load on the system
#   Increase physical memory or swap space
#   Check if swap backing store is full
#   Use 64 bit Java on a 64 bit OS
#   Decrease Java heap size (-Xmx/-Xms)
#   Decrease number of Java threads
#   Decrease Java thread stack sizes (-Xss)
#   Set larger code cache with -XX:ReservedCodeCacheSize=
# This output file may be truncated or incomplete.
#
#  Out of Memory Error (allocation.cpp:390), pid=12576, tid=10872
#
# JRE version: Java(TM) SE Runtime Environment (8.0_73-b02) (build 1.8.0_73-b02)
# Java VM: Java HotSpot(TM) 64-Bit Server VM (25.73-b02 mixed mode windows-amd64 compressed oops)
# Failed to write core dump. Minidumps are not enabled by default on client versions of Windows
#

---------------  T H R E A D  ---------------

Current thread (0x00000000172ca800):  JavaThread "C2 CompilerThread0" daemon [_thread_in_native, id=10872, stack(0x00000000187e0000,0x00000000188e0000)]

Stack: [0x00000000187e0000,0x00000000188e0000]
[error occurred during error reporting (printing stack bounds), id 0xc0000005]

Native frames: (J=compiled Java code, j=interpreted, Vv=VM code, C=native code)


Current CompileTask:
C2:    825 1347       4       com.android.dx.ssa.SCCP::simulateStmt (481 bytes)


---------------  P R O C E S S  ---------------

Java Threads: ( => current thread )
  0x0000000018ad4000 JavaThread "pool-2-thread-3" [_thread_in_Java, id=4012, stack(0x00000000193e0000,0x00000000194e0000)]
  0x0000000018ace800 JavaThread "pool-3-thread-1" [_thread_blocked, id=8104, stack(0x00000000191e0000,0x00000000192e0000)]
  0x000000001895f000 JavaThread "Service Thread" daemon [_thread_blocked, id=7020, stack(0x0000000018ee0000,0x0000000018fe0000)]
  0x00000000188e2800 JavaThread "C1 CompilerThread2" daemon [_thread_in_native, id=11196, stack(0x0000000018de0000,0x0000000018ee0000)]
  0x00000000172cd800 JavaThread "C2 CompilerThread1" daemon [_thread_in_native, id=1580, stack(0x0000000018ce0000,0x0000000018de0000)]
=>0x00000000172ca800 JavaThread "C2 CompilerThread0" daemon [_thread_in_native, id=10872, stack(0x00000000187e0000,0x00000000188e0000)]
  0x00000000172c8000 JavaThread "Attach Listener" daemon [_thread_blocked, id=8676, stack(0x00000000186e0000,0x00000000187e0000)]
  0x000000001727d800 JavaThread "Signal Dispatcher" daemon [_thread_blocked, id=6036, stack(0x00000000185e0000,0x00000000186e0000)]
  0x0000000002646000 JavaThread "Finalizer" daemon [_thread_blocked, id=1688, stack(0x00000000184e0000,0x00000000185e0000)]
  0x000000000263d000 JavaThread "Reference Handler" daemon [_thread_blocked, id=14700, stack(0x00000000183e0000,0x00000000184e0000)]
  0x0000000002550800 JavaThread "main" [_thread_blocked, id=13392, stack(0x00000000023e0000,0x00000000024e0000)]

Other Threads:
  0x0000000017238000 VMThread [stack: 0x00000000182e0000,0x00000000183e0000] [id=5252]
  0x000000001898c000 WatcherThread [stack: 0x0000000018fe0000,0x00000000190e0000] [id=6500]

VM state:not at safepoint (normal execution)

VM Mutex/Monitor currently owned by a thread: None

Heap:
 PSYoungGen      total 38400K, used 37352K [0x00000000d5580000, 0x00000000d8000000, 0x0000000100000000)
  eden space 33280K, 96% used [0x00000000d5580000,0x00000000d75018d8,0x00000000d7600000)
  from space 5120K, 99% used [0x00000000d7600000,0x00000000d7af8ae8,0x00000000d7b00000)
  to   space 5120K, 0% used [0x00000000d7b00000,0x00000000d7b00000,0x00000000d8000000)
 ParOldGen       total 87552K, used 1673K [0x0000000080000000, 0x0000000085580000, 0x00000000d5580000)
  object space 87552K, 1% used [0x0000000080000000,0x00000000801a25b0,0x0000000085580000)
 Metaspace       used 6185K, capacity 7030K, committed 7296K, reserved 1056768K
  class space    used 604K, capacity 622K, committed 640K, reserved 1048576K

Card table byte_map: [0x0000000011a10000,0x0000000011e20000] byte_map_base: 0x0000000011610000

Marking Bits: (ParMarkBitMap*) 0x00000000530a0600
 Begin Bits: [0x00000000124d0000, 0x00000000144d0000)
 End Bits:   [0x00000000144d0000, 0x00000000164d0000)

Polling page: 0x00000000001f0000

CodeCache: size=245760Kb used=5751Kb max_used=5751Kb free=240008Kb
 bounds [0x0000000002650000, 0x0000000002c00000, 0x0000000011650000]
 total_blobs=1727 nmethods=1456 adapters=184
 compilation: enabled

Compilation events (10 events):
Event: 0.811 Thread 0x00000000188e2800 1470       2       java.util.ArrayList$SubList::rangeCheck (26 bytes)
Event: 0.812 Thread 0x00000000188e2800 nmethod 1470 0x0000000002bef410 code [0x0000000002bef5c0, 0x0000000002befa58]
Event: 0.813 Thread 0x00000000188e2800 1471       2       com.android.dx.command.dexer.Main::access$1400 (4 bytes)
Event: 0.813 Thread 0x00000000188e2800 nmethod 1471 0x0000000002befdd0 code [0x0000000002beff20, 0x0000000002bf0050]
Event: 0.813 Thread 0x00000000188e2800 1473       2       java.util.concurrent.locks.AbstractQueuedSynchronizer::compareAndSetState (13 bytes)
Event: 0.813 Thread 0x00000000188e2800 nmethod 1473 0x0000000002bf00d0 code [0x0000000002bf0220, 0x0000000002bf0390]
Event: 0.813 Thread 0x00000000188e2800 1472       2       java.util.concurrent.locks.ReentrantLock::unlock (10 bytes)
Event: 0.813 Thread 0x00000000188e2800 nmethod 1472 0x0000000002bf0410 code [0x0000000002bf0580, 0x0000000002bf0778]
Event: 0.813 Thread 0x00000000188e2800 1474       2       java.util.concurrent.locks.AbstractQueuedSynchronizer$ConditionObject::signal (33 bytes)
Event: 0.813 Thread 0x00000000188e2800 nmethod 1474 0x0000000002bf0890 code [0x0000000002bf0a20, 0x0000000002bf0c68]

GC Heap History (2 events):
Event: 0.558 GC heap before
{Heap before GC invocations=1 (full 0):
 PSYoungGen      total 38400K, used 33280K [0x00000000d5580000, 0x00000000d8000000, 0x0000000100000000)
  eden space 33280K, 100% used [0x00000000d5580000,0x00000000d7600000,0x00000000d7600000)
  from space 5120K, 0% used [0x00000000d7b00000,0x00000000d7b00000,0x00000000d8000000)
  to   space 5120K, 0% used [0x00000000d7600000,0x00000000d7600000,0x00000000d7b00000)
 ParOldGen       total 87552K, used 0K [0x0000000080000000, 0x0000000085580000, 0x00000000d5580000)
  object space 87552K, 0% used [0x0000000080000000,0x0000000080000000,0x0000000085580000)
 Metaspace       used 5947K, capacity 6836K, committed 7040K, reserved 1056768K
  class space    used 603K, capacity 620K, committed 640K, reserved 1048576K
Event: 0.564 GC heap after
Heap after GC invocations=1 (full 0):
 PSYoungGen      total 38400K, used 5090K [0x00000000d5580000, 0x00000000d8000000, 0x0000000100000000)
  eden space 33280K, 0% used [0x00000000d5580000,0x00000000d5580000,0x00000000d7600000)
  from space 5120K, 99% used [0x00000000d7600000,0x00000000d7af8ae8,0x00000000d7b00000)
  to   space 5120K, 0% used [0x00000000d7b00000,0x00000000d7b00000,0x00000000d8000000)
 ParOldGen       total 87552K, used 1673K [0x0000000080000000, 0x0000000085580000, 0x00000000d5580000)
  object space 87552K, 1% used [0x0000000080000000,0x00000000801a25b0,0x0000000085580000)
 Metaspace       used 5947K, capacity 6836K, committed 7040K, reserved 1056768K
  class space    used 603K, capacity 620K, committed 640K, reserved 1048576K
}

Deoptimization events (10 events):
Event: 0.334 Thread 0x0000000002550800 Uncommon trap: reason=unstable_if action=reinterpret pc=0x00000000028adaa8 method=java.util.HashMap.getNode(ILjava/lang/Object;)Ljava/util/HashMap$Node; @ 62
Event: 0.346 Thread 0x0000000018acd000 Uncommon trap: reason=unstable_if action=reinterpret pc=0x000000000289db30 method=java.util.BitSet.nextSetBit(I)I @ 87
Event: 0.414 Thread 0x0000000018ad1800 Uncommon trap: reason=unstable_if action=reinterpret pc=0x00000000028f9bdc method=com.android.dx.rop.cst.Constant.compareTo(Lcom/android/dx/rop/cst/Constant;)I @ 12
Event: 0.415 Thread 0x0000000018ad1800 Uncommon trap: reason=class_check action=maybe_recompile pc=0x00000000028bc330 method=com.android.dx.ssa.NormalSsaInsn.accept(Lcom/android/dx/ssa/SsaInsn$Visitor;)V @ 9
Event: 0.415 Thread 0x0000000018ad1800 Uncommon trap: reason=class_check action=maybe_recompile pc=0x00000000028bc330 method=com.android.dx.ssa.NormalSsaInsn.accept(Lcom/android/dx/ssa/SsaInsn$Visitor;)V @ 9
Event: 0.415 Thread 0x0000000018ad1800 Uncommon trap: reason=class_check action=maybe_recompile pc=0x00000000028bc330 method=com.android.dx.ssa.NormalSsaInsn.accept(Lcom/android/dx/ssa/SsaInsn$Visitor;)V @ 9
Event: 0.415 Thread 0x0000000018ad1800 Uncommon trap: reason=class_check action=maybe_recompile pc=0x00000000028bc330 method=com.android.dx.ssa.NormalSsaInsn.accept(Lcom/android/dx/ssa/SsaInsn$Visitor;)V @ 9
Event: 0.432 Thread 0x0000000018ad4000 Uncommon trap: reason=class_check action=maybe_recompile pc=0x0000000002965bd0 method=com.android.dx.ssa.NormalSsaInsn.accept(Lcom/android/dx/ssa/SsaInsn$Visitor;)V @ 9
Event: 0.485 Thread 0x0000000002550800 Uncommon trap: reason=null_check action=make_not_entrant pc=0x0000000002980d90 method=com.android.dx.ssa.SsaRenamer.getLocalForNewReg(I)Lcom/android/dx/rop/code/LocalItem; @ 19
Event: 0.800 Thread 0x0000000002550800 Uncommon trap: reason=unstable_if action=reinterpret pc=0x00000000028bab00 method=java.lang.String.<init>([CII)V @ 18

Internal exceptions (3 events):
Event: 0.027 Thread 0x0000000002550800 Exception <a 'java/lang/NoSuchMethodError': Method sun.misc.Unsafe.defineClass(Ljava/lang/String;[BII)Ljava/lang/Class; name or signature does not match> (0x00000000d5593090) thrown at [D:\re\puppet\workspace\8-2-build-windows-amd64-cygwin\jdk8u73\6086\hotÑ'‹πõ?
Event: 0.027 Thread 0x0000000002550800 Exception <a 'java/lang/NoSuchMethodError': Method sun.misc.Unsafe.prefetchRead(Ljava/lang/Object;J)V name or signature does not match> (0x00000000d5593378) thrown at [D:\re\puppet\workspace\8-2-build-windows-amd64-cygwin\jdk8u73\6086\hotspot\src\share\vm\\OŒÂåﬂ?
Event: 0.485 Thread 0x0000000002550800 Implicit null exception at 0x000000000297f3f3 to 0x0000000002980d5d

Events (10 events):
Event: 0.800 Thread 0x0000000002550800 Uncommon trap: trap_request=0xffffff65 fr.pc=0x00000000028bab00
Event: 0.800 Thread 0x0000000002550800 DEOPT PACKING pc=0x00000000028bab00 sp=0x00000000024de2a0
Event: 0.800 Thread 0x0000000002550800 DEOPT UNPACKING pc=0x000000000269582a sp=0x00000000024de1d0 mode 2
Event: 0.810 loading class java/util/HashMap$KeySet
Event: 0.810 loading class java/util/HashMap$KeySet done
Event: 0.810 loading class java/util/HashMap$KeyIterator
Event: 0.810 loading class java/util/HashMap$KeyIterator done
Event: 0.810 Thread 0x0000000018ad1800 Thread exited: 0x0000000018ad1800
Event: 0.810 Thread 0x0000000018acd000 Thread exited: 0x0000000018acd000
Event: 0.815 Thread 0x0000000018b58000 Thread exited: 0x0000000018b58000


Dynamic libraries:
0x00007ff6fb7a0000 - 0x00007ff6fb7d7000 	X:\Program Files\Java\jdk1.8.0_73\bin\java.exe
0x00007ffec5b10000 - 0x00007ffec5cd1000 	X:\Windows\SYSTEM32\ntdll.dll
0x00007ffec35e0000 - 0x00007ffec368d000 	X:\Windows\system32\KERNEL32.DLL
0x00007ffec2930000 - 0x00007ffec2b18000 	X:\Windows\system32\KERNELBASE.dll
0x00007ffec34c0000 - 0x00007ffec3567000 	X:\Windows\system32\ADVAPI32.dll
0x00007ffec50c0000 - 0x00007ffec515d000 	X:\Windows\system32\msvcrt.dll
0x00007ffec59a0000 - 0x00007ffec59fb000 	X:\Windows\system32\sechost.dll
0x00007ffec2f10000 - 0x00007ffec302c000 	X:\Windows\system32\RPCRT4.dll
0x00007ffec32f0000 - 0x00007ffec3446000 	X:\Windows\system32\USER32.dll
0x00007ffec3030000 - 0x00007ffec31b6000 	X:\Windows\system32\GDI32.dll
0x00007ffeb89d0000 - 0x00007ffeb8c44000 	X:\Windows\WinSxS\amd64_microsoft.windows.common-controls_6595b64144ccf1df_6.0.10586.0_none_8c15ae12515e1c22\COMCTL32.dll
0x00007ffec4e20000 - 0x00007ffec509d000 	X:\Windows\system32\combase.dll
0x00007ffec2ea0000 - 0x00007ffec2f0a000 	X:\Windows\system32\bcryptPrimitives.dll
0x00007ffec56f0000 - 0x00007ffec572b000 	X:\Windows\system32\IMM32.DLL
0x0000000052330000 - 0x0000000052402000 	X:\Program Files\Java\jdk1.8.0_73\jre\bin\msvcr100.dll
0x0000000052890000 - 0x0000000053120000 	X:\Program Files\Java\jdk1.8.0_73\jre\bin\server\jvm.dll
0x00007ffec4c50000 - 0x00007ffec4c58000 	X:\Windows\system32\PSAPI.DLL
0x00007ffebded0000 - 0x00007ffebded9000 	X:\Windows\SYSTEM32\WSOCK32.dll
0x00007ffec0720000 - 0x00007ffec0743000 	X:\Windows\SYSTEM32\WINMM.dll
0x00007ffec3570000 - 0x00007ffec35db000 	X:\Windows\system32\WS2_32.dll
0x00007ffebe7e0000 - 0x00007ffebe7ea000 	X:\Windows\SYSTEM32\VERSION.dll
0x00007ffec0660000 - 0x00007ffec068c000 	X:\Windows\SYSTEM32\WINMMBASE.dll
0x00007ffec2bd0000 - 0x00007ffec2c13000 	X:\Windows\system32\cfgmgr32.dll
0x00000000527a0000 - 0x00000000527af000 	X:\Program Files\Java\jdk1.8.0_73\jre\bin\verify.dll
0x0000000052770000 - 0x0000000052799000 	X:\Program Files\Java\jdk1.8.0_73\jre\bin\java.dll
0x0000000052750000 - 0x0000000052766000 	X:\Program Files\Java\jdk1.8.0_73\jre\bin\zip.dll
0x00007ffec36f0000 - 0x00007ffec4c4c000 	X:\Windows\system32\SHELL32.dll
0x00007ffec2220000 - 0x00007ffec2865000 	X:\Windows\system32\windows.storage.dll
0x00007ffec3690000 - 0x00007ffec36e2000 	X:\Windows\system32\shlwapi.dll
0x00007ffec2130000 - 0x00007ffec213f000 	X:\Windows\system32\kernel.appcore.dll
0x00007ffec2870000 - 0x00007ffec2925000 	X:\Windows\system32\shcore.dll
0x00007ffec2140000 - 0x00007ffec218b000 	X:\Windows\system32\powrprof.dll
0x00007ffec2190000 - 0x00007ffec21a4000 	X:\Windows\system32\profapi.dll

VM Arguments:
jvm_args: -Djava.awt.headless=true -Xmx2g -Dfile.encoding=GBK -Duser.country=CN -Duser.language=zh -Duser.variant 
java_command: com.android.dx.command.Main --dex --num-threads=4 --multi-dex --output E:\Android\CalorieCounter\app\build\intermediates\transforms\dex\debug\folders\1000\2\picasso-2.5.2_f19bc8512a460ac7df759013986e530956aa1cfe E:\Android\CalorieCounter\app\libs\picasso-2.5.2.jar
java_class_path (initial): E:\QMDownload\SDK\build-tools\23.0.3\lib\dx.jar
Launcher Type: SUN_STANDARD

Environment Variables:
PATH=X:\ProgramData\Oracle\Java\javapath;X:\Windows\system32;X:\Windows;X:\Windows\System32\Wbem;X:\Windows\System32\WindowsPowerShell\v1.0\;X:\Program Files (x86)\ATI Technologies\ATI.ACE\Core-Static;D:\Program Files\MATLAB\R2013a\runtime\win64;D:\Program Files\MATLAB\R2013a\bin;X:\Program Files\Java\jdk1.8.0_73\bin;D:\Python27;X:\Program Files (x86)\MySQL\MySQL Fabric 1.5 & MySQL Utilities 1.5\;X:\Program Files (x86)\MySQL\MySQL Fabric 1.5 & MySQL Utilities 1.5\Doctrine extensions for PHP\;E:\QMDownload\SDK\platform-tools
USERNAME=Õı…≠
OS=Windows_NT
PROCESSOR_IDENTIFIER=Intel64 Family 6 Model 60 Stepping 3, GenuineIntel



---------------  S Y S T E M  ---------------

OS: Windows 10.0 , 64 bit Build 10586 (10.0.10586.0)

CPU:total 4 (4 cores per cpu, 1 threads per core) family 6 model 60 stepping 3, cmov, cx8, fxsr, mmx, sse, sse2, sse3, ssse3, sse4.1, sse4.2, popcnt, avx, avx2, aes, clmul, erms, lzcnt, tsc, tscinvbit, bmi1, bmi2

Memory: 4k page, physical 8315044k(1783380k free), swap 8315044k(5152k free)

vm_info: Java HotSpot(TM) 64-Bit Server VM (25.73-b02) for windows-amd64 JRE (1.8.0_73-b02), built on Jan 29 2016 17:38:49 by "java_re" with MS VC++ 10.0 (VS2010)

time: Tue Apr 26 20:43:11 2016
elapsed time: 0 seconds (0d 0h 0m 0s)

