#
# There is insufficient memory for the Java Runtime Environment to continue.
# Native memory allocation (malloc) failed to allocate 602576 bytes for Chunk::new
# Possible reasons:
#   The system is out of physical RAM or swap space
#   In 32 bit mode, the process size limit was hit
# Possible solutions:
#   Reduce memory load on the system
#   Increase physical memory or swap space
#   Check if swap backing store is full
#   Use 64 bit Java on a 64 bit OS
#   Decrease Java heap size (-Xmx/-Xms)
#   Decrease number of Java threads
#   Decrease Java thread stack sizes (-Xss)
#   Set larger code cache with -XX:ReservedCodeCacheSize=
# This output file may be truncated or incomplete.
#
#  Out of Memory Error (allocation.cpp:390), pid=12704, tid=13896
#
# JRE version: Java(TM) SE Runtime Environment (8.0_73-b02) (build 1.8.0_73-b02)
# Java VM: Java HotSpot(TM) 64-Bit Server VM (25.73-b02 mixed mode windows-amd64 compressed oops)
# Failed to write core dump. Minidumps are not enabled by default on client versions of Windows
#

---------------  T H R E A D  ---------------

Current thread (0x000000001bcbc800):  JavaThread "C2 CompilerThread1" daemon [_thread_in_native, id=13896, stack(0x000000001d730000,0x000000001d830000)]

Stack: [0x000000001d730000,0x000000001d830000]
[error occurred during error reporting (printing stack bounds), id 0xc0000005]

Native frames: (J=compiled Java code, j=interpreted, Vv=VM code, C=native code)


Current CompileTask:
C2:   1616 1376       4       com.android.dx.ssa.LiteralOpUpgrader$1::visitNonMoveInsn (203 bytes)


---------------  P R O C E S S  ---------------

Java Threads: ( => current thread )
  0x000000001d5cd800 JavaThread "pool-2-thread-4" [_thread_blocked, id=9188, stack(0x000000001df30000,0x000000001e030000)]
  0x000000001d5cd000 JavaThread "pool-2-thread-3" [_thread_blocked, id=3260, stack(0x000000001de30000,0x000000001df30000)]
  0x000000001d5cc000 JavaThread "pool-2-thread-2" [_thread_blocked, id=10192, stack(0x000000001dd30000,0x000000001de30000)]
  0x000000001d601000 JavaThread "pool-3-thread-1" [_thread_blocked, id=17456, stack(0x000000001dc30000,0x000000001dd30000)]
  0x000000001d600000 JavaThread "pool-2-thread-1" [_thread_blocked, id=5508, stack(0x000000001db30000,0x000000001dc30000)]
  0x000000001d3c8800 JavaThread "Service Thread" daemon [_thread_blocked, id=3104, stack(0x000000001d930000,0x000000001da30000)]
  0x000000001d33b000 JavaThread "C1 CompilerThread2" daemon [_thread_blocked, id=20416, stack(0x000000001d830000,0x000000001d930000)]
=>0x000000001bcbc800 JavaThread "C2 CompilerThread1" daemon [_thread_in_native, id=13896, stack(0x000000001d730000,0x000000001d830000)]
  0x000000001bcb9800 JavaThread "C2 CompilerThread0" daemon [_thread_in_native, id=17968, stack(0x000000001d230000,0x000000001d330000)]
  0x000000001bcb6800 JavaThread "Attach Listener" daemon [_thread_blocked, id=9212, stack(0x000000001d130000,0x000000001d230000)]
  0x000000001bc6c800 JavaThread "Signal Dispatcher" daemon [_thread_blocked, id=11412, stack(0x000000001d030000,0x000000001d130000)]
  0x0000000002580800 JavaThread "Finalizer" daemon [_thread_blocked, id=8448, stack(0x000000001ced0000,0x000000001cfd0000)]
  0x000000000257d000 JavaThread "Reference Handler" daemon [_thread_blocked, id=14184, stack(0x000000001cdd0000,0x000000001ced0000)]
  0x0000000002491000 JavaThread "main" [_thread_blocked, id=21924, stack(0x00000000022e0000,0x00000000023e0000)]

Other Threads:
  0x000000001bc28000 VMThread [stack: 0x000000001ccd0000,0x000000001cdd0000] [id=2996]
  0x000000001d401000 WatcherThread [stack: 0x000000001da30000,0x000000001db30000] [id=22552]

VM state:not at safepoint (normal execution)

VM Mutex/Monitor currently owned by a thread: None

Heap:
 PSYoungGen      total 38400K, used 12126K [0x000000076ab00000, 0x000000076f600000, 0x00000007c0000000)
  eden space 33280K, 21% used [0x000000076ab00000,0x000000076b1db120,0x000000076cb80000)
  from space 5120K, 99% used [0x000000076d080000,0x000000076d57cab8,0x000000076d580000)
  to   space 5120K, 0% used [0x000000076cb80000,0x000000076cb80000,0x000000076d080000)
 ParOldGen       total 87552K, used 5605K [0x00000006c0000000, 0x00000006c5580000, 0x000000076ab00000)
  object space 87552K, 6% used [0x00000006c0000000,0x00000006c05796e0,0x00000006c5580000)
 Metaspace       used 6289K, capacity 7092K, committed 7296K, reserved 1056768K
  class space    used 605K, capacity 620K, committed 640K, reserved 1048576K

Card table byte_map: [0x0000000011950000,0x0000000012160000] byte_map_base: 0x000000000e350000

Marking Bits: (ParMarkBitMap*) 0x0000000064400600
 Begin Bits: [0x0000000012ac0000, 0x0000000016ac0000)
 End Bits:   [0x0000000016ac0000, 0x000000001aac0000)

Polling page: 0x00000000001f0000

CodeCache: size=245760Kb used=6190Kb max_used=6190Kb free=239569Kb
 bounds [0x0000000002590000, 0x0000000002bb0000, 0x0000000011590000]
 total_blobs=1836 nmethods=1565 adapters=184
 compilation: enabled

Compilation events (10 events):
Event: 1.608 Thread 0x000000001d33b000 1576       2       com.android.dx.ssa.SCCP::simulateMath (424 bytes)
Event: 1.609 Thread 0x000000001d33b000 nmethod 1576 0x0000000002b9e490 code [0x0000000002b9e6a0, 0x0000000002b9ee08]
Event: 1.609 Thread 0x000000001d33b000 1577       2       com.android.dx.rop.cst.CstLong::getType (4 bytes)
Event: 1.609 Thread 0x000000001d33b000 nmethod 1577 0x0000000002b9f710 code [0x0000000002b9f860, 0x0000000002b9f9b0]
Event: 1.609 Thread 0x000000001d33b000 1578       2       com.android.dx.rop.cst.CstLiteral64::hashCode (15 bytes)
Event: 1.609 Thread 0x000000001d33b000 nmethod 1578 0x0000000002b9fa50 code [0x0000000002b9fba0, 0x0000000002b9fd10]
Event: 1.612 Thread 0x000000001d33b000 1579       2       com.android.dx.command.dexer.Main::access$1700 (4 bytes)
Event: 1.612 Thread 0x000000001d33b000 nmethod 1579 0x0000000002b9fd90 code [0x0000000002b9fee0, 0x0000000002ba0030]
Event: 1.612 Thread 0x000000001d33b000 1580       2       java.util.concurrent.locks.LockSupport::park (23 bytes)
Event: 1.612 Thread 0x000000001d33b000 nmethod 1580 0x0000000002ba0090 code [0x0000000002ba0200, 0x0000000002ba03e8]

GC Heap History (4 events):
Event: 1.350 GC heap before
{Heap before GC invocations=1 (full 0):
 PSYoungGen      total 38400K, used 33280K [0x000000076ab00000, 0x000000076d580000, 0x00000007c0000000)
  eden space 33280K, 100% used [0x000000076ab00000,0x000000076cb80000,0x000000076cb80000)
  from space 5120K, 0% used [0x000000076d080000,0x000000076d080000,0x000000076d580000)
  to   space 5120K, 0% used [0x000000076cb80000,0x000000076cb80000,0x000000076d080000)
 ParOldGen       total 87552K, used 0K [0x00000006c0000000, 0x00000006c5580000, 0x000000076ab00000)
  object space 87552K, 0% used [0x00000006c0000000,0x00000006c0000000,0x00000006c5580000)
 Metaspace       used 5930K, capacity 6836K, committed 7040K, reserved 1056768K
  class space    used 599K, capacity 620K, committed 640K, reserved 1048576K
Event: 1.357 GC heap after
Heap after GC invocations=1 (full 0):
 PSYoungGen      total 38400K, used 5090K [0x000000076ab00000, 0x000000076d580000, 0x00000007c0000000)
  eden space 33280K, 0% used [0x000000076ab00000,0x000000076ab00000,0x000000076cb80000)
  from space 5120K, 99% used [0x000000076cb80000,0x000000076d078ac8,0x000000076d080000)
  to   space 5120K, 0% used [0x000000076d080000,0x000000076d080000,0x000000076d580000)
 ParOldGen       total 87552K, used 1457K [0x00000006c0000000, 0x00000006c5580000, 0x000000076ab00000)
  object space 87552K, 1% used [0x00000006c0000000,0x00000006c016c418,0x00000006c5580000)
 Metaspace       used 5930K, capacity 6836K, committed 7040K, reserved 1056768K
  class space    used 599K, capacity 620K, committed 640K, reserved 1048576K
}
Event: 1.583 GC heap before
{Heap before GC invocations=2 (full 0):
 PSYoungGen      total 38400K, used 38370K [0x000000076ab00000, 0x000000076d580000, 0x00000007c0000000)
  eden space 33280K, 100% used [0x000000076ab00000,0x000000076cb80000,0x000000076cb80000)
  from space 5120K, 99% used [0x000000076cb80000,0x000000076d078ac8,0x000000076d080000)
  to   space 5120K, 0% used [0x000000076d080000,0x000000076d080000,0x000000076d580000)
 ParOldGen       total 87552K, used 1457K [0x00000006c0000000, 0x00000006c5580000, 0x000000076ab00000)
  object space 87552K, 1% used [0x00000006c0000000,0x00000006c016c418,0x00000006c5580000)
 Metaspace       used 6285K, capacity 7092K, committed 7296K, reserved 1056768K
  class space    used 605K, capacity 620K, committed 640K, reserved 1048576K
Event: 1.593 GC heap after
Heap after GC invocations=2 (full 0):
 PSYoungGen      total 38400K, used 5106K [0x000000076ab00000, 0x000000076f600000, 0x00000007c0000000)
  eden space 33280K, 0% used [0x000000076ab00000,0x000000076ab00000,0x000000076cb80000)
  from space 5120K, 99% used [0x000000076d080000,0x000000076d57cab8,0x000000076d580000)
  to   space 5120K, 0% used [0x000000076cb80000,0x000000076cb80000,0x000000076d080000)
 ParOldGen       total 87552K, used 5605K [0x00000006c0000000, 0x00000006c5580000, 0x000000076ab00000)
  object space 87552K, 6% used [0x00000006c0000000,0x00000006c05796e0,0x00000006c5580000)
 Metaspace       used 6285K, capacity 7092K, committed 7296K, reserved 1056768K
  class space    used 605K, capacity 620K, committed 640K, reserved 1048576K
}

Deoptimization events (10 events):
Event: 1.189 Thread 0x000000001d5cc000 Uncommon trap: reason=unstable_if action=reinterpret pc=0x00000000027923f4 method=java.util.BitSet.nextSetBit(I)I @ 87
Event: 1.207 Thread 0x000000001d600000 Uncommon trap: reason=unstable_if action=reinterpret pc=0x0000000002794158 method=java.util.HashMap.getNode(ILjava/lang/Object;)Ljava/util/HashMap$Node; @ 129
Event: 1.209 Thread 0x000000001d600000 Uncommon trap: reason=class_check action=maybe_recompile pc=0x00000000027afff0 method=com.android.dx.ssa.NormalSsaInsn.accept(Lcom/android/dx/ssa/SsaInsn$Visitor;)V @ 9
Event: 1.209 Thread 0x000000001d600000 Uncommon trap: reason=class_check action=maybe_recompile pc=0x00000000027afff0 method=com.android.dx.ssa.NormalSsaInsn.accept(Lcom/android/dx/ssa/SsaInsn$Visitor;)V @ 9
Event: 1.209 Thread 0x000000001d600000 Uncommon trap: reason=class_check action=maybe_recompile pc=0x00000000027afff0 method=com.android.dx.ssa.NormalSsaInsn.accept(Lcom/android/dx/ssa/SsaInsn$Visitor;)V @ 9
Event: 1.210 Thread 0x000000001d600000 Uncommon trap: reason=class_check action=maybe_recompile pc=0x00000000027afff0 method=com.android.dx.ssa.NormalSsaInsn.accept(Lcom/android/dx/ssa/SsaInsn$Visitor;)V @ 9
Event: 1.243 Thread 0x000000001d5cd000 Uncommon trap: reason=class_check action=maybe_recompile pc=0x0000000002859310 method=com.android.dx.ssa.NormalSsaInsn.accept(Lcom/android/dx/ssa/SsaInsn$Visitor;)V @ 9
Event: 1.258 Thread 0x000000001d5cd800 Uncommon trap: reason=unstable_if action=reinterpret pc=0x000000000288d59c method=com.android.dx.rop.cst.Constant.compareTo(Lcom/android/dx/rop/cst/Constant;)I @ 12
Event: 1.261 Thread 0x000000001d5cc000 Uncommon trap: reason=unstable_if action=reinterpret pc=0x00000000028aa9d4 method=com.android.dx.rop.code.LocalItem.hashCode()I @ 25
Event: 1.318 Thread 0x000000001d5cc000 Uncommon trap: reason=unstable_if action=reinterpret pc=0x0000000002955948 method=com.android.dx.ssa.SsaRenamer$BlockRenamer.addMapping(ILcom/android/dx/rop/code/RegisterSpec;)V @ 120

Internal exceptions (2 events):
Event: 0.828 Thread 0x0000000002491000 Exception <a 'java/lang/NoSuchMethodError': Method sun.misc.Unsafe.defineClass(Ljava/lang/String;[BII)Ljava/lang/Class; name or signature does not match> (0x000000076ab13090) thrown at [D:\re\puppet\workspace\8-2-build-windows-amd64-cygwin\jdk8u73\6086\hot¢`5þ|ê?
Event: 0.828 Thread 0x0000000002491000 Exception <a 'java/lang/NoSuchMethodError': Method sun.misc.Unsafe.prefetchRead(Ljava/lang/Object;J)V name or signature does not match> (0x000000076ab13378) thrown at [D:\re\puppet\workspace\8-2-build-windows-amd64-cygwin\jdk8u73\6086\hotspot\src\share\vm\

Events (10 events):
Event: 1.456 loading class com/android/dx/cf/attrib/AttExceptions
Event: 1.456 loading class com/android/dx/cf/attrib/AttExceptions done
Event: 1.473 loading class com/android/dx/cf/attrib/AttRuntimeInvisibleAnnotations
Event: 1.473 loading class com/android/dx/cf/attrib/AttRuntimeInvisibleAnnotations done
Event: 1.473 loading class com/android/dx/cf/attrib/BaseAnnotations
Event: 1.474 loading class com/android/dx/cf/attrib/BaseAnnotations done
Event: 1.525 loading class com/android/dx/cf/code/SwitchList
Event: 1.525 loading class com/android/dx/cf/code/SwitchList done
Event: 1.583 Executing VM operation: ParallelGCFailedAllocation
Event: 1.593 Executing VM operation: ParallelGCFailedAllocation done


Dynamic libraries:
0x00007ff79cf10000 - 0x00007ff79cf47000 	X:\Program Files\Java\jdk1.8.0_73\bin\java.exe
0x00007ffa94180000 - 0x00007ffa94341000 	X:\Windows\SYSTEM32\ntdll.dll
0x00007ffa91d90000 - 0x00007ffa91e3d000 	X:\Windows\system32\KERNEL32.DLL
0x00007ffa90ba0000 - 0x00007ffa90d88000 	X:\Windows\system32\KERNELBASE.dll
0x00007ffa91e40000 - 0x00007ffa91ee7000 	X:\Windows\system32\ADVAPI32.dll
0x00007ffa91af0000 - 0x00007ffa91b8d000 	X:\Windows\system32\msvcrt.dll
0x00007ffa91840000 - 0x00007ffa9189b000 	X:\Windows\system32\sechost.dll
0x00007ffa91580000 - 0x00007ffa9169c000 	X:\Windows\system32\RPCRT4.dll
0x00007ffa93ad0000 - 0x00007ffa93c26000 	X:\Windows\system32\USER32.dll
0x00007ffa91c00000 - 0x00007ffa91d86000 	X:\Windows\system32\GDI32.dll
0x00007ffa89e50000 - 0x00007ffa8a0c4000 	X:\Windows\WinSxS\amd64_microsoft.windows.common-controls_6595b64144ccf1df_6.0.10586.0_none_8c15ae12515e1c22\COMCTL32.dll
0x00007ffa92100000 - 0x00007ffa9237d000 	X:\Windows\system32\combase.dll
0x00007ffa90b30000 - 0x00007ffa90b9a000 	X:\Windows\system32\bcryptPrimitives.dll
0x00007ffa92380000 - 0x00007ffa923bb000 	X:\Windows\system32\IMM32.DLL
0x0000000063b10000 - 0x0000000063be2000 	X:\Program Files\Java\jdk1.8.0_73\jre\bin\msvcr100.dll
0x0000000063bf0000 - 0x0000000064480000 	X:\Program Files\Java\jdk1.8.0_73\jre\bin\server\jvm.dll
0x00007ffa918a0000 - 0x00007ffa918a8000 	X:\Windows\system32\PSAPI.DLL
0x00007ffa8b570000 - 0x00007ffa8b579000 	X:\Windows\SYSTEM32\WSOCK32.dll
0x00007ffa916a0000 - 0x00007ffa9170b000 	X:\Windows\system32\WS2_32.dll
0x00007ffa8e890000 - 0x00007ffa8e8b3000 	X:\Windows\SYSTEM32\WINMM.dll
0x00007ffa8d5f0000 - 0x00007ffa8d5fa000 	X:\Windows\SYSTEM32\VERSION.dll
0x00007ffa8e5b0000 - 0x00007ffa8e5dc000 	X:\Windows\SYSTEM32\WINMMBASE.dll
0x00007ffa90910000 - 0x00007ffa90953000 	X:\Windows\system32\cfgmgr32.dll
0x0000000064a90000 - 0x0000000064a9f000 	X:\Program Files\Java\jdk1.8.0_73\jre\bin\verify.dll
0x0000000063aa0000 - 0x0000000063ac9000 	X:\Program Files\Java\jdk1.8.0_73\jre\bin\java.dll
0x0000000063a80000 - 0x0000000063a96000 	X:\Program Files\Java\jdk1.8.0_73\jre\bin\zip.dll
0x00007ffa92570000 - 0x00007ffa93acc000 	X:\Windows\system32\SHELL32.dll
0x00007ffa90d90000 - 0x00007ffa913d5000 	X:\Windows\system32\windows.storage.dll
0x00007ffa91a70000 - 0x00007ffa91ac2000 	X:\Windows\system32\shlwapi.dll
0x00007ffa907d0000 - 0x00007ffa907df000 	X:\Windows\system32\kernel.appcore.dll
0x00007ffa90830000 - 0x00007ffa908e5000 	X:\Windows\system32\shcore.dll
0x00007ffa907e0000 - 0x00007ffa9082b000 	X:\Windows\system32\powrprof.dll
0x00007ffa907b0000 - 0x00007ffa907c4000 	X:\Windows\system32\profapi.dll

VM Arguments:
jvm_args: -Djava.awt.headless=true -Xmx4g -Dfile.encoding=GBK -Duser.country=CN -Duser.language=zh -Duser.variant 
java_command: com.android.dx.command.Main --dex --num-threads=4 --multi-dex --output E:\Android\CalorieCounter\app\build\intermediates\transforms\dex\debug\folders\1000\10\internal_impl-23.2.1_49064801473cbca27248b55bf399760905628d45 E:\Android\CalorieCounter\app\build\intermediates\exploded-aar\com.android.support\support-v4\23.2.1\jars\libs\internal_impl-23.2.1.jar
java_class_path (initial): E:\QMDownload\SDK\build-tools\23.0.3\lib\dx.jar
Launcher Type: SUN_STANDARD

Environment Variables:
PATH=X:\ProgramData\Oracle\Java\javapath;X:\Windows\system32;X:\Windows;X:\Windows\System32\Wbem;X:\Windows\System32\WindowsPowerShell\v1.0\;X:\Program Files (x86)\ATI Technologies\ATI.ACE\Core-Static;D:\Program Files\MATLAB\R2013a\runtime\win64;D:\Program Files\MATLAB\R2013a\bin;X:\Program Files\Java\jdk1.8.0_73\bin;D:\Python27;X:\Program Files (x86)\MySQL\MySQL Fabric 1.5 & MySQL Utilities 1.5\;X:\Program Files (x86)\MySQL\MySQL Fabric 1.5 & MySQL Utilities 1.5\Doctrine extensions for PHP\
USERNAME=ÍõÉ­
OS=Windows_NT
PROCESSOR_IDENTIFIER=Intel64 Family 6 Model 60 Stepping 3, GenuineIntel



---------------  S Y S T E M  ---------------

OS: Windows 10.0 , 64 bit Build 10586 (10.0.10586.0)

CPU:total 4 (4 cores per cpu, 1 threads per core) family 6 model 60 stepping 3, cmov, cx8, fxsr, mmx, sse, sse2, sse3, ssse3, sse4.1, sse4.2, popcnt, avx, avx2, aes, clmul, erms, lzcnt, tsc, tscinvbit, bmi1, bmi2

Memory: 4k page, physical 8315044k(1983900k free), swap 8315044k(5436k free)

vm_info: Java HotSpot(TM) 64-Bit Server VM (25.73-b02) for windows-amd64 JRE (1.8.0_73-b02), built on Jan 29 2016 17:38:49 by "java_re" with MS VC++ 10.0 (VS2010)

time: Thu Apr 21 22:11:17 2016
elapsed time: 1 seconds (0d 0h 0m 1s)

