#
# There is insufficient memory for the Java Runtime Environment to continue.
# Native memory allocation (malloc) failed to allocate 279120 bytes for Chunk::new
# Possible reasons:
#   The system is out of physical RAM or swap space
#   In 32 bit mode, the process size limit was hit
# Possible solutions:
#   Reduce memory load on the system
#   Increase physical memory or swap space
#   Check if swap backing store is full
#   Use 64 bit Java on a 64 bit OS
#   Decrease Java heap size (-Xmx/-Xms)
#   Decrease number of Java threads
#   Decrease Java thread stack sizes (-Xss)
#   Set larger code cache with -XX:ReservedCodeCacheSize=
# This output file may be truncated or incomplete.
#
#  Out of Memory Error (allocation.cpp:390), pid=10712, tid=8184
#
# JRE version: Java(TM) SE Runtime Environment (8.0_73-b02) (build 1.8.0_73-b02)
# Java VM: Java HotSpot(TM) 64-Bit Server VM (25.73-b02 mixed mode windows-amd64 compressed oops)
# Failed to write core dump. Minidumps are not enabled by default on client versions of Windows
#

---------------  T H R E A D  ---------------

Current thread (0x00000000172bd000):  JavaThread "C2 CompilerThread1" daemon [_thread_in_native, id=8184, stack(0x0000000018cc0000,0x0000000018dc0000)]

Stack: [0x0000000018cc0000,0x0000000018dc0000]
[error occurred during error reporting (printing stack bounds), id 0xc0000005]

Native frames: (J=compiled Java code, j=interpreted, Vv=VM code, C=native code)


Current CompileTask:
C2:   1594  836       4       com.android.dx.ssa.SCCP::simulatePhi (169 bytes)


---------------  P R O C E S S  ---------------

Java Threads: ( => current thread )
  0x0000000018a6e800 JavaThread "pool-2-thread-4" [_thread_blocked, id=14196, stack(0x00000000194c0000,0x00000000195c0000)]
  0x0000000018a69800 JavaThread "pool-2-thread-3" [_thread_in_Java, id=11640, stack(0x00000000193c0000,0x00000000194c0000)]
  0x0000000018a69000 JavaThread "pool-2-thread-2" [_thread_blocked, id=6596, stack(0x00000000192c0000,0x00000000193c0000)]
  0x0000000018a66800 JavaThread "pool-3-thread-1" [_thread_blocked, id=14976, stack(0x00000000191c0000,0x00000000192c0000)]
  0x0000000018a5c800 JavaThread "pool-2-thread-1" [_thread_blocked, id=6360, stack(0x00000000190c0000,0x00000000191c0000)]
  0x000000001891f800 JavaThread "Service Thread" daemon [_thread_blocked, id=10952, stack(0x0000000018ec0000,0x0000000018fc0000)]
  0x0000000018917000 JavaThread "C1 CompilerThread2" daemon [_thread_in_native, id=8616, stack(0x0000000018dc0000,0x0000000018ec0000)]
=>0x00000000172bd000 JavaThread "C2 CompilerThread1" daemon [_thread_in_native, id=8184, stack(0x0000000018cc0000,0x0000000018dc0000)]
  0x00000000172ba000 JavaThread "C2 CompilerThread0" daemon [_thread_in_native, id=8896, stack(0x00000000187c0000,0x00000000188c0000)]
  0x000000001726e000 JavaThread "Attach Listener" daemon [_thread_blocked, id=13524, stack(0x00000000186c0000,0x00000000187c0000)]
  0x0000000017257000 JavaThread "Signal Dispatcher" daemon [_thread_blocked, id=11080, stack(0x00000000185c0000,0x00000000186c0000)]
  0x0000000002630800 JavaThread "Finalizer" daemon [_thread_blocked, id=1116, stack(0x00000000184b0000,0x00000000185b0000)]
  0x000000000262d000 JavaThread "Reference Handler" daemon [_thread_blocked, id=12060, stack(0x00000000183b0000,0x00000000184b0000)]
  0x0000000002540800 JavaThread "main" [_thread_in_vm, id=10744, stack(0x0000000001f50000,0x0000000002050000)]

Other Threads:
  0x0000000017228000 VMThread [stack: 0x00000000182b0000,0x00000000183b0000] [id=14736]
  0x0000000018937000 WatcherThread [stack: 0x0000000018fc0000,0x00000000190c0000] [id=8124]

VM state:not at safepoint (normal execution)

VM Mutex/Monitor currently owned by a thread:  ([mutex/lock_event])
[0x000000000089bbe0] Patching_lock - owner thread: 0x0000000002540800
[0x000000000089d1c0] CompiledIC_lock - owner thread: 0x0000000002540800

Heap:
 PSYoungGen      total 38400K, used 20422K [0x00000000d5580000, 0x00000000d8000000, 0x0000000100000000)
  eden space 33280K, 61% used [0x00000000d5580000,0x00000000d6971b58,0x00000000d7600000)
  from space 5120K, 0% used [0x00000000d7b00000,0x00000000d7b00000,0x00000000d8000000)
  to   space 5120K, 0% used [0x00000000d7600000,0x00000000d7600000,0x00000000d7b00000)
 ParOldGen       total 87552K, used 0K [0x0000000080000000, 0x0000000085580000, 0x00000000d5580000)
  object space 87552K, 0% used [0x0000000080000000,0x0000000080000000,0x0000000085580000)
 Metaspace       used 5825K, capacity 6708K, committed 6784K, reserved 1056768K
  class space    used 593K, capacity 620K, committed 640K, reserved 1048576K

Card table byte_map: [0x0000000011a00000,0x0000000011e10000] byte_map_base: 0x0000000011600000

Marking Bits: (ParMarkBitMap*) 0x00000000530a0600
 Begin Bits: [0x00000000124c0000, 0x00000000144c0000)
 End Bits:   [0x00000000144c0000, 0x00000000164c0000)

Polling page: 0x00000000001f0000

CodeCache: size=245760Kb used=3592Kb max_used=3604Kb free=242167Kb
 bounds [0x0000000002640000, 0x00000000029d0000, 0x0000000011640000]
 total_blobs=1185 nmethods=915 adapters=183
 compilation: enabled

Compilation events (10 events):
Event: 1.590 Thread 0x0000000018917000 nmethod 913 0x00000000029baad0 code [0x00000000029bac40, 0x00000000029baf28]
Event: 1.590 Thread 0x0000000018917000  914       3       com.android.dx.rop.cst.CstType::equals (29 bytes)
Event: 1.590 Thread 0x0000000018917000 nmethod 914 0x00000000029c0150 code [0x00000000029c02c0, 0x00000000029c06b0]
Event: 1.590 Thread 0x0000000018917000  915       3       com.android.dx.rop.code.RegisterSpec::getBasicFrameType (10 bytes)
Event: 1.591 Thread 0x0000000018917000 nmethod 915 0x00000000029bfd10 code [0x00000000029bfe80, 0x00000000029c00a8]
Event: 1.591 Thread 0x0000000018917000  918   !   3       com.android.dx.cf.code.Ropper::processBlock (1101 bytes)
Event: 1.591 Thread 0x00000000172ba000  934       4       com.android.dx.rop.code.BasicBlockList::labelToBlock (46 bytes)
Event: 1.592 Thread 0x00000000172ba000 nmethod 934 0x00000000029bf7d0 code [0x00000000029bf920, 0x00000000029bfa78]
Event: 1.592 Thread 0x00000000172ba000  941       4       com.android.dx.dex.code.DalvInsn::<init> (67 bytes)
Event: 1.593 Thread 0x00000000172ba000 nmethod 941 0x00000000029bf4d0 code [0x00000000029bf600, 0x00000000029bf6f8]

GC Heap History (0 events):
No events

Deoptimization events (1 events):
Event: 1.382 Thread 0x0000000018a69000 Uncommon trap: reason=unstable_if action=reinterpret pc=0x0000000002877fec method=java.util.HashMap.getNode(ILjava/lang/Object;)Ljava/util/HashMap$Node; @ 129

Internal exceptions (2 events):
Event: 0.052 Thread 0x0000000002540800 Exception <a 'java/lang/NoSuchMethodError': Method sun.misc.Unsafe.defineClass(Ljava/lang/String;[BII)Ljava/lang/Class; name or signature does not match> (0x00000000d5593090) thrown at [D:\re\puppet\workspace\8-2-build-windows-amd64-cygwin\jdk8u73\6086\hot––éžê£ª?
Event: 0.052 Thread 0x0000000002540800 Exception <a 'java/lang/NoSuchMethodError': Method sun.misc.Unsafe.prefetchRead(Ljava/lang/Object;J)V name or signature does not match> (0x00000000d5593378) thrown at [D:\re\puppet\workspace\8-2-build-windows-amd64-cygwin\jdk8u73\6086\hotspot\src\share\vm\

Events (10 events):
Event: 1.383 loading class java/util/DualPivotQuicksort
Event: 1.383 loading class java/util/DualPivotQuicksort done
Event: 1.386 loading class com/android/dx/cf/code/SwitchList
Event: 1.386 loading class com/android/dx/cf/code/SwitchList done
Event: 1.400 loading class com/android/dx/rop/code/LocalItem
Event: 1.400 loading class com/android/dx/rop/code/LocalItem done
Event: 1.403 loading class java/util/ArrayList$1
Event: 1.403 loading class java/util/ArrayList$1 done
Event: 1.435 Executing VM operation: ForceSafepoint
Event: 1.439 Executing VM operation: ForceSafepoint done


Dynamic libraries:
0x00007ff6fb7a0000 - 0x00007ff6fb7d7000 	X:\Program Files\Java\jdk1.8.0_73\bin\java.exe
0x00007ffec5b10000 - 0x00007ffec5cd1000 	X:\Windows\SYSTEM32\ntdll.dll
0x00007ffec35e0000 - 0x00007ffec368d000 	X:\Windows\system32\KERNEL32.DLL
0x00007ffec2930000 - 0x00007ffec2b18000 	X:\Windows\system32\KERNELBASE.dll
0x00007ffec34c0000 - 0x00007ffec3567000 	X:\Windows\system32\ADVAPI32.dll
0x00007ffec50c0000 - 0x00007ffec515d000 	X:\Windows\system32\msvcrt.dll
0x00007ffec59a0000 - 0x00007ffec59fb000 	X:\Windows\system32\sechost.dll
0x00007ffec2f10000 - 0x00007ffec302c000 	X:\Windows\system32\RPCRT4.dll
0x00007ffec32f0000 - 0x00007ffec3446000 	X:\Windows\system32\USER32.dll
0x00007ffec3030000 - 0x00007ffec31b6000 	X:\Windows\system32\GDI32.dll
0x00007ffeb89d0000 - 0x00007ffeb8c44000 	X:\Windows\WinSxS\amd64_microsoft.windows.common-controls_6595b64144ccf1df_6.0.10586.0_none_8c15ae12515e1c22\COMCTL32.dll
0x00007ffec4e20000 - 0x00007ffec509d000 	X:\Windows\system32\combase.dll
0x00007ffec2ea0000 - 0x00007ffec2f0a000 	X:\Windows\system32\bcryptPrimitives.dll
0x00007ffec56f0000 - 0x00007ffec572b000 	X:\Windows\system32\IMM32.DLL
0x0000000052330000 - 0x0000000052402000 	X:\Program Files\Java\jdk1.8.0_73\jre\bin\msvcr100.dll
0x0000000052890000 - 0x0000000053120000 	X:\Program Files\Java\jdk1.8.0_73\jre\bin\server\jvm.dll
0x00007ffec4c50000 - 0x00007ffec4c58000 	X:\Windows\system32\PSAPI.DLL
0x00007ffebded0000 - 0x00007ffebded9000 	X:\Windows\SYSTEM32\WSOCK32.dll
0x00007ffec0720000 - 0x00007ffec0743000 	X:\Windows\SYSTEM32\WINMM.dll
0x00007ffec3570000 - 0x00007ffec35db000 	X:\Windows\system32\WS2_32.dll
0x00007ffebe7e0000 - 0x00007ffebe7ea000 	X:\Windows\SYSTEM32\VERSION.dll
0x00007ffec0660000 - 0x00007ffec068c000 	X:\Windows\SYSTEM32\WINMMBASE.dll
0x00007ffec2bd0000 - 0x00007ffec2c13000 	X:\Windows\system32\cfgmgr32.dll
0x00000000527a0000 - 0x00000000527af000 	X:\Program Files\Java\jdk1.8.0_73\jre\bin\verify.dll
0x0000000052770000 - 0x0000000052799000 	X:\Program Files\Java\jdk1.8.0_73\jre\bin\java.dll
0x0000000052750000 - 0x0000000052766000 	X:\Program Files\Java\jdk1.8.0_73\jre\bin\zip.dll
0x00007ffec36f0000 - 0x00007ffec4c4c000 	X:\Windows\system32\SHELL32.dll
0x00007ffec2220000 - 0x00007ffec2865000 	X:\Windows\system32\windows.storage.dll
0x00007ffec3690000 - 0x00007ffec36e2000 	X:\Windows\system32\shlwapi.dll
0x00007ffec2130000 - 0x00007ffec213f000 	X:\Windows\system32\kernel.appcore.dll
0x00007ffec2870000 - 0x00007ffec2925000 	X:\Windows\system32\shcore.dll
0x00007ffec2140000 - 0x00007ffec218b000 	X:\Windows\system32\powrprof.dll
0x00007ffec2190000 - 0x00007ffec21a4000 	X:\Windows\system32\profapi.dll

VM Arguments:
jvm_args: -Djava.awt.headless=true -Xmx2g -Dfile.encoding=GBK -Duser.country=CN -Duser.language=zh -Duser.variant 
java_command: com.android.dx.command.Main --dex --num-threads=4 --multi-dex --output E:\Android\CalorieCounter\app\build\intermediates\transforms\dex\debug\folders\1000\2\baidumapapi_base_v3_7_3_ed63c4db217029e2b91a8eae4bf41ca54dcaac9d E:\Android\CalorieCounter\app\libs\baidumapapi_base_v3_7_3.jar
java_class_path (initial): E:\QMDownload\SDK\build-tools\23.0.3\lib\dx.jar
Launcher Type: SUN_STANDARD

Environment Variables:
PATH=X:\ProgramData\Oracle\Java\javapath;X:\Windows\system32;X:\Windows;X:\Windows\System32\Wbem;X:\Windows\System32\WindowsPowerShell\v1.0\;X:\Program Files (x86)\ATI Technologies\ATI.ACE\Core-Static;D:\Program Files\MATLAB\R2013a\runtime\win64;D:\Program Files\MATLAB\R2013a\bin;X:\Program Files\Java\jdk1.8.0_73\bin;D:\Python27;X:\Program Files (x86)\MySQL\MySQL Fabric 1.5 & MySQL Utilities 1.5\;X:\Program Files (x86)\MySQL\MySQL Fabric 1.5 & MySQL Utilities 1.5\Doctrine extensions for PHP\;E:\QMDownload\SDK\platform-tools
USERNAME=ÍõÉ­
OS=Windows_NT
PROCESSOR_IDENTIFIER=Intel64 Family 6 Model 60 Stepping 3, GenuineIntel



---------------  S Y S T E M  ---------------

OS: Windows 10.0 , 64 bit Build 10586 (10.0.10586.0)

CPU:total 4 (4 cores per cpu, 1 threads per core) family 6 model 60 stepping 3, cmov, cx8, fxsr, mmx, sse, sse2, sse3, ssse3, sse4.1, sse4.2, popcnt, avx, avx2, aes, clmul, erms, lzcnt, tsc, tscinvbit, bmi1, bmi2

Memory: 4k page, physical 8315044k(1777008k free), swap 8315044k(5060k free)

vm_info: Java HotSpot(TM) 64-Bit Server VM (25.73-b02) for windows-amd64 JRE (1.8.0_73-b02), built on Jan 29 2016 17:38:49 by "java_re" with MS VC++ 10.0 (VS2010)

time: Tue Apr 26 20:43:10 2016
elapsed time: 1 seconds (0d 0h 0m 1s)

