#
# There is insufficient memory for the Java Runtime Environment to continue.
# Native memory allocation (malloc) failed to allocate 32744 bytes for ChunkPool::allocate
# Possible reasons:
#   The system is out of physical RAM or swap space
#   In 32 bit mode, the process size limit was hit
# Possible solutions:
#   Reduce memory load on the system
#   Increase physical memory or swap space
#   Check if swap backing store is full
#   Use 64 bit Java on a 64 bit OS
#   Decrease Java heap size (-Xmx/-Xms)
#   Decrease number of Java threads
#   Decrease Java thread stack sizes (-Xss)
#   Set larger code cache with -XX:ReservedCodeCacheSize=
# This output file may be truncated or incomplete.
#
#  Out of Memory Error (allocation.cpp:273), pid=11528, tid=8600
#
# JRE version: Java(TM) SE Runtime Environment (8.0_73-b02) (build 1.8.0_73-b02)
# Java VM: Java HotSpot(TM) 64-Bit Server VM (25.73-b02 mixed mode windows-amd64 compressed oops)
# Failed to write core dump. Minidumps are not enabled by default on client versions of Windows
#

---------------  T H R E A D  ---------------

Current thread (0x00000000171ea000):  JavaThread "C2 CompilerThread0" daemon [_thread_in_native, id=8600, stack(0x00000000186e0000,0x00000000187e0000)]

Stack: [0x00000000186e0000,0x00000000187e0000]
[error occurred during error reporting (printing stack bounds), id 0xc0000005]

Native frames: (J=compiled Java code, j=interpreted, Vv=VM code, C=native code)


Current CompileTask:
C2:   2789 1228   !   4       com.android.dx.cf.code.BytecodeArray::parseInstruction (2764 bytes)


---------------  P R O C E S S  ---------------

Java Threads: ( => current thread )
  0x0000000018af0000 JavaThread "pool-2-thread-4" [_thread_in_Java, id=13264, stack(0x0000000019be0000,0x0000000019ce0000)]
  0x0000000018aee800 JavaThread "pool-2-thread-3" [_thread_blocked, id=12740, stack(0x0000000019ae0000,0x0000000019be0000)]
  0x0000000018aed000 JavaThread "pool-2-thread-2" [_thread_blocked, id=5028, stack(0x00000000199e0000,0x0000000019ae0000)]
  0x0000000018a77000 JavaThread "pool-3-thread-1" [_thread_blocked, id=4800, stack(0x00000000198e0000,0x00000000199e0000)]
  0x0000000018aca000 JavaThread "pool-2-thread-1" [_thread_in_vm, id=13244, stack(0x00000000197e0000,0x00000000198e0000)]
  0x0000000018841000 JavaThread "Service Thread" daemon [_thread_blocked, id=13064, stack(0x0000000018de0000,0x0000000018ee0000)]
  0x000000001883b000 JavaThread "C1 CompilerThread2" daemon [_thread_blocked, id=8540, stack(0x0000000018ce0000,0x0000000018de0000)]
  0x00000000171ee000 JavaThread "C2 CompilerThread1" daemon [_thread_in_native, id=10372, stack(0x0000000018be0000,0x0000000018ce0000)]
=>0x00000000171ea000 JavaThread "C2 CompilerThread0" daemon [_thread_in_native, id=8600, stack(0x00000000186e0000,0x00000000187e0000)]
  0x00000000171e8800 JavaThread "Attach Listener" daemon [_thread_blocked, id=5932, stack(0x00000000185e0000,0x00000000186e0000)]
  0x000000001719c800 JavaThread "Signal Dispatcher" daemon [_thread_blocked, id=9248, stack(0x00000000184e0000,0x00000000185e0000)]
  0x0000000002560800 JavaThread "Finalizer" daemon [_thread_blocked, id=11760, stack(0x00000000183e0000,0x00000000184e0000)]
  0x000000000255d000 JavaThread "Reference Handler" daemon [_thread_blocked, id=12432, stack(0x00000000182e0000,0x00000000183e0000)]
  0x0000000002470800 JavaThread "main" [_thread_blocked, id=12464, stack(0x0000000001fb0000,0x00000000020b0000)]

Other Threads:
  0x0000000017158000 VMThread [stack: 0x00000000181e0000,0x00000000182e0000] [id=10724]
  0x0000000018893000 WatcherThread [stack: 0x0000000018ee0000,0x0000000018fe0000] [id=12676]

VM state:synchronizing (normal execution)

VM Mutex/Monitor currently owned by a thread:  ([mutex/lock_event])
[0x0000000001fac7b0] Safepoint_lock - owner thread: 0x0000000017158000
[0x0000000001facc30] Threads_lock - owner thread: 0x0000000017158000
[0x0000000001fae140] CompiledIC_lock - owner thread: 0x0000000018aca000

Heap:
 PSYoungGen      total 38400K, used 14398K [0x00000000d5580000, 0x00000000d8000000, 0x0000000100000000)
  eden space 33280K, 27% used [0x00000000d5580000,0x00000000d5e93b48,0x00000000d7600000)
  from space 5120K, 99% used [0x00000000d7600000,0x00000000d7afc090,0x00000000d7b00000)
  to   space 5120K, 0% used [0x00000000d7b00000,0x00000000d7b00000,0x00000000d8000000)
 ParOldGen       total 87552K, used 70K [0x0000000080000000, 0x0000000085580000, 0x00000000d5580000)
  object space 87552K, 0% used [0x0000000080000000,0x0000000080011bb8,0x0000000085580000)
 Metaspace       used 6073K, capacity 6900K, committed 7040K, reserved 1056768K
  class space    used 604K, capacity 620K, committed 640K, reserved 1048576K

Card table byte_map: [0x0000000011930000,0x0000000011d40000] byte_map_base: 0x0000000011530000

Marking Bits: (ParMarkBitMap*) 0x00000000530a0600
 Begin Bits: [0x00000000123f0000, 0x00000000143f0000)
 End Bits:   [0x00000000143f0000, 0x00000000163f0000)

Polling page: 0x00000000001f0000

CodeCache: size=245760Kb used=5077Kb max_used=5088Kb free=240682Kb
 bounds [0x0000000002570000, 0x0000000002a70000, 0x0000000011570000]
 total_blobs=1538 nmethods=1267 adapters=184
 compilation: enabled

Compilation events (10 events):
Event: 2.761 Thread 0x00000000171ee000 nmethod 1265 0x0000000002a62d50 code [0x0000000002a62ea0, 0x0000000002a630f8]
Event: 2.761 Thread 0x00000000171ee000 1266       4       com.android.dx.util.FixedSizeList::hashCode (8 bytes)
Event: 2.763 Thread 0x00000000171ee000 nmethod 1266 0x0000000002a68410 code [0x0000000002a68560, 0x0000000002a687b8]
Event: 2.763 Thread 0x000000001883b000 1267       3       com.android.dx.cf.code.BasicBlocker::getBlockList (208 bytes)
Event: 2.764 Thread 0x000000001883b000 nmethod 1267 0x0000000002a68a10 code [0x0000000002a68c80, 0x0000000002a69ea8]
Event: 2.764 Thread 0x000000001883b000 1268       3       com.android.dx.cf.code.BaseMachine::popArgs (72 bytes)
Event: 2.765 Thread 0x000000001883b000 nmethod 1268 0x0000000002a66cd0 code [0x0000000002a66f40, 0x0000000002a67d28]
Event: 2.765 Thread 0x00000000171ee000 1269       4       com.android.dx.ssa.SsaMethod$2::visitNonMoveInsn (6 bytes)
Event: 2.766 Thread 0x00000000171ee000 nmethod 1269 0x0000000002a62ad0 code [0x0000000002a62c20, 0x0000000002a62ca8]
Event: 2.766 Thread 0x00000000171ee000 1270       4       com.android.dx.ssa.SCCP::simulateStmt (481 bytes)

GC Heap History (2 events):
Event: 2.274 GC heap before
{Heap before GC invocations=1 (full 0):
 PSYoungGen      total 38400K, used 33280K [0x00000000d5580000, 0x00000000d8000000, 0x0000000100000000)
  eden space 33280K, 100% used [0x00000000d5580000,0x00000000d7600000,0x00000000d7600000)
  from space 5120K, 0% used [0x00000000d7b00000,0x00000000d7b00000,0x00000000d8000000)
  to   space 5120K, 0% used [0x00000000d7600000,0x00000000d7600000,0x00000000d7b00000)
 ParOldGen       total 87552K, used 0K [0x0000000080000000, 0x0000000085580000, 0x00000000d5580000)
  object space 87552K, 0% used [0x0000000080000000,0x0000000080000000,0x0000000085580000)
 Metaspace       used 5870K, capacity 6770K, committed 7040K, reserved 1056768K
  class space    used 602K, capacity 618K, committed 640K, reserved 1048576K
Event: 2.281 GC heap after
Heap after GC invocations=1 (full 0):
 PSYoungGen      total 38400K, used 5104K [0x00000000d5580000, 0x00000000d8000000, 0x0000000100000000)
  eden space 33280K, 0% used [0x00000000d5580000,0x00000000d5580000,0x00000000d7600000)
  from space 5120K, 99% used [0x00000000d7600000,0x00000000d7afc090,0x00000000d7b00000)
  to   space 5120K, 0% used [0x00000000d7b00000,0x00000000d7b00000,0x00000000d8000000)
 ParOldGen       total 87552K, used 70K [0x0000000080000000, 0x0000000085580000, 0x00000000d5580000)
  object space 87552K, 0% used [0x0000000080000000,0x0000000080011bb8,0x0000000085580000)
 Metaspace       used 5870K, capacity 6770K, committed 7040K, reserved 1056768K
  class space    used 602K, capacity 618K, committed 640K, reserved 1048576K
}

Deoptimization events (4 events):
Event: 0.441 Thread 0x0000000002470800 Uncommon trap: reason=unstable_if action=reinterpret pc=0x00000000026d0494 method=java.lang.String.compareTo(Ljava/lang/String;)I @ 38
Event: 1.055 Thread 0x0000000018aca000 Uncommon trap: reason=unstable_if action=reinterpret pc=0x00000000027c9c00 method=java.util.HashMap.getNode(ILjava/lang/Object;)Ljava/util/HashMap$Node; @ 62
Event: 2.256 Thread 0x0000000002470800 Uncommon trap: reason=unstable_if action=reinterpret pc=0x00000000027c65b0 method=java.util.BitSet.nextSetBit(I)I @ 87
Event: 2.714 Thread 0x0000000018aca000 Uncommon trap: reason=unstable_if action=reinterpret pc=0x00000000028ae078 method=com.android.dx.cf.code.Ropper.labelToResultIndex(I)I @ 34

Internal exceptions (2 events):
Event: 0.033 Thread 0x0000000002470800 Exception <a 'java/lang/NoSuchMethodError': Method sun.misc.Unsafe.defineClass(Ljava/lang/String;[BII)Ljava/lang/Class; name or signature does not match> (0x00000000d5593090) thrown at [D:\re\puppet\workspace\8-2-build-windows-amd64-cygwin\jdk8u73\6086\hot∞˘öèÈ†?
Event: 0.033 Thread 0x0000000002470800 Exception <a 'java/lang/NoSuchMethodError': Method sun.misc.Unsafe.prefetchRead(Ljava/lang/Object;J)V name or signature does not match> (0x00000000d5593378) thrown at [D:\re\puppet\workspace\8-2-build-windows-amd64-cygwin\jdk8u73\6086\hotspot\src\share\vm\

Events (10 events):
Event: 2.687 Thread 0x0000000018aed000 DEOPT UNPACKING pc=0x00000000025b787f sp=0x0000000019ade840 mode 0
Event: 2.712 loading class com/android/dx/cf/code/Ropper$ExceptionHandlerSetup
Event: 2.712 loading class com/android/dx/cf/code/Ropper$ExceptionHandlerSetup done
Event: 2.714 loading class java/util/HashMap$Values
Event: 2.714 loading class java/util/HashMap$Values done
Event: 2.714 loading class java/util/HashMap$ValueIterator
Event: 2.714 loading class java/util/HashMap$ValueIterator done
Event: 2.714 Thread 0x0000000018aca000 Uncommon trap: trap_request=0xffffff65 fr.pc=0x00000000028ae078
Event: 2.714 Thread 0x0000000018aca000 DEOPT PACKING pc=0x00000000028ae078 sp=0x00000000198de9e0
Event: 2.726 Thread 0x0000000018aca000 DEOPT UNPACKING pc=0x00000000025b582a sp=0x00000000198de988 mode 2


Dynamic libraries:
0x00007ff6fb7a0000 - 0x00007ff6fb7d7000 	X:\Program Files\Java\jdk1.8.0_73\bin\java.exe
0x00007ffec5b10000 - 0x00007ffec5cd1000 	X:\Windows\SYSTEM32\ntdll.dll
0x00007ffec35e0000 - 0x00007ffec368d000 	X:\Windows\system32\KERNEL32.DLL
0x00007ffec2930000 - 0x00007ffec2b18000 	X:\Windows\system32\KERNELBASE.dll
0x00007ffec34c0000 - 0x00007ffec3567000 	X:\Windows\system32\ADVAPI32.dll
0x00007ffec50c0000 - 0x00007ffec515d000 	X:\Windows\system32\msvcrt.dll
0x00007ffec59a0000 - 0x00007ffec59fb000 	X:\Windows\system32\sechost.dll
0x00007ffec2f10000 - 0x00007ffec302c000 	X:\Windows\system32\RPCRT4.dll
0x00007ffec32f0000 - 0x00007ffec3446000 	X:\Windows\system32\USER32.dll
0x00007ffec3030000 - 0x00007ffec31b6000 	X:\Windows\system32\GDI32.dll
0x00007ffeb89d0000 - 0x00007ffeb8c44000 	X:\Windows\WinSxS\amd64_microsoft.windows.common-controls_6595b64144ccf1df_6.0.10586.0_none_8c15ae12515e1c22\COMCTL32.dll
0x00007ffec4e20000 - 0x00007ffec509d000 	X:\Windows\system32\combase.dll
0x00007ffec2ea0000 - 0x00007ffec2f0a000 	X:\Windows\system32\bcryptPrimitives.dll
0x00007ffec56f0000 - 0x00007ffec572b000 	X:\Windows\system32\IMM32.DLL
0x0000000052330000 - 0x0000000052402000 	X:\Program Files\Java\jdk1.8.0_73\jre\bin\msvcr100.dll
0x0000000052890000 - 0x0000000053120000 	X:\Program Files\Java\jdk1.8.0_73\jre\bin\server\jvm.dll
0x00007ffec4c50000 - 0x00007ffec4c58000 	X:\Windows\system32\PSAPI.DLL
0x00007ffebded0000 - 0x00007ffebded9000 	X:\Windows\SYSTEM32\WSOCK32.dll
0x00007ffec3570000 - 0x00007ffec35db000 	X:\Windows\system32\WS2_32.dll
0x00007ffec0720000 - 0x00007ffec0743000 	X:\Windows\SYSTEM32\WINMM.dll
0x00007ffebe7e0000 - 0x00007ffebe7ea000 	X:\Windows\SYSTEM32\VERSION.dll
0x00007ffec0660000 - 0x00007ffec068c000 	X:\Windows\SYSTEM32\WINMMBASE.dll
0x00007ffec2bd0000 - 0x00007ffec2c13000 	X:\Windows\system32\cfgmgr32.dll
0x00000000527a0000 - 0x00000000527af000 	X:\Program Files\Java\jdk1.8.0_73\jre\bin\verify.dll
0x0000000052770000 - 0x0000000052799000 	X:\Program Files\Java\jdk1.8.0_73\jre\bin\java.dll
0x0000000052750000 - 0x0000000052766000 	X:\Program Files\Java\jdk1.8.0_73\jre\bin\zip.dll
0x00007ffec36f0000 - 0x00007ffec4c4c000 	X:\Windows\system32\SHELL32.dll
0x00007ffec2220000 - 0x00007ffec2865000 	X:\Windows\system32\windows.storage.dll
0x00007ffec3690000 - 0x00007ffec36e2000 	X:\Windows\system32\shlwapi.dll
0x00007ffec2130000 - 0x00007ffec213f000 	X:\Windows\system32\kernel.appcore.dll
0x00007ffec2870000 - 0x00007ffec2925000 	X:\Windows\system32\shcore.dll
0x00007ffec2140000 - 0x00007ffec218b000 	X:\Windows\system32\powrprof.dll
0x00007ffec2190000 - 0x00007ffec21a4000 	X:\Windows\system32\profapi.dll

VM Arguments:
jvm_args: -Djava.awt.headless=true -Xmx2g -Dfile.encoding=GBK -Duser.country=CN -Duser.language=zh -Duser.variant 
java_command: com.android.dx.command.Main --dex --num-threads=4 --multi-dex --output E:\Android\CalorieCounter\app\build\intermediates\transforms\dex\debug\folders\1000\10\com.android.support-support-v4-23.2.1_b3f86bb7eb2bf098389785e98df432783523f3ad E:\Android\CalorieCounter\app\build\intermediates\exploded-aar\com.android.support\support-v4\23.2.1\jars\classes.jar
java_class_path (initial): E:\QMDownload\SDK\build-tools\23.0.3\lib\dx.jar
Launcher Type: SUN_STANDARD

Environment Variables:
PATH=X:\ProgramData\Oracle\Java\javapath;X:\Windows\system32;X:\Windows;X:\Windows\System32\Wbem;X:\Windows\System32\WindowsPowerShell\v1.0\;X:\Program Files (x86)\ATI Technologies\ATI.ACE\Core-Static;D:\Program Files\MATLAB\R2013a\runtime\win64;D:\Program Files\MATLAB\R2013a\bin;X:\Program Files\Java\jdk1.8.0_73\bin;D:\Python27;X:\Program Files (x86)\MySQL\MySQL Fabric 1.5 & MySQL Utilities 1.5\;X:\Program Files (x86)\MySQL\MySQL Fabric 1.5 & MySQL Utilities 1.5\Doctrine extensions for PHP\;E:\QMDownload\SDK\platform-tools
USERNAME=Õı…≠
OS=Windows_NT
PROCESSOR_IDENTIFIER=Intel64 Family 6 Model 60 Stepping 3, GenuineIntel



---------------  S Y S T E M  ---------------

OS: Windows 10.0 , 64 bit Build 10586 (10.0.10586.0)

CPU:total 4 (4 cores per cpu, 1 threads per core) family 6 model 60 stepping 3, cmov, cx8, fxsr, mmx, sse, sse2, sse3, ssse3, sse4.1, sse4.2, popcnt, avx, avx2, aes, clmul, erms, lzcnt, tsc, tscinvbit, bmi1, bmi2

Memory: 4k page, physical 8315044k(2076416k free), swap 8315044k(11408k free)

vm_info: Java HotSpot(TM) 64-Bit Server VM (25.73-b02) for windows-amd64 JRE (1.8.0_73-b02), built on Jan 29 2016 17:38:49 by "java_re" with MS VC++ 10.0 (VS2010)

time: Tue Apr 26 16:44:38 2016
elapsed time: 2 seconds (0d 0h 0m 2s)

