#
# There is insufficient memory for the Java Runtime Environment to continue.
# Native memory allocation (malloc) failed to allocate 192992 bytes for Chunk::new
# Possible reasons:
#   The system is out of physical RAM or swap space
#   In 32 bit mode, the process size limit was hit
# Possible solutions:
#   Reduce memory load on the system
#   Increase physical memory or swap space
#   Check if swap backing store is full
#   Use 64 bit Java on a 64 bit OS
#   Decrease Java heap size (-Xmx/-Xms)
#   Decrease number of Java threads
#   Decrease Java thread stack sizes (-Xss)
#   Set larger code cache with -XX:ReservedCodeCacheSize=
# This output file may be truncated or incomplete.
#
#  Out of Memory Error (allocation.cpp:390), pid=8800, tid=12092
#
# JRE version: Java(TM) SE Runtime Environment (8.0_73-b02) (build 1.8.0_73-b02)
# Java VM: Java HotSpot(TM) 64-Bit Server VM (25.73-b02 mixed mode windows-amd64 compressed oops)
# Failed to write core dump. Minidumps are not enabled by default on client versions of Windows
#

---------------  T H R E A D  ---------------

Current thread (0x0000000014d3c800):  JavaThread "C2 CompilerThread1" daemon [_thread_in_native, id=12092, stack(0x0000000016740000,0x0000000016840000)]

Stack: [0x0000000016740000,0x0000000016840000]
[error occurred during error reporting (printing stack bounds), id 0xc0000005]

Native frames: (J=compiled Java code, j=interpreted, Vv=VM code, C=native code)


Current CompileTask:
C2:   3506 1057       4       com.android.dx.ssa.LiteralOpUpgrader$1::visitNonMoveInsn (203 bytes)


---------------  P R O C E S S  ---------------

Java Threads: ( => current thread )
  0x00000000165a6000 JavaThread "pool-2-thread-3" [_thread_in_Java, id=13220, stack(0x0000000016e40000,0x0000000016f40000)]
  0x0000000016501000 JavaThread "pool-2-thread-2" [_thread_blocked, id=10352, stack(0x0000000016d40000,0x0000000016e40000)]
  0x0000000016500000 JavaThread "pool-3-thread-1" [_thread_blocked, id=20304, stack(0x0000000016c40000,0x0000000016d40000)]
  0x00000000164fd800 JavaThread "pool-2-thread-1" [_thread_blocked, id=21716, stack(0x0000000016b40000,0x0000000016c40000)]
  0x00000000163a9000 JavaThread "Service Thread" daemon [_thread_blocked, id=11352, stack(0x0000000016940000,0x0000000016a40000)]
  0x0000000016399800 JavaThread "C1 CompilerThread2" daemon [_thread_blocked, id=22060, stack(0x0000000016840000,0x0000000016940000)]
=>0x0000000014d3c800 JavaThread "C2 CompilerThread1" daemon [_thread_in_native, id=12092, stack(0x0000000016740000,0x0000000016840000)]
  0x0000000014ced000 JavaThread "C2 CompilerThread0" daemon [_thread_in_native, id=19100, stack(0x0000000016240000,0x0000000016340000)]
  0x0000000014cea800 JavaThread "Attach Listener" daemon [_thread_blocked, id=16432, stack(0x0000000016140000,0x0000000016240000)]
  0x0000000014d39800 JavaThread "Signal Dispatcher" daemon [_thread_blocked, id=5512, stack(0x0000000016040000,0x0000000016140000)]
  0x00000000025b0000 JavaThread "Finalizer" daemon [_thread_blocked, id=20808, stack(0x0000000015f40000,0x0000000016040000)]
  0x00000000025ad000 JavaThread "Reference Handler" daemon [_thread_blocked, id=9708, stack(0x0000000015e40000,0x0000000015f40000)]
  0x00000000024c1000 JavaThread "main" [_thread_blocked, id=5444, stack(0x0000000002030000,0x0000000002130000)]

Other Threads:
  0x0000000014ca8000 VMThread [stack: 0x0000000015d40000,0x0000000015e40000] [id=15996]
  0x00000000163a7800 WatcherThread [stack: 0x0000000016a40000,0x0000000016b40000] [id=20172]

VM state:not at safepoint (normal execution)

VM Mutex/Monitor currently owned by a thread: None

Heap:
 PSYoungGen      total 38400K, used 30635K [0x00000000eab00000, 0x00000000ed580000, 0x0000000100000000)
  eden space 33280K, 92% used [0x00000000eab00000,0x00000000ec8eaec8,0x00000000ecb80000)
  from space 5120K, 0% used [0x00000000ed080000,0x00000000ed080000,0x00000000ed580000)
  to   space 5120K, 0% used [0x00000000ecb80000,0x00000000ecb80000,0x00000000ed080000)
 ParOldGen       total 87552K, used 0K [0x00000000c0000000, 0x00000000c5580000, 0x00000000eab00000)
  object space 87552K, 0% used [0x00000000c0000000,0x00000000c0000000,0x00000000c5580000)
 Metaspace       used 5994K, capacity 6902K, committed 7040K, reserved 1056768K
  class space    used 607K, capacity 622K, committed 640K, reserved 1048576K

Card table byte_map: [0x00000000119d0000,0x0000000011be0000] byte_map_base: 0x00000000113d0000

Marking Bits: (ParMarkBitMap*) 0x0000000064400600
 Begin Bits: [0x0000000012140000, 0x0000000013140000)
 End Bits:   [0x0000000013140000, 0x0000000014140000)

Polling page: 0x00000000001f0000

CodeCache: size=245760Kb used=4325Kb max_used=4341Kb free=241435Kb
 bounds [0x0000000002610000, 0x0000000002a60000, 0x0000000011610000]
 total_blobs=1327 nmethods=1056 adapters=184
 compilation: enabled

Compilation events (10 events):
Event: 3.377 Thread 0x0000000016399800 nmethod 1053 0x0000000002a40fd0 code [0x0000000002a41280, 0x0000000002a42cd8]
Event: 3.377 Thread 0x0000000016399800 1054       3       com.android.dx.rop.code.RegisterSpecList::withFirst (64 bytes)
Event: 3.378 Thread 0x0000000016399800 nmethod 1054 0x0000000002a43b10 code [0x0000000002a43da0, 0x0000000002a45128]
Event: 3.378 Thread 0x0000000016399800 1055       3       com.android.dx.dex.code.RopTranslator::outputInstructions (69 bytes)
Event: 3.378 Thread 0x0000000016399800 nmethod 1055 0x0000000002a3ebd0 code [0x0000000002a3ed60, 0x0000000002a3f1b8]
Event: 3.378 Thread 0x0000000014d3c800 1056       4       java.util.Collections$UnmodifiableCollection$1::next (10 bytes)
Event: 3.379 Thread 0x0000000014d3c800 nmethod 1056 0x0000000002a3e690 code [0x0000000002a3e800, 0x0000000002a3e988]
Event: 3.380 Thread 0x0000000014d3c800 1057       4       com.android.dx.ssa.LiteralOpUpgrader$1::visitNonMoveInsn (203 bytes)
Event: 3.467 Thread 0x0000000014ced000 nmethod 1027 0x0000000002a4c790 code [0x0000000002a4cc80, 0x0000000002a4ff70]
Event: 3.467 Thread 0x0000000014ced000 1058       4       com.android.dx.ssa.LiteralOpUpgrader::tryReplacingWithConstant (161 bytes)

GC Heap History (0 events):
No events

Deoptimization events (4 events):
Event: 2.518 Thread 0x00000000165a6800 Uncommon trap: reason=unstable_if action=reinterpret pc=0x000000000283592c method=java.util.HashMap.getNode(ILjava/lang/Object;)Ljava/util/HashMap$Node; @ 129
Event: 3.216 Thread 0x00000000165a6800 Uncommon trap: reason=bimorphic action=maybe_recompile pc=0x000000000288b470 method=java.util.HashMap.getNode(ILjava/lang/Object;)Ljava/util/HashMap$Node; @ 126
Event: 3.321 Thread 0x00000000165a6800 Uncommon trap: reason=unstable_if action=reinterpret pc=0x00000000029950ec method=com.android.dx.rop.code.RegisterSpecSet.put(Lcom/android/dx/rop/code/RegisterSpec;)V @ 77
Event: 3.321 Thread 0x00000000165a6800 Uncommon trap: reason=unstable_if action=reinterpret pc=0x00000000029a9c24 method=com.android.dx.rop.code.RegisterSpecSet.put(Lcom/android/dx/rop/code/RegisterSpec;)V @ 77

Internal exceptions (2 events):
Event: 0.596 Thread 0x00000000024c1000 Exception <a 'java/lang/NoSuchMethodError': Method sun.misc.Unsafe.defineClass(Ljava/lang/String;[BII)Ljava/lang/Class; name or signature does not match> (0x00000000eab13090) thrown at [D:\re\puppet\workspace\8-2-build-windows-amd64-cygwin\jdk8u73\6086\hot ö€5öã?
Event: 0.596 Thread 0x00000000024c1000 Exception <a 'java/lang/NoSuchMethodError': Method sun.misc.Unsafe.prefetchRead(Ljava/lang/Object;J)V name or signature does not match> (0x00000000eab13378) thrown at [D:\re\puppet\workspace\8-2-build-windows-amd64-cygwin\jdk8u73\6086\hotspot\src\share\vm\

Events (10 events):
Event: 3.268 loading class java/util/TreeMap$EntryIterator done
Event: 3.268 Executing VM operation: Deoptimize
Event: 3.302 Executing VM operation: Deoptimize done
Event: 3.321 Thread 0x00000000165a6800 Uncommon trap: trap_request=0xffffff65 fr.pc=0x00000000029950ec
Event: 3.321 Thread 0x00000000165a6800 DEOPT PACKING pc=0x00000000029950ec sp=0x000000001703e6a0
Event: 3.321 Thread 0x00000000165a6800 DEOPT UNPACKING pc=0x000000000265582a sp=0x000000001703e628 mode 2
Event: 3.321 Thread 0x00000000165a6800 Uncommon trap: trap_request=0xffffff65 fr.pc=0x00000000029a9c24
Event: 3.321 Thread 0x00000000165a6800 DEOPT PACKING pc=0x00000000029a9c24 sp=0x000000001703e690
Event: 3.321 Thread 0x00000000165a6800 DEOPT UNPACKING pc=0x000000000265582a sp=0x000000001703e5b0 mode 2
Event: 3.343 Thread 0x00000000165a6800 Thread exited: 0x00000000165a6800


Dynamic libraries:
0x00007ff79cf10000 - 0x00007ff79cf47000 	X:\Program Files\Java\jdk1.8.0_73\bin\java.exe
0x00007ffa94180000 - 0x00007ffa94341000 	X:\Windows\SYSTEM32\ntdll.dll
0x00007ffa91d90000 - 0x00007ffa91e3d000 	X:\Windows\system32\KERNEL32.DLL
0x00007ffa90ba0000 - 0x00007ffa90d88000 	X:\Windows\system32\KERNELBASE.dll
0x00007ffa91e40000 - 0x00007ffa91ee7000 	X:\Windows\system32\ADVAPI32.dll
0x00007ffa91af0000 - 0x00007ffa91b8d000 	X:\Windows\system32\msvcrt.dll
0x00007ffa91840000 - 0x00007ffa9189b000 	X:\Windows\system32\sechost.dll
0x00007ffa91580000 - 0x00007ffa9169c000 	X:\Windows\system32\RPCRT4.dll
0x00007ffa93ad0000 - 0x00007ffa93c26000 	X:\Windows\system32\USER32.dll
0x00007ffa91c00000 - 0x00007ffa91d86000 	X:\Windows\system32\GDI32.dll
0x00007ffa89e50000 - 0x00007ffa8a0c4000 	X:\Windows\WinSxS\amd64_microsoft.windows.common-controls_6595b64144ccf1df_6.0.10586.0_none_8c15ae12515e1c22\COMCTL32.dll
0x00007ffa92100000 - 0x00007ffa9237d000 	X:\Windows\system32\combase.dll
0x00007ffa90b30000 - 0x00007ffa90b9a000 	X:\Windows\system32\bcryptPrimitives.dll
0x00007ffa92380000 - 0x00007ffa923bb000 	X:\Windows\system32\IMM32.DLL
0x0000000063b10000 - 0x0000000063be2000 	X:\Program Files\Java\jdk1.8.0_73\jre\bin\msvcr100.dll
0x0000000063bf0000 - 0x0000000064480000 	X:\Program Files\Java\jdk1.8.0_73\jre\bin\server\jvm.dll
0x00007ffa918a0000 - 0x00007ffa918a8000 	X:\Windows\system32\PSAPI.DLL
0x00007ffa8b570000 - 0x00007ffa8b579000 	X:\Windows\SYSTEM32\WSOCK32.dll
0x00007ffa916a0000 - 0x00007ffa9170b000 	X:\Windows\system32\WS2_32.dll
0x00007ffa8e890000 - 0x00007ffa8e8b3000 	X:\Windows\SYSTEM32\WINMM.dll
0x00007ffa8d5f0000 - 0x00007ffa8d5fa000 	X:\Windows\SYSTEM32\VERSION.dll
0x00007ffa8e5b0000 - 0x00007ffa8e5dc000 	X:\Windows\SYSTEM32\WINMMBASE.dll
0x00007ffa90910000 - 0x00007ffa90953000 	X:\Windows\system32\cfgmgr32.dll
0x0000000064a90000 - 0x0000000064a9f000 	X:\Program Files\Java\jdk1.8.0_73\jre\bin\verify.dll
0x0000000063aa0000 - 0x0000000063ac9000 	X:\Program Files\Java\jdk1.8.0_73\jre\bin\java.dll
0x0000000063a80000 - 0x0000000063a96000 	X:\Program Files\Java\jdk1.8.0_73\jre\bin\zip.dll
0x00007ffa92570000 - 0x00007ffa93acc000 	X:\Windows\system32\SHELL32.dll
0x00007ffa90d90000 - 0x00007ffa913d5000 	X:\Windows\system32\windows.storage.dll
0x00007ffa91a70000 - 0x00007ffa91ac2000 	X:\Windows\system32\shlwapi.dll
0x00007ffa907d0000 - 0x00007ffa907df000 	X:\Windows\system32\kernel.appcore.dll
0x00007ffa90830000 - 0x00007ffa908e5000 	X:\Windows\system32\shcore.dll
0x00007ffa907e0000 - 0x00007ffa9082b000 	X:\Windows\system32\powrprof.dll
0x00007ffa907b0000 - 0x00007ffa907c4000 	X:\Windows\system32\profapi.dll

VM Arguments:
jvm_args: -Djava.awt.headless=true -Xmx1g -Dfile.encoding=GBK -Duser.country=CN -Duser.language=zh -Duser.variant 
java_command: com.android.dx.command.Main --dex --num-threads=4 --multi-dex --output E:\Android\CalorieCounter\app\build\intermediates\transforms\dex\debug\folders\1000\10\com.android.support-support-vector-drawable-23.2.1_1a3f9e49dc1869e607465cca88919c38fde5a3fa E:\Android\CalorieCounter\app\build\intermediates\exploded-aar\com.android.support\support-vector-drawable\23.2.1\jars\classes.jar
java_class_path (initial): E:\QMDownload\SDK\build-tools\23.0.3\lib\dx.jar
Launcher Type: SUN_STANDARD

Environment Variables:
PATH=X:\ProgramData\Oracle\Java\javapath;X:\Windows\system32;X:\Windows;X:\Windows\System32\Wbem;X:\Windows\System32\WindowsPowerShell\v1.0\;X:\Program Files (x86)\ATI Technologies\ATI.ACE\Core-Static;D:\Program Files\MATLAB\R2013a\runtime\win64;D:\Program Files\MATLAB\R2013a\bin;X:\Program Files\Java\jdk1.8.0_73\bin;D:\Python27;X:\Program Files (x86)\MySQL\MySQL Fabric 1.5 & MySQL Utilities 1.5\;X:\Program Files (x86)\MySQL\MySQL Fabric 1.5 & MySQL Utilities 1.5\Doctrine extensions for PHP\
USERNAME=ÍõÉ­
OS=Windows_NT
PROCESSOR_IDENTIFIER=Intel64 Family 6 Model 60 Stepping 3, GenuineIntel



---------------  S Y S T E M  ---------------

OS: Windows 10.0 , 64 bit Build 10586 (10.0.10586.0)

CPU:total 4 (4 cores per cpu, 1 threads per core) family 6 model 60 stepping 3, cmov, cx8, fxsr, mmx, sse, sse2, sse3, ssse3, sse4.1, sse4.2, popcnt, avx, avx2, aes, clmul, erms, lzcnt, tsc, tscinvbit, bmi1, bmi2

Memory: 4k page, physical 8315044k(1862708k free), swap 8315044k(5240k free)

vm_info: Java HotSpot(TM) 64-Bit Server VM (25.73-b02) for windows-amd64 JRE (1.8.0_73-b02), built on Jan 29 2016 17:38:49 by "java_re" with MS VC++ 10.0 (VS2010)

time: Thu Apr 21 21:10:41 2016
elapsed time: 3 seconds (0d 0h 0m 3s)

