#
# There is insufficient memory for the Java Runtime Environment to continue.
# Native memory allocation (malloc) failed to allocate 71856 bytes for Chunk::new
# Possible reasons:
#   The system is out of physical RAM or swap space
#   In 32 bit mode, the process size limit was hit
# Possible solutions:
#   Reduce memory load on the system
#   Increase physical memory or swap space
#   Check if swap backing store is full
#   Use 64 bit Java on a 64 bit OS
#   Decrease Java heap size (-Xmx/-Xms)
#   Decrease number of Java threads
#   Decrease Java thread stack sizes (-Xss)
#   Set larger code cache with -XX:ReservedCodeCacheSize=
# This output file may be truncated or incomplete.
#
#  Out of Memory Error (allocation.cpp:390), pid=12880, tid=12556
#
# JRE version: Java(TM) SE Runtime Environment (8.0_73-b02) (build 1.8.0_73-b02)
# Java VM: Java HotSpot(TM) 64-Bit Server VM (25.73-b02 mixed mode windows-amd64 compressed oops)
# Failed to write core dump. Minidumps are not enabled by default on client versions of Windows
#

---------------  T H R E A D  ---------------

Current thread (0x000000001717a800):  JavaThread "C2 CompilerThread0" daemon [_thread_in_native, id=12556, stack(0x00000000186e0000,0x00000000187e0000)]

Stack: [0x00000000186e0000,0x00000000187e0000]
[error occurred during error reporting (printing stack bounds), id 0xc0000005]

Native frames: (J=compiled Java code, j=interpreted, Vv=VM code, C=native code)


Current CompileTask:
C2:    868  381       4       sun.misc.MetaIndex::mayContain (51 bytes)


---------------  P R O C E S S  ---------------

Java Threads: ( => current thread )
  0x0000000018b10800 JavaThread "pool-2-thread-4" [_thread_blocked, id=2908, stack(0x0000000019be0000,0x0000000019ce0000)]
  0x0000000018b5b800 JavaThread "pool-2-thread-3" [_thread_blocked, id=6472, stack(0x0000000019ae0000,0x0000000019be0000)]
  0x0000000018b5b000 JavaThread "pool-2-thread-2" [_thread_in_vm, id=9476, stack(0x00000000199e0000,0x0000000019ae0000)]
  0x0000000018b2b800 JavaThread "pool-3-thread-1" [_thread_blocked, id=14372, stack(0x00000000198e0000,0x00000000199e0000)]
  0x0000000018b2b000 JavaThread "pool-2-thread-1" [_thread_blocked, id=18836, stack(0x00000000197e0000,0x00000000198e0000)]
  0x0000000018842000 JavaThread "Service Thread" daemon [_thread_blocked, id=19048, stack(0x0000000018de0000,0x0000000018ee0000)]
  0x000000001883a800 JavaThread "C1 CompilerThread2" daemon [_thread_blocked, id=20424, stack(0x0000000018ce0000,0x0000000018de0000)]
  0x0000000018834800 JavaThread "C2 CompilerThread1" daemon [_thread_blocked, id=9088, stack(0x0000000018be0000,0x0000000018ce0000)]
=>0x000000001717a800 JavaThread "C2 CompilerThread0" daemon [_thread_in_native, id=12556, stack(0x00000000186e0000,0x00000000187e0000)]
  0x000000001712d800 JavaThread "Attach Listener" daemon [_thread_blocked, id=11764, stack(0x00000000185e0000,0x00000000186e0000)]
  0x0000000017117800 JavaThread "Signal Dispatcher" daemon [_thread_blocked, id=12412, stack(0x00000000184e0000,0x00000000185e0000)]
  0x0000000002480800 JavaThread "Finalizer" daemon [_thread_blocked, id=19864, stack(0x0000000018380000,0x0000000018480000)]
  0x000000000247d000 JavaThread "Reference Handler" daemon [_thread_blocked, id=8536, stack(0x0000000018280000,0x0000000018380000)]
  0x0000000002391000 JavaThread "main" [_thread_blocked, id=18524, stack(0x0000000001f20000,0x0000000002020000)]

Other Threads:
  0x00000000170e8000 VMThread [stack: 0x0000000018180000,0x0000000018280000] [id=19824]
  0x0000000018893800 WatcherThread [stack: 0x0000000018ee0000,0x0000000018fe0000] [id=19872]

VM state:not at safepoint (normal execution)

VM Mutex/Monitor currently owned by a thread: None

Heap:
 PSYoungGen      total 38400K, used 15976K [0x00000000d5580000, 0x00000000d8000000, 0x0000000100000000)
  eden space 33280K, 48% used [0x00000000d5580000,0x00000000d651a1f8,0x00000000d7600000)
  from space 5120K, 0% used [0x00000000d7b00000,0x00000000d7b00000,0x00000000d8000000)
  to   space 5120K, 0% used [0x00000000d7600000,0x00000000d7600000,0x00000000d7b00000)
 ParOldGen       total 87552K, used 0K [0x0000000080000000, 0x0000000085580000, 0x00000000d5580000)
  object space 87552K, 0% used [0x0000000080000000,0x0000000080000000,0x0000000085580000)
 Metaspace       used 5084K, capacity 6096K, committed 6272K, reserved 1060864K
  class space    used 558K, capacity 584K, committed 640K, reserved 1048576K

Card table byte_map: [0x0000000011890000,0x0000000011ca0000] byte_map_base: 0x0000000011490000

Marking Bits: (ParMarkBitMap*) 0x000000005dcb0600
 Begin Bits: [0x0000000012350000, 0x0000000014350000)
 End Bits:   [0x0000000014350000, 0x0000000016350000)

Polling page: 0x0000000002370000

CodeCache: size=245760Kb used=1980Kb max_used=1980Kb free=243779Kb
 bounds [0x00000000024d0000, 0x0000000002740000, 0x00000000114d0000]
 total_blobs=651 nmethods=383 adapters=181
 compilation: enabled

Compilation events (10 events):
Event: 0.865 Thread 0x000000001883a800 nmethod 377 0x00000000026afa90 code [0x00000000026b0080, 0x00000000026b3ee8]
Event: 0.865 Thread 0x000000001883a800  378       3       com.android.dx.cf.direct.StdAttributeFactory::parse0 (532 bytes)
Event: 0.866 Thread 0x000000001717a800  381       4       sun.misc.MetaIndex::mayContain (51 bytes)
Event: 0.866 Thread 0x000000001883a800 nmethod 378 0x00000000026b6dd0 code [0x00000000026b7560, 0x00000000026bb758]
Event: 0.867 Thread 0x000000001883a800  379       3       com.android.dx.util.ByteArray::getByte0 (12 bytes)
Event: 0.867 Thread 0x000000001883a800 nmethod 379 0x00000000026be750 code [0x00000000026be8a0, 0x00000000026bea10]
Event: 0.867 Thread 0x000000001883a800  380       1       com.android.dx.ssa.SsaRenamer::access$000 (5 bytes)
Event: 0.867 Thread 0x000000001883a800 nmethod 380 0x00000000026beb10 code [0x00000000026bec60, 0x00000000026bed50]
Event: 0.867 Thread 0x000000001883a800  382       3       com.android.dx.rop.code.RegisterSpec::hashCodeOf (30 bytes)
Event: 0.867 Thread 0x000000001883a800 nmethod 382 0x00000000026bedd0 code [0x00000000026bef40, 0x00000000026bf1f8]

GC Heap History (0 events):
No events

Deoptimization events (1 events):
Event: 0.323 Thread 0x0000000002391000 Uncommon trap: reason=unstable_if action=reinterpret pc=0x0000000002620f14 method=java.lang.String.compareTo(Ljava/lang/String;)I @ 38

Internal exceptions (4 events):
Event: 0.180 Thread 0x0000000002391000 Exception <a 'java/lang/NoSuchMethodError': Method sun.misc.Unsafe.defineClass(Ljava/lang/String;[BII)Ljava/lang/Class; name or signature does not match> (0x00000000d5593090) thrown at [D:\re\puppet\workspace\8-2-build-windows-amd64-cygwin\jdk8u73\6086\hotãÏn™¯Ç?
Event: 0.180 Thread 0x0000000002391000 Exception <a 'java/lang/NoSuchMethodError': Method sun.misc.Unsafe.prefetchRead(Ljava/lang/Object;J)V name or signature does not match> (0x00000000d5593378) thrown at [D:\re\puppet\workspace\8-2-build-windows-amd64-cygwin\jdk8u73\6086\hotspot\src\share\vm\Ôœœç†•ë?
Event: 0.862 Thread 0x0000000002391000 Exception <a 'java/lang/OutOfMemoryError'> (0x00000000d648fc40) thrown at [D:\re\puppet\workspace\8-2-build-windows-amd64-cygwin\jdk8u73\6086\hotspot\src\share\vm\prims\jni.cpp, line 735]
Event: 0.862 Thread 0x0000000002391000 Exception <a 'java/lang/OutOfMemoryError'> (0x00000000d648fc40) thrown at [D:\re\puppet\workspace\8-2-build-windows-amd64-cygwin\jdk8u73\6086\hotspot\src\share\vm\prims\jvm.cpp, line 1390]

Events (10 events):
Event: 0.866 loading class com/android/dx/ssa/back/FirstFitLocalCombiningAllocator$Alignment$1
Event: 0.866 loading class com/android/dx/ssa/back/FirstFitLocalCombiningAllocator$Alignment$1 done
Event: 0.867 loading class com/android/dx/ssa/back/FirstFitLocalCombiningAllocator$Alignment$2
Event: 0.867 loading class com/android/dx/ssa/back/FirstFitLocalCombiningAllocator$Alignment$2 done
Event: 0.867 loading class com/android/dx/ssa/back/FirstFitLocalCombiningAllocator$Alignment$3
Event: 0.867 loading class com/android/dx/ssa/back/FirstFitLocalCombiningAllocator$Alignment$3 done
Event: 0.867 loading class com/android/dx/ssa/back/SsaToRop$PhiVisitor
Event: 0.867 loading class com/android/dx/ssa/back/SsaToRop$PhiVisitor done
Event: 0.867 loading class com/android/dx/ssa/back/SsaToRop$1
Event: 0.867 loading class com/android/dx/ssa/back/SsaToRop$1 done


Dynamic libraries:
0x00007ff64d3f0000 - 0x00007ff64d427000 	X:\Program Files\Java\jdk1.8.0_73\bin\java.exe
0x00007ffae65e0000 - 0x00007ffae67a1000 	X:\Windows\SYSTEM32\ntdll.dll
0x00007ffae39e0000 - 0x00007ffae3a8d000 	X:\Windows\system32\KERNEL32.DLL
0x00007ffae3420000 - 0x00007ffae3608000 	X:\Windows\system32\KERNELBASE.dll
0x00007ffae5290000 - 0x00007ffae5337000 	X:\Windows\system32\ADVAPI32.dll
0x00007ffae6300000 - 0x00007ffae639d000 	X:\Windows\system32\msvcrt.dll
0x00007ffae61d0000 - 0x00007ffae622b000 	X:\Windows\system32\sechost.dll
0x00007ffae5830000 - 0x00007ffae594c000 	X:\Windows\system32\RPCRT4.dll
0x00007ffae5950000 - 0x00007ffae5aa6000 	X:\Windows\system32\USER32.dll
0x00007ffae56a0000 - 0x00007ffae5826000 	X:\Windows\system32\GDI32.dll
0x00007ffada4a0000 - 0x00007ffada714000 	X:\Windows\WinSxS\amd64_microsoft.windows.common-controls_6595b64144ccf1df_6.0.10586.0_none_8c15ae12515e1c22\COMCTL32.dll
0x00007ffae5ab0000 - 0x00007ffae5d2d000 	X:\Windows\system32\combase.dll
0x00007ffae3330000 - 0x00007ffae339a000 	X:\Windows\system32\bcryptPrimitives.dll
0x00007ffae4ff0000 - 0x00007ffae502b000 	X:\Windows\system32\IMM32.DLL
0x000000005d3c0000 - 0x000000005d492000 	X:\Program Files\Java\jdk1.8.0_73\jre\bin\msvcr100.dll
0x000000005d4a0000 - 0x000000005dd30000 	X:\Program Files\Java\jdk1.8.0_73\jre\bin\server\jvm.dll
0x00007ffae65d0000 - 0x00007ffae65d8000 	X:\Windows\system32\PSAPI.DLL
0x00007ffad6220000 - 0x00007ffad6229000 	X:\Windows\SYSTEM32\WSOCK32.dll
0x00007ffae6160000 - 0x00007ffae61cb000 	X:\Windows\system32\WS2_32.dll
0x00007ffae0ef0000 - 0x00007ffae0f13000 	X:\Windows\SYSTEM32\WINMM.dll
0x00007ffadf760000 - 0x00007ffadf76a000 	X:\Windows\SYSTEM32\VERSION.dll
0x00007ffae0e80000 - 0x00007ffae0eac000 	X:\Windows\SYSTEM32\WINMMBASE.dll
0x00007ffae2c90000 - 0x00007ffae2cd3000 	X:\Windows\system32\cfgmgr32.dll
0x000000005d370000 - 0x000000005d37f000 	X:\Program Files\Java\jdk1.8.0_73\jre\bin\verify.dll
0x000000005d340000 - 0x000000005d369000 	X:\Program Files\Java\jdk1.8.0_73\jre\bin\java.dll
0x000000005d320000 - 0x000000005d336000 	X:\Program Files\Java\jdk1.8.0_73\jre\bin\zip.dll
0x00007ffae3a90000 - 0x00007ffae4fec000 	X:\Windows\system32\SHELL32.dll
0x00007ffae2ce0000 - 0x00007ffae3325000 	X:\Windows\system32\windows.storage.dll
0x00007ffae6460000 - 0x00007ffae64b2000 	X:\Windows\system32\shlwapi.dll
0x00007ffae2c80000 - 0x00007ffae2c8f000 	X:\Windows\system32\kernel.appcore.dll
0x00007ffae3750000 - 0x00007ffae3805000 	X:\Windows\system32\shcore.dll
0x00007ffae2c00000 - 0x00007ffae2c4b000 	X:\Windows\system32\powrprof.dll
0x00007ffae2c60000 - 0x00007ffae2c74000 	X:\Windows\system32\profapi.dll

VM Arguments:
jvm_args: -Djava.awt.headless=true -Xmx2g -Dfile.encoding=GBK -Duser.country=CN -Duser.language=zh -Duser.variant 
java_command: com.android.dx.command.Main --dex --num-threads=4 --multi-dex --output E:\Android\CalorieCounter\app\build\intermediates\transforms\dex\debug\folders\1000\10\internal_impl-23.2.1_49064801473cbca27248b55bf399760905628d45 E:\Android\CalorieCounter\app\build\intermediates\exploded-aar\com.android.support\support-v4\23.2.1\jars\libs\internal_impl-23.2.1.jar
java_class_path (initial): E:\QMDownload\SDK\build-tools\23.0.3\lib\dx.jar
Launcher Type: SUN_STANDARD

Environment Variables:
PATH=X:\ProgramData\Oracle\Java\javapath;X:\Windows\system32;X:\Windows;X:\Windows\System32\Wbem;X:\Windows\System32\WindowsPowerShell\v1.0\;X:\Program Files (x86)\ATI Technologies\ATI.ACE\Core-Static;D:\Program Files\MATLAB\R2013a\runtime\win64;D:\Program Files\MATLAB\R2013a\bin;X:\Program Files\Java\jdk1.8.0_73\bin;D:\Python27;X:\Program Files (x86)\MySQL\MySQL Fabric 1.5 & MySQL Utilities 1.5\;X:\Program Files (x86)\MySQL\MySQL Fabric 1.5 & MySQL Utilities 1.5\Doctrine extensions for PHP\
USERNAME=ÍõÉ­
OS=Windows_NT
PROCESSOR_IDENTIFIER=Intel64 Family 6 Model 60 Stepping 3, GenuineIntel



---------------  S Y S T E M  ---------------

OS: Windows 10.0 , 64 bit Build 10586 (10.0.10586.0)

CPU:total 4 (4 cores per cpu, 1 threads per core) family 6 model 60 stepping 3, cmov, cx8, fxsr, mmx, sse, sse2, sse3, ssse3, sse4.1, sse4.2, popcnt, avx, avx2, aes, clmul, erms, lzcnt, tsc, tscinvbit, bmi1, bmi2

Memory: 4k page, physical 8315044k(1714028k free), swap 8315044k(4084k free)

vm_info: Java HotSpot(TM) 64-Bit Server VM (25.73-b02) for windows-amd64 JRE (1.8.0_73-b02), built on Jan 29 2016 17:38:49 by "java_re" with MS VC++ 10.0 (VS2010)

time: Thu Apr 21 23:58:19 2016
elapsed time: 0 seconds (0d 0h 0m 0s)

