#
# There is insufficient memory for the Java Runtime Environment to continue.
# Native memory allocation (malloc) failed to allocate 266576 bytes for Chunk::new
# Possible reasons:
#   The system is out of physical RAM or swap space
#   In 32 bit mode, the process size limit was hit
# Possible solutions:
#   Reduce memory load on the system
#   Increase physical memory or swap space
#   Check if swap backing store is full
#   Use 64 bit Java on a 64 bit OS
#   Decrease Java heap size (-Xmx/-Xms)
#   Decrease number of Java threads
#   Decrease Java thread stack sizes (-Xss)
#   Set larger code cache with -XX:ReservedCodeCacheSize=
# This output file may be truncated or incomplete.
#
#  Out of Memory Error (allocation.cpp:390), pid=3508, tid=1984
#
# JRE version: Java(TM) SE Runtime Environment (8.0_73-b02) (build 1.8.0_73-b02)
# Java VM: Java HotSpot(TM) 64-Bit Server VM (25.73-b02 mixed mode windows-amd64 compressed oops)
# Failed to write core dump. Minidumps are not enabled by default on client versions of Windows
#

---------------  T H R E A D  ---------------

Current thread (0x0000000014c3e000):  JavaThread "C2 CompilerThread1" daemon [_thread_in_native, id=1984, stack(0x0000000016690000,0x0000000016790000)]

Stack: [0x0000000016690000,0x0000000016790000]
[error occurred during error reporting (printing stack bounds), id 0xc0000005]

Native frames: (J=compiled Java code, j=interpreted, Vv=VM code, C=native code)


Current CompileTask:
C2:   2209 1338   !   4       com.android.dx.cf.code.BytecodeArray::parseInstruction (2764 bytes)


---------------  P R O C E S S  ---------------

Java Threads: ( => current thread )
  0x0000000016532800 JavaThread "pool-1-thread-4" [_thread_blocked, id=6280, stack(0x0000000016e90000,0x0000000016f90000)]
  0x0000000016531800 JavaThread "pool-1-thread-3" [_thread_blocked, id=3408, stack(0x0000000016d90000,0x0000000016e90000)]
  0x000000001652e000 JavaThread "pool-1-thread-2" [_thread_blocked, id=5188, stack(0x0000000016c90000,0x0000000016d90000)]
  0x000000001652b000 JavaThread "pool-2-thread-1" [_thread_blocked, id=8404, stack(0x0000000016b90000,0x0000000016c90000)]
  0x0000000016528800 JavaThread "pool-1-thread-1" [_thread_blocked, id=9756, stack(0x0000000016a90000,0x0000000016b90000)]
  0x00000000162f6800 JavaThread "Service Thread" daemon [_thread_blocked, id=3088, stack(0x0000000016890000,0x0000000016990000)]
  0x00000000162eb000 JavaThread "C1 CompilerThread2" daemon [_thread_blocked, id=2608, stack(0x0000000016790000,0x0000000016890000)]
=>0x0000000014c3e000 JavaThread "C2 CompilerThread1" daemon [_thread_in_native, id=1984, stack(0x0000000016690000,0x0000000016790000)]
  0x0000000014c3b000 JavaThread "C2 CompilerThread0" daemon [_thread_in_native, id=1008, stack(0x0000000016190000,0x0000000016290000)]
  0x0000000014c39000 JavaThread "Attach Listener" daemon [_thread_blocked, id=5864, stack(0x0000000016090000,0x0000000016190000)]
  0x0000000014bed800 JavaThread "Signal Dispatcher" daemon [_thread_blocked, id=8076, stack(0x0000000015f90000,0x0000000016090000)]
  0x0000000002501800 JavaThread "Finalizer" daemon [_thread_blocked, id=9704, stack(0x0000000015e30000,0x0000000015f30000)]
  0x00000000024fe800 JavaThread "Reference Handler" daemon [_thread_blocked, id=5500, stack(0x0000000015d30000,0x0000000015e30000)]
  0x0000000002410800 JavaThread "main" [_thread_in_Java, id=6316, stack(0x0000000001f30000,0x0000000002030000)]

Other Threads:
  0x0000000014ba6800 VMThread [stack: 0x0000000015c30000,0x0000000015d30000] [id=9208]
  0x000000001636c800 WatcherThread [stack: 0x0000000016990000,0x0000000016a90000] [id=4596]

VM state:not at safepoint (normal execution)

VM Mutex/Monitor currently owned by a thread: None

Heap:
 PSYoungGen      total 38400K, used 18643K [0x00000000eab00000, 0x00000000ed580000, 0x0000000100000000)
  eden space 33280K, 40% used [0x00000000eab00000,0x00000000eb838b10,0x00000000ecb80000)
  from space 5120K, 99% used [0x00000000ecb80000,0x00000000ed07c108,0x00000000ed080000)
  to   space 5120K, 0% used [0x00000000ed080000,0x00000000ed080000,0x00000000ed580000)
 ParOldGen       total 87552K, used 1333K [0x00000000c0000000, 0x00000000c5580000, 0x00000000eab00000)
  object space 87552K, 1% used [0x00000000c0000000,0x00000000c014d5b8,0x00000000c5580000)
 Metaspace       used 6149K, capacity 6966K, committed 7040K, reserved 1056768K
  class space    used 606K, capacity 622K, committed 640K, reserved 1048576K

Card table byte_map: [0x00000000118d0000,0x0000000011ae0000] byte_map_base: 0x00000000112d0000

Marking Bits: (ParMarkBitMap*) 0x00000000540e0600
 Begin Bits: [0x0000000012040000, 0x0000000013040000)
 End Bits:   [0x0000000013040000, 0x0000000014040000)

Polling page: 0x0000000000500000

CodeCache: size=245760Kb used=5496Kb max_used=5510Kb free=240263Kb
 bounds [0x0000000002510000, 0x0000000002a80000, 0x0000000011510000]
 total_blobs=1636 nmethods=1365 adapters=184
 compilation: enabled

Compilation events (10 events):
Event: 2.162 Thread 0x0000000014c3b000 nmethod 1326 0x0000000002a70a10 code [0x0000000002a70e40, 0x0000000002a73de0]
Event: 2.162 Thread 0x0000000014c3b000 1333   !   4       java.util.BitSet::clone (49 bytes)
Event: 2.164 Thread 0x0000000014c3b000 nmethod 1333 0x0000000002a693d0 code [0x0000000002a69540, 0x0000000002a69768]
Event: 2.164 Thread 0x0000000014c3b000 1334       4       com.android.dx.rop.code.ThrowingCstInsn::accept (8 bytes)
Event: 2.164 Thread 0x0000000014c3b000 nmethod 1334 0x0000000002968990 code [0x0000000002968ac0, 0x0000000002968b38]
Event: 2.197 Thread 0x0000000014c3b000 1365       4       com.android.dx.rop.code.RegisterSpec::make (7 bytes)
Event: 2.197 Thread 0x0000000014c3b000 nmethod 1365 0x0000000002994d50 code [0x0000000002994ea0, 0x0000000002994f08]
Event: 2.197 Thread 0x0000000014c3b000 1366       4       com.android.dx.ssa.SsaRenamer$BlockRenamer::process (191 bytes)
Event: 2.197 Thread 0x00000000162eb000 1368       3       com.android.dx.ssa.SCCP::<init> (142 bytes)
Event: 2.198 Thread 0x00000000162eb000 nmethod 1368 0x0000000002a6ed90 code [0x0000000002a6f000, 0x0000000002a70108]

GC Heap History (2 events):
Event: 2.019 GC heap before
{Heap before GC invocations=1 (full 0):
 PSYoungGen      total 38400K, used 33280K [0x00000000eab00000, 0x00000000ed580000, 0x0000000100000000)
  eden space 33280K, 100% used [0x00000000eab00000,0x00000000ecb80000,0x00000000ecb80000)
  from space 5120K, 0% used [0x00000000ed080000,0x00000000ed080000,0x00000000ed580000)
  to   space 5120K, 0% used [0x00000000ecb80000,0x00000000ecb80000,0x00000000ed080000)
 ParOldGen       total 87552K, used 0K [0x00000000c0000000, 0x00000000c5580000, 0x00000000eab00000)
  object space 87552K, 0% used [0x00000000c0000000,0x00000000c0000000,0x00000000c5580000)
 Metaspace       used 6065K, capacity 6902K, committed 7040K, reserved 1056768K
  class space    used 606K, capacity 622K, committed 640K, reserved 1048576K
Event: 2.025 GC heap after
Heap after GC invocations=1 (full 0):
 PSYoungGen      total 38400K, used 5104K [0x00000000eab00000, 0x00000000ed580000, 0x0000000100000000)
  eden space 33280K, 0% used [0x00000000eab00000,0x00000000eab00000,0x00000000ecb80000)
  from space 5120K, 99% used [0x00000000ecb80000,0x00000000ed07c108,0x00000000ed080000)
  to   space 5120K, 0% used [0x00000000ed080000,0x00000000ed080000,0x00000000ed580000)
 ParOldGen       total 87552K, used 1333K [0x00000000c0000000, 0x00000000c5580000, 0x00000000eab00000)
  object space 87552K, 1% used [0x00000000c0000000,0x00000000c014d5b8,0x00000000c5580000)
 Metaspace       used 6065K, capacity 6902K, committed 7040K, reserved 1056768K
  class space    used 606K, capacity 622K, committed 640K, reserved 1048576K
}

Deoptimization events (3 events):
Event: 0.395 Thread 0x0000000002410800 Uncommon trap: reason=unstable_if action=reinterpret pc=0x0000000002661a94 method=java.lang.String.compareTo(Ljava/lang/String;)I @ 38
Event: 1.492 Thread 0x000000001652e000 Uncommon trap: reason=unstable_if action=reinterpret pc=0x00000000027748f0 method=java.util.BitSet.nextSetBit(I)I @ 87
Event: 1.697 Thread 0x0000000016532800 Uncommon trap: reason=unstable_if action=reinterpret pc=0x0000000002801a04 method=com.android.dx.rop.code.RegisterSpec.equals(ILcom/android/dx/rop/type/TypeBearer;Lcom/android/dx/rop/code/LocalItem;)Z @ 42

Internal exceptions (2 events):
Event: 0.038 Thread 0x0000000002410800 Exception <a 'java/lang/NoSuchMethodError': Method sun.misc.Unsafe.defineClass(Ljava/lang/String;[BII)Ljava/lang/Class; name or signature does not match> (0x00000000eab13090) thrown at [D:\re\puppet\workspace\8-2-build-windows-amd64-cygwin\jdk8u73\6086\hotπ<Q!2ù£?
Event: 0.038 Thread 0x0000000002410800 Exception <a 'java/lang/NoSuchMethodError': Method sun.misc.Unsafe.prefetchRead(Ljava/lang/Object;J)V name or signature does not match> (0x00000000eab13378) thrown at [D:\re\puppet\workspace\8-2-build-windows-amd64-cygwin\jdk8u73\6086\hotspot\src\share\vm\

Events (10 events):
Event: 1.537 loading class com/android/dx/dex/file/FieldAnnotationStruct done
Event: 1.599 loading class com/android/dx/cf/code/SwitchList
Event: 1.599 loading class com/android/dx/cf/code/SwitchList done
Event: 1.691 loading class java/util/DualPivotQuicksort
Event: 1.692 loading class java/util/DualPivotQuicksort done
Event: 1.697 Thread 0x0000000016532800 Uncommon trap: trap_request=0xffffff65 fr.pc=0x0000000002801a04
Event: 1.697 Thread 0x0000000016532800 DEOPT PACKING pc=0x0000000002801a04 sp=0x0000000016f8e570
Event: 1.697 Thread 0x0000000016532800 DEOPT UNPACKING pc=0x000000000255582a sp=0x0000000016f8e4f8 mode 2
Event: 2.008 Executing VM operation: ParallelGCFailedAllocation
Event: 2.025 Executing VM operation: ParallelGCFailedAllocation done


Dynamic libraries:
0x00007ff6dbe30000 - 0x00007ff6dbe67000 	X:\Program Files\Java\jdk1.8.0_73\bin\java.exe
0x00007ff876650000 - 0x00007ff876811000 	X:\Windows\SYSTEM32\ntdll.dll
0x00007ff8762a0000 - 0x00007ff87634d000 	X:\Windows\system32\KERNEL32.DLL
0x00007ff873400000 - 0x00007ff8735e8000 	X:\Windows\system32\KERNELBASE.dll
0x00007ff875900000 - 0x00007ff8759a7000 	X:\Windows\system32\ADVAPI32.dll
0x00007ff875860000 - 0x00007ff8758fd000 	X:\Windows\system32\msvcrt.dll
0x00007ff876020000 - 0x00007ff87607b000 	X:\Windows\system32\sechost.dll
0x00007ff874050000 - 0x00007ff87416c000 	X:\Windows\system32\RPCRT4.dll
0x00007ff873ee0000 - 0x00007ff874036000 	X:\Windows\system32\USER32.dll
0x00007ff8756d0000 - 0x00007ff875856000 	X:\Windows\system32\GDI32.dll
0x00007ff86b170000 - 0x00007ff86b3e4000 	X:\Windows\WinSxS\amd64_microsoft.windows.common-controls_6595b64144ccf1df_6.0.10586.0_none_8c15ae12515e1c22\COMCTL32.dll
0x00007ff875d20000 - 0x00007ff875f9d000 	X:\Windows\system32\combase.dll
0x00007ff873740000 - 0x00007ff8737aa000 	X:\Windows\system32\bcryptPrimitives.dll
0x00007ff873a50000 - 0x00007ff873a8b000 	X:\Windows\system32\IMM32.DLL
0x0000000053340000 - 0x0000000053412000 	X:\Program Files\Java\jdk1.8.0_73\jre\bin\msvcr100.dll
0x00000000538d0000 - 0x0000000054160000 	X:\Program Files\Java\jdk1.8.0_73\jre\bin\server\jvm.dll
0x00007ff874040000 - 0x00007ff874048000 	X:\Windows\system32\PSAPI.DLL
0x00007ff86b4c0000 - 0x00007ff86b4c9000 	X:\Windows\SYSTEM32\WSOCK32.dll
0x00007ff875fa0000 - 0x00007ff87600b000 	X:\Windows\system32\WS2_32.dll
0x00007ff870f20000 - 0x00007ff870f43000 	X:\Windows\SYSTEM32\WINMM.dll
0x00007ff86f250000 - 0x00007ff86f25a000 	X:\Windows\SYSTEM32\VERSION.dll
0x00007ff870dd0000 - 0x00007ff870dfc000 	X:\Windows\SYSTEM32\WINMMBASE.dll
0x00007ff872d60000 - 0x00007ff872da3000 	X:\Windows\system32\cfgmgr32.dll
0x00000000537e0000 - 0x00000000537ef000 	X:\Program Files\Java\jdk1.8.0_73\jre\bin\verify.dll
0x00000000537b0000 - 0x00000000537d9000 	X:\Program Files\Java\jdk1.8.0_73\jre\bin\java.dll
0x0000000053790000 - 0x00000000537a6000 	X:\Program Files\Java\jdk1.8.0_73\jre\bin\zip.dll
0x00007ff874170000 - 0x00007ff8756cc000 	X:\Windows\system32\SHELL32.dll
0x00007ff872db0000 - 0x00007ff8733f5000 	X:\Windows\system32\windows.storage.dll
0x00007ff876240000 - 0x00007ff876292000 	X:\Windows\system32\shlwapi.dll
0x00007ff872ce0000 - 0x00007ff872cef000 	X:\Windows\system32\kernel.appcore.dll
0x00007ff873680000 - 0x00007ff873735000 	X:\Windows\system32\shcore.dll
0x00007ff872c90000 - 0x00007ff872cdb000 	X:\Windows\system32\powrprof.dll
0x00007ff872c70000 - 0x00007ff872c84000 	X:\Windows\system32\profapi.dll

VM Arguments:
jvm_args: -Djava.awt.headless=true -Xmx1024M -Dfile.encoding=GBK -Duser.country=CN -Duser.language=zh -Duser.variant 
java_command: com.android.dx.command.Main --dex --num-threads=4 --output E:\Android\CalorieCounter\app\build\intermediates\pre-dexed\debug\com.android.support-appcompat-v7-23.2.1_14a456de78e3d3b230e6c027cdbf92653362251b.jar E:\Android\CalorieCounter\app\build\intermediates\exploded-aar\com.android.support\appcompat-v7\23.2.1\jars\classes.jar
java_class_path (initial): E:\QMDownload\SDK\build-tools\23.0.3\lib\dx.jar
Launcher Type: SUN_STANDARD

Environment Variables:
PATH=X:\ProgramData\Oracle\Java\javapath;X:\Windows\system32;X:\Windows;X:\Windows\System32\Wbem;X:\Windows\System32\WindowsPowerShell\v1.0\;X:\Program Files (x86)\ATI Technologies\ATI.ACE\Core-Static;D:\Program Files\MATLAB\R2013a\runtime\win64;D:\Program Files\MATLAB\R2013a\bin;X:\Program Files\Java\jdk1.8.0_73\bin;D:\Python27;X:\Program Files (x86)\MySQL\MySQL Fabric 1.5 & MySQL Utilities 1.5\;X:\Program Files (x86)\MySQL\MySQL Fabric 1.5 & MySQL Utilities 1.5\Doctrine extensions for PHP\
USERNAME=Õı…≠
OS=Windows_NT
PROCESSOR_IDENTIFIER=Intel64 Family 6 Model 60 Stepping 3, GenuineIntel



---------------  S Y S T E M  ---------------

OS: Windows 10.0 , 64 bit Build 10586 (10.0.10586.0)

CPU:total 4 (4 cores per cpu, 1 threads per core) family 6 model 60 stepping 3, cmov, cx8, fxsr, mmx, sse, sse2, sse3, ssse3, sse4.1, sse4.2, popcnt, avx, avx2, aes, clmul, erms, lzcnt, tsc, tscinvbit, bmi1, bmi2

Memory: 4k page, physical 8315044k(1657948k free), swap 8315044k(5224k free)

vm_info: Java HotSpot(TM) 64-Bit Server VM (25.73-b02) for windows-amd64 JRE (1.8.0_73-b02), built on Jan 29 2016 17:38:49 by "java_re" with MS VC++ 10.0 (VS2010)

time: Sat Apr 16 13:38:54 2016
elapsed time: 2 seconds (0d 0h 0m 2s)

