#
# There is insufficient memory for the Java Runtime Environment to continue.
# Native memory allocation (malloc) failed to allocate 262160 bytes for Chunk::new
# Possible reasons:
#   The system is out of physical RAM or swap space
#   In 32 bit mode, the process size limit was hit
# Possible solutions:
#   Reduce memory load on the system
#   Increase physical memory or swap space
#   Check if swap backing store is full
#   Use 64 bit Java on a 64 bit OS
#   Decrease Java heap size (-Xmx/-Xms)
#   Decrease number of Java threads
#   Decrease Java thread stack sizes (-Xss)
#   Set larger code cache with -XX:ReservedCodeCacheSize=
# This output file may be truncated or incomplete.
#
#  Out of Memory Error (allocation.cpp:390), pid=12988, tid=14044
#
# JRE version: Java(TM) SE Runtime Environment (8.0_73-b02) (build 1.8.0_73-b02)
# Java VM: Java HotSpot(TM) 64-Bit Server VM (25.73-b02 mixed mode windows-amd64 compressed oops)
# Failed to write core dump. Minidumps are not enabled by default on client versions of Windows
#

---------------  T H R E A D  ---------------

Current thread (0x000000001744d000):  JavaThread "C2 CompilerThread1" daemon [_thread_in_native, id=14044, stack(0x0000000018e50000,0x0000000018f50000)]

Stack: [0x0000000018e50000,0x0000000018f50000]
[error occurred during error reporting (printing stack bounds), id 0xc0000005]

Native frames: (J=compiled Java code, j=interpreted, Vv=VM code, C=native code)


Current CompileTask:
C2:   3211 1630       4       com.android.dx.rop.code.Rops::ropFor (771 bytes)


---------------  P R O C E S S  ---------------

Java Threads: ( => current thread )
  0x0000000018ceb800 JavaThread "pool-2-thread-4" [_thread_blocked, id=13660, stack(0x0000000019650000,0x0000000019750000)]
  0x0000000018ceb000 JavaThread "pool-2-thread-3" [_thread_blocked, id=12108, stack(0x0000000019550000,0x0000000019650000)]
  0x0000000018cc2800 JavaThread "pool-2-thread-2" [_thread_blocked, id=3256, stack(0x0000000019450000,0x0000000019550000)]
  0x0000000018cc2000 JavaThread "pool-3-thread-1" [_thread_blocked, id=8588, stack(0x0000000019350000,0x0000000019450000)]
  0x0000000018cdd800 JavaThread "pool-2-thread-1" [_thread_blocked, id=7604, stack(0x0000000019250000,0x0000000019350000)]
  0x0000000018ac1800 JavaThread "Service Thread" daemon [_thread_blocked, id=12860, stack(0x0000000019050000,0x0000000019150000)]
  0x0000000018aaa800 JavaThread "C1 CompilerThread2" daemon [_thread_blocked, id=14900, stack(0x0000000018f50000,0x0000000019050000)]
=>0x000000001744d000 JavaThread "C2 CompilerThread1" daemon [_thread_in_native, id=14044, stack(0x0000000018e50000,0x0000000018f50000)]
  0x000000001744a800 JavaThread "C2 CompilerThread0" daemon [_thread_in_native, id=13748, stack(0x0000000018950000,0x0000000018a50000)]
  0x00000000173fd800 JavaThread "Attach Listener" daemon [_thread_blocked, id=2076, stack(0x0000000018850000,0x0000000018950000)]
  0x00000000173e7800 JavaThread "Signal Dispatcher" daemon [_thread_blocked, id=8244, stack(0x0000000018750000,0x0000000018850000)]
  0x00000000027c0800 JavaThread "Finalizer" daemon [_thread_blocked, id=12616, stack(0x0000000018650000,0x0000000018750000)]
  0x00000000027bd000 JavaThread "Reference Handler" daemon [_thread_blocked, id=2556, stack(0x0000000018550000,0x0000000018650000)]
  0x00000000026d0800 JavaThread "main" [_thread_blocked, id=7904, stack(0x00000000025d0000,0x00000000026d0000)]

Other Threads:
  0x00000000173b8000 VMThread [stack: 0x0000000018450000,0x0000000018550000] [id=11752]
  0x0000000018b13000 WatcherThread [stack: 0x0000000019150000,0x0000000019250000] [id=9200]

VM state:not at safepoint (normal execution)

VM Mutex/Monitor currently owned by a thread: None

Heap:
 PSYoungGen      total 71680K, used 41038K [0x00000000d5580000, 0x00000000da080000, 0x0000000100000000)
  eden space 66560K, 53% used [0x00000000d5580000,0x00000000d7897208,0x00000000d9680000)
  from space 5120K, 99% used [0x00000000d9b80000,0x00000000da07c910,0x00000000da080000)
  to   space 5120K, 0% used [0x00000000d9680000,0x00000000d9680000,0x00000000d9b80000)
 ParOldGen       total 87552K, used 5920K [0x0000000080000000, 0x0000000085580000, 0x00000000d5580000)
  object space 87552K, 6% used [0x0000000080000000,0x00000000805c8100,0x0000000085580000)
 Metaspace       used 6234K, capacity 7030K, committed 7296K, reserved 1056768K
  class space    used 600K, capacity 622K, committed 640K, reserved 1048576K

Card table byte_map: [0x0000000011b90000,0x0000000011fa0000] byte_map_base: 0x0000000011790000

Marking Bits: (ParMarkBitMap*) 0x00000000530a0600
 Begin Bits: [0x0000000012650000, 0x0000000014650000)
 End Bits:   [0x0000000014650000, 0x0000000016650000)

Polling page: 0x00000000001f0000

CodeCache: size=245760Kb used=6995Kb max_used=7011Kb free=238764Kb
 bounds [0x00000000027d0000, 0x0000000002ec0000, 0x00000000117d0000]
 total_blobs=1911 nmethods=1641 adapters=183
 compilation: enabled

Compilation events (10 events):
Event: 3.143 Thread 0x000000001744d000 nmethod 1613 0x0000000002ea3250 code [0x0000000002ea3660, 0x0000000002ea6d50]
Event: 3.144 Thread 0x000000001744d000 1637       4       java.util.ArrayList::remove (77 bytes)
Event: 3.147 Thread 0x000000001744d000 nmethod 1637 0x0000000002e9fbd0 code [0x0000000002e9fd20, 0x0000000002ea00b8]
Event: 3.147 Thread 0x000000001744d000 1614       4       com.android.dx.ssa.PhiInsn::getSources (95 bytes)
Event: 3.151 Thread 0x000000001744d000 nmethod 1614 0x0000000002ea0f10 code [0x0000000002ea1080, 0x0000000002ea1478]
Event: 3.151 Thread 0x000000001744d000 1625       4       com.android.dx.ssa.back.IdenticalBlockCombiner::combineBlocks (102 bytes)
Event: 3.170 Thread 0x000000001744d000 nmethod 1625 0x0000000002eaf090 code [0x0000000002eaf2a0, 0x0000000002eb0d30]
Event: 3.170 Thread 0x000000001744d000 1638       4       com.android.dx.ssa.back.FirstFitLocalCombiningAllocator::getParameterIndexForReg (55 bytes)
Event: 3.173 Thread 0x000000001744d000 nmethod 1638 0x0000000002ea0750 code [0x0000000002ea08c0, 0x0000000002ea0ba8]
Event: 3.173 Thread 0x000000001744d000 1630       4       com.android.dx.rop.code.Rops::ropFor (771 bytes)

GC Heap History (4 events):
Event: 0.782 GC heap before
{Heap before GC invocations=1 (full 0):
 PSYoungGen      total 38400K, used 33280K [0x00000000d5580000, 0x00000000d8000000, 0x0000000100000000)
  eden space 33280K, 100% used [0x00000000d5580000,0x00000000d7600000,0x00000000d7600000)
  from space 5120K, 0% used [0x00000000d7b00000,0x00000000d7b00000,0x00000000d8000000)
  to   space 5120K, 0% used [0x00000000d7600000,0x00000000d7600000,0x00000000d7b00000)
 ParOldGen       total 87552K, used 0K [0x0000000080000000, 0x0000000085580000, 0x00000000d5580000)
  object space 87552K, 0% used [0x0000000080000000,0x0000000080000000,0x0000000085580000)
 Metaspace       used 5905K, capacity 6772K, committed 7040K, reserved 1056768K
  class space    used 594K, capacity 620K, committed 640K, reserved 1048576K
Event: 0.868 GC heap after
Heap after GC invocations=1 (full 0):
 PSYoungGen      total 38400K, used 5106K [0x00000000d5580000, 0x00000000da080000, 0x0000000100000000)
  eden space 33280K, 0% used [0x00000000d5580000,0x00000000d5580000,0x00000000d7600000)
  from space 5120K, 99% used [0x00000000d7600000,0x00000000d7afc900,0x00000000d7b00000)
  to   space 5120K, 0% used [0x00000000d9b80000,0x00000000d9b80000,0x00000000da080000)
 ParOldGen       total 87552K, used 1863K [0x0000000080000000, 0x0000000085580000, 0x00000000d5580000)
  object space 87552K, 2% used [0x0000000080000000,0x00000000801d1fd8,0x0000000085580000)
 Metaspace       used 5905K, capacity 6772K, committed 7040K, reserved 1056768K
  class space    used 594K, capacity 620K, committed 640K, reserved 1048576K
}
Event: 1.612 GC heap before
{Heap before GC invocations=2 (full 0):
 PSYoungGen      total 38400K, used 38386K [0x00000000d5580000, 0x00000000da080000, 0x0000000100000000)
  eden space 33280K, 100% used [0x00000000d5580000,0x00000000d7600000,0x00000000d7600000)
  from space 5120K, 99% used [0x00000000d7600000,0x00000000d7afc900,0x00000000d7b00000)
  to   space 5120K, 0% used [0x00000000d9b80000,0x00000000d9b80000,0x00000000da080000)
 ParOldGen       total 87552K, used 1863K [0x0000000080000000, 0x0000000085580000, 0x00000000d5580000)
  object space 87552K, 2% used [0x0000000080000000,0x00000000801d1fd8,0x0000000085580000)
 Metaspace       used 6087K, capacity 6964K, committed 7040K, reserved 1056768K
  class space    used 595K, capacity 620K, committed 640K, reserved 1048576K
Event: 1.927 GC heap after
Heap after GC invocations=2 (full 0):
 PSYoungGen      total 71680K, used 5106K [0x00000000d5580000, 0x00000000da080000, 0x0000000100000000)
  eden space 66560K, 0% used [0x00000000d5580000,0x00000000d5580000,0x00000000d9680000)
  from space 5120K, 99% used [0x00000000d9b80000,0x00000000da07c910,0x00000000da080000)
  to   space 5120K, 0% used [0x00000000d9680000,0x00000000d9680000,0x00000000d9b80000)
 ParOldGen       total 87552K, used 5920K [0x0000000080000000, 0x0000000085580000, 0x00000000d5580000)
  object space 87552K, 6% used [0x0000000080000000,0x00000000805c8100,0x0000000085580000)
 Metaspace       used 6087K, capacity 6964K, committed 7040K, reserved 1056768K
  class space    used 595K, capacity 620K, committed 640K, reserved 1048576K
}

Deoptimization events (10 events):
Event: 1.495 Thread 0x0000000018cc2800 Uncommon trap: reason=class_check action=maybe_recompile pc=0x0000000002d0b7c8 method=com.android.dx.ssa.SCCP.simulateBranch(Lcom/android/dx/ssa/SsaInsn;)V @ 145
Event: 2.077 Thread 0x0000000018ceb000 Uncommon trap: reason=bimorphic action=maybe_recompile pc=0x0000000002cf2108 method=com.android.dx.cf.code.BytecodeArray.parseInstruction(ILcom/android/dx/cf/code/BytecodeArray$Visitor;)I @ 1501
Event: 2.077 Thread 0x0000000018ceb000 Uncommon trap: reason=bimorphic action=maybe_recompile pc=0x0000000002cf2108 method=com.android.dx.cf.code.BytecodeArray.parseInstruction(ILcom/android/dx/cf/code/BytecodeArray$Visitor;)I @ 1501
Event: 2.077 Thread 0x0000000018ceb000 Uncommon trap: reason=bimorphic action=maybe_recompile pc=0x0000000002cf2108 method=com.android.dx.cf.code.BytecodeArray.parseInstruction(ILcom/android/dx/cf/code/BytecodeArray$Visitor;)I @ 1501
Event: 2.077 Thread 0x0000000018ceb000 Uncommon trap: reason=bimorphic action=maybe_recompile pc=0x0000000002cf2108 method=com.android.dx.cf.code.BytecodeArray.parseInstruction(ILcom/android/dx/cf/code/BytecodeArray$Visitor;)I @ 1501
Event: 2.400 Thread 0x0000000018ceb000 Uncommon trap: reason=bimorphic action=maybe_recompile pc=0x0000000002db0d54 method=com.android.dx.cf.code.BytecodeArray.parseInstruction(ILcom/android/dx/cf/code/BytecodeArray$Visitor;)I @ 2554
Event: 2.400 Thread 0x0000000018ceb000 Uncommon trap: reason=bimorphic action=maybe_recompile pc=0x0000000002db0d54 method=com.android.dx.cf.code.BytecodeArray.parseInstruction(ILcom/android/dx/cf/code/BytecodeArray$Visitor;)I @ 2554
Event: 3.031 Thread 0x0000000018cc2800 Uncommon trap: reason=unstable_if action=reinterpret pc=0x000000000291ec94 method=java.util.regex.Pattern$BnM.optimize(Ljava/util/regex/Pattern$Node;)Ljava/util/regex/Pattern$Node; @ 22
Event: 3.031 Thread 0x0000000018cc2800 Uncommon trap: reason=class_check action=maybe_recompile pc=0x0000000002920554 method=java.util.regex.Matcher.search(I)Z @ 86
Event: 3.031 Thread 0x0000000018cc2800 Uncommon trap: reason=unstable_if action=reinterpret pc=0x0000000002920598 method=java.util.regex.Matcher.search(I)Z @ 30

Internal exceptions (3 events):
Event: 0.032 Thread 0x00000000026d0800 Exception <a 'java/lang/NoSuchMethodError': Method sun.misc.Unsafe.defineClass(Ljava/lang/String;[BII)Ljava/lang/Class; name or signature does not match> (0x00000000d5593090) thrown at [D:\re\puppet\workspace\8-2-build-windows-amd64-cygwin\jdk8u73\6086\hotùŠIÕ< ?
Event: 0.032 Thread 0x00000000026d0800 Exception <a 'java/lang/NoSuchMethodError': Method sun.misc.Unsafe.prefetchRead(Ljava/lang/Object;J)V name or signature does not match> (0x00000000d5593378) thrown at [D:\re\puppet\workspace\8-2-build-windows-amd64-cygwin\jdk8u73\6086\hotspot\src\share\vm\˜ñEÿÚÓã?
Event: 0.620 Thread 0x0000000018cdd800 Implicit null exception at 0x0000000002aecf22 to 0x0000000002aed01a

Events (10 events):
Event: 3.031 Thread 0x0000000018cc2800 Uncommon trap: trap_request=0xffffffde fr.pc=0x0000000002920554
Event: 3.031 Thread 0x0000000018cc2800 DEOPT PACKING pc=0x0000000002920554 sp=0x000000001954e7a0
Event: 3.031 Thread 0x0000000018cc2800 DEOPT UNPACKING pc=0x000000000281582a sp=0x000000001954e768 mode 2
Event: 3.031 Thread 0x0000000018cc2800 Uncommon trap: trap_request=0xffffff65 fr.pc=0x0000000002920598
Event: 3.031 Thread 0x0000000018cc2800 DEOPT PACKING pc=0x0000000002920598 sp=0x000000001954e7a0
Event: 3.031 Thread 0x0000000018cc2800 DEOPT UNPACKING pc=0x000000000281582a sp=0x000000001954e778 mode 2
Event: 3.068 loading class com/android/dx/cf/attrib/AttDeprecated
Event: 3.068 loading class com/android/dx/cf/attrib/AttDeprecated done
Event: 3.068 loading class com/android/dx/cf/attrib/AttRuntimeVisibleAnnotations
Event: 3.068 loading class com/android/dx/cf/attrib/AttRuntimeVisibleAnnotations done


Dynamic libraries:
0x00007ff6fb7a0000 - 0x00007ff6fb7d7000 	X:\Program Files\Java\jdk1.8.0_73\bin\java.exe
0x00007ffec5b10000 - 0x00007ffec5cd1000 	X:\Windows\SYSTEM32\ntdll.dll
0x00007ffec35e0000 - 0x00007ffec368d000 	X:\Windows\system32\KERNEL32.DLL
0x00007ffec2930000 - 0x00007ffec2b18000 	X:\Windows\system32\KERNELBASE.dll
0x00007ffec34c0000 - 0x00007ffec3567000 	X:\Windows\system32\ADVAPI32.dll
0x00007ffec50c0000 - 0x00007ffec515d000 	X:\Windows\system32\msvcrt.dll
0x00007ffec59a0000 - 0x00007ffec59fb000 	X:\Windows\system32\sechost.dll
0x00007ffec2f10000 - 0x00007ffec302c000 	X:\Windows\system32\RPCRT4.dll
0x00007ffec32f0000 - 0x00007ffec3446000 	X:\Windows\system32\USER32.dll
0x00007ffec3030000 - 0x00007ffec31b6000 	X:\Windows\system32\GDI32.dll
0x00007ffeb89d0000 - 0x00007ffeb8c44000 	X:\Windows\WinSxS\amd64_microsoft.windows.common-controls_6595b64144ccf1df_6.0.10586.0_none_8c15ae12515e1c22\COMCTL32.dll
0x00007ffec4e20000 - 0x00007ffec509d000 	X:\Windows\system32\combase.dll
0x00007ffec2ea0000 - 0x00007ffec2f0a000 	X:\Windows\system32\bcryptPrimitives.dll
0x00007ffec56f0000 - 0x00007ffec572b000 	X:\Windows\system32\IMM32.DLL
0x0000000052330000 - 0x0000000052402000 	X:\Program Files\Java\jdk1.8.0_73\jre\bin\msvcr100.dll
0x0000000052890000 - 0x0000000053120000 	X:\Program Files\Java\jdk1.8.0_73\jre\bin\server\jvm.dll
0x00007ffec4c50000 - 0x00007ffec4c58000 	X:\Windows\system32\PSAPI.DLL
0x00007ffebded0000 - 0x00007ffebded9000 	X:\Windows\SYSTEM32\WSOCK32.dll
0x00007ffec3570000 - 0x00007ffec35db000 	X:\Windows\system32\WS2_32.dll
0x00007ffec0720000 - 0x00007ffec0743000 	X:\Windows\SYSTEM32\WINMM.dll
0x00007ffebe7e0000 - 0x00007ffebe7ea000 	X:\Windows\SYSTEM32\VERSION.dll
0x00007ffec0660000 - 0x00007ffec068c000 	X:\Windows\SYSTEM32\WINMMBASE.dll
0x00007ffec2bd0000 - 0x00007ffec2c13000 	X:\Windows\system32\cfgmgr32.dll
0x00000000527a0000 - 0x00000000527af000 	X:\Program Files\Java\jdk1.8.0_73\jre\bin\verify.dll
0x0000000052770000 - 0x0000000052799000 	X:\Program Files\Java\jdk1.8.0_73\jre\bin\java.dll
0x0000000052750000 - 0x0000000052766000 	X:\Program Files\Java\jdk1.8.0_73\jre\bin\zip.dll
0x00007ffec36f0000 - 0x00007ffec4c4c000 	X:\Windows\system32\SHELL32.dll
0x00007ffec2220000 - 0x00007ffec2865000 	X:\Windows\system32\windows.storage.dll
0x00007ffec3690000 - 0x00007ffec36e2000 	X:\Windows\system32\shlwapi.dll
0x00007ffec2130000 - 0x00007ffec213f000 	X:\Windows\system32\kernel.appcore.dll
0x00007ffec2870000 - 0x00007ffec2925000 	X:\Windows\system32\shcore.dll
0x00007ffec2140000 - 0x00007ffec218b000 	X:\Windows\system32\powrprof.dll
0x00007ffec2190000 - 0x00007ffec21a4000 	X:\Windows\system32\profapi.dll

VM Arguments:
jvm_args: -Djava.awt.headless=true -Xmx2g -Dfile.encoding=GBK -Duser.country=CN -Duser.language=zh -Duser.variant 
java_command: com.android.dx.command.Main --dex --num-threads=4 --multi-dex --output E:\Android\CalorieCounter\app\build\intermediates\transforms\dex\debug\folders\1000\2\baidumapapi_map_v3_7_3_c23a21450423e3d8b5f8937a4289611a3cd618e9 E:\Android\CalorieCounter\app\libs\baidumapapi_map_v3_7_3.jar
java_class_path (initial): E:\QMDownload\SDK\build-tools\23.0.3\lib\dx.jar
Launcher Type: SUN_STANDARD

Environment Variables:
PATH=X:\ProgramData\Oracle\Java\javapath;X:\Windows\system32;X:\Windows;X:\Windows\System32\Wbem;X:\Windows\System32\WindowsPowerShell\v1.0\;X:\Program Files (x86)\ATI Technologies\ATI.ACE\Core-Static;D:\Program Files\MATLAB\R2013a\runtime\win64;D:\Program Files\MATLAB\R2013a\bin;X:\Program Files\Java\jdk1.8.0_73\bin;D:\Python27;X:\Program Files (x86)\MySQL\MySQL Fabric 1.5 & MySQL Utilities 1.5\;X:\Program Files (x86)\MySQL\MySQL Fabric 1.5 & MySQL Utilities 1.5\Doctrine extensions for PHP\;E:\QMDownload\SDK\platform-tools
USERNAME=ÍõÉ­
OS=Windows_NT
PROCESSOR_IDENTIFIER=Intel64 Family 6 Model 60 Stepping 3, GenuineIntel



---------------  S Y S T E M  ---------------

OS: Windows 10.0 , 64 bit Build 10586 (10.0.10586.0)

CPU:total 4 (4 cores per cpu, 1 threads per core) family 6 model 60 stepping 3, cmov, cx8, fxsr, mmx, sse, sse2, sse3, ssse3, sse4.1, sse4.2, popcnt, avx, avx2, aes, clmul, erms, lzcnt, tsc, tscinvbit, bmi1, bmi2

Memory: 4k page, physical 8315044k(1921320k free), swap 8315044k(5260k free)

vm_info: Java HotSpot(TM) 64-Bit Server VM (25.73-b02) for windows-amd64 JRE (1.8.0_73-b02), built on Jan 29 2016 17:38:49 by "java_re" with MS VC++ 10.0 (VS2010)

time: Tue Apr 26 20:49:18 2016
elapsed time: 3 seconds (0d 0h 0m 3s)

