#
# There is insufficient memory for the Java Runtime Environment to continue.
# Native memory allocation (malloc) failed to allocate 32744 bytes for ChunkPool::allocate
# Possible reasons:
#   The system is out of physical RAM or swap space
#   In 32 bit mode, the process size limit was hit
# Possible solutions:
#   Reduce memory load on the system
#   Increase physical memory or swap space
#   Check if swap backing store is full
#   Use 64 bit Java on a 64 bit OS
#   Decrease Java heap size (-Xmx/-Xms)
#   Decrease number of Java threads
#   Decrease Java thread stack sizes (-Xss)
#   Set larger code cache with -XX:ReservedCodeCacheSize=
# This output file may be truncated or incomplete.
#
#  Out of Memory Error (allocation.cpp:273), pid=3836, tid=11532
#
# JRE version: Java(TM) SE Runtime Environment (8.0_73-b02) (build 1.8.0_73-b02)
# Java VM: Java HotSpot(TM) 64-Bit Server VM (25.73-b02 mixed mode windows-amd64 compressed oops)
# Failed to write core dump. Minidumps are not enabled by default on client versions of Windows
#

---------------  T H R E A D  ---------------

Current thread (0x00000000189a9800):  JavaThread "C1 CompilerThread2" daemon [_thread_in_native, id=11532, stack(0x0000000018e50000,0x0000000018f50000)]

Stack: [0x0000000018e50000,0x0000000018f50000]
[error occurred during error reporting (printing stack bounds), id 0xc0000005]

Native frames: (J=compiled Java code, j=interpreted, Vv=VM code, C=native code)


Current CompileTask:
C1:   2330 1540       3       java.util.TimSort::sort (229 bytes)


---------------  P R O C E S S  ---------------

Java Threads: ( => current thread )
  0x0000000018bcf000 JavaThread "pool-2-thread-4" [_thread_in_Java, id=11540, stack(0x0000000019550000,0x0000000019650000)]
  0x0000000018b71800 JavaThread "pool-2-thread-3" [_thread_blocked, id=11244, stack(0x0000000019450000,0x0000000019550000)]
  0x0000000018b6f000 JavaThread "pool-2-thread-2" [_thread_blocked, id=7468, stack(0x0000000019350000,0x0000000019450000)]
  0x0000000018b30000 JavaThread "pool-3-thread-1" [_thread_blocked, id=9628, stack(0x0000000019250000,0x0000000019350000)]
  0x0000000018b2f800 JavaThread "pool-2-thread-1" [_thread_in_Java, id=4064, stack(0x0000000019150000,0x0000000019250000)]
  0x00000000189b1000 JavaThread "Service Thread" daemon [_thread_blocked, id=744, stack(0x0000000018f50000,0x0000000019050000)]
=>0x00000000189a9800 JavaThread "C1 CompilerThread2" daemon [_thread_in_native, id=11532, stack(0x0000000018e50000,0x0000000018f50000)]
  0x00000000189a3800 JavaThread "C2 CompilerThread1" daemon [_thread_in_native, id=10892, stack(0x0000000018d50000,0x0000000018e50000)]
  0x0000000017359000 JavaThread "C2 CompilerThread0" daemon [_thread_in_native, id=9976, stack(0x0000000018850000,0x0000000018950000)]
  0x0000000017356800 JavaThread "Attach Listener" daemon [_thread_blocked, id=9648, stack(0x0000000018750000,0x0000000018850000)]
  0x000000001730c800 JavaThread "Signal Dispatcher" daemon [_thread_blocked, id=6088, stack(0x0000000018650000,0x0000000018750000)]
  0x00000000026d0800 JavaThread "Finalizer" daemon [_thread_blocked, id=616, stack(0x0000000018550000,0x0000000018650000)]
  0x00000000026cd000 JavaThread "Reference Handler" daemon [_thread_blocked, id=7336, stack(0x0000000018450000,0x0000000018550000)]
  0x00000000025e0800 JavaThread "main" [_thread_blocked, id=8596, stack(0x00000000024e0000,0x00000000025e0000)]

Other Threads:
  0x00000000172c8000 VMThread [stack: 0x0000000018350000,0x0000000018450000] [id=5868]
  0x00000000189fb000 WatcherThread [stack: 0x0000000019050000,0x0000000019150000] [id=6652]

VM state:not at safepoint (normal execution)

VM Mutex/Monitor currently owned by a thread: None

Heap:
 PSYoungGen      total 38400K, used 27593K [0x00000000d5580000, 0x00000000d8000000, 0x0000000100000000)
  eden space 33280K, 67% used [0x00000000d5580000,0x00000000d6b78588,0x00000000d7600000)
  from space 5120K, 99% used [0x00000000d7600000,0x00000000d7afa0b8,0x00000000d7b00000)
  to   space 5120K, 0% used [0x00000000d7b00000,0x00000000d7b00000,0x00000000d8000000)
 ParOldGen       total 87552K, used 1590K [0x0000000080000000, 0x0000000085580000, 0x00000000d5580000)
  object space 87552K, 1% used [0x0000000080000000,0x000000008018db88,0x0000000085580000)
 Metaspace       used 6190K, capacity 7028K, committed 7296K, reserved 1056768K
  class space    used 603K, capacity 620K, committed 640K, reserved 1048576K

Card table byte_map: [0x0000000011aa0000,0x0000000011eb0000] byte_map_base: 0x00000000116a0000

Marking Bits: (ParMarkBitMap*) 0x00000000649e0600
 Begin Bits: [0x0000000012560000, 0x0000000014560000)
 End Bits:   [0x0000000014560000, 0x0000000016560000)

Polling page: 0x00000000001f0000

CodeCache: size=245760Kb used=6463Kb max_used=6463Kb free=239296Kb
 bounds [0x00000000026e0000, 0x0000000002d40000, 0x00000000116e0000]
 total_blobs=1802 nmethods=1531 adapters=184
 compilation: enabled

Compilation events (10 events):
Event: 2.318 Thread 0x00000000189a9800 nmethod 1535 0x0000000002d2c890 code [0x0000000002d2cbe0, 0x0000000002d2e818]
Event: 2.320 Thread 0x00000000189a9800 1536       3       com.android.dx.cf.code.ExecutionStack::makeInitialized (51 bytes)
Event: 2.320 Thread 0x00000000189a9800 nmethod 1536 0x0000000002d2f490 code [0x0000000002d2f640, 0x0000000002d2fcd8]
Event: 2.323 Thread 0x00000000189a9800 1537       3       com.android.dx.ssa.back.RegisterAllocator::insertMoveBefore (240 bytes)
Event: 2.324 Thread 0x00000000189a9800 nmethod 1537 0x0000000002d2ffd0 code [0x0000000002d30440, 0x0000000002d330e8]
Event: 2.329 Thread 0x00000000189a9800 1538       3       java.util.HashMap$EntrySet::iterator (12 bytes)
Event: 2.329 Thread 0x00000000189a9800 nmethod 1538 0x0000000002d35390 code [0x0000000002d35500, 0x0000000002d35768]
Event: 2.329 Thread 0x00000000189a9800 1539       3       java.util.ArrayList::sort (48 bytes)
Event: 2.329 Thread 0x00000000189a9800 nmethod 1539 0x0000000002d35850 code [0x0000000002d359c0, 0x0000000002d35c18]
Event: 2.329 Thread 0x00000000189a9800 1540       3       java.util.TimSort::sort (229 bytes)

GC Heap History (2 events):
Event: 1.714 GC heap before
{Heap before GC invocations=1 (full 0):
 PSYoungGen      total 38400K, used 33280K [0x00000000d5580000, 0x00000000d8000000, 0x0000000100000000)
  eden space 33280K, 100% used [0x00000000d5580000,0x00000000d7600000,0x00000000d7600000)
  from space 5120K, 0% used [0x00000000d7b00000,0x00000000d7b00000,0x00000000d8000000)
  to   space 5120K, 0% used [0x00000000d7600000,0x00000000d7600000,0x00000000d7b00000)
 ParOldGen       total 87552K, used 0K [0x0000000080000000, 0x0000000085580000, 0x00000000d5580000)
  object space 87552K, 0% used [0x0000000080000000,0x0000000080000000,0x0000000085580000)
 Metaspace       used 6090K, capacity 6964K, committed 7040K, reserved 1056768K
  class space    used 603K, capacity 620K, committed 640K, reserved 1048576K
Event: 1.951 GC heap after
Heap after GC invocations=1 (full 0):
 PSYoungGen      total 38400K, used 5096K [0x00000000d5580000, 0x00000000d8000000, 0x0000000100000000)
  eden space 33280K, 0% used [0x00000000d5580000,0x00000000d5580000,0x00000000d7600000)
  from space 5120K, 99% used [0x00000000d7600000,0x00000000d7afa0b8,0x00000000d7b00000)
  to   space 5120K, 0% used [0x00000000d7b00000,0x00000000d7b00000,0x00000000d8000000)
 ParOldGen       total 87552K, used 1590K [0x0000000080000000, 0x0000000085580000, 0x00000000d5580000)
  object space 87552K, 1% used [0x0000000080000000,0x000000008018db88,0x0000000085580000)
 Metaspace       used 6090K, capacity 6964K, committed 7040K, reserved 1056768K
  class space    used 603K, capacity 620K, committed 640K, reserved 1048576K
}

Deoptimization events (10 events):
Event: 1.208 Thread 0x0000000018bcf000 Uncommon trap: reason=class_check action=maybe_recompile pc=0x00000000029d0b44 method=com.android.dx.ssa.NormalSsaInsn.accept(Lcom/android/dx/ssa/SsaInsn$Visitor;)V @ 9
Event: 1.208 Thread 0x0000000018bcf000 Uncommon trap: reason=class_check action=maybe_recompile pc=0x00000000029d0b44 method=com.android.dx.ssa.NormalSsaInsn.accept(Lcom/android/dx/ssa/SsaInsn$Visitor;)V @ 9
Event: 1.208 Thread 0x0000000018bcf000 Uncommon trap: reason=class_check action=maybe_recompile pc=0x000000000294d9f0 method=com.android.dx.ssa.NormalSsaInsn.accept(Lcom/android/dx/ssa/SsaInsn$Visitor;)V @ 9
Event: 1.211 Thread 0x0000000018bcf000 Uncommon trap: reason=unstable_if action=reinterpret pc=0x0000000002a38dc4 method=com.android.dx.rop.code.RegisterSpec.equals(ILcom/android/dx/rop/type/TypeBearer;Lcom/android/dx/rop/code/LocalItem;)Z @ 16
Event: 1.240 Thread 0x0000000018b6f000 Uncommon trap: reason=unstable_if action=reinterpret pc=0x0000000002a65b68 method=java.util.HashMap.getNode(ILjava/lang/Object;)Ljava/util/HashMap$Node; @ 129
Event: 1.240 Thread 0x0000000018b6f000 Uncommon trap: reason=unstable_if action=reinterpret pc=0x0000000002900c6c method=java.util.HashMap.getNode(ILjava/lang/Object;)Ljava/util/HashMap$Node; @ 62
Event: 1.358 Thread 0x0000000018bcf000 Uncommon trap: reason=null_check action=make_not_entrant pc=0x0000000002a91dfc method=com.android.dx.ssa.SsaRenamer.getLocalForNewReg(I)Lcom/android/dx/rop/code/LocalItem; @ 19
Event: 1.359 Thread 0x0000000018bcf000 Uncommon trap: reason=null_check action=make_not_entrant pc=0x0000000002a69f04 method=com.android.dx.ssa.SsaRenamer.getLocalForNewReg(I)Lcom/android/dx/rop/code/LocalItem; @ 19
Event: 1.693 Thread 0x0000000018b6f000 Uncommon trap: reason=unstable_if action=reinterpret pc=0x0000000002b5303c method=com.android.dx.util.IntList.binarysearch(I)I @ 105
Event: 2.303 Thread 0x0000000018b6f000 Uncommon trap: reason=unstable_if action=reinterpret pc=0x0000000002cb4f9c method=com.android.dx.ssa.SCCP.simulateBranch(Lcom/android/dx/ssa/SsaInsn;)V @ 64

Internal exceptions (4 events):
Event: 0.126 Thread 0x00000000025e0800 Exception <a 'java/lang/NoSuchMethodError': Method sun.misc.Unsafe.defineClass(Ljava/lang/String;[BII)Ljava/lang/Class; name or signature does not match> (0x00000000d5593090) thrown at [D:\re\puppet\workspace\8-2-build-windows-amd64-cygwin\jdk8u73\6086\hotM¥•™xÀ?
Event: 0.126 Thread 0x00000000025e0800 Exception <a 'java/lang/NoSuchMethodError': Method sun.misc.Unsafe.prefetchRead(Ljava/lang/Object;J)V name or signature does not match> (0x00000000d5593378) thrown at [D:\re\puppet\workspace\8-2-build-windows-amd64-cygwin\jdk8u73\6086\hotspot\src\share\vm\âö’S¼õ?
Event: 1.358 Thread 0x0000000018bcf000 Implicit null exception at 0x0000000002a8f624 to 0x0000000002a91db9
Event: 1.359 Thread 0x0000000018bcf000 Implicit null exception at 0x0000000002a690c4 to 0x0000000002a69ed1

Events (10 events):
Event: 1.951 Executing VM operation: ParallelGCFailedAllocation done
Event: 2.040 Thread 0x0000000018b6f000 DEOPT PACKING pc=0x00000000029588a3 sp=0x000000001944ebf0
Event: 2.040 Thread 0x0000000018b6f000 DEOPT UNPACKING pc=0x000000000272787f sp=0x000000001944e9b8 mode 0
Event: 2.064 Thread 0x0000000018b6f000 DEOPT PACKING pc=0x00000000029588a3 sp=0x000000001944eb60
Event: 2.064 Thread 0x0000000018b6f000 DEOPT UNPACKING pc=0x000000000272787f sp=0x000000001944e928 mode 0
Event: 2.173 loading class com/android/dx/rop/code/RegisterSpec$1
Event: 2.173 loading class com/android/dx/rop/code/RegisterSpec$1 done
Event: 2.303 Thread 0x0000000018b6f000 Uncommon trap: trap_request=0xffffff65 fr.pc=0x0000000002cb4f9c
Event: 2.303 Thread 0x0000000018b6f000 DEOPT PACKING pc=0x0000000002cb4f9c sp=0x000000001944eb20
Event: 2.303 Thread 0x0000000018b6f000 DEOPT UNPACKING pc=0x000000000272582a sp=0x000000001944eb00 mode 2


Dynamic libraries:
0x00007ff6ce000000 - 0x00007ff6ce037000 	X:\Program Files\Java\jdk1.8.0_73\bin\java.exe
0x00007ff8b34b0000 - 0x00007ff8b3671000 	X:\Windows\SYSTEM32\ntdll.dll
0x00007ff8b2f30000 - 0x00007ff8b2fdd000 	X:\Windows\system32\KERNEL32.DLL
0x00007ff8b0330000 - 0x00007ff8b0518000 	X:\Windows\system32\KERNELBASE.dll
0x00007ff8b0920000 - 0x00007ff8b09c7000 	X:\Windows\system32\ADVAPI32.dll
0x00007ff8b3040000 - 0x00007ff8b30dd000 	X:\Windows\system32\msvcrt.dll
0x00007ff8b2fe0000 - 0x00007ff8b303b000 	X:\Windows\system32\sechost.dll
0x00007ff8b2280000 - 0x00007ff8b239c000 	X:\Windows\system32\RPCRT4.dll
0x00007ff8b25d0000 - 0x00007ff8b2726000 	X:\Windows\system32\USER32.dll
0x00007ff8b20f0000 - 0x00007ff8b2276000 	X:\Windows\system32\GDI32.dll
0x00007ff8a8b30000 - 0x00007ff8a8da4000 	X:\Windows\WinSxS\amd64_microsoft.windows.common-controls_6595b64144ccf1df_6.0.10586.0_none_8c15ae12515e1c22\COMCTL32.dll
0x00007ff8b3230000 - 0x00007ff8b34ad000 	X:\Windows\system32\combase.dll
0x00007ff8afbc0000 - 0x00007ff8afc2a000 	X:\Windows\system32\bcryptPrimitives.dll
0x00007ff8b30e0000 - 0x00007ff8b311b000 	X:\Windows\system32\IMM32.DLL
0x0000000063c70000 - 0x0000000063d42000 	X:\Program Files\Java\jdk1.8.0_73\jre\bin\msvcr100.dll
0x00000000641d0000 - 0x0000000064a60000 	X:\Program Files\Java\jdk1.8.0_73\jre\bin\server\jvm.dll
0x00007ff8b2f10000 - 0x00007ff8b2f18000 	X:\Windows\system32\PSAPI.DLL
0x00007ff8ac5f0000 - 0x00007ff8ac5f9000 	X:\Windows\SYSTEM32\WSOCK32.dll
0x00007ff8adb70000 - 0x00007ff8adb93000 	X:\Windows\SYSTEM32\WINMM.dll
0x00007ff8b2a70000 - 0x00007ff8b2adb000 	X:\Windows\system32\WS2_32.dll
0x00007ff8ac380000 - 0x00007ff8ac38a000 	X:\Windows\SYSTEM32\VERSION.dll
0x00007ff8ada60000 - 0x00007ff8ada8c000 	X:\Windows\SYSTEM32\WINMMBASE.dll
0x00007ff8b0520000 - 0x00007ff8b0563000 	X:\Windows\system32\cfgmgr32.dll
0x00000000640e0000 - 0x00000000640ef000 	X:\Program Files\Java\jdk1.8.0_73\jre\bin\verify.dll
0x00000000640b0000 - 0x00000000640d9000 	X:\Program Files\Java\jdk1.8.0_73\jre\bin\java.dll
0x0000000064090000 - 0x00000000640a6000 	X:\Program Files\Java\jdk1.8.0_73\jre\bin\zip.dll
0x00007ff8b0b90000 - 0x00007ff8b20ec000 	X:\Windows\system32\SHELL32.dll
0x00007ff8afc30000 - 0x00007ff8b0275000 	X:\Windows\system32\windows.storage.dll
0x00007ff8b2930000 - 0x00007ff8b2982000 	X:\Windows\system32\shlwapi.dll
0x00007ff8afb00000 - 0x00007ff8afb0f000 	X:\Windows\system32\kernel.appcore.dll
0x00007ff8b07f0000 - 0x00007ff8b08a5000 	X:\Windows\system32\shcore.dll
0x00007ff8afb10000 - 0x00007ff8afb5b000 	X:\Windows\system32\powrprof.dll
0x00007ff8afad0000 - 0x00007ff8afae4000 	X:\Windows\system32\profapi.dll

VM Arguments:
jvm_args: -Djava.awt.headless=true -Xmx2g -Dfile.encoding=GBK -Duser.country=CN -Duser.language=zh -Duser.variant 
java_command: com.android.dx.command.Main --dex --num-threads=4 --multi-dex --output E:\Android\CalorieCounter\app\build\intermediates\transforms\dex\debug\folders\1000\2\picasso-2.5.2_f19bc8512a460ac7df759013986e530956aa1cfe E:\Android\CalorieCounter\app\libs\picasso-2.5.2.jar
java_class_path (initial): E:\QMDownload\SDK\build-tools\23.0.3\lib\dx.jar
Launcher Type: SUN_STANDARD

Environment Variables:
PATH=X:\ProgramData\Oracle\Java\javapath;X:\Windows\system32;X:\Windows;X:\Windows\System32\Wbem;X:\Windows\System32\WindowsPowerShell\v1.0\;X:\Program Files (x86)\ATI Technologies\ATI.ACE\Core-Static;D:\Program Files\MATLAB\R2013a\runtime\win64;D:\Program Files\MATLAB\R2013a\bin;X:\Program Files\Java\jdk1.8.0_73\bin;D:\Python27;X:\Program Files (x86)\MySQL\MySQL Fabric 1.5 & MySQL Utilities 1.5\;X:\Program Files (x86)\MySQL\MySQL Fabric 1.5 & MySQL Utilities 1.5\Doctrine extensions for PHP\;E:\QMDownload\SDK\platform-tools
USERNAME=ÍõÉ­
OS=Windows_NT
PROCESSOR_IDENTIFIER=Intel64 Family 6 Model 60 Stepping 3, GenuineIntel



---------------  S Y S T E M  ---------------

OS: Windows 10.0 , 64 bit Build 10586 (10.0.10586.0)

CPU:total 4 (4 cores per cpu, 1 threads per core) family 6 model 60 stepping 3, cmov, cx8, fxsr, mmx, sse, sse2, sse3, ssse3, sse4.1, sse4.2, popcnt, avx, avx2, aes, clmul, erms, lzcnt, tsc, tscinvbit, bmi1, bmi2

Memory: 4k page, physical 8315044k(2152228k free), swap 8315044k(5708k free)

vm_info: Java HotSpot(TM) 64-Bit Server VM (25.73-b02) for windows-amd64 JRE (1.8.0_73-b02), built on Jan 29 2016 17:38:49 by "java_re" with MS VC++ 10.0 (VS2010)

time: Sat Apr 23 10:57:58 2016
elapsed time: 2 seconds (0d 0h 0m 2s)

