#
# There is insufficient memory for the Java Runtime Environment to continue.
# Native memory allocation (malloc) failed to allocate 32744 bytes for ChunkPool::allocate
# Possible reasons:
#   The system is out of physical RAM or swap space
#   In 32 bit mode, the process size limit was hit
# Possible solutions:
#   Reduce memory load on the system
#   Increase physical memory or swap space
#   Check if swap backing store is full
#   Use 64 bit Java on a 64 bit OS
#   Decrease Java heap size (-Xmx/-Xms)
#   Decrease number of Java threads
#   Decrease Java thread stack sizes (-Xss)
#   Set larger code cache with -XX:ReservedCodeCacheSize=
# This output file may be truncated or incomplete.
#
#  Out of Memory Error (allocation.cpp:273), pid=12780, tid=7748
#
# JRE version: Java(TM) SE Runtime Environment (8.0_73-b02) (build 1.8.0_73-b02)
# Java VM: Java HotSpot(TM) 64-Bit Server VM (25.73-b02 mixed mode windows-amd64 compressed oops)
# Failed to write core dump. Minidumps are not enabled by default on client versions of Windows
#

---------------  T H R E A D  ---------------

Current thread (0x000000001734e000):  JavaThread "C2 CompilerThread1" daemon [_thread_in_native, id=7748, stack(0x0000000018d50000,0x0000000018e50000)]

Stack: [0x0000000018d50000,0x0000000018e50000]
[error occurred during error reporting (printing stack bounds), id 0xc0000005]

Native frames: (J=compiled Java code, j=interpreted, Vv=VM code, C=native code)


Current CompileTask:
C2:    438  135       4       java.lang.String::startsWith (72 bytes)


---------------  P R O C E S S  ---------------

Java Threads: ( => current thread )
  0x0000000018ae1000 JavaThread "pool-2-thread-4" [_thread_blocked, id=13024, stack(0x0000000019550000,0x0000000019650000)]
  0x0000000018adb000 JavaThread "pool-2-thread-3" [_thread_in_vm, id=4228, stack(0x0000000019450000,0x0000000019550000)]
  0x0000000018ada800 JavaThread "pool-2-thread-2" [_thread_blocked, id=10568, stack(0x0000000019350000,0x0000000019450000)]
  0x0000000018ad7800 JavaThread "pool-3-thread-1" [_thread_blocked, id=3820, stack(0x0000000019250000,0x0000000019350000)]
  0x0000000018ad3800 JavaThread "pool-2-thread-1" [_thread_blocked, id=3068, stack(0x0000000019150000,0x0000000019250000)]
  0x00000000189e0000 JavaThread "Service Thread" daemon [_thread_blocked, id=13960, stack(0x0000000018f50000,0x0000000019050000)]
  0x0000000018955800 JavaThread "C1 CompilerThread2" daemon [_thread_in_native, id=9496, stack(0x0000000018e50000,0x0000000018f50000)]
=>0x000000001734e000 JavaThread "C2 CompilerThread1" daemon [_thread_in_native, id=7748, stack(0x0000000018d50000,0x0000000018e50000)]
  0x000000001734a800 JavaThread "C2 CompilerThread0" daemon [_thread_in_native, id=8052, stack(0x0000000018850000,0x0000000018950000)]
  0x0000000017349000 JavaThread "Attach Listener" daemon [_thread_blocked, id=13980, stack(0x0000000018750000,0x0000000018850000)]
  0x00000000172fd800 JavaThread "Signal Dispatcher" daemon [_thread_blocked, id=12336, stack(0x0000000018650000,0x0000000018750000)]
  0x00000000172b9000 JavaThread "Finalizer" daemon [_thread_blocked, id=10472, stack(0x0000000018550000,0x0000000018650000)]
  0x00000000026c0800 JavaThread "Reference Handler" daemon [_thread_blocked, id=5200, stack(0x0000000018450000,0x0000000018550000)]
  0x00000000025d0800 JavaThread "main" [_thread_blocked, id=4672, stack(0x00000000024d0000,0x00000000025d0000)]

Other Threads:
  0x00000000172b8000 VMThread [stack: 0x0000000018350000,0x0000000018450000] [id=3932]
  0x0000000018a1b800 WatcherThread [stack: 0x0000000019050000,0x0000000019150000] [id=9648]

VM state:synchronizing (normal execution)

VM Mutex/Monitor currently owned by a thread:  ([mutex/lock_event])
[0x00000000009dc330] Threads_lock - owner thread: 0x00000000172b8000
[0x00000000009dbe30] Heap_lock - owner thread: 0x0000000018ad3800

Heap:
 PSYoungGen      total 38400K, used 7327K [0x00000000d5580000, 0x00000000d8000000, 0x0000000100000000)
  eden space 33280K, 22% used [0x00000000d5580000,0x00000000d5ca7ca8,0x00000000d7600000)
  from space 5120K, 0% used [0x00000000d7b00000,0x00000000d7b00000,0x00000000d8000000)
  to   space 5120K, 0% used [0x00000000d7600000,0x00000000d7600000,0x00000000d7b00000)
 ParOldGen       total 87552K, used 0K [0x0000000080000000, 0x0000000085580000, 0x00000000d5580000)
  object space 87552K, 0% used [0x0000000080000000,0x0000000080000000,0x0000000085580000)
 Metaspace       used 3933K, capacity 5072K, committed 5376K, reserved 1058816K
  class space    used 440K, capacity 456K, committed 512K, reserved 1048576K

Card table byte_map: [0x0000000011a90000,0x0000000011ea0000] byte_map_base: 0x0000000011690000

Marking Bits: (ParMarkBitMap*) 0x0000000075d70600
 Begin Bits: [0x0000000012550000, 0x0000000014550000)
 End Bits:   [0x0000000014550000, 0x0000000016550000)

Polling page: 0x00000000001f0000

CodeCache: size=245760Kb used=1386Kb max_used=1386Kb free=244373Kb
 bounds [0x00000000026d0000, 0x0000000002940000, 0x00000000116d0000]
 total_blobs=424 nmethods=167 adapters=170
 compilation: enabled

Compilation events (10 events):
Event: 0.127 Thread 0x0000000018955800  130   !   3       java.util.zip.Inflater::inflate (113 bytes)
Event: 0.128 Thread 0x0000000018955800 nmethod 130 0x000000000281b310 code [0x000000000281b4c0, 0x000000000281bb38]
Event: 0.128 Thread 0x0000000018955800  132       3       java.util.HashMap$Node::<init> (26 bytes)
Event: 0.128 Thread 0x0000000018955800 nmethod 132 0x0000000002817450 code [0x00000000028175a0, 0x0000000002817790]
Event: 0.130 Thread 0x0000000018955800  133       3       com.android.dx.util.ByteArray::getUnsignedByte0 (16 bytes)
Event: 0.131 Thread 0x0000000018955800 nmethod 133 0x000000000281af50 code [0x000000000281b0a0, 0x000000000281b230]
Event: 0.131 Thread 0x0000000018955800  134       3       com.android.dx.util.ByteArray::checkOffsets (66 bytes)
Event: 0.131 Thread 0x0000000018955800 nmethod 134 0x000000000281be90 code [0x000000000281c0c0, 0x000000000281cdd8]
Event: 0.131 Thread 0x000000001734e000  135       4       java.lang.String::startsWith (72 bytes)
Event: 0.132 Thread 0x0000000018955800  136       3       java.util.concurrent.ConcurrentHashMap::addCount (292 bytes)

GC Heap History (0 events):
No events

Deoptimization events (0 events):
No events

Internal exceptions (2 events):
Event: 0.027 Thread 0x00000000025d0800 Exception <a 'java/lang/NoSuchMethodError': Method sun.misc.Unsafe.defineClass(Ljava/lang/String;[BII)Ljava/lang/Class; name or signature does not match> (0x00000000d5593090) thrown at [D:\re\puppet\workspace\8-2-build-windows-amd64-cygwin\jdk8u73\6086\hotÌ@!ËQ{õ?
Event: 0.027 Thread 0x00000000025d0800 Exception <a 'java/lang/NoSuchMethodError': Method sun.misc.Unsafe.prefetchRead(Ljava/lang/Object;J)V name or signature does not match> (0x00000000d5593378) thrown at [D:\re\puppet\workspace\8-2-build-windows-amd64-cygwin\jdk8u73\6086\hotspot\src\share\vm\

Events (10 events):
Event: 0.130 loading class java/lang/NegativeArraySizeException
Event: 0.130 loading class java/lang/NegativeArraySizeException done
Event: 0.130 loading class java/lang/ArrayIndexOutOfBoundsException
Event: 0.130 loading class java/lang/ArrayIndexOutOfBoundsException done
Event: 0.131 loading class com/android/dx/cf/direct/FieldListParser
Event: 0.131 loading class com/android/dx/cf/direct/FieldListParser done
Event: 0.131 loading class com/android/dx/cf/direct/MemberListParser
Event: 0.131 loading class com/android/dx/cf/direct/MemberListParser done
Event: 0.131 loading class com/android/dx/cf/iface/Field
Event: 0.131 loading class com/android/dx/cf/iface/Field done


Dynamic libraries:
0x00007ff7c4c80000 - 0x00007ff7c4cb7000 	X:\Program Files\Java\jdk1.8.0_73\bin\java.exe
0x00007ffb03230000 - 0x00007ffb033f1000 	X:\Windows\SYSTEM32\ntdll.dll
0x00007ffb02fd0000 - 0x00007ffb0307d000 	X:\Windows\system32\KERNEL32.DLL
0x00007ffb00440000 - 0x00007ffb00628000 	X:\Windows\system32\KERNELBASE.dll
0x00007ffb02360000 - 0x00007ffb02407000 	X:\Windows\system32\ADVAPI32.dll
0x00007ffb01e90000 - 0x00007ffb01f2d000 	X:\Windows\system32\msvcrt.dll
0x00007ffb02570000 - 0x00007ffb025cb000 	X:\Windows\system32\sechost.dll
0x00007ffb02c10000 - 0x00007ffb02d2c000 	X:\Windows\system32\RPCRT4.dll
0x00007ffb02410000 - 0x00007ffb02566000 	X:\Windows\system32\USER32.dll
0x00007ffb02d30000 - 0x00007ffb02eb6000 	X:\Windows\system32\GDI32.dll
0x00007ffaf8a90000 - 0x00007ffaf8d04000 	X:\Windows\WinSxS\amd64_microsoft.windows.common-controls_6595b64144ccf1df_6.0.10586.0_none_8c15ae12515e1c22\COMCTL32.dll
0x00007ffb02880000 - 0x00007ffb02afd000 	X:\Windows\system32\combase.dll
0x00007ffb003d0000 - 0x00007ffb0043a000 	X:\Windows\system32\bcryptPrimitives.dll
0x00007ffb02f90000 - 0x00007ffb02fcb000 	X:\Windows\system32\IMM32.DLL
0x0000000074ee0000 - 0x0000000074fb2000 	X:\Program Files\Java\jdk1.8.0_73\jre\bin\msvcr100.dll
0x0000000075560000 - 0x0000000075df0000 	X:\Program Files\Java\jdk1.8.0_73\jre\bin\server\jvm.dll
0x00007ffb02870000 - 0x00007ffb02878000 	X:\Windows\system32\PSAPI.DLL
0x00007ffaf29f0000 - 0x00007ffaf29f9000 	X:\Windows\SYSTEM32\WSOCK32.dll
0x00007ffafd8e0000 - 0x00007ffafd903000 	X:\Windows\SYSTEM32\WINMM.dll
0x00007ffafb880000 - 0x00007ffafb88a000 	X:\Windows\SYSTEM32\VERSION.dll
0x00007ffb03160000 - 0x00007ffb031cb000 	X:\Windows\system32\WS2_32.dll
0x00007ffafd8b0000 - 0x00007ffafd8dc000 	X:\Windows\SYSTEM32\WINMMBASE.dll
0x00007ffaffd30000 - 0x00007ffaffd73000 	X:\Windows\system32\cfgmgr32.dll
0x0000000076610000 - 0x000000007661f000 	X:\Program Files\Java\jdk1.8.0_73\jre\bin\verify.dll
0x00000000765e0000 - 0x0000000076609000 	X:\Program Files\Java\jdk1.8.0_73\jre\bin\java.dll
0x00000000765c0000 - 0x00000000765d6000 	X:\Program Files\Java\jdk1.8.0_73\jre\bin\zip.dll
0x00007ffb00930000 - 0x00007ffb01e8c000 	X:\Windows\system32\SHELL32.dll
0x00007ffaffd80000 - 0x00007ffb003c5000 	X:\Windows\system32\windows.storage.dll
0x00007ffb030e0000 - 0x00007ffb03132000 	X:\Windows\system32\shlwapi.dll
0x00007ffaff8c0000 - 0x00007ffaff8cf000 	X:\Windows\system32\kernel.appcore.dll
0x00007ffaffb10000 - 0x00007ffaffbc5000 	X:\Windows\system32\shcore.dll
0x00007ffaff870000 - 0x00007ffaff8bb000 	X:\Windows\system32\powrprof.dll
0x00007ffaff850000 - 0x00007ffaff864000 	X:\Windows\system32\profapi.dll

VM Arguments:
jvm_args: -Djava.awt.headless=true -Xmx2g -Dfile.encoding=GBK -Duser.country=CN -Duser.language=zh -Duser.variant 
java_command: com.android.dx.command.Main --dex --num-threads=4 --multi-dex --output E:\Android\CalorieCounter\app\build\intermediates\transforms\dex\debug\folders\1000\2\baidumapapi_radar_v3_7_3_8fa5c024d60e86d58e2794a41ae90dd94a81c706 E:\Android\CalorieCounter\app\libs\baidumapapi_radar_v3_7_3.jar
java_class_path (initial): E:\QMDownload\SDK\build-tools\23.0.3\lib\dx.jar
Launcher Type: SUN_STANDARD

Environment Variables:
PATH=X:\ProgramData\Oracle\Java\javapath;X:\Windows\system32;X:\Windows;X:\Windows\System32\Wbem;X:\Windows\System32\WindowsPowerShell\v1.0\;X:\Program Files (x86)\ATI Technologies\ATI.ACE\Core-Static;D:\Program Files\MATLAB\R2013a\runtime\win64;D:\Program Files\MATLAB\R2013a\bin;X:\Program Files\Java\jdk1.8.0_73\bin;D:\Python27;X:\Program Files (x86)\MySQL\MySQL Fabric 1.5 & MySQL Utilities 1.5\;X:\Program Files (x86)\MySQL\MySQL Fabric 1.5 & MySQL Utilities 1.5\Doctrine extensions for PHP\;E:\QMDownload\SDK\platform-tools
USERNAME=Õı…≠
OS=Windows_NT
PROCESSOR_IDENTIFIER=Intel64 Family 6 Model 60 Stepping 3, GenuineIntel



---------------  S Y S T E M  ---------------

OS: Windows 10.0 , 64 bit Build 10586 (10.0.10586.0)

CPU:total 4 (4 cores per cpu, 1 threads per core) family 6 model 60 stepping 3, cmov, cx8, fxsr, mmx, sse, sse2, sse3, ssse3, sse4.1, sse4.2, popcnt, avx, avx2, aes, clmul, erms, lzcnt, tsc, tscinvbit, bmi1, bmi2

Memory: 4k page, physical 8315044k(1323548k free), swap 8315044k(193748k free)

vm_info: Java HotSpot(TM) 64-Bit Server VM (25.73-b02) for windows-amd64 JRE (1.8.0_73-b02), built on Jan 29 2016 17:38:49 by "java_re" with MS VC++ 10.0 (VS2010)

time: Wed Apr 27 22:16:25 2016
elapsed time: 0 seconds (0d 0h 0m 0s)

