#
# There is insufficient memory for the Java Runtime Environment to continue.
# Native memory allocation (malloc) failed to allocate 32744 bytes for ChunkPool::allocate
# Possible reasons:
#   The system is out of physical RAM or swap space
#   In 32 bit mode, the process size limit was hit
# Possible solutions:
#   Reduce memory load on the system
#   Increase physical memory or swap space
#   Check if swap backing store is full
#   Use 64 bit Java on a 64 bit OS
#   Decrease Java heap size (-Xmx/-Xms)
#   Decrease number of Java threads
#   Decrease Java thread stack sizes (-Xss)
#   Set larger code cache with -XX:ReservedCodeCacheSize=
# This output file may be truncated or incomplete.
#
#  Out of Memory Error (allocation.cpp:273), pid=16408, tid=608
#
# JRE version: Java(TM) SE Runtime Environment (8.0_73-b02) (build 1.8.0_73-b02)
# Java VM: Java HotSpot(TM) 64-Bit Server VM (25.73-b02 mixed mode windows-amd64 compressed oops)
# Failed to write core dump. Minidumps are not enabled by default on client versions of Windows
#

---------------  T H R E A D  ---------------

Current thread (0x0000000018910800):  JavaThread "C2 CompilerThread1" daemon [_thread_in_native, id=608, stack(0x0000000018d10000,0x0000000018e10000)]

Stack: [0x0000000018d10000,0x0000000018e10000]
[error occurred during error reporting (printing stack bounds), id 0xc0000005]

Native frames: (J=compiled Java code, j=interpreted, Vv=VM code, C=native code)


Current CompileTask:
C2:    332  430       4       java.util.TreeMap::put (247 bytes)


---------------  P R O C E S S  ---------------

Java Threads: ( => current thread )
  0x0000000018aa4800 JavaThread "pool-2-thread-4" [_thread_blocked, id=16708, stack(0x0000000019510000,0x0000000019610000)]
  0x0000000018a8d800 JavaThread "pool-2-thread-3" [_thread_blocked, id=16396, stack(0x0000000019410000,0x0000000019510000)]
  0x0000000018a99000 JavaThread "pool-2-thread-2" [_thread_blocked, id=10748, stack(0x0000000019310000,0x0000000019410000)]
  0x0000000018a87000 JavaThread "pool-3-thread-1" [_thread_blocked, id=10648, stack(0x0000000019210000,0x0000000019310000)]
  0x0000000018a81800 JavaThread "pool-2-thread-1" [_thread_blocked, id=13060, stack(0x0000000019110000,0x0000000019210000)]
  0x00000000189a1000 JavaThread "Service Thread" daemon [_thread_blocked, id=10032, stack(0x0000000018f10000,0x0000000019010000)]
  0x0000000018916800 JavaThread "C1 CompilerThread2" daemon [_thread_in_native, id=11196, stack(0x0000000018e10000,0x0000000018f10000)]
=>0x0000000018910800 JavaThread "C2 CompilerThread1" daemon [_thread_in_native, id=608, stack(0x0000000018d10000,0x0000000018e10000)]
  0x00000000172ab800 JavaThread "C2 CompilerThread0" daemon [_thread_in_vm, id=9840, stack(0x0000000018810000,0x0000000018910000)]
  0x0000000017260000 JavaThread "Attach Listener" daemon [_thread_blocked, id=16880, stack(0x0000000018710000,0x0000000018810000)]
  0x000000001725e800 JavaThread "Signal Dispatcher" daemon [_thread_blocked, id=2700, stack(0x0000000018610000,0x0000000018710000)]
  0x0000000002627800 JavaThread "Finalizer" daemon [_thread_blocked, id=2676, stack(0x00000000184b0000,0x00000000185b0000)]
  0x000000000261f000 JavaThread "Reference Handler" daemon [_thread_blocked, id=12772, stack(0x00000000183b0000,0x00000000184b0000)]
  0x0000000002530800 JavaThread "main" [_thread_in_Java, id=16748, stack(0x00000000020a0000,0x00000000021a0000)]

Other Threads:
  0x0000000017218000 VMThread [stack: 0x00000000182b0000,0x00000000183b0000] [id=14516]
  0x00000000189df000 WatcherThread [stack: 0x0000000019010000,0x0000000019110000] [id=14852]

VM state:not at safepoint (normal execution)

VM Mutex/Monitor currently owned by a thread: None

Heap:
 PSYoungGen      total 38400K, used 13317K [0x00000000d5580000, 0x00000000d8000000, 0x0000000100000000)
  eden space 33280K, 40% used [0x00000000d5580000,0x00000000d6281538,0x00000000d7600000)
  from space 5120K, 0% used [0x00000000d7b00000,0x00000000d7b00000,0x00000000d8000000)
  to   space 5120K, 0% used [0x00000000d7600000,0x00000000d7600000,0x00000000d7b00000)
 ParOldGen       total 87552K, used 0K [0x0000000080000000, 0x0000000085580000, 0x00000000d5580000)
  object space 87552K, 0% used [0x0000000080000000,0x0000000080000000,0x0000000085580000)
 Metaspace       used 5345K, capacity 6448K, committed 6528K, reserved 1058816K
  class space    used 574K, capacity 616K, committed 640K, reserved 1048576K

Card table byte_map: [0x00000000119f0000,0x0000000011e00000] byte_map_base: 0x00000000115f0000

Marking Bits: (ParMarkBitMap*) 0x00000000551a0600
 Begin Bits: [0x00000000124b0000, 0x00000000144b0000)
 End Bits:   [0x00000000144b0000, 0x00000000164b0000)

Polling page: 0x00000000001f0000

CodeCache: size=245760Kb used=2025Kb max_used=2045Kb free=243734Kb
 bounds [0x0000000002630000, 0x00000000028a0000, 0x0000000011630000]
 total_blobs=679 nmethods=416 adapters=176
 compilation: enabled

Compilation events (10 events):
Event: 0.309 Thread 0x0000000018916800 nmethod 412 0x0000000002829a50 code [0x0000000002829bc0, 0x0000000002829ea8]
Event: 0.309 Thread 0x0000000018916800  413       3       com.android.dx.rop.cst.CstNat::hashCode (19 bytes)
Event: 0.309 Thread 0x0000000018916800 nmethod 413 0x0000000002829fd0 code [0x000000000282a160, 0x000000000282a618]
Event: 0.309 Thread 0x0000000018916800  420   !   3       com.android.dx.cf.code.BytecodeArray::parseInstruction (2764 bytes)
Event: 0.309 Thread 0x0000000018910800 nmethod 422 0x000000000282d490 code [0x000000000282d5c0, 0x000000000282d678]
Event: 0.309 Thread 0x0000000018910800  426   !   4       com.android.dx.util.FixedSizeList::get0 (47 bytes)
Event: 0.309 Thread 0x0000000018910800 nmethod 426 0x000000000282a7d0 code [0x000000000282a900, 0x000000000282a9b8]
Event: 0.309 Thread 0x00000000172ab800 nmethod 417 0x000000000282b290 code [0x000000000282b400, 0x000000000282b878]
Event: 0.309 Thread 0x0000000018910800  430       4       java.util.TreeMap::put (247 bytes)
Event: 0.312 Thread 0x00000000172ab800  448       4       java.util.TreeMap::getEntry (84 bytes)

GC Heap History (0 events):
No events

Deoptimization events (10 events):
Event: 0.305 Thread 0x0000000018a81800 Uncommon trap: reason=class_check action=maybe_recompile pc=0x00000000027d7bfc method=com.android.dx.rop.cst.Constant.compareTo(Ljava/lang/Object;)I @ 2
Event: 0.305 Thread 0x0000000018a81800 Uncommon trap: reason=class_check action=maybe_recompile pc=0x00000000027d9274 method=com.android.dx.rop.cst.CstMemberRef.compareTo0(Lcom/android/dx/rop/cst/Constant;)I @ 1
Event: 0.305 Thread 0x0000000018a81800 Uncommon trap: reason=class_check action=maybe_recompile pc=0x00000000027d7bfc method=com.android.dx.rop.cst.Constant.compareTo(Ljava/lang/Object;)I @ 2
Event: 0.305 Thread 0x0000000018a81800 Uncommon trap: reason=class_check action=maybe_recompile pc=0x00000000027d9274 method=com.android.dx.rop.cst.CstMemberRef.compareTo0(Lcom/android/dx/rop/cst/Constant;)I @ 1
Event: 0.305 Thread 0x0000000018a99000 Uncommon trap: reason=class_check action=maybe_recompile pc=0x00000000027d7bfc method=com.android.dx.rop.cst.Constant.compareTo(Ljava/lang/Object;)I @ 2
Event: 0.305 Thread 0x0000000018a99000 Uncommon trap: reason=class_check action=maybe_recompile pc=0x00000000027d9274 method=com.android.dx.rop.cst.CstMemberRef.compareTo0(Lcom/android/dx/rop/cst/Constant;)I @ 1
Event: 0.307 Thread 0x0000000018aa4800 Uncommon trap: reason=speculate_class_check action=maybe_recompile pc=0x000000000282274c method=com.android.dx.rop.cst.Constant.compareTo(Lcom/android/dx/rop/cst/Constant;)I @ 29
Event: 0.307 Thread 0x0000000018aa4800 Uncommon trap: reason=speculate_class_check action=maybe_recompile pc=0x000000000282274c method=com.android.dx.rop.cst.Constant.compareTo(Lcom/android/dx/rop/cst/Constant;)I @ 29
Event: 0.307 Thread 0x0000000018aa4800 Uncommon trap: reason=speculate_class_check action=maybe_recompile pc=0x000000000282274c method=com.android.dx.rop.cst.Constant.compareTo(Lcom/android/dx/rop/cst/Constant;)I @ 29
Event: 0.307 Thread 0x0000000018aa4800 Uncommon trap: reason=speculate_class_check action=maybe_recompile pc=0x000000000282274c method=com.android.dx.rop.cst.Constant.compareTo(Lcom/android/dx/rop/cst/Constant;)I @ 29

Internal exceptions (2 events):
Event: 0.030 Thread 0x0000000002530800 Exception <a 'java/lang/NoSuchMethodError': Method sun.misc.Unsafe.defineClass(Ljava/lang/String;[BII)Ljava/lang/Class; name or signature does not match> (0x00000000d5592f58) thrown at [D:\re\puppet\workspace\8-2-build-windows-amd64-cygwin\jdk8u73\6086\hotò|ÄA­ž?
Event: 0.030 Thread 0x0000000002530800 Exception <a 'java/lang/NoSuchMethodError': Method sun.misc.Unsafe.prefetchRead(Ljava/lang/Object;J)V name or signature does not match> (0x00000000d5593240) thrown at [D:\re\puppet\workspace\8-2-build-windows-amd64-cygwin\jdk8u73\6086\hotspot\src\share\vm\

Events (10 events):
Event: 0.307 Thread 0x0000000018aa4800 DEOPT UNPACKING pc=0x000000000267582a sp=0x000000001960eb80 mode 2
Event: 0.307 Thread 0x0000000018aa4800 Uncommon trap: trap_request=0xffffff76 fr.pc=0x000000000282274c
Event: 0.307 Thread 0x0000000018aa4800 DEOPT PACKING pc=0x000000000282274c sp=0x000000001960ec50
Event: 0.307 Thread 0x0000000018aa4800 DEOPT UNPACKING pc=0x000000000267582a sp=0x000000001960eb80 mode 2
Event: 0.307 Thread 0x0000000018aa4800 Uncommon trap: trap_request=0xffffff76 fr.pc=0x000000000282274c
Event: 0.307 Thread 0x0000000018aa4800 DEOPT PACKING pc=0x000000000282274c sp=0x000000001960ec50
Event: 0.307 Thread 0x0000000018aa4800 DEOPT UNPACKING pc=0x000000000267582a sp=0x000000001960eb80 mode 2
Event: 0.307 Thread 0x0000000018aa4800 Uncommon trap: trap_request=0xffffff76 fr.pc=0x000000000282274c
Event: 0.307 Thread 0x0000000018aa4800 DEOPT PACKING pc=0x000000000282274c sp=0x000000001960ec20
Event: 0.307 Thread 0x0000000018aa4800 DEOPT UNPACKING pc=0x000000000267582a sp=0x000000001960eb50 mode 2


Dynamic libraries:
0x00007ff797820000 - 0x00007ff797857000 	X:\Program Files\Java\jdk1.8.0_73\bin\java.exe
0x00007ff9acb50000 - 0x00007ff9acd11000 	X:\Windows\SYSTEM32\ntdll.dll
0x00007ff9abfa0000 - 0x00007ff9ac04d000 	X:\Windows\system32\KERNEL32.DLL
0x00007ff9a99f0000 - 0x00007ff9a9bd8000 	X:\Windows\system32\KERNELBASE.dll
0x00007ff9aa410000 - 0x00007ff9aa4b7000 	X:\Windows\system32\ADVAPI32.dll
0x00007ff9aca40000 - 0x00007ff9acadd000 	X:\Windows\system32\msvcrt.dll
0x00007ff9aa740000 - 0x00007ff9aa79b000 	X:\Windows\system32\sechost.dll
0x00007ff9ac1a0000 - 0x00007ff9ac2bc000 	X:\Windows\system32\RPCRT4.dll
0x00007ff9ac6f0000 - 0x00007ff9ac846000 	X:\Windows\system32\USER32.dll
0x00007ff9a9fb0000 - 0x00007ff9aa136000 	X:\Windows\system32\GDI32.dll
0x00007ff9a0e90000 - 0x00007ff9a1104000 	X:\Windows\WinSxS\amd64_microsoft.windows.common-controls_6595b64144ccf1df_6.0.10586.0_none_8c15ae12515e1c22\COMCTL32.dll
0x00007ff9aa4c0000 - 0x00007ff9aa73d000 	X:\Windows\system32\combase.dll
0x00007ff9a92c0000 - 0x00007ff9a932a000 	X:\Windows\system32\bcryptPrimitives.dll
0x00007ff9ac0b0000 - 0x00007ff9ac0eb000 	X:\Windows\system32\IMM32.DLL
0x0000000054510000 - 0x00000000545e2000 	X:\Program Files\Java\jdk1.8.0_73\jre\bin\msvcr100.dll
0x0000000054990000 - 0x0000000055220000 	X:\Program Files\Java\jdk1.8.0_73\jre\bin\server\jvm.dll
0x00007ff9aca30000 - 0x00007ff9aca38000 	X:\Windows\system32\PSAPI.DLL
0x00007ff9a0bb0000 - 0x00007ff9a0bb9000 	X:\Windows\SYSTEM32\WSOCK32.dll
0x00007ff9a7480000 - 0x00007ff9a74a3000 	X:\Windows\SYSTEM32\WINMM.dll
0x00007ff9a5d10000 - 0x00007ff9a5d1a000 	X:\Windows\SYSTEM32\VERSION.dll
0x00007ff9aa880000 - 0x00007ff9aa8eb000 	X:\Windows\system32\WS2_32.dll
0x00000000004e0000 - 0x000000000050c000 	X:\Windows\SYSTEM32\WINMMBASE.dll
0x00007ff9a9330000 - 0x00007ff9a9373000 	X:\Windows\system32\cfgmgr32.dll
0x0000000054980000 - 0x000000005498f000 	X:\Program Files\Java\jdk1.8.0_73\jre\bin\verify.dll
0x0000000054950000 - 0x0000000054979000 	X:\Program Files\Java\jdk1.8.0_73\jre\bin\java.dll
0x0000000054930000 - 0x0000000054946000 	X:\Program Files\Java\jdk1.8.0_73\jre\bin\zip.dll
0x00007ff9aa8f0000 - 0x00007ff9abe4c000 	X:\Windows\system32\SHELL32.dll
0x00007ff9a9380000 - 0x00007ff9a99c5000 	X:\Windows\system32\windows.storage.dll
0x00007ff9ac050000 - 0x00007ff9ac0a2000 	X:\Windows\system32\shlwapi.dll
0x00007ff9a91d0000 - 0x00007ff9a91df000 	X:\Windows\system32\kernel.appcore.dll
0x00007ff9a9200000 - 0x00007ff9a92b5000 	X:\Windows\system32\shcore.dll
0x00007ff9a9180000 - 0x00007ff9a91cb000 	X:\Windows\system32\powrprof.dll
0x00007ff9a91e0000 - 0x00007ff9a91f4000 	X:\Windows\system32\profapi.dll

VM Arguments:
jvm_args: -Djava.awt.headless=true -Xmx2g -Dfile.encoding=GBK -Duser.country=CN -Duser.language=zh -Duser.variant 
java_command: com.android.dx.command.Main --dex --num-threads=4 --multi-dex --output E:\Android\CalorieCounter\app\build\intermediates\transforms\dex\debug\folders\1000\1\debug_c12e9ece3e3c2bd2b03ef862e6ab9486fb6796ba E:\Android\CalorieCounter\app\build\intermediates\classes\debug
java_class_path (initial): E:\QMDownload\SDK\build-tools\23.0.3\lib\dx.jar
Launcher Type: SUN_STANDARD

Environment Variables:
PATH=X:\ProgramData\Oracle\Java\javapath;X:\Windows\system32;X:\Windows;X:\Windows\System32\Wbem;X:\Windows\System32\WindowsPowerShell\v1.0\;X:\Program Files (x86)\ATI Technologies\ATI.ACE\Core-Static;D:\Program Files\MATLAB\R2013a\runtime\win64;D:\Program Files\MATLAB\R2013a\bin;X:\Program Files\Java\jdk1.8.0_73\bin;D:\Python27;X:\Program Files (x86)\MySQL\MySQL Fabric 1.5 & MySQL Utilities 1.5\;X:\Program Files (x86)\MySQL\MySQL Fabric 1.5 & MySQL Utilities 1.5\Doctrine extensions for PHP\;E:\QMDownload\SDK\platform-tools
USERNAME=ÍõÉ­
OS=Windows_NT
PROCESSOR_IDENTIFIER=Intel64 Family 6 Model 60 Stepping 3, GenuineIntel



---------------  S Y S T E M  ---------------

OS: Windows 10.0 , 64 bit Build 10586 (10.0.10586.0)

CPU:total 4 (4 cores per cpu, 1 threads per core) family 6 model 60 stepping 3, cmov, cx8, fxsr, mmx, sse, sse2, sse3, ssse3, sse4.1, sse4.2, popcnt, avx, avx2, aes, clmul, erms, lzcnt, tsc, tscinvbit, bmi1, bmi2

Memory: 4k page, physical 8315044k(1099808k free), swap 8315044k(5120k free)

vm_info: Java HotSpot(TM) 64-Bit Server VM (25.73-b02) for windows-amd64 JRE (1.8.0_73-b02), built on Jan 29 2016 17:38:49 by "java_re" with MS VC++ 10.0 (VS2010)

time: Fri Apr 22 23:50:51 2016
elapsed time: 0 seconds (0d 0h 0m 0s)

