#
# There is insufficient memory for the Java Runtime Environment to continue.
# Native memory allocation (malloc) failed to allocate 140928 bytes for Chunk::new
# Possible reasons:
#   The system is out of physical RAM or swap space
#   In 32 bit mode, the process size limit was hit
# Possible solutions:
#   Reduce memory load on the system
#   Increase physical memory or swap space
#   Check if swap backing store is full
#   Use 64 bit Java on a 64 bit OS
#   Decrease Java heap size (-Xmx/-Xms)
#   Decrease number of Java threads
#   Decrease Java thread stack sizes (-Xss)
#   Set larger code cache with -XX:ReservedCodeCacheSize=
# This output file may be truncated or incomplete.
#
#  Out of Memory Error (allocation.cpp:390), pid=10704, tid=15480
#
# JRE version: Java(TM) SE Runtime Environment (8.0_73-b02) (build 1.8.0_73-b02)
# Java VM: Java HotSpot(TM) 64-Bit Server VM (25.73-b02 mixed mode windows-amd64 compressed oops)
# Failed to write core dump. Minidumps are not enabled by default on client versions of Windows
#

---------------  T H R E A D  ---------------

Current thread (0x000000001885d800):  JavaThread "C2 CompilerThread1" daemon [_thread_in_native, id=15480, stack(0x0000000018c10000,0x0000000018d10000)]

Stack: [0x0000000018c10000,0x0000000018d10000]
[error occurred during error reporting (printing stack bounds), id 0xc0000005]

Native frames: (J=compiled Java code, j=interpreted, Vv=VM code, C=native code)


Current CompileTask:
C2:   4192 1708       4       com.android.dx.ssa.SCCP::simulateStmt (481 bytes)


---------------  P R O C E S S  ---------------

Java Threads: ( => current thread )
  0x0000000018aa0800 JavaThread "pool-2-thread-4" [_thread_in_vm, id=16972, stack(0x0000000019c10000,0x0000000019d10000)]
  0x0000000018a9f800 JavaThread "pool-2-thread-3" [_thread_in_Java, id=14640, stack(0x0000000019b10000,0x0000000019c10000)]
  0x0000000018af0800 JavaThread "pool-2-thread-2" [_thread_blocked, id=10780, stack(0x0000000019a10000,0x0000000019b10000)]
  0x0000000018aea000 JavaThread "pool-3-thread-1" [_thread_blocked, id=11588, stack(0x0000000019910000,0x0000000019a10000)]
  0x0000000018ae9800 JavaThread "pool-2-thread-1" [_thread_blocked, id=8696, stack(0x0000000019810000,0x0000000019910000)]
  0x000000001888c800 JavaThread "Service Thread" daemon [_thread_blocked, id=14956, stack(0x0000000018e10000,0x0000000018f10000)]
  0x0000000018873800 JavaThread "C1 CompilerThread2" daemon [_thread_in_vm, id=1656, stack(0x0000000018d10000,0x0000000018e10000)]
=>0x000000001885d800 JavaThread "C2 CompilerThread1" daemon [_thread_in_native, id=15480, stack(0x0000000018c10000,0x0000000018d10000)]
  0x000000001720a800 JavaThread "C2 CompilerThread0" daemon [_thread_in_native, id=8764, stack(0x0000000018710000,0x0000000018810000)]
  0x00000000171bf000 JavaThread "Attach Listener" daemon [_thread_blocked, id=5924, stack(0x0000000018610000,0x0000000018710000)]
  0x00000000171be000 JavaThread "Signal Dispatcher" daemon [_thread_blocked, id=16852, stack(0x0000000018510000,0x0000000018610000)]
  0x0000000002582800 JavaThread "Finalizer" daemon [_thread_blocked, id=3944, stack(0x0000000018410000,0x0000000018510000)]
  0x000000000257f800 JavaThread "Reference Handler" daemon [_thread_blocked, id=12556, stack(0x0000000018310000,0x0000000018410000)]
  0x0000000002490800 JavaThread "main" [_thread_blocked, id=8904, stack(0x00000000022f0000,0x00000000023f0000)]

Other Threads:
  0x0000000017179000 VMThread [stack: 0x0000000018210000,0x0000000018310000] [id=7856]
  0x00000000188f6800 WatcherThread [stack: 0x0000000018f10000,0x0000000019010000] [id=12768]

VM state:not at safepoint (normal execution)

VM Mutex/Monitor currently owned by a thread: None

Heap:
 PSYoungGen      total 38400K, used 10383K [0x00000000d5580000, 0x00000000da080000, 0x0000000100000000)
  eden space 33280K, 15% used [0x00000000d5580000,0x00000000d5aaa508,0x00000000d7600000)
  from space 5120K, 99% used [0x00000000d7600000,0x00000000d7af98a0,0x00000000d7b00000)
  to   space 5120K, 0% used [0x00000000d9b80000,0x00000000d9b80000,0x00000000da080000)
 ParOldGen       total 87552K, used 10252K [0x0000000080000000, 0x0000000085580000, 0x00000000d5580000)
  object space 87552K, 11% used [0x0000000080000000,0x0000000080a032f8,0x0000000085580000)
 Metaspace       used 6299K, capacity 7092K, committed 7296K, reserved 1056768K
  class space    used 605K, capacity 620K, committed 640K, reserved 1048576K

Card table byte_map: [0x0000000011950000,0x0000000011d60000] byte_map_base: 0x0000000011550000

Marking Bits: (ParMarkBitMap*) 0x00000000551a0600
 Begin Bits: [0x0000000012410000, 0x0000000014410000)
 End Bits:   [0x0000000014410000, 0x0000000016410000)

Polling page: 0x00000000001f0000

CodeCache: size=245760Kb used=7694Kb max_used=7694Kb free=238065Kb
 bounds [0x0000000002590000, 0x0000000002d20000, 0x0000000011590000]
 total_blobs=1968 nmethods=1697 adapters=184
 compilation: enabled

Compilation events (10 events):
Event: 4.180 Thread 0x0000000018873800 1716       2       com.android.dx.rop.code.PlainInsn::<init> (13 bytes)
Event: 4.180 Thread 0x0000000018873800 nmethod 1716 0x0000000002cec690 code [0x0000000002cec840, 0x0000000002ceccd8]
Event: 4.180 Thread 0x0000000018873800 1717   !   2       com.android.dx.cf.code.RopperMachine::run (1550 bytes)
Event: 4.186 Thread 0x0000000018873800 nmethod 1717 0x0000000002d0a7d0 code [0x0000000002d0b240, 0x0000000002d100a8]
Event: 4.188 Thread 0x0000000018873800 1719   !   2       com.android.dx.cf.cst.ConstantPoolParser::determineOffsets (285 bytes)
Event: 4.188 Thread 0x0000000018873800 nmethod 1719 0x0000000002cda910 code [0x0000000002cdabe0, 0x0000000002cdb818]
Event: 4.188 Thread 0x0000000018873800 1720       2       com.android.dx.cf.cst.ConstantPoolParser::parse (365 bytes)
Event: 4.190 Thread 0x0000000018873800 nmethod 1720 0x0000000002cd7b10 code [0x0000000002cd7ee0, 0x0000000002cd92a8]
Event: 4.191 Thread 0x0000000018873800 1721       1       com.android.dx.rop.cst.TypedConstant::getFrameType (2 bytes)
Event: 4.191 Thread 0x0000000018873800 nmethod 1721 0x0000000002cd7850 code [0x0000000002cd79a0, 0x0000000002cd7ab0]

GC Heap History (6 events):
Event: 1.400 GC heap before
{Heap before GC invocations=1 (full 0):
 PSYoungGen      total 38400K, used 33280K [0x00000000d5580000, 0x00000000d8000000, 0x0000000100000000)
  eden space 33280K, 100% used [0x00000000d5580000,0x00000000d7600000,0x00000000d7600000)
  from space 5120K, 0% used [0x00000000d7b00000,0x00000000d7b00000,0x00000000d8000000)
  to   space 5120K, 0% used [0x00000000d7600000,0x00000000d7600000,0x00000000d7b00000)
 ParOldGen       total 87552K, used 0K [0x0000000080000000, 0x0000000085580000, 0x00000000d5580000)
  object space 87552K, 0% used [0x0000000080000000,0x0000000080000000,0x0000000085580000)
 Metaspace       used 6052K, capacity 6900K, committed 7040K, reserved 1056768K
  class space    used 604K, capacity 620K, committed 640K, reserved 1048576K
Event: 1.411 GC heap after
Heap after GC invocations=1 (full 0):
 PSYoungGen      total 38400K, used 5100K [0x00000000d5580000, 0x00000000d8000000, 0x0000000100000000)
  eden space 33280K, 0% used [0x00000000d5580000,0x00000000d5580000,0x00000000d7600000)
  from space 5120K, 99% used [0x00000000d7600000,0x00000000d7afb2b8,0x00000000d7b00000)
  to   space 5120K, 0% used [0x00000000d7b00000,0x00000000d7b00000,0x00000000d8000000)
 ParOldGen       total 87552K, used 965K [0x0000000080000000, 0x0000000085580000, 0x00000000d5580000)
  object space 87552K, 1% used [0x0000000080000000,0x00000000800f1618,0x0000000085580000)
 Metaspace       used 6052K, capacity 6900K, committed 7040K, reserved 1056768K
  class space    used 604K, capacity 620K, committed 640K, reserved 1048576K
}
Event: 3.111 GC heap before
{Heap before GC invocations=2 (full 0):
 PSYoungGen      total 38400K, used 38380K [0x00000000d5580000, 0x00000000d8000000, 0x0000000100000000)
  eden space 33280K, 100% used [0x00000000d5580000,0x00000000d7600000,0x00000000d7600000)
  from space 5120K, 99% used [0x00000000d7600000,0x00000000d7afb2b8,0x00000000d7b00000)
  to   space 5120K, 0% used [0x00000000d7b00000,0x00000000d7b00000,0x00000000d8000000)
 ParOldGen       total 87552K, used 965K [0x0000000080000000, 0x0000000085580000, 0x00000000d5580000)
  object space 87552K, 1% used [0x0000000080000000,0x00000000800f1618,0x0000000085580000)
 Metaspace       used 6239K, capacity 7092K, committed 7296K, reserved 1056768K
  class space    used 605K, capacity 620K, committed 640K, reserved 1048576K
Event: 3.499 GC heap after
Heap after GC invocations=2 (full 0):
 PSYoungGen      total 38400K, used 5111K [0x00000000d5580000, 0x00000000da080000, 0x0000000100000000)
  eden space 33280K, 0% used [0x00000000d5580000,0x00000000d5580000,0x00000000d7600000)
  from space 5120K, 99% used [0x00000000d7b00000,0x00000000d7ffdf38,0x00000000d8000000)
  to   space 5120K, 0% used [0x00000000d7600000,0x00000000d7600000,0x00000000d7b00000)
 ParOldGen       total 87552K, used 5224K [0x0000000080000000, 0x0000000085580000, 0x00000000d5580000)
  object space 87552K, 5% used [0x0000000080000000,0x000000008051a2c8,0x0000000085580000)
 Metaspace       used 6239K, capacity 7092K, committed 7296K, reserved 1056768K
  class space    used 605K, capacity 620K, committed 640K, reserved 1048576K
}
Event: 3.962 GC heap before
{Heap before GC invocations=3 (full 0):
 PSYoungGen      total 38400K, used 38391K [0x00000000d5580000, 0x00000000da080000, 0x0000000100000000)
  eden space 33280K, 100% used [0x00000000d5580000,0x00000000d7600000,0x00000000d7600000)
  from space 5120K, 99% used [0x00000000d7b00000,0x00000000d7ffdf38,0x00000000d8000000)
  to   space 5120K, 0% used [0x00000000d7600000,0x00000000d7600000,0x00000000d7b00000)
 ParOldGen       total 87552K, used 5224K [0x0000000080000000, 0x0000000085580000, 0x00000000d5580000)
  object space 87552K, 5% used [0x0000000080000000,0x000000008051a2c8,0x0000000085580000)
 Metaspace       used 6284K, capacity 7092K, committed 7296K, reserved 1056768K
  class space    used 605K, capacity 620K, committed 640K, reserved 1048576K
Event: 4.162 GC heap after
Heap after GC invocations=3 (full 0):
 PSYoungGen      total 38400K, used 5094K [0x00000000d5580000, 0x00000000da080000, 0x0000000100000000)
  eden space 33280K, 0% used [0x00000000d5580000,0x00000000d5580000,0x00000000d7600000)
  from space 5120K, 99% used [0x00000000d7600000,0x00000000d7af98a0,0x00000000d7b00000)
  to   space 5120K, 0% used [0x00000000d9b80000,0x00000000d9b80000,0x00000000da080000)
 ParOldGen       total 87552K, used 10252K [0x0000000080000000, 0x0000000085580000, 0x00000000d5580000)
  object space 87552K, 11% used [0x0000000080000000,0x0000000080a032f8,0x0000000085580000)
 Metaspace       used 6284K, capacity 7092K, committed 7296K, reserved 1056768K
  class space    used 605K, capacity 620K, committed 640K, reserved 1048576K
}

Deoptimization events (10 events):
Event: 3.576 Thread 0x0000000018af0800 Uncommon trap: reason=class_check action=maybe_recompile pc=0x0000000002ba1620 method=com.android.dx.cf.code.RopperMachine.run(Lcom/android/dx/cf/code/Frame;II)V @ 310
Event: 3.576 Thread 0x0000000018af0800 Uncommon trap: reason=class_check action=maybe_recompile pc=0x0000000002ba1620 method=com.android.dx.cf.code.RopperMachine.run(Lcom/android/dx/cf/code/Frame;II)V @ 310
Event: 3.577 Thread 0x0000000018af0800 Uncommon trap: reason=class_check action=maybe_recompile pc=0x0000000002ba1620 method=com.android.dx.cf.code.RopperMachine.run(Lcom/android/dx/cf/code/Frame;II)V @ 310
Event: 3.582 Thread 0x0000000018a9f800 Uncommon trap: reason=bimorphic action=maybe_recompile pc=0x0000000002a96030 method=com.android.dx.ssa.LiteralOpUpgrader.tryReplacingWithConstant(Lcom/android/dx/ssa/NormalSsaInsn;)Z @ 52
Event: 3.582 Thread 0x0000000018a9f800 Uncommon trap: reason=bimorphic action=maybe_recompile pc=0x0000000002a96030 method=com.android.dx.ssa.LiteralOpUpgrader.tryReplacingWithConstant(Lcom/android/dx/ssa/NormalSsaInsn;)Z @ 52
Event: 3.582 Thread 0x0000000018a9f800 Uncommon trap: reason=bimorphic action=maybe_recompile pc=0x0000000002a96030 method=com.android.dx.ssa.LiteralOpUpgrader.tryReplacingWithConstant(Lcom/android/dx/ssa/NormalSsaInsn;)Z @ 52
Event: 3.604 Thread 0x0000000002490800 Uncommon trap: reason=unloaded action=reinterpret pc=0x0000000002afe794 method=com.android.dx.cf.cst.ConstantPoolParser.parse0(ILjava/util/BitSet;)Lcom/android/dx/rop/cst/Constant; @ 198
Event: 3.612 Thread 0x0000000018ae9800 Uncommon trap: reason=bimorphic action=maybe_recompile pc=0x0000000002c4d164 method=com.android.dx.cf.code.BytecodeArray.parseInstruction(ILcom/android/dx/cf/code/BytecodeArray$Visitor;)I @ 955
Event: 3.612 Thread 0x0000000018ae9800 Uncommon trap: reason=bimorphic action=maybe_recompile pc=0x0000000002c4d164 method=com.android.dx.cf.code.BytecodeArray.parseInstruction(ILcom/android/dx/cf/code/BytecodeArray$Visitor;)I @ 955
Event: 4.179 Thread 0x0000000018ae9800 Uncommon trap: reason=unstable_if action=reinterpret pc=0x0000000002cfda10 method=com.android.dx.cf.code.RopperMachine.run(Lcom/android/dx/cf/code/Frame;II)V @ 1250

Internal exceptions (4 events):
Event: 0.076 Thread 0x0000000002490800 Exception <a 'java/lang/NoSuchMethodError': Method sun.misc.Unsafe.defineClass(Ljava/lang/String;[BII)Ljava/lang/Class; name or signature does not match> (0x00000000d5593090) thrown at [D:\re\puppet\workspace\8-2-build-windows-amd64-cygwin\jdk8u73\6086\hot¢Ì
Ω´W≥?
Event: 0.076 Thread 0x0000000002490800 Exception <a 'java/lang/NoSuchMethodError': Method sun.misc.Unsafe.prefetchRead(Ljava/lang/Object;J)V name or signature does not match> (0x00000000d5593378) thrown at [D:\re\puppet\workspace\8-2-build-windows-amd64-cygwin\jdk8u73\6086\hotspot\src\share\vm\r¨$1’¡Ù?
Event: 1.297 Thread 0x0000000002490800 Implicit null exception at 0x0000000002943662 to 0x000000000294375a
Event: 1.932 Thread 0x0000000018ae9800 Implicit null exception at 0x00000000028d3c68 to 0x00000000028d5ed9

Events (10 events):
Event: 3.612 Thread 0x0000000018ae9800 Uncommon trap: trap_request=0xffffffc6 fr.pc=0x0000000002c4d164
Event: 3.612 Thread 0x0000000018ae9800 DEOPT PACKING pc=0x0000000002c4d164 sp=0x000000001990e340
Event: 3.612 Thread 0x0000000018ae9800 DEOPT UNPACKING pc=0x00000000025d582a sp=0x000000001990e2e8 mode 2
Event: 3.962 Executing VM operation: ParallelGCFailedAllocation
Event: 4.162 Executing VM operation: ParallelGCFailedAllocation done
Event: 4.179 Thread 0x0000000018ae9800 Uncommon trap: trap_request=0xffffff65 fr.pc=0x0000000002cfda10
Event: 4.179 Thread 0x0000000018ae9800 DEOPT PACKING pc=0x0000000002cfda10 sp=0x000000001990df00
Event: 4.179 Thread 0x0000000018ae9800 DEOPT UNPACKING pc=0x00000000025d582a sp=0x000000001990dea8 mode 2
Event: 4.186 Executing VM operation: EnableBiasedLocking
Event: 4.187 Executing VM operation: EnableBiasedLocking done


Dynamic libraries:
0x00007ff797820000 - 0x00007ff797857000 	X:\Program Files\Java\jdk1.8.0_73\bin\java.exe
0x00007ff9acb50000 - 0x00007ff9acd11000 	X:\Windows\SYSTEM32\ntdll.dll
0x00007ff9abfa0000 - 0x00007ff9ac04d000 	X:\Windows\system32\KERNEL32.DLL
0x00007ff9a99f0000 - 0x00007ff9a9bd8000 	X:\Windows\system32\KERNELBASE.dll
0x00007ff9aa410000 - 0x00007ff9aa4b7000 	X:\Windows\system32\ADVAPI32.dll
0x00007ff9aca40000 - 0x00007ff9acadd000 	X:\Windows\system32\msvcrt.dll
0x00007ff9aa740000 - 0x00007ff9aa79b000 	X:\Windows\system32\sechost.dll
0x00007ff9ac1a0000 - 0x00007ff9ac2bc000 	X:\Windows\system32\RPCRT4.dll
0x00007ff9ac6f0000 - 0x00007ff9ac846000 	X:\Windows\system32\USER32.dll
0x00007ff9a9fb0000 - 0x00007ff9aa136000 	X:\Windows\system32\GDI32.dll
0x00007ff9a0e90000 - 0x00007ff9a1104000 	X:\Windows\WinSxS\amd64_microsoft.windows.common-controls_6595b64144ccf1df_6.0.10586.0_none_8c15ae12515e1c22\COMCTL32.dll
0x00007ff9aa4c0000 - 0x00007ff9aa73d000 	X:\Windows\system32\combase.dll
0x00007ff9a92c0000 - 0x00007ff9a932a000 	X:\Windows\system32\bcryptPrimitives.dll
0x00007ff9ac0b0000 - 0x00007ff9ac0eb000 	X:\Windows\system32\IMM32.DLL
0x0000000054510000 - 0x00000000545e2000 	X:\Program Files\Java\jdk1.8.0_73\jre\bin\msvcr100.dll
0x0000000054990000 - 0x0000000055220000 	X:\Program Files\Java\jdk1.8.0_73\jre\bin\server\jvm.dll
0x00007ff9aca30000 - 0x00007ff9aca38000 	X:\Windows\system32\PSAPI.DLL
0x00007ff9a0bb0000 - 0x00007ff9a0bb9000 	X:\Windows\SYSTEM32\WSOCK32.dll
0x00007ff9aa880000 - 0x00007ff9aa8eb000 	X:\Windows\system32\WS2_32.dll
0x00007ff9a7480000 - 0x00007ff9a74a3000 	X:\Windows\SYSTEM32\WINMM.dll
0x00007ff9a5d10000 - 0x00007ff9a5d1a000 	X:\Windows\SYSTEM32\VERSION.dll
0x00007ff9a7410000 - 0x00007ff9a743c000 	X:\Windows\SYSTEM32\WINMMBASE.dll
0x00007ff9a9330000 - 0x00007ff9a9373000 	X:\Windows\system32\cfgmgr32.dll
0x0000000054980000 - 0x000000005498f000 	X:\Program Files\Java\jdk1.8.0_73\jre\bin\verify.dll
0x0000000054950000 - 0x0000000054979000 	X:\Program Files\Java\jdk1.8.0_73\jre\bin\java.dll
0x0000000054930000 - 0x0000000054946000 	X:\Program Files\Java\jdk1.8.0_73\jre\bin\zip.dll
0x00007ff9aa8f0000 - 0x00007ff9abe4c000 	X:\Windows\system32\SHELL32.dll
0x00007ff9a9380000 - 0x00007ff9a99c5000 	X:\Windows\system32\windows.storage.dll
0x00007ff9ac050000 - 0x00007ff9ac0a2000 	X:\Windows\system32\shlwapi.dll
0x00007ff9a91d0000 - 0x00007ff9a91df000 	X:\Windows\system32\kernel.appcore.dll
0x00007ff9a9200000 - 0x00007ff9a92b5000 	X:\Windows\system32\shcore.dll
0x00007ff9a9180000 - 0x00007ff9a91cb000 	X:\Windows\system32\powrprof.dll
0x00007ff9a91e0000 - 0x00007ff9a91f4000 	X:\Windows\system32\profapi.dll

VM Arguments:
jvm_args: -Djava.awt.headless=true -Xmx2g -Dfile.encoding=GBK -Duser.country=CN -Duser.language=zh -Duser.variant 
java_command: com.android.dx.command.Main --dex --num-threads=4 --multi-dex --output E:\Android\CalorieCounter\app\build\intermediates\transforms\dex\debug\folders\1000\10\com.android.support-design-23.2.1_2a94e4507ec2bfa02df0223d8ec37cf5629c4adb E:\Android\CalorieCounter\app\build\intermediates\exploded-aar\com.android.support\design\23.2.1\jars\classes.jar
java_class_path (initial): E:\QMDownload\SDK\build-tools\23.0.3\lib\dx.jar
Launcher Type: SUN_STANDARD

Environment Variables:
PATH=X:\ProgramData\Oracle\Java\javapath;X:\Windows\system32;X:\Windows;X:\Windows\System32\Wbem;X:\Windows\System32\WindowsPowerShell\v1.0\;X:\Program Files (x86)\ATI Technologies\ATI.ACE\Core-Static;D:\Program Files\MATLAB\R2013a\runtime\win64;D:\Program Files\MATLAB\R2013a\bin;X:\Program Files\Java\jdk1.8.0_73\bin;D:\Python27;X:\Program Files (x86)\MySQL\MySQL Fabric 1.5 & MySQL Utilities 1.5\;X:\Program Files (x86)\MySQL\MySQL Fabric 1.5 & MySQL Utilities 1.5\Doctrine extensions for PHP\;E:\QMDownload\SDK\platform-tools
USERNAME=Õı…≠
OS=Windows_NT
PROCESSOR_IDENTIFIER=Intel64 Family 6 Model 60 Stepping 3, GenuineIntel



---------------  S Y S T E M  ---------------

OS: Windows 10.0 , 64 bit Build 10586 (10.0.10586.0)

CPU:total 4 (4 cores per cpu, 1 threads per core) family 6 model 60 stepping 3, cmov, cx8, fxsr, mmx, sse, sse2, sse3, ssse3, sse4.1, sse4.2, popcnt, avx, avx2, aes, clmul, erms, lzcnt, tsc, tscinvbit, bmi1, bmi2

Memory: 4k page, physical 8315044k(1740416k free), swap 8315044k(5460k free)

vm_info: Java HotSpot(TM) 64-Bit Server VM (25.73-b02) for windows-amd64 JRE (1.8.0_73-b02), built on Jan 29 2016 17:38:49 by "java_re" with MS VC++ 10.0 (VS2010)

time: Fri Apr 22 23:56:58 2016
elapsed time: 4 seconds (0d 0h 0m 4s)

