#
# There is insufficient memory for the Java Runtime Environment to continue.
# Native memory allocation (malloc) failed to allocate 693456 bytes for Chunk::new
# Possible reasons:
#   The system is out of physical RAM or swap space
#   In 32 bit mode, the process size limit was hit
# Possible solutions:
#   Reduce memory load on the system
#   Increase physical memory or swap space
#   Check if swap backing store is full
#   Use 64 bit Java on a 64 bit OS
#   Decrease Java heap size (-Xmx/-Xms)
#   Decrease number of Java threads
#   Decrease Java thread stack sizes (-Xss)
#   Set larger code cache with -XX:ReservedCodeCacheSize=
# This output file may be truncated or incomplete.
#
#  Out of Memory Error (allocation.cpp:390), pid=8836, tid=3408
#
# JRE version: Java(TM) SE Runtime Environment (8.0_73-b02) (build 1.8.0_73-b02)
# Java VM: Java HotSpot(TM) 64-Bit Server VM (25.73-b02 mixed mode windows-amd64 compressed oops)
# Failed to write core dump. Minidumps are not enabled by default on client versions of Windows
#

---------------  T H R E A D  ---------------

Current thread (0x0000000014d6a800):  JavaThread "C2 CompilerThread0" daemon [_thread_in_native, id=3408, stack(0x0000000016260000,0x0000000016360000)]

Stack: [0x0000000016260000,0x0000000016360000]
[error occurred during error reporting (printing stack bounds), id 0xc0000005]

Native frames: (J=compiled Java code, j=interpreted, Vv=VM code, C=native code)


Current CompileTask:
C2:   3603 1457       4       com.android.dx.ssa.SCCP::simulateBlock (54 bytes)


---------------  P R O C E S S  ---------------

Java Threads: ( => current thread )
  0x00000000165db000 JavaThread "pool-1-thread-4" [_thread_blocked, id=7516, stack(0x0000000016f60000,0x0000000017060000)]
  0x00000000165d9000 JavaThread "pool-1-thread-3" [_thread_blocked, id=7024, stack(0x0000000016e60000,0x0000000016f60000)]
  0x00000000165d7000 JavaThread "pool-1-thread-2" [_thread_in_vm, id=3796, stack(0x0000000016d60000,0x0000000016e60000)]
  0x00000000165d0000 JavaThread "pool-2-thread-1" [_thread_blocked, id=7408, stack(0x0000000016c60000,0x0000000016d60000)]
  0x0000000016645800 JavaThread "pool-1-thread-1" [_thread_blocked, id=8840, stack(0x0000000016b60000,0x0000000016c60000)]
  0x00000000163c9000 JavaThread "Service Thread" daemon [_thread_blocked, id=3376, stack(0x0000000016960000,0x0000000016a60000)]
  0x00000000163c2800 JavaThread "C1 CompilerThread2" daemon [_thread_blocked, id=3040, stack(0x0000000016860000,0x0000000016960000)]
  0x0000000014d6d000 JavaThread "C2 CompilerThread1" daemon [_thread_in_vm, id=9208, stack(0x0000000016760000,0x0000000016860000)]
=>0x0000000014d6a800 JavaThread "C2 CompilerThread0" daemon [_thread_in_native, id=3408, stack(0x0000000016260000,0x0000000016360000)]
  0x0000000014d1d800 JavaThread "Attach Listener" daemon [_thread_blocked, id=4740, stack(0x0000000016160000,0x0000000016260000)]
  0x0000000014d07800 JavaThread "Signal Dispatcher" daemon [_thread_blocked, id=8152, stack(0x0000000016060000,0x0000000016160000)]
  0x0000000002630800 JavaThread "Finalizer" daemon [_thread_blocked, id=8936, stack(0x0000000015f60000,0x0000000016060000)]
  0x000000000262d000 JavaThread "Reference Handler" daemon [_thread_blocked, id=4396, stack(0x0000000015e60000,0x0000000015f60000)]
  0x0000000002540800 JavaThread "main" [_thread_blocked, id=8448, stack(0x0000000002380000,0x0000000002480000)]

Other Threads:
  0x0000000014cd7800 VMThread [stack: 0x0000000015d60000,0x0000000015e60000] [id=4592]
  0x00000000163d3800 WatcherThread [stack: 0x0000000016a60000,0x0000000016b60000] [id=7472]

VM state:not at safepoint (normal execution)

VM Mutex/Monitor currently owned by a thread: None

Heap:
 PSYoungGen      total 38400K, used 28099K [0x00000000eab00000, 0x00000000ed580000, 0x0000000100000000)
  eden space 33280K, 69% used [0x00000000eab00000,0x00000000ec177748,0x00000000ecb80000)
  from space 5120K, 99% used [0x00000000ecb80000,0x00000000ed079638,0x00000000ed080000)
  to   space 5120K, 0% used [0x00000000ed080000,0x00000000ed080000,0x00000000ed580000)
 ParOldGen       total 87552K, used 281K [0x00000000c0000000, 0x00000000c5580000, 0x00000000eab00000)
  object space 87552K, 0% used [0x00000000c0000000,0x00000000c0046648,0x00000000c5580000)
 Metaspace       used 6231K, capacity 7094K, committed 7296K, reserved 1056768K
  class space    used 607K, capacity 622K, committed 640K, reserved 1048576K

Card table byte_map: [0x0000000011a00000,0x0000000011c10000] byte_map_base: 0x0000000011400000

Marking Bits: (ParMarkBitMap*) 0x00000000540e0600
 Begin Bits: [0x0000000012170000, 0x0000000013170000)
 End Bits:   [0x0000000013170000, 0x0000000014170000)

Polling page: 0x0000000000500000

CodeCache: size=245760Kb used=6131Kb max_used=6146Kb free=239628Kb
 bounds [0x0000000002640000, 0x0000000002c50000, 0x0000000011640000]
 total_blobs=1734 nmethods=1462 adapters=184
 compilation: enabled

Compilation events (10 events):
Event: 3.419 Thread 0x0000000014d6d000 nmethod 1459 0x0000000002c36c90 code [0x0000000002c36de0, 0x0000000002c37058]
Event: 3.419 Thread 0x0000000014d6d000 1460       4       java.util.ArrayList::removeRange (75 bytes)
Event: 3.420 Thread 0x0000000014d6d000 nmethod 1460 0x0000000002c2e350 code [0x0000000002c2e4a0, 0x0000000002c2e618]
Event: 3.423 Thread 0x0000000014d6d000 1461       4       com.android.dx.ssa.SsaBasicBlock::scheduleMovesFromPhis (108 bytes)
Event: 3.424 Thread 0x0000000014d6d000 nmethod 1461 0x0000000002c2bf10 code [0x0000000002c2c040, 0x0000000002c2c0f8]
Event: 3.425 Thread 0x0000000014d6d000 1462       4       com.android.dx.ssa.back.SsaToRop$1::visitBlock (97 bytes)
Event: 3.444 Thread 0x0000000014d6d000 nmethod 1462 0x0000000002c46090 code [0x0000000002c462a0, 0x0000000002c47208]
Event: 3.600 Thread 0x0000000014d6d000 1463       4       com.android.dx.rop.code.ThrowingCstInsn::accept (8 bytes)
Event: 3.600 Thread 0x0000000014d6d000 nmethod 1463 0x0000000002c2ce90 code [0x0000000002c2cfc0, 0x0000000002c2d038]
Event: 3.601 Thread 0x0000000014d6d000 1464   !   4       com.android.dx.cf.code.RopperMachine::run (1550 bytes)

GC Heap History (2 events):
Event: 2.372 GC heap before
{Heap before GC invocations=1 (full 0):
 PSYoungGen      total 38400K, used 33280K [0x00000000eab00000, 0x00000000ed580000, 0x0000000100000000)
  eden space 33280K, 100% used [0x00000000eab00000,0x00000000ecb80000,0x00000000ecb80000)
  from space 5120K, 0% used [0x00000000ed080000,0x00000000ed080000,0x00000000ed580000)
  to   space 5120K, 0% used [0x00000000ecb80000,0x00000000ecb80000,0x00000000ed080000)
 ParOldGen       total 87552K, used 0K [0x00000000c0000000, 0x00000000c5580000, 0x00000000eab00000)
  object space 87552K, 0% used [0x00000000c0000000,0x00000000c0000000,0x00000000c5580000)
 Metaspace       used 6003K, capacity 6836K, committed 7040K, reserved 1056768K
  class space    used 605K, capacity 620K, committed 640K, reserved 1048576K
Event: 2.537 GC heap after
Heap after GC invocations=1 (full 0):
 PSYoungGen      total 38400K, used 5093K [0x00000000eab00000, 0x00000000ed580000, 0x0000000100000000)
  eden space 33280K, 0% used [0x00000000eab00000,0x00000000eab00000,0x00000000ecb80000)
  from space 5120K, 99% used [0x00000000ecb80000,0x00000000ed079638,0x00000000ed080000)
  to   space 5120K, 0% used [0x00000000ed080000,0x00000000ed080000,0x00000000ed580000)
 ParOldGen       total 87552K, used 281K [0x00000000c0000000, 0x00000000c5580000, 0x00000000eab00000)
  object space 87552K, 0% used [0x00000000c0000000,0x00000000c0046648,0x00000000c5580000)
 Metaspace       used 6003K, capacity 6836K, committed 7040K, reserved 1056768K
  class space    used 605K, capacity 620K, committed 640K, reserved 1048576K
}

Deoptimization events (9 events):
Event: 0.745 Thread 0x0000000002540800 Uncommon trap: reason=unstable_if action=reinterpret pc=0x000000000279a7d4 method=java.lang.String.compareTo(Ljava/lang/String;)I @ 38
Event: 1.560 Thread 0x0000000016645800 Uncommon trap: reason=unstable_if action=reinterpret pc=0x00000000028854c4 method=java.util.HashMap.getNode(ILjava/lang/Object;)Ljava/util/HashMap$Node; @ 62
Event: 2.289 Thread 0x00000000165d9000 Uncommon trap: reason=unstable_if action=reinterpret pc=0x000000000299ead8 method=com.android.dx.rop.code.LocalItem.hashCode()I @ 25
Event: 2.368 Thread 0x0000000016645800 Uncommon trap: reason=unstable_if action=reinterpret pc=0x00000000028d8130 method=java.util.BitSet.nextSetBit(I)I @ 87
Event: 2.623 Thread 0x00000000165d7000 Uncommon trap: reason=class_check action=maybe_recompile pc=0x00000000029c5468 method=com.android.dx.rop.type.Type.equals(Ljava/lang/Object;)Z @ 8
Event: 2.623 Thread 0x00000000165d7000 Uncommon trap: reason=null_check action=make_not_entrant pc=0x00000000029c5478 method=com.android.dx.rop.type.Type.equals(Ljava/lang/Object;)Z @ 8
Event: 2.789 Thread 0x00000000165d9000 Uncommon trap: reason=unstable_if action=reinterpret pc=0x0000000002aeb0b8 method=com.android.dx.cf.code.Ropper.labelToResultIndex(I)I @ 34
Event: 3.239 Thread 0x0000000016645800 Uncommon trap: reason=unstable_if action=reinterpret pc=0x00000000029f879c method=com.android.dx.rop.cst.Constant.compareTo(Lcom/android/dx/rop/cst/Constant;)I @ 12
Event: 3.246 Thread 0x0000000002540800 Uncommon trap: reason=unloaded action=reinterpret pc=0x0000000002b76d14 method=com.android.dx.cf.cst.ConstantPoolParser.parse0(ILjava/util/BitSet;)Lcom/android/dx/rop/cst/Constant; @ 198

Internal exceptions (3 events):
Event: 0.050 Thread 0x0000000002540800 Exception <a 'java/lang/NoSuchMethodError': Method sun.misc.Unsafe.defineClass(Ljava/lang/String;[BII)Ljava/lang/Class; name or signature does not match> (0x00000000eab13090) thrown at [D:\re\puppet\workspace\8-2-build-windows-amd64-cygwin\jdk8u73\6086\hotŸ#pƒ=|©?
Event: 0.050 Thread 0x0000000002540800 Exception <a 'java/lang/NoSuchMethodError': Method sun.misc.Unsafe.prefetchRead(Ljava/lang/Object;J)V name or signature does not match> (0x00000000eab13378) thrown at [D:\re\puppet\workspace\8-2-build-windows-amd64-cygwin\jdk8u73\6086\hotspot\src\share\vm\õz[âÆû@
Event: 2.623 Thread 0x00000000165d7000 Implicit null exception at 0x00000000029c5362 to 0x00000000029c5469

Events (10 events):
Event: 3.237 Thread 0x0000000016645800 DEOPT PACKING pc=0x0000000002b894c2 sp=0x0000000016c5ead0
Event: 3.237 Thread 0x0000000016645800 DEOPT UNPACKING pc=0x000000000268787f sp=0x0000000016c5e838 mode 0
Event: 3.237 Thread 0x0000000016645800 DEOPT PACKING pc=0x0000000002b894c2 sp=0x0000000016c5ead0
Event: 3.237 Thread 0x0000000016645800 DEOPT UNPACKING pc=0x000000000268787f sp=0x0000000016c5e838 mode 0
Event: 3.239 Thread 0x0000000016645800 Uncommon trap: trap_request=0xffffff65 fr.pc=0x00000000029f879c
Event: 3.239 Thread 0x0000000016645800 DEOPT PACKING pc=0x00000000029f879c sp=0x0000000016c5e880
Event: 3.239 Thread 0x0000000016645800 DEOPT UNPACKING pc=0x000000000268582a sp=0x0000000016c5e820 mode 2
Event: 3.246 Thread 0x0000000002540800 Uncommon trap: trap_request=0x000000d0 fr.pc=0x0000000002b76d14
Event: 3.246 Thread 0x0000000002540800 DEOPT PACKING pc=0x0000000002b76d14 sp=0x000000000247e7c0
Event: 3.246 Thread 0x0000000002540800 DEOPT UNPACKING pc=0x000000000268582a sp=0x000000000247e788 mode 2


Dynamic libraries:
0x00007ff6dbe30000 - 0x00007ff6dbe67000 	X:\Program Files\Java\jdk1.8.0_73\bin\java.exe
0x00007ff876650000 - 0x00007ff876811000 	X:\Windows\SYSTEM32\ntdll.dll
0x00007ff8762a0000 - 0x00007ff87634d000 	X:\Windows\system32\KERNEL32.DLL
0x00007ff873400000 - 0x00007ff8735e8000 	X:\Windows\system32\KERNELBASE.dll
0x00007ff875900000 - 0x00007ff8759a7000 	X:\Windows\system32\ADVAPI32.dll
0x00007ff875860000 - 0x00007ff8758fd000 	X:\Windows\system32\msvcrt.dll
0x00007ff876020000 - 0x00007ff87607b000 	X:\Windows\system32\sechost.dll
0x00007ff874050000 - 0x00007ff87416c000 	X:\Windows\system32\RPCRT4.dll
0x00007ff873ee0000 - 0x00007ff874036000 	X:\Windows\system32\USER32.dll
0x00007ff8756d0000 - 0x00007ff875856000 	X:\Windows\system32\GDI32.dll
0x00007ff86b170000 - 0x00007ff86b3e4000 	X:\Windows\WinSxS\amd64_microsoft.windows.common-controls_6595b64144ccf1df_6.0.10586.0_none_8c15ae12515e1c22\COMCTL32.dll
0x00007ff875d20000 - 0x00007ff875f9d000 	X:\Windows\system32\combase.dll
0x00007ff873740000 - 0x00007ff8737aa000 	X:\Windows\system32\bcryptPrimitives.dll
0x00007ff873a50000 - 0x00007ff873a8b000 	X:\Windows\system32\IMM32.DLL
0x0000000053340000 - 0x0000000053412000 	X:\Program Files\Java\jdk1.8.0_73\jre\bin\msvcr100.dll
0x00000000538d0000 - 0x0000000054160000 	X:\Program Files\Java\jdk1.8.0_73\jre\bin\server\jvm.dll
0x00007ff874040000 - 0x00007ff874048000 	X:\Windows\system32\PSAPI.DLL
0x00007ff86b4c0000 - 0x00007ff86b4c9000 	X:\Windows\SYSTEM32\WSOCK32.dll
0x00007ff875fa0000 - 0x00007ff87600b000 	X:\Windows\system32\WS2_32.dll
0x00007ff870f20000 - 0x00007ff870f43000 	X:\Windows\SYSTEM32\WINMM.dll
0x00007ff86f250000 - 0x00007ff86f25a000 	X:\Windows\SYSTEM32\VERSION.dll
0x0000000002350000 - 0x000000000237c000 	X:\Windows\SYSTEM32\WINMMBASE.dll
0x00007ff872d60000 - 0x00007ff872da3000 	X:\Windows\system32\cfgmgr32.dll
0x00000000537e0000 - 0x00000000537ef000 	X:\Program Files\Java\jdk1.8.0_73\jre\bin\verify.dll
0x00000000537b0000 - 0x00000000537d9000 	X:\Program Files\Java\jdk1.8.0_73\jre\bin\java.dll
0x0000000053790000 - 0x00000000537a6000 	X:\Program Files\Java\jdk1.8.0_73\jre\bin\zip.dll
0x00007ff874170000 - 0x00007ff8756cc000 	X:\Windows\system32\SHELL32.dll
0x00007ff872db0000 - 0x00007ff8733f5000 	X:\Windows\system32\windows.storage.dll
0x00007ff876240000 - 0x00007ff876292000 	X:\Windows\system32\shlwapi.dll
0x00007ff872ce0000 - 0x00007ff872cef000 	X:\Windows\system32\kernel.appcore.dll
0x00007ff873680000 - 0x00007ff873735000 	X:\Windows\system32\shcore.dll
0x00007ff872c90000 - 0x00007ff872cdb000 	X:\Windows\system32\powrprof.dll
0x00007ff872c70000 - 0x00007ff872c84000 	X:\Windows\system32\profapi.dll

VM Arguments:
jvm_args: -Djava.awt.headless=true -Xmx1024M -Dfile.encoding=GBK -Duser.country=CN -Duser.language=zh -Duser.variant 
java_command: com.android.dx.command.Main --dex --num-threads=4 --output E:\Android\CalorieCounter\app\build\intermediates\pre-dexed\debug\com.android.support-support-v4-23.2.1_b3f86bb7eb2bf098389785e98df432783523f3ad.jar E:\Android\CalorieCounter\app\build\intermediates\exploded-aar\com.android.support\support-v4\23.2.1\jars\classes.jar
java_class_path (initial): E:\QMDownload\SDK\build-tools\23.0.3\lib\dx.jar
Launcher Type: SUN_STANDARD

Environment Variables:
PATH=X:\ProgramData\Oracle\Java\javapath;X:\Windows\system32;X:\Windows;X:\Windows\System32\Wbem;X:\Windows\System32\WindowsPowerShell\v1.0\;X:\Program Files (x86)\ATI Technologies\ATI.ACE\Core-Static;D:\Program Files\MATLAB\R2013a\runtime\win64;D:\Program Files\MATLAB\R2013a\bin;X:\Program Files\Java\jdk1.8.0_73\bin;D:\Python27;X:\Program Files (x86)\MySQL\MySQL Fabric 1.5 & MySQL Utilities 1.5\;X:\Program Files (x86)\MySQL\MySQL Fabric 1.5 & MySQL Utilities 1.5\Doctrine extensions for PHP\
USERNAME=ÍõÉ­
OS=Windows_NT
PROCESSOR_IDENTIFIER=Intel64 Family 6 Model 60 Stepping 3, GenuineIntel



---------------  S Y S T E M  ---------------

OS: Windows 10.0 , 64 bit Build 10586 (10.0.10586.0)

CPU:total 4 (4 cores per cpu, 1 threads per core) family 6 model 60 stepping 3, cmov, cx8, fxsr, mmx, sse, sse2, sse3, ssse3, sse4.1, sse4.2, popcnt, avx, avx2, aes, clmul, erms, lzcnt, tsc, tscinvbit, bmi1, bmi2

Memory: 4k page, physical 8315044k(1648324k free), swap 8315044k(5668k free)

vm_info: Java HotSpot(TM) 64-Bit Server VM (25.73-b02) for windows-amd64 JRE (1.8.0_73-b02), built on Jan 29 2016 17:38:49 by "java_re" with MS VC++ 10.0 (VS2010)

time: Sat Apr 16 13:40:50 2016
elapsed time: 3 seconds (0d 0h 0m 3s)

