#
# There is insufficient memory for the Java Runtime Environment to continue.
# Native memory allocation (malloc) failed to allocate 1344816 bytes for Chunk::new
# Possible reasons:
#   The system is out of physical RAM or swap space
#   In 32 bit mode, the process size limit was hit
# Possible solutions:
#   Reduce memory load on the system
#   Increase physical memory or swap space
#   Check if swap backing store is full
#   Use 64 bit Java on a 64 bit OS
#   Decrease Java heap size (-Xmx/-Xms)
#   Decrease number of Java threads
#   Decrease Java thread stack sizes (-Xss)
#   Set larger code cache with -XX:ReservedCodeCacheSize=
# This output file may be truncated or incomplete.
#
#  Out of Memory Error (allocation.cpp:390), pid=12568, tid=14968
#
# JRE version: Java(TM) SE Runtime Environment (8.0_73-b02) (build 1.8.0_73-b02)
# Java VM: Java HotSpot(TM) 64-Bit Server VM (25.73-b02 mixed mode windows-amd64 compressed oops)
# Failed to write core dump. Minidumps are not enabled by default on client versions of Windows
#

---------------  T H R E A D  ---------------

Current thread (0x0000000014e6d800):  JavaThread "C2 CompilerThread1" daemon [_thread_in_native, id=14968, stack(0x00000000168a0000,0x00000000169a0000)]

Stack: [0x00000000168a0000,0x00000000169a0000]
[error occurred during error reporting (printing stack bounds), id 0xc0000005]

Native frames: (J=compiled Java code, j=interpreted, Vv=VM code, C=native code)


Current CompileTask:
C2:    466  820       4       com.android.dx.merge.DexMerger::transformDebugInfoItem (313 bytes)


---------------  P R O C E S S  ---------------

Java Threads: ( => current thread )
  0x000000001652a000 JavaThread "Service Thread" daemon [_thread_blocked, id=12328, stack(0x0000000016aa0000,0x0000000016ba0000)]
  0x0000000014e6e800 JavaThread "C1 CompilerThread2" daemon [_thread_blocked, id=9600, stack(0x00000000169a0000,0x0000000016aa0000)]
=>0x0000000014e6d800 JavaThread "C2 CompilerThread1" daemon [_thread_in_native, id=14968, stack(0x00000000168a0000,0x00000000169a0000)]
  0x0000000014e6b000 JavaThread "C2 CompilerThread0" daemon [_thread_in_native, id=9916, stack(0x00000000163a0000,0x00000000164a0000)]
  0x0000000014e1f000 JavaThread "Attach Listener" daemon [_thread_blocked, id=1404, stack(0x00000000162a0000,0x00000000163a0000)]
  0x0000000014e09000 JavaThread "Signal Dispatcher" daemon [_thread_blocked, id=16776, stack(0x00000000161a0000,0x00000000162a0000)]
  0x0000000002738800 JavaThread "Finalizer" daemon [_thread_blocked, id=12148, stack(0x00000000160a0000,0x00000000161a0000)]
  0x0000000002730800 JavaThread "Reference Handler" daemon [_thread_blocked, id=10652, stack(0x0000000015fa0000,0x00000000160a0000)]
  0x000000000055e000 JavaThread "main" [_thread_blocked, id=2180, stack(0x0000000002540000,0x0000000002640000)]

Other Threads:
  0x0000000014dd7800 VMThread [stack: 0x0000000015ea0000,0x0000000015fa0000] [id=17296]
  0x000000001656b000 WatcherThread [stack: 0x0000000016ba0000,0x0000000016ca0000] [id=15456]

VM state:at safepoint (normal execution)

VM Mutex/Monitor currently owned by a thread:  ([mutex/lock_event])
[0x000000000055c690] Threads_lock - owner thread: 0x0000000014dd7800
[0x000000000055d210] Heap_lock - owner thread: 0x000000000055e000

Heap:
 PSYoungGen      total 38400K, used 35587K [0x00000000eab00000, 0x00000000ed580000, 0x0000000100000000)
  eden space 33280K, 91% used [0x00000000eab00000,0x00000000ec8c2200,0x00000000ecb80000)
  from space 5120K, 99% used [0x00000000ecb80000,0x00000000ed07eb40,0x00000000ed080000)
  to   space 5120K, 99% used [0x00000000ed080000,0x00000000ed57ab68,0x00000000ed580000)
 ParOldGen       total 87552K, used 14902K [0x00000000c0000000, 0x00000000c5580000, 0x00000000eab00000)
  object space 87552K, 17% used [0x00000000c0000000,0x00000000c0e919e0,0x00000000c5580000)
 Metaspace       used 5137K, capacity 5602K, committed 5760K, reserved 1056768K
  class space    used 569K, capacity 594K, committed 640K, reserved 1048576K

Card table byte_map: [0x0000000011b00000,0x0000000011d10000] byte_map_base: 0x0000000011500000

Marking Bits: (ParMarkBitMap*) 0x00000000540e0600
 Begin Bits: [0x0000000012270000, 0x0000000013270000)
 End Bits:   [0x0000000013270000, 0x0000000014270000)

Polling page: 0x00000000001f0000

CodeCache: size=245760Kb used=2942Kb max_used=2942Kb free=242817Kb
 bounds [0x0000000002740000, 0x0000000002a30000, 0x0000000011740000]
 total_blobs=1191 nmethods=911 adapters=193
 compilation: enabled

Compilation events (10 events):
Event: 0.428 Thread 0x0000000014e6e800 nmethod 905 0x0000000002a15590 code [0x0000000002a15700, 0x0000000002a15928]
Event: 0.442 Thread 0x0000000014e6e800  906       3       java.util.zip.Adler32::update (51 bytes)
Event: 0.442 Thread 0x0000000014e6e800 nmethod 906 0x0000000002a15a10 code [0x0000000002a15ba0, 0x0000000002a15f88]
Event: 0.443 Thread 0x0000000014e6e800  908       3       java.util.regex.Pattern::has (15 bytes)
Event: 0.444 Thread 0x0000000014e6e800 nmethod 908 0x0000000002a16510 code [0x0000000002a16660, 0x0000000002a16810]
Event: 0.447 Thread 0x0000000014e6e800  909   !   3       java.io.BufferedReader::readLine (304 bytes)
Event: 0.448 Thread 0x0000000014e6e800 nmethod 909 0x0000000002a16ad0 code [0x0000000002a16d60, 0x0000000002a184a8]
Event: 0.448 Thread 0x0000000014e6e800  911       3       java.util.BitSet::get (69 bytes)
Event: 0.448 Thread 0x0000000014e6e800 nmethod 911 0x0000000002a192d0 code [0x0000000002a194e0, 0x0000000002a19ea8]
Event: 0.448 Thread 0x0000000014e6e800  910       1       java.io.File::getPath (5 bytes)

GC Heap History (2 events):
Event: 0.257 GC heap before
{Heap before GC invocations=1 (full 0):
 PSYoungGen      total 38400K, used 33280K [0x00000000eab00000, 0x00000000ed580000, 0x0000000100000000)
  eden space 33280K, 100% used [0x00000000eab00000,0x00000000ecb80000,0x00000000ecb80000)
  from space 5120K, 0% used [0x00000000ed080000,0x00000000ed080000,0x00000000ed580000)
  to   space 5120K, 0% used [0x00000000ecb80000,0x00000000ecb80000,0x00000000ed080000)
 ParOldGen       total 87552K, used 0K [0x00000000c0000000, 0x00000000c5580000, 0x00000000eab00000)
  object space 87552K, 0% used [0x00000000c0000000,0x00000000c0000000,0x00000000c5580000)
 Metaspace       used 3925K, capacity 5008K, committed 5120K, reserved 1056768K
  class space    used 426K, capacity 456K, committed 512K, reserved 1048576K
Event: 0.261 GC heap after
Heap after GC invocations=1 (full 0):
 PSYoungGen      total 38400K, used 5114K [0x00000000eab00000, 0x00000000ed580000, 0x0000000100000000)
  eden space 33280K, 0% used [0x00000000eab00000,0x00000000eab00000,0x00000000ecb80000)
  from space 5120K, 99% used [0x00000000ecb80000,0x00000000ed07eb40,0x00000000ed080000)
  to   space 5120K, 0% used [0x00000000ed080000,0x00000000ed080000,0x00000000ed580000)
 ParOldGen       total 87552K, used 8398K [0x00000000c0000000, 0x00000000c5580000, 0x00000000eab00000)
  object space 87552K, 9% used [0x00000000c0000000,0x00000000c08338e0,0x00000000c5580000)
 Metaspace       used 3925K, capacity 5008K, committed 5120K, reserved 1056768K
  class space    used 426K, capacity 456K, committed 512K, reserved 1048576K
}

Deoptimization events (10 events):
Event: 0.233 Thread 0x000000000055e000 Uncommon trap: reason=predicate action=maybe_recompile pc=0x00000000028e4020 method=java.util.TreeMap.getEntry(Ljava/lang/Object;)Ljava/util/TreeMap$Entry; @ 39
Event: 0.251 Thread 0x000000000055e000 Uncommon trap: reason=predicate action=maybe_recompile pc=0x00000000028f9e40 method=java.util.TreeMap.put(Ljava/lang/Object;Ljava/lang/Object;)Ljava/lang/Object; @ 132
Event: 0.270 Thread 0x000000000055e000 Uncommon trap: reason=class_check action=maybe_recompile pc=0x00000000028cf5ac method=com.android.dex.Leb128.readUnsignedLeb128(Lcom/android/dex/util/ByteInput;)I @ 5
Event: 0.270 Thread 0x000000000055e000 Uncommon trap: reason=class_check action=maybe_recompile pc=0x00000000028cf5ac method=com.android.dex.Leb128.readUnsignedLeb128(Lcom/android/dex/util/ByteInput;)I @ 5
Event: 0.270 Thread 0x000000000055e000 Uncommon trap: reason=class_check action=maybe_recompile pc=0x00000000028cf5ac method=com.android.dex.Leb128.readUnsignedLeb128(Lcom/android/dex/util/ByteInput;)I @ 5
Event: 0.270 Thread 0x000000000055e000 Uncommon trap: reason=predicate action=maybe_recompile pc=0x0000000002907004 method=com.android.dex.Leb128.writeUnsignedLeb128(Lcom/android/dex/util/ByteOutput;I)V @ 9
Event: 0.270 Thread 0x000000000055e000 Uncommon trap: reason=class_check action=maybe_recompile pc=0x00000000028cf5ac method=com.android.dex.Leb128.readUnsignedLeb128(Lcom/android/dex/util/ByteInput;)I @ 5
Event: 0.317 Thread 0x000000000055e000 Uncommon trap: reason=unstable_if action=reinterpret pc=0x000000000294da00 method=java.util.HashMap.getNode(ILjava/lang/Object;)Ljava/util/HashMap$Node; @ 84
Event: 0.318 Thread 0x000000000055e000 Uncommon trap: reason=unstable_if action=reinterpret pc=0x00000000029456d8 method=java.util.HashMap.getNode(ILjava/lang/Object;)Ljava/util/HashMap$Node; @ 84
Event: 0.392 Thread 0x000000000055e000 Uncommon trap: reason=unstable_if action=reinterpret pc=0x0000000002903b64 method=java.util.Arrays.copyOf([Ljava/lang/Object;ILjava/lang/Class;)[Ljava/lang/Object; @ 3

Internal exceptions (2 events):
Event: 0.039 Thread 0x000000000055e000 Exception <a 'java/lang/NoSuchMethodError': Method sun.misc.Unsafe.defineClass(Ljava/lang/String;[BII)Ljava/lang/Class; name or signature does not match> (0x00000000eab13090) thrown at [D:\re\puppet\workspace\8-2-build-windows-amd64-cygwin\jdk8u73\6086\hotŒþ—MIù£?
Event: 0.039 Thread 0x000000000055e000 Exception <a 'java/lang/NoSuchMethodError': Method sun.misc.Unsafe.prefetchRead(Ljava/lang/Object;J)V name or signature does not match> (0x00000000eab13378) thrown at [D:\re\puppet\workspace\8-2-build-windows-amd64-cygwin\jdk8u73\6086\hotspot\src\share\vm\

Events (10 events):
Event: 0.446 loading class sun/misc/Launcher$BootClassPathHolder
Event: 0.447 loading class sun/misc/Launcher$BootClassPathHolder done
Event: 0.447 loading class sun/misc/Launcher$BootClassPathHolder$1
Event: 0.447 loading class sun/misc/Launcher$BootClassPathHolder$1 done
Event: 0.448 loading class sun/misc/URLClassPath$2
Event: 0.448 loading class sun/misc/URLClassPath$2 done
Event: 0.448 loading class java/lang/ClassLoader$2
Event: 0.448 loading class java/lang/ClassLoader$2 done
Event: 0.448 loading class sun/misc/URLClassPath$1
Event: 0.448 loading class sun/misc/URLClassPath$1 done


Dynamic libraries:
0x00007ff6dbe30000 - 0x00007ff6dbe67000 	X:\Program Files\Java\jdk1.8.0_73\bin\java.exe
0x00007ff876650000 - 0x00007ff876811000 	X:\Windows\SYSTEM32\ntdll.dll
0x00007ff8762a0000 - 0x00007ff87634d000 	X:\Windows\system32\KERNEL32.DLL
0x00007ff873400000 - 0x00007ff8735e8000 	X:\Windows\system32\KERNELBASE.dll
0x00007ff875900000 - 0x00007ff8759a7000 	X:\Windows\system32\ADVAPI32.dll
0x00007ff875860000 - 0x00007ff8758fd000 	X:\Windows\system32\msvcrt.dll
0x00007ff876020000 - 0x00007ff87607b000 	X:\Windows\system32\sechost.dll
0x00007ff874050000 - 0x00007ff87416c000 	X:\Windows\system32\RPCRT4.dll
0x00007ff873ee0000 - 0x00007ff874036000 	X:\Windows\system32\USER32.dll
0x00007ff8756d0000 - 0x00007ff875856000 	X:\Windows\system32\GDI32.dll
0x00007ff86b170000 - 0x00007ff86b3e4000 	X:\Windows\WinSxS\amd64_microsoft.windows.common-controls_6595b64144ccf1df_6.0.10586.0_none_8c15ae12515e1c22\COMCTL32.dll
0x00007ff875d20000 - 0x00007ff875f9d000 	X:\Windows\system32\combase.dll
0x00007ff873740000 - 0x00007ff8737aa000 	X:\Windows\system32\bcryptPrimitives.dll
0x00007ff873a50000 - 0x00007ff873a8b000 	X:\Windows\system32\IMM32.DLL
0x0000000053340000 - 0x0000000053412000 	X:\Program Files\Java\jdk1.8.0_73\jre\bin\msvcr100.dll
0x00000000538d0000 - 0x0000000054160000 	X:\Program Files\Java\jdk1.8.0_73\jre\bin\server\jvm.dll
0x00007ff874040000 - 0x00007ff874048000 	X:\Windows\system32\PSAPI.DLL
0x00007ff86b4c0000 - 0x00007ff86b4c9000 	X:\Windows\SYSTEM32\WSOCK32.dll
0x00007ff870f20000 - 0x00007ff870f43000 	X:\Windows\SYSTEM32\WINMM.dll
0x00007ff86f250000 - 0x00007ff86f25a000 	X:\Windows\SYSTEM32\VERSION.dll
0x00007ff875fa0000 - 0x00007ff87600b000 	X:\Windows\system32\WS2_32.dll
0x00000000020f0000 - 0x000000000211c000 	X:\Windows\SYSTEM32\WINMMBASE.dll
0x00007ff872d60000 - 0x00007ff872da3000 	X:\Windows\system32\cfgmgr32.dll
0x00000000537e0000 - 0x00000000537ef000 	X:\Program Files\Java\jdk1.8.0_73\jre\bin\verify.dll
0x00000000537b0000 - 0x00000000537d9000 	X:\Program Files\Java\jdk1.8.0_73\jre\bin\java.dll
0x0000000053790000 - 0x00000000537a6000 	X:\Program Files\Java\jdk1.8.0_73\jre\bin\zip.dll
0x00007ff874170000 - 0x00007ff8756cc000 	X:\Windows\system32\SHELL32.dll
0x00007ff872db0000 - 0x00007ff8733f5000 	X:\Windows\system32\windows.storage.dll
0x00007ff876240000 - 0x00007ff876292000 	X:\Windows\system32\shlwapi.dll
0x00007ff872ce0000 - 0x00007ff872cef000 	X:\Windows\system32\kernel.appcore.dll
0x00007ff873680000 - 0x00007ff873735000 	X:\Windows\system32\shcore.dll
0x00007ff872c90000 - 0x00007ff872cdb000 	X:\Windows\system32\powrprof.dll
0x00007ff872c70000 - 0x00007ff872c84000 	X:\Windows\system32\profapi.dll

VM Arguments:
jvm_args: -Djava.awt.headless=true -Xmx1024M -Dfile.encoding=GBK -Duser.country=CN -Duser.language=zh -Duser.variant 
java_command: com.android.dx.command.Main --dex --num-threads=4 --output E:\Android\CalorieCounter\app\build\intermediates\transforms\dex\debug\folders\1000\1f\main E:\Android\CalorieCounter\app\build\intermediates\pre-dexed\debug\support-annotations-23.2.1_2e6423b2a1aa708300021fd06c6d392603913234.jar E:\Android\CalorieCounter\app\build\intermediates\pre-dexed\debug\com.android.support-animated-vector-drawable-23.2.1_9d8a522756db05b620f3f4646540bf28eaccbeaa.jar E:\Android\CalorieCounter\app\build\intermediates\pre-dexed\debug\com.android.support-support-vector-drawable-23.2.1_1a3f9e49dc1869e607465cca88919c38fde5a3fa.jar E:\Android\CalorieCounter\app\build\intermediates\pre-dexed\debug\debug_c12e9ece3e3c2bd2b03ef862e6ab9486fb6796ba.jar E:\Android\CalorieCounter\app\build\intermediates\pre-dexed\debug\internal_impl-23.2.1_49064801473cbca27248b55bf399760905628d45.jar E:\Android\CalorieCounter\app\build\intermediates\pre-dexed\debug\com.android.support-design-23.2.1_2a94e4507ec2bfa02df0223d8ec37cf5629c4adb.jar E:\Android\CalorieCounter\app\build\intermediates\pre-dexed\debug\com.android.support-recyclerview-v7-23.2.1_cb35dfa9523e54eeed80bd1c589bce78c7221fca.jar E:\Android\CalorieCounter\app\build\intermediates\pre-dexed\debug\com.android.support-appcompat-v7-23.2.1_14a456de78e3d3b230e6c027cdbf92653362251b.jar E:\Android\CalorieCounter\app\build\intermediates\pre-dexed\debug\com.android.support-support-v4-23.2.1_b3f86bb7eb2bf098389785e98df432783523f3ad.jar
java_class_path (initial): E:\QMDownload\SDK\build-tools\23.0.3\lib\dx.jar
Launcher Type: SUN_STANDARD

Environment Variables:
PATH=X:\ProgramData\Oracle\Java\javapath;X:\Windows\system32;X:\Windows;X:\Windows\System32\Wbem;X:\Windows\System32\WindowsPowerShell\v1.0\;X:\Program Files (x86)\ATI Technologies\ATI.ACE\Core-Static;D:\Program Files\MATLAB\R2013a\runtime\win64;D:\Program Files\MATLAB\R2013a\bin;X:\Program Files\Java\jdk1.8.0_73\bin;D:\Python27;X:\Program Files (x86)\MySQL\MySQL Fabric 1.5 & MySQL Utilities 1.5\;X:\Program Files (x86)\MySQL\MySQL Fabric 1.5 & MySQL Utilities 1.5\Doctrine extensions for PHP\
USERNAME=ÍõÉ­
OS=Windows_NT
PROCESSOR_IDENTIFIER=Intel64 Family 6 Model 60 Stepping 3, GenuineIntel



---------------  S Y S T E M  ---------------

OS: Windows 10.0 , 64 bit Build 10586 (10.0.10586.0)

CPU:total 4 (4 cores per cpu, 1 threads per core) family 6 model 60 stepping 3, cmov, cx8, fxsr, mmx, sse, sse2, sse3, ssse3, sse4.1, sse4.2, popcnt, avx, avx2, aes, clmul, erms, lzcnt, tsc, tscinvbit, bmi1, bmi2

Memory: 4k page, physical 8315044k(1660496k free), swap 8315044k(5132k free)

vm_info: Java HotSpot(TM) 64-Bit Server VM (25.73-b02) for windows-amd64 JRE (1.8.0_73-b02), built on Jan 29 2016 17:38:49 by "java_re" with MS VC++ 10.0 (VS2010)

time: Sat Apr 16 16:07:10 2016
elapsed time: 0 seconds (0d 0h 0m 0s)

