#
# There is insufficient memory for the Java Runtime Environment to continue.
# Native memory allocation (malloc) failed to allocate 32744 bytes for ChunkPool::allocate
# Possible reasons:
#   The system is out of physical RAM or swap space
#   In 32 bit mode, the process size limit was hit
# Possible solutions:
#   Reduce memory load on the system
#   Increase physical memory or swap space
#   Check if swap backing store is full
#   Use 64 bit Java on a 64 bit OS
#   Decrease Java heap size (-Xmx/-Xms)
#   Decrease number of Java threads
#   Decrease Java thread stack sizes (-Xss)
#   Set larger code cache with -XX:ReservedCodeCacheSize=
# This output file may be truncated or incomplete.
#
#  Out of Memory Error (allocation.cpp:273), pid=2176, tid=11696
#
# JRE version: Java(TM) SE Runtime Environment (8.0_73-b02) (build 1.8.0_73-b02)
# Java VM: Java HotSpot(TM) 64-Bit Server VM (25.73-b02 mixed mode windows-amd64 compressed oops)
# Failed to write core dump. Minidumps are not enabled by default on client versions of Windows
#

---------------  T H R E A D  ---------------

Current thread (0x000000001730e800):  JavaThread "C1 CompilerThread2" daemon [_thread_in_native, id=11696, stack(0x0000000018e10000,0x0000000018f10000)]

Stack: [0x0000000018e10000,0x0000000018f10000]
[error occurred during error reporting (printing stack bounds), id 0xc0000005]

Native frames: (J=compiled Java code, j=interpreted, Vv=VM code, C=native code)


Current CompileTask:
C1:    660  537   !   3       com.android.dx.cf.code.BytecodeArray::parseInstruction (2764 bytes)


---------------  P R O C E S S  ---------------

Java Threads: ( => current thread )
  0x0000000018bed800 JavaThread "pool-2-thread-4" [_thread_in_Java, id=13712, stack(0x0000000019510000,0x0000000019610000)]
  0x0000000018beb800 JavaThread "pool-3-thread-1" [_thread_blocked, id=8352, stack(0x0000000019210000,0x0000000019310000)]
  0x0000000018be8800 JavaThread "pool-2-thread-1" [_thread_in_Java, id=6492, stack(0x0000000019110000,0x0000000019210000)]
  0x0000000018987000 JavaThread "Service Thread" daemon [_thread_blocked, id=324, stack(0x0000000018f10000,0x0000000019010000)]
=>0x000000001730e800 JavaThread "C1 CompilerThread2" daemon [_thread_in_native, id=11696, stack(0x0000000018e10000,0x0000000018f10000)]
  0x000000001730d800 JavaThread "C2 CompilerThread1" daemon [_thread_in_native, id=13816, stack(0x0000000018d10000,0x0000000018e10000)]
  0x000000001730a000 JavaThread "C2 CompilerThread0" daemon [_thread_blocked, id=1076, stack(0x0000000018810000,0x0000000018910000)]
  0x0000000017308000 JavaThread "Attach Listener" daemon [_thread_blocked, id=7660, stack(0x0000000018710000,0x0000000018810000)]
  0x00000000172bd000 JavaThread "Signal Dispatcher" daemon [_thread_blocked, id=8256, stack(0x0000000018610000,0x0000000018710000)]
  0x00000000025b0800 JavaThread "Finalizer" daemon [_thread_blocked, id=8496, stack(0x0000000018510000,0x0000000018610000)]
  0x00000000025ad000 JavaThread "Reference Handler" daemon [_thread_blocked, id=17972, stack(0x0000000018410000,0x0000000018510000)]
  0x00000000024c0800 JavaThread "main" [_thread_blocked, id=14984, stack(0x00000000007a0000,0x00000000008a0000)]

Other Threads:
  0x0000000017278000 VMThread [stack: 0x0000000018310000,0x0000000018410000] [id=18196]
  0x00000000189ee000 WatcherThread [stack: 0x0000000019010000,0x0000000019110000] [id=15656]

VM state:not at safepoint (normal execution)

VM Mutex/Monitor currently owned by a thread: None

Heap:
 PSYoungGen      total 38400K, used 12903K [0x00000000d5580000, 0x00000000d8000000, 0x0000000100000000)
  eden space 33280K, 38% used [0x00000000d5580000,0x00000000d6219c58,0x00000000d7600000)
  from space 5120K, 0% used [0x00000000d7b00000,0x00000000d7b00000,0x00000000d8000000)
  to   space 5120K, 0% used [0x00000000d7600000,0x00000000d7600000,0x00000000d7b00000)
 ParOldGen       total 87552K, used 0K [0x0000000080000000, 0x0000000085580000, 0x00000000d5580000)
  object space 87552K, 0% used [0x0000000080000000,0x0000000080000000,0x0000000085580000)
 Metaspace       used 5538K, capacity 6516K, committed 6784K, reserved 1056768K
  class space    used 602K, capacity 620K, committed 640K, reserved 1048576K

Card table byte_map: [0x0000000011a50000,0x0000000011e60000] byte_map_base: 0x0000000011650000

Marking Bits: (ParMarkBitMap*) 0x000000005df00600
 Begin Bits: [0x0000000012510000, 0x0000000014510000)
 End Bits:   [0x0000000014510000, 0x0000000016510000)

Polling page: 0x00000000001f0000

CodeCache: size=245760Kb used=2132Kb max_used=2143Kb free=243627Kb
 bounds [0x0000000002690000, 0x0000000002900000, 0x0000000011690000]
 total_blobs=806 nmethods=535 adapters=184
 compilation: enabled

Compilation events (10 events):
Event: 0.655 Thread 0x000000001730e800  533       3       java.util.ArrayList::subList (22 bytes)
Event: 0.655 Thread 0x000000001730d800 nmethod 536 0x00000000028a2410 code [0x00000000028a2540, 0x00000000028a25d8]
Event: 0.655 Thread 0x000000001730e800 nmethod 533 0x00000000028a1f50 code [0x00000000028a20c0, 0x00000000028a2318]
Event: 0.655 Thread 0x000000001730e800  534       3       java.util.ArrayList::subListRangeCheck (110 bytes)
Event: 0.655 Thread 0x000000001730a000  541       4       java.util.ArrayList::add (29 bytes)
Event: 0.656 Thread 0x000000001730e800 nmethod 534 0x00000000028a3750 code [0x00000000028a3a80, 0x00000000028a53c8]
Event: 0.656 Thread 0x000000001730e800  537   !   3       com.android.dx.cf.code.BytecodeArray::parseInstruction (2764 bytes)
Event: 0.658 Thread 0x000000001730a000 nmethod 541 0x00000000028a1890 code [0x00000000028a19e0, 0x00000000028a1cf8]
Event: 0.659 Thread 0x000000001730d800  546       4       java.util.ArrayList::ensureCapacityInternal (23 bytes)
Event: 0.659 Thread 0x000000001730a000  547       4       java.lang.Long::bitCount (61 bytes)

GC Heap History (0 events):
No events

Deoptimization events (1 events):
Event: 0.658 Thread 0x0000000018be8800 Uncommon trap: reason=unstable_if action=reinterpret pc=0x0000000002892cfc method=java.util.HashMap.getNode(ILjava/lang/Object;)Ljava/util/HashMap$Node; @ 62

Internal exceptions (2 events):
Event: 0.039 Thread 0x00000000024c0800 Exception <a 'java/lang/NoSuchMethodError': Method sun.misc.Unsafe.defineClass(Ljava/lang/String;[BII)Ljava/lang/Class; name or signature does not match> (0x00000000d5593090) thrown at [D:\re\puppet\workspace\8-2-build-windows-amd64-cygwin\jdk8u73\6086\hot∂MÈÏé»£?
Event: 0.039 Thread 0x00000000024c0800 Exception <a 'java/lang/NoSuchMethodError': Method sun.misc.Unsafe.prefetchRead(Ljava/lang/Object;J)V name or signature does not match> (0x00000000d5593378) thrown at [D:\re\puppet\workspace\8-2-build-windows-amd64-cygwin\jdk8u73\6086\hotspot\src\share\vm\

Events (10 events):
Event: 0.651 Thread 0x0000000018bec000 Thread exited: 0x0000000018bec000
Event: 0.657 loading class com/android/dx/cf/code/Ropper$ExceptionHandlerSetup
Event: 0.657 loading class com/android/dx/cf/code/Ropper$ExceptionHandlerSetup done
Event: 0.658 Thread 0x0000000018be8800 Uncommon trap: trap_request=0xffffff65 fr.pc=0x0000000002892cfc
Event: 0.658 Thread 0x0000000018be8800 DEOPT PACKING pc=0x0000000002892cfc sp=0x000000001920e810
Event: 0.658 Thread 0x0000000018be8800 DEOPT UNPACKING pc=0x00000000026d582a sp=0x000000001920e788 mode 2
Event: 0.659 loading class java/util/HashMap$Values
Event: 0.659 loading class java/util/HashMap$Values done
Event: 0.659 loading class java/util/HashMap$ValueIterator
Event: 0.659 loading class java/util/HashMap$ValueIterator done


Dynamic libraries:
0x00007ff7f8750000 - 0x00007ff7f8787000 	X:\Program Files\Java\jdk1.8.0_73\bin\java.exe
0x00007ffae65e0000 - 0x00007ffae67a1000 	X:\Windows\SYSTEM32\ntdll.dll
0x00007ffae39e0000 - 0x00007ffae3a8d000 	X:\Windows\system32\KERNEL32.DLL
0x00007ffae3420000 - 0x00007ffae3608000 	X:\Windows\system32\KERNELBASE.dll
0x00007ffae5290000 - 0x00007ffae5337000 	X:\Windows\system32\ADVAPI32.dll
0x00007ffae6300000 - 0x00007ffae639d000 	X:\Windows\system32\msvcrt.dll
0x00007ffae61d0000 - 0x00007ffae622b000 	X:\Windows\system32\sechost.dll
0x00007ffae5830000 - 0x00007ffae594c000 	X:\Windows\system32\RPCRT4.dll
0x00007ffae5950000 - 0x00007ffae5aa6000 	X:\Windows\system32\USER32.dll
0x00007ffae56a0000 - 0x00007ffae5826000 	X:\Windows\system32\GDI32.dll
0x00007ffadd050000 - 0x00007ffadd2c4000 	X:\Windows\WinSxS\amd64_microsoft.windows.common-controls_6595b64144ccf1df_6.0.10586.0_none_8c15ae12515e1c22\COMCTL32.dll
0x00007ffae5ab0000 - 0x00007ffae5d2d000 	X:\Windows\system32\combase.dll
0x00007ffae3330000 - 0x00007ffae339a000 	X:\Windows\system32\bcryptPrimitives.dll
0x00007ffae4ff0000 - 0x00007ffae502b000 	X:\Windows\system32\IMM32.DLL
0x000000005d270000 - 0x000000005d342000 	X:\Program Files\Java\jdk1.8.0_73\jre\bin\msvcr100.dll
0x000000005d6f0000 - 0x000000005df80000 	X:\Program Files\Java\jdk1.8.0_73\jre\bin\server\jvm.dll
0x00007ffae65d0000 - 0x00007ffae65d8000 	X:\Windows\system32\PSAPI.DLL
0x00007ffae0cb0000 - 0x00007ffae0cb9000 	X:\Windows\SYSTEM32\WSOCK32.dll
0x00007ffae6160000 - 0x00007ffae61cb000 	X:\Windows\system32\WS2_32.dll
0x00007ffae0ef0000 - 0x00007ffae0f13000 	X:\Windows\SYSTEM32\WINMM.dll
0x00007ffadf760000 - 0x00007ffadf76a000 	X:\Windows\SYSTEM32\VERSION.dll
0x00007ffae0e80000 - 0x00007ffae0eac000 	X:\Windows\SYSTEM32\WINMMBASE.dll
0x00007ffae2c90000 - 0x00007ffae2cd3000 	X:\Windows\system32\cfgmgr32.dll
0x000000005d6e0000 - 0x000000005d6ef000 	X:\Program Files\Java\jdk1.8.0_73\jre\bin\verify.dll
0x000000005d6b0000 - 0x000000005d6d9000 	X:\Program Files\Java\jdk1.8.0_73\jre\bin\java.dll
0x000000005d690000 - 0x000000005d6a6000 	X:\Program Files\Java\jdk1.8.0_73\jre\bin\zip.dll
0x00007ffae3a90000 - 0x00007ffae4fec000 	X:\Windows\system32\SHELL32.dll
0x00007ffae2ce0000 - 0x00007ffae3325000 	X:\Windows\system32\windows.storage.dll
0x00007ffae6460000 - 0x00007ffae64b2000 	X:\Windows\system32\shlwapi.dll
0x00007ffae2c80000 - 0x00007ffae2c8f000 	X:\Windows\system32\kernel.appcore.dll
0x00007ffae3750000 - 0x00007ffae3805000 	X:\Windows\system32\shcore.dll
0x00007ffae2c00000 - 0x00007ffae2c4b000 	X:\Windows\system32\powrprof.dll
0x00007ffae2c60000 - 0x00007ffae2c74000 	X:\Windows\system32\profapi.dll

VM Arguments:
jvm_args: -Djava.awt.headless=true -Xmx2g -Dfile.encoding=GBK -Duser.country=CN -Duser.language=zh -Duser.variant 
java_command: com.android.dx.command.Main --dex --num-threads=4 --multi-dex --output E:\Android\CalorieCounter\app\build\intermediates\transforms\dex\debug\folders\1000\10\com.android.support-animated-vector-drawable-23.2.1_9d8a522756db05b620f3f4646540bf28eaccbeaa E:\Android\CalorieCounter\app\build\intermediates\exploded-aar\com.android.support\animated-vector-drawable\23.2.1\jars\classes.jar
java_class_path (initial): E:\QMDownload\SDK\build-tools\23.0.3\lib\dx.jar
Launcher Type: SUN_STANDARD

Environment Variables:
PATH=X:\ProgramData\Oracle\Java\javapath;X:\Windows\system32;X:\Windows;X:\Windows\System32\Wbem;X:\Windows\System32\WindowsPowerShell\v1.0\;X:\Program Files (x86)\ATI Technologies\ATI.ACE\Core-Static;D:\Program Files\MATLAB\R2013a\runtime\win64;D:\Program Files\MATLAB\R2013a\bin;X:\Program Files\Java\jdk1.8.0_73\bin;D:\Python27;X:\Program Files (x86)\MySQL\MySQL Fabric 1.5 & MySQL Utilities 1.5\;X:\Program Files (x86)\MySQL\MySQL Fabric 1.5 & MySQL Utilities 1.5\Doctrine extensions for PHP\;E:\QMDownload\SDK\platform-tools
USERNAME=Õı…≠
OS=Windows_NT
PROCESSOR_IDENTIFIER=Intel64 Family 6 Model 60 Stepping 3, GenuineIntel



---------------  S Y S T E M  ---------------

OS: Windows 10.0 , 64 bit Build 10586 (10.0.10586.0)

CPU:total 4 (4 cores per cpu, 1 threads per core) family 6 model 60 stepping 3, cmov, cx8, fxsr, mmx, sse, sse2, sse3, ssse3, sse4.1, sse4.2, popcnt, avx, avx2, aes, clmul, erms, lzcnt, tsc, tscinvbit, bmi1, bmi2

Memory: 4k page, physical 8315044k(2006724k free), swap 8315044k(3592k free)

vm_info: Java HotSpot(TM) 64-Bit Server VM (25.73-b02) for windows-amd64 JRE (1.8.0_73-b02), built on Jan 29 2016 17:38:49 by "java_re" with MS VC++ 10.0 (VS2010)

time: Fri Apr 22 16:45:52 2016
elapsed time: 0 seconds (0d 0h 0m 0s)

