#
# There is insufficient memory for the Java Runtime Environment to continue.
# Native memory allocation (malloc) failed to allocate 433680 bytes for Chunk::new
# Possible reasons:
#   The system is out of physical RAM or swap space
#   In 32 bit mode, the process size limit was hit
# Possible solutions:
#   Reduce memory load on the system
#   Increase physical memory or swap space
#   Check if swap backing store is full
#   Use 64 bit Java on a 64 bit OS
#   Decrease Java heap size (-Xmx/-Xms)
#   Decrease number of Java threads
#   Decrease Java thread stack sizes (-Xss)
#   Set larger code cache with -XX:ReservedCodeCacheSize=
# This output file may be truncated or incomplete.
#
#  Out of Memory Error (allocation.cpp:390), pid=15100, tid=5768
#
# JRE version: Java(TM) SE Runtime Environment (8.0_73-b02) (build 1.8.0_73-b02)
# Java VM: Java HotSpot(TM) 64-Bit Server VM (25.73-b02 mixed mode windows-amd64 compressed oops)
# Failed to write core dump. Minidumps are not enabled by default on client versions of Windows
#

---------------  T H R E A D  ---------------

Current thread (0x00000000172dd800):  JavaThread "C2 CompilerThread1" daemon [_thread_in_native, id=5768, stack(0x0000000018d30000,0x0000000018e30000)]

Stack: [0x0000000018d30000,0x0000000018e30000]
[error occurred during error reporting (printing stack bounds), id 0xc0000005]

Native frames: (J=compiled Java code, j=interpreted, Vv=VM code, C=native code)


Current CompileTask:
C2:   1110 1182       4       com.android.dx.ssa.SCCP::simulatePhi (169 bytes)


---------------  P R O C E S S  ---------------

Java Threads: ( => current thread )
  0x0000000018b88000 JavaThread "pool-2-thread-4" [_thread_in_vm, id=972, stack(0x0000000019530000,0x0000000019630000)]
  0x0000000018b87000 JavaThread "pool-2-thread-3" [_thread_blocked, id=13856, stack(0x0000000019430000,0x0000000019530000)]
  0x0000000018ae0000 JavaThread "pool-2-thread-2" [_thread_blocked, id=14660, stack(0x0000000019330000,0x0000000019430000)]
  0x0000000018ad2000 JavaThread "pool-3-thread-1" [_thread_blocked, id=14012, stack(0x0000000019230000,0x0000000019330000)]
  0x0000000018ad1800 JavaThread "pool-2-thread-1" [_thread_blocked, id=16796, stack(0x0000000019130000,0x0000000019230000)]
  0x0000000018998800 JavaThread "Service Thread" daemon [_thread_blocked, id=7808, stack(0x0000000018f30000,0x0000000019030000)]
  0x0000000018988800 JavaThread "C1 CompilerThread2" daemon [_thread_in_native, id=6172, stack(0x0000000018e30000,0x0000000018f30000)]
=>0x00000000172dd800 JavaThread "C2 CompilerThread1" daemon [_thread_in_native, id=5768, stack(0x0000000018d30000,0x0000000018e30000)]
  0x00000000172da000 JavaThread "C2 CompilerThread0" daemon [_thread_in_native, id=15888, stack(0x0000000018830000,0x0000000018930000)]
  0x000000001728d800 JavaThread "Attach Listener" daemon [_thread_blocked, id=13116, stack(0x0000000018730000,0x0000000018830000)]
  0x0000000017277000 JavaThread "Signal Dispatcher" daemon [_thread_blocked, id=7056, stack(0x0000000018630000,0x0000000018730000)]
  0x0000000002650800 JavaThread "Finalizer" daemon [_thread_blocked, id=19944, stack(0x00000000184d0000,0x00000000185d0000)]
  0x000000000264d000 JavaThread "Reference Handler" daemon [_thread_blocked, id=8332, stack(0x00000000183d0000,0x00000000184d0000)]
  0x0000000002561000 JavaThread "main" [_thread_blocked, id=8064, stack(0x0000000002080000,0x0000000002180000)]

Other Threads:
  0x0000000017248000 VMThread [stack: 0x00000000182d0000,0x00000000183d0000] [id=18764]
  0x00000000189fe800 WatcherThread [stack: 0x0000000019030000,0x0000000019130000] [id=15096]

VM state:not at safepoint (normal execution)

VM Mutex/Monitor currently owned by a thread: None

Heap:
 PSYoungGen      total 38400K, used 5118K [0x00000000d5580000, 0x00000000d8000000, 0x0000000100000000)
  eden space 33280K, 0% used [0x00000000d5580000,0x00000000d5580260,0x00000000d7600000)
  from space 5120K, 99% used [0x00000000d7600000,0x00000000d7aff778,0x00000000d7b00000)
  to   space 5120K, 0% used [0x00000000d7b00000,0x00000000d7b00000,0x00000000d8000000)
 ParOldGen       total 87552K, used 2188K [0x0000000080000000, 0x0000000085580000, 0x00000000d5580000)
  object space 87552K, 2% used [0x0000000080000000,0x0000000080223130,0x0000000085580000)
 Metaspace       used 5879K, capacity 6960K, committed 7040K, reserved 1056768K
  class space    used 586K, capacity 616K, committed 640K, reserved 1048576K

Card table byte_map: [0x0000000011a20000,0x0000000011e30000] byte_map_base: 0x0000000011620000

Marking Bits: (ParMarkBitMap*) 0x000000005dcb0600
 Begin Bits: [0x00000000124e0000, 0x00000000144e0000)
 End Bits:   [0x00000000144e0000, 0x00000000164e0000)

Polling page: 0x0000000000500000

CodeCache: size=245760Kb used=5173Kb max_used=5173Kb free=240586Kb
 bounds [0x0000000002660000, 0x0000000002b80000, 0x0000000011660000]
 total_blobs=1537 nmethods=1273 adapters=177
 compilation: enabled

Compilation events (10 events):
Event: 0.932 Thread 0x0000000018988800 1273       3       com.android.dx.rop.code.LocalItem::make (20 bytes)
Event: 0.932 Thread 0x0000000018988800 nmethod 1273 0x0000000002b6f910 code [0x0000000002b6fa80, 0x0000000002b6fd70]
Event: 0.932 Thread 0x0000000018988800 1274       3       com.android.dx.rop.code.LocalItem::<init> (15 bytes)
Event: 0.932 Thread 0x0000000018988800 nmethod 1274 0x0000000002b6fe90 code [0x0000000002b6ffe0, 0x0000000002b701b0]
Event: 0.932 Thread 0x0000000018988800 1275       3       com.android.dx.ssa.SsaMethod$2::visitPhiInsn (6 bytes)
Event: 0.932 Thread 0x0000000018988800 nmethod 1275 0x0000000002b70250 code [0x0000000002b703c0, 0x0000000002b70548]
Event: 0.932 Thread 0x0000000018988800 1276       3       com.android.dx.ssa.SsaMethod$1::visitPhiInsn (17 bytes)
Event: 0.932 Thread 0x0000000018988800 nmethod 1276 0x0000000002b705d0 code [0x0000000002b70740, 0x0000000002b70b30]
Event: 0.932 Thread 0x0000000018988800 1277       3       com.android.dx.rop.cst.CstString::equals (24 bytes)
Event: 0.933 Thread 0x0000000018988800 nmethod 1277 0x0000000002b70cd0 code [0x0000000002b70e40, 0x0000000002b71288]

GC Heap History (2 events):
Event: 0.933 GC heap before
{Heap before GC invocations=1 (full 0):
 PSYoungGen      total 38400K, used 33280K [0x00000000d5580000, 0x00000000d8000000, 0x0000000100000000)
  eden space 33280K, 100% used [0x00000000d5580000,0x00000000d7600000,0x00000000d7600000)
  from space 5120K, 0% used [0x00000000d7b00000,0x00000000d7b00000,0x00000000d8000000)
  to   space 5120K, 0% used [0x00000000d7600000,0x00000000d7600000,0x00000000d7b00000)
 ParOldGen       total 87552K, used 0K [0x0000000080000000, 0x0000000085580000, 0x00000000d5580000)
  object space 87552K, 0% used [0x0000000080000000,0x0000000080000000,0x0000000085580000)
 Metaspace       used 5878K, capacity 6960K, committed 7040K, reserved 1056768K
  class space    used 586K, capacity 616K, committed 640K, reserved 1048576K
Event: 1.108 GC heap after
Heap after GC invocations=1 (full 0):
 PSYoungGen      total 38400K, used 5117K [0x00000000d5580000, 0x00000000d8000000, 0x0000000100000000)
  eden space 33280K, 0% used [0x00000000d5580000,0x00000000d5580000,0x00000000d7600000)
  from space 5120K, 99% used [0x00000000d7600000,0x00000000d7aff778,0x00000000d7b00000)
  to   space 5120K, 0% used [0x00000000d7b00000,0x00000000d7b00000,0x00000000d8000000)
 ParOldGen       total 87552K, used 2188K [0x0000000080000000, 0x0000000085580000, 0x00000000d5580000)
  object space 87552K, 2% used [0x0000000080000000,0x0000000080223130,0x0000000085580000)
 Metaspace       used 5878K, capacity 6960K, committed 7040K, reserved 1056768K
  class space    used 586K, capacity 616K, committed 640K, reserved 1048576K
}

Deoptimization events (10 events):
Event: 0.455 Thread 0x0000000002561000 Uncommon trap: reason=unstable_if action=reinterpret pc=0x0000000002818b30 method=com.android.dx.rop.cst.CstFieldRef.compareTo0(Lcom/android/dx/rop/cst/Constant;)I @ 7
Event: 0.455 Thread 0x0000000002561000 Uncommon trap: reason=unstable_if action=reinterpret pc=0x0000000002826d38 method=com.android.dx.rop.cst.CstFieldRef.compareTo0(Lcom/android/dx/rop/cst/Constant;)I @ 7
Event: 0.479 Thread 0x0000000018ae0000 Uncommon trap: reason=unstable_if action=reinterpret pc=0x00000000028bf204 method=java.util.HashMap.getNode(ILjava/lang/Object;)Ljava/util/HashMap$Node; @ 62
Event: 0.616 Thread 0x0000000002561000 Uncommon trap: reason=unstable_if action=reinterpret pc=0x00000000027edd40 method=java.lang.String.<init>([CII)V @ 18
Event: 0.621 Thread 0x0000000002561000 Uncommon trap: reason=unloaded action=reinterpret pc=0x0000000002939ce0 method=com.android.dx.cf.cst.ConstantPoolParser.parse0(ILjava/util/BitSet;)Lcom/android/dx/rop/cst/Constant; @ 475
Event: 0.673 Thread 0x0000000018ae0000 Uncommon trap: reason=class_check action=maybe_recompile pc=0x0000000002955b88 method=com.android.dx.ssa.SsaBasicBlock.forEachInsn(Lcom/android/dx/ssa/SsaInsn$Visitor;)V @ 23
Event: 0.674 Thread 0x0000000018ae0000 Uncommon trap: reason=class_check action=maybe_recompile pc=0x0000000002955b88 method=com.android.dx.ssa.SsaBasicBlock.forEachInsn(Lcom/android/dx/ssa/SsaInsn$Visitor;)V @ 23
Event: 0.674 Thread 0x0000000018ae0000 Uncommon trap: reason=class_check action=maybe_recompile pc=0x0000000002955b88 method=com.android.dx.ssa.SsaBasicBlock.forEachInsn(Lcom/android/dx/ssa/SsaInsn$Visitor;)V @ 23
Event: 0.674 Thread 0x0000000018ae0000 Uncommon trap: reason=class_check action=maybe_recompile pc=0x0000000002955b88 method=com.android.dx.ssa.SsaBasicBlock.forEachInsn(Lcom/android/dx/ssa/SsaInsn$Visitor;)V @ 23
Event: 0.693 Thread 0x0000000018b87000 Uncommon trap: reason=class_check action=maybe_recompile pc=0x00000000029e5d40 method=com.android.dx.ssa.NormalSsaInsn.accept(Lcom/android/dx/ssa/SsaInsn$Visitor;)V @ 9

Internal exceptions (2 events):
Event: 0.033 Thread 0x0000000002561000 Exception <a 'java/lang/NoSuchMethodError': Method sun.misc.Unsafe.defineClass(Ljava/lang/String;[BII)Ljava/lang/Class; name or signature does not match> (0x00000000d5593090) thrown at [D:\re\puppet\workspace\8-2-build-windows-amd64-cygwin\jdk8u73\6086\hot^∑Høqπ†?
Event: 0.033 Thread 0x0000000002561000 Exception <a 'java/lang/NoSuchMethodError': Method sun.misc.Unsafe.prefetchRead(Ljava/lang/Object;J)V name or signature does not match> (0x00000000d5593378) thrown at [D:\re\puppet\workspace\8-2-build-windows-amd64-cygwin\jdk8u73\6086\hotspot\src\share\vm\

Events (10 events):
Event: 0.753 Executing VM operation: ForceSafepoint
Event: 0.867 Executing VM operation: ForceSafepoint done
Event: 0.871 loading class com/android/dx/cf/direct/AnnotationParser
Event: 0.871 loading class com/android/dx/cf/direct/AnnotationParser done
Event: 0.872 loading class com/android/dx/cf/attrib/AttRuntimeInvisibleAnnotations
Event: 0.872 loading class com/android/dx/cf/attrib/AttRuntimeInvisibleAnnotations done
Event: 0.872 loading class com/android/dx/cf/attrib/BaseAnnotations
Event: 0.872 loading class com/android/dx/cf/attrib/BaseAnnotations done
Event: 0.933 Executing VM operation: ParallelGCFailedAllocation
Event: 1.109 Executing VM operation: ParallelGCFailedAllocation done


Dynamic libraries:
0x00007ff64d3f0000 - 0x00007ff64d427000 	X:\Program Files\Java\jdk1.8.0_73\bin\java.exe
0x00007ffae65e0000 - 0x00007ffae67a1000 	X:\Windows\SYSTEM32\ntdll.dll
0x00007ffae39e0000 - 0x00007ffae3a8d000 	X:\Windows\system32\KERNEL32.DLL
0x00007ffae3420000 - 0x00007ffae3608000 	X:\Windows\system32\KERNELBASE.dll
0x00007ffae5290000 - 0x00007ffae5337000 	X:\Windows\system32\ADVAPI32.dll
0x00007ffae6300000 - 0x00007ffae639d000 	X:\Windows\system32\msvcrt.dll
0x00007ffae61d0000 - 0x00007ffae622b000 	X:\Windows\system32\sechost.dll
0x00007ffae5830000 - 0x00007ffae594c000 	X:\Windows\system32\RPCRT4.dll
0x00007ffae5950000 - 0x00007ffae5aa6000 	X:\Windows\system32\USER32.dll
0x00007ffae56a0000 - 0x00007ffae5826000 	X:\Windows\system32\GDI32.dll
0x00007ffada4a0000 - 0x00007ffada714000 	X:\Windows\WinSxS\amd64_microsoft.windows.common-controls_6595b64144ccf1df_6.0.10586.0_none_8c15ae12515e1c22\COMCTL32.dll
0x00007ffae5ab0000 - 0x00007ffae5d2d000 	X:\Windows\system32\combase.dll
0x00007ffae3330000 - 0x00007ffae339a000 	X:\Windows\system32\bcryptPrimitives.dll
0x00007ffae4ff0000 - 0x00007ffae502b000 	X:\Windows\system32\IMM32.DLL
0x000000005d3c0000 - 0x000000005d492000 	X:\Program Files\Java\jdk1.8.0_73\jre\bin\msvcr100.dll
0x000000005d4a0000 - 0x000000005dd30000 	X:\Program Files\Java\jdk1.8.0_73\jre\bin\server\jvm.dll
0x00007ffae65d0000 - 0x00007ffae65d8000 	X:\Windows\system32\PSAPI.DLL
0x00007ffad6220000 - 0x00007ffad6229000 	X:\Windows\SYSTEM32\WSOCK32.dll
0x00007ffae6160000 - 0x00007ffae61cb000 	X:\Windows\system32\WS2_32.dll
0x00007ffae0ef0000 - 0x00007ffae0f13000 	X:\Windows\SYSTEM32\WINMM.dll
0x00007ffadf760000 - 0x00007ffadf76a000 	X:\Windows\SYSTEM32\VERSION.dll
0x00007ffae0e80000 - 0x00007ffae0eac000 	X:\Windows\SYSTEM32\WINMMBASE.dll
0x00007ffae2c90000 - 0x00007ffae2cd3000 	X:\Windows\system32\cfgmgr32.dll
0x000000005d370000 - 0x000000005d37f000 	X:\Program Files\Java\jdk1.8.0_73\jre\bin\verify.dll
0x000000005d340000 - 0x000000005d369000 	X:\Program Files\Java\jdk1.8.0_73\jre\bin\java.dll
0x000000005d320000 - 0x000000005d336000 	X:\Program Files\Java\jdk1.8.0_73\jre\bin\zip.dll
0x00007ffae3a90000 - 0x00007ffae4fec000 	X:\Windows\system32\SHELL32.dll
0x00007ffae2ce0000 - 0x00007ffae3325000 	X:\Windows\system32\windows.storage.dll
0x00007ffae6460000 - 0x00007ffae64b2000 	X:\Windows\system32\shlwapi.dll
0x00007ffae2c80000 - 0x00007ffae2c8f000 	X:\Windows\system32\kernel.appcore.dll
0x00007ffae3750000 - 0x00007ffae3805000 	X:\Windows\system32\shcore.dll
0x00007ffae2c00000 - 0x00007ffae2c4b000 	X:\Windows\system32\powrprof.dll
0x00007ffae2c60000 - 0x00007ffae2c74000 	X:\Windows\system32\profapi.dll

VM Arguments:
jvm_args: -Djava.awt.headless=true -Xmx2g -Dfile.encoding=GBK -Duser.country=CN -Duser.language=zh -Duser.variant 
java_command: com.android.dx.command.Main --dex --num-threads=4 --multi-dex --output E:\Android\CalorieCounter\app\build\intermediates\transforms\dex\debug\folders\1000\1\debug_c12e9ece3e3c2bd2b03ef862e6ab9486fb6796ba E:\Android\CalorieCounter\app\build\intermediates\classes\debug
java_class_path (initial): E:\QMDownload\SDK\build-tools\23.0.3\lib\dx.jar
Launcher Type: SUN_STANDARD

Environment Variables:
PATH=X:\ProgramData\Oracle\Java\javapath;X:\Windows\system32;X:\Windows;X:\Windows\System32\Wbem;X:\Windows\System32\WindowsPowerShell\v1.0\;X:\Program Files (x86)\ATI Technologies\ATI.ACE\Core-Static;D:\Program Files\MATLAB\R2013a\runtime\win64;D:\Program Files\MATLAB\R2013a\bin;X:\Program Files\Java\jdk1.8.0_73\bin;D:\Python27;X:\Program Files (x86)\MySQL\MySQL Fabric 1.5 & MySQL Utilities 1.5\;X:\Program Files (x86)\MySQL\MySQL Fabric 1.5 & MySQL Utilities 1.5\Doctrine extensions for PHP\
USERNAME=Õı…≠
OS=Windows_NT
PROCESSOR_IDENTIFIER=Intel64 Family 6 Model 60 Stepping 3, GenuineIntel



---------------  S Y S T E M  ---------------

OS: Windows 10.0 , 64 bit Build 10586 (10.0.10586.0)

CPU:total 4 (4 cores per cpu, 1 threads per core) family 6 model 60 stepping 3, cmov, cx8, fxsr, mmx, sse, sse2, sse3, ssse3, sse4.1, sse4.2, popcnt, avx, avx2, aes, clmul, erms, lzcnt, tsc, tscinvbit, bmi1, bmi2

Memory: 4k page, physical 8315044k(1671088k free), swap 8315044k(5152k free)

vm_info: Java HotSpot(TM) 64-Bit Server VM (25.73-b02) for windows-amd64 JRE (1.8.0_73-b02), built on Jan 29 2016 17:38:49 by "java_re" with MS VC++ 10.0 (VS2010)

time: Thu Apr 21 23:58:18 2016
elapsed time: 1 seconds (0d 0h 0m 1s)

