#
# There is insufficient memory for the Java Runtime Environment to continue.
# Native memory allocation (malloc) failed to allocate 32744 bytes for ChunkPool::allocate
# Possible reasons:
#   The system is out of physical RAM or swap space
#   In 32 bit mode, the process size limit was hit
# Possible solutions:
#   Reduce memory load on the system
#   Increase physical memory or swap space
#   Check if swap backing store is full
#   Use 64 bit Java on a 64 bit OS
#   Decrease Java heap size (-Xmx/-Xms)
#   Decrease number of Java threads
#   Decrease Java thread stack sizes (-Xss)
#   Set larger code cache with -XX:ReservedCodeCacheSize=
# This output file may be truncated or incomplete.
#
#  Out of Memory Error (allocation.cpp:273), pid=12928, tid=13776
#
# JRE version: Java(TM) SE Runtime Environment (8.0_73-b02) (build 1.8.0_73-b02)
# Java VM: Java HotSpot(TM) 64-Bit Server VM (25.73-b02 mixed mode windows-amd64 compressed oops)
# Failed to write core dump. Minidumps are not enabled by default on client versions of Windows
#

---------------  T H R E A D  ---------------

Current thread (0x0000000018877000):  JavaThread "C1 CompilerThread2" daemon [_thread_in_native, id=13776, stack(0x0000000018d20000,0x0000000018e20000)]

Stack: [0x0000000018d20000,0x0000000018e20000]
[error occurred during error reporting (printing stack bounds), id 0xc0000005]

Native frames: (J=compiled Java code, j=interpreted, Vv=VM code, C=native code)


Current CompileTask:
C1:    461  154   !   3       com.android.dx.cf.cst.ConstantPoolParser::parse0 (731 bytes)


---------------  P R O C E S S  ---------------

Java Threads: ( => current thread )
  0x0000000018a03000 JavaThread "pool-2-thread-4" [_thread_new, id=11172, stack(0x0000000000000000,0x0000000000000000)]
  0x00000000189fe000 JavaThread "pool-2-thread-3" [_thread_new, id=11572, stack(0x0000000000000000,0x0000000000000000)]
  0x00000000189fc800 JavaThread "pool-2-thread-2" [_thread_new, id=12596, stack(0x0000000000000000,0x0000000000000000)]
  0x00000000189f9800 JavaThread "pool-3-thread-1" [_thread_new, id=5148, stack(0x0000000000000000,0x0000000000000000)]
  0x00000000189f6800 JavaThread "pool-2-thread-1" [_thread_new, id=13148, stack(0x0000000000000000,0x0000000000000000)]
  0x000000001887e000 JavaThread "Service Thread" daemon [_thread_blocked, id=1404, stack(0x0000000018e20000,0x0000000018f20000)]
=>0x0000000018877000 JavaThread "C1 CompilerThread2" daemon [_thread_in_native, id=13776, stack(0x0000000018d20000,0x0000000018e20000)]
  0x000000001721d000 JavaThread "C2 CompilerThread1" daemon [_thread_blocked, id=14116, stack(0x0000000018c20000,0x0000000018d20000)]
  0x00000000171cd000 JavaThread "C2 CompilerThread0" daemon [_thread_blocked, id=9520, stack(0x0000000018720000,0x0000000018820000)]
  0x00000000171ca800 JavaThread "Attach Listener" daemon [_thread_blocked, id=7492, stack(0x0000000018620000,0x0000000018720000)]
  0x0000000017219800 JavaThread "Signal Dispatcher" daemon [_thread_blocked, id=3392, stack(0x0000000018520000,0x0000000018620000)]
  0x0000000002590800 JavaThread "Finalizer" daemon [_thread_blocked, id=14136, stack(0x0000000018420000,0x0000000018520000)]
  0x000000000258d000 JavaThread "Reference Handler" daemon [_thread_blocked, id=11836, stack(0x0000000018320000,0x0000000018420000)]
  0x00000000024a0800 JavaThread "main" [_thread_in_native, id=9244, stack(0x0000000001fb0000,0x00000000020b0000)]

Other Threads:
  0x0000000017188000 VMThread [stack: 0x0000000018220000,0x0000000018320000] [id=14384]
  0x0000000018885800 WatcherThread [stack: 0x0000000018f20000,0x0000000019020000] [id=3712]

VM state:not at safepoint (normal execution)

VM Mutex/Monitor currently owned by a thread: None

Heap:
 PSYoungGen      total 38400K, used 4659K [0x00000000d5580000, 0x00000000d8000000, 0x0000000100000000)
  eden space 33280K, 14% used [0x00000000d5580000,0x00000000d5a0ceb8,0x00000000d7600000)
  from space 5120K, 0% used [0x00000000d7b00000,0x00000000d7b00000,0x00000000d8000000)
  to   space 5120K, 0% used [0x00000000d7600000,0x00000000d7600000,0x00000000d7b00000)
 ParOldGen       total 87552K, used 0K [0x0000000080000000, 0x0000000085580000, 0x00000000d5580000)
  object space 87552K, 0% used [0x0000000080000000,0x0000000080000000,0x0000000085580000)
 Metaspace       used 3906K, capacity 5008K, committed 5120K, reserved 1056768K
  class space    used 439K, capacity 456K, committed 512K, reserved 1048576K

Card table byte_map: [0x0000000011960000,0x0000000011d70000] byte_map_base: 0x0000000011560000

Marking Bits: (ParMarkBitMap*) 0x00000000530a0600
 Begin Bits: [0x0000000012420000, 0x0000000014420000)
 End Bits:   [0x0000000014420000, 0x0000000016420000)

Polling page: 0x00000000001f0000

CodeCache: size=245760Kb used=1359Kb max_used=1370Kb free=244400Kb
 bounds [0x00000000025a0000, 0x0000000002810000, 0x00000000115a0000]
 total_blobs=412 nmethods=154 adapters=171
 compilation: enabled

Compilation events (10 events):
Event: 0.457 Thread 0x0000000018877000 nmethod 150 0x00000000026f1d50 code [0x00000000026f1f40, 0x00000000026f2848]
Event: 0.457 Thread 0x0000000018877000  152       3       com.android.dx.util.MutabilityControl::throwIfImmutable (18 bytes)
Event: 0.457 Thread 0x0000000018877000 nmethod 152 0x00000000026f2e10 code [0x00000000026f2f80, 0x00000000026f31e8]
Event: 0.457 Thread 0x0000000018877000  151       1       com.android.dx.rop.cst.CstString::isCategory2 (2 bytes)
Event: 0.457 Thread 0x0000000018877000 nmethod 151 0x00000000026f32d0 code [0x00000000026f3420, 0x00000000026f3530]
Event: 0.457 Thread 0x0000000018877000  153   !   3       java.lang.ref.ReferenceQueue::poll (28 bytes)
Event: 0.457 Thread 0x0000000018877000 nmethod 153 0x00000000026f3590 code [0x00000000026f3700, 0x00000000026f3a68]
Event: 0.458 Thread 0x0000000018877000  154   !   3       com.android.dx.cf.cst.ConstantPoolParser::parse0 (731 bytes)
Event: 0.459 Thread 0x000000001721d000  160       4       com.android.dx.util.ByteArray::checkOffsets (66 bytes)
Event: 0.460 Thread 0x000000001721d000 nmethod 160 0x00000000026f6a50 code [0x00000000026f6b80, 0x00000000026f6c38]

GC Heap History (0 events):
No events

Deoptimization events (0 events):
No events

Internal exceptions (2 events):
Event: 0.029 Thread 0x00000000024a0800 Exception <a 'java/lang/NoSuchMethodError': Method sun.misc.Unsafe.defineClass(Ljava/lang/String;[BII)Ljava/lang/Class; name or signature does not match> (0x00000000d5593090) thrown at [D:\re\puppet\workspace\8-2-build-windows-amd64-cygwin\jdk8u73\6086\hotßÿÇ¨ˇˇù?
Event: 0.029 Thread 0x00000000024a0800 Exception <a 'java/lang/NoSuchMethodError': Method sun.misc.Unsafe.prefetchRead(Ljava/lang/Object;J)V name or signature does not match> (0x00000000d5593378) thrown at [D:\re\puppet\workspace\8-2-build-windows-amd64-cygwin\jdk8u73\6086\hotspot\src\share\vm\

Events (10 events):
Event: 0.458 loading class com/android/dx/cf/attrib/AttExceptions
Event: 0.458 loading class com/android/dx/cf/attrib/AttExceptions done
Event: 0.458 Thread 0x00000000189fe000 Thread added: 0x00000000189fe000
Event: 0.458 Thread 0x0000000018a03000 Thread added: 0x0000000018a03000
Event: 0.460 loading class com/android/dx/cf/attrib/InnerClassList
Event: 0.460 loading class com/android/dx/cf/attrib/InnerClassList done
Event: 0.460 loading class com/android/dx/cf/attrib/InnerClassList$Item
Event: 0.460 loading class com/android/dx/cf/attrib/InnerClassList$Item done
Event: 0.460 loading class com/android/dx/cf/attrib/AttInnerClasses
Event: 0.460 loading class com/android/dx/cf/attrib/AttInnerClasses done


Dynamic libraries:
0x00007ff6fb7a0000 - 0x00007ff6fb7d7000 	X:\Program Files\Java\jdk1.8.0_73\bin\java.exe
0x00007ffec5b10000 - 0x00007ffec5cd1000 	X:\Windows\SYSTEM32\ntdll.dll
0x00007ffec35e0000 - 0x00007ffec368d000 	X:\Windows\system32\KERNEL32.DLL
0x00007ffec2930000 - 0x00007ffec2b18000 	X:\Windows\system32\KERNELBASE.dll
0x00007ffec34c0000 - 0x00007ffec3567000 	X:\Windows\system32\ADVAPI32.dll
0x00007ffec50c0000 - 0x00007ffec515d000 	X:\Windows\system32\msvcrt.dll
0x00007ffec59a0000 - 0x00007ffec59fb000 	X:\Windows\system32\sechost.dll
0x00007ffec2f10000 - 0x00007ffec302c000 	X:\Windows\system32\RPCRT4.dll
0x00007ffec32f0000 - 0x00007ffec3446000 	X:\Windows\system32\USER32.dll
0x00007ffec3030000 - 0x00007ffec31b6000 	X:\Windows\system32\GDI32.dll
0x00007ffeb89d0000 - 0x00007ffeb8c44000 	X:\Windows\WinSxS\amd64_microsoft.windows.common-controls_6595b64144ccf1df_6.0.10586.0_none_8c15ae12515e1c22\COMCTL32.dll
0x00007ffec4e20000 - 0x00007ffec509d000 	X:\Windows\system32\combase.dll
0x00007ffec2ea0000 - 0x00007ffec2f0a000 	X:\Windows\system32\bcryptPrimitives.dll
0x00007ffec56f0000 - 0x00007ffec572b000 	X:\Windows\system32\IMM32.DLL
0x0000000052330000 - 0x0000000052402000 	X:\Program Files\Java\jdk1.8.0_73\jre\bin\msvcr100.dll
0x0000000052890000 - 0x0000000053120000 	X:\Program Files\Java\jdk1.8.0_73\jre\bin\server\jvm.dll
0x00007ffec4c50000 - 0x00007ffec4c58000 	X:\Windows\system32\PSAPI.DLL
0x00007ffebded0000 - 0x00007ffebded9000 	X:\Windows\SYSTEM32\WSOCK32.dll
0x00007ffec3570000 - 0x00007ffec35db000 	X:\Windows\system32\WS2_32.dll
0x00007ffec0720000 - 0x00007ffec0743000 	X:\Windows\SYSTEM32\WINMM.dll
0x00007ffebe7e0000 - 0x00007ffebe7ea000 	X:\Windows\SYSTEM32\VERSION.dll
0x00007ffec0660000 - 0x00007ffec068c000 	X:\Windows\SYSTEM32\WINMMBASE.dll
0x00007ffec2bd0000 - 0x00007ffec2c13000 	X:\Windows\system32\cfgmgr32.dll
0x00000000527a0000 - 0x00000000527af000 	X:\Program Files\Java\jdk1.8.0_73\jre\bin\verify.dll
0x0000000052770000 - 0x0000000052799000 	X:\Program Files\Java\jdk1.8.0_73\jre\bin\java.dll
0x0000000052750000 - 0x0000000052766000 	X:\Program Files\Java\jdk1.8.0_73\jre\bin\zip.dll
0x00007ffec36f0000 - 0x00007ffec4c4c000 	X:\Windows\system32\SHELL32.dll
0x00007ffec2220000 - 0x00007ffec2865000 	X:\Windows\system32\windows.storage.dll
0x00007ffec3690000 - 0x00007ffec36e2000 	X:\Windows\system32\shlwapi.dll
0x00007ffec2130000 - 0x00007ffec213f000 	X:\Windows\system32\kernel.appcore.dll
0x00007ffec2870000 - 0x00007ffec2925000 	X:\Windows\system32\shcore.dll
0x00007ffec2140000 - 0x00007ffec218b000 	X:\Windows\system32\powrprof.dll
0x00007ffec2190000 - 0x00007ffec21a4000 	X:\Windows\system32\profapi.dll

VM Arguments:
jvm_args: -Djava.awt.headless=true -Xmx2g -Dfile.encoding=GBK -Duser.country=CN -Duser.language=zh -Duser.variant 
java_command: com.android.dx.command.Main --dex --num-threads=4 --multi-dex --output E:\Android\CalorieCounter\app\build\intermediates\transforms\dex\debug\folders\1000\2\baidumapapi_cloud_v3_7_3_c6e6a886935ca2937ec3940e1521f75da9c0f2e5 E:\Android\CalorieCounter\app\libs\baidumapapi_cloud_v3_7_3.jar
java_class_path (initial): E:\QMDownload\SDK\build-tools\23.0.3\lib\dx.jar
Launcher Type: SUN_STANDARD

Environment Variables:
PATH=X:\ProgramData\Oracle\Java\javapath;X:\Windows\system32;X:\Windows;X:\Windows\System32\Wbem;X:\Windows\System32\WindowsPowerShell\v1.0\;X:\Program Files (x86)\ATI Technologies\ATI.ACE\Core-Static;D:\Program Files\MATLAB\R2013a\runtime\win64;D:\Program Files\MATLAB\R2013a\bin;X:\Program Files\Java\jdk1.8.0_73\bin;D:\Python27;X:\Program Files (x86)\MySQL\MySQL Fabric 1.5 & MySQL Utilities 1.5\;X:\Program Files (x86)\MySQL\MySQL Fabric 1.5 & MySQL Utilities 1.5\Doctrine extensions for PHP\;E:\QMDownload\SDK\platform-tools
USERNAME=Õı…≠
OS=Windows_NT
PROCESSOR_IDENTIFIER=Intel64 Family 6 Model 60 Stepping 3, GenuineIntel



---------------  S Y S T E M  ---------------

OS: Windows 10.0 , 64 bit Build 10586 (10.0.10586.0)

CPU:total 4 (4 cores per cpu, 1 threads per core) family 6 model 60 stepping 3, cmov, cx8, fxsr, mmx, sse, sse2, sse3, ssse3, sse4.1, sse4.2, popcnt, avx, avx2, aes, clmul, erms, lzcnt, tsc, tscinvbit, bmi1, bmi2

Memory: 4k page, physical 8315044k(1818588k free), swap 8315044k(4104k free)

vm_info: Java HotSpot(TM) 64-Bit Server VM (25.73-b02) for windows-amd64 JRE (1.8.0_73-b02), built on Jan 29 2016 17:38:49 by "java_re" with MS VC++ 10.0 (VS2010)

time: Tue Apr 26 20:43:53 2016
elapsed time: 0 seconds (0d 0h 0m 0s)

