#
# There is insufficient memory for the Java Runtime Environment to continue.
# Native memory allocation (malloc) failed to allocate 109936 bytes for Chunk::new
# Possible reasons:
#   The system is out of physical RAM or swap space
#   In 32 bit mode, the process size limit was hit
# Possible solutions:
#   Reduce memory load on the system
#   Increase physical memory or swap space
#   Check if swap backing store is full
#   Use 64 bit Java on a 64 bit OS
#   Decrease Java heap size (-Xmx/-Xms)
#   Decrease number of Java threads
#   Decrease Java thread stack sizes (-Xss)
#   Set larger code cache with -XX:ReservedCodeCacheSize=
# This output file may be truncated or incomplete.
#
#  Out of Memory Error (allocation.cpp:390), pid=9424, tid=16116
#
# JRE version: Java(TM) SE Runtime Environment (8.0_73-b02) (build 1.8.0_73-b02)
# Java VM: Java HotSpot(TM) 64-Bit Server VM (25.73-b02 mixed mode windows-amd64 compressed oops)
# Failed to write core dump. Minidumps are not enabled by default on client versions of Windows
#

---------------  T H R E A D  ---------------

Current thread (0x0000000014e1c000):  JavaThread "C2 CompilerThread1" daemon [_thread_in_native, id=16116, stack(0x0000000016410000,0x0000000016510000)]

Stack: [0x0000000016410000,0x0000000016510000]
[error occurred during error reporting (printing stack bounds), id 0xc0000005]

Native frames: (J=compiled Java code, j=interpreted, Vv=VM code, C=native code)


Current CompileTask:
C2:   1709  589       4       java.util.HashMap::getNode (148 bytes)


---------------  P R O C E S S  ---------------

Java Threads: ( => current thread )
  0x00000000167b7800 JavaThread "pool-1-thread-4" [_thread_in_Java, id=15824, stack(0x0000000017010000,0x0000000017110000)]
  0x00000000167b6000 JavaThread "pool-1-thread-3" [_thread_blocked, id=15788, stack(0x0000000016f10000,0x0000000017010000)]
  0x00000000167d9000 JavaThread "pool-1-thread-2" [_thread_blocked, id=9164, stack(0x0000000016e10000,0x0000000016f10000)]
  0x000000001678e800 JavaThread "pool-2-thread-1" [_thread_blocked, id=16352, stack(0x0000000016d10000,0x0000000016e10000)]
  0x000000001678e000 JavaThread "pool-1-thread-1" [_thread_in_Java, id=16552, stack(0x0000000016c10000,0x0000000016d10000)]
  0x0000000016571800 JavaThread "Service Thread" daemon [_thread_blocked, id=16156, stack(0x0000000016a10000,0x0000000016b10000)]
  0x0000000016566000 JavaThread "C1 CompilerThread2" daemon [_thread_in_native, id=16896, stack(0x0000000016910000,0x0000000016a10000)]
=>0x0000000014e1c000 JavaThread "C2 CompilerThread1" daemon [_thread_in_native, id=16116, stack(0x0000000016410000,0x0000000016510000)]
  0x0000000014e19800 JavaThread "C2 CompilerThread0" daemon [_thread_blocked, id=15880, stack(0x0000000016310000,0x0000000016410000)]
  0x0000000014dcd800 JavaThread "Attach Listener" daemon [_thread_blocked, id=8236, stack(0x0000000016210000,0x0000000016310000)]
  0x0000000014db7800 JavaThread "Signal Dispatcher" daemon [_thread_blocked, id=16468, stack(0x0000000016110000,0x0000000016210000)]
  0x00000000026e0800 JavaThread "Finalizer" daemon [_thread_blocked, id=15960, stack(0x0000000016010000,0x0000000016110000)]
  0x00000000026dd000 JavaThread "Reference Handler" daemon [_thread_blocked, id=15820, stack(0x0000000015f10000,0x0000000016010000)]
  0x00000000025f1000 JavaThread "main" [_thread_in_Java, id=4428, stack(0x0000000002410000,0x0000000002510000)]

Other Threads:
  0x0000000014d88000 VMThread [stack: 0x0000000015e10000,0x0000000015f10000] [id=16656]
  0x00000000165d5000 WatcherThread [stack: 0x0000000016b10000,0x0000000016c10000] [id=5472]

VM state:not at safepoint (normal execution)

VM Mutex/Monitor currently owned by a thread: None

Heap:
 PSYoungGen      total 38400K, used 16688K [0x00000000eab00000, 0x00000000ed580000, 0x0000000100000000)
  eden space 33280K, 50% used [0x00000000eab00000,0x00000000ebb4c138,0x00000000ecb80000)
  from space 5120K, 0% used [0x00000000ed080000,0x00000000ed080000,0x00000000ed580000)
  to   space 5120K, 0% used [0x00000000ecb80000,0x00000000ecb80000,0x00000000ed080000)
 ParOldGen       total 87552K, used 0K [0x00000000c0000000, 0x00000000c5580000, 0x00000000eab00000)
  object space 87552K, 0% used [0x00000000c0000000,0x00000000c0000000,0x00000000c5580000)
 Metaspace       used 5627K, capacity 6576K, committed 6784K, reserved 1056768K
  class space    used 597K, capacity 616K, committed 640K, reserved 1048576K

Card table byte_map: [0x0000000011ab0000,0x0000000011cc0000] byte_map_base: 0x00000000114b0000

Marking Bits: (ParMarkBitMap*) 0x00000000540e0600
 Begin Bits: [0x0000000012220000, 0x0000000013220000)
 End Bits:   [0x0000000013220000, 0x0000000014220000)

Polling page: 0x00000000001f0000

CodeCache: size=245760Kb used=2340Kb max_used=2340Kb free=243419Kb
 bounds [0x00000000026f0000, 0x0000000002960000, 0x00000000116f0000]
 total_blobs=840 nmethods=567 adapters=184
 compilation: enabled

Compilation events (10 events):
Event: 1.708 Thread 0x0000000016566000 nmethod 571 0x000000000292c3d0 code [0x000000000292c540, 0x000000000292c730]
Event: 1.708 Thread 0x0000000016566000  569       3       java.util.ArrayList::toArray (12 bytes)
Event: 1.708 Thread 0x0000000016566000 nmethod 569 0x000000000292bed0 code [0x000000000292c040, 0x000000000292c2e8]
Event: 1.708 Thread 0x0000000016566000  580       3       com.android.dx.ssa.NormalSsaInsn::mapSourceRegisters (48 bytes)
Event: 1.708 Thread 0x0000000016566000 nmethod 580 0x000000000292b510 code [0x000000000292b6a0, 0x000000000292bd08]
Event: 1.708 Thread 0x0000000016566000  586       3       com.android.dx.util.FixedSizeList::equals (41 bytes)
Event: 1.709 Thread 0x0000000016566000 nmethod 586 0x0000000002932c10 code [0x0000000002932da0, 0x0000000002933228]
Event: 1.709 Thread 0x0000000016566000  566       3       com.android.dx.rop.code.RegisterSpec::makeLocalOptional (7 bytes)
Event: 1.709 Thread 0x0000000016566000 nmethod 566 0x000000000292b110 code [0x000000000292b280, 0x000000000292b3e8]
Event: 1.709 Thread 0x0000000016566000  561  s    3       java.util.Vector::elementAt (48 bytes)

GC Heap History (0 events):
No events

Deoptimization events (1 events):
Event: 1.172 Thread 0x00000000025f1000 Uncommon trap: reason=unstable_if action=reinterpret pc=0x000000000283c754 method=java.lang.String.compareTo(Ljava/lang/String;)I @ 38

Internal exceptions (2 events):
Event: 0.305 Thread 0x00000000025f1000 Exception <a 'java/lang/NoSuchMethodError': Method sun.misc.Unsafe.defineClass(Ljava/lang/String;[BII)Ljava/lang/Class; name or signature does not match> (0x00000000eab13090) thrown at [D:\re\puppet\workspace\8-2-build-windows-amd64-cygwin\jdk8u73\6086\hot§d+â”?
Event: 0.305 Thread 0x00000000025f1000 Exception <a 'java/lang/NoSuchMethodError': Method sun.misc.Unsafe.prefetchRead(Ljava/lang/Object;J)V name or signature does not match> (0x00000000eab13378) thrown at [D:\re\puppet\workspace\8-2-build-windows-amd64-cygwin\jdk8u73\6086\hotspot\src\share\vm\

Events (10 events):
Event: 1.671 loading class com/android/dx/rop/cst/CstArray$List
Event: 1.671 loading class com/android/dx/rop/cst/CstArray$List done
Event: 1.676 loading class com/android/dx/ssa/PhiInsn$Operand
Event: 1.676 loading class com/android/dx/ssa/PhiInsn$Operand done
Event: 1.687 loading class com/android/dx/dex/file/FieldAnnotationStruct
Event: 1.687 loading class com/android/dx/dex/file/FieldAnnotationStruct done
Event: 1.688 loading class com/android/dx/cf/code/BytecodeArray$ConstantParserVisitor
Event: 1.688 loading class com/android/dx/cf/code/BytecodeArray$ConstantParserVisitor done
Event: 1.693 loading class com/android/dx/ssa/back/FirstFitLocalCombiningAllocator$Multiset
Event: 1.693 loading class com/android/dx/ssa/back/FirstFitLocalCombiningAllocator$Multiset done


Dynamic libraries:
0x00007ff6dbe30000 - 0x00007ff6dbe67000 	X:\Program Files\Java\jdk1.8.0_73\bin\java.exe
0x00007ff876650000 - 0x00007ff876811000 	X:\Windows\SYSTEM32\ntdll.dll
0x00007ff8762a0000 - 0x00007ff87634d000 	X:\Windows\system32\KERNEL32.DLL
0x00007ff873400000 - 0x00007ff8735e8000 	X:\Windows\system32\KERNELBASE.dll
0x00007ff875900000 - 0x00007ff8759a7000 	X:\Windows\system32\ADVAPI32.dll
0x00007ff875860000 - 0x00007ff8758fd000 	X:\Windows\system32\msvcrt.dll
0x00007ff876020000 - 0x00007ff87607b000 	X:\Windows\system32\sechost.dll
0x00007ff874050000 - 0x00007ff87416c000 	X:\Windows\system32\RPCRT4.dll
0x00007ff873ee0000 - 0x00007ff874036000 	X:\Windows\system32\USER32.dll
0x00007ff8756d0000 - 0x00007ff875856000 	X:\Windows\system32\GDI32.dll
0x00007ff86b170000 - 0x00007ff86b3e4000 	X:\Windows\WinSxS\amd64_microsoft.windows.common-controls_6595b64144ccf1df_6.0.10586.0_none_8c15ae12515e1c22\COMCTL32.dll
0x00007ff875d20000 - 0x00007ff875f9d000 	X:\Windows\system32\combase.dll
0x00007ff873740000 - 0x00007ff8737aa000 	X:\Windows\system32\bcryptPrimitives.dll
0x00007ff873a50000 - 0x00007ff873a8b000 	X:\Windows\system32\IMM32.DLL
0x0000000053340000 - 0x0000000053412000 	X:\Program Files\Java\jdk1.8.0_73\jre\bin\msvcr100.dll
0x00000000538d0000 - 0x0000000054160000 	X:\Program Files\Java\jdk1.8.0_73\jre\bin\server\jvm.dll
0x00007ff874040000 - 0x00007ff874048000 	X:\Windows\system32\PSAPI.DLL
0x00007ff86b4c0000 - 0x00007ff86b4c9000 	X:\Windows\SYSTEM32\WSOCK32.dll
0x00007ff86f250000 - 0x00007ff86f25a000 	X:\Windows\SYSTEM32\VERSION.dll
0x00007ff870f20000 - 0x00007ff870f43000 	X:\Windows\SYSTEM32\WINMM.dll
0x00007ff875fa0000 - 0x00007ff87600b000 	X:\Windows\system32\WS2_32.dll
0x00007ff870dd0000 - 0x00007ff870dfc000 	X:\Windows\SYSTEM32\WINMMBASE.dll
0x00007ff872d60000 - 0x00007ff872da3000 	X:\Windows\system32\cfgmgr32.dll
0x00000000537e0000 - 0x00000000537ef000 	X:\Program Files\Java\jdk1.8.0_73\jre\bin\verify.dll
0x00000000537b0000 - 0x00000000537d9000 	X:\Program Files\Java\jdk1.8.0_73\jre\bin\java.dll
0x0000000053790000 - 0x00000000537a6000 	X:\Program Files\Java\jdk1.8.0_73\jre\bin\zip.dll
0x00007ff874170000 - 0x00007ff8756cc000 	X:\Windows\system32\SHELL32.dll
0x00007ff872db0000 - 0x00007ff8733f5000 	X:\Windows\system32\windows.storage.dll
0x00007ff876240000 - 0x00007ff876292000 	X:\Windows\system32\shlwapi.dll
0x00007ff872ce0000 - 0x00007ff872cef000 	X:\Windows\system32\kernel.appcore.dll
0x00007ff873680000 - 0x00007ff873735000 	X:\Windows\system32\shcore.dll
0x00007ff872c90000 - 0x00007ff872cdb000 	X:\Windows\system32\powrprof.dll
0x00007ff872c70000 - 0x00007ff872c84000 	X:\Windows\system32\profapi.dll

VM Arguments:
jvm_args: -Djava.awt.headless=true -Xmx1024M -Dfile.encoding=GBK -Duser.country=CN -Duser.language=zh -Duser.variant 
java_command: com.android.dx.command.Main --dex --num-threads=4 --output E:\Android\CalorieCounter\app\build\intermediates\pre-dexed\debug\com.android.support-design-23.2.1_2a94e4507ec2bfa02df0223d8ec37cf5629c4adb.jar E:\Android\CalorieCounter\app\build\intermediates\exploded-aar\com.android.support\design\23.2.1\jars\classes.jar
java_class_path (initial): E:\QMDownload\SDK\build-tools\23.0.3\lib\dx.jar
Launcher Type: SUN_STANDARD

Environment Variables:
PATH=X:\ProgramData\Oracle\Java\javapath;X:\Windows\system32;X:\Windows;X:\Windows\System32\Wbem;X:\Windows\System32\WindowsPowerShell\v1.0\;X:\Program Files (x86)\ATI Technologies\ATI.ACE\Core-Static;D:\Program Files\MATLAB\R2013a\runtime\win64;D:\Program Files\MATLAB\R2013a\bin;X:\Program Files\Java\jdk1.8.0_73\bin;D:\Python27;X:\Program Files (x86)\MySQL\MySQL Fabric 1.5 & MySQL Utilities 1.5\;X:\Program Files (x86)\MySQL\MySQL Fabric 1.5 & MySQL Utilities 1.5\Doctrine extensions for PHP\
USERNAME=Õı…≠
OS=Windows_NT
PROCESSOR_IDENTIFIER=Intel64 Family 6 Model 60 Stepping 3, GenuineIntel



---------------  S Y S T E M  ---------------

OS: Windows 10.0 , 64 bit Build 10586 (10.0.10586.0)

CPU:total 4 (4 cores per cpu, 1 threads per core) family 6 model 60 stepping 3, cmov, cx8, fxsr, mmx, sse, sse2, sse3, ssse3, sse4.1, sse4.2, popcnt, avx, avx2, aes, clmul, erms, lzcnt, tsc, tscinvbit, bmi1, bmi2

Memory: 4k page, physical 8315044k(2094044k free), swap 8315044k(3320k free)

vm_info: Java HotSpot(TM) 64-Bit Server VM (25.73-b02) for windows-amd64 JRE (1.8.0_73-b02), built on Jan 29 2016 17:38:49 by "java_re" with MS VC++ 10.0 (VS2010)

time: Sat Apr 16 14:54:22 2016
elapsed time: 1 seconds (0d 0h 0m 1s)

