#
# There is insufficient memory for the Java Runtime Environment to continue.
# Native memory allocation (malloc) failed to allocate 536080 bytes for Chunk::new
# Possible reasons:
#   The system is out of physical RAM or swap space
#   In 32 bit mode, the process size limit was hit
# Possible solutions:
#   Reduce memory load on the system
#   Increase physical memory or swap space
#   Check if swap backing store is full
#   Use 64 bit Java on a 64 bit OS
#   Decrease Java heap size (-Xmx/-Xms)
#   Decrease number of Java threads
#   Decrease Java thread stack sizes (-Xss)
#   Set larger code cache with -XX:ReservedCodeCacheSize=
# This output file may be truncated or incomplete.
#
#  Out of Memory Error (allocation.cpp:390), pid=6780, tid=14116
#
# JRE version: Java(TM) SE Runtime Environment (8.0_73-b02) (build 1.8.0_73-b02)
# Java VM: Java HotSpot(TM) 64-Bit Server VM (25.73-b02 mixed mode windows-amd64 compressed oops)
# Failed to write core dump. Minidumps are not enabled by default on client versions of Windows
#

---------------  T H R E A D  ---------------

Current thread (0x0000000018932000):  JavaThread "C2 CompilerThread1" daemon [_thread_in_native, id=14116, stack(0x0000000018d30000,0x0000000018e30000)]

Stack: [0x0000000018d30000,0x0000000018e30000]
[error occurred during error reporting (printing stack bounds), id 0xc0000005]

Native frames: (J=compiled Java code, j=interpreted, Vv=VM code, C=native code)


Current CompileTask:
C2:    641 1121   !   4       com.android.dx.cf.cst.ConstantPoolParser::parse0 (731 bytes)


---------------  P R O C E S S  ---------------

Java Threads: ( => current thread )
  0x0000000018adf000 JavaThread "pool-2-thread-4" [_thread_blocked, id=12756, stack(0x0000000019530000,0x0000000019630000)]
  0x0000000018adb800 JavaThread "pool-2-thread-3" [_thread_blocked, id=8452, stack(0x0000000019430000,0x0000000019530000)]
  0x0000000018ad4000 JavaThread "pool-2-thread-2" [_thread_blocked, id=6680, stack(0x0000000019330000,0x0000000019430000)]
  0x0000000018ac8000 JavaThread "pool-3-thread-1" [_thread_blocked, id=4968, stack(0x0000000019230000,0x0000000019330000)]
  0x0000000018ac7000 JavaThread "pool-2-thread-1" [_thread_in_Java, id=10612, stack(0x0000000019130000,0x0000000019230000)]
  0x00000000189be000 JavaThread "Service Thread" daemon [_thread_blocked, id=4780, stack(0x0000000018f30000,0x0000000019030000)]
  0x0000000018956000 JavaThread "C1 CompilerThread2" daemon [_thread_in_native, id=788, stack(0x0000000018e30000,0x0000000018f30000)]
=>0x0000000018932000 JavaThread "C2 CompilerThread1" daemon [_thread_in_native, id=14116, stack(0x0000000018d30000,0x0000000018e30000)]
  0x000000001732b000 JavaThread "C2 CompilerThread0" daemon [_thread_in_native, id=11556, stack(0x0000000018830000,0x0000000018930000)]
  0x00000000172de800 JavaThread "Attach Listener" daemon [_thread_blocked, id=12760, stack(0x0000000018730000,0x0000000018830000)]
  0x00000000172c8000 JavaThread "Signal Dispatcher" daemon [_thread_blocked, id=10440, stack(0x0000000018630000,0x0000000018730000)]
  0x00000000026a7800 JavaThread "Finalizer" daemon [_thread_blocked, id=15264, stack(0x0000000018530000,0x0000000018630000)]
  0x000000000269f800 JavaThread "Reference Handler" daemon [_thread_blocked, id=12928, stack(0x0000000018430000,0x0000000018530000)]
  0x00000000025b0800 JavaThread "main" [_thread_blocked, id=11404, stack(0x00000000024b0000,0x00000000025b0000)]

Other Threads:
  0x0000000017297800 VMThread [stack: 0x0000000018330000,0x0000000018430000] [id=10124]
  0x00000000189fd800 WatcherThread [stack: 0x0000000019030000,0x0000000019130000] [id=12664]

VM state:not at safepoint (normal execution)

VM Mutex/Monitor currently owned by a thread:  ([mutex/lock_event])
[0x00000000023ae340] Compile_lock - owner thread: 0x0000000018956000
[0x00000000023ae2c0] MethodCompileQueue_lock - owner thread: 0x0000000018956000

Heap:
 PSYoungGen      total 38400K, used 8175K [0x00000000d5580000, 0x00000000d8000000, 0x0000000100000000)
  eden space 33280K, 9% used [0x00000000d5580000,0x00000000d587e870,0x00000000d7600000)
  from space 5120K, 99% used [0x00000000d7600000,0x00000000d7afd770,0x00000000d7b00000)
  to   space 5120K, 0% used [0x00000000d7b00000,0x00000000d7b00000,0x00000000d8000000)
 ParOldGen       total 87552K, used 2302K [0x0000000080000000, 0x0000000085580000, 0x00000000d5580000)
  object space 87552K, 2% used [0x0000000080000000,0x000000008023fa58,0x0000000085580000)
 Metaspace       used 5784K, capacity 6896K, committed 7040K, reserved 1056768K
  class space    used 584K, capacity 616K, committed 640K, reserved 1048576K

Card table byte_map: [0x0000000011a70000,0x0000000011e80000] byte_map_base: 0x0000000011670000

Marking Bits: (ParMarkBitMap*) 0x00000000530a0600
 Begin Bits: [0x0000000012530000, 0x0000000014530000)
 End Bits:   [0x0000000014530000, 0x0000000016530000)

Polling page: 0x0000000000500000

CodeCache: size=245760Kb used=4401Kb max_used=4401Kb free=241358Kb
 bounds [0x00000000026b0000, 0x0000000002b10000, 0x00000000116b0000]
 total_blobs=1397 nmethods=1133 adapters=177
 compilation: enabled

Compilation events (10 events):
Event: 0.639 Thread 0x0000000018956000 nmethod 1128 0x0000000002af9490 code [0x0000000002af95e0, 0x0000000002af9710]
Event: 0.639 Thread 0x0000000018956000 1130       3       java.lang.ref.Reference::access$100 (4 bytes)
Event: 0.639 Thread 0x0000000018956000 nmethod 1130 0x0000000002af9790 code [0x0000000002af98e0, 0x0000000002af9a10]
Event: 0.639 Thread 0x0000000018956000 1131   !   3       java.lang.ref.ReferenceQueue::enqueue (119 bytes)
Event: 0.639 Thread 0x0000000018956000 nmethod 1131 0x0000000002af9a90 code [0x0000000002af9c20, 0x0000000002afa388]
Event: 0.639 Thread 0x0000000018956000 1135       3       java.lang.ref.ReferenceQueue::reallyPoll (66 bytes)
Event: 0.639 Thread 0x0000000018956000 nmethod 1135 0x0000000002afa590 code [0x0000000002afa700, 0x0000000002afab70]
Event: 0.639 Thread 0x0000000018956000 1133       3       java.lang.ref.ReferenceQueue::remove (6 bytes)
Event: 0.639 Thread 0x0000000018956000 nmethod 1133 0x0000000002afac50 code [0x0000000002afadc0, 0x0000000002afafc8]
Event: 0.639 Thread 0x0000000018956000 1134   !   3       java.lang.ref.ReferenceQueue::remove (125 bytes)

GC Heap History (2 events):
Event: 0.611 GC heap before
{Heap before GC invocations=1 (full 0):
 PSYoungGen      total 38400K, used 33280K [0x00000000d5580000, 0x00000000d8000000, 0x0000000100000000)
  eden space 33280K, 100% used [0x00000000d5580000,0x00000000d7600000,0x00000000d7600000)
  from space 5120K, 0% used [0x00000000d7b00000,0x00000000d7b00000,0x00000000d8000000)
  to   space 5120K, 0% used [0x00000000d7600000,0x00000000d7600000,0x00000000d7b00000)
 ParOldGen       total 87552K, used 0K [0x0000000080000000, 0x0000000085580000, 0x00000000d5580000)
  object space 87552K, 0% used [0x0000000080000000,0x0000000080000000,0x0000000085580000)
 Metaspace       used 5761K, capacity 6832K, committed 7040K, reserved 1056768K
  class space    used 584K, capacity 616K, committed 640K, reserved 1048576K
Event: 0.619 GC heap after
Heap after GC invocations=1 (full 0):
 PSYoungGen      total 38400K, used 5109K [0x00000000d5580000, 0x00000000d8000000, 0x0000000100000000)
  eden space 33280K, 0% used [0x00000000d5580000,0x00000000d5580000,0x00000000d7600000)
  from space 5120K, 99% used [0x00000000d7600000,0x00000000d7afd770,0x00000000d7b00000)
  to   space 5120K, 0% used [0x00000000d7b00000,0x00000000d7b00000,0x00000000d8000000)
 ParOldGen       total 87552K, used 2302K [0x0000000080000000, 0x0000000085580000, 0x00000000d5580000)
  object space 87552K, 2% used [0x0000000080000000,0x000000008023fa58,0x0000000085580000)
 Metaspace       used 5761K, capacity 6832K, committed 7040K, reserved 1056768K
  class space    used 584K, capacity 616K, committed 640K, reserved 1048576K
}

Deoptimization events (10 events):
Event: 0.410 Thread 0x0000000018adf000 Uncommon trap: reason=speculate_class_check action=maybe_recompile pc=0x00000000028a9f0c method=com.android.dx.rop.cst.Constant.compareTo(Lcom/android/dx/rop/cst/Constant;)I @ 29
Event: 0.439 Thread 0x00000000025b0800 Uncommon trap: reason=unstable_if action=reinterpret pc=0x00000000028b20cc method=com.android.dx.rop.cst.CstFieldRef.compareTo0(Lcom/android/dx/rop/cst/Constant;)I @ 7
Event: 0.439 Thread 0x00000000025b0800 Uncommon trap: reason=unstable_if action=reinterpret pc=0x0000000002858b38 method=com.android.dx.rop.cst.CstFieldRef.compareTo0(Lcom/android/dx/rop/cst/Constant;)I @ 7
Event: 0.458 Thread 0x00000000025b0800 Uncommon trap: reason=unstable_if action=reinterpret pc=0x0000000002830c00 method=java.lang.String.<init>([CII)V @ 18
Event: 0.462 Thread 0x0000000018adb800 Uncommon trap: reason=unstable_if action=reinterpret pc=0x00000000028f99c4 method=java.util.HashMap.getNode(ILjava/lang/Object;)Ljava/util/HashMap$Node; @ 62
Event: 0.490 Thread 0x00000000025b0800 Uncommon trap: reason=unloaded action=reinterpret pc=0x0000000002989960 method=com.android.dx.cf.cst.ConstantPoolParser.parse0(ILjava/util/BitSet;)Lcom/android/dx/rop/cst/Constant; @ 475
Event: 0.491 Thread 0x0000000018adf000 Uncommon trap: reason=unstable_if action=reinterpret pc=0x00000000029ba668 method=com.android.dx.rop.code.RegisterSpec.equals(ILcom/android/dx/rop/type/TypeBearer;Lcom/android/dx/rop/code/LocalItem;)Z @ 16
Event: 0.507 Thread 0x0000000018adf000 Uncommon trap: reason=unstable_if action=reinterpret pc=0x000000000283545c method=com.android.dx.rop.cst.Constant.compareTo(Lcom/android/dx/rop/cst/Constant;)I @ 12
Event: 0.563 Thread 0x0000000018adb800 Uncommon trap: reason=class_check action=maybe_recompile pc=0x00000000029b8494 method=com.android.dx.ssa.NormalSsaInsn.accept(Lcom/android/dx/ssa/SsaInsn$Visitor;)V @ 9
Event: 0.566 Thread 0x00000000025b0800 Uncommon trap: reason=unstable_if action=reinterpret pc=0x000000000293c3f8 method=com.android.dx.rop.cst.StdConstantPool.set(ILcom/android/dx/rop/cst/Constant;)V @ 12

Internal exceptions (2 events):
Event: 0.075 Thread 0x00000000025b0800 Exception <a 'java/lang/NoSuchMethodError': Method sun.misc.Unsafe.defineClass(Ljava/lang/String;[BII)Ljava/lang/Class; name or signature does not match> (0x00000000d5593090) thrown at [D:\re\puppet\workspace\8-2-build-windows-amd64-cygwin\jdk8u73\6086\hotíº7≥?
Event: 0.075 Thread 0x00000000025b0800 Exception <a 'java/lang/NoSuchMethodError': Method sun.misc.Unsafe.prefetchRead(Ljava/lang/Object;J)V name or signature does not match> (0x00000000d5593378) thrown at [D:\re\puppet\workspace\8-2-build-windows-amd64-cygwin\jdk8u73\6086\hotspot\src\share\vm\

Events (10 events):
Event: 0.566 Thread 0x00000000025b0800 DEOPT PACKING pc=0x000000000293c3f8 sp=0x00000000025ae650
Event: 0.566 Thread 0x00000000025b0800 DEOPT UNPACKING pc=0x00000000026f582a sp=0x00000000025ae5e0 mode 2
Event: 0.566 loading class com/android/dx/cf/code/SwitchList
Event: 0.566 loading class com/android/dx/cf/code/SwitchList done
Event: 0.598 Thread 0x0000000018ac7000 DEOPT PACKING pc=0x0000000002a00eca sp=0x000000001922ecb0
Event: 0.598 Thread 0x0000000018ac7000 DEOPT UNPACKING pc=0x00000000026f787f sp=0x000000001922e9f8 mode 0
Event: 0.609 loading class com/android/dx/cf/attrib/AttExceptions
Event: 0.609 loading class com/android/dx/cf/attrib/AttExceptions done
Event: 0.610 Executing VM operation: ParallelGCFailedAllocation
Event: 0.619 Executing VM operation: ParallelGCFailedAllocation done


Dynamic libraries:
0x00007ff6fb7a0000 - 0x00007ff6fb7d7000 	X:\Program Files\Java\jdk1.8.0_73\bin\java.exe
0x00007ffec5b10000 - 0x00007ffec5cd1000 	X:\Windows\SYSTEM32\ntdll.dll
0x00007ffec35e0000 - 0x00007ffec368d000 	X:\Windows\system32\KERNEL32.DLL
0x00007ffec2930000 - 0x00007ffec2b18000 	X:\Windows\system32\KERNELBASE.dll
0x00007ffec34c0000 - 0x00007ffec3567000 	X:\Windows\system32\ADVAPI32.dll
0x00007ffec50c0000 - 0x00007ffec515d000 	X:\Windows\system32\msvcrt.dll
0x00007ffec59a0000 - 0x00007ffec59fb000 	X:\Windows\system32\sechost.dll
0x00007ffec2f10000 - 0x00007ffec302c000 	X:\Windows\system32\RPCRT4.dll
0x00007ffec32f0000 - 0x00007ffec3446000 	X:\Windows\system32\USER32.dll
0x00007ffec3030000 - 0x00007ffec31b6000 	X:\Windows\system32\GDI32.dll
0x00007ffeb89d0000 - 0x00007ffeb8c44000 	X:\Windows\WinSxS\amd64_microsoft.windows.common-controls_6595b64144ccf1df_6.0.10586.0_none_8c15ae12515e1c22\COMCTL32.dll
0x00007ffec4e20000 - 0x00007ffec509d000 	X:\Windows\system32\combase.dll
0x00007ffec2ea0000 - 0x00007ffec2f0a000 	X:\Windows\system32\bcryptPrimitives.dll
0x00007ffec56f0000 - 0x00007ffec572b000 	X:\Windows\system32\IMM32.DLL
0x0000000052330000 - 0x0000000052402000 	X:\Program Files\Java\jdk1.8.0_73\jre\bin\msvcr100.dll
0x0000000052890000 - 0x0000000053120000 	X:\Program Files\Java\jdk1.8.0_73\jre\bin\server\jvm.dll
0x00007ffec4c50000 - 0x00007ffec4c58000 	X:\Windows\system32\PSAPI.DLL
0x00007ffec0720000 - 0x00007ffec0743000 	X:\Windows\SYSTEM32\WINMM.dll
0x00007ffebe7e0000 - 0x00007ffebe7ea000 	X:\Windows\SYSTEM32\VERSION.dll
0x00007ffebded0000 - 0x00007ffebded9000 	X:\Windows\SYSTEM32\WSOCK32.dll
0x00007ffec3570000 - 0x00007ffec35db000 	X:\Windows\system32\WS2_32.dll
0x00007ffec0660000 - 0x00007ffec068c000 	X:\Windows\SYSTEM32\WINMMBASE.dll
0x00007ffec2bd0000 - 0x00007ffec2c13000 	X:\Windows\system32\cfgmgr32.dll
0x00000000527a0000 - 0x00000000527af000 	X:\Program Files\Java\jdk1.8.0_73\jre\bin\verify.dll
0x0000000052770000 - 0x0000000052799000 	X:\Program Files\Java\jdk1.8.0_73\jre\bin\java.dll
0x0000000052750000 - 0x0000000052766000 	X:\Program Files\Java\jdk1.8.0_73\jre\bin\zip.dll
0x00007ffec36f0000 - 0x00007ffec4c4c000 	X:\Windows\system32\SHELL32.dll
0x00007ffec2220000 - 0x00007ffec2865000 	X:\Windows\system32\windows.storage.dll
0x00007ffec3690000 - 0x00007ffec36e2000 	X:\Windows\system32\shlwapi.dll
0x00007ffec2130000 - 0x00007ffec213f000 	X:\Windows\system32\kernel.appcore.dll
0x00007ffec2870000 - 0x00007ffec2925000 	X:\Windows\system32\shcore.dll
0x00007ffec2140000 - 0x00007ffec218b000 	X:\Windows\system32\powrprof.dll
0x00007ffec2190000 - 0x00007ffec21a4000 	X:\Windows\system32\profapi.dll

VM Arguments:
jvm_args: -Djava.awt.headless=true -Xmx2g -Dfile.encoding=GBK -Duser.country=CN -Duser.language=zh -Duser.variant 
java_command: com.android.dx.command.Main --dex --num-threads=4 --multi-dex --output E:\Android\CalorieCounter\app\build\intermediates\transforms\dex\debug\folders\1000\1\debug_c12e9ece3e3c2bd2b03ef862e6ab9486fb6796ba E:\Android\CalorieCounter\app\build\intermediates\classes\debug
java_class_path (initial): E:\QMDownload\SDK\build-tools\23.0.3\lib\dx.jar
Launcher Type: SUN_STANDARD

Environment Variables:
PATH=X:\ProgramData\Oracle\Java\javapath;X:\Windows\system32;X:\Windows;X:\Windows\System32\Wbem;X:\Windows\System32\WindowsPowerShell\v1.0\;X:\Program Files (x86)\ATI Technologies\ATI.ACE\Core-Static;D:\Program Files\MATLAB\R2013a\runtime\win64;D:\Program Files\MATLAB\R2013a\bin;X:\Program Files\Java\jdk1.8.0_73\bin;D:\Python27;X:\Program Files (x86)\MySQL\MySQL Fabric 1.5 & MySQL Utilities 1.5\;X:\Program Files (x86)\MySQL\MySQL Fabric 1.5 & MySQL Utilities 1.5\Doctrine extensions for PHP\;E:\QMDownload\SDK\platform-tools
USERNAME=Õı…≠
OS=Windows_NT
PROCESSOR_IDENTIFIER=Intel64 Family 6 Model 60 Stepping 3, GenuineIntel



---------------  S Y S T E M  ---------------

OS: Windows 10.0 , 64 bit Build 10586 (10.0.10586.0)

CPU:total 4 (4 cores per cpu, 1 threads per core) family 6 model 60 stepping 3, cmov, cx8, fxsr, mmx, sse, sse2, sse3, ssse3, sse4.1, sse4.2, popcnt, avx, avx2, aes, clmul, erms, lzcnt, tsc, tscinvbit, bmi1, bmi2

Memory: 4k page, physical 8315044k(1345912k free), swap 8315044k(5672k free)

vm_info: Java HotSpot(TM) 64-Bit Server VM (25.73-b02) for windows-amd64 JRE (1.8.0_73-b02), built on Jan 29 2016 17:38:49 by "java_re" with MS VC++ 10.0 (VS2010)

time: Tue Apr 26 20:31:55 2016
elapsed time: 0 seconds (0d 0h 0m 0s)

