#
# There is insufficient memory for the Java Runtime Environment to continue.
# Native memory allocation (malloc) failed to allocate 92656 bytes for Chunk::new
# Possible reasons:
#   The system is out of physical RAM or swap space
#   In 32 bit mode, the process size limit was hit
# Possible solutions:
#   Reduce memory load on the system
#   Increase physical memory or swap space
#   Check if swap backing store is full
#   Use 64 bit Java on a 64 bit OS
#   Decrease Java heap size (-Xmx/-Xms)
#   Decrease number of Java threads
#   Decrease Java thread stack sizes (-Xss)
#   Set larger code cache with -XX:ReservedCodeCacheSize=
# This output file may be truncated or incomplete.
#
#  Out of Memory Error (allocation.cpp:390), pid=1080, tid=11568
#
# JRE version: Java(TM) SE Runtime Environment (8.0_73-b02) (build 1.8.0_73-b02)
# Java VM: Java HotSpot(TM) 64-Bit Server VM (25.73-b02 mixed mode windows-amd64 compressed oops)
# Failed to write core dump. Minidumps are not enabled by default on client versions of Windows
#

---------------  T H R E A D  ---------------

Current thread (0x0000000017319000):  JavaThread "C2 CompilerThread0" daemon [_thread_in_native, id=11568, stack(0x0000000018820000,0x0000000018920000)]

Stack: [0x0000000018820000,0x0000000018920000]
[error occurred during error reporting (printing stack bounds), id 0xc0000005]

Native frames: (J=compiled Java code, j=interpreted, Vv=VM code, C=native code)


Current CompileTask:
C2:    623  308       4       java.lang.String::replace (127 bytes)


---------------  P R O C E S S  ---------------

Java Threads: ( => current thread )
  0x0000000018aff800 JavaThread "pool-2-thread-4" [_thread_blocked, id=11592, stack(0x0000000019520000,0x0000000019620000)]
  0x0000000018ba1000 JavaThread "pool-2-thread-3" [_thread_blocked, id=10612, stack(0x0000000019420000,0x0000000019520000)]
  0x0000000018a96800 JavaThread "pool-2-thread-2" [_thread_in_Java, id=6800, stack(0x0000000019320000,0x0000000019420000)]
  0x0000000018aa2000 JavaThread "pool-3-thread-1" [_thread_blocked, id=9876, stack(0x0000000019220000,0x0000000019320000)]
  0x0000000018a9f000 JavaThread "pool-2-thread-1" [_thread_blocked, id=10208, stack(0x0000000019120000,0x0000000019220000)]
  0x00000000189ab000 JavaThread "Service Thread" daemon [_thread_blocked, id=8264, stack(0x0000000018f20000,0x0000000019020000)]
  0x000000001731d800 JavaThread "C1 CompilerThread2" daemon [_thread_in_native, id=7468, stack(0x0000000018e20000,0x0000000018f20000)]
  0x000000001731c800 JavaThread "C2 CompilerThread1" daemon [_thread_blocked, id=7792, stack(0x0000000018d20000,0x0000000018e20000)]
=>0x0000000017319000 JavaThread "C2 CompilerThread0" daemon [_thread_in_native, id=11568, stack(0x0000000018820000,0x0000000018920000)]
  0x00000000172cd800 JavaThread "Attach Listener" daemon [_thread_blocked, id=5604, stack(0x0000000018720000,0x0000000018820000)]
  0x00000000172b7800 JavaThread "Signal Dispatcher" daemon [_thread_blocked, id=6472, stack(0x0000000018620000,0x0000000018720000)]
  0x0000000002266000 JavaThread "Finalizer" daemon [_thread_blocked, id=1252, stack(0x0000000018520000,0x0000000018620000)]
  0x000000000225d000 JavaThread "Reference Handler" daemon [_thread_blocked, id=5760, stack(0x0000000018420000,0x0000000018520000)]
  0x0000000002170800 JavaThread "main" [_thread_in_vm, id=8864, stack(0x0000000000900000,0x0000000000a00000)]

Other Threads:
  0x0000000017288000 VMThread [stack: 0x0000000018320000,0x0000000018420000] [id=5888]
  0x00000000189d4000 WatcherThread [stack: 0x0000000019020000,0x0000000019120000] [id=10936]

VM state:not at safepoint (normal execution)

VM Mutex/Monitor currently owned by a thread: None

Heap:
 PSYoungGen      total 38400K, used 9985K [0x00000000d5580000, 0x00000000d8000000, 0x0000000100000000)
  eden space 33280K, 30% used [0x00000000d5580000,0x00000000d5f40520,0x00000000d7600000)
  from space 5120K, 0% used [0x00000000d7b00000,0x00000000d7b00000,0x00000000d8000000)
  to   space 5120K, 0% used [0x00000000d7600000,0x00000000d7600000,0x00000000d7b00000)
 ParOldGen       total 87552K, used 0K [0x0000000080000000, 0x0000000085580000, 0x00000000d5580000)
  object space 87552K, 0% used [0x0000000080000000,0x0000000080000000,0x0000000085580000)
 Metaspace       used 4773K, capacity 5872K, committed 6016K, reserved 1056768K
  class space    used 520K, capacity 552K, committed 640K, reserved 1048576K

Card table byte_map: [0x0000000011b60000,0x0000000011f70000] byte_map_base: 0x0000000011760000

Marking Bits: (ParMarkBitMap*) 0x00000000649e0600
 Begin Bits: [0x0000000012520000, 0x0000000014520000)
 End Bits:   [0x0000000014520000, 0x0000000016520000)

Polling page: 0x00000000001f0000

CodeCache: size=245760Kb used=1768Kb max_used=1779Kb free=243991Kb
 bounds [0x00000000027a0000, 0x0000000002a10000, 0x00000000117a0000]
 total_blobs=568 nmethods=301 adapters=180
 compilation: enabled

Compilation events (10 events):
Event: 0.619 Thread 0x000000001731d800  299       3       com.android.dx.util.IntList::add (65 bytes)
Event: 0.619 Thread 0x000000001731d800 nmethod 299 0x000000000295c050 code [0x000000000295c1e0, 0x000000000295c698]
Event: 0.619 Thread 0x000000001731d800  300       3       com.android.dx.util.IntList::growIfNeeded (46 bytes)
Event: 0.619 Thread 0x000000001731d800 nmethod 300 0x000000000295ba90 code [0x000000000295bc00, 0x000000000295bf28]
Event: 0.619 Thread 0x000000001731d800  298   !   3       com.android.dx.cf.code.BytecodeArray::parseInstruction (2764 bytes)
Event: 0.620 Thread 0x0000000017319000  308       4       java.lang.String::replace (127 bytes)
Event: 0.621 Thread 0x000000001731c800  310   !   4       com.android.dx.util.FixedSizeList::get0 (47 bytes)
Event: 0.621 Thread 0x000000001731c800 nmethod 310 0x000000000295a2d0 code [0x000000000295a400, 0x000000000295a4b8]
Event: 0.621 Thread 0x000000001731c800  313       4       java.util.ArrayList::get (11 bytes)
Event: 0.622 Thread 0x000000001731c800 nmethod 313 0x0000000002959fd0 code [0x000000000295a100, 0x000000000295a1b8]

GC Heap History (0 events):
No events

Deoptimization events (0 events):
No events

Internal exceptions (2 events):
Event: 0.026 Thread 0x0000000002170800 Exception <a 'java/lang/NoSuchMethodError': Method sun.misc.Unsafe.defineClass(Ljava/lang/String;[BII)Ljava/lang/Class; name or signature does not match> (0x00000000d5592e88) thrown at [D:\re\puppet\workspace\8-2-build-windows-amd64-cygwin\jdk8u73\6086\hot¢µªêXàö?
Event: 0.026 Thread 0x0000000002170800 Exception <a 'java/lang/NoSuchMethodError': Method sun.misc.Unsafe.prefetchRead(Ljava/lang/Object;J)V name or signature does not match> (0x00000000d5593170) thrown at [D:\re\puppet\workspace\8-2-build-windows-amd64-cygwin\jdk8u73\6086\hotspot\src\share\vm\

Events (10 events):
Event: 0.621 loading class com/android/dx/ssa/SsaInsn
Event: 0.621 loading class com/android/dx/ssa/SsaInsn done
Event: 0.621 loading class com/android/dx/ssa/NormalSsaInsn
Event: 0.621 loading class com/android/dx/ssa/NormalSsaInsn done
Event: 0.621 loading class com/android/dx/rop/code/BasicBlockList$RegCountVisitor
Event: 0.621 loading class com/android/dx/rop/code/BasicBlockList$RegCountVisitor done
Event: 0.622 loading class com/android/dx/ssa/SsaBasicBlock
Event: 0.622 loading class com/android/dx/ssa/SsaBasicBlock done
Event: 0.622 loading class com/android/dx/ssa/SsaBasicBlock$LabelComparator
Event: 0.622 loading class com/android/dx/ssa/SsaBasicBlock$LabelComparator done


Dynamic libraries:
0x00007ff6ce000000 - 0x00007ff6ce037000 	X:\Program Files\Java\jdk1.8.0_73\bin\java.exe
0x00007ff8b34b0000 - 0x00007ff8b3671000 	X:\Windows\SYSTEM32\ntdll.dll
0x00007ff8b2f30000 - 0x00007ff8b2fdd000 	X:\Windows\system32\KERNEL32.DLL
0x00007ff8b0330000 - 0x00007ff8b0518000 	X:\Windows\system32\KERNELBASE.dll
0x00007ff8b0920000 - 0x00007ff8b09c7000 	X:\Windows\system32\ADVAPI32.dll
0x00007ff8b3040000 - 0x00007ff8b30dd000 	X:\Windows\system32\msvcrt.dll
0x00007ff8b2fe0000 - 0x00007ff8b303b000 	X:\Windows\system32\sechost.dll
0x00007ff8b2280000 - 0x00007ff8b239c000 	X:\Windows\system32\RPCRT4.dll
0x00007ff8b25d0000 - 0x00007ff8b2726000 	X:\Windows\system32\USER32.dll
0x00007ff8b20f0000 - 0x00007ff8b2276000 	X:\Windows\system32\GDI32.dll
0x00007ff8a8b30000 - 0x00007ff8a8da4000 	X:\Windows\WinSxS\amd64_microsoft.windows.common-controls_6595b64144ccf1df_6.0.10586.0_none_8c15ae12515e1c22\COMCTL32.dll
0x00007ff8b3230000 - 0x00007ff8b34ad000 	X:\Windows\system32\combase.dll
0x00007ff8afbc0000 - 0x00007ff8afc2a000 	X:\Windows\system32\bcryptPrimitives.dll
0x00007ff8b30e0000 - 0x00007ff8b311b000 	X:\Windows\system32\IMM32.DLL
0x0000000063c70000 - 0x0000000063d42000 	X:\Program Files\Java\jdk1.8.0_73\jre\bin\msvcr100.dll
0x00000000641d0000 - 0x0000000064a60000 	X:\Program Files\Java\jdk1.8.0_73\jre\bin\server\jvm.dll
0x00007ff8b2f10000 - 0x00007ff8b2f18000 	X:\Windows\system32\PSAPI.DLL
0x00007ff8ac5f0000 - 0x00007ff8ac5f9000 	X:\Windows\SYSTEM32\WSOCK32.dll
0x00007ff8adb70000 - 0x00007ff8adb93000 	X:\Windows\SYSTEM32\WINMM.dll
0x00007ff8ac380000 - 0x00007ff8ac38a000 	X:\Windows\SYSTEM32\VERSION.dll
0x00007ff8b2a70000 - 0x00007ff8b2adb000 	X:\Windows\system32\WS2_32.dll
0x0000000002140000 - 0x000000000216c000 	X:\Windows\SYSTEM32\WINMMBASE.dll
0x00007ff8b0520000 - 0x00007ff8b0563000 	X:\Windows\system32\cfgmgr32.dll
0x00000000640e0000 - 0x00000000640ef000 	X:\Program Files\Java\jdk1.8.0_73\jre\bin\verify.dll
0x00000000640b0000 - 0x00000000640d9000 	X:\Program Files\Java\jdk1.8.0_73\jre\bin\java.dll
0x0000000064090000 - 0x00000000640a6000 	X:\Program Files\Java\jdk1.8.0_73\jre\bin\zip.dll
0x00007ff8b0b90000 - 0x00007ff8b20ec000 	X:\Windows\system32\SHELL32.dll
0x00007ff8afc30000 - 0x00007ff8b0275000 	X:\Windows\system32\windows.storage.dll
0x00007ff8b2930000 - 0x00007ff8b2982000 	X:\Windows\system32\shlwapi.dll
0x00007ff8afb00000 - 0x00007ff8afb0f000 	X:\Windows\system32\kernel.appcore.dll
0x00007ff8b07f0000 - 0x00007ff8b08a5000 	X:\Windows\system32\shcore.dll
0x00007ff8afb10000 - 0x00007ff8afb5b000 	X:\Windows\system32\powrprof.dll
0x00007ff8afad0000 - 0x00007ff8afae4000 	X:\Windows\system32\profapi.dll

VM Arguments:
jvm_args: -Djava.awt.headless=true -Xmx2g -Dfile.encoding=GBK -Duser.country=CN -Duser.language=zh -Duser.variant 
java_command: com.android.dx.command.Main --dex --num-threads=4 --multi-dex --output E:\Android\CalorieCounter\app\build\intermediates\transforms\dex\debug\folders\1000\10\com.android.support-support-vector-drawable-23.2.1_1a3f9e49dc1869e607465cca88919c38fde5a3fa E:\Android\CalorieCounter\app\build\intermediates\exploded-aar\com.android.support\support-vector-drawable\23.2.1\jars\classes.jar
java_class_path (initial): E:\QMDownload\SDK\build-tools\23.0.3\lib\dx.jar
Launcher Type: SUN_STANDARD

Environment Variables:
PATH=X:\ProgramData\Oracle\Java\javapath;X:\Windows\system32;X:\Windows;X:\Windows\System32\Wbem;X:\Windows\System32\WindowsPowerShell\v1.0\;X:\Program Files (x86)\ATI Technologies\ATI.ACE\Core-Static;D:\Program Files\MATLAB\R2013a\runtime\win64;D:\Program Files\MATLAB\R2013a\bin;X:\Program Files\Java\jdk1.8.0_73\bin;D:\Python27;X:\Program Files (x86)\MySQL\MySQL Fabric 1.5 & MySQL Utilities 1.5\;X:\Program Files (x86)\MySQL\MySQL Fabric 1.5 & MySQL Utilities 1.5\Doctrine extensions for PHP\;E:\QMDownload\SDK\platform-tools
USERNAME=Õı…≠
OS=Windows_NT
PROCESSOR_IDENTIFIER=Intel64 Family 6 Model 60 Stepping 3, GenuineIntel



---------------  S Y S T E M  ---------------

OS: Windows 10.0 , 64 bit Build 10586 (10.0.10586.0)

CPU:total 4 (4 cores per cpu, 1 threads per core) family 6 model 60 stepping 3, cmov, cx8, fxsr, mmx, sse, sse2, sse3, ssse3, sse4.1, sse4.2, popcnt, avx, avx2, aes, clmul, erms, lzcnt, tsc, tscinvbit, bmi1, bmi2

Memory: 4k page, physical 8315044k(1871160k free), swap 8315044k(4108k free)

vm_info: Java HotSpot(TM) 64-Bit Server VM (25.73-b02) for windows-amd64 JRE (1.8.0_73-b02), built on Jan 29 2016 17:38:49 by "java_re" with MS VC++ 10.0 (VS2010)

time: Sat Apr 23 10:54:53 2016
elapsed time: 0 seconds (0d 0h 0m 0s)

