JvmtiExport can_access_local_variables 0
JvmtiExport can_hotswap_or_post_breakpoint 0
JvmtiExport can_post_on_exceptions 0
# 346 ciObject found
ciMethod java/lang/RuntimeException <init> (Ljava/lang/String;Ljava/lang/Throwable;)V 0 0 1 0 -1
ciMethod java/lang/NullPointerException <init> (Ljava/lang/String;)V 0 0 1 0 -1
ciMethod java/lang/Math max (II)I 225 1 34220 0 -1
ciMethod java/util/ArrayList ensureCapacityInternal (I)V 641 1 14417 0 -1
ciMethod java/util/ArrayList ensureExplicitCapacity (I)V 641 1 14994 0 -1
ciMethod java/util/ArrayList grow (I)V 89 1 3135 0 -1
ciMethod java/util/ArrayList add (Ljava/lang/Object;)Z 641 1 14236 0 -1
ciMethod java/lang/IllegalArgumentException <init> (Ljava/lang/String;)V 0 0 1 0 -1
ciMethodData java/lang/IllegalArgumentException <init> (Ljava/lang/String;)V 1 0 orig 264 168 161 204 93 0 0 0 0 0 9 167 22 0 0 0 0 56 1 0 0 0 0 0 0 0 0 0 0 0 0 0 0 0 0 0 0 0 0 0 0 0 0 0 0 0 0 0 0 0 0 0 0 0 0 0 0 0 0 0 0 0 0 0 0 0 0 0 0 0 0 0 0 0 0 0 0 0 0 0 0 77 68 79 32 101 120 116 114 97 32 100 97 116 97 32 108 111 99 107 0 0 0 0 0 0 0 0 0 0 0 0 0 0 0 0 0 0 0 0 0 0 0 0 0 0 0 0 0 0 0 0 0 0 0 0 0 0 0 0 0 0 0 0 0 0 0 0 0 0 0 0 0 0 0 0 0 0 0 0 0 0 0 0 0 0 0 0 0 0 0 0 0 0 0 0 0 0 0 0 0 0 0 0 0 0 0 0 0 0 0 0 0 0 0 0 0 0 0 0 0 0 0 0 0 0 0 0 0 0 0 0 0 0 0 0 0 0 0 0 0 1 0 0 0 1 0 0 0 0 0 0 0 0 0 0 0 2 0 0 0 0 0 0 0 0 0 0 0 16 0 0 0 255 255 255 255 2 0 2 0 0 0 0 0 data 2 0x20002 0x0 oops 0
ciMethodData java/util/ArrayList add (Ljava/lang/Object;)Z 2 14236 orig 264 168 161 204 93 0 0 0 0 80 154 156 22 0 0 0 0 144 1 0 0 0 0 0 0 0 0 0 0 0 0 0 0 0 0 0 0 0 0 0 0 0 0 0 0 0 0 0 0 0 0 0 0 0 0 0 0 0 0 0 0 0 0 0 0 0 0 0 0 0 0 0 0 0 0 0 0 0 0 0 0 77 68 79 32 101 120 116 114 97 32 100 97 116 97 32 108 111 99 107 0 0 0 0 0 0 0 0 0 0 0 0 0 0 0 0 0 0 0 0 0 0 0 0 0 0 0 0 0 0 0 0 0 0 0 0 0 0 0 0 0 0 0 0 0 0 0 0 0 0 0 0 0 0 0 0 0 0 0 0 0 0 0 0 0 0 0 0 0 0 0 0 0 0 0 0 0 0 0 0 0 0 0 0 0 0 0 0 0 0 0 0 0 0 0 0 0 0 0 0 0 0 0 0 0 0 0 0 0 0 0 0 0 0 0 0 0 80 0 0 0 97 186 1 0 1 0 0 0 0 0 0 0 0 0 0 0 2 0 0 0 0 0 15 0 2 0 0 0 64 0 0 0 255 255 255 255 2 0 7 0 0 0 0 0 data 8 0x70002 0x374e 0x1a0104 0x0 0x1977aca0 0x14d 0x1977ad50 0x10 oops 2 4 java/util/zip/ZipEntry 6 java/util/concurrent/FutureTask
ciMethodData java/util/ArrayList ensureCapacityInternal (I)V 2 14417 orig 264 168 161 204 93 0 0 0 0 200 143 156 22 0 0 0 0 144 1 0 0 32 0 0 0 0 0 0 0 0 0 0 0 0 0 0 0 0 0 0 0 0 0 0 0 0 0 0 0 0 0 0 0 0 0 0 0 0 0 0 0 0 0 0 0 0 0 0 0 0 0 0 0 0 0 0 0 0 0 0 0 77 68 79 32 101 120 116 114 97 32 100 97 116 97 32 108 111 99 107 0 0 0 0 0 0 0 0 0 0 0 0 0 0 0 0 0 0 0 0 0 0 0 0 0 0 0 0 0 0 0 0 0 0 0 0 0 0 0 0 0 0 0 0 0 0 0 0 0 0 0 0 0 0 0 0 0 0 0 0 0 0 0 0 0 0 0 0 0 0 0 0 0 0 0 0 0 0 0 0 0 0 0 0 0 0 0 0 0 0 0 0 0 0 0 0 0 0 0 0 0 0 0 0 0 0 0 0 0 0 0 0 0 0 0 0 0 80 0 0 0 9 192 1 0 1 0 0 0 0 0 0 0 0 0 0 0 2 0 0 0 0 0 14 0 2 0 0 0 64 0 0 0 255 255 255 255 7 0 7 0 0 0 0 0 data 8 0x70007 0x2c72 0x30 0xb93 0xd0002 0xb93 0x130002 0x3801 oops 0
ciMethodData java/lang/Math max (II)I 2 34220 orig 264 168 161 204 93 0 0 0 0 120 47 155 22 0 0 0 0 96 1 0 0 0 0 0 0 0 0 0 0 0 0 0 0 0 0 0 0 0 0 0 0 0 0 0 0 0 0 0 0 0 0 0 0 0 0 0 0 0 0 0 0 0 0 0 0 0 0 0 0 0 0 0 0 0 0 0 0 0 0 0 0 77 68 79 32 101 120 116 114 97 32 100 97 116 97 32 108 111 99 107 0 0 0 0 0 0 0 0 0 0 0 0 0 0 0 0 0 0 0 0 0 0 0 0 0 0 0 0 0 0 0 0 0 0 0 0 0 0 0 0 0 0 0 0 0 0 0 0 0 0 0 0 0 0 0 0 0 0 0 0 0 0 0 0 0 0 0 0 0 0 0 0 0 0 0 0 0 0 0 0 0 0 0 0 0 0 0 0 0 0 0 0 0 0 0 0 0 0 0 0 0 0 0 0 0 0 0 0 0 0 0 0 0 0 0 0 0 28 0 0 0 129 44 4 0 1 0 0 0 0 0 0 0 0 0 0 0 2 0 0 0 0 0 6 0 2 0 0 0 56 0 0 0 255 255 255 255 7 0 2 0 0 0 0 0 data 7 0x20007 0x198e 0x38 0x6c03 0x60003 0x6c03 0x18 oops 0
ciMethodData java/util/ArrayList ensureExplicitCapacity (I)V 2 14994 orig 264 168 161 204 93 0 0 0 0 120 144 156 22 0 0 0 0 88 1 0 0 0 0 0 0 0 0 0 0 0 0 0 0 0 0 0 0 0 0 0 0 0 0 0 0 0 0 0 0 0 0 0 0 0 0 0 0 0 0 0 0 0 0 0 0 0 0 0 0 0 0 0 0 0 0 0 0 0 0 0 0 77 68 79 32 101 120 116 114 97 32 100 97 116 97 32 108 111 99 107 0 0 0 0 0 0 0 0 0 0 0 0 0 0 0 0 0 0 0 0 0 0 0 0 0 0 0 0 0 0 0 0 0 0 0 0 0 0 0 0 0 0 0 0 0 0 0 0 0 0 0 0 0 0 0 0 0 0 0 0 0 0 0 0 0 0 0 0 0 0 0 0 0 0 0 0 0 0 0 0 0 0 0 0 0 0 0 0 0 0 0 0 0 0 0 0 0 0 0 0 0 0 0 0 0 0 0 0 0 0 0 0 0 0 0 0 0 80 0 0 0 17 210 1 0 1 0 0 0 0 0 0 0 0 0 0 0 2 0 0 0 0 0 6 0 2 0 0 0 48 0 0 0 255 255 255 255 7 0 17 0 0 0 0 0 data 6 0x110007 0x2e10 0x30 0xc35 0x160002 0xc35 oops 0
ciMethodData java/util/ArrayList grow (I)V 2 3135 orig 264 168 161 204 93 0 0 0 0 64 145 156 22 0 0 0 0 176 1 0 0 64 0 0 0 0 0 0 0 0 0 0 0 0 0 0 0 0 0 0 0 0 0 0 0 0 0 0 0 0 0 0 0 0 0 0 0 0 0 0 0 0 0 0 0 0 0 0 0 0 0 0 0 0 0 0 0 0 0 0 0 77 68 79 32 101 120 116 114 97 32 100 97 116 97 32 108 111 99 107 0 0 0 0 0 0 0 0 0 0 0 0 0 0 0 0 0 0 0 0 0 0 0 0 0 0 0 0 0 0 0 0 0 0 0 0 0 0 0 0 0 0 0 0 0 0 0 0 0 0 0 0 0 0 0 0 0 0 0 0 0 0 0 0 0 0 0 0 0 0 0 0 0 0 0 0 0 0 0 0 0 0 0 0 0 0 0 0 0 0 0 0 0 0 0 0 0 0 0 0 0 0 0 0 0 0 0 0 0 0 0 0 0 0 0 0 0 11 0 0 0 161 97 0 0 1 0 0 0 0 0 0 0 0 0 0 0 2 0 0 0 0 0 15 0 2 0 0 0 96 0 0 0 255 255 255 255 7 0 15 0 0 0 0 0 data 12 0xf0007 0x95 0x20 0xba0 0x180007 0xc34 0x30 0x0 0x1c0002 0x0 0x260002 0xc34 oops 0
ciMethod java/lang/IndexOutOfBoundsException <init> (Ljava/lang/String;)V 0 0 1 0 -1
ciMethodData java/lang/NullPointerException <init> (Ljava/lang/String;)V 1 0 orig 264 168 161 204 93 0 0 0 0 200 155 152 22 0 0 0 0 56 1 0 0 0 0 0 0 0 0 0 0 0 0 0 0 0 0 0 0 0 0 0 0 0 0 0 0 0 0 0 0 0 0 0 0 0 0 0 0 0 0 0 0 0 0 0 0 0 0 0 0 0 0 0 0 0 0 0 0 0 0 0 0 77 68 79 32 101 120 116 114 97 32 100 97 116 97 32 108 111 99 107 0 0 0 0 0 0 0 0 0 0 0 0 0 0 0 0 0 0 0 0 0 0 0 0 0 0 0 0 0 0 0 0 0 0 0 0 0 0 0 0 0 0 0 0 0 0 0 0 0 0 0 0 0 0 0 0 0 0 0 0 0 0 0 0 0 0 0 0 0 0 0 0 0 0 0 0 0 0 0 0 0 0 0 0 0 0 0 0 0 0 0 0 0 0 0 0 0 0 0 0 0 0 0 0 0 0 0 0 0 0 0 0 0 0 0 0 0 0 0 0 0 1 0 0 0 1 0 0 0 0 0 0 0 0 0 0 0 2 0 0 0 0 0 0 0 0 0 0 0 16 0 0 0 255 255 255 255 2 0 2 0 0 0 0 0 data 2 0x20002 0x0 oops 0
ciMethodData java/lang/RuntimeException <init> (Ljava/lang/String;Ljava/lang/Throwable;)V 1 0 orig 264 168 161 204 93 0 0 0 0 176 217 143 22 0 0 0 0 64 1 0 0 0 0 0 0 0 0 0 0 0 0 0 0 0 0 0 0 0 0 0 0 0 0 0 0 0 0 0 0 0 0 0 0 0 0 0 0 0 0 0 0 0 0 0 0 0 0 0 0 0 0 0 0 0 0 0 0 0 0 0 0 77 68 79 32 101 120 116 114 97 32 100 97 116 97 32 108 111 99 107 0 0 0 0 0 0 0 0 0 0 0 0 0 0 0 0 0 0 0 0 0 0 0 0 0 0 0 0 0 0 0 0 0 0 0 0 0 0 0 0 0 0 0 0 0 0 0 0 0 0 0 0 0 0 0 0 0 0 0 0 0 0 0 0 0 0 0 0 0 0 0 0 0 0 0 0 0 0 0 0 0 0 0 0 0 0 0 0 0 0 0 0 0 0 0 0 0 0 0 0 0 0 0 0 0 0 0 0 0 0 0 0 0 0 0 0 0 0 0 0 0 1 0 0 0 1 0 0 0 0 0 0 0 0 0 0 0 2 0 0 0 0 0 0 0 0 0 0 0 16 0 0 0 255 255 255 255 2 0 3 0 0 0 0 0 data 2 0x30002 0x0 oops 0
ciMethod com/android/dx/rop/cst/CstType forBoxedPrimitiveType (Lcom/android/dx/rop/type/Type;)Lcom/android/dx/rop/cst/CstType; 0 0 1 0 -1
ciMethod com/android/dx/rop/cst/CstType intern (Lcom/android/dx/rop/type/Type;)Lcom/android/dx/rop/cst/CstType; 329 1 41 0 -1
ciMethod com/android/dx/rop/cst/CstType <init> (Lcom/android/dx/rop/type/Type;)V 345 1 254 0 -1
ciMethod com/android/dx/rop/cst/CstType getClassType ()Lcom/android/dx/rop/type/Type; 1033 1 129 0 -1
ciMethod com/android/dx/rop/type/TypeBearer getType ()Lcom/android/dx/rop/type/Type; 0 0 1 0 -1
ciMethod com/android/dx/rop/type/TypeBearer isConstant ()Z 0 0 1 0 -1
ciMethod com/android/dx/rop/type/TypeList size ()I 0 0 1 0 -1
ciMethod com/android/dx/rop/cst/CstInteger make (I)Lcom/android/dx/rop/cst/CstInteger; 225 1 225 0 -1
ciMethod com/android/dx/rop/cst/CstInteger getValue ()I 393 1 766 0 -1
ciMethod com/android/dx/rop/cst/CstLiteral32 getIntBits ()I 1969 1 246 0 -1
ciMethod com/android/dx/rop/cst/CstFieldRef forPrimitiveType (Lcom/android/dx/rop/type/Type;)Lcom/android/dx/rop/cst/CstFieldRef; 0 0 1 0 -1
ciMethod com/android/dx/rop/cst/CstFieldRef <init> (Lcom/android/dx/rop/cst/CstType;Lcom/android/dx/rop/cst/CstNat;)V 73 1 67 0 -1
ciMethod com/android/dx/rop/cst/CstMemberRef <init> (Lcom/android/dx/rop/cst/CstType;Lcom/android/dx/rop/cst/CstNat;)V 289 1 426 0 -1
ciMethod com/android/dx/rop/cst/CstBaseMethodRef getPrototype ()Lcom/android/dx/rop/type/Prototype; 1041 1 130 0 -1
ciMethod com/android/dx/util/MutabilityControl throwIfImmutable ()V 2177 1 36316 0 -1
ciMethod com/android/dx/util/MutabilityException <init> (Ljava/lang/String;)V 0 0 1 0 -1
ciMethod com/android/dx/rop/type/Type getType ()Lcom/android/dx/rop/type/Type; 2073 1 1756 0 -1
ciMethod com/android/dx/rop/type/Type getCategory ()I 2049 1 1280 0 -1
ciMethod com/android/dx/rop/type/Type isPrimitive ()Z 0 0 1 0 -1
ciMethod com/android/dx/rop/type/Type getComponentType ()Lcom/android/dx/rop/type/Type; 241 1 30 0 -1
ciMethod com/android/dx/rop/type/Prototype getReturnType ()Lcom/android/dx/rop/type/Type; 1209 1 151 0 -1
ciMethod com/android/dx/rop/type/Prototype getParameterFrameTypes ()Lcom/android/dx/rop/type/StdTypeList; 1337 1553 167 0 -1
ciMethod com/android/dx/util/FixedSizeList <init> (I)V 2049 1 7115 0 -1
ciMethod com/android/dx/util/FixedSizeList size ()I 2049 1 15097 0 -1
ciMethod com/android/dx/util/FixedSizeList get0 (I)Ljava/lang/Object; 3089 1 5506 0 -1
ciMethod com/android/dx/util/FixedSizeList set0 (ILjava/lang/Object;)V 2057 1 12561 0 -1
ciMethod com/android/dx/util/FixedSizeList throwIndex (I)Ljava/lang/Object; 0 0 1 0 -1
ciMethod com/android/dx/cf/iface/Member getAccessFlags ()I 0 0 1 0 -1
ciMethod com/android/dx/cf/code/SimException <init> (Ljava/lang/String;)V 0 0 1 0 -1
ciMethod com/android/dx/cf/code/LineNumberList pcToLine (I)I 3961 24577 1014 0 -1
ciMethod com/android/dx/cf/attrib/AttCode getMaxStack ()I 1185 1 124 0 -1
ciMethodData com/android/dx/util/MutabilityControl throwIfImmutable ()V 2 36340 orig 264 168 161 204 93 0 0 0 0 120 112 210 22 0 0 0 0 80 1 0 0 0 0 0 0 0 0 0 0 0 0 0 0 0 0 0 0 0 0 0 0 0 0 0 0 0 0 0 0 0 0 0 0 0 0 0 0 0 0 0 0 0 0 0 0 0 0 0 0 0 0 0 0 0 0 0 0 0 0 0 0 77 68 79 32 101 120 116 114 97 32 100 97 116 97 32 108 111 99 107 0 0 0 0 0 0 0 0 0 0 0 0 0 0 0 0 0 0 0 0 0 0 0 0 0 0 0 0 0 0 0 0 0 0 0 0 0 0 0 0 0 0 0 0 0 0 0 0 0 0 0 0 0 0 0 0 0 0 0 0 0 0 0 0 0 0 0 0 0 0 0 0 0 0 0 0 0 0 0 0 0 0 0 0 0 0 0 0 0 0 0 0 0 0 0 0 0 0 0 0 0 0 0 0 0 0 0 0 0 0 0 0 0 0 0 0 0 16 1 0 0 33 103 4 0 1 0 0 0 0 0 0 0 0 0 0 0 2 0 0 0 0 0 5 0 2 0 0 0 48 0 0 0 255 255 255 255 7 0 4 0 0 0 0 0 data 6 0x40007 0x8cea 0x30 0x0 0xd0002 0x0 oops 0
ciMethodData com/android/dx/rop/cst/CstType <init> (Lcom/android/dx/rop/type/Type;)V 1 254 orig 264 168 161 204 93 0 0 0 0 176 145 207 22 0 0 0 0 192 1 0 0 48 0 0 0 0 0 0 0 0 0 0 0 0 0 0 0 0 0 0 0 0 0 0 0 0 0 0 0 0 0 0 0 0 0 0 0 0 0 0 0 0 0 0 0 0 0 0 0 0 0 0 0 0 0 0 0 0 0 0 0 77 68 79 32 101 120 116 114 97 32 100 97 116 97 32 108 111 99 107 0 0 0 0 0 0 0 0 0 0 0 0 0 0 0 0 0 0 0 0 0 0 0 0 0 0 0 0 0 0 0 0 0 0 0 0 0 0 0 0 0 0 0 0 0 0 0 0 0 0 0 0 0 0 0 0 0 0 0 0 0 0 0 0 0 0 0 0 0 0 0 0 0 0 0 0 0 0 0 0 0 0 0 0 0 0 0 0 0 0 0 0 0 0 0 0 0 0 0 0 0 0 0 0 0 0 0 0 0 0 0 0 0 0 0 0 0 43 0 0 0 153 6 0 0 1 0 0 0 0 0 0 0 0 0 0 0 2 0 0 0 0 0 0 0 0 0 0 0 112 0 0 0 255 255 255 255 2 0 1 0 0 0 0 0 data 14 0x10002 0xd3 0x50007 0xd3 0x30 0x0 0xe0002 0x0 0x160007 0xd3 0x30 0x0 0x1f0002 0x0 oops 0
ciMethodData com/android/dx/rop/cst/CstFieldRef <init> (Lcom/android/dx/rop/cst/CstType;Lcom/android/dx/rop/cst/CstNat;)V 1 67 orig 264 168 161 204 93 0 0 0 0 40 41 210 22 0 0 0 0 64 1 0 0 0 0 0 0 0 0 0 0 0 0 0 0 0 0 0 0 0 0 0 0 0 0 0 0 0 0 0 0 0 0 0 0 0 0 0 0 0 0 0 0 0 0 0 0 0 0 0 0 0 0 0 0 0 0 0 0 0 0 0 0 77 68 79 32 101 120 116 114 97 32 100 97 116 97 32 108 111 99 107 0 0 0 0 0 0 0 0 0 0 0 0 0 0 0 0 0 0 0 0 0 0 0 0 0 0 0 0 0 0 0 0 0 0 0 0 0 0 0 0 0 0 0 0 0 0 0 0 0 0 0 0 0 0 0 0 0 0 0 0 0 0 0 0 0 0 0 0 0 0 0 0 0 0 0 0 0 0 0 0 0 0 0 0 0 0 0 0 0 0 0 0 0 0 0 0 0 0 0 0 0 0 0 0 0 0 0 0 0 0 0 0 0 0 0 0 0 9 0 0 0 209 1 0 0 1 0 0 0 0 0 0 0 0 0 0 0 2 0 0 0 0 0 0 0 0 0 0 0 16 0 0 0 255 255 255 255 2 0 3 0 0 0 0 0 data 2 0x30002 0x3a oops 0
ciMethodData com/android/dx/rop/cst/CstMemberRef <init> (Lcom/android/dx/rop/cst/CstType;Lcom/android/dx/rop/cst/CstNat;)V 1 426 orig 264 168 161 204 93 0 0 0 0 16 49 210 22 0 0 0 0 160 1 0 0 48 0 0 0 0 0 0 0 0 0 0 0 0 0 0 0 0 0 0 0 0 0 0 0 0 0 0 0 0 0 0 0 0 0 0 0 0 0 0 0 0 0 0 0 0 0 0 0 0 0 0 0 0 0 0 0 0 0 0 0 77 68 79 32 101 120 116 114 97 32 100 97 116 97 32 108 111 99 107 0 0 0 0 0 0 0 0 0 0 0 0 0 0 0 0 0 0 0 0 0 0 0 0 0 0 0 0 0 0 0 0 0 0 0 0 0 0 0 0 0 0 0 0 0 0 0 0 0 0 0 0 0 0 0 0 0 0 0 0 0 0 0 0 0 0 0 0 0 0 0 0 0 0 0 0 0 0 0 0 0 0 0 0 0 0 0 0 0 0 0 0 0 0 0 0 0 0 0 0 0 0 0 0 0 0 0 0 0 0 0 0 0 0 0 0 0 36 0 0 0 49 12 0 0 1 0 0 0 0 0 0 0 0 0 0 0 2 0 0 0 0 0 0 0 0 0 0 0 112 0 0 0 255 255 255 255 2 0 1 0 0 0 0 0 data 14 0x10002 0x186 0x50007 0x186 0x30 0x0 0xe0002 0x0 0x130007 0x186 0x30 0x0 0x1c0002 0x0 oops 0
ciMethodData com/android/dx/util/FixedSizeList set0 (ILjava/lang/Object;)V 2 12562 orig 264 168 161 204 93 0 0 0 0 88 38 211 22 0 0 0 0 224 1 0 0 0 0 0 0 0 0 0 0 0 0 0 0 0 0 0 0 0 0 0 0 0 0 0 0 0 0 0 0 0 0 0 0 0 0 0 0 0 0 0 0 0 0 0 0 0 0 0 0 0 0 0 0 0 0 0 0 0 0 0 0 77 68 79 32 101 120 116 114 97 32 100 97 116 97 32 108 111 99 107 0 0 0 0 0 0 0 0 0 0 0 0 0 0 0 0 0 0 0 0 0 0 0 0 0 0 0 0 0 0 0 0 0 0 0 0 0 0 0 0 0 0 0 0 0 0 0 0 0 0 0 0 0 0 0 0 0 0 0 0 0 0 0 0 0 0 0 0 0 0 0 0 0 0 0 0 0 0 0 0 0 0 0 0 0 0 0 0 0 0 0 0 0 0 0 0 0 0 0 0 0 0 0 0 0 0 0 0 0 0 0 0 0 0 0 0 0 1 1 0 0 129 128 1 0 1 0 0 0 0 0 0 0 0 0 0 0 2 0 0 0 0 0 11 0 2 0 0 0 136 0 0 0 255 255 255 255 5 0 1 0 0 0 0 0 data 17 0x10005 0x2dbe 0x1986cf10 0xee 0x1986cfc0 0x165 0xa0104 0x0 0x197622a0 0x11e 0x1986d070 0x64 0xb0003 0x3011 0x28 0x110002 0x0 oops 4 2 com/android/dx/cf/code/LocalVariableList 4 com/android/dx/cf/iface/StdAttributeList 8 com/android/dx/cf/code/LineNumberList$Item 10 com/android/dx/cf/attrib/AttLineNumberTable
ciMethodData com/android/dx/util/FixedSizeList throwIndex (I)Ljava/lang/Object; 1 0 orig 264 168 161 204 93 0 0 0 0 56 39 211 22 0 0 0 0 104 1 0 0 32 0 0 0 0 0 0 0 0 0 0 0 0 0 0 0 0 0 0 0 0 0 0 0 0 0 0 0 0 0 0 0 0 0 0 0 0 0 0 0 0 0 0 0 0 0 0 0 0 0 0 0 0 0 0 0 0 0 0 0 77 68 79 32 101 120 116 114 97 32 100 97 116 97 32 108 111 99 107 0 0 0 0 0 0 0 0 0 0 0 0 0 0 0 0 0 0 0 0 0 0 0 0 0 0 0 0 0 0 0 0 0 0 0 0 0 0 0 0 0 0 0 0 0 0 0 0 0 0 0 0 0 0 0 0 0 0 0 0 0 0 0 0 0 0 0 0 0 0 0 0 0 0 0 0 0 0 0 0 0 0 0 0 0 0 0 0 0 0 0 0 0 0 0 0 0 0 0 0 0 0 0 0 0 0 0 0 0 0 0 0 0 0 0 0 0 0 0 0 0 1 0 0 0 1 0 0 0 0 0 0 0 0 0 0 0 2 0 0 0 0 0 0 0 0 0 0 0 64 0 0 0 255 255 255 255 7 0 1 0 0 0 0 0 data 8 0x10007 0x0 0x30 0x0 0xa0002 0x0 0x140002 0x0 oops 0
ciMethodData com/android/dx/util/FixedSizeList size ()I 2 15098 orig 264 168 161 204 93 0 0 0 0 8 34 211 22 0 0 0 0 32 1 0 0 0 0 0 0 0 0 0 0 0 0 0 0 0 0 0 0 0 0 0 0 0 0 0 0 0 0 0 0 0 0 0 0 0 0 0 0 0 0 0 0 0 0 0 0 0 0 0 0 0 0 0 0 0 0 0 0 0 0 0 0 77 68 79 32 101 120 116 114 97 32 100 97 116 97 32 108 111 99 107 0 0 0 0 0 0 0 0 0 0 0 0 0 0 0 0 0 0 0 0 0 0 0 0 0 0 0 0 0 0 0 0 0 0 0 0 0 0 0 0 0 0 0 0 0 0 0 0 0 0 0 0 0 0 0 0 0 0 0 0 0 0 0 0 0 0 0 0 0 0 0 0 0 0 0 0 0 0 0 0 0 0 0 0 0 0 0 0 0 0 0 0 0 0 0 0 0 0 0 0 0 0 0 0 0 0 0 0 0 0 0 0 0 0 0 0 0 0 1 0 0 209 207 1 0 1 0 0 0 0 0 0 0 0 0 0 0 2 0 0 0 0 0 3 0 1 0 0 0 0 0 0 0 255 255 255 255 0 0 0 0 0 0 0 0 data 0 oops 0
ciMethodData com/android/dx/util/FixedSizeList <init> (I)V 2 7115 orig 264 168 161 204 93 0 0 0 0 248 27 211 22 0 0 0 0 152 1 0 0 56 0 0 0 0 0 0 0 0 0 0 0 0 0 0 0 0 0 0 0 0 0 0 0 0 0 0 0 0 0 0 0 0 0 0 0 0 0 0 0 0 0 0 0 0 0 0 0 0 0 0 0 0 0 0 0 0 0 0 0 77 68 79 32 101 120 116 114 97 32 100 97 116 97 32 108 111 99 107 0 0 0 0 0 0 0 0 0 0 0 0 0 0 0 0 0 0 0 0 0 0 0 0 0 0 0 0 0 0 0 0 0 0 0 0 0 0 0 0 0 0 0 0 0 0 0 0 0 0 0 0 0 0 0 0 0 0 0 0 0 0 0 0 0 0 0 0 0 0 0 0 0 0 0 0 0 0 0 0 0 0 0 0 0 0 0 0 0 0 0 0 0 0 0 0 0 0 0 0 0 0 0 0 0 0 0 0 0 0 0 0 0 0 0 0 0 0 1 0 0 89 214 0 0 1 0 0 0 0 0 0 0 0 0 0 0 2 0 0 0 0 0 10 0 2 0 0 0 112 0 0 0 255 255 255 255 7 0 2 0 0 0 0 0 data 14 0x20007 0x9a1 0x38 0x112b 0x60003 0x112c 0x18 0xa0002 0x1acc 0x150003 0x1ace 0x28 0x1f0002 0x0 oops 0
ciMethod com/android/dx/rop/code/TranslationAdvice hasConstantOperation (Lcom/android/dx/rop/code/Rop;Lcom/android/dx/rop/code/RegisterSpec;Lcom/android/dx/rop/code/RegisterSpec;)Z 0 0 1 0 -1
ciMethod com/android/dx/cf/code/ConcreteMethod getAccessFlags ()I 4097 1 717 0 -1
ciMethod com/android/dx/cf/code/ConcreteMethod getMaxStack ()I 993 1 124 0 -1
ciMethod com/android/dx/cf/code/ConcreteMethod makeSourcePosistion (I)Lcom/android/dx/rop/code/SourcePosition; 4097 1 1014 0 -1
ciMethod com/android/dx/rop/code/DexTranslationAdvice hasConstantOperation (Lcom/android/dx/rop/code/Rop;Lcom/android/dx/rop/code/RegisterSpec;Lcom/android/dx/rop/code/RegisterSpec;)Z 529 1 94 0 -1
ciMethod com/android/dx/cf/code/Ropper getFirstTempStackReg ()I 185 1 23 0 -1
ciMethod com/android/dx/cf/code/Ropper isSynchronized ()Z 4097 1 717 0 -1
ciMethod com/android/dx/cf/code/Ropper getNormalRegCount ()I 185 1 23 0 -1
ciMethod com/android/dx/rop/code/Insn <init> (Lcom/android/dx/rop/code/Rop;Lcom/android/dx/rop/code/SourcePosition;Lcom/android/dx/rop/code/RegisterSpec;Lcom/android/dx/rop/code/RegisterSpecList;)V 3185 1 4944 0 -1
ciMethod com/android/dx/rop/code/Insn getResult ()Lcom/android/dx/rop/code/RegisterSpec; 1161 1 145 0 -1
ciMethod com/android/dx/rop/code/PlainInsn <init> (Lcom/android/dx/rop/code/Rop;Lcom/android/dx/rop/code/SourcePosition;Lcom/android/dx/rop/code/RegisterSpec;Lcom/android/dx/rop/code/RegisterSpecList;)V 4097 1 2963 0 -1
ciMethod com/android/dx/rop/code/PlainInsn <init> (Lcom/android/dx/rop/code/Rop;Lcom/android/dx/rop/code/SourcePosition;Lcom/android/dx/rop/code/RegisterSpec;Lcom/android/dx/rop/code/RegisterSpec;)V 833 1 104 0 -1
ciMethod com/android/dx/rop/code/ThrowingInsn <init> (Lcom/android/dx/rop/code/Rop;Lcom/android/dx/rop/code/SourcePosition;Lcom/android/dx/rop/code/RegisterSpecList;Lcom/android/dx/rop/type/TypeList;)V 465 1 58 0 -1
ciMethod com/android/dx/rop/code/PlainCstInsn <init> (Lcom/android/dx/rop/code/Rop;Lcom/android/dx/rop/code/SourcePosition;Lcom/android/dx/rop/code/RegisterSpec;Lcom/android/dx/rop/code/RegisterSpecList;Lcom/android/dx/rop/cst/Constant;)V 3929 1 491 0 -1
ciMethod com/android/dx/rop/code/CstInsn <init> (Lcom/android/dx/rop/code/Rop;Lcom/android/dx/rop/code/SourcePosition;Lcom/android/dx/rop/code/RegisterSpec;Lcom/android/dx/rop/code/RegisterSpecList;Lcom/android/dx/rop/cst/Constant;)V 4097 1 1890 0 -1
ciMethod com/android/dx/rop/code/ThrowingCstInsn <init> (Lcom/android/dx/rop/code/Rop;Lcom/android/dx/rop/code/SourcePosition;Lcom/android/dx/rop/code/RegisterSpecList;Lcom/android/dx/rop/type/TypeList;Lcom/android/dx/rop/cst/Constant;)V 4097 1 1388 0 -1
ciMethod com/android/dx/util/IntList size ()I 1033 1 129 0 -1
ciMethod com/android/dx/cf/code/RopperMachine run (Lcom/android/dx/cf/code/Frame;II)V 4097 409 914 0 -1
ciMethod com/android/dx/cf/code/RopperMachine getSources (II)Lcom/android/dx/rop/code/RegisterSpecList; 4097 2793 915 0 -1
ciMethod com/android/dx/cf/code/RopperMachine updateReturnOp (Lcom/android/dx/rop/code/Rop;Lcom/android/dx/rop/code/SourcePosition;)V 857 1 107 0 -1
ciMethod com/android/dx/cf/code/RopperMachine jopToRopOpcode (ILcom/android/dx/rop/cst/Constant;)I 4097 1 898 0 -1
ciMethod com/android/dx/cf/code/ValueAwareMachine run (Lcom/android/dx/cf/code/Frame;II)V 4097 273 915 0 -1
ciMethod com/android/dx/cf/code/BaseMachine arg (I)Lcom/android/dx/rop/type/TypeBearer; 4097 1 1406 0 -1
ciMethod com/android/dx/cf/code/BaseMachine getAuxInt ()I 481 1 46 0 -1
ciMethod com/android/dx/cf/code/BaseMachine getAuxCst ()Lcom/android/dx/rop/cst/Constant; 1361 1 170 0 -1
ciMethod com/android/dx/cf/code/BaseMachine getAuxCases ()Lcom/android/dx/cf/code/SwitchList; 2961 1 370 0 -1
ciMethod com/android/dx/cf/code/BaseMachine getInitValues ()Ljava/util/ArrayList; 2961 1 370 0 -1
ciMethod com/android/dx/cf/code/BaseMachine getLocalTarget (Z)Lcom/android/dx/rop/code/RegisterSpec; 4097 1 955 0 -1
ciMethod com/android/dx/cf/code/BaseMachine resultCount ()I 4097 1 914 0 -1
ciMethod com/android/dx/cf/code/BaseMachine result (I)Lcom/android/dx/rop/type/TypeBearer; 4097 1 573 0 -1
ciMethod com/android/dx/rop/code/SwitchInsn <init> (Lcom/android/dx/rop/code/Rop;Lcom/android/dx/rop/code/SourcePosition;Lcom/android/dx/rop/code/RegisterSpec;Lcom/android/dx/rop/code/RegisterSpecList;Lcom/android/dx/util/IntList;)V 0 0 1 0 -1
ciMethod com/android/dx/rop/code/FillArrayDataInsn <init> (Lcom/android/dx/rop/code/Rop;Lcom/android/dx/rop/code/SourcePosition;Lcom/android/dx/rop/code/RegisterSpecList;Ljava/util/ArrayList;Lcom/android/dx/rop/cst/Constant;)V 41 1 5 0 -1
ciMethod com/android/dx/cf/code/Frame getStack ()Lcom/android/dx/cf/code/ExecutionStack; 1113 1 139 0 -1
ciMethod com/android/dx/cf/code/ExecutionStack size ()I 1065 1 133 0 -1
ciMethod com/android/dx/rop/code/SourcePosition <init> (Lcom/android/dx/rop/cst/CstString;II)V 4097 1 1015 0 -1
ciMethod com/android/dx/rop/code/RegisterSpec intern (ILcom/android/dx/rop/type/TypeBearer;Lcom/android/dx/rop/code/LocalItem;)Lcom/android/dx/rop/code/RegisterSpec; 2121 1 6579 0 -1
ciMethod com/android/dx/rop/code/RegisterSpec make (ILcom/android/dx/rop/type/TypeBearer;)Lcom/android/dx/rop/code/RegisterSpec; 4097 1 2184 0 -1
ciMethod com/android/dx/rop/code/RegisterSpec makeLocalOptional (ILcom/android/dx/rop/type/TypeBearer;Lcom/android/dx/rop/code/LocalItem;)Lcom/android/dx/rop/code/RegisterSpec; 2057 1 4401 0 -1
ciMethod com/android/dx/rop/code/RegisterSpec getType ()Lcom/android/dx/rop/type/Type; 4097 1 906 0 -1
ciMethod com/android/dx/rop/code/RegisterSpec getReg ()I 1105 1 138 0 -1
ciMethod com/android/dx/rop/code/RegisterSpec getTypeBearer ()Lcom/android/dx/rop/type/TypeBearer; 1729 1 216 0 -1
ciMethod com/android/dx/rop/code/RegisterSpec getNextReg ()I 4097 1 2846 0 -1
ciMethod com/android/dx/rop/code/RegisterSpec getCategory ()I 2169 1 14738 0 -1
ciMethod com/android/dx/rop/code/RegisterSpec withReg (I)Lcom/android/dx/rop/code/RegisterSpec; 4097 1 3741 0 -1
ciMethod com/android/dx/rop/code/Rops ropFor (ILcom/android/dx/rop/type/TypeBearer;Lcom/android/dx/rop/type/TypeList;Lcom/android/dx/rop/cst/Constant;)Lcom/android/dx/rop/code/Rop; 4097 1 900 0 -1
ciMethod com/android/dx/rop/code/Rops opMove (Lcom/android/dx/rop/type/TypeBearer;)Lcom/android/dx/rop/code/Rop; 3729 1 466 0 -1
ciMethod com/android/dx/rop/code/Rops opMoveResult (Lcom/android/dx/rop/type/TypeBearer;)Lcom/android/dx/rop/code/Rop; 641 1 80 0 -1
ciMethod com/android/dx/rop/code/Rops opMoveResultPseudo (Lcom/android/dx/rop/type/TypeBearer;)Lcom/android/dx/rop/code/Rop; 993 1 124 0 -1
ciMethod com/android/dx/rop/code/Rops opFilledNewArray (Lcom/android/dx/rop/type/TypeBearer;I)Lcom/android/dx/rop/code/Rop; 0 0 1 0 -1
ciMethod com/android/dx/rop/code/Rops opInvokeStatic (Lcom/android/dx/rop/type/Prototype;)Lcom/android/dx/rop/code/Rop; 185 1 23 0 -1
ciMethod com/android/dx/rop/code/Rop <init> (ILcom/android/dx/rop/type/Type;Lcom/android/dx/rop/type/TypeList;Lcom/android/dx/rop/type/TypeList;IZLjava/lang/String;)V 4097 1 583 0 -1
ciMethod com/android/dx/rop/code/Rop <init> (ILcom/android/dx/rop/type/Type;Lcom/android/dx/rop/type/TypeList;Ljava/lang/String;)V 2457 1 307 0 -1
ciMethod com/android/dx/rop/code/Rop <init> (ILcom/android/dx/rop/type/TypeList;Lcom/android/dx/rop/type/TypeList;)V 1345 1 167 0 -1
ciMethod com/android/dx/rop/code/Rop getOpcode ()I 1057 1 132 0 -1
ciMethod com/android/dx/rop/code/Rop getResult ()Lcom/android/dx/rop/type/Type; 105 1 9 0 -1
ciMethod com/android/dx/rop/code/Rop getBranchingness ()I 1113 1 139 0 -1
ciMethod com/android/dx/rop/code/Rop isCallLike ()Z 1049 1 131 0 -1
ciMethod com/android/dx/rop/code/Rop canThrow ()Z 4097 1 1517 0 -1
ciMethod com/android/dx/rop/code/RegisterSpecList make (Lcom/android/dx/rop/code/RegisterSpec;)Lcom/android/dx/rop/code/RegisterSpecList; 1409 1 176 0 -1
ciMethod com/android/dx/rop/code/RegisterSpecList make (Lcom/android/dx/rop/code/RegisterSpec;Lcom/android/dx/rop/code/RegisterSpec;)Lcom/android/dx/rop/code/RegisterSpecList; 0 0 1 0 -1
ciMethod com/android/dx/rop/code/RegisterSpecList <init> (I)V 2161 1 6301 0 -1
ciMethod com/android/dx/rop/code/RegisterSpecList get (I)Lcom/android/dx/rop/code/RegisterSpec; 2217 1 8027 0 -1
ciMethod com/android/dx/rop/code/RegisterSpecList set (ILcom/android/dx/rop/code/RegisterSpec;)V 4105 1 3824 0 -1
ciMethod com/android/dx/rop/code/RegisterSpecList withoutFirst ()Lcom/android/dx/rop/code/RegisterSpecList; 0 0 1 0 -1
ciMethod com/android/dx/rop/code/RegisterSpecList withoutLast ()Lcom/android/dx/rop/code/RegisterSpecList; 9 9 3 0 -1
ciMethodData com/android/dx/util/FixedSizeList get0 (I)Ljava/lang/Object; 2 5506 orig 264 168 161 204 93 0 0 0 0 160 36 211 22 0 0 0 0 48 2 0 0 192 0 0 0 0 0 0 0 0 0 0 0 0 0 0 0 0 0 0 0 0 0 0 0 0 0 0 0 0 0 0 0 0 0 0 0 0 0 0 0 0 0 0 0 0 0 0 0 0 0 0 0 0 0 0 0 0 0 0 0 77 68 79 32 101 120 116 114 97 32 100 97 116 97 32 108 111 99 107 0 0 0 0 0 0 0 0 0 0 0 0 0 0 0 0 0 0 0 0 0 0 0 0 0 0 0 0 0 0 0 0 0 0 0 0 0 0 0 0 0 0 0 0 0 0 0 0 0 0 0 0 0 0 0 0 0 0 0 0 0 0 0 0 0 0 0 0 0 0 0 0 0 0 0 0 0 0 0 0 0 0 0 0 0 0 0 0 0 0 0 0 0 0 0 0 0 0 0 0 0 0 0 0 0 0 0 0 0 0 0 0 0 0 0 0 0 130 1 0 0 1 160 0 0 1 0 0 0 0 0 0 0 0 0 0 0 2 0 0 0 0 0 9 0 2 0 0 0 224 0 0 0 255 255 255 255 7 0 8 0 0 0 0 0 data 28 0x80007 0x1401 0xd0 0x0 0x130002 0x0 0x180005 0x0 0x0 0x0 0x0 0x0 0x1c0005 0x0 0x0 0x0 0x0 0x0 0x1f0005 0x0 0x0 0x0 0x0 0x0 0x220002 0x0 0x2b0002 0x0 oops 0
ciMethodData com/android/dx/rop/type/Type getType ()Lcom/android/dx/rop/type/Type; 2 1756 orig 264 168 161 204 93 0 0 0 0 72 168 210 22 0 0 0 0 32 1 0 0 0 0 0 0 0 0 0 0 0 0 0 0 0 0 0 0 0 0 0 0 0 0 0 0 0 0 0 0 0 0 0 0 0 0 0 0 0 0 0 0 0 0 0 0 0 0 0 0 0 0 0 0 0 0 0 0 0 0 0 0 77 68 79 32 101 120 116 114 97 32 100 97 116 97 32 108 111 99 107 0 0 0 0 0 0 0 0 0 0 0 0 0 0 0 0 0 0 0 0 0 0 0 0 0 0 0 0 0 0 0 0 0 0 0 0 0 0 0 0 0 0 0 0 0 0 0 0 0 0 0 0 0 0 0 0 0 0 0 0 0 0 0 0 0 0 0 0 0 0 0 0 0 0 0 0 0 0 0 0 0 0 0 0 0 0 0 0 0 0 0 0 0 0 0 0 0 0 0 0 0 0 0 0 0 0 0 0 0 0 0 0 0 0 0 0 0 3 1 0 0 201 46 0 0 1 0 0 0 0 0 0 0 0 0 0 0 2 0 0 0 0 0 3 0 1 0 0 0 0 0 0 0 255 255 255 255 0 0 0 0 0 0 0 0 data 0 oops 0
ciMethodData com/android/dx/rop/type/Type getCategory ()I 2 1280 orig 264 168 161 204 93 0 0 0 0 248 173 210 22 0 0 0 0 96 1 0 0 0 0 0 0 0 0 0 0 0 0 0 0 0 0 0 0 0 0 0 0 0 0 0 0 0 0 0 0 0 0 0 0 0 0 0 0 0 0 0 0 0 0 0 0 0 0 0 0 0 0 0 0 0 0 0 0 0 0 0 0 77 68 79 32 101 120 116 114 97 32 100 97 116 97 32 108 111 99 107 0 0 0 0 0 0 0 0 0 0 0 0 0 0 0 0 0 0 0 0 0 0 0 0 0 0 0 0 0 0 0 0 0 0 0 0 0 0 0 0 0 0 0 0 0 0 0 0 0 0 0 0 0 0 0 0 0 0 0 0 0 0 0 0 0 0 0 0 0 0 0 0 0 0 0 0 0 0 0 0 0 0 0 0 0 0 0 0 0 0 0 0 0 0 0 0 0 0 0 0 0 0 0 0 0 0 0 0 0 0 0 0 0 0 0 0 0 0 1 0 0 1 32 0 0 1 0 0 0 0 0 0 0 0 0 0 0 2 0 0 0 0 0 6 0 1 0 0 0 64 0 0 0 255 255 255 255 8 0 4 0 0 0 0 0 data 8 0x40008 0x6 0x0 0x40 0x0 0x40 0x0 0x40 oops 0
ciMethodData com/android/dx/rop/code/RegisterSpecList get (I)Lcom/android/dx/rop/code/RegisterSpec; 2 8027 orig 264 168 161 204 93 0 0 0 0 224 88 221 22 0 0 0 0 176 1 0 0 0 0 0 0 0 0 0 0 0 0 0 0 0 0 0 0 0 0 0 0 0 0 0 0 0 0 0 0 0 0 0 0 0 0 0 0 0 0 0 0 0 0 0 0 0 0 0 0 0 0 0 0 0 0 0 0 0 0 0 0 77 68 79 32 101 120 116 114 97 32 100 97 116 97 32 108 111 99 107 0 0 0 0 0 0 0 0 0 0 0 0 0 0 0 0 0 0 0 0 0 0 0 0 0 0 0 0 0 0 0 0 0 0 0 0 0 0 0 0 0 0 0 0 0 0 0 0 0 0 0 0 0 0 0 0 0 0 0 0 0 0 0 0 0 0 0 0 0 0 0 0 0 0 0 0 0 0 0 0 0 0 0 0 0 0 0 0 0 0 0 0 0 0 0 0 0 0 0 0 0 0 0 0 0 0 0 0 0 0 0 0 0 0 0 0 0 21 1 0 0 49 242 0 0 1 0 0 0 0 0 0 0 0 0 0 0 2 0 0 0 0 0 3 0 2 0 0 0 96 0 0 0 255 255 255 255 5 0 2 0 0 0 0 0 data 12 0x20005 0x0 0x1975d740 0x1e46 0x0 0x0 0x50004 0x0 0x1982fba0 0x1e45 0x0 0x0 oops 2 2 com/android/dx/rop/code/RegisterSpecList 8 com/android/dx/rop/code/RegisterSpec
ciMethodData com/android/dx/rop/code/RegisterSpec getCategory ()I 2 14744 orig 264 168 161 204 93 0 0 0 0 216 67 220 22 0 0 0 0 168 1 0 0 0 0 0 0 0 0 0 0 0 0 0 0 0 0 0 0 0 0 0 0 0 0 0 0 0 0 0 0 0 0 0 0 0 0 0 0 0 0 0 0 0 0 0 0 0 0 0 0 0 0 0 0 0 0 0 0 0 0 0 0 77 68 79 32 101 120 116 114 97 32 100 97 116 97 32 108 111 99 107 0 0 0 0 0 0 0 0 0 0 0 0 0 0 0 0 0 0 0 0 0 0 0 0 0 0 0 0 0 0 0 0 0 0 0 0 0 0 0 0 0 0 0 0 0 0 0 0 0 0 0 0 0 0 0 0 0 0 0 0 0 0 0 0 0 0 0 0 0 0 0 0 0 0 0 0 0 0 0 0 0 0 0 0 0 0 0 0 0 0 0 0 0 0 0 0 0 0 0 0 0 0 0 0 0 0 0 0 0 0 0 0 0 0 0 0 0 15 1 0 0 57 196 1 0 1 0 0 0 0 0 0 0 0 0 0 0 2 0 0 0 0 0 3 0 2 0 0 0 96 0 0 0 255 255 255 255 5 0 4 0 0 0 0 0 data 12 0x40005 0xf7 0x1982fc50 0x3606 0x1982fdb0 0x18c 0x90005 0x0 0x1982fc50 0x3888 0x0 0x0 oops 3 2 com/android/dx/rop/type/Type 4 com/android/dx/rop/cst/CstInteger 8 com/android/dx/rop/type/Type
ciMethodData com/android/dx/rop/code/RegisterSpec intern (ILcom/android/dx/rop/type/TypeBearer;Lcom/android/dx/rop/code/LocalItem;)Lcom/android/dx/rop/code/RegisterSpec; 2 6579 orig 264 168 161 204 93 0 0 0 0 216 48 220 22 0 0 0 0 104 2 0 0 144 0 0 0 0 0 0 0 0 0 0 0 0 0 0 0 0 0 0 0 0 0 0 0 0 0 0 0 0 0 0 0 0 0 0 0 0 0 0 0 0 0 0 0 0 0 0 0 0 0 0 0 0 0 0 0 0 0 0 0 77 68 79 32 101 120 116 114 97 32 100 97 116 97 32 108 111 99 107 0 0 0 0 0 0 0 0 0 0 0 0 0 0 0 0 0 0 0 0 0 0 0 0 0 0 0 0 0 0 0 0 0 0 0 0 0 0 0 0 0 0 0 0 0 0 0 0 0 0 0 0 0 0 0 0 0 0 0 0 0 0 0 0 0 0 0 0 0 0 0 0 0 0 0 0 0 0 0 0 0 0 0 0 0 0 0 0 0 0 0 0 0 0 0 0 0 0 0 0 0 0 0 0 0 0 0 0 0 0 0 0 0 0 0 0 0 9 1 0 0 81 197 0 0 1 0 0 0 0 0 0 0 0 0 0 0 2 0 0 0 0 0 21 0 2 0 0 0 16 1 0 0 255 255 255 255 5 0 12 0 0 0 0 0 data 34 0xc0005 0x0 0x19775690 0x18ac 0x0 0x0 0x150005 0x0 0x19775740 0x18ac 0x0 0x0 0x180104 0x0 0x1982fba0 0x1397 0x0 0x0 0x1f0007 0x515 0x20 0x1397 0x2a0005 0x0 0x19775690 0x515 0x0 0x0 0x360005 0x0 0x19775740 0x515 0x0 0x0 oops 5 2 com/android/dx/rop/code/RegisterSpec$ForComparison 8 java/util/HashMap 14 com/android/dx/rop/code/RegisterSpec 24 com/android/dx/rop/code/RegisterSpec$ForComparison 30 java/util/HashMap
ciMethodData com/android/dx/rop/code/RegisterSpecList <init> (I)V 2 6301 orig 264 168 161 204 93 0 0 0 0 192 85 221 22 0 0 0 0 56 1 0 0 0 0 0 0 0 0 0 0 0 0 0 0 0 0 0 0 0 0 0 0 0 0 0 0 0 0 0 0 0 0 0 0 0 0 0 0 0 0 0 0 0 0 0 0 0 0 0 0 0 0 0 0 0 0 0 0 0 0 0 0 77 68 79 32 101 120 116 114 97 32 100 97 116 97 32 108 111 99 107 0 0 0 0 0 0 0 0 0 0 0 0 0 0 0 0 0 0 0 0 0 0 0 0 0 0 0 0 0 0 0 0 0 0 0 0 0 0 0 0 0 0 0 0 0 0 0 0 0 0 0 0 0 0 0 0 0 0 0 0 0 0 0 0 0 0 0 0 0 0 0 0 0 0 0 0 0 0 0 0 0 0 0 0 0 0 0 0 0 0 0 0 0 0 0 0 0 0 0 0 0 0 0 0 0 0 0 0 0 0 0 0 0 0 0 0 0 14 1 0 0 121 188 0 0 1 0 0 0 0 0 0 0 0 0 0 0 2 0 0 0 0 0 3 0 2 0 0 0 16 0 0 0 255 255 255 255 2 0 2 0 0 0 0 0 data 2 0x20002 0x1791 oops 0
ciMethodData com/android/dx/rop/code/RegisterSpec makeLocalOptional (ILcom/android/dx/rop/type/TypeBearer;Lcom/android/dx/rop/code/LocalItem;)Lcom/android/dx/rop/code/RegisterSpec; 2 4401 orig 264 168 161 204 93 0 0 0 0 88 51 220 22 0 0 0 0 104 1 0 0 0 0 0 0 0 0 0 0 0 0 0 0 0 0 0 0 0 0 0 0 0 0 0 0 0 0 0 0 0 0 0 0 0 0 0 0 0 0 0 0 0 0 0 0 0 0 0 0 0 0 0 0 0 0 0 0 0 0 0 0 77 68 79 32 101 120 116 114 97 32 100 97 116 97 32 108 111 99 107 0 0 0 0 0 0 0 0 0 0 0 0 0 0 0 0 0 0 0 0 0 0 0 0 0 0 0 0 0 0 0 0 0 0 0 0 0 0 0 0 0 0 0 0 0 0 0 0 0 0 0 0 0 0 0 0 0 0 0 0 0 0 0 0 0 0 0 0 0 0 0 0 0 0 0 0 0 0 0 0 0 0 0 0 0 0 0 0 0 0 0 0 0 0 0 0 0 0 0 0 0 0 0 0 0 0 0 0 0 0 0 0 0 0 0 0 0 1 1 0 0 129 129 0 0 1 0 0 0 0 0 0 0 0 0 0 0 2 0 0 0 0 0 3 0 2 0 0 0 16 0 0 0 255 255 255 255 2 0 3 0 0 0 0 0 data 2 0x30002 0x1030 oops 0
ciMethodData com/android/dx/rop/code/Insn <init> (Lcom/android/dx/rop/code/Rop;Lcom/android/dx/rop/code/SourcePosition;Lcom/android/dx/rop/code/RegisterSpec;Lcom/android/dx/rop/code/RegisterSpecList;)V 2 4944 orig 264 168 161 204 93 0 0 0 0 136 248 215 22 0 0 0 0 224 1 0 0 96 0 0 0 0 0 0 0 0 0 0 0 0 0 0 0 0 0 0 0 0 0 0 0 0 0 0 0 0 0 0 0 0 0 0 0 0 0 0 0 0 0 0 0 0 0 0 0 0 0 0 0 0 0 0 0 0 0 0 0 77 68 79 32 101 120 116 114 97 32 100 97 116 97 32 108 111 99 107 0 0 0 0 0 0 0 0 0 0 0 0 0 0 0 0 0 0 0 0 0 0 0 0 0 0 0 0 0 0 0 0 0 0 0 0 0 0 0 0 0 0 0 0 0 0 0 0 0 0 0 0 0 0 0 0 0 0 0 0 0 0 0 0 0 0 0 0 0 0 0 0 0 0 0 0 0 0 0 0 0 0 0 0 0 0 0 0 0 0 0 0 0 0 0 0 0 0 0 0 0 0 0 0 0 0 0 0 0 0 0 0 0 0 0 0 0 142 1 0 0 17 142 0 0 1 0 0 0 0 0 0 0 0 0 0 0 2 0 0 0 0 0 9 0 2 0 0 0 160 0 0 0 255 255 255 255 2 0 1 0 0 0 0 0 data 20 0x10002 0x11c3 0x50007 0x11c4 0x30 0x0 0xe0002 0x0 0x130007 0x11c4 0x30 0x0 0x1c0002 0x0 0x220007 0x11c4 0x30 0x0 0x2b0002 0x0 oops 0
ciMethodData com/android/dx/rop/cst/CstInteger make (I)Lcom/android/dx/rop/cst/CstInteger; 1 225 orig 264 168 161 204 93 0 0 0 0 160 237 209 22 0 0 0 0 248 1 0 0 80 0 0 0 0 0 0 0 0 0 0 0 0 0 0 0 0 0 0 0 0 0 0 0 0 0 0 0 0 0 0 0 0 0 0 0 0 0 0 0 0 0 0 0 0 0 0 0 0 0 0 0 0 0 0 0 0 0 0 0 77 68 79 32 101 120 116 114 97 32 100 97 116 97 32 108 111 99 107 0 0 0 0 0 0 0 0 0 0 0 0 0 0 0 0 0 0 0 0 0 0 0 0 0 0 0 0 0 0 0 0 0 0 0 0 0 0 0 0 0 0 0 0 0 0 0 0 0 0 0 0 0 0 0 0 0 0 0 0 0 0 0 0 0 0 0 0 0 0 0 0 0 0 0 0 0 0 0 0 0 0 0 0 0 0 0 0 0 0 0 0 0 0 0 0 0 0 0 0 0 0 0 0 0 0 0 0 0 0 0 0 0 0 0 0 0 28 0 0 0 41 6 0 0 1 0 0 0 0 0 0 0 0 0 0 0 2 0 0 0 0 0 0 0 0 0 0 0 176 0 0 0 255 255 255 255 7 0 17 0 0 0 0 0 data 22 0x110007 0x4 0x70 0xc1 0x150005 0xc1 0x0 0x0 0x0 0x0 0x190007 0x1 0x20 0xc0 0x230002 0x5 0x2c0004 0x0 0x1982fdb0 0x5 0x0 0x0 oops 1 18 com/android/dx/rop/cst/CstInteger
ciMethodData com/android/dx/rop/cst/CstInteger getValue ()I 1 766 orig 264 168 161 204 93 0 0 0 0 200 241 209 22 0 0 0 0 120 1 0 0 0 0 0 0 0 0 0 0 0 0 0 0 0 0 0 0 0 0 0 0 0 0 0 0 0 0 0 0 0 0 0 0 0 0 0 0 0 0 0 0 0 0 0 0 0 0 0 0 0 0 0 0 0 0 0 0 0 0 0 0 77 68 79 32 101 120 116 114 97 32 100 97 116 97 32 108 111 99 107 0 0 0 0 0 0 0 0 0 0 0 0 0 0 0 0 0 0 0 0 0 0 0 0 0 0 0 0 0 0 0 0 0 0 0 0 0 0 0 0 0 0 0 0 0 0 0 0 0 0 0 0 0 0 0 0 0 0 0 0 0 0 0 0 0 0 0 0 0 0 0 0 0 0 0 0 0 0 0 0 0 0 0 0 0 0 0 0 0 0 0 0 0 0 0 0 0 0 0 0 0 0 0 0 0 0 0 0 0 0 0 0 0 0 0 0 0 49 0 0 0 105 22 0 0 1 0 0 0 0 0 0 0 0 0 0 0 2 0 0 0 0 0 3 0 2 0 0 0 48 0 0 0 255 255 255 255 5 0 1 0 0 0 0 0 data 6 0x10005 0x1db 0x1982fdb0 0xf2 0x0 0x0 oops 1 2 com/android/dx/rop/cst/CstInteger
ciMethodData com/android/dx/rop/code/RegisterSpecList set (ILcom/android/dx/rop/code/RegisterSpec;)V 2 3824 orig 264 168 161 204 93 0 0 0 0 208 91 221 22 0 0 0 0 136 1 0 0 0 0 0 0 0 0 0 0 0 0 0 0 0 0 0 0 0 0 0 0 0 0 0 0 0 0 0 0 0 0 0 0 0 0 0 0 0 0 0 0 0 0 0 0 0 0 0 0 0 0 0 0 0 0 0 0 0 0 0 0 77 68 79 32 101 120 116 114 97 32 100 97 116 97 32 108 111 99 107 0 0 0 0 0 0 0 0 0 0 0 0 0 0 0 0 0 0 0 0 0 0 0 0 0 0 0 0 0 0 0 0 0 0 0 0 0 0 0 0 0 0 0 0 0 0 0 0 0 0 0 0 0 0 0 0 0 0 0 0 0 0 0 0 0 0 0 0 0 0 0 0 0 0 0 0 0 0 0 0 0 0 0 0 0 0 0 0 0 0 0 0 0 0 0 0 0 0 0 0 0 0 0 0 0 0 0 0 0 0 0 0 0 0 0 0 0 1 2 0 0 121 103 0 0 1 0 0 0 0 0 0 0 0 0 0 0 2 0 0 0 0 0 12 0 2 0 0 0 48 0 0 0 255 255 255 255 5 0 3 0 0 0 0 0 data 6 0x30005 0x3c1 0x1975d740 0x92e 0x0 0x0 oops 1 2 com/android/dx/rop/code/RegisterSpecList
ciMethodData com/android/dx/rop/code/RegisterSpec withReg (I)Lcom/android/dx/rop/code/RegisterSpec; 2 3741 orig 264 168 161 204 93 0 0 0 0 112 72 220 22 0 0 0 0 128 1 0 0 0 0 0 0 0 0 0 0 0 0 0 0 0 0 0 0 0 0 0 0 0 0 0 0 0 0 0 0 0 0 0 0 0 0 0 0 0 0 0 0 0 0 0 0 0 0 0 0 0 0 0 0 0 0 0 0 0 0 0 0 77 68 79 32 101 120 116 114 97 32 100 97 116 97 32 108 111 99 107 0 0 0 0 0 0 0 0 0 0 0 0 0 0 0 0 0 0 0 0 0 0 0 0 0 0 0 0 0 0 0 0 0 0 0 0 0 0 0 0 0 0 0 0 0 0 0 0 0 0 0 0 0 0 0 0 0 0 0 0 0 0 0 0 0 0 0 0 0 0 0 0 0 0 0 0 0 0 0 0 0 0 0 0 0 0 0 0 0 0 0 0 0 0 0 0 0 0 0 0 0 0 0 0 0 0 0 0 0 0 0 0 0 0 0 0 0 0 2 0 0 233 100 0 0 1 0 0 0 0 0 0 0 0 0 0 0 2 0 0 0 0 0 5 0 2 0 0 0 48 0 0 0 255 255 255 255 7 0 5 0 0 0 0 0 data 6 0x50007 0xc23 0x20 0x7a 0x130002 0xc23 oops 0
ciMethodData com/android/dx/rop/code/PlainInsn <init> (Lcom/android/dx/rop/code/Rop;Lcom/android/dx/rop/code/SourcePosition;Lcom/android/dx/rop/code/RegisterSpec;Lcom/android/dx/rop/code/RegisterSpecList;)V 2 2963 orig 264 168 161 204 93 0 0 0 0 56 17 216 22 0 0 0 0 120 2 0 0 128 0 0 0 0 0 0 0 0 0 0 0 0 0 0 0 0 0 0 0 0 0 0 0 0 0 0 0 0 0 0 0 0 0 0 0 0 0 0 0 0 0 0 0 0 0 0 0 0 0 0 0 0 0 0 0 0 0 0 0 77 68 79 32 101 120 116 114 97 32 100 97 116 97 32 108 111 99 107 0 0 0 0 0 0 0 0 0 0 0 0 0 0 0 0 0 0 0 0 0 0 0 0 0 0 0 0 0 0 0 0 0 0 0 0 0 0 0 0 0 0 0 0 0 0 0 0 0 0 0 0 0 0 0 0 0 0 0 0 0 0 0 0 0 0 0 0 0 0 0 0 0 0 0 0 0 0 0 0 0 0 0 0 0 0 0 0 0 0 0 0 0 0 0 0 0 0 0 0 0 0 0 0 0 0 0 0 0 0 0 0 0 0 0 0 0 0 2 0 0 153 76 0 0 1 0 0 0 0 0 0 0 0 0 0 0 2 0 0 0 0 0 11 0 2 0 0 0 16 1 0 0 255 255 255 255 2 0 6 0 0 0 0 0 data 34 0x60002 0x993 0xa0005 0x2d2 0x19777f60 0x6c1 0x0 0x0 0xd0008 0x6 0x2d2 0x50 0x0 0x40 0x0 0x40 0x2e0002 0x0 0x330007 0x535 0x80 0x45e 0x370005 0x160 0x19777f60 0x2fe 0x0 0x0 0x3b0007 0x45e 0x30 0x0 0x440002 0x0 oops 2 4 com/android/dx/rop/code/Rop 24 com/android/dx/rop/code/Rop
ciMethodData com/android/dx/rop/code/RegisterSpec getNextReg ()I 2 2846 orig 264 168 161 204 93 0 0 0 0 48 67 220 22 0 0 0 0 120 1 0 0 0 0 0 0 0 0 0 0 0 0 0 0 0 0 0 0 0 0 0 0 0 0 0 0 0 0 0 0 0 0 0 0 0 0 0 0 0 0 0 0 0 0 0 0 0 0 0 0 0 0 0 0 0 0 0 0 0 0 0 0 77 68 79 32 101 120 116 114 97 32 100 97 116 97 32 108 111 99 107 0 0 0 0 0 0 0 0 0 0 0 0 0 0 0 0 0 0 0 0 0 0 0 0 0 0 0 0 0 0 0 0 0 0 0 0 0 0 0 0 0 0 0 0 0 0 0 0 0 0 0 0 0 0 0 0 0 0 0 0 0 0 0 0 0 0 0 0 0 0 0 0 0 0 0 0 0 0 0 0 0 0 0 0 0 0 0 0 0 0 0 0 0 0 0 0 0 0 0 0 0 0 0 0 0 0 0 0 0 0 0 0 0 0 0 0 0 0 2 0 0 241 72 0 0 1 0 0 0 0 0 0 0 0 0 0 0 2 0 0 0 0 0 0 0 0 0 0 0 48 0 0 0 255 255 255 255 5 0 5 0 0 0 0 0 data 6 0x50005 0x21e 0x1982fba0 0x700 0x0 0x0 oops 1 2 com/android/dx/rop/code/RegisterSpec
ciMethodData com/android/dx/rop/code/CstInsn <init> (Lcom/android/dx/rop/code/Rop;Lcom/android/dx/rop/code/SourcePosition;Lcom/android/dx/rop/code/RegisterSpec;Lcom/android/dx/rop/code/RegisterSpecList;Lcom/android/dx/rop/cst/Constant;)V 2 1890 orig 264 168 161 204 93 0 0 0 0 64 85 216 22 0 0 0 0 136 1 0 0 0 0 0 0 0 0 0 0 0 0 0 0 0 0 0 0 0 0 0 0 0 0 0 0 0 0 0 0 0 0 0 0 0 0 0 0 0 0 0 0 0 0 0 0 0 0 0 0 0 0 0 0 0 0 0 0 0 0 0 0 77 68 79 32 101 120 116 114 97 32 100 97 116 97 32 108 111 99 107 0 0 0 0 0 0 0 0 0 0 0 0 0 0 0 0 0 0 0 0 0 0 0 0 0 0 0 0 0 0 0 0 0 0 0 0 0 0 0 0 0 0 0 0 0 0 0 0 0 0 0 0 0 0 0 0 0 0 0 0 0 0 0 0 0 0 0 0 0 0 0 0 0 0 0 0 0 0 0 0 0 0 0 0 0 0 0 0 0 0 0 0 0 0 0 0 0 0 0 0 0 0 0 0 0 0 0 0 0 0 0 0 0 0 0 0 0 0 2 0 0 17 43 0 0 1 0 0 0 0 0 0 0 0 0 0 0 2 0 0 0 0 0 5 0 2 0 0 0 64 0 0 0 255 255 255 255 2 0 6 0 0 0 0 0 data 8 0x60002 0x562 0xb0007 0x562 0x30 0x0 0x140002 0x0 oops 0
ciMethodData com/android/dx/rop/code/RegisterSpec make (ILcom/android/dx/rop/type/TypeBearer;)Lcom/android/dx/rop/code/RegisterSpec; 2 2184 orig 264 168 161 204 93 0 0 0 0 176 49 220 22 0 0 0 0 96 1 0 0 0 0 0 0 0 0 0 0 0 0 0 0 0 0 0 0 0 0 0 0 0 0 0 0 0 0 0 0 0 0 0 0 0 0 0 0 0 0 0 0 0 0 0 0 0 0 0 0 0 0 0 0 0 0 0 0 0 0 0 0 77 68 79 32 101 120 116 114 97 32 100 97 116 97 32 108 111 99 107 0 0 0 0 0 0 0 0 0 0 0 0 0 0 0 0 0 0 0 0 0 0 0 0 0 0 0 0 0 0 0 0 0 0 0 0 0 0 0 0 0 0 0 0 0 0 0 0 0 0 0 0 0 0 0 0 0 0 0 0 0 0 0 0 0 0 0 0 0 0 0 0 0 0 0 0 0 0 0 0 0 0 0 0 0 0 0 0 0 0 0 0 0 0 0 0 0 0 0 0 0 0 0 0 0 0 0 0 0 0 0 0 0 0 0 0 0 0 2 0 0 65 52 0 0 1 0 0 0 0 0 0 0 0 0 0 0 2 0 0 0 0 0 3 0 2 0 0 0 16 0 0 0 255 255 255 255 2 0 3 0 0 0 0 0 data 2 0x30002 0x688 oops 0
ciMethodData com/android/dx/rop/code/Rop canThrow ()Z 2 1517 orig 264 168 161 204 93 0 0 0 0 152 59 221 22 0 0 0 0 176 1 0 0 0 0 0 0 0 0 0 0 0 0 0 0 0 0 0 0 0 0 0 0 0 0 0 0 0 0 0 0 0 0 0 0 0 0 0 0 0 0 0 0 0 0 0 0 0 0 0 0 0 0 0 0 0 0 0 0 0 0 0 0 77 68 79 32 101 120 116 114 97 32 100 97 116 97 32 108 111 99 107 0 0 0 0 0 0 0 0 0 0 0 0 0 0 0 0 0 0 0 0 0 0 0 0 0 0 0 0 0 0 0 0 0 0 0 0 0 0 0 0 0 0 0 0 0 0 0 0 0 0 0 0 0 0 0 0 0 0 0 0 0 0 0 0 0 0 0 0 0 0 0 0 0 0 0 0 0 0 0 0 0 0 0 0 0 0 0 0 0 0 0 0 0 0 0 0 0 0 0 0 0 0 0 0 0 0 0 0 0 0 0 0 0 0 0 0 0 0 2 0 0 105 31 0 0 1 0 0 0 0 0 0 0 0 0 0 0 2 0 0 0 0 0 6 0 2 0 0 0 104 0 0 0 255 255 255 255 5 0 4 0 0 0 0 0 data 13 0x40005 0x0 0x1982ff10 0x3ed 0x0 0x0 0x90007 0x2cf 0x38 0x11e 0xd0003 0x11e 0x18 oops 1 2 com/android/dx/rop/type/StdTypeList
ciMethodData com/android/dx/cf/code/BaseMachine arg (I)Lcom/android/dx/rop/type/TypeBearer; 1 1406 orig 264 168 161 204 93 0 0 0 0 48 201 218 22 0 0 0 0 104 1 0 0 32 0 0 0 0 0 0 0 0 0 0 0 0 0 0 0 0 0 0 0 0 0 0 0 0 0 0 0 0 0 0 0 0 0 0 0 0 0 0 0 0 0 0 0 0 0 0 0 0 0 0 0 0 0 0 0 0 0 0 0 77 68 79 32 101 120 116 114 97 32 100 97 116 97 32 108 111 99 107 0 0 0 0 0 0 0 0 0 0 0 0 0 0 0 0 0 0 0 0 0 0 0 0 0 0 0 0 0 0 0 0 0 0 0 0 0 0 0 0 0 0 0 0 0 0 0 0 0 0 0 0 0 0 0 0 0 0 0 0 0 0 0 0 0 0 0 0 0 0 0 0 0 0 0 0 0 0 0 0 0 0 0 0 0 0 0 0 0 0 0 0 0 0 0 0 0 0 0 0 0 0 0 0 0 0 0 0 0 0 0 0 0 0 0 0 0 0 2 0 0 241 27 0 0 1 0 0 0 0 0 0 0 0 0 0 0 2 0 0 0 0 0 7 0 2 0 0 0 64 0 0 0 255 255 255 255 7 0 5 0 0 0 0 0 data 8 0x50007 0x37e 0x30 0x0 0xe0002 0x0 0x200002 0x0 oops 0
ciMethodData com/android/dx/rop/code/ThrowingCstInsn <init> (Lcom/android/dx/rop/code/Rop;Lcom/android/dx/rop/code/SourcePosition;Lcom/android/dx/rop/code/RegisterSpecList;Lcom/android/dx/rop/type/TypeList;Lcom/android/dx/rop/cst/Constant;)V 1 1388 orig 264 168 161 204 93 0 0 0 0 176 94 216 22 0 0 0 0 16 2 0 0 96 0 0 0 0 0 0 0 0 0 0 0 0 0 0 0 0 0 0 0 0 0 0 0 0 0 0 0 0 0 0 0 0 0 0 0 0 0 0 0 0 0 0 0 0 0 0 0 0 0 0 0 0 0 0 0 0 0 0 0 77 68 79 32 101 120 116 114 97 32 100 97 116 97 32 108 111 99 107 0 0 0 0 0 0 0 0 0 0 0 0 0 0 0 0 0 0 0 0 0 0 0 0 0 0 0 0 0 0 0 0 0 0 0 0 0 0 0 0 0 0 0 0 0 0 0 0 0 0 0 0 0 0 0 0 0 0 0 0 0 0 0 0 0 0 0 0 0 0 0 0 0 0 0 0 0 0 0 0 0 0 0 0 0 0 0 0 0 0 0 0 0 0 0 0 0 0 0 0 0 0 0 0 0 0 0 0 0 0 0 0 0 0 0 0 0 0 2 0 0 97 27 0 0 1 0 0 0 0 0 0 0 0 0 0 0 2 0 0 0 0 0 10 0 2 0 0 0 160 0 0 0 255 255 255 255 2 0 7 0 0 0 0 0 data 20 0x70002 0x36c 0xb0005 0x18c 0x19777f60 0x1e0 0x0 0x0 0x100007 0x36c 0x30 0x0 0x190002 0x0 0x1f0007 0x36c 0x30 0x0 0x280002 0x0 oops 1 4 com/android/dx/rop/code/Rop
ciMethodData com/android/dx/cf/code/LineNumberList pcToLine (I)I 1 4642 orig 264 168 161 204 93 0 0 0 0 184 20 212 22 0 0 0 0 192 2 0 0 0 0 0 0 0 0 0 0 0 0 0 0 0 0 0 0 0 0 0 0 0 0 0 0 0 0 0 0 0 0 0 0 0 0 0 0 0 0 0 0 0 0 0 0 0 0 0 0 0 0 0 0 0 0 0 0 0 0 0 0 77 68 79 32 101 120 116 114 97 32 100 97 116 97 32 108 111 99 107 0 0 0 0 0 0 0 0 0 0 0 0 0 0 0 0 0 0 0 0 0 0 0 0 0 0 0 0 0 0 0 0 0 0 0 0 0 0 0 0 0 0 0 0 0 0 0 0 0 0 0 0 0 0 0 0 0 0 0 0 0 0 0 0 0 0 0 0 0 0 0 0 0 0 0 0 0 0 0 0 0 0 0 0 0 0 0 0 0 0 0 0 0 0 0 0 0 0 0 0 0 0 0 0 0 0 0 0 0 0 0 0 0 0 0 0 0 0 12 0 0 57 16 0 0 17 49 0 0 0 0 0 0 0 0 0 0 2 0 0 0 1 0 14 0 2 0 0 0 112 1 0 0 255 255 255 255 5 0 1 0 0 0 0 0 data 46 0x10005 0x137 0x197614a0 0xd0 0x0 0x0 0x100007 0x14c 0x140 0x6d7 0x160005 0x496 0x197614a0 0x241 0x0 0x0 0x1d0005 0x0 0x197622a0 0x6d7 0x0 0x0 0x250007 0x214 0xa8 0x4c3 0x2b0007 0x0 0x88 0x4c3 0x330005 0x0 0x197622a0 0x4c3 0x0 0x0 0x3a0007 0x408 0x38 0xbb 0x3d0003 0xbb 0x30 0x430003 0x61c 0xfffffffffffffed8 oops 4 2 com/android/dx/cf/code/LineNumberList 12 com/android/dx/cf/code/LineNumberList 18 com/android/dx/cf/code/LineNumberList$Item 32 com/android/dx/cf/code/LineNumberList$Item
ciMethodData com/android/dx/rop/code/SourcePosition <init> (Lcom/android/dx/rop/cst/CstString;II)V 1 1015 orig 264 168 161 204 93 0 0 0 0 192 253 219 22 0 0 0 0 168 1 0 0 48 0 0 0 0 0 0 0 0 0 0 0 0 0 0 0 0 0 0 0 0 0 0 0 0 0 0 0 0 0 0 0 0 0 0 0 0 0 0 0 0 0 0 0 0 0 0 0 0 0 0 0 0 0 0 0 0 0 0 0 77 68 79 32 101 120 116 114 97 32 100 97 116 97 32 108 111 99 107 0 0 0 0 0 0 0 0 0 0 0 0 0 0 0 0 0 0 0 0 0 0 0 0 0 0 0 0 0 0 0 0 0 0 0 0 0 0 0 0 0 0 0 0 0 0 0 0 0 0 0 0 0 0 0 0 0 0 0 0 0 0 0 0 0 0 0 0 0 0 0 0 0 0 0 0 0 0 0 0 0 0 0 0 0 0 0 0 0 0 0 0 0 0 0 0 0 0 0 0 0 0 0 0 0 0 0 0 0 0 0 0 0 0 0 0 0 0 2 0 0 185 15 0 0 1 0 0 0 0 0 0 0 0 0 0 0 2 0 0 0 0 0 7 0 2 0 0 0 112 0 0 0 255 255 255 255 2 0 1 0 0 0 0 0 data 14 0x10002 0x1f7 0x60007 0x1f7 0x30 0x0 0xf0002 0x0 0x150007 0x1f7 0x30 0x0 0x1e0002 0x0 oops 0
ciMethodData com/android/dx/cf/code/ConcreteMethod makeSourcePosistion (I)Lcom/android/dx/rop/code/SourcePosition; 1 1014 orig 264 168 161 204 93 0 0 0 0 104 23 215 22 0 0 0 0 144 1 0 0 0 0 0 0 0 0 0 0 0 0 0 0 0 0 0 0 0 0 0 0 0 0 0 0 0 0 0 0 0 0 0 0 0 0 0 0 0 0 0 0 0 0 0 0 0 0 0 0 0 0 0 0 0 0 0 0 0 0 0 0 77 68 79 32 101 120 116 114 97 32 100 97 116 97 32 108 111 99 107 0 0 0 0 0 0 0 0 0 0 0 0 0 0 0 0 0 0 0 0 0 0 0 0 0 0 0 0 0 0 0 0 0 0 0 0 0 0 0 0 0 0 0 0 0 0 0 0 0 0 0 0 0 0 0 0 0 0 0 0 0 0 0 0 0 0 0 0 0 0 0 0 0 0 0 0 0 0 0 0 0 0 0 0 0 0 0 0 0 0 0 0 0 0 0 0 0 0 0 0 0 0 0 0 0 0 0 0 0 0 0 0 0 0 0 0 0 0 2 0 0 177 15 0 0 1 0 0 0 0 0 0 0 0 0 0 0 2 0 0 0 0 0 3 0 2 0 0 0 64 0 0 0 255 255 255 255 5 0 14 0 0 0 0 0 data 8 0xe0005 0xb8 0x197614a0 0x13e 0x0 0x0 0x110002 0x1f6 oops 1 2 com/android/dx/cf/code/LineNumberList
ciMethodData com/android/dx/rop/code/RegisterSpec getType ()Lcom/android/dx/rop/type/Type; 1 906 orig 264 168 161 204 93 0 0 0 0 16 62 220 22 0 0 0 0 120 1 0 0 0 0 0 0 0 0 0 0 0 0 0 0 0 0 0 0 0 0 0 0 0 0 0 0 0 0 0 0 0 0 0 0 0 0 0 0 0 0 0 0 0 0 0 0 0 0 0 0 0 0 0 0 0 0 0 0 0 0 0 0 77 68 79 32 101 120 116 114 97 32 100 97 116 97 32 108 111 99 107 0 0 0 0 0 0 0 0 0 0 0 0 0 0 0 0 0 0 0 0 0 0 0 0 0 0 0 0 0 0 0 0 0 0 0 0 0 0 0 0 0 0 0 0 0 0 0 0 0 0 0 0 0 0 0 0 0 0 0 0 0 0 0 0 0 0 0 0 0 0 0 0 0 0 0 0 0 0 0 0 0 0 0 0 0 0 0 0 0 0 0 0 0 0 0 0 0 0 0 0 0 0 0 0 0 0 0 0 0 0 0 0 0 0 0 0 0 0 2 0 0 81 12 0 0 1 0 0 0 0 0 0 0 0 0 0 0 2 0 0 0 0 0 0 0 0 0 0 0 48 0 0 0 255 255 255 255 5 0 4 0 0 0 0 0 data 6 0x40005 0x8 0x1982fc50 0x16d 0x1982fdb0 0x15 oops 2 2 com/android/dx/rop/type/Type 4 com/android/dx/rop/cst/CstInteger
ciMethodData com/android/dx/cf/code/BaseMachine getLocalTarget (Z)Lcom/android/dx/rop/code/RegisterSpec; 1 955 orig 264 168 161 204 93 0 0 0 0 200 207 218 22 0 0 0 0 8 4 0 0 88 2 0 0 0 0 0 0 0 0 0 0 0 0 0 0 0 0 0 0 0 0 0 0 0 0 0 0 0 0 0 0 0 0 0 0 0 0 0 0 0 0 0 0 0 0 0 0 0 0 0 0 0 0 0 0 0 0 0 0 77 68 79 32 101 120 116 114 97 32 100 97 116 97 32 108 111 99 107 0 0 0 0 0 0 0 0 0 0 0 0 0 0 0 0 0 0 0 0 0 0 0 0 0 0 0 0 0 0 0 0 0 0 0 0 0 0 0 0 0 0 0 0 0 0 0 0 0 0 0 0 0 0 0 0 0 0 0 0 0 0 0 0 0 0 0 0 0 0 0 0 0 0 0 0 0 0 0 0 0 0 0 0 0 0 0 0 0 0 0 0 0 0 0 0 0 0 0 0 0 0 0 0 0 0 0 0 0 0 0 0 0 0 0 0 0 0 2 0 0 217 13 0 0 1 0 0 0 0 0 0 0 0 0 0 0 2 0 0 0 0 0 19 0 2 0 0 0 184 2 0 0 255 255 255 255 7 0 4 0 0 0 0 0 data 87 0x40007 0x22 0x20 0x199 0xe0007 0x22 0x138 0x0 0x190002 0x0 0x1e0005 0x0 0x0 0x0 0x0 0x0 0x250007 0x0 0x38 0x0 0x2a0003 0x0 0x18 0x2f0005 0x0 0x0 0x0 0x0 0x0 0x340005 0x0 0x0 0x0 0x0 0x0 0x370005 0x0 0x0 0x0 0x0 0x0 0x3a0002 0x0 0x460005 0x2 0x1982fc50 0x1e 0x19760460 0x2 0x500005 0x18 0x1982fba0 0xa 0x0 0x0 0x580007 0x4 0x70 0x1e 0x5c0007 0x11 0x50 0xd 0x640005 0x9 0x1982fba0 0x4 0x0 0x0 0x700002 0x4 0x730007 0x4 0x30 0x0 0x790002 0x0 0x830007 0x4 0x50 0x0 0x8c0005 0x0 0x0 0x0 0x0 0x0 oops 4 45 com/android/dx/rop/type/Type 47 com/android/dx/rop/cst/CstKnownNull 51 com/android/dx/rop/code/RegisterSpec 65 com/android/dx/rop/code/RegisterSpec
ciMethodData com/android/dx/cf/code/RopperMachine getSources (II)Lcom/android/dx/rop/code/RegisterSpecList; 1 915 orig 264 168 161 204 93 0 0 0 0 200 143 218 22 0 0 0 0 88 6 0 0 184 4 0 0 0 0 0 0 0 0 0 0 0 0 0 0 0 0 0 0 0 0 0 0 0 0 0 0 0 0 0 0 0 0 0 0 0 0 0 0 0 0 0 0 0 0 0 0 0 0 0 0 0 0 0 0 0 0 0 0 77 68 79 32 101 120 116 114 97 32 100 97 116 97 32 108 111 99 107 0 0 0 0 0 0 0 0 0 0 0 0 0 0 0 0 0 0 0 0 0 0 0 0 0 0 0 0 0 0 0 0 0 0 0 0 0 0 0 0 0 0 0 0 0 0 0 0 0 0 0 0 0 0 0 0 0 0 0 0 0 0 0 0 0 0 0 0 0 0 0 0 0 0 0 0 0 0 0 0 0 0 0 0 0 0 0 0 0 0 0 0 0 0 0 0 0 0 0 0 0 0 0 0 0 0 0 0 0 0 0 0 0 0 0 0 0 0 2 0 0 153 12 0 0 129 8 0 0 0 0 0 0 0 0 0 0 2 0 0 0 1 0 82 0 2 0 0 0 0 5 0 0 255 255 255 255 5 0 1 0 0 0 0 0 data 160 0x10005 0x189 0x1982d100 0xa 0x0 0x0 0x60007 0x157 0x20 0x3c 0xe0005 0x14f 0x1982d100 0x8 0x0 0x0 0x150007 0xad 0xb8 0xaa 0x1d0002 0xaa 0x290005 0xa6 0x1982d100 0x4 0x0 0x0 0x2c0002 0xaa 0x2f0005 0xa6 0x1975d740 0x4 0x0 0x0 0x320003 0xaa 0x3b0 0x3a0002 0xad 0x480007 0xad 0xd8 0x110 0x500005 0x10a 0x1982d100 0x6 0x0 0x0 0x530002 0x110 0x5e0005 0x10a 0x1975d740 0x6 0x0 0x0 0x650005 0x10a 0x1982fba0 0x6 0x0 0x0 0x6e0003 0x110 0xffffffffffffff40 0x720008 0x6 0x9f 0x2b0 0x2 0x40 0x8 0x1a8 0x8e0007 0x2 0x30 0x0 0x970002 0x0 0x9e0005 0x2 0x0 0x0 0x0 0x0 0xa60005 0x2 0x0 0x0 0x0 0x0 0xae0005 0x2 0x0 0x0 0x0 0x0 0xb80005 0x2 0x0 0x0 0x0 0x0 0xc00005 0x2 0x0 0x0 0x0 0x0 0xc80005 0x2 0x0 0x0 0x0 0x0 0xcb0003 0x2 0x120 0xd00007 0x8 0x30 0x0 0xd90002 0x0 0xe00005 0x8 0x0 0x0 0x0 0x0 0xe80005 0x8 0x0 0x0 0x0 0x0 0xf20005 0x8 0x0 0x0 0x0 0x0 0xfa0005 0x8 0x0 0x0 0x0 0x0 0xfd0003 0x8 0x18 0x1020005 0x0 0x1975d740 0x157 0x0 0x0 oops 8 2 com/android/dx/cf/code/RopperMachine 12 com/android/dx/cf/code/RopperMachine 24 com/android/dx/cf/code/RopperMachine 32 com/android/dx/rop/code/RegisterSpecList 47 com/android/dx/cf/code/RopperMachine 55 com/android/dx/rop/code/RegisterSpecList 61 com/android/dx/rop/code/RegisterSpec 156 com/android/dx/rop/code/RegisterSpecList
ciMethodData com/android/dx/cf/code/ValueAwareMachine run (Lcom/android/dx/cf/code/Frame;II)V 1 915 orig 264 168 161 204 93 0 0 0 0 128 163 218 22 0 0 0 0 248 24 0 0 88 23 0 0 0 0 0 0 0 0 0 0 0 0 0 0 0 0 0 0 0 0 0 0 0 0 0 0 0 0 0 0 0 0 0 0 0 0 0 0 0 0 0 0 0 0 0 0 0 0 0 0 0 0 0 0 0 0 0 0 77 68 79 32 101 120 116 114 97 32 100 97 116 97 32 108 111 99 107 0 0 0 0 0 0 0 0 0 0 0 0 0 0 0 0 0 0 0 0 0 0 0 0 0 0 0 0 0 0 0 0 0 0 0 0 0 0 0 0 0 0 0 0 0 0 0 0 0 0 0 0 0 0 0 0 0 0 0 0 0 0 0 0 0 0 0 0 0 0 0 0 0 0 0 0 0 0 0 0 0 0 0 0 0 0 0 0 0 0 0 0 0 0 0 0 0 0 0 0 0 0 0 0 0 0 0 0 0 0 0 0 0 0 0 0 0 0 2 0 0 153 12 0 0 97 0 0 0 0 0 0 0 0 0 0 0 2 0 0 0 0 0 0 0 0 0 0 0 152 23 0 0 255 255 255 255 8 0 1 0 0 0 0 0 data 755 0x10008 0x192 0x0 0x16a8 0x0 0xca0 0x0 0x16a8 0x0 0x16a8 0x0 0x16a8 0x0 0x16a8 0x0 0x16a8 0x0 0x16a8 0x0 0x16a8 0x0 0x16a8 0x0 0x16a8 0x0 0x16a8 0x0 0x16a8 0x0 0x16a8 0x0 0x16a8 0x0 0x16a8 0x0 0x16a8 0x0 0x16a8 0x0 0x16a8 0x10 0xce8 0x0 0x16a8 0x1 0xce8 0xa8 0xd90 0x0 0x16a8 0x0 0x16a8 0x0 0x16a8 0x0 0x16a8 0x0 0x16a8 0x0 0x16a8 0x0 0x16a8 0x0 0x16a8 0x0 0x16a8 0x0 0x16a8 0x0 0x16a8 0x0 0x16a8 0x0 0x16a8 0x0 0x16a8 0x0 0x16a8 0x0 0x16a8 0x0 0x16a8 0x0 0x16a8 0x0 0x16a8 0x0 0x16a8 0x0 0x16a8 0x0 0x16a8 0x0 0x16a8 0x0 0x16a8 0x2 0xe08 0x0 0x16a8 0x0 0x16a8 0x0 0x16a8 0x0 0x16a8 0x0 0x16a8 0x0 0x16a8 0x0 0x16a8 0xe 0xd90 0x0 0x16a8 0x0 0x16a8 0x0 0x16a8 0x0 0x16a8 0x0 0x16a8 0x0 0x16a8 0x0 0x16a8 0x0 0x16a8 0x0 0x16a8 0x0 0x16a8 0x0 0x16a8 0x0 0x16a8 0x0 0x16a8 0x0 0x16a8 0x0 0x16a8 0x0 0x16a8 0x0 0x16a8 0x0 0x16a8 0x0 0x16a8 0x0 0x16a8 0x0 0x16a8 0x0 0x16a8 0x0 0x16a8 0x0 0x16a8 0x2 0xca0 0x0 0x16a8 0x0 0x16a8 0x0 0x16a8 0x0 0x16a8 0x0 0x16a8 0x0 0x16a8 0x0 0x16a8 0x2 0xca0 0x0 0xca0 0x6 0xe80 0x0 0xe80 0x0 0xe80 0x0 0xe80 0x0 0xe80 0x0 0xe80 0x0 0xe80 0x0 0xe08 0x0 0x16a8 0x0 0x16a8 0x0 0x16a8 0x1 0xe08 0x0 0x16a8 0x0 0x16a8 0x0 0x16a8 0x0 0xe08 0x0 0x16a8 0x0 0x16a8 0x0 0x16a8 0x0 0xe08 0x0 0x16a8 0x0 0x16a8 0x0 0x16a8 0x0 0xe08 0x0 0x16a8 0x0 0x16a8 0x0 0x16a8 0x0 0xe08 0x0 0x16a8 0x0 0x16a8 0x0 0x16a8 0x0 0xe08 0x0 0x16a8 0x0 0xe08 0x0 0x16a8 0x0 0xe08 0x0 0x16a8 0x0 0xe08 0x0 0x16a8 0x0 0xe08 0x0 0x16a8 0x0 0xe08 0x0 0x16a8 0x2 0xe08 0x0 0xe08 0x0 0xe08 0x0 0xe08 0x0 0xe08 0x0 0xe08 0x0 0xe08 0x0 0xe08 0x0 0xe08 0x0 0xe08 0x0 0xe08 0x0 0xe08 0x0 0xe08 0x0 0xe08 0x0 0xe08 0x0 0xe08 0x0 0xe08 0x0 0xe08 0x0 0xe08 0x0 0xe08 0x0 0xe08 0x2 0xca0 0x1 0xca0 0x1 0xca0 0x0 0xca0 0x0 0xca0 0x0 0xca0 0x0 0xca0 0x0 0xca0 0x1 0xca0 0x2 0xca0 0x0 0xca0 0x0 0xca0 0x0 0xca0 0x0 0xca0 0x3 0xca0 0x0 0xf90 0x0 0xca0 0x0 0x16a8 0x0 0xca0 0x16 0xca0 0x0 0x16a8 0x0 0x16a8 0x0 0x16a8 0x0 0x16a8 0x20 0xca0 0x3 0x1018 0x1 0xca0 0x14 0x1018 0x8 0xca0 0x27 0x1018 0x16 0x1158 0x7 0x1018 0x5 0x1018 0x0 0x16a8 0x5 0x1378 0x1 0x1480 0x1 0x1558 0x2 0xe08 0x0 0xca0 0x3 0x1480 0x1 0x1660 0x0 0xca0 0x0 0xca0 0x0 0x16a8 0x0 0x1480 0x4 0xca0 0x3 0xca0 0x3310005 0x54 0x0 0x0 0x0 0x0 0x3340003 0x54 0xa98 0x3390005 0x11 0x0 0x0 0x0 0x0 0x33c0004 0x0 0x19760460 0x3 0x1982fdb0 0xb 0x33f0005 0x11 0x0 0x0 0x0 0x0 0x3420003 0x11 0x9f0 0x3480005 0xb6 0x0 0x0 0x0 0x0 0x34b0005 0xb6 0x0 0x0 0x0 0x0 0x34e0003 0xb6 0x978 0x3530005 0x7 0x0 0x0 0x0 0x0 0x3560005 0x7 0x0 0x0 0x0 0x0 0x3590003 0x7 0x900 0x35d0005 0x6 0x0 0x0 0x0 0x0 0x3610005 0x6 0x0 0x0 0x0 0x0 0x3680007 0x6 0x98 0xc 0x3780005 0xc 0x0 0x0 0x0 0x0 0x37b0005 0xc 0x0 0x0 0x0 0x0 0x3840003 0xc 0xffffffffffffff80 0x3870003 0x6 0x7f0 0x3900005 0x0 0x0 0x0 0x0 0x0 0x3930002 0x0 0x3960005 0x0 0x0 0x0 0x0 0x0 0x3990003 0x0 0x768 0x39d0005 0x4a 0x0 0x0 0x0 0x0 0x3a00004 0x0 0x1982fd00 0x33 0x19760510 0x17 0x3a30005 0x0 0x1982fd00 0x33 0x19760510 0x17 0x3af0007 0x37 0x68 0x13 0x3b30005 0x13 0x0 0x0 0x0 0x0 0x3b60003 0x13 0x670 0x3bc0005 0x37 0x0 0x0 0x0 0x0 0x3bf0003 0x37 0x628 0x3c40005 0x16 0x0 0x0 0x0 0x0 0x3c70005 0x0 0x1982fc50 0x16 0x0 0x0 0x3d00005 0x16 0x0 0x0 0x0 0x0 0x3d30007 0x5 0x50 0x11 0x3d90005 0x11 0x0 0x0 0x0 0x0 0x3dd0005 0x16 0x0 0x0 0x0 0x0 0x3e00004 0x0 0x1982fd00 0x16 0x0 0x0 0x3e30005 0x0 0x1982fd00 0x16 0x0 0x0 0x3ef0007 0x3 0x68 0x13 0x3f30005 0x13 0x0 0x0 0x0 0x0 0x3f60003 0x13 0x450 0x3fc0005 0x3 0x0 0x0 0x0 0x0 0x3ff0003 0x3 0x408 0x4030005 0x5 0x0 0x0 0x0 0x0 0x4060004 0x0 0x197605c0 0x5 0x0 0x0 0x4090005 0x5 0x0 0x0 0x0 0x0 0x4120005 0x5 0x0 0x0 0x0 0x0 0x4150005 0x5 0x0 0x0 0x0 0x0 0x4180003 0x5 0x300 0x41c0005 0x4 0x0 0x0 0x0 0x0 0x41f0004 0x0 0x197605c0 0x4 0x0 0x0 0x4220005 0x4 0x0 0x0 0x0 0x0 0x42a0005 0x4 0x0 0x0 0x0 0x0 0x42d0003 0x4 0x228 0x4310005 0x1 0x0 0x0 0x0 0x0 0x4340004 0x0 0x197605c0 0x1 0x0 0x0 0x4370005 0x1 0x0 0x0 0x0 0x0 0x43f0005 0x1 0x0 0x0 0x0 0x0 0x4420005 0x1 0x0 0x0 0x0 0x0 0x4450003 0x1 0x120 0x44c0005 0x1 0x0 0x0 0x0 0x0 0x44f0003 0x1 0xd8 0x45a0002 0x0 0x45f0005 0x0 0x0 0x0 0x0 0x0 0x4630002 0x0 0x4660005 0x0 0x0 0x0 0x0 0x0 0x4690005 0x0 0x0 0x0 0x0 0x0 0x46c0002 0x0 0x4720005 0x193 0x0 0x0 0x0 0x0 oops 12 421 com/android/dx/rop/cst/CstKnownNull 423 com/android/dx/rop/cst/CstInteger 523 com/android/dx/rop/cst/CstMethodRef 525 com/android/dx/rop/cst/CstFieldRef 529 com/android/dx/rop/cst/CstMethodRef 531 com/android/dx/rop/cst/CstFieldRef 563 com/android/dx/rop/type/Type 591 com/android/dx/rop/cst/CstMethodRef 597 com/android/dx/rop/cst/CstMethodRef 631 com/android/dx/rop/cst/CstType 664 com/android/dx/rop/cst/CstType 691 com/android/dx/rop/cst/CstType
ciMethodData com/android/dx/cf/code/RopperMachine run (Lcom/android/dx/cf/code/Frame;II)V 1 914 orig 264 168 161 204 93 0 0 0 0 88 139 218 22 0 0 0 0 104 26 0 0 8 24 0 0 0 0 0 0 0 0 0 0 0 0 0 0 0 0 0 0 0 0 0 0 0 0 0 0 0 0 0 0 0 0 0 0 0 0 0 0 0 0 0 0 0 0 0 0 0 0 0 0 0 0 0 0 0 0 0 0 77 68 79 32 101 120 116 114 97 32 100 97 116 97 32 108 111 99 107 0 0 0 0 0 0 0 0 0 0 0 0 0 0 0 0 0 0 0 0 0 0 0 0 0 0 0 0 0 0 0 0 0 0 0 0 0 0 0 0 0 0 0 0 0 0 0 0 0 0 0 0 0 0 0 0 0 0 0 0 0 0 0 0 0 0 0 0 0 0 0 0 0 0 0 0 0 0 0 0 0 0 0 0 0 0 0 0 0 0 0 0 0 0 0 0 0 0 0 0 0 0 0 0 0 0 0 0 0 0 0 0 0 0 0 0 0 0 2 0 0 145 12 0 0 145 0 0 0 0 0 0 0 0 0 0 0 2 0 0 0 0 0 0 0 0 0 0 0 216 24 0 0 255 255 255 255 5 0 5 0 0 0 0 0 data 795 0x50005 0x192 0x0 0x0 0x0 0x0 0x80005 0x192 0x0 0x0 0x0 0x0 0x120002 0x192 0x190005 0x192 0x0 0x0 0x0 0x0 0x220002 0x192 0x2a0005 0x192 0x0 0x0 0x0 0x0 0x330007 0x184 0x38 0xe 0x370003 0xe 0x18 0x3b0005 0x192 0x0 0x0 0x0 0x0 0x410005 0x192 0x0 0x0 0x0 0x0 0x480007 0x118 0x78 0x7a 0x4f0008 0x6 0x78 0x40 0x2 0x40 0x0 0x40 0x690003 0x78 0x3e8 0x6e0007 0x108 0x38 0x10 0x750003 0x10 0x3b0 0x7b0007 0x6 0x78 0x102 0x820005 0x102 0x0 0x0 0x0 0x0 0x850002 0x102 0x8a0003 0x102 0x338 0x910005 0x6 0x0 0x0 0x0 0x0 0xa40007 0x6 0x178 0x6 0xab0005 0x6 0x0 0x0 0x0 0x0 0xb20005 0x6 0x0 0x0 0x0 0x0 0xbb0005 0x6 0x0 0x0 0x0 0x0 0xca0002 0x6 0xd30002 0x6 0xd60005 0x0 0x1982faf0 0x6 0x0 0x0 0xe00004 0x0 0x1982fba0 0x6 0x0 0x0 0xe50005 0x6 0x0 0x0 0x0 0x0 0xee0003 0x6 0xfffffffffffffea0 0xf20005 0x6 0x0 0x0 0x0 0x0 0xf90007 0x6 0x148 0xc 0x10e0005 0xc 0x0 0x0 0x0 0x0 0x11d0002 0xc 0x1260005 0xc 0x0 0x0 0x0 0x0 0x12b0002 0xc 0x12e0005 0x0 0x1982faf0 0xc 0x0 0x0 0x1360005 0x0 0x1982fc50 0xc 0x0 0x0 0x13b0005 0xc 0x0 0x0 0x0 0x0 0x1470003 0xc 0xfffffffffffffed0 0x14d0007 0x78 0x38 0x112 0x1520003 0x112 0x18 0x15b0005 0x18a 0x0 0x0 0x0 0x0 0x1640007 0x18a 0x508 0x0 0x1740005 0x0 0x0 0x0 0x0 0x0 0x17a0002 0x0 0x1840002 0x0 0x19a0002 0x0 0x1a50005 0x0 0x0 0x0 0x0 0x0 0x1ac0002 0x0 0x1be0002 0x0 0x1c90005 0x0 0x0 0x0 0x0 0x0 0x1cf0004 0x0 0x0 0x0 0x0 0x0 0x1d20005 0x0 0x0 0x0 0x0 0x0 0x1de0007 0x0 0x68 0x0 0x1e30005 0x0 0x0 0x0 0x0 0x0 0x1eb0003 0x0 0xffffffffffffffb0 0x1f00005 0x0 0x0 0x0 0x0 0x0 0x1f60002 0x0 0x1fd0005 0x0 0x0 0x0 0x0 0x0 0x2000007 0x0 0x58 0x0 0x2050002 0x0 0x21c0002 0x0 0x2210003 0x0 0x38 0x23a0002 0x0 0x23d0002 0x0 0x2480005 0x0 0x0 0x0 0x0 0x0 0x24e0005 0x0 0x0 0x0 0x0 0x0 0x2510002 0x0 0x2630002 0x0 0x26e0005 0x0 0x0 0x0 0x0 0x0 0x2740005 0x0 0x0 0x0 0x0 0x0 0x27a0002 0x0 0x2860005 0x0 0x0 0x0 0x0 0x0 0x2890002 0x0 0x2920002 0x0 0x29c0002 0x0 0x2a70005 0x0 0x0 0x0 0x0 0x0 0x2ae0005 0x0 0x0 0x0 0x0 0x0 0x2b10005 0x0 0x0 0x0 0x0 0x0 0x2b40002 0x0 0x2c60002 0x0 0x2d10005 0x0 0x0 0x0 0x0 0x0 0x2db0002 0x0 0x2e00003 0x0 0xe0 0x2e70007 0x18a 0x20 0x0 0x2f40007 0x18a 0xa8 0x0 0x2fa0005 0x0 0x0 0x0 0x0 0x0 0x2fd0004 0x0 0x0 0x0 0x0 0x0 0x3030003 0x0 0x28 0x3100002 0x0 0x3190002 0x18a 0x3260002 0x18a 0x3300007 0x78 0x138 0x112 0x3350005 0x112 0x0 0x0 0x0 0x0 0x3380007 0xf0 0xe8 0x22 0x34b0004 0x0 0x1982fd00 0x22 0x0 0x0 0x34e0005 0x22 0x0 0x0 0x0 0x0 0x3510005 0x22 0x0 0x0 0x0 0x0 0x3540002 0x22 0x35e0002 0x22 0x3660003 0x22 0xd8 0x36b0007 0x78 0xc0 0xf0 0x3700005 0xf0 0x0 0x0 0x0 0x0 0x3730007 0xc9 0x70 0x27 0x3860005 0x27 0x0 0x0 0x0 0x0 0x3890002 0x27 0x3930002 0x27 0x39f0007 0x188 0x78 0x2 0x3a40005 0x2 0x0 0x0 0x0 0x0 0x3a70002 0x2 0x3ac0003 0x2 0x460 0x3b10007 0x84 0x448 0x104 0x3b70007 0xfe 0x428 0x6 0x3bd0005 0x6 0x0 0x0 0x0 0x0 0x3c00005 0x6 0x0 0x0 0x0 0x0 0x3c80005 0x6 0x0 0x0 0x0 0x0 0x3cb0005 0x6 0x0 0x0 0x0 0x0 0x3d20005 0x0 0x1982fc50 0x3 0x1982fdb0 0x3 0x3d70007 0x3 0x70 0x3 0x3dc0005 0x0 0x1982fc50 0x3 0x0 0x0 0x3e10007 0x3 0x2c8 0x0 0x3ed0005 0x3 0x0 0x0 0x0 0x0 0x3f30005 0x3 0x0 0x0 0x0 0x0 0x3f60005 0x0 0x1982fe60 0x3 0x0 0x0 0x3fb0007 0x2 0x218 0x1 0x4000005 0x0 0x1982fdb0 0x1 0x0 0x0 0x4050007 0x0 0x158 0x1 0x40a0004 0x0 0x1982fdb0 0x1 0x0 0x0 0x4110005 0x1 0x0 0x0 0x0 0x0 0x4180005 0x1 0x0 0x0 0x0 0x0 0x41d0007 0x0 0x108 0x1 0x4260004 0x0 0x1982fdb0 0x1 0x0 0x0 0x42d0005 0x1 0x0 0x0 0x0 0x0 0x4310002 0x1 0x4360003 0x1 0x78 0x43b0004 0x0 0x0 0x0 0x0 0x0 0x4420005 0x0 0x0 0x0 0x0 0x0 0x44f0002 0x1 0x4550005 0x18a 0x0 0x0 0x0 0x0 0x45b0005 0x18a 0x0 0x0 0x0 0x0 0x4620005 0x18a 0x0 0x0 0x0 0x0 0x4740007 0x18a 0x120 0x0 0x4790005 0x0 0x0 0x0 0x0 0x0 0x47c0007 0x0 0x48 0x0 0x48c0002 0x0 0x4960003 0x0 0x3d8 0x49b0005 0x0 0x0 0x0 0x0 0x0 0x4ae0002 0x0 0x4b60005 0x0 0x0 0x0 0x0 0x0 0x4bc0003 0x0 0x350 0x4c30007 0x154 0x1b8 0x36 0x4c80005 0x36 0x0 0x0 0x0 0x0 0x4cb0007 0x20 0x130 0x16 0x4d10005 0x16 0x0 0x0 0x0 0x0 0x4d80005 0x16 0x0 0x0 0x0 0x0 0x4df0005 0x16 0x0 0x0 0x0 0x0 0x4e20007 0x0 0x80 0x16 0x4ef0002 0x16 0x4f70002 0x16 0x4fc0002 0x16 0x4ff0005 0x0 0x1982faf0 0x16 0x0 0x0 0x5100002 0x36 0x51f0002 0x36 0x5270003 0x36 0x198 0x52c0007 0xcd 0xc0 0x87 0x5310007 0x13 0x78 0x74 0x5440002 0x74 0x5530005 0x0 0x1982ff10 0x74 0x0 0x0 0x55b0003 0x74 0x100 0x56c0002 0x13 0x5710003 0x13 0xd8 0x5760007 0xc7 0xb0 0x6 0x5870002 0x6 0x5950007 0x6 0x38 0x0 0x59d0003 0x0 0x70 0x5a50005 0x0 0x1982ff10 0x6 0x0 0x0 0x5ad0003 0x6 0x28 0x5bc0002 0xc7 0x5c70005 0x0 0x1982faf0 0x18a 0x0 0x0 0x5cd0007 0x141 0x50 0x49 0x5d60005 0x0 0x1982faf0 0x49 0x0 0x0 0x5dc0007 0x18a 0xa0 0x0 0x5f40005 0x0 0x0 0x0 0x0 0x0 0x5f70002 0x0 0x5fe0002 0x0 0x6090005 0x0 0x0 0x0 0x0 0x0 oops 17 118 java/util/ArrayList 124 com/android/dx/rop/code/RegisterSpec 165 java/util/ArrayList 171 com/android/dx/rop/type/Type 403 com/android/dx/rop/cst/CstMethodRef 499 com/android/dx/rop/type/Type 501 com/android/dx/rop/cst/CstInteger 509 com/android/dx/rop/type/Type 531 com/android/dx/rop/code/DexTranslationAdvice 541 com/android/dx/rop/cst/CstInteger 551 com/android/dx/rop/cst/CstInteger 573 com/android/dx/rop/cst/CstInteger